
================================================================================
          _____________ ________ _______________ ________     _________         
         / ___________// ______ \\_____   _____// ______ \   / ________)        
        / /_________  / /      \ \     | |     / /      \ \ | (_______          
       |  __________|| |        | |    | |    | |        | | \________ \        
        \ \_________ | |        | |    | |     \ \______/ /___________) |       
         \__________||_|        |_|    |_|      \________//____________/        
                                                                                
====================================[ Qcore ]===================================

 Git hash:   6a88d58d269bf0d2ccfae91583c23a2b072b7633
 Git date:   Tue, 25 May 2021 10:36:49 +0100
 Compiler:   GNU 9.1.0
 Build type: Release
 Version:    1.3.0

 Start time: Thu Jun 10 15:29:25 2021

 Data directory: /newhome/zw18965/.local/qcore/share/entos/1.3.0/data
 Number of threads: 16
 Number of threads was determined by: number of physical cores

 --------------------------------------------------------------------------------
                                   command: hf                                   
 --------------------------------------------------------------------------------
 AO basis set:                           def2-qzvp
 Number of AO basis functions:          57

 Formula:                                Ne
 Nuclear charge:                        10.000000000
 Total charge:                           0.000000000
 Number of electrons:                   10.000000000

 Number of alpha electrons:              5
 Number of beta electrons:               5
 Number of unpaired electrons:           0
 Spin:                                   0
 Multiplicity:                           singlet

 Theory:                                 hf
 Method for Coulomb:                     incore_df
 Method for exact exchange:              pre_transformed_df
 Integral threshold:                     1.00e-12
 DF basis set:                           def2-universal-jkfit
 Number of DF basis functions:          77
 Schwarz screening threshold:            1.00e-10
 Coulomb fitting method:                 Cholesky
 Method for AO orthogonalization:        symmetric
 Threshold for linear dependence:        1.00e-08

 -------------------------------------
  Running restricted closed-shell SCF 
 -------------------------------------
 Max number of iterations:             128
 Conv. threshold (gradient):             1.00e-05
 Conv. threshold (energy):               1.00e-06
 Interpolation scheme:                   adiis+cdiis
 Initial guess:                          H0

 ---------------------------------------------------------------
                  energy        change          grad        time
 ---------------------------------------------------------------
   0      -114.527223156                    1.38e+01        0.00
   1      -116.375776429     -1.85e+00      8.25e+00        0.00
   2      -124.852495708     -8.48e+00      4.91e+00        0.00
   3      -128.353841361     -3.50e+00      1.36e+00        0.00
   4      -128.495362883     -1.42e-01      6.40e-01        0.00
   5      -128.535841933     -4.05e-02      2.88e-01        0.00
   6      -128.544027622     -8.19e-03      1.49e-01        0.00
   7      -128.546181319     -2.15e-03      7.17e-02        0.00
   8      -128.546672202     -4.91e-04      3.69e-02        0.00
   9      -128.546846476     -1.74e-04      2.07e-05        0.00
  10      -128.546846476     -7.86e-11      1.32e-06        0.00

 SCF converged in 10 iterations.

 Dipole moment (in Debye):              -0.000000       0.000000      -0.000000

 Quadrupole moment (in Debye-Angstrom):
                  1            2            3
 1        -4.200718     0.000000    -0.000000
 2         0.000000    -4.200718    -0.000000
 3        -0.000000    -0.000000    -4.200718

 Spin-squared expectation <S^2>:         0.000
 Total spin quantum number S:            0.000
 TOTAL ENERGY:                        -128.546846476
 Saving results in set 'HF'

 --------------------------------------------------------------------------------
                                command: unsoldw12                               
 --------------------------------------------------------------------------------
 Number of AO basis functions:          57

 DF basis set:                           def2-qzvppd-ri
 Number of DF basis functions:         157

 Restricted UW12 calculation:            
 Core Orbitals:                          1
 Correlated Orbitals:                    4

 ------------------
  UW12 Correlation 
 ------------------
 Factor for UW12 correlation:            1.000000000
 Same spin scale factor:                 0.000000000
 Calculate indirect contribution:        false
 Method for three electron term:         df_ri
 Auxiliary RI basis set:                 def2-QZVPPD-ri
 Number of RI basis functions:         157
 Gaussians in geminal expansion:         4
 UW12 screening threshold:               1.00e-10
 Method for density-fitting:             w(r)
 Number of core spatial orbitals:        1


 Reference energy:                    -128.546846476
 UW12 correlation energy:               -0.025556720
 Total UW12 energy:                   -128.572403196

 --------------------------------------------------------------------------------

 End time:                               Thu Jun 10 15:29:25 2021
 Total wall-clock time:                  0.395 seconds
==================================================================================
