
================================================================================
          _____________ ________ _______________ ________     _________         
         / ___________// ______ \\_____   _____// ______ \   / ________)        
        / /_________  / /      \ \     | |     / /      \ \ | (_______          
       |  __________|| |        | |    | |    | |        | | \________ \        
        \ \_________ | |        | |    | |     \ \______/ /___________) |       
         \__________||_|        |_|    |_|      \________//____________/        
                                                                                
====================================[ Qcore ]===================================

 Git hash:   6a88d58d269bf0d2ccfae91583c23a2b072b7633
 Git date:   Tue, 25 May 2021 10:36:49 +0100
 Compiler:   GNU 9.1.0
 Build type: Release
 Version:    1.3.0

 Start time: Thu Jun 10 15:29:29 2021

 Data directory: /newhome/zw18965/.local/qcore/share/entos/1.3.0/data
 Number of threads: 16
 Number of threads was determined by: number of physical cores

 --------------------------------------------------------------------------------
                                   command: hf                                   
 --------------------------------------------------------------------------------
 AO basis set:                           def2-qzvp
 Number of AO basis functions:          70

 Formula:                                Cl
 Nuclear charge:                        17.000000000
 Total charge:                           0.000000000
 Number of electrons:                   17.000000000

 Number of alpha electrons:              9
 Number of beta electrons:               8
 Number of unpaired electrons:           1
 Spin:                                   1
 Multiplicity:                           doublet

 Theory:                                 hf
 Method for Coulomb:                     incore_df
 Method for exact exchange:              pre_transformed_df
 Integral threshold:                     1.00e-12
 DF basis set:                           def2-universal-jkfit
 Number of DF basis functions:         128
 Schwarz screening threshold:            1.00e-10
 Coulomb fitting method:                 Cholesky
 Method for AO orthogonalization:        symmetric
 Threshold for linear dependence:        1.00e-08

 -------------------------------------
  Running unrestricted open-shell SCF 
 -------------------------------------
 Max number of iterations:             128
 Conv. threshold (gradient):             1.00e-05
 Conv. threshold (energy):               1.00e-06
 Interpolation scheme:                   adiis+cdiis
 Initial guess:                          H0

 ---------------------------------------------------------------
                  energy        change          grad        time
 ---------------------------------------------------------------
   0      -404.355241822                    1.67e+01        0.00
   1      -446.777707183     -4.24e+01      5.84e+00        0.00
   2      -456.886002665     -1.01e+01      2.35e+00        0.00
   3      -459.124424519     -2.24e+00      8.06e-01        0.00
   4      -459.460020403     -3.36e-01      2.77e-01        0.00
   5      -459.487657701     -2.76e-02      7.83e-02        0.00
   6      -459.489418945     -1.76e-03      2.09e-02        0.00
   7      -459.489535503     -1.17e-04      1.64e-03        0.00
   8      -459.489538112     -2.61e-06      3.12e-04        0.00
   9      -459.489538311     -2.00e-07      9.70e-05        0.00
  10      -459.489538323     -1.14e-08      1.95e-05        0.00
  11      -459.489538323     -2.54e-10      2.54e-06        0.01

 SCF converged in 11 iterations.

 Dipole moment (in Debye):               0.000000      -0.000000      -0.000000

 Quadrupole moment (in Debye-Angstrom):
                  1            2            3
 1       -13.118513    -0.000002     0.000000
 2        -0.000002   -10.897085    -0.003027
 3         0.000000    -0.003027   -13.118509

 Spin-squared expectation <S^2>:         0.761
 Total spin quantum number S:            0.505
 TOTAL ENERGY:                        -459.489538323
 Saving results in set 'HF'

 --------------------------------------------------------------------------------
                                command: unsoldw12                               
 --------------------------------------------------------------------------------
 Number of AO basis functions:          70

 DF basis set:                           def2-qzvppd-ri
 Number of DF basis functions:         183

 Unrestricted UW12 calculation:          
 Core spatial orbitals:                  5
 Correlated alpha orbitals:              4
 Correlated beta orbitals:               3

 ------------------
  UW12 Correlation 
 ------------------
 Factor for UW12 correlation:            1.000000000
 Same spin scale factor:                 0.000000000
 Calculate indirect contribution:        false
 Method for three electron term:         df_ri
 Auxiliary RI basis set:                 def2-QZVPPD-ri
 Number of RI basis functions:         183
 Gaussians in geminal expansion:         4
 UW12 screening threshold:               1.00e-10
 Method for density-fitting:             w(r)
 Number of core spatial orbitals:        5


 Reference energy:                    -459.489538323
 UW12 correlation energy:               -0.029527486
 Total UW12 energy:                   -459.519065808

 --------------------------------------------------------------------------------

 End time:                               Thu Jun 10 15:29:29 2021
 Total wall-clock time:                  0.621 seconds
==================================================================================
