
================================================================================
          _____________ ________ _______________ ________     _________         
         / ___________// ______ \\_____   _____// ______ \   / ________)        
        / /_________  / /      \ \     | |     / /      \ \ | (_______          
       |  __________|| |        | |    | |    | |        | | \________ \        
        \ \_________ | |        | |    | |     \ \______/ /___________) |       
         \__________||_|        |_|    |_|      \________//____________/        
                                                                                
====================================[ Qcore ]===================================

 Git hash:   6a88d58d269bf0d2ccfae91583c23a2b072b7633
 Git date:   Tue, 25 May 2021 10:36:49 +0100
 Compiler:   GNU 9.1.0
 Build type: Release
 Version:    1.3.0

 Start time: Thu Jun 10 15:30:02 2021

 Data directory: /newhome/zw18965/.local/qcore/share/entos/1.3.0/data
 Number of threads: 16
 Number of threads was determined by: number of physical cores

 --------------------------------------------------------------------------------
                                   command: hf                                   
 --------------------------------------------------------------------------------
 AO basis set:                           def2-qzvp
 Number of AO basis functions:          84

 Formula:                                Zn
 Nuclear charge:                        30.000000000
 Total charge:                           0.000000000
 Number of electrons:                   30.000000000

 Number of alpha electrons:             15
 Number of beta electrons:              15
 Number of unpaired electrons:           0
 Spin:                                   0
 Multiplicity:                           singlet

 Theory:                                 hf
 Method for Coulomb:                     incore_df
 Method for exact exchange:              pre_transformed_df
 Integral threshold:                     1.00e-12
 DF basis set:                           def2-universal-jkfit
 Number of DF basis functions:         264
 Schwarz screening threshold:            1.00e-10
 Coulomb fitting method:                 Cholesky
 Method for AO orthogonalization:        symmetric
 Threshold for linear dependence:        1.00e-08

 -------------------------------------
  Running restricted closed-shell SCF 
 -------------------------------------
 Max number of iterations:             128
 Conv. threshold (gradient):             1.00e-05
 Conv. threshold (energy):               1.00e-06
 Interpolation scheme:                   adiis+cdiis
 Initial guess:                          H0

 ---------------------------------------------------------------
                  energy        change          grad        time
 ---------------------------------------------------------------
   0     -1700.613112990                    6.99e+01        0.00
   1     -1644.300664250      5.63e+01      2.36e+01        0.00
   2     -1745.154597827     -1.01e+02      2.06e+01        0.00
   3     -1774.993722939     -2.98e+01      4.92e+00        0.00
   4     -1775.557907426     -5.64e-01      4.11e+00        0.00
   5     -1777.828468088     -2.27e+00      2.20e-01        0.00
   6     -1777.837098985     -8.63e-03      2.86e-01        0.00
   7     -1777.842035751     -4.94e-03      1.78e-01        0.00
   8     -1777.846639838     -4.60e-03      5.91e-02        0.01
   9     -1777.846655253     -1.54e-05      5.25e-02        0.01
  10     -1777.847084254     -4.29e-04      3.46e-04        0.00
  11     -1777.847084295     -4.04e-08      5.10e-05        0.00
  12     -1777.847084296     -9.67e-10      4.71e-06        0.00

 SCF converged in 12 iterations.

 Dipole moment (in Debye):               0.000000      -0.000000       0.000000

 Quadrupole moment (in Debye-Angstrom):
                  1            2            3
 1       -15.681268     0.000000     0.000000
 2         0.000000   -15.681268    -0.000000
 3         0.000000    -0.000000   -15.681268

 Spin-squared expectation <S^2>:         0.000
 Total spin quantum number S:            0.000
 TOTAL ENERGY:                       -1777.847084296
 Saving results in set 'HF'

 --------------------------------------------------------------------------------
                                command: unsoldw12                               
 --------------------------------------------------------------------------------
 Number of AO basis functions:          84

 DF basis set:                           def2-qzvppd-ri
 Number of DF basis functions:         316

 Restricted UW12 calculation:            
 Core Orbitals:                          5
 Correlated Orbitals:                   10

 ------------------
  UW12 Correlation 
 ------------------
 Factor for UW12 correlation:            1.000000000
 Same spin scale factor:                 0.000000000
 Calculate indirect contribution:        false
 Method for three electron term:         df_ri
 Auxiliary RI basis set:                 def2-QZVPPD-ri
 Number of RI basis functions:         316
 Gaussians in geminal expansion:         4
 UW12 screening threshold:               1.00e-10
 Method for density-fitting:             w(r)
 Number of core spatial orbitals:        5


 Reference energy:                   -1777.847084296
 UW12 correlation energy:               -0.094036733
 Total UW12 energy:                  -1777.941121028

 --------------------------------------------------------------------------------

 End time:                               Thu Jun 10 15:30:06 2021
 Total wall-clock time:                  3.666 seconds
==================================================================================
