
================================================================================
          _____________ ________ _______________ ________     _________         
         / ___________// ______ \\_____   _____// ______ \   / ________)        
        / /_________  / /      \ \     | |     / /      \ \ | (_______          
       |  __________|| |        | |    | |    | |        | | \________ \        
        \ \_________ | |        | |    | |     \ \______/ /___________) |       
         \__________||_|        |_|    |_|      \________//____________/        
                                                                                
====================================[ Qcore ]===================================

 Git hash:   6a88d58d269bf0d2ccfae91583c23a2b072b7633
 Git date:   Tue, 25 May 2021 10:36:49 +0100
 Compiler:   GNU 9.1.0
 Build type: Release
 Version:    1.3.0

 Start time: Thu Jun 10 15:30:19 2021

 Data directory: /newhome/zw18965/.local/qcore/share/entos/1.3.0/data
 Number of threads: 16
 Number of threads was determined by: number of physical cores

 --------------------------------------------------------------------------------
                                   command: hf                                   
 --------------------------------------------------------------------------------
 AO basis set:                           def2-qzvp
 Number of AO basis functions:          75

 Formula:                                Se
 Nuclear charge:                        34.000000000
 Total charge:                           0.000000000
 Number of electrons:                   34.000000000

 Number of alpha electrons:             18
 Number of beta electrons:              16
 Number of unpaired electrons:           2
 Spin:                                   2
 Multiplicity:                           triplet

 Theory:                                 hf
 Method for Coulomb:                     incore_df
 Method for exact exchange:              pre_transformed_df
 Integral threshold:                     1.00e-12
 DF basis set:                           def2-universal-jkfit
 Number of DF basis functions:         266
 Schwarz screening threshold:            1.00e-10
 Coulomb fitting method:                 Cholesky
 Method for AO orthogonalization:        symmetric
 Threshold for linear dependence:        1.00e-08

 -------------------------------------
  Running unrestricted open-shell SCF 
 -------------------------------------
 Max number of iterations:             128
 Conv. threshold (gradient):             1.00e-05
 Conv. threshold (energy):               1.00e-06
 Interpolation scheme:                   adiis+cdiis
 Initial guess:                          H0

 ---------------------------------------------------------------
                  energy        change          grad        time
 ---------------------------------------------------------------
   0     -2281.079981558                    4.63e+01        0.01
   1     -2249.831449253      3.12e+01      1.77e+01        0.01
   2     -2356.643515190     -1.07e+02      1.39e+01        0.01
   3     -2398.402274497     -4.18e+01      2.33e+00        0.01
   4     -2399.396317843     -9.94e-01      1.47e+00        0.01
   5     -2399.774214589     -3.78e-01      6.10e-01        0.01
   6     -2399.837647233     -6.34e-02      3.95e-01        0.01
   7     -2399.870788806     -3.31e-02      1.23e-01        0.01
   8     -2399.873157728     -2.37e-03      7.75e-02        0.01
   9     -2399.874472660     -1.31e-03      2.40e-02        0.01
  10     -2399.874614436     -1.42e-04      2.32e-04        0.01
  11     -2399.874614482     -4.62e-08      4.65e-05        0.01
  12     -2399.874614485     -2.18e-09      5.40e-06        0.01

 SCF converged in 12 iterations.

 Dipole moment (in Debye):              -0.000000       0.000000      -0.000000

 Quadrupole moment (in Debye-Angstrom):
                  1            2            3
 1       -17.738409    -0.483766    -1.080218
 2        -0.483766   -17.781546    -1.129453
 3        -1.080218    -1.129453   -19.797727

 Spin-squared expectation <S^2>:         2.011
 Total spin quantum number S:            1.004
 TOTAL ENERGY:                       -2399.874614485
 Saving results in set 'HF'

 --------------------------------------------------------------------------------
                                command: unsoldw12                               
 --------------------------------------------------------------------------------
 Number of AO basis functions:          75

 DF basis set:                           def2-qzvppd-ri
 Number of DF basis functions:         314

 Unrestricted UW12 calculation:          
 Core spatial orbitals:                  9
 Correlated alpha orbitals:              9
 Correlated beta orbitals:               7

 ------------------
  UW12 Correlation 
 ------------------
 Factor for UW12 correlation:            1.000000000
 Same spin scale factor:                 0.000000000
 Calculate indirect contribution:        false
 Method for three electron term:         df_ri
 Auxiliary RI basis set:                 def2-QZVPPD-ri
 Number of RI basis functions:         314
 Gaussians in geminal expansion:         4
 UW12 screening threshold:               1.00e-10
 Method for density-fitting:             w(r)
 Number of core spatial orbitals:        9


 Reference energy:                   -2399.874614485
 UW12 correlation energy:               -0.080851182
 Total UW12 energy:                  -2399.955465667

 --------------------------------------------------------------------------------

 End time:                               Thu Jun 10 15:30:23 2021
 Total wall-clock time:                  3.981 seconds
==================================================================================
