
================================================================================
          _____________ ________ _______________ ________     _________         
         / ___________// ______ \\_____   _____// ______ \   / ________)        
        / /_________  / /      \ \     | |     / /      \ \ | (_______          
       |  __________|| |        | |    | |    | |        | | \________ \        
        \ \_________ | |        | |    | |     \ \______/ /___________) |       
         \__________||_|        |_|    |_|      \________//____________/        
                                                                                
====================================[ Qcore ]===================================

 Git hash:   6a88d58d269bf0d2ccfae91583c23a2b072b7633
 Git date:   Tue, 25 May 2021 10:36:49 +0100
 Compiler:   GNU 9.1.0
 Build type: Release
 Version:    1.3.0

 Start time: Thu Jun 10 15:30:31 2021

 Data directory: /newhome/zw18965/.local/qcore/share/entos/1.3.0/data
 Number of threads: 16
 Number of threads was determined by: number of physical cores

 --------------------------------------------------------------------------------
                                   command: hf                                   
 --------------------------------------------------------------------------------
 AO basis set:                           def2-qzvp
 Number of AO basis functions:          49
 ECP on atom 1 (Rb):                     28 electrons

 Formula:                                Rb
 Nuclear charge:                        37.000000000
 Total charge:                           0.000000000
 Number of core electrons:              28
 Number of treated electrons:            9

 Number of alpha electrons:              5
 Number of beta electrons:               4
 Number of unpaired electrons:           1
 Spin:                                   1
 Multiplicity:                           doublet

 Theory:                                 hf
 Method for Coulomb:                     incore_df
 Method for exact exchange:              pre_transformed_df
 Integral threshold:                     1.00e-12
 DF basis set:                           def2-universal-jkfit
 Number of DF basis functions:         111
 Schwarz screening threshold:            1.00e-10
 Coulomb fitting method:                 Cholesky
 Method for AO orthogonalization:        symmetric
 Threshold for linear dependence:        1.00e-08

 -------------------------------------
  Running unrestricted open-shell SCF 
 -------------------------------------
 Max number of iterations:             128
 Conv. threshold (gradient):             1.00e-05
 Conv. threshold (energy):               1.00e-06
 Interpolation scheme:                   adiis+cdiis
 Initial guess:                          H0

 ---------------------------------------------------------------
                  energy        change          grad        time
 ---------------------------------------------------------------
   0       -21.863643420                    1.02e+00        0.00
   1       -23.675102415     -1.81e+00      2.91e-01        0.00
   2       -23.789272859     -1.14e-01      5.69e-02        0.00
   3       -23.799177002     -9.90e-03      3.02e-02        0.00
   4       -23.801908850     -2.73e-03      1.34e-02        0.00
   5       -23.802575867     -6.67e-04      1.56e-03        0.00
   6       -23.802582400     -6.53e-06      3.66e-04        0.00
   7       -23.802582576     -1.76e-07      3.77e-05        0.00
   8       -23.802582578     -2.29e-09      1.36e-05        0.00
   9       -23.802582579     -3.68e-10      3.82e-06        0.00

 SCF converged in 9 iterations.

 Dipole moment (in Debye):               0.000000      -0.000000      -0.000000

 Quadrupole moment (in Debye-Angstrom):
                  1            2            3
 1       -27.256674    -0.000029     0.000025
 2        -0.000029   -27.256443     0.000069
 3         0.000025     0.000069   -27.256520

 Spin-squared expectation <S^2>:         0.750
 Total spin quantum number S:            0.500
 TOTAL ENERGY:                         -23.802582579
 Saving results in set 'HF'

 --------------------------------------------------------------------------------
                                command: unsoldw12                               
 --------------------------------------------------------------------------------
 Number of AO basis functions:          49

 DF basis set:                           def2-qzvppd-ri
 Number of DF basis functions:         180

 Unrestricted UW12 calculation:          
 Core spatial orbitals:                  0
 Correlated alpha orbitals:              5
 Correlated beta orbitals:               4

 ------------------
  UW12 Correlation 
 ------------------
 Factor for UW12 correlation:            1.000000000
 Same spin scale factor:                 0.000000000
 Calculate indirect contribution:        false
 Method for three electron term:         df_ri
 Auxiliary RI basis set:                 def2-QZVPPD-ri
 Number of RI basis functions:         180
 Gaussians in geminal expansion:         4
 UW12 screening threshold:               1.00e-10
 Method for density-fitting:             w(r)


 Reference energy:                     -23.802582579
 UW12 correlation energy:               -0.040033265
 Total UW12 energy:                    -23.842615843

 --------------------------------------------------------------------------------

 End time:                               Thu Jun 10 15:30:32 2021
 Total wall-clock time:                  0.316 seconds
==================================================================================
