
================================================================================
          _____________ ________ _______________ ________     _________         
         / ___________// ______ \\_____   _____// ______ \   / ________)        
        / /_________  / /      \ \     | |     / /      \ \ | (_______          
       |  __________|| |        | |    | |    | |        | | \________ \        
        \ \_________ | |        | |    | |     \ \______/ /___________) |       
         \__________||_|        |_|    |_|      \________//____________/        
                                                                                
====================================[ Qcore ]===================================

 Git hash:   6a88d58d269bf0d2ccfae91583c23a2b072b7633
 Git date:   Tue, 25 May 2021 10:36:49 +0100
 Compiler:   GNU 9.1.0
 Build type: Release
 Version:    1.3.0

 Start time: Thu Jun 10 15:30:48 2021

 Data directory: /newhome/zw18965/.local/qcore/share/entos/1.3.0/data
 Number of threads: 16
 Number of threads was determined by: number of physical cores

 --------------------------------------------------------------------------------
                                   command: hf                                   
 --------------------------------------------------------------------------------
 AO basis set:                           def2-qzvp
 Number of AO basis functions:          82
 ECP on atom 1 (Sn):                     28 electrons

 Formula:                                Sn
 Nuclear charge:                        50.000000000
 Total charge:                           0.000000000
 Number of core electrons:              28
 Number of treated electrons:           22

 Number of alpha electrons:             12
 Number of beta electrons:              10
 Number of unpaired electrons:           2
 Spin:                                   2
 Multiplicity:                           triplet

 Theory:                                 hf
 Method for Coulomb:                     incore_df
 Method for exact exchange:              pre_transformed_df
 Integral threshold:                     1.00e-12
 DF basis set:                           def2-universal-jkfit
 Number of DF basis functions:         218
 Schwarz screening threshold:            1.00e-10
 Coulomb fitting method:                 Cholesky
 Method for AO orthogonalization:        symmetric
 Threshold for linear dependence:        1.00e-08

 -------------------------------------
  Running unrestricted open-shell SCF 
 -------------------------------------
 Max number of iterations:             128
 Conv. threshold (gradient):             1.00e-05
 Conv. threshold (energy):               1.00e-06
 Interpolation scheme:                   adiis+cdiis
 Initial guess:                          H0

 ---------------------------------------------------------------
                  energy        change          grad        time
 ---------------------------------------------------------------
   0      -183.872487591                    7.34e+00        0.01
   1      -159.066112389      2.48e+01      4.55e+00        0.01
   2      -191.808851753     -3.27e+01      5.65e+00        0.01
   3      -213.071971447     -2.13e+01      9.23e-01        0.01
   4      -213.296257383     -2.24e-01      3.03e-01        0.01
   5      -213.331297679     -3.50e-02      1.26e-01        0.01
   6      -213.338765149     -7.47e-03      6.18e-02        0.01
   7      -213.340239536     -1.47e-03      2.69e-02        0.01
   8      -213.340621620     -3.82e-04      6.21e-04        0.01
   9      -213.340621896     -2.76e-07      6.97e-05        0.01
  10      -213.340621903     -7.32e-09      1.48e-05        0.01
  11      -213.340621903     -2.73e-10      2.72e-06        0.01

 SCF converged in 11 iterations.

 Dipole moment (in Debye):              -0.000000       0.000000       0.000000

 Quadrupole moment (in Debye-Angstrom):
                  1            2            3
 1       -25.477580    -2.795658     1.707040
 2        -2.795658   -26.059595    -1.538576
 3         1.707040    -1.538576   -27.639902

 Spin-squared expectation <S^2>:         2.012
 Total spin quantum number S:            1.004
 TOTAL ENERGY:                        -213.340621903
 Saving results in set 'HF'

 --------------------------------------------------------------------------------
                                command: unsoldw12                               
 --------------------------------------------------------------------------------
 Number of AO basis functions:          82

 DF basis set:                           def2-qzvppd-ri
 Number of DF basis functions:         292

 Unrestricted UW12 calculation:          
 Core spatial orbitals:                  4
 Correlated alpha orbitals:              8
 Correlated beta orbitals:               6

 ------------------
  UW12 Correlation 
 ------------------
 Factor for UW12 correlation:            1.000000000
 Same spin scale factor:                 0.000000000
 Calculate indirect contribution:        false
 Method for three electron term:         df_ri
 Auxiliary RI basis set:                 def2-QZVPPD-ri
 Number of RI basis functions:         292
 Gaussians in geminal expansion:         4
 UW12 screening threshold:               1.00e-10
 Method for density-fitting:             w(r)
 Number of core spatial orbitals:        4


 Reference energy:                    -213.340621903
 UW12 correlation energy:               -0.101745680
 Total UW12 energy:                   -213.442367583

 --------------------------------------------------------------------------------

 End time:                               Thu Jun 10 15:30:52 2021
 Total wall-clock time:                  4.629 seconds
==================================================================================
