
================================================================================
          _____________ ________ _______________ ________     _________         
         / ___________// ______ \\_____   _____// ______ \   / ________)        
        / /_________  / /      \ \     | |     / /      \ \ | (_______          
       |  __________|| |        | |    | |    | |        | | \________ \        
        \ \_________ | |        | |    | |     \ \______/ /___________) |       
         \__________||_|        |_|    |_|      \________//____________/        
                                                                                
====================================[ Qcore ]===================================

 Git hash:   6a88d58d269bf0d2ccfae91583c23a2b072b7633
 Git date:   Tue, 25 May 2021 10:36:49 +0100
 Compiler:   GNU 9.1.0
 Build type: Release
 Version:    1.3.0

 Start time: Thu Jun 10 15:31:38 2021

 Data directory: /newhome/zw18965/.local/qcore/share/entos/1.3.0/data
 Number of threads: 16
 Number of threads was determined by: number of physical cores

 --------------------------------------------------------------------------------
                                   command: hf                                   
 --------------------------------------------------------------------------------
 AO basis set:                           def2-qzvp
 Number of AO basis functions:          82
 ECP on atom 1 (At):                     60 electrons

 Formula:                                At
 Nuclear charge:                        85.000000000
 Total charge:                           0.000000000
 Number of core electrons:              60
 Number of treated electrons:           25

 Number of alpha electrons:             13
 Number of beta electrons:              12
 Number of unpaired electrons:           1
 Spin:                                   1
 Multiplicity:                           doublet

 Theory:                                 hf
 Method for Coulomb:                     incore_df
 Method for exact exchange:              pre_transformed_df
 Integral threshold:                     1.00e-12
 DF basis set:                           def2-universal-jkfit
 Number of DF basis functions:         251
 Schwarz screening threshold:            1.00e-10
 Coulomb fitting method:                 Cholesky
 Method for AO orthogonalization:        symmetric
 Threshold for linear dependence:        1.00e-08

 -------------------------------------
  Running unrestricted open-shell SCF 
 -------------------------------------
 Max number of iterations:             128
 Conv. threshold (gradient):             1.00e-05
 Conv. threshold (energy):               1.00e-06
 Interpolation scheme:                   adiis+cdiis
 Initial guess:                          H0

 ---------------------------------------------------------------
                  energy        change          grad        time
 ---------------------------------------------------------------
   0      -221.283917805                    7.55e+00        0.01
   1      -198.720539394      2.26e+01      5.40e+00        0.01
   2      -238.877329098     -4.02e+01      5.95e+00        0.01
   3      -260.744967412     -2.19e+01      1.23e+00        0.01
   4      -261.263975396     -5.19e-01      4.91e-01        0.01
   5      -261.344260157     -8.03e-02      1.54e-01        0.01
   6      -261.358512027     -1.43e-02      7.78e-02        0.01
   7      -261.360839041     -2.33e-03      2.72e-02        0.01
   8      -261.361314557     -4.76e-04      5.08e-04        0.01
   9      -261.361314819     -2.62e-07      6.44e-05        0.01
  10      -261.361314823     -4.20e-09      1.27e-05        0.01
  11      -261.361314823     -2.40e-10      3.11e-06        0.01

 SCF converged in 11 iterations.

 Dipole moment (in Debye):               0.000000       0.000000       0.000000

 Quadrupole moment (in Debye-Angstrom):
                  1            2            3
 1       -31.295363    -0.178204     1.914846
 2        -0.178204   -32.730874    -0.234157
 3         1.914846    -0.234157   -30.236615

 Spin-squared expectation <S^2>:         0.759
 Total spin quantum number S:            0.505
 TOTAL ENERGY:                        -261.361314823
 Saving results in set 'HF'

 --------------------------------------------------------------------------------
                                command: unsoldw12                               
 --------------------------------------------------------------------------------
 Number of AO basis functions:          82

 DF basis set:                           def2-qzvppd-ri
 Number of DF basis functions:         281

 Unrestricted UW12 calculation:          
 Core spatial orbitals:                  4
 Correlated alpha orbitals:              9
 Correlated beta orbitals:               8

 ------------------
  UW12 Correlation 
 ------------------
 Factor for UW12 correlation:            1.000000000
 Same spin scale factor:                 0.000000000
 Calculate indirect contribution:        false
 Method for three electron term:         df_ri
 Auxiliary RI basis set:                 def2-QZVPPD-ri
 Number of RI basis functions:         281
 Gaussians in geminal expansion:         4
 UW12 screening threshold:               1.00e-10
 Method for density-fitting:             w(r)
 Number of core spatial orbitals:        4


 Reference energy:                    -261.361314823
 UW12 correlation energy:               -0.143966356
 Total UW12 energy:                   -261.505281179

 --------------------------------------------------------------------------------

 End time:                               Thu Jun 10 15:31:42 2021
 Total wall-clock time:                  3.658 seconds
==================================================================================
