
================================================================================
          _____________ ________ _______________ ________     _________         
         / ___________// ______ \\_____   _____// ______ \   / ________)        
        / /_________  / /      \ \     | |     / /      \ \ | (_______          
       |  __________|| |        | |    | |    | |        | | \________ \        
        \ \_________ | |        | |    | |     \ \______/ /___________) |       
         \__________||_|        |_|    |_|      \________//____________/        
                                                                                
====================================[ Qcore ]===================================

 Git hash:   6a88d58d269bf0d2ccfae91583c23a2b072b7633
 Git date:   Tue, 25 May 2021 10:36:49 +0100
 Compiler:   GNU 9.1.0
 Build type: Release
 Version:    1.3.0

 Start time: Thu Jun 17 17:37:26 2021

 Data directory: /newhome/zw18965/.local/qcore/share/entos/1.3.0/data
 Number of threads: 16
 Number of threads was determined by: number of physical cores

 --------------------------------------------------------------------------------
                                   command: hf                                   
 --------------------------------------------------------------------------------
 AO basis set:                           cc-pwcv5z-pp-merged
 Number of AO basis functions:         211

 Formula:                                Cr
 Nuclear charge:                        24.000000000
 Total charge:                           0.000000000
 Number of electrons:                   24.000000000

 Number of alpha electrons:             15
 Number of beta electrons:               9
 Number of unpaired electrons:           6
 Spin:                                   6
 Multiplicity:                           octet

 Theory:                                 hf
 Method for Coulomb:                     incore_df
 Method for exact exchange:              pre_transformed_df
 Integral threshold:                     1.00e-12
 DF basis set:                           def2-universal-jkfit
 Number of DF basis functions:         264
 Schwarz screening threshold:            1.00e-10
 Coulomb fitting method:                 Cholesky
 Method for AO orthogonalization:        symmetric
 Threshold for linear dependence:        1.00e-08

 -------------------------------------
  Running unrestricted open-shell SCF 
 -------------------------------------
 Max number of iterations:             128
 Conv. threshold (gradient):             1.00e-05
 Conv. threshold (energy):               1.00e-06
 Interpolation scheme:                   adiis+cdiis
 Initial guess:                          H0

 ---------------------------------------------------------------
                  energy        change          grad        time
 ---------------------------------------------------------------
   0      -909.099732539                    3.02e+01        0.06
   1      -966.116916489     -5.70e+01      1.51e+01        0.10
   2     -1022.684687641     -5.66e+01      7.80e+00        0.10
   3     -1039.160334696     -1.65e+01      3.07e+00        0.11
   4     -1041.005490131     -1.85e+00      2.19e+00        0.10
   5     -1043.326666434     -2.32e+00      2.77e-01        0.11
   6     -1043.353100985     -2.64e-02      7.19e-02        0.11
   7     -1043.355841188     -2.74e-03      3.09e-02        0.12
   8     -1043.356675225     -8.34e-04      6.53e-03        0.11
   9     -1043.356746855     -7.16e-05      2.31e-03        0.10
  10     -1043.356758128     -1.13e-05      4.87e-04        0.11
  11     -1043.356758355     -2.27e-07      8.72e-05        0.12
  12     -1043.356758359     -4.35e-09      3.46e-05        0.13
  13     -1043.356758360     -9.53e-10      5.32e-06        0.14

 SCF converged in 13 iterations.

 Dipole moment (in Debye):              -0.000000      -0.000000      -0.000000

 Quadrupole moment (in Debye-Angstrom):
                  1            2            3
 1       -16.882683     0.000000     0.000000
 2         0.000000   -16.882685     0.000000
 3         0.000000     0.000000   -16.882682

 Spin-squared expectation <S^2>:        12.000
 Total spin quantum number S:            3.000
 TOTAL ENERGY:                       -1043.356758360
 Saving results in set 'HF'

 --------------------------------------------------------------------------------
                                command: unsoldw12                               
 --------------------------------------------------------------------------------
 Number of AO basis functions:         211

 DF basis set:                           def2-qzvppd-ri
 Number of DF basis functions:         309

 Unrestricted UW12 calculation:          
 Core spatial orbitals:                  0
 Correlated alpha orbitals:             15
 Correlated beta orbitals:               9

 ------------------
  UW12 Correlation 
 ------------------
 Factor for UW12 correlation:            1.000000000
 Same spin scale factor:                 0.000000000
 Calculate indirect contribution:        false
 Method for three electron term:         df_ri
 Auxiliary RI basis set:                 def2-QZVPPD-ri
 Number of RI basis functions:         309
 Gaussians in geminal expansion:         4
 UW12 screening threshold:               1.00e-10
 Method for density-fitting:             w(r)


 Reference energy:                   -1043.356758360
 UW12 correlation energy:               -0.069429042
 Total UW12 energy:                  -1043.426187402

 --------------------------------------------------------------------------------

 End time:                               Thu Jun 17 17:38:30 2021
 Total wall-clock time:                 64.040 seconds
==================================================================================
