
================================================================================
          _____________ ________ _______________ ________     _________         
         / ___________// ______ \\_____   _____// ______ \   / ________)        
        / /_________  / /      \ \     | |     / /      \ \ | (_______          
       |  __________|| |        | |    | |    | |        | | \________ \        
        \ \_________ | |        | |    | |     \ \______/ /___________) |       
         \__________||_|        |_|    |_|      \________//____________/        
                                                                                
====================================[ Qcore ]===================================

 Git hash:   6a88d58d269bf0d2ccfae91583c23a2b072b7633
 Git date:   Tue, 25 May 2021 10:36:49 +0100
 Compiler:   GNU 9.1.0
 Build type: Release
 Version:    1.3.0

 Start time: Thu Jun 17 17:38:30 2021

 Data directory: /newhome/zw18965/.local/qcore/share/entos/1.3.0/data
 Number of threads: 16
 Number of threads was determined by: number of physical cores

 --------------------------------------------------------------------------------
                                   command: hf                                   
 --------------------------------------------------------------------------------
 AO basis set:                           cc-pwcv5z-pp-merged
 Number of AO basis functions:         211

 Formula:                                Mn
 Nuclear charge:                        25.000000000
 Total charge:                           0.000000000
 Number of electrons:                   25.000000000

 Number of alpha electrons:             15
 Number of beta electrons:              10
 Number of unpaired electrons:           5
 Spin:                                   5
 Multiplicity:                           septet

 Theory:                                 hf
 Method for Coulomb:                     incore_df
 Method for exact exchange:              pre_transformed_df
 Integral threshold:                     1.00e-12
 DF basis set:                           def2-universal-jkfit
 Number of DF basis functions:         264
 Schwarz screening threshold:            1.00e-10
 Coulomb fitting method:                 Cholesky
 Method for AO orthogonalization:        symmetric
 Threshold for linear dependence:        1.00e-08

 -------------------------------------
  Running unrestricted open-shell SCF 
 -------------------------------------
 Max number of iterations:             128
 Conv. threshold (gradient):             1.00e-05
 Conv. threshold (energy):               1.00e-06
 Interpolation scheme:                   adiis+cdiis
 Initial guess:                          H0

 ---------------------------------------------------------------
                  energy        change          grad        time
 ---------------------------------------------------------------
   0      -997.300653480                    3.73e+01        0.03
   1     -1058.869824157     -6.16e+01      1.56e+01        0.04
   2     -1123.934512260     -6.51e+01      9.01e+00        0.04
   3     -1146.669563010     -2.27e+01      3.06e+00        0.04
   4     -1147.306234744     -6.37e-01      2.92e+00        0.09
   5     -1149.782019590     -2.48e+00      4.50e-01        0.11
   6     -1149.842777975     -6.08e-02      3.10e-01        0.12
   7     -1149.860357584     -1.76e-02      1.57e-01        0.13
   8     -1149.867490578     -7.13e-03      8.59e-02        0.13
   9     -1149.868941292     -1.45e-03      4.72e-02        0.15
  10     -1149.869796636     -8.55e-04      3.29e-03        0.13
  11     -1149.869807308     -1.07e-05      8.30e-04        0.12
  12     -1149.869808078     -7.70e-07      2.94e-04        0.13
  13     -1149.869808174     -9.59e-08      7.81e-05        0.13
  14     -1149.869808181     -7.45e-09      1.04e-05        0.16
  15     -1149.869808181     -9.50e-11      1.50e-06        0.16

 SCF converged in 15 iterations.

 Dipole moment (in Debye):              -0.000000       0.000000      -0.000000

 Quadrupole moment (in Debye-Angstrom):
                  1            2            3
 1       -19.419223     0.000000    -0.000000
 2         0.000000   -19.419228     0.000000
 3        -0.000000     0.000000   -19.419223

 Spin-squared expectation <S^2>:         8.771
 Total spin quantum number S:            2.503
 TOTAL ENERGY:                       -1149.869808181
 Saving results in set 'HF'

 --------------------------------------------------------------------------------
                                command: unsoldw12                               
 --------------------------------------------------------------------------------
 Number of AO basis functions:         211

 DF basis set:                           def2-qzvppd-ri
 Number of DF basis functions:         309

 Unrestricted UW12 calculation:          
 Core spatial orbitals:                  0
 Correlated alpha orbitals:             15
 Correlated beta orbitals:              10

 ------------------
  UW12 Correlation 
 ------------------
 Factor for UW12 correlation:            1.000000000
 Same spin scale factor:                 0.000000000
 Calculate indirect contribution:        false
 Method for three electron term:         df_ri
 Auxiliary RI basis set:                 def2-QZVPPD-ri
 Number of RI basis functions:         309
 Gaussians in geminal expansion:         4
 UW12 screening threshold:               1.00e-10
 Method for density-fitting:             w(r)


 Reference energy:                   -1149.869808181
 UW12 correlation energy:               -0.079766006
 Total UW12 energy:                  -1149.949574187

 --------------------------------------------------------------------------------

 End time:                               Thu Jun 17 17:39:49 2021
 Total wall-clock time:                 78.942 seconds
==================================================================================
