
================================================================================
          _____________ ________ _______________ ________     _________         
         / ___________// ______ \\_____   _____// ______ \   / ________)        
        / /_________  / /      \ \     | |     / /      \ \ | (_______          
       |  __________|| |        | |    | |    | |        | | \________ \        
        \ \_________ | |        | |    | |     \ \______/ /___________) |       
         \__________||_|        |_|    |_|      \________//____________/        
                                                                                
====================================[ Qcore ]===================================

 Git hash:   6a88d58d269bf0d2ccfae91583c23a2b072b7633
 Git date:   Tue, 25 May 2021 10:36:49 +0100
 Compiler:   GNU 9.1.0
 Build type: Release
 Version:    1.3.0

 Start time: Thu Jun 17 17:39:49 2021

 Data directory: /newhome/zw18965/.local/qcore/share/entos/1.3.0/data
 Number of threads: 16
 Number of threads was determined by: number of physical cores

 --------------------------------------------------------------------------------
                                   command: hf                                   
 --------------------------------------------------------------------------------
 AO basis set:                           cc-pwcv5z-pp-merged
 Number of AO basis functions:         211

 Formula:                                Fe
 Nuclear charge:                        26.000000000
 Total charge:                           0.000000000
 Number of electrons:                   26.000000000

 Number of alpha electrons:             15
 Number of beta electrons:              11
 Number of unpaired electrons:           4
 Spin:                                   4
 Multiplicity:                           quintet

 Theory:                                 hf
 Method for Coulomb:                     incore_df
 Method for exact exchange:              pre_transformed_df
 Integral threshold:                     1.00e-12
 DF basis set:                           def2-universal-jkfit
 Number of DF basis functions:         264
 Schwarz screening threshold:            1.00e-10
 Coulomb fitting method:                 Cholesky
 Method for AO orthogonalization:        symmetric
 Threshold for linear dependence:        1.00e-08

 -------------------------------------
  Running unrestricted open-shell SCF 
 -------------------------------------
 Max number of iterations:             128
 Conv. threshold (gradient):             1.00e-05
 Conv. threshold (energy):               1.00e-06
 Interpolation scheme:                   adiis+cdiis
 Initial guess:                          H0

 ---------------------------------------------------------------
                  energy        change          grad        time
 ---------------------------------------------------------------
   0     -1089.988586022                    3.72e+01        0.06
   1     -1155.057727314     -6.51e+01      1.73e+01        0.10
   2     -1230.592684539     -7.55e+01      1.02e+01        0.10
   3     -1258.889456979     -2.83e+01      3.38e+00        0.11
   4     -1259.242840668     -3.53e-01      3.61e+00        0.10
   5     -1262.381106662     -3.14e+00      4.51e-01        0.11
   6     -1262.422046566     -4.09e-02      3.63e-01        0.11
   7     -1262.449279365     -2.72e-02      1.35e-01        0.12
   8     -1262.452436524     -3.16e-03      1.09e-01        0.13
   9     -1262.455129028     -2.69e-03      2.85e-02        0.14
  10     -1262.455348991     -2.20e-04      2.54e-02        0.14
  11     -1262.455534358     -1.85e-04      6.47e-04        0.13
  12     -1262.455534828     -4.70e-07      1.85e-04        0.10
  13     -1262.455534851     -2.29e-08      8.98e-05        0.10
  14     -1262.455534859     -8.78e-09      3.78e-05        0.11
  15     -1262.455534861     -1.83e-09      2.75e-05        0.11
  16     -1262.455534862     -5.92e-10      2.43e-05        0.10
  17     -1262.455534862     -3.80e-10      2.45e-05        0.10
  18     -1262.455534863     -8.29e-10      2.48e-05        0.04
  19     -1262.455534862      8.40e-10      2.48e-05        0.04
  20     -1262.455534868     -6.19e-09      2.48e-05        0.04
  21     -1262.455534857      1.13e-08      2.46e-05        0.04
  22     -1262.455534841      1.64e-08      2.47e-05        0.04
  23     -1262.455534780      6.03e-08      2.77e-05        0.04
  24     -1262.455534779      8.12e-10      2.84e-05        0.09
  25     -1262.455534500      2.80e-07      1.34e-04        0.12
  26     -1262.455534244      2.56e-07      4.01e-04        0.11
  27     -1262.455534247     -2.99e-09      3.71e-04        0.11
  28     -1262.455534241      5.97e-09      3.65e-04        0.11
  29     -1262.455534120      1.20e-07      4.92e-04        0.11
  30     -1262.455534133     -1.32e-08      4.76e-04        0.10
  31     -1262.455533985      1.48e-07      7.03e-04        0.10
  32     -1262.455533984      1.15e-09      7.47e-04        0.11
  33     -1262.455533856      1.28e-07      5.77e-04        0.10
  34     -1262.455533388      4.68e-07      1.13e-03        0.10
  35     -1262.455533801     -4.13e-07      1.90e-04        0.10
  36     -1262.455532271      1.53e-06      2.39e-03        0.11
  37     -1262.455531597      6.74e-07      3.10e-03        0.11
  38     -1262.455531218      3.78e-07      3.46e-03        0.11
  39     -1262.455532667     -1.45e-06      1.61e-03        0.11
  40     -1262.455532742     -7.52e-08      1.32e-03        0.11
  41     -1262.455532995     -2.53e-07      5.00e-04        0.11
  42     -1262.455532686      3.09e-07      1.38e-03        0.11
  43     -1262.455532835     -1.49e-07      9.89e-04        0.11
  44     -1262.455532988     -1.53e-07      1.67e-04        0.10
  45     -1262.455532990     -1.93e-09      1.04e-04        0.05
  46     -1262.455532992     -1.72e-09      4.14e-06        0.06

 SCF converged in 46 iterations.

 Dipole moment (in Debye):               0.000000       0.000000       0.000000

 Quadrupole moment (in Debye-Angstrom):
                  1            2            3
 1       -18.387626    -0.001232    -0.029719
 2        -0.001232   -18.385365    -0.013426
 3        -0.029719    -0.013426   -18.712436

 Spin-squared expectation <S^2>:         6.016
 Total spin quantum number S:            2.003
 TOTAL ENERGY:                       -1262.455532992
 Saving results in set 'HF'

 --------------------------------------------------------------------------------
                                command: unsoldw12                               
 --------------------------------------------------------------------------------
 Number of AO basis functions:         211

 DF basis set:                           def2-qzvppd-ri
 Number of DF basis functions:         309

 Unrestricted UW12 calculation:          
 Core spatial orbitals:                  0
 Correlated alpha orbitals:             15
 Correlated beta orbitals:              11

 ------------------
  UW12 Correlation 
 ------------------
 Factor for UW12 correlation:            1.000000000
 Same spin scale factor:                 0.000000000
 Calculate indirect contribution:        false
 Method for three electron term:         df_ri
 Auxiliary RI basis set:                 def2-QZVPPD-ri
 Number of RI basis functions:         309
 Gaussians in geminal expansion:         4
 UW12 screening threshold:               1.00e-10
 Method for density-fitting:             w(r)


 Reference energy:                   -1262.455532992
 UW12 correlation energy:               -0.087551628
 Total UW12 energy:                  -1262.543084620

 --------------------------------------------------------------------------------

 End time:                               Thu Jun 17 17:40:56 2021
 Total wall-clock time:                 66.672 seconds
==================================================================================
