
================================================================================
          _____________ ________ _______________ ________     _________         
         / ___________// ______ \\_____   _____// ______ \   / ________)        
        / /_________  / /      \ \     | |     / /      \ \ | (_______          
       |  __________|| |        | |    | |    | |        | | \________ \        
        \ \_________ | |        | |    | |     \ \______/ /___________) |       
         \__________||_|        |_|    |_|      \________//____________/        
                                                                                
====================================[ Qcore ]===================================

 Git hash:   6a88d58d269bf0d2ccfae91583c23a2b072b7633
 Git date:   Tue, 25 May 2021 10:36:49 +0100
 Compiler:   GNU 9.1.0
 Build type: Release
 Version:    1.3.0

 Start time: Thu Jun 17 17:45:52 2021

 Data directory: /newhome/zw18965/.local/qcore/share/entos/1.3.0/data
 Number of threads: 16
 Number of threads was determined by: number of physical cores

 --------------------------------------------------------------------------------
                                   command: hf                                   
 --------------------------------------------------------------------------------
 AO basis set:                           cc-pwcv5z-pp-merged
 Number of AO basis functions:         227

 Formula:                                Ga
 Nuclear charge:                        31.000000000
 Total charge:                           0.000000000
 Number of electrons:                   31.000000000

 Number of alpha electrons:             16
 Number of beta electrons:              15
 Number of unpaired electrons:           1
 Spin:                                   1
 Multiplicity:                           doublet

 Theory:                                 hf
 Method for Coulomb:                     incore_df
 Method for exact exchange:              pre_transformed_df
 Integral threshold:                     1.00e-12
 DF basis set:                           def2-universal-jkfit
 Number of DF basis functions:         266
 Schwarz screening threshold:            1.00e-10
 Coulomb fitting method:                 Cholesky
 Method for AO orthogonalization:        symmetric
 Threshold for linear dependence:        1.00e-08

 -------------------------------------
  Running unrestricted open-shell SCF 
 -------------------------------------
 Max number of iterations:             128
 Conv. threshold (gradient):             1.00e-05
 Conv. threshold (energy):               1.00e-06
 Interpolation scheme:                   adiis+cdiis
 Initial guess:                          H0

 ---------------------------------------------------------------
                  energy        change          grad        time
 ---------------------------------------------------------------
   0     -1652.419551425                    4.61e+01        0.07
   1     -1711.990160123     -5.96e+01      2.10e+01        0.11
   2     -1859.768883904     -1.48e+02      2.11e+01        0.05
   3     -1917.832593083     -5.81e+01      4.90e+00        0.06
   4     -1919.592964622     -1.76e+00      3.28e+00        0.06
   5     -1923.180339884     -3.59e+00      4.11e-01        0.07
   6     -1923.198703837     -1.84e-02      3.96e-01        0.11
   7     -1923.262847443     -6.41e-02      4.92e-02        0.17
   8     -1923.263466257     -6.19e-04      4.72e-02        0.18
   9     -1923.264412193     -9.46e-04      2.29e-03        0.18
  10     -1923.264421592     -9.40e-06      5.32e-04        0.18
  11     -1923.264421888     -2.96e-07      1.10e-04        0.20
  12     -1923.264421897     -8.61e-09      2.75e-05        0.20
  13     -1923.264421897     -3.24e-10      3.26e-06        0.20

 SCF converged in 13 iterations.

 Dipole moment (in Debye):              -0.000000       0.000000      -0.000000

 Quadrupole moment (in Debye-Angstrom):
                  1            2            3
 1       -17.761473    -1.277291    -3.126605
 2        -1.277291   -16.508213    -1.948706
 3        -3.126605    -1.948706   -20.482242

 Spin-squared expectation <S^2>:         0.763
 Total spin quantum number S:            0.507
 TOTAL ENERGY:                       -1923.264421897
 Saving results in set 'HF'

 --------------------------------------------------------------------------------
                                command: unsoldw12                               
 --------------------------------------------------------------------------------
 Number of AO basis functions:         227

 DF basis set:                           def2-qzvppd-ri
 Number of DF basis functions:         314

 Unrestricted UW12 calculation:          
 Core spatial orbitals:                  0
 Correlated alpha orbitals:             16
 Correlated beta orbitals:              15

 ------------------
  UW12 Correlation 
 ------------------
 Factor for UW12 correlation:            1.000000000
 Same spin scale factor:                 0.000000000
 Calculate indirect contribution:        false
 Method for three electron term:         df_ri
 Auxiliary RI basis set:                 def2-QZVPPD-ri
 Number of RI basis functions:         314
 Gaussians in geminal expansion:         4
 UW12 screening threshold:               1.00e-10
 Method for density-fitting:             w(r)


 Reference energy:                   -1923.264421897
 UW12 correlation energy:               -0.107251282
 Total UW12 energy:                  -1923.371673179

 --------------------------------------------------------------------------------

 End time:                               Thu Jun 17 17:46:32 2021
 Total wall-clock time:                 40.497 seconds
==================================================================================
