
================================================================================
          _____________ ________ _______________ ________     _________         
         / ___________// ______ \\_____   _____// ______ \   / ________)        
        / /_________  / /      \ \     | |     / /      \ \ | (_______          
       |  __________|| |        | |    | |    | |        | | \________ \        
        \ \_________ | |        | |    | |     \ \______/ /___________) |       
         \__________||_|        |_|    |_|      \________//____________/        
                                                                                
====================================[ Qcore ]===================================

 Git hash:   6a88d58d269bf0d2ccfae91583c23a2b072b7633
 Git date:   Tue, 25 May 2021 10:36:49 +0100
 Compiler:   GNU 9.1.0
 Build type: Release
 Version:    1.3.0

 Start time: Fri Jun 18 09:29:12 2021

 Data directory: /newhome/zw18965/.local/qcore/share/entos/1.3.0/data
 Number of threads: 16
 Number of threads was determined by: number of physical cores

 --------------------------------------------------------------------------------
                                   command: hf                                   
 --------------------------------------------------------------------------------
 AO basis set:                           cc-pwcv5z-pp-merged
 Number of AO basis functions:         206
 ECP on atom 1 (Hf):                     60 electrons

 Formula:                                Hf
 Nuclear charge:                        72.000000000
 Total charge:                           0.000000000
 Number of core electrons:              60
 Number of treated electrons:           12

 Number of alpha electrons:              7
 Number of beta electrons:               5
 Number of unpaired electrons:           2
 Spin:                                   2
 Multiplicity:                           triplet

 Theory:                                 hf
 Method for Coulomb:                     incore_df
 Method for exact exchange:              pre_transformed_df
 Integral threshold:                     1.00e-12
 DF basis set:                           def2-universal-jkfit
 Number of DF basis functions:         227
 Schwarz screening threshold:            1.00e-10
 Coulomb fitting method:                 Cholesky
 Method for AO orthogonalization:        symmetric
 Threshold for linear dependence:        1.00e-08

 -------------------------------------
  Running unrestricted open-shell SCF 
 -------------------------------------
 Max number of iterations:             128
 Conv. threshold (gradient):             1.00e-05
 Conv. threshold (energy):               1.00e-06
 Interpolation scheme:                   adiis+cdiis
 Initial guess:                          SAD

 ---------------------------------------------------------------
                  energy        change          grad        time
 ---------------------------------------------------------------
   0       -47.642335846                    8.21e-03        0.02
   1       -47.869593819     -2.27e-01      1.87e-01        0.05
   2       -47.928886492     -5.93e-02      1.60e-01        0.05
   3       -47.939274338     -1.04e-02      3.55e-02        0.05
   4       -47.941714167     -2.44e-03      2.41e-02        0.05
   5       -47.942715733     -1.00e-03      5.55e-03        0.05
   6       -47.942809665     -9.39e-05      3.11e-03        0.05
   7       -47.942859328     -4.97e-05      1.46e-03        0.05
   8       -47.942871454     -1.21e-05      5.21e-04        0.05
   9       -47.942872080     -6.26e-07      1.35e-04        0.05
  10       -47.942872106     -2.57e-08      2.29e-05        0.05
  11       -47.942872107     -7.69e-10      2.07e-06        0.05

 SCF converged in 11 iterations.

 Dipole moment (in Debye):               0.000000       0.000000       0.000000

 Quadrupole moment (in Debye-Angstrom):
                  1            2            3
 1       -26.909556    -0.000000    -0.000000
 2        -0.000000   -27.962498    -0.000000
 3        -0.000000    -0.000000   -26.909556

 Spin-squared expectation <S^2>:         2.053
 Total spin quantum number S:            1.018
 TOTAL ENERGY:                         -47.942872107
 Saving results in set 'HF'

 --------------------------------------------------------------------------------
                                command: unsoldw12                               
 --------------------------------------------------------------------------------
 Number of AO basis functions:         206

 DF basis set:                           def2-qzvppd-ri
 Number of DF basis functions:         261

 Unrestricted UW12 calculation:          
 Core spatial orbitals:                  0
 Correlated alpha orbitals:              7
 Correlated beta orbitals:               5

 ------------------
  UW12 Correlation 
 ------------------
 Factor for UW12 correlation:            1.000000000
 Same spin scale factor:                 0.000000000
 Calculate indirect contribution:        false
 Method for three electron term:         df_ri
 Auxiliary RI basis set:                 def2-QZVPPD-ri
 Number of RI basis functions:         261
 Gaussians in geminal expansion:         4
 UW12 screening threshold:               1.00e-10
 Method for density-fitting:             w(r)


 Reference energy:                     -47.942872107
 UW12 correlation energy:               -0.063078400
 Total UW12 energy:                    -48.005950506

 --------------------------------------------------------------------------------

 End time:                               Fri Jun 18 09:29:31 2021
 Total wall-clock time:                 18.737 seconds
==================================================================================
