
================================================================================
          _____________ ________ _______________ ________     _________         
         / ___________// ______ \\_____   _____// ______ \   / ________)        
        / /_________  / /      \ \     | |     / /      \ \ | (_______          
       |  __________|| |        | |    | |    | |        | | \________ \        
        \ \_________ | |        | |    | |     \ \______/ /___________) |       
         \__________||_|        |_|    |_|      \________//____________/        
                                                                                
====================================[ Qcore ]===================================

 Git hash:   6a88d58d269bf0d2ccfae91583c23a2b072b7633
 Git date:   Tue, 25 May 2021 10:36:49 +0100
 Compiler:   GNU 9.1.0
 Build type: Release
 Version:    1.3.0

 Start time: Thu Jun 17 17:57:47 2021

 Data directory: /newhome/zw18965/.local/qcore/share/entos/1.3.0/data
 Number of threads: 16
 Number of threads was determined by: number of physical cores

 --------------------------------------------------------------------------------
                                   command: hf                                   
 --------------------------------------------------------------------------------
 AO basis set:                           cc-pwcv5z-pp-merged
 Number of AO basis functions:         206
 ECP on atom 1 (Re):                     60 electrons

 Formula:                                Re
 Nuclear charge:                        75.000000000
 Total charge:                           0.000000000
 Number of core electrons:              60
 Number of treated electrons:           15

 Number of alpha electrons:             10
 Number of beta electrons:               5
 Number of unpaired electrons:           5
 Spin:                                   5
 Multiplicity:                           septet

 Theory:                                 hf
 Method for Coulomb:                     incore_df
 Method for exact exchange:              pre_transformed_df
 Integral threshold:                     1.00e-12
 DF basis set:                           def2-universal-jkfit
 Number of DF basis functions:         227
 Schwarz screening threshold:            1.00e-10
 Coulomb fitting method:                 Cholesky
 Method for AO orthogonalization:        symmetric
 Threshold for linear dependence:        1.00e-08

 -------------------------------------
  Running unrestricted open-shell SCF 
 -------------------------------------
 Max number of iterations:             128
 Conv. threshold (gradient):             1.00e-05
 Conv. threshold (energy):               1.00e-06
 Interpolation scheme:                   adiis+cdiis
 Initial guess:                          H0

 ---------------------------------------------------------------
                  energy        change          grad        time
 ---------------------------------------------------------------
   0       -69.116539798                    4.08e+00        0.02
   1       -69.777390757     -6.61e-01      2.42e+00        0.03
   2       -75.591438411     -5.81e+00      1.92e+00        0.03
   3       -77.731725975     -2.14e+00      4.17e-01        0.03
   4       -77.765955473     -3.42e-02      7.76e-02        0.04
   5       -77.769702371     -3.75e-03      4.81e-02        0.04
   6       -77.770618772     -9.16e-04      1.45e-02        0.04
   7       -77.770705523     -8.68e-05      8.31e-03        0.03
   8       -77.770764941     -5.94e-05      8.90e-03        0.04
   9       -77.770636530      1.28e-04      6.69e-03        0.04
  10       -77.770570081      6.64e-05      1.70e-03        0.04
  11       -77.770569732      3.49e-07      8.22e-04        0.04
  12       -77.770570132     -3.99e-07      7.24e-04        0.04
  13       -77.770570443     -3.11e-07      7.19e-04        0.04
  14       -77.770571526     -1.08e-06      7.31e-04        0.04
  15       -77.770572438     -9.12e-07      7.31e-04        0.04
  16       -77.770619195     -4.68e-05      5.39e-03        0.03
  17       -77.770613739      5.46e-06      3.20e-03        0.04
  18       -77.770599175      1.46e-05      1.14e-03        0.04
  19       -77.770607171     -8.00e-06      1.91e-03        0.04
  20       -77.770608993     -1.82e-06      2.30e-03        0.04
  21       -77.770609137     -1.44e-07      1.15e-02        0.04
  22       -77.770607435      1.70e-06      1.19e-02        0.04
  23       -77.770608805     -1.37e-06      1.16e-02        0.04
  24       -77.770610622     -1.82e-06      1.11e-02        0.04
  25       -77.770595997      1.46e-05      1.40e-02        0.04
  26       -77.770609394     -1.34e-05      7.00e-04        0.04
  27       -77.770627870     -1.85e-05      2.06e-03        0.04
  28       -77.770632388     -4.52e-06      1.60e-03        0.04
  29       -77.770634822     -2.43e-06      2.38e-03        0.04
  30       -77.770638192     -3.37e-06      7.71e-04        0.04
  31       -77.770637758      4.35e-07      1.62e-03        0.04
  32       -77.770638456     -6.98e-07      1.78e-04        0.04
  33       -77.770638261      1.95e-07      8.81e-04        0.04
  34       -77.770638444     -1.83e-07      1.28e-04        0.04
  35       -77.770638448     -4.30e-09      3.40e-05        0.04
  36       -77.770638449     -1.16e-10      2.25e-05        0.04
  37       -77.770638449     -1.27e-10      1.75e-06        0.04

 SCF converged in 37 iterations.

 Dipole moment (in Debye):               0.000000       0.000000      -0.000000

 Quadrupole moment (in Debye-Angstrom):
                  1            2            3
 1       -24.533937     0.021035     0.515462
 2         0.021035   -24.671876     0.076848
 3         0.515462     0.076848   -22.791883

 Spin-squared expectation <S^2>:         8.759
 Total spin quantum number S:            2.501
 TOTAL ENERGY:                         -77.770638449
 Saving results in set 'HF'

 --------------------------------------------------------------------------------
                                command: unsoldw12                               
 --------------------------------------------------------------------------------
 Number of AO basis functions:         206

 DF basis set:                           def2-qzvppd-ri
 Number of DF basis functions:         261

 Unrestricted UW12 calculation:          
 Core spatial orbitals:                  0
 Correlated alpha orbitals:             10
 Correlated beta orbitals:               5

 ------------------
  UW12 Correlation 
 ------------------
 Factor for UW12 correlation:            1.000000000
 Same spin scale factor:                 0.000000000
 Calculate indirect contribution:        false
 Method for three electron term:         df_ri
 Auxiliary RI basis set:                 def2-QZVPPD-ri
 Number of RI basis functions:         261
 Gaussians in geminal expansion:         4
 UW12 screening threshold:               1.00e-10
 Method for density-fitting:             w(r)


 Reference energy:                     -77.770638449
 UW12 correlation energy:               -0.079811665
 Total UW12 energy:                    -77.850450114

 --------------------------------------------------------------------------------

 End time:                               Thu Jun 17 17:58:09 2021
 Total wall-clock time:                 21.593 seconds
==================================================================================
