
================================================================================
          _____________ ________ _______________ ________     _________         
         / ___________// ______ \\_____   _____// ______ \   / ________)        
        / /_________  / /      \ \     | |     / /      \ \ | (_______          
       |  __________|| |        | |    | |    | |        | | \________ \        
        \ \_________ | |        | |    | |     \ \______/ /___________) |       
         \__________||_|        |_|    |_|      \________//____________/        
                                                                                
====================================[ Qcore ]===================================

 Git hash:   6a88d58d269bf0d2ccfae91583c23a2b072b7633
 Git date:   Tue, 25 May 2021 10:36:49 +0100
 Compiler:   GNU 9.1.0
 Build type: Release
 Version:    1.3.0

 Start time: Thu Jun 17 17:58:26 2021

 Data directory: /newhome/zw18965/.local/qcore/share/entos/1.3.0/data
 Number of threads: 16
 Number of threads was determined by: number of physical cores

 --------------------------------------------------------------------------------
                                   command: hf                                   
 --------------------------------------------------------------------------------
 AO basis set:                           cc-pwcv5z-pp-merged
 Number of AO basis functions:         206
 ECP on atom 1 (Ir):                     60 electrons

 Formula:                                Ir
 Nuclear charge:                        77.000000000
 Total charge:                           0.000000000
 Number of core electrons:              60
 Number of treated electrons:           17

 Number of alpha electrons:             10
 Number of beta electrons:               7
 Number of unpaired electrons:           3
 Spin:                                   3
 Multiplicity:                           quartet

 Theory:                                 hf
 Method for Coulomb:                     incore_df
 Method for exact exchange:              pre_transformed_df
 Integral threshold:                     1.00e-12
 DF basis set:                           def2-universal-jkfit
 Number of DF basis functions:         227
 Schwarz screening threshold:            1.00e-10
 Coulomb fitting method:                 Cholesky
 Method for AO orthogonalization:        symmetric
 Threshold for linear dependence:        1.00e-08

 -------------------------------------
  Running unrestricted open-shell SCF 
 -------------------------------------
 Max number of iterations:             128
 Conv. threshold (gradient):             1.00e-05
 Conv. threshold (energy):               1.00e-06
 Interpolation scheme:                   adiis+cdiis
 Initial guess:                          H0

 ---------------------------------------------------------------
                  energy        change          grad        time
 ---------------------------------------------------------------
   0       -91.291572819                    4.92e+00        0.02
   1       -88.482150972      2.81e+00      3.19e+00        0.03
   2       -99.481552886     -1.10e+01      2.83e+00        0.03
   3      -103.546278528     -4.06e+00      5.11e-01        0.03
   4      -103.603208582     -5.69e-02      1.55e-01        0.04
   5      -103.611755372     -8.55e-03      9.47e-02        0.04
   6      -103.615133269     -3.38e-03      5.85e-02        0.04
   7      -103.616533911     -1.40e-03      2.42e-02        0.04
   8      -103.617027432     -4.94e-04      2.01e-02        0.04
   9      -103.617966420     -9.39e-04      1.08e-02        0.04
  10      -103.618119398     -1.53e-04      8.01e-03        0.04
  11      -103.618251684     -1.32e-04      5.04e-03        0.04
  12      -103.618263781     -1.21e-05      2.92e-03        0.04
  13      -103.618272690     -8.91e-06      2.30e-03        0.04
  14      -103.618290630     -1.79e-05      1.80e-03        0.04
  15      -103.618297091     -6.46e-06      2.58e-04        0.04
  16      -103.618297128     -3.66e-08      1.32e-04        0.04
  17      -103.618297143     -1.47e-08      1.14e-04        0.04
  18      -103.618297155     -1.19e-08      8.82e-05        0.04
  19      -103.618297175     -2.07e-08      3.84e-05        0.04
  20      -103.618297180     -4.73e-09      1.42e-05        0.04
  21      -103.618297180     -1.71e-10      9.91e-06        0.04

 SCF converged in 21 iterations.

 Dipole moment (in Debye):               0.000000      -0.000000       0.000000

 Quadrupole moment (in Debye-Angstrom):
                  1            2            3
 1       -23.556383     0.000312     0.000156
 2         0.000312   -23.556364    -0.000134
 3         0.000156    -0.000134   -23.556400

 Spin-squared expectation <S^2>:         3.754
 Total spin quantum number S:            1.501
 TOTAL ENERGY:                        -103.618297180
 Saving results in set 'HF'

 --------------------------------------------------------------------------------
                                command: unsoldw12                               
 --------------------------------------------------------------------------------
 Number of AO basis functions:         206

 DF basis set:                           def2-qzvppd-ri
 Number of DF basis functions:         252

 Unrestricted UW12 calculation:          
 Core spatial orbitals:                  0
 Correlated alpha orbitals:             10
 Correlated beta orbitals:               7

 ------------------
  UW12 Correlation 
 ------------------
 Factor for UW12 correlation:            1.000000000
 Same spin scale factor:                 0.000000000
 Calculate indirect contribution:        false
 Method for three electron term:         df_ri
 Auxiliary RI basis set:                 def2-QZVPPD-ri
 Number of RI basis functions:         252
 Gaussians in geminal expansion:         4
 UW12 screening threshold:               1.00e-10
 Method for density-fitting:             w(r)


 Reference energy:                    -103.618297180
 UW12 correlation energy:               -0.108276464
 Total UW12 energy:                   -103.726573644

 --------------------------------------------------------------------------------

 End time:                               Thu Jun 17 17:58:45 2021
 Total wall-clock time:                 18.483 seconds
==================================================================================
