
================================================================================
          _____________ ________ _______________ ________     _________         
         / ___________// ______ \\_____   _____// ______ \   / ________)        
        / /_________  / /      \ \     | |     / /      \ \ | (_______          
       |  __________|| |        | |    | |    | |        | | \________ \        
        \ \_________ | |        | |    | |     \ \______/ /___________) |       
         \__________||_|        |_|    |_|      \________//____________/        
                                                                                
====================================[ Qcore ]===================================

 Git hash:   6a88d58d269bf0d2ccfae91583c23a2b072b7633
 Git date:   Tue, 25 May 2021 10:36:49 +0100
 Compiler:   GNU 9.1.0
 Build type: Release
 Version:    1.3.0

 Start time: Wed Jun 16 15:48:18 2021

 Data directory: /newhome/zw18965/.local/qcore/share/entos/1.3.0/data
 Number of threads: 16
 Number of threads was determined by: number of physical cores

 --------------------------------------------------------------------------------
                                   command: hf                                   
 --------------------------------------------------------------------------------
 AO basis set:                           aug-pc-0
 Number of AO basis functions:           3

 Formula:                                He
 Nuclear charge:                         2.000000000
 Total charge:                           0.000000000
 Number of electrons:                    2.000000000

 Number of alpha electrons:              1
 Number of beta electrons:               1
 Number of unpaired electrons:           0
 Spin:                                   0
 Multiplicity:                           singlet

 Theory:                                 hf
 Method for Coulomb:                     incore_df
 Method for exact exchange:              pre_transformed_df
 Integral threshold:                     1.00e-12
 DF basis set:                           def2-universal-jkfit
 Number of DF basis functions:          23
 Schwarz screening threshold:            1.00e-10
 Coulomb fitting method:                 Cholesky
 Method for AO orthogonalization:        symmetric
 Threshold for linear dependence:        1.00e-08

 -------------------------------------
  Running restricted closed-shell SCF 
 -------------------------------------
 Max number of iterations:             128
 Conv. threshold (gradient):             1.00e-05
 Conv. threshold (energy):               1.00e-06
 Interpolation scheme:                   adiis+cdiis
 Initial guess:                          H0

 ---------------------------------------------------------------
                  energy        change          grad        time
 ---------------------------------------------------------------
   0        -2.724159562                    9.01e-01        0.00
   1        -2.834279480     -1.10e-01      6.51e-02        0.00
   2        -2.834989034     -7.10e-04      7.53e-03        0.00
   3        -2.835006013     -1.70e-05      1.23e-03        0.00
   4        -2.835006489     -4.75e-07      1.63e-06        0.00

 SCF converged in 4 iterations.

 Dipole moment (in Debye):               0.000000       0.000000       0.000000

 Quadrupole moment (in Debye-Angstrom):
                  1            2            3
 1        -1.104683     0.000000     0.000000
 2         0.000000    -1.104683     0.000000
 3         0.000000     0.000000    -1.104683

 Spin-squared expectation <S^2>:         0.000
 Total spin quantum number S:            0.000
 TOTAL ENERGY:                          -2.835006489
 Saving results in set 'HF'

 --------------------------------------------------------------------------------
                                command: unsoldw12                               
 --------------------------------------------------------------------------------
 Number of AO basis functions:           3

 DF basis set:                           def2-qzvppd-ri
 Number of DF basis functions:          56


 --------------------------
  Virtual UW12 Correlation 
 --------------------------
 Restricted Virtual UW12 calculation:    
 Core orbitals:                          0
 Correlated orbitals:                    1
 Virtual orbitals:                       2

 Opposite spin energy:                  -0.000713862

 Reference energy:                      -2.835006489
 UW12 correlation energy:               -0.000713862
 Total UW12 energy:                     -2.835720351

 --------------------------------------------------------------------------------

 End time:                               Wed Jun 16 15:48:18 2021
 Total wall-clock time:                  0.114 seconds
==================================================================================
