
================================================================================
          _____________ ________ _______________ ________     _________         
         / ___________// ______ \\_____   _____// ______ \   / ________)        
        / /_________  / /      \ \     | |     / /      \ \ | (_______          
       |  __________|| |        | |    | |    | |        | | \________ \        
        \ \_________ | |        | |    | |     \ \______/ /___________) |       
         \__________||_|        |_|    |_|      \________//____________/        
                                                                                
====================================[ Qcore ]===================================

 Git hash:   6a88d58d269bf0d2ccfae91583c23a2b072b7633
 Git date:   Tue, 25 May 2021 10:36:49 +0100
 Compiler:   GNU 9.1.0
 Build type: Release
 Version:    1.3.0

 Start time: Wed Jun 16 15:48:18 2021

 Data directory: /newhome/zw18965/.local/qcore/share/entos/1.3.0/data
 Number of threads: 16
 Number of threads was determined by: number of physical cores

 --------------------------------------------------------------------------------
                                   command: hf                                   
 --------------------------------------------------------------------------------
 AO basis set:                           aug-pc-0
 Number of AO basis functions:          13

 Formula:                                N
 Nuclear charge:                         7.000000000
 Total charge:                           0.000000000
 Number of electrons:                    7.000000000

 Number of alpha electrons:              5
 Number of beta electrons:               2
 Number of unpaired electrons:           3
 Spin:                                   3
 Multiplicity:                           quartet

 Theory:                                 hf
 Method for Coulomb:                     incore_df
 Method for exact exchange:              pre_transformed_df
 Integral threshold:                     1.00e-12
 DF basis set:                           def2-universal-jkfit
 Number of DF basis functions:          77
 Schwarz screening threshold:            1.00e-10
 Coulomb fitting method:                 Cholesky
 Method for AO orthogonalization:        symmetric
 Threshold for linear dependence:        1.00e-08

 -------------------------------------
  Running unrestricted open-shell SCF 
 -------------------------------------
 Max number of iterations:             128
 Conv. threshold (gradient):             1.00e-05
 Conv. threshold (energy):               1.00e-06
 Interpolation scheme:                   adiis+cdiis
 Initial guess:                          H0

 ---------------------------------------------------------------
                  energy        change          grad        time
 ---------------------------------------------------------------
   0       -51.279267196                    2.84e+00        0.00
   1       -53.493163018     -2.21e+00      6.80e-01        0.00
   2       -54.211202160     -7.18e-01      1.86e-01        0.00
   3       -54.250821481     -3.96e-02      5.88e-02        0.00
   4       -54.252773661     -1.95e-03      1.42e-02        0.00
   5       -54.253102278     -3.29e-04      2.22e-03        0.00
   6       -54.253112196     -9.92e-06      2.34e-04        0.00
   7       -54.253112277     -8.11e-08      1.78e-05        0.00
   8       -54.253112277     -4.48e-10      6.91e-06        0.00

 SCF converged in 8 iterations.

 Dipole moment (in Debye):               0.000000       0.000000       0.000000

 Quadrupole moment (in Debye-Angstrom):
                  1            2            3
 1        -5.539090     0.000000     0.000000
 2         0.000000    -5.539090    -0.000000
 3         0.000000    -0.000000    -5.539090

 Spin-squared expectation <S^2>:         3.756
 Total spin quantum number S:            1.501
 TOTAL ENERGY:                         -54.253112277
 Saving results in set 'HF'

 --------------------------------------------------------------------------------
                                command: unsoldw12                               
 --------------------------------------------------------------------------------
 Number of AO basis functions:          13

 DF basis set:                           def2-qzvppd-ri
 Number of DF basis functions:         157


 --------------------------
  Virtual UW12 Correlation 
 --------------------------
 Unrestricted MP2 calculation:           
 Core spatial orbitals:                  1
 Correlated alpha orbitals:              4
 Correlated beta orbitals:               1
 Virtual alpha orbitals:                 8
 Virtual beta orbitals:                 11

 Opposite spin energy:                  -0.001244887

 Reference energy:                     -54.253112277
 UW12 correlation energy:               -0.001244887
 Total UW12 energy:                    -54.254357164

 --------------------------------------------------------------------------------

 End time:                               Wed Jun 16 15:48:19 2021
 Total wall-clock time:                  0.129 seconds
==================================================================================
