
================================================================================
          _____________ ________ _______________ ________     _________         
         / ___________// ______ \\_____   _____// ______ \   / ________)        
        / /_________  / /      \ \     | |     / /      \ \ | (_______          
       |  __________|| |        | |    | |    | |        | | \________ \        
        \ \_________ | |        | |    | |     \ \______/ /___________) |       
         \__________||_|        |_|    |_|      \________//____________/        
                                                                                
====================================[ Qcore ]===================================

 Git hash:   6a88d58d269bf0d2ccfae91583c23a2b072b7633
 Git date:   Tue, 25 May 2021 10:36:49 +0100
 Compiler:   GNU 9.1.0
 Build type: Release
 Version:    1.3.0

 Start time: Wed Jun 16 15:48:19 2021

 Data directory: /newhome/zw18965/.local/qcore/share/entos/1.3.0/data
 Number of threads: 16
 Number of threads was determined by: number of physical cores

 --------------------------------------------------------------------------------
                                   command: hf                                   
 --------------------------------------------------------------------------------
 AO basis set:                           aug-pc-0
 Number of AO basis functions:          13

 Formula:                                Ne
 Nuclear charge:                        10.000000000
 Total charge:                           0.000000000
 Number of electrons:                   10.000000000

 Number of alpha electrons:              5
 Number of beta electrons:               5
 Number of unpaired electrons:           0
 Spin:                                   0
 Multiplicity:                           singlet

 Theory:                                 hf
 Method for Coulomb:                     incore_df
 Method for exact exchange:              pre_transformed_df
 Integral threshold:                     1.00e-12
 DF basis set:                           def2-universal-jkfit
 Number of DF basis functions:          77
 Schwarz screening threshold:            1.00e-10
 Coulomb fitting method:                 Cholesky
 Method for AO orthogonalization:        symmetric
 Threshold for linear dependence:        1.00e-08

 -------------------------------------
  Running restricted closed-shell SCF 
 -------------------------------------
 Max number of iterations:             128
 Conv. threshold (gradient):             1.00e-05
 Conv. threshold (energy):               1.00e-06
 Interpolation scheme:                   adiis+cdiis
 Initial guess:                          H0

 ---------------------------------------------------------------
                  energy        change          grad        time
 ---------------------------------------------------------------
   0      -120.571394922                    9.03e+00        0.00
   1      -118.712786281      1.86e+00      3.93e+00        0.00
   2      -125.569480853     -6.86e+00      2.71e+00        0.00
   3      -127.941169284     -2.37e+00      7.98e-01        0.00
   4      -128.065776365     -1.25e-01      3.71e-01        0.00
   5      -128.092154670     -2.64e-02      1.72e-01        0.00
   6      -128.097819277     -5.66e-03      7.65e-02        0.00
   7      -128.098933006     -1.11e-03      3.46e-02        0.00
   8      -128.099218255     -2.85e-04      3.20e-05        0.00
   9      -128.099218255     -2.99e-10      1.70e-06        0.00

 SCF converged in 9 iterations.

 Dipole moment (in Debye):               0.000000       0.000000      -0.000000

 Quadrupole moment (in Debye-Angstrom):
                  1            2            3
 1        -4.280915    -0.000000    -0.000000
 2        -0.000000    -4.280915     0.000000
 3        -0.000000     0.000000    -4.280915

 Spin-squared expectation <S^2>:         0.000
 Total spin quantum number S:            0.000
 TOTAL ENERGY:                        -128.099218255
 Saving results in set 'HF'

 --------------------------------------------------------------------------------
                                command: unsoldw12                               
 --------------------------------------------------------------------------------
 Number of AO basis functions:          13

 DF basis set:                           def2-qzvppd-ri
 Number of DF basis functions:         157


 --------------------------
  Virtual UW12 Correlation 
 --------------------------
 Restricted Virtual UW12 calculation:    
 Core orbitals:                          1
 Correlated orbitals:                    4
 Virtual orbitals:                       8

 Opposite spin energy:                  -0.006434503

 Reference energy:                    -128.099218255
 UW12 correlation energy:               -0.006434503
 Total UW12 energy:                   -128.105652758

 --------------------------------------------------------------------------------

 End time:                               Wed Jun 16 15:48:19 2021
 Total wall-clock time:                  0.114 seconds
==================================================================================
