
================================================================================
          _____________ ________ _______________ ________     _________         
         / ___________// ______ \\_____   _____// ______ \   / ________)        
        / /_________  / /      \ \     | |     / /      \ \ | (_______          
       |  __________|| |        | |    | |    | |        | | \________ \        
        \ \_________ | |        | |    | |     \ \______/ /___________) |       
         \__________||_|        |_|    |_|      \________//____________/        
                                                                                
====================================[ Qcore ]===================================

 Git hash:   6a88d58d269bf0d2ccfae91583c23a2b072b7633
 Git date:   Tue, 25 May 2021 10:36:49 +0100
 Compiler:   GNU 9.1.0
 Build type: Release
 Version:    1.3.0

 Start time: Wed Jun 16 15:48:19 2021

 Data directory: /newhome/zw18965/.local/qcore/share/entos/1.3.0/data
 Number of threads: 16
 Number of threads was determined by: number of physical cores

 --------------------------------------------------------------------------------
                                   command: hf                                   
 --------------------------------------------------------------------------------
 AO basis set:                           aug-pc-0
 Number of AO basis functions:          14

 Formula:                                Na
 Nuclear charge:                        11.000000000
 Total charge:                           0.000000000
 Number of electrons:                   11.000000000

 Number of alpha electrons:              6
 Number of beta electrons:               5
 Number of unpaired electrons:           1
 Spin:                                   1
 Multiplicity:                           doublet

 Theory:                                 hf
 Method for Coulomb:                     incore_df
 Method for exact exchange:              pre_transformed_df
 Integral threshold:                     1.00e-12
 DF basis set:                           def2-universal-jkfit
 Number of DF basis functions:         112
 Schwarz screening threshold:            1.00e-10
 Coulomb fitting method:                 Cholesky
 Method for AO orthogonalization:        symmetric
 Threshold for linear dependence:        1.00e-08

 -------------------------------------
  Running unrestricted open-shell SCF 
 -------------------------------------
 Max number of iterations:             128
 Conv. threshold (gradient):             1.00e-05
 Conv. threshold (energy):               1.00e-06
 Interpolation scheme:                   adiis+cdiis
 Initial guess:                          H0

 ---------------------------------------------------------------
                  energy        change          grad        time
 ---------------------------------------------------------------
   0      -157.691518105                    2.45e+00        0.00
   1      -161.618215072     -3.93e+00      2.76e-01        0.00
   2      -161.738253232     -1.20e-01      8.55e-02        0.00
   3      -161.748567250     -1.03e-02      2.30e-02        0.00
   4      -161.751256791     -2.69e-03      9.25e-03        0.00
   5      -161.751777864     -5.21e-04      3.22e-04        0.00
   6      -161.751778535     -6.71e-07      2.44e-05        0.00
   7      -161.751778536     -1.29e-09      8.76e-07        0.00

 SCF converged in 7 iterations.

 Dipole moment (in Debye):              -0.000000       0.000000       0.000000

 Quadrupole moment (in Debye-Angstrom):
                  1            2            3
 1       -12.230582     0.000000     0.000000
 2         0.000000   -12.230582     0.000000
 3         0.000000     0.000000   -12.230582

 Spin-squared expectation <S^2>:         0.750
 Total spin quantum number S:            0.500
 TOTAL ENERGY:                        -161.751778536
 Saving results in set 'HF'

 --------------------------------------------------------------------------------
                                command: unsoldw12                               
 --------------------------------------------------------------------------------
 Number of AO basis functions:          14

 DF basis set:                           def2-qzvppd-ri
 Number of DF basis functions:         166


 --------------------------
  Virtual UW12 Correlation 
 --------------------------
 Unrestricted MP2 calculation:           
 Core spatial orbitals:                  5
 Correlated alpha orbitals:              1
 Correlated beta orbitals:               0
 Virtual alpha orbitals:                 8
 Virtual beta orbitals:                  9

 Opposite spin energy:                  -0.000000000

 Reference energy:                    -161.751778536
 UW12 correlation energy:               -0.000000000
 Total UW12 energy:                   -161.751778536

 --------------------------------------------------------------------------------

 End time:                               Wed Jun 16 15:48:19 2021
 Total wall-clock time:                  0.134 seconds
==================================================================================
