
================================================================================
          _____________ ________ _______________ ________     _________         
         / ___________// ______ \\_____   _____// ______ \   / ________)        
        / /_________  / /      \ \     | |     / /      \ \ | (_______          
       |  __________|| |        | |    | |    | |        | | \________ \        
        \ \_________ | |        | |    | |     \ \______/ /___________) |       
         \__________||_|        |_|    |_|      \________//____________/        
                                                                                
====================================[ Qcore ]===================================

 Git hash:   6a88d58d269bf0d2ccfae91583c23a2b072b7633
 Git date:   Tue, 25 May 2021 10:36:49 +0100
 Compiler:   GNU 9.1.0
 Build type: Release
 Version:    1.3.0

 Start time: Wed Jun 16 15:48:23 2021

 Data directory: /newhome/zw18965/.local/qcore/share/entos/1.3.0/data
 Number of threads: 16
 Number of threads was determined by: number of physical cores

 --------------------------------------------------------------------------------
                                   command: hf                                   
 --------------------------------------------------------------------------------
 AO basis set:                           aug-pc-0
 Number of AO basis functions:          26

 Formula:                                As
 Nuclear charge:                        33.000000000
 Total charge:                           0.000000000
 Number of electrons:                   33.000000000

 Number of alpha electrons:             18
 Number of beta electrons:              15
 Number of unpaired electrons:           3
 Spin:                                   3
 Multiplicity:                           quartet

 Theory:                                 hf
 Method for Coulomb:                     incore_df
 Method for exact exchange:              pre_transformed_df
 Integral threshold:                     1.00e-12
 DF basis set:                           def2-universal-jkfit
 Number of DF basis functions:         266
 Schwarz screening threshold:            1.00e-10
 Coulomb fitting method:                 Cholesky
 Method for AO orthogonalization:        symmetric
 Threshold for linear dependence:        1.00e-08

 -------------------------------------
  Running unrestricted open-shell SCF 
 -------------------------------------
 Max number of iterations:             128
 Conv. threshold (gradient):             1.00e-05
 Conv. threshold (energy):               1.00e-06
 Interpolation scheme:                   adiis+cdiis
 Initial guess:                          H0

 ---------------------------------------------------------------
                  energy        change          grad        time
 ---------------------------------------------------------------
   0     -2196.858513331                    2.06e+01        0.00
   1     -2174.737697024      2.21e+01      6.31e+00        0.00
   2     -2222.118001042     -4.74e+01      5.24e+00        0.00
   3     -2232.507213152     -1.04e+01      4.77e-01        0.00
   4     -2232.555435072     -4.82e-02      3.95e-02        0.00
   5     -2232.556391718     -9.57e-04      7.25e-03        0.00
   6     -2232.556473856     -8.21e-05      1.61e-03        0.00
   7     -2232.556479577     -5.72e-06      1.60e-04        0.00
   8     -2232.556479741     -1.64e-07      3.72e-05        0.00
   9     -2232.556479743     -1.74e-09      6.38e-06        0.00

 SCF converged in 9 iterations.

 Dipole moment (in Debye):               0.000000      -0.000000       0.000000

 Quadrupole moment (in Debye-Angstrom):
                  1            2            3
 1       -18.964936     0.000000    -0.000000
 2         0.000000   -18.964936    -0.000000
 3        -0.000000    -0.000000   -18.964936

 Spin-squared expectation <S^2>:         3.751
 Total spin quantum number S:            1.500
 TOTAL ENERGY:                       -2232.556479743
 Saving results in set 'HF'

 --------------------------------------------------------------------------------
                                command: unsoldw12                               
 --------------------------------------------------------------------------------
 Number of AO basis functions:          26

 DF basis set:                           def2-qzvppd-ri
 Number of DF basis functions:         314


 --------------------------
  Virtual UW12 Correlation 
 --------------------------
 Unrestricted MP2 calculation:           
 Core spatial orbitals:                  9
 Correlated alpha orbitals:              9
 Correlated beta orbitals:               6
 Virtual alpha orbitals:                 8
 Virtual beta orbitals:                 11

 Opposite spin energy:                  -0.002167825

 Reference energy:                   -2232.556479743
 UW12 correlation energy:               -0.002167825
 Total UW12 energy:                  -2232.558647568

 --------------------------------------------------------------------------------

 End time:                               Wed Jun 16 15:48:24 2021
 Total wall-clock time:                  0.553 seconds
==================================================================================
