
================================================================================
          _____________ ________ _______________ ________     _________         
         / ___________// ______ \\_____   _____// ______ \   / ________)        
        / /_________  / /      \ \     | |     / /      \ \ | (_______          
       |  __________|| |        | |    | |    | |        | | \________ \        
        \ \_________ | |        | |    | |     \ \______/ /___________) |       
         \__________||_|        |_|    |_|      \________//____________/        
                                                                                
====================================[ Qcore ]===================================

 Git hash:   6a88d58d269bf0d2ccfae91583c23a2b072b7633
 Git date:   Tue, 25 May 2021 10:36:49 +0100
 Compiler:   GNU 9.1.0
 Build type: Release
 Version:    1.3.0

 Start time: Mon Jun  7 13:56:27 2021

 Data directory: /newhome/zw18965/.local/qcore/share/entos/1.3.0/data
 Number of threads: 16
 Number of threads was determined by: number of physical cores

 --------------------------------------------------------------------------------
                                   command: hf                                   
 --------------------------------------------------------------------------------
 AO basis set:                           aug-cc-pvqz-combined-pp
 Number of AO basis functions:         140

 Formula:                                Zn
 Nuclear charge:                        30.000000000
 Total charge:                           0.000000000
 Number of electrons:                   30.000000000

 Number of alpha electrons:             15
 Number of beta electrons:              15
 Number of unpaired electrons:           0
 Spin:                                   0
 Multiplicity:                           singlet

 Theory:                                 hf
 Method for Coulomb:                     incore_df
 Method for exact exchange:              pre_transformed_df
 Integral threshold:                     1.00e-12
 DF basis set:                           def2-universal-jkfit
 Number of DF basis functions:         264
 Schwarz screening threshold:            1.00e-10
 Coulomb fitting method:                 Cholesky
 Method for AO orthogonalization:        symmetric
 Threshold for linear dependence:        1.00e-08

 -------------------------------------
  Running restricted closed-shell SCF 
 -------------------------------------
 Max number of iterations:             128
 Conv. threshold (gradient):             1.00e-05
 Conv. threshold (energy):               1.00e-06
 Interpolation scheme:                   adiis+cdiis
 Initial guess:                          H0

 ---------------------------------------------------------------
                  energy        change          grad        time
 ---------------------------------------------------------------
   0     -1616.186546377                    3.91e+01        0.01
   1     -1591.971300033      2.42e+01      2.34e+01        0.01
   2     -1725.222736123     -1.33e+02      2.33e+01        0.01
   3     -1772.669703494     -4.74e+01      6.51e+00        0.01
   4     -1773.512991758     -8.43e-01      5.75e+00        0.01
   5     -1777.817354932     -4.30e+00      3.03e-01        0.01
   6     -1777.825404013     -8.05e-03      3.70e-01        0.02
   7     -1777.845077367     -1.97e-02      1.20e-01        0.01
   8     -1777.845021508      5.59e-05      1.34e-01        0.02
   9     -1777.847900107     -2.88e-03      7.00e-03        0.02
  10     -1777.847928243     -2.81e-05      7.27e-03        0.02
  11     -1777.847939515     -1.13e-05      9.95e-05        0.01
  12     -1777.847939521     -5.67e-09      8.68e-06        0.01

 SCF converged in 12 iterations.

 Dipole moment (in Debye):               0.000000      -0.000000       0.000000

 Quadrupole moment (in Debye-Angstrom):
                  1            2            3
 1       -15.683674     0.000000     0.000000
 2         0.000000   -15.683674     0.000000
 3         0.000000     0.000000   -15.683673

 Spin-squared expectation <S^2>:         0.000
 Total spin quantum number S:            0.000
 TOTAL ENERGY:                       -1777.847939521
 Saving results in set 'HF'

 --------------------------------------------------------------------------------
                                command: unsoldw12                               
 --------------------------------------------------------------------------------
 Number of AO basis functions:         140

 DF basis set:                           def2-qzvppd-ri
 Number of DF basis functions:         316

 Restricted UW12 calculation:            
 Core Orbitals:                          5
 Correlated Orbitals:                   10

 ------------------
  UW12 Correlation 
 ------------------
 Factor for UW12 correlation:            1.000000000
 Same spin scale factor:                 0.000000000
 Calculate indirect contribution:        false
 Method for three electron term:         df_ri
 Auxiliary RI basis set:                 def2-QZVPPD-ri
 Number of RI basis functions:         316
 Gaussians in geminal expansion:         4
 UW12 screening threshold:               1.00e-10
 Method for density-fitting:             w(r)
 Number of core spatial orbitals:        5


 Reference energy:                   -1777.847939521
 UW12 correlation energy:               -0.094036664
 Total UW12 energy:                  -1777.941976184

 --------------------------------------------------------------------------------

 End time:                               Mon Jun  7 13:56:58 2021
 Total wall-clock time:                 30.946 seconds
==================================================================================
