
================================================================================
          _____________ ________ _______________ ________     _________         
         / ___________// ______ \\_____   _____// ______ \   / ________)        
        / /_________  / /      \ \     | |     / /      \ \ | (_______          
       |  __________|| |        | |    | |    | |        | | \________ \        
        \ \_________ | |        | |    | |     \ \______/ /___________) |       
         \__________||_|        |_|    |_|      \________//____________/        
                                                                                
====================================[ Qcore ]===================================

 Git hash:   6a88d58d269bf0d2ccfae91583c23a2b072b7633
 Git date:   Tue, 25 May 2021 10:36:49 +0100
 Compiler:   GNU 9.1.0
 Build type: Release
 Version:    1.3.0

 Start time: Mon Jun  7 13:59:00 2021

 Data directory: /newhome/zw18965/.local/qcore/share/entos/1.3.0/data
 Number of threads: 16
 Number of threads was determined by: number of physical cores

 --------------------------------------------------------------------------------
                                   command: hf                                   
 --------------------------------------------------------------------------------
 AO basis set:                           aug-cc-pvqz-combined-pp
 Number of AO basis functions:         135
 ECP on atom 1 (Mo):                     28 electrons

 Formula:                                Mo
 Nuclear charge:                        42.000000000
 Total charge:                           0.000000000
 Number of core electrons:              28
 Number of treated electrons:           14

 Number of alpha electrons:              7
 Number of beta electrons:               7
 Number of unpaired electrons:           0
 Spin:                                   0
 Multiplicity:                           singlet

 Theory:                                 hf
 Method for Coulomb:                     incore_df
 Method for exact exchange:              pre_transformed_df
 Integral threshold:                     1.00e-12
 DF basis set:                           def2-universal-jkfit
 Number of DF basis functions:         255
 Schwarz screening threshold:            1.00e-10
 Coulomb fitting method:                 Cholesky
 Method for AO orthogonalization:        symmetric
 Threshold for linear dependence:        1.00e-08

 -------------------------------------
  Running restricted closed-shell SCF 
 -------------------------------------
 Max number of iterations:             128
 Conv. threshold (gradient):             1.00e-05
 Conv. threshold (energy):               1.00e-06
 Interpolation scheme:                   adiis+cdiis
 Initial guess:                          H0

 ---------------------------------------------------------------
                  energy        change          grad        time
 ---------------------------------------------------------------
   0       -58.217354556                    7.49e+00        0.01
   1       -59.064801148     -8.47e-01      5.42e+00        0.02
   2       -64.343243763     -5.28e+00      4.82e+00        0.01
   3       -67.014054146     -2.67e+00      6.01e-01        0.02
   4       -67.053657891     -3.96e-02      2.29e-01        0.01
   5       -67.062229294     -8.57e-03      1.71e-01        0.01
   6       -67.068505034     -6.28e-03      1.51e-01        0.02
   7       -67.073511339     -5.01e-03      1.29e-01        0.02
   8       -67.077496441     -3.99e-03      1.12e-01        0.02
   9       -67.080691275     -3.19e-03      9.70e-02        0.03
  10       -67.083205293     -2.51e-03      8.40e-02        0.02
  11       -67.092452533     -9.25e-03      5.21e-02        0.02
  12       -67.092011604      4.41e-04      5.40e-02        0.02
  13       -67.090577497      1.43e-03      5.43e-02        0.02
  14       -67.089829426      7.48e-04      5.01e-02        0.01
  15       -67.087547851      2.28e-03      3.95e-02        0.02
  16       -67.086437331      1.11e-03      2.26e-02        0.02
  17       -67.085820381      6.17e-04      2.29e-02        0.02
  18       -67.085695533      1.25e-04      3.04e-02        0.01
  19       -67.085789730     -9.42e-05      3.04e-02        0.02
  20       -67.085846674     -5.69e-05      3.09e-02        0.02
  21       -67.085906458     -5.98e-05      3.06e-02        0.02
  22       -67.086093922     -1.87e-04      2.95e-02        0.01
  23       -67.085786975      3.07e-04      4.20e-02        0.02
  24       -67.086027603     -2.41e-04      2.90e-02        0.01
  25       -67.086081972     -5.44e-05      3.07e-02        0.02
  26       -67.086210610     -1.29e-04      1.87e-02        0.02
  27       -67.086029873      1.81e-04      1.25e-02        0.02
  28       -67.085874452      1.55e-04      8.50e-03        0.03
  29       -67.085772660      1.02e-04      8.66e-03        0.01
  30       -67.085771887      7.73e-07      1.03e-02        0.02
  31       -67.085776524     -4.64e-06      6.55e-03        0.02
  32       -67.085785414     -8.89e-06      5.76e-03        0.02
  33       -67.085788605     -3.19e-06      4.80e-03        0.03
  34       -67.085740077      4.85e-05      3.85e-03        0.02
  35       -67.085704252      3.58e-05      4.72e-03        0.02
  36       -67.085705635     -1.38e-06      2.41e-03        0.01
  37       -67.085704725      9.10e-07      1.83e-03        0.02
  38       -67.085704340      3.85e-07      2.29e-03        0.02
  39       -67.085705615     -1.28e-06      1.21e-03        0.02
  40       -67.085705259      3.56e-07      1.32e-03        0.02
  41       -67.085703667      1.59e-06      1.20e-03        0.02
  42       -67.085701017      2.65e-06      1.16e-03        0.02
  43       -67.085696152      4.87e-06      7.36e-04        0.02
  44       -67.085693881      2.27e-06      4.29e-04        0.02
  45       -67.085693832      4.85e-08      2.19e-04        0.02
  46       -67.085693841     -8.83e-09      1.18e-04        0.01
  47       -67.085693839      1.85e-09      7.69e-05        0.02
  48       -67.085693830      9.32e-09      6.13e-05        0.02
  49       -67.085693816      1.34e-08      5.11e-05        0.02
  50       -67.085693794      2.22e-08      2.76e-05        0.02
  51       -67.085693789      4.78e-09      1.49e-05        0.02
  52       -67.085693788      1.06e-09      7.86e-06        0.01

 SCF converged in 52 iterations.

 Dipole moment (in Debye):              -0.000000      -0.000000      -0.000000

 Quadrupole moment (in Debye-Angstrom):
                  1            2            3
 1       -21.609484    -0.000401     0.000133
 2        -0.000401   -21.609702    -0.000359
 3         0.000133    -0.000359   -21.609298

 Spin-squared expectation <S^2>:         0.000
 Total spin quantum number S:            0.000
 TOTAL ENERGY:                         -67.085693788
 Saving results in set 'HF'

 --------------------------------------------------------------------------------
                                command: unsoldw12                               
 --------------------------------------------------------------------------------
 Number of AO basis functions:         135

 DF basis set:                           def2-qzvppd-ri
 Number of DF basis functions:         252

 Restricted UW12 calculation:            
 Core Orbitals:                          0
 Correlated Orbitals:                    7

 ------------------
  UW12 Correlation 
 ------------------
 Factor for UW12 correlation:            1.000000000
 Same spin scale factor:                 0.000000000
 Calculate indirect contribution:        false
 Method for three electron term:         df_ri
 Auxiliary RI basis set:                 def2-QZVPPD-ri
 Number of RI basis functions:         252
 Gaussians in geminal expansion:         4
 UW12 screening threshold:               1.00e-10
 Method for density-fitting:             w(r)


 Reference energy:                     -67.085693788
 UW12 correlation energy:               -0.079816443
 Total UW12 energy:                    -67.165510231

 --------------------------------------------------------------------------------

 End time:                               Mon Jun  7 13:59:32 2021
 Total wall-clock time:                 31.332 seconds
==================================================================================
