
================================================================================
          _____________ ________ _______________ ________     _________         
         / ___________// ______ \\_____   _____// ______ \   / ________)        
        / /_________  / /      \ \     | |     / /      \ \ | (_______          
       |  __________|| |        | |    | |    | |        | | \________ \        
        \ \_________ | |        | |    | |     \ \______/ /___________) |       
         \__________||_|        |_|    |_|      \________//____________/        
                                                                                
====================================[ Qcore ]===================================

 Git hash:   6a88d58d269bf0d2ccfae91583c23a2b072b7633
 Git date:   Tue, 25 May 2021 10:36:49 +0100
 Compiler:   GNU 9.1.0
 Build type: Release
 Version:    1.3.0

 Start time: Mon Jun  7 14:04:32 2021

 Data directory: /newhome/zw18965/.local/qcore/share/entos/1.3.0/data
 Number of threads: 16
 Number of threads was determined by: number of physical cores

 --------------------------------------------------------------------------------
                                   command: hf                                   
 --------------------------------------------------------------------------------
 AO basis set:                           aug-cc-pvqz-combined-pp
 Number of AO basis functions:         135
 ECP on atom 1 (Hg):                     60 electrons

 Formula:                                Hg
 Nuclear charge:                        80.000000000
 Total charge:                           0.000000000
 Number of core electrons:              60
 Number of treated electrons:           20

 Number of alpha electrons:             10
 Number of beta electrons:              10
 Number of unpaired electrons:           0
 Spin:                                   0
 Multiplicity:                           singlet

 Theory:                                 hf
 Method for Coulomb:                     incore_df
 Method for exact exchange:              pre_transformed_df
 Integral threshold:                     1.00e-12
 DF basis set:                           def2-universal-jkfit
 Number of DF basis functions:         247
 Schwarz screening threshold:            1.00e-10
 Coulomb fitting method:                 Cholesky
 Method for AO orthogonalization:        symmetric
 Threshold for linear dependence:        1.00e-08

 -------------------------------------
  Running restricted closed-shell SCF 
 -------------------------------------
 Max number of iterations:             128
 Conv. threshold (gradient):             1.00e-05
 Conv. threshold (energy):               1.00e-06
 Interpolation scheme:                   adiis+cdiis
 Initial guess:                          H0

 ---------------------------------------------------------------
                  energy        change          grad        time
 ---------------------------------------------------------------
   0      -133.593251877                    8.00e+00        0.02
   1      -118.603511810      1.50e+01      6.86e+00        0.03
   2      -144.465701436     -2.59e+01      5.56e+00        0.02
   3      -152.289230699     -7.82e+00      1.06e+00        0.02
   4      -152.471350748     -1.82e-01      5.05e-01        0.02
   5      -152.513732989     -4.24e-02      2.72e-01        0.02
   6      -152.537579356     -2.38e-02      1.04e-01        0.02
   7      -152.539634333     -2.05e-03      5.67e-02        0.02
   8      -152.540647972     -1.01e-03      2.16e-02        0.03
   9      -152.540800452     -1.52e-04      1.57e-04        0.02
  10      -152.540800465     -1.31e-08      2.23e-05        0.03
  11      -152.540800465     -1.54e-10      7.70e-07        0.03

 SCF converged in 11 iterations.

 Dipole moment (in Debye):               0.000000      -0.000000      -0.000000

 Quadrupole moment (in Debye-Angstrom):
                  1            2            3
 1       -24.255793     0.000000    -0.000000
 2         0.000000   -24.255793     0.000000
 3        -0.000000     0.000000   -24.255793

 Spin-squared expectation <S^2>:         0.000
 Total spin quantum number S:            0.000
 TOTAL ENERGY:                        -152.540800465
 Saving results in set 'HF'

 --------------------------------------------------------------------------------
                                command: unsoldw12                               
 --------------------------------------------------------------------------------
 Number of AO basis functions:         135

 DF basis set:                           def2-qzvppd-ri
 Number of DF basis functions:         252

 Restricted UW12 calculation:            
 Core Orbitals:                          0
 Correlated Orbitals:                   10

 ------------------
  UW12 Correlation 
 ------------------
 Factor for UW12 correlation:            1.000000000
 Same spin scale factor:                 0.000000000
 Calculate indirect contribution:        false
 Method for three electron term:         df_ri
 Auxiliary RI basis set:                 def2-QZVPPD-ri
 Number of RI basis functions:         252
 Gaussians in geminal expansion:         4
 UW12 screening threshold:               1.00e-10
 Method for density-fitting:             w(r)


 Reference energy:                    -152.540800465
 UW12 correlation energy:               -0.147003344
 Total UW12 energy:                   -152.687803810

 --------------------------------------------------------------------------------

 End time:                               Mon Jun  7 14:05:08 2021
 Total wall-clock time:                 36.084 seconds
==================================================================================
