
================================================================================
          _____________ ________ _______________ ________     _________         
         / ___________// ______ \\_____   _____// ______ \   / ________)        
        / /_________  / /      \ \     | |     / /      \ \ | (_______          
       |  __________|| |        | |    | |    | |        | | \________ \        
        \ \_________ | |        | |    | |     \ \______/ /___________) |       
         \__________||_|        |_|    |_|      \________//____________/        
                                                                                
====================================[ Qcore ]===================================

 Git hash:   6a88d58d269bf0d2ccfae91583c23a2b072b7633
 Git date:   Tue, 25 May 2021 10:36:49 +0100
 Compiler:   GNU 9.1.0
 Build type: Release
 Version:    1.3.0

 Start time: Wed Jun 16 15:40:19 2021

 Data directory: /newhome/zw18965/.local/qcore/share/entos/1.3.0/data
 Number of threads: 16
 Number of threads was determined by: number of physical cores

 --------------------------------------------------------------------------------
                                   command: hf                                   
 --------------------------------------------------------------------------------
 AO basis set:                           aug-pc-0
 Number of AO basis functions:          26

 Formula:                                Kr
 Nuclear charge:                        36.000000000
 Total charge:                           0.000000000
 Number of electrons:                   36.000000000

 Number of alpha electrons:             18
 Number of beta electrons:              18
 Number of unpaired electrons:           0
 Spin:                                   0
 Multiplicity:                           singlet

 Theory:                                 hf
 Method for Coulomb:                     incore_df
 Method for exact exchange:              pre_transformed_df
 Integral threshold:                     1.00e-12
 DF basis set:                           def2-universal-jkfit
 Number of DF basis functions:         266
 Schwarz screening threshold:            1.00e-10
 Coulomb fitting method:                 Cholesky
 Method for AO orthogonalization:        symmetric
 Threshold for linear dependence:        1.00e-08

 -------------------------------------
  Running restricted closed-shell SCF 
 -------------------------------------
 Max number of iterations:             128
 Conv. threshold (gradient):             1.00e-05
 Conv. threshold (energy):               1.00e-06
 Interpolation scheme:                   adiis+cdiis
 Initial guess:                          H0

 ---------------------------------------------------------------
                  energy        change          grad        time
 ---------------------------------------------------------------
   0     -2696.523307363                    4.59e+01        0.00
   1     -2681.367626198      1.52e+01      1.22e+01        0.00
   2     -2737.832148247     -5.65e+01      1.10e+01        0.00
   3     -2749.460238296     -1.16e+01      1.98e+00        0.00
   4     -2750.036121473     -5.76e-01      3.15e-01        0.00
   5     -2750.042513136     -6.39e-03      2.75e-02        0.00
   6     -2750.042558006     -4.49e-05      2.68e-03        0.00
   7     -2750.042558735     -7.29e-07      3.20e-04        0.00
   8     -2750.042558751     -1.56e-08      1.77e-04        0.00
   9     -2750.042558755     -4.56e-09      3.17e-05        0.00
  10     -2750.042558755     -1.88e-10      1.07e-06        0.00

 SCF converged in 10 iterations.

 Dipole moment (in Debye):              -0.000000      -0.000000      -0.000000

 Quadrupole moment (in Debye-Angstrom):
                  1            2            3
 1       -18.043815     0.000000     0.000000
 2         0.000000   -18.043815    -0.000000
 3         0.000000    -0.000000   -18.043815

 Spin-squared expectation <S^2>:         0.000
 Total spin quantum number S:            0.000
 TOTAL ENERGY:                       -2750.042558755
 Saving results in set 'HF'

 --------------------------------------------------------------------------------
                                command: unsoldw12                               
 --------------------------------------------------------------------------------
 Number of AO basis functions:          26

 DF basis set:                           def2-qzvppd-ri
 Number of DF basis functions:         314

 Restricted UW12 calculation:            
 Core Orbitals:                          9
 Correlated Orbitals:                    9

 ------------------
  UW12 Correlation 
 ------------------
 Factor for UW12 correlation:            1.000000000
 Same spin scale factor:                 0.000000000
 Calculate indirect contribution:        false
 Method for three electron term:         df_ri
 Auxiliary RI basis set:                 def2-QZVPPD-ri
 Number of RI basis functions:         314
 Gaussians in geminal expansion:         4
 UW12 screening threshold:               1.00e-10
 Method for density-fitting:             w(r)
 Number of core spatial orbitals:        9


 Reference energy:                   -2750.042558755
 UW12 correlation energy:               -0.096766151
 Total UW12 energy:                  -2750.139324906

 --------------------------------------------------------------------------------

 End time:                               Wed Jun 16 15:40:21 2021
 Total wall-clock time:                  1.919 seconds
==================================================================================
