
================================================================================
          _____________ ________ _______________ ________     _________         
         / ___________// ______ \\_____   _____// ______ \   / ________)        
        / /_________  / /      \ \     | |     / /      \ \ | (_______          
       |  __________|| |        | |    | |    | |        | | \________ \        
        \ \_________ | |        | |    | |     \ \______/ /___________) |       
         \__________||_|        |_|    |_|      \________//____________/        
                                                                                
====================================[ Qcore ]===================================

 Git hash:   6a88d58d269bf0d2ccfae91583c23a2b072b7633
 Git date:   Tue, 25 May 2021 10:36:49 +0100
 Compiler:   GNU 9.1.0
 Build type: Release
 Version:    1.3.0

 Start time: Wed Jun 16 15:30:19 2021

 Data directory: /newhome/zw18965/.local/qcore/share/entos/1.3.0/data
 Number of threads: 16
 Number of threads was determined by: number of physical cores

 --------------------------------------------------------------------------------
                                   command: hf                                   
 --------------------------------------------------------------------------------
 AO basis set:                           aug-pc-2
 Number of AO basis functions:          46

 Formula:                                O
 Nuclear charge:                         8.000000000
 Total charge:                           0.000000000
 Number of electrons:                    8.000000000

 Number of alpha electrons:              5
 Number of beta electrons:               3
 Number of unpaired electrons:           2
 Spin:                                   2
 Multiplicity:                           triplet

 Theory:                                 hf
 Method for Coulomb:                     incore_df
 Method for exact exchange:              pre_transformed_df
 Integral threshold:                     1.00e-12
 DF basis set:                           def2-universal-jkfit
 Number of DF basis functions:          77
 Schwarz screening threshold:            1.00e-10
 Coulomb fitting method:                 Cholesky
 Method for AO orthogonalization:        symmetric
 Threshold for linear dependence:        1.00e-08

 -------------------------------------
  Running unrestricted open-shell SCF 
 -------------------------------------
 Max number of iterations:             128
 Conv. threshold (gradient):             1.00e-05
 Conv. threshold (energy):               1.00e-06
 Interpolation scheme:                   adiis+cdiis
 Initial guess:                          H0

 ---------------------------------------------------------------
                  energy        change          grad        time
 ---------------------------------------------------------------
   0       -68.858206694                    2.82e+00        0.00
   1       -67.932410011      9.26e-01      1.94e+00        0.00
   2       -73.462388260     -5.53e+00      1.52e+00        0.00
   3       -74.707032057     -1.24e+00      5.06e-01        0.00
   4       -74.803149028     -9.61e-02      1.52e-01        0.00
   5       -74.812351731     -9.20e-03      4.63e-02        0.00
   6       -74.813103329     -7.52e-04      1.26e-02        0.00
   7       -74.813170814     -6.75e-05      8.57e-04        0.00
   8       -74.813172021     -1.21e-06      3.11e-04        0.00
   9       -74.813172087     -6.55e-08      3.93e-05        0.00
  10       -74.813172088     -1.33e-09      1.06e-05        0.00
  11       -74.813172088     -7.10e-11      8.49e-07        0.00

 SCF converged in 11 iterations.

 Dipole moment (in Debye):               0.000000      -0.000000      -0.000000

 Quadrupole moment (in Debye-Angstrom):
                  1            2            3
 1        -4.617763    -0.000012     0.000750
 2        -0.000012    -4.618070     0.019885
 3         0.000750     0.019885    -5.900379

 Spin-squared expectation <S^2>:         2.009
 Total spin quantum number S:            1.003
 TOTAL ENERGY:                         -74.813172088
 Saving results in set 'HF'

 --------------------------------------------------------------------------------
                                command: unsoldw12                               
 --------------------------------------------------------------------------------
 Number of AO basis functions:          46

 DF basis set:                           def2-qzvppd-ri
 Number of DF basis functions:         157

 Unrestricted UW12 calculation:          
 Core spatial orbitals:                  1
 Correlated alpha orbitals:              4
 Correlated beta orbitals:               2

 ------------------
  UW12 Correlation 
 ------------------
 Factor for UW12 correlation:            1.000000000
 Same spin scale factor:                 0.000000000
 Calculate indirect contribution:        false
 Method for three electron term:         df_ri
 Auxiliary RI basis set:                 def2-QZVPPD-ri
 Number of RI basis functions:         157
 Gaussians in geminal expansion:         4
 UW12 screening threshold:               1.00e-10
 Method for density-fitting:             w(r)
 Number of core spatial orbitals:        1


 Reference energy:                     -74.813172088
 UW12 correlation energy:               -0.018401235
 Total UW12 energy:                    -74.831573324

 --------------------------------------------------------------------------------

 End time:                               Wed Jun 16 15:30:19 2021
 Total wall-clock time:                  0.393 seconds
==================================================================================
