
================================================================================
          _____________ ________ _______________ ________     _________         
         / ___________// ______ \\_____   _____// ______ \   / ________)        
        / /_________  / /      \ \     | |     / /      \ \ | (_______          
       |  __________|| |        | |    | |    | |        | | \________ \        
        \ \_________ | |        | |    | |     \ \______/ /___________) |       
         \__________||_|        |_|    |_|      \________//____________/        
                                                                                
====================================[ Qcore ]===================================

 Git hash:   6a88d58d269bf0d2ccfae91583c23a2b072b7633
 Git date:   Tue, 25 May 2021 10:36:49 +0100
 Compiler:   GNU 9.1.0
 Build type: Release
 Version:    1.3.0

 Start time: Wed Jun 16 15:30:21 2021

 Data directory: /newhome/zw18965/.local/qcore/share/entos/1.3.0/data
 Number of threads: 16
 Number of threads was determined by: number of physical cores

 --------------------------------------------------------------------------------
                                   command: hf                                   
 --------------------------------------------------------------------------------
 AO basis set:                           aug-pc-2
 Number of AO basis functions:          50

 Formula:                                Al
 Nuclear charge:                        13.000000000
 Total charge:                           0.000000000
 Number of electrons:                   13.000000000

 Number of alpha electrons:              7
 Number of beta electrons:               6
 Number of unpaired electrons:           1
 Spin:                                   1
 Multiplicity:                           doublet

 Theory:                                 hf
 Method for Coulomb:                     incore_df
 Method for exact exchange:              pre_transformed_df
 Integral threshold:                     1.00e-12
 DF basis set:                           def2-universal-jkfit
 Number of DF basis functions:         128
 Schwarz screening threshold:            1.00e-10
 Coulomb fitting method:                 Cholesky
 Method for AO orthogonalization:        symmetric
 Threshold for linear dependence:        1.00e-08

 -------------------------------------
  Running unrestricted open-shell SCF 
 -------------------------------------
 Max number of iterations:             128
 Conv. threshold (gradient):             1.00e-05
 Conv. threshold (energy):               1.00e-06
 Interpolation scheme:                   adiis+cdiis
 Initial guess:                          H0

 ---------------------------------------------------------------
                  energy        change          grad        time
 ---------------------------------------------------------------
   0      -229.920637260                    4.16e+00        0.00
   1      -240.156430454     -1.02e+01      9.47e-01        0.00
   2      -241.719413423     -1.56e+00      4.44e-01        0.00
   3      -241.864772242     -1.45e-01      8.20e-02        0.00
   4      -241.870476359     -5.70e-03      1.98e-02        0.00
   5      -241.870960079     -4.84e-04      5.42e-03        0.00
   6      -241.871037724     -7.76e-05      1.94e-03        0.00
   7      -241.871050503     -1.28e-05      3.09e-04        0.00
   8      -241.871050744     -2.41e-07      6.54e-05        0.00
   9      -241.871050752     -8.52e-09      8.81e-06        0.00

 SCF converged in 9 iterations.

 Dipole moment (in Debye):               0.000000      -0.000000      -0.000000

 Quadrupole moment (in Debye-Angstrom):
                  1            2            3
 1       -12.439308    -0.005898     0.059837
 2        -0.005898   -12.513603     0.758462
 3         0.059837     0.758462   -20.133496

 Spin-squared expectation <S^2>:         0.762
 Total spin quantum number S:            0.506
 TOTAL ENERGY:                        -241.871050753
 Saving results in set 'HF'

 --------------------------------------------------------------------------------
                                command: unsoldw12                               
 --------------------------------------------------------------------------------
 Number of AO basis functions:          50

 DF basis set:                           def2-qzvppd-ri
 Number of DF basis functions:         183

 Unrestricted UW12 calculation:          
 Core spatial orbitals:                  5
 Correlated alpha orbitals:              2
 Correlated beta orbitals:               1

 ------------------
  UW12 Correlation 
 ------------------
 Factor for UW12 correlation:            1.000000000
 Same spin scale factor:                 0.000000000
 Calculate indirect contribution:        false
 Method for three electron term:         df_ri
 Auxiliary RI basis set:                 def2-QZVPPD-ri
 Number of RI basis functions:         183
 Gaussians in geminal expansion:         4
 UW12 screening threshold:               1.00e-10
 Method for density-fitting:             w(r)
 Number of core spatial orbitals:        5


 Reference energy:                    -241.871050753
 UW12 correlation energy:               -0.008348807
 Total UW12 energy:                   -241.879399559

 --------------------------------------------------------------------------------

 End time:                               Wed Jun 16 15:30:22 2021
 Total wall-clock time:                  0.724 seconds
==================================================================================
