
================================================================================
          _____________ ________ _______________ ________     _________         
         / ___________// ______ \\_____   _____// ______ \   / ________)        
        / /_________  / /      \ \     | |     / /      \ \ | (_______          
       |  __________|| |        | |    | |    | |        | | \________ \        
        \ \_________ | |        | |    | |     \ \______/ /___________) |       
         \__________||_|        |_|    |_|      \________//____________/        
                                                                                
====================================[ Qcore ]===================================

 Git hash:   6a88d58d269bf0d2ccfae91583c23a2b072b7633
 Git date:   Tue, 25 May 2021 10:36:49 +0100
 Compiler:   GNU 9.1.0
 Build type: Release
 Version:    1.3.0

 Start time: Wed Jun 16 15:30:27 2021

 Data directory: /newhome/zw18965/.local/qcore/share/entos/1.3.0/data
 Number of threads: 16
 Number of threads was determined by: number of physical cores

 --------------------------------------------------------------------------------
                                   command: hf                                   
 --------------------------------------------------------------------------------
 AO basis set:                           aug-pc-2
 Number of AO basis functions:          42

 Formula:                                Ca
 Nuclear charge:                        20.000000000
 Total charge:                           0.000000000
 Number of electrons:                   20.000000000

 Number of alpha electrons:             10
 Number of beta electrons:              10
 Number of unpaired electrons:           0
 Spin:                                   0
 Multiplicity:                           singlet

 Theory:                                 hf
 Method for Coulomb:                     incore_df
 Method for exact exchange:              pre_transformed_df
 Integral threshold:                     1.00e-12
 DF basis set:                           def2-universal-jkfit
 Number of DF basis functions:         160
 Schwarz screening threshold:            1.00e-10
 Coulomb fitting method:                 Cholesky
 Method for AO orthogonalization:        symmetric
 Threshold for linear dependence:        1.00e-08

 -------------------------------------
  Running restricted closed-shell SCF 
 -------------------------------------
 Max number of iterations:             128
 Conv. threshold (gradient):             1.00e-05
 Conv. threshold (energy):               1.00e-06
 Interpolation scheme:                   adiis+cdiis
 Initial guess:                          H0

 ---------------------------------------------------------------
                  energy        change          grad        time
 ---------------------------------------------------------------
   0      -669.269101194                    5.23e+00        0.00
   1      -661.806105910      7.46e+00      5.68e+00        0.00
   2      -673.697629546     -1.19e+01      2.80e+00        0.00
   3      -676.291462398     -2.59e+00      1.29e+00        0.00
   4      -676.728969454     -4.38e-01      3.14e-01        0.00
   5      -676.743980240     -1.50e-02      4.50e-02        0.00
   6      -676.744780513     -8.00e-04      9.25e-03        0.00
   7      -676.744878318     -9.78e-05      1.64e-03        0.00
   8      -676.744880642     -2.32e-06      3.58e-04        0.00
   9      -676.744880705     -6.22e-08      1.17e-04        0.00
  10      -676.744880714     -9.55e-09      3.07e-05        0.00
  11      -676.744880715     -4.66e-10      1.56e-06        0.00

 SCF converged in 11 iterations.

 Dipole moment (in Debye):              -0.000000       0.000000      -0.000000

 Quadrupole moment (in Debye-Angstrom):
                  1            2            3
 1       -25.429429    -0.000001     0.000002
 2        -0.000001   -25.429429    -0.000002
 3         0.000002    -0.000002   -25.429425

 Spin-squared expectation <S^2>:         0.000
 Total spin quantum number S:            0.000
 TOTAL ENERGY:                        -676.744880715
 Saving results in set 'HF'

 --------------------------------------------------------------------------------
                                command: unsoldw12                               
 --------------------------------------------------------------------------------
 Number of AO basis functions:          42

 DF basis set:                           def2-qzvppd-ri
 Number of DF basis functions:         199

 Restricted UW12 calculation:            
 Core Orbitals:                          5
 Correlated Orbitals:                    5

 ------------------
  UW12 Correlation 
 ------------------
 Factor for UW12 correlation:            1.000000000
 Same spin scale factor:                 0.000000000
 Calculate indirect contribution:        false
 Method for three electron term:         df_ri
 Auxiliary RI basis set:                 def2-QZVPPD-ri
 Number of RI basis functions:         199
 Gaussians in geminal expansion:         4
 UW12 screening threshold:               1.00e-10
 Method for density-fitting:             w(r)
 Number of core spatial orbitals:        5


 Reference energy:                    -676.744880715
 UW12 correlation energy:               -0.042430081
 Total UW12 energy:                   -676.787310796

 --------------------------------------------------------------------------------

 End time:                               Wed Jun 16 15:30:28 2021
 Total wall-clock time:                  0.805 seconds
==================================================================================
