
================================================================================
          _____________ ________ _______________ ________     _________         
         / ___________// ______ \\_____   _____// ______ \   / ________)        
        / /_________  / /      \ \     | |     / /      \ \ | (_______          
       |  __________|| |        | |    | |    | |        | | \________ \        
        \ \_________ | |        | |    | |     \ \______/ /___________) |       
         \__________||_|        |_|    |_|      \________//____________/        
                                                                                
====================================[ Qcore ]===================================

 Git hash:   6a88d58d269bf0d2ccfae91583c23a2b072b7633
 Git date:   Tue, 25 May 2021 10:36:49 +0100
 Compiler:   GNU 9.1.0
 Build type: Release
 Version:    1.3.0

 Start time: Wed Jun 16 15:30:55 2021

 Data directory: /newhome/zw18965/.local/qcore/share/entos/1.3.0/data
 Number of threads: 16
 Number of threads was determined by: number of physical cores

 --------------------------------------------------------------------------------
                                   command: hf                                   
 --------------------------------------------------------------------------------
 AO basis set:                           aug-pc-2
 Number of AO basis functions:          81

 Formula:                                Fe
 Nuclear charge:                        26.000000000
 Total charge:                           0.000000000
 Number of electrons:                   26.000000000

 Number of alpha electrons:             15
 Number of beta electrons:              11
 Number of unpaired electrons:           4
 Spin:                                   4
 Multiplicity:                           quintet

 Theory:                                 hf
 Method for Coulomb:                     incore_df
 Method for exact exchange:              pre_transformed_df
 Integral threshold:                     1.00e-12
 DF basis set:                           def2-universal-jkfit
 Number of DF basis functions:         264
 Schwarz screening threshold:            1.00e-10
 Coulomb fitting method:                 Cholesky
 Method for AO orthogonalization:        symmetric
 Threshold for linear dependence:        1.00e-08

 -------------------------------------
  Running unrestricted open-shell SCF 
 -------------------------------------
 Max number of iterations:             128
 Conv. threshold (gradient):             1.00e-05
 Conv. threshold (energy):               1.00e-06
 Interpolation scheme:                   adiis+cdiis
 Initial guess:                          H0

 ---------------------------------------------------------------
                  energy        change          grad        time
 ---------------------------------------------------------------
   0     -1236.655877036                    5.15e+00        0.01
   1     -1216.803964861      1.99e+01      6.60e+00        0.01
   2     -1253.252209912     -3.64e+01      3.87e+00        0.01
   3     -1260.394343260     -7.14e+00      1.68e+00        0.01
   4     -1260.853228239     -4.59e-01      1.38e+00        0.01
   5     -1262.313842595     -1.46e+00      2.96e-01        0.01
   6     -1262.343830758     -3.00e-02      1.98e-01        0.01
   7     -1262.372202309     -2.84e-02      2.28e-01        0.01
   8     -1262.395644250     -2.34e-02      1.60e-01        0.01
   9     -1262.414184742     -1.85e-02      1.36e-01        0.01
  10     -1262.423614004     -9.43e-03      8.22e-02        0.01
  11     -1262.428570477     -4.96e-03      6.61e-02        0.01
  12     -1262.432099899     -3.53e-03      2.05e-02        0.01
  13     -1262.432524200     -4.24e-04      2.94e-03        0.01
  14     -1262.432531409     -7.21e-06      1.10e-03        0.01
  15     -1262.432532443     -1.03e-06      8.21e-04        0.01
  16     -1262.432532874     -4.31e-07      2.54e-04        0.01
  17     -1262.432532940     -6.59e-08      6.13e-05        0.01
  18     -1262.432532945     -4.59e-09      1.27e-05        0.01
  19     -1262.432532945     -1.61e-10      3.14e-06        0.01

 SCF converged in 19 iterations.

 Dipole moment (in Debye):               0.000000      -0.000000       0.000000

 Quadrupole moment (in Debye-Angstrom):
                  1            2            3
 1       -18.646683    -0.047889    -0.043877
 2        -0.047889   -18.505235     0.143893
 3        -0.043877     0.143893   -18.530784

 Spin-squared expectation <S^2>:         6.017
 Total spin quantum number S:            2.003
 TOTAL ENERGY:                       -1262.432532945
 Saving results in set 'HF'

 --------------------------------------------------------------------------------
                                command: unsoldw12                               
 --------------------------------------------------------------------------------
 Number of AO basis functions:          81

 DF basis set:                           def2-qzvppd-ri
 Number of DF basis functions:         309

 Unrestricted UW12 calculation:          
 Core spatial orbitals:                  5
 Correlated alpha orbitals:             10
 Correlated beta orbitals:               6

 ------------------
  UW12 Correlation 
 ------------------
 Factor for UW12 correlation:            1.000000000
 Same spin scale factor:                 0.000000000
 Calculate indirect contribution:        false
 Method for three electron term:         df_ri
 Auxiliary RI basis set:                 def2-QZVPPD-ri
 Number of RI basis functions:         309
 Gaussians in geminal expansion:         4
 UW12 screening threshold:               1.00e-10
 Method for density-fitting:             w(r)
 Number of core spatial orbitals:        5


 Reference energy:                   -1262.432532945
 UW12 correlation energy:               -0.069214227
 Total UW12 energy:                  -1262.501747172

 --------------------------------------------------------------------------------

 End time:                               Wed Jun 16 15:31:00 2021
 Total wall-clock time:                  5.311 seconds
==================================================================================
