
================================================================================
          _____________ ________ _______________ ________     _________         
         / ___________// ______ \\_____   _____// ______ \   / ________)        
        / /_________  / /      \ \     | |     / /      \ \ | (_______          
       |  __________|| |        | |    | |    | |        | | \________ \        
        \ \_________ | |        | |    | |     \ \______/ /___________) |       
         \__________||_|        |_|    |_|      \________//____________/        
                                                                                
====================================[ Qcore ]===================================

 Git hash:   6a88d58d269bf0d2ccfae91583c23a2b072b7633
 Git date:   Tue, 25 May 2021 10:36:49 +0100
 Compiler:   GNU 9.1.0
 Build type: Release
 Version:    1.3.0

 Start time: Thu Jun 17 17:22:53 2021

 Data directory: /newhome/zw18965/.local/qcore/share/entos/1.3.0/data
 Number of threads: 16
 Number of threads was determined by: number of physical cores

 --------------------------------------------------------------------------------
                                   command: hf                                   
 --------------------------------------------------------------------------------
 AO basis set:                           cc-pwcvtz-pp-merged
 Number of AO basis functions:         102

 Formula:                                Zn
 Nuclear charge:                        30.000000000
 Total charge:                           0.000000000
 Number of electrons:                   30.000000000

 Number of alpha electrons:             15
 Number of beta electrons:              15
 Number of unpaired electrons:           0
 Spin:                                   0
 Multiplicity:                           singlet

 Theory:                                 hf
 Method for Coulomb:                     incore_df
 Method for exact exchange:              pre_transformed_df
 Integral threshold:                     1.00e-12
 DF basis set:                           def2-universal-jkfit
 Number of DF basis functions:         264
 Schwarz screening threshold:            1.00e-10
 Coulomb fitting method:                 Cholesky
 Method for AO orthogonalization:        symmetric
 Threshold for linear dependence:        1.00e-08

 -------------------------------------
  Running restricted closed-shell SCF 
 -------------------------------------
 Max number of iterations:             128
 Conv. threshold (gradient):             1.00e-05
 Conv. threshold (energy):               1.00e-06
 Interpolation scheme:                   adiis+cdiis
 Initial guess:                          H0

 ---------------------------------------------------------------
                  energy        change          grad        time
 ---------------------------------------------------------------
   0     -1541.856809573                    9.25e+01        0.00
   1     -1621.328916672     -7.95e+01      3.94e+01        0.01
   2     -1722.067502785     -1.01e+02      2.67e+01        0.01
   3     -1775.000736458     -5.29e+01      5.83e+00        0.01
   4     -1775.643956450     -6.43e-01      4.08e+00        0.01
   5     -1777.779593321     -2.14e+00      5.73e-01        0.01
   6     -1777.772893139      6.70e-03      7.16e-01        0.01
   7     -1777.846089683     -7.32e-02      3.79e-02        0.01
   8     -1777.846504515     -4.15e-04      1.45e-02        0.01
   9     -1777.846568855     -6.43e-05      6.93e-04        0.01
  10     -1777.846569227     -3.72e-07      1.15e-04        0.01
  11     -1777.846569235     -7.77e-09      1.31e-05        0.01
  12     -1777.846569235     -9.96e-11      1.55e-06        0.01

 SCF converged in 12 iterations.

 Dipole moment (in Debye):               0.000000      -0.000000       0.000000

 Quadrupole moment (in Debye-Angstrom):
                  1            2            3
 1       -15.675285    -0.000000    -0.000000
 2        -0.000000   -15.675285     0.000000
 3        -0.000000     0.000000   -15.675285

 Spin-squared expectation <S^2>:         0.000
 Total spin quantum number S:            0.000
 TOTAL ENERGY:                       -1777.846569235
 Saving results in set 'HF'

 --------------------------------------------------------------------------------
                                command: unsoldw12                               
 --------------------------------------------------------------------------------
 Number of AO basis functions:         102

 DF basis set:                           def2-qzvppd-ri
 Number of DF basis functions:         316

 Restricted UW12 calculation:            
 Core Orbitals:                          0
 Correlated Orbitals:                   15

 ------------------
  UW12 Correlation 
 ------------------
 Factor for UW12 correlation:            1.000000000
 Same spin scale factor:                 0.000000000
 Calculate indirect contribution:        false
 Method for three electron term:         df_ri
 Auxiliary RI basis set:                 def2-QZVPPD-ri
 Number of RI basis functions:         316
 Gaussians in geminal expansion:         4
 UW12 screening threshold:               1.00e-10
 Method for density-fitting:             w(r)


 Reference energy:                   -1777.846569235
 UW12 correlation energy:               -0.109822789
 Total UW12 energy:                  -1777.956392024

 --------------------------------------------------------------------------------

 End time:                               Thu Jun 17 17:23:02 2021
 Total wall-clock time:                  9.414 seconds
==================================================================================
