
================================================================================
          _____________ ________ _______________ ________     _________         
         / ___________// ______ \\_____   _____// ______ \   / ________)        
        / /_________  / /      \ \     | |     / /      \ \ | (_______          
       |  __________|| |        | |    | |    | |        | | \________ \        
        \ \_________ | |        | |    | |     \ \______/ /___________) |       
         \__________||_|        |_|    |_|      \________//____________/        
                                                                                
====================================[ Qcore ]===================================

 Git hash:   6a88d58d269bf0d2ccfae91583c23a2b072b7633
 Git date:   Tue, 25 May 2021 10:36:49 +0100
 Compiler:   GNU 9.1.0
 Build type: Release
 Version:    1.3.0

 Start time: Thu Jun 17 17:25:51 2021

 Data directory: /newhome/zw18965/.local/qcore/share/entos/1.3.0/data
 Number of threads: 16
 Number of threads was determined by: number of physical cores

 --------------------------------------------------------------------------------
                                   command: hf                                   
 --------------------------------------------------------------------------------
 AO basis set:                           cc-pwcvtz-pp-merged
 Number of AO basis functions:          80
 ECP on atom 1 (Rn):                     60 electrons

 Formula:                                Rn
 Nuclear charge:                        86.000000000
 Total charge:                           0.000000000
 Number of core electrons:              60
 Number of treated electrons:           26

 Number of alpha electrons:             13
 Number of beta electrons:              13
 Number of unpaired electrons:           0
 Spin:                                   0
 Multiplicity:                           singlet

 Theory:                                 hf
 Method for Coulomb:                     incore_df
 Method for exact exchange:              pre_transformed_df
 Integral threshold:                     1.00e-12
 DF basis set:                           def2-universal-jkfit
 Number of DF basis functions:         251
 Schwarz screening threshold:            1.00e-10
 Coulomb fitting method:                 Cholesky
 Method for AO orthogonalization:        symmetric
 Threshold for linear dependence:        1.00e-08

 -------------------------------------
  Running restricted closed-shell SCF 
 -------------------------------------
 Max number of iterations:             128
 Conv. threshold (gradient):             1.00e-05
 Conv. threshold (energy):               1.00e-06
 Interpolation scheme:                   adiis+cdiis
 Initial guess:                          H0

 ---------------------------------------------------------------
                  energy        change          grad        time
 ---------------------------------------------------------------
   0      -230.743979772                    1.55e+01        0.00
   1      -224.347805794      6.40e+00      1.14e+01        0.00
   2      -256.758759297     -3.24e+01      1.26e+01        0.00
   3      -286.945209546     -3.02e+01      2.09e+00        0.00
   4      -287.435639469     -4.90e-01      8.22e-01        0.00
   5      -287.520958052     -8.53e-02      3.02e-01        0.00
   6      -287.538519124     -1.76e-02      1.40e-01        0.00
   7      -287.541883295     -3.36e-03      5.93e-02        0.00
   8      -287.542553406     -6.70e-04      2.70e-02        0.00
   9      -287.542717227     -1.64e-04      5.48e-05        0.00
  10      -287.542717228     -6.70e-10      7.84e-06        0.00

 SCF converged in 10 iterations.

 Dipole moment (in Debye):              -0.000000       0.000000      -0.000000

 Quadrupole moment (in Debye-Angstrom):
                  1            2            3
 1       -31.362060    -0.000001    -0.000000
 2        -0.000001   -31.362062    -0.000000
 3        -0.000000    -0.000000   -31.362061

 Spin-squared expectation <S^2>:         0.000
 Total spin quantum number S:            0.000
 TOTAL ENERGY:                        -287.542717228
 Saving results in set 'HF'

 --------------------------------------------------------------------------------
                                command: unsoldw12                               
 --------------------------------------------------------------------------------
 Number of AO basis functions:          80

 DF basis set:                           def2-qzvppd-ri
 Number of DF basis functions:         281

 Restricted UW12 calculation:            
 Core Orbitals:                          0
 Correlated Orbitals:                   13

 ------------------
  UW12 Correlation 
 ------------------
 Factor for UW12 correlation:            1.000000000
 Same spin scale factor:                 0.000000000
 Calculate indirect contribution:        false
 Method for three electron term:         df_ri
 Auxiliary RI basis set:                 def2-QZVPPD-ri
 Number of RI basis functions:         281
 Gaussians in geminal expansion:         4
 UW12 screening threshold:               1.00e-10
 Method for density-fitting:             w(r)


 Reference energy:                    -287.542717228
 UW12 correlation energy:               -0.170843400
 Total UW12 energy:                   -287.713560628

 --------------------------------------------------------------------------------

 End time:                               Thu Jun 17 17:25:55 2021
 Total wall-clock time:                  4.152 seconds
==================================================================================
