
================================================================================
          _____________ ________ _______________ ________     _________         
         / ___________// ______ \\_____   _____// ______ \   / ________)        
        / /_________  / /      \ \     | |     / /      \ \ | (_______          
       |  __________|| |        | |    | |    | |        | | \________ \        
        \ \_________ | |        | |    | |     \ \______/ /___________) |       
         \__________||_|        |_|    |_|      \________//____________/        
                                                                                
====================================[ Qcore ]===================================

 Git hash:   6a88d58d269bf0d2ccfae91583c23a2b072b7633
 Git date:   Tue, 25 May 2021 10:36:49 +0100
 Compiler:   GNU 9.1.0
 Build type: Release
 Version:    1.3.0

 Start time: Fri May 28 11:17:04 2021

 Data directory: /newhome/zw18965/.local/qcore/share/entos/1.3.0/data
 Number of threads: 16
 Number of threads was determined by: number of physical cores

 --------------------------------------------------------------------------------
                                   command: hf                                   
 --------------------------------------------------------------------------------
 AO basis set:                           aug-cc-pv5z-combined-pp
 Number of AO basis functions:         131

 Formula:                                Na
 Nuclear charge:                        11.000000000
 Total charge:                           0.000000000
 Number of electrons:                   11.000000000

 Number of alpha electrons:              6
 Number of beta electrons:               5
 Number of unpaired electrons:           1
 Spin:                                   1
 Multiplicity:                           doublet

 Theory:                                 hf
 Method for Coulomb:                     incore_df
 Method for exact exchange:              pre_transformed_df
 Integral threshold:                     1.00e-12
 DF basis set:                           def2-universal-jkfit
 Number of DF basis functions:         112
 Schwarz screening threshold:            1.00e-10
 Coulomb fitting method:                 Cholesky
 Method for AO orthogonalization:        symmetric
 Threshold for linear dependence:        1.00e-08

 -------------------------------------
  Running unrestricted open-shell SCF 
 -------------------------------------
 Max number of iterations:             128
 Conv. threshold (gradient):             1.00e-05
 Conv. threshold (energy):               1.00e-06
 Interpolation scheme:                   adiis+cdiis
 Initial guess:                          H0

 ---------------------------------------------------------------
                  energy        change          grad        time
 ---------------------------------------------------------------
   0      -154.104115906                    5.12e+00        0.00
   1      -136.763358656      1.73e+01      4.11e+00        0.01
   2      -158.008037872     -2.12e+01      3.03e+00        0.01
   3      -161.555913033     -3.55e+00      8.69e-01        0.01
   4      -161.815932187     -2.60e-01      3.69e-01        0.02
   5      -161.852880947     -3.69e-02      1.28e-01        0.02
   6      -161.858113888     -5.23e-03      4.95e-02        0.02
   7      -161.858810318     -6.96e-04      1.76e-02        0.02
   8      -161.858926238     -1.16e-04      2.79e-04        0.02
   9      -161.858926495     -2.56e-07      7.32e-05        0.02
  10      -161.858926513     -1.79e-08      1.58e-05        0.02
  11      -161.858926513     -5.29e-10      1.96e-06        0.02

 SCF converged in 11 iterations.

 Dipole moment (in Debye):              -0.000000      -0.000000      -0.000000

 Quadrupole moment (in Debye-Angstrom):
                  1            2            3
 1       -12.168705     0.000000     0.000000
 2         0.000000   -12.168705     0.000000
 3         0.000000     0.000000   -12.168705

 Spin-squared expectation <S^2>:         0.750
 Total spin quantum number S:            0.500
 TOTAL ENERGY:                        -161.858926513
 Saving results in set 'HF'

 --------------------------------------------------------------------------------
                                command: unsoldw12                               
 --------------------------------------------------------------------------------
 Number of AO basis functions:         131

 DF basis set:                           def2-qzvppd-ri
 Number of DF basis functions:         166


 --------------------------
  Virtual UW12 Correlation 
 --------------------------
 Unrestricted MP2 calculation:           
 Core spatial orbitals:                  5
 Correlated alpha orbitals:              1
 Correlated beta orbitals:               0
 Virtual alpha orbitals:               125
 Virtual beta orbitals:                126

 Opposite spin energy:                  -0.000000000

 Reference energy:                    -161.858926513
 UW12 correlation energy:               -0.000000000
 Total UW12 energy:                   -161.858926513

 --------------------------------------------------------------------------------

 End time:                               Fri May 28 11:17:06 2021
 Total wall-clock time:                  1.495 seconds
==================================================================================
