
================================================================================
          _____________ ________ _______________ ________     _________         
         / ___________// ______ \\_____   _____// ______ \   / ________)        
        / /_________  / /      \ \     | |     / /      \ \ | (_______          
       |  __________|| |        | |    | |    | |        | | \________ \        
        \ \_________ | |        | |    | |     \ \______/ /___________) |       
         \__________||_|        |_|    |_|      \________//____________/        
                                                                                
====================================[ Qcore ]===================================

 Git hash:   6a88d58d269bf0d2ccfae91583c23a2b072b7633
 Git date:   Tue, 25 May 2021 10:36:49 +0100
 Compiler:   GNU 9.1.0
 Build type: Release
 Version:    1.3.0

 Start time: Fri May 28 11:17:11 2021

 Data directory: /newhome/zw18965/.local/qcore/share/entos/1.3.0/data
 Number of threads: 16
 Number of threads was determined by: number of physical cores

 --------------------------------------------------------------------------------
                                   command: hf                                   
 --------------------------------------------------------------------------------
 AO basis set:                           aug-cc-pv5z-combined-pp
 Number of AO basis functions:         131

 Formula:                                Cl
 Nuclear charge:                        17.000000000
 Total charge:                           0.000000000
 Number of electrons:                   17.000000000

 Number of alpha electrons:              9
 Number of beta electrons:               8
 Number of unpaired electrons:           1
 Spin:                                   1
 Multiplicity:                           doublet

 Theory:                                 hf
 Method for Coulomb:                     incore_df
 Method for exact exchange:              pre_transformed_df
 Integral threshold:                     1.00e-12
 DF basis set:                           def2-universal-jkfit
 Number of DF basis functions:         128
 Schwarz screening threshold:            1.00e-10
 Coulomb fitting method:                 Cholesky
 Method for AO orthogonalization:        symmetric
 Threshold for linear dependence:        1.00e-08

 -------------------------------------
  Running unrestricted open-shell SCF 
 -------------------------------------
 Max number of iterations:             128
 Conv. threshold (gradient):             1.00e-05
 Conv. threshold (energy):               1.00e-06
 Interpolation scheme:                   adiis+cdiis
 Initial guess:                          H0

 ---------------------------------------------------------------
                  energy        change          grad        time
 ---------------------------------------------------------------
   0      -423.411249247                    1.92e+01        0.01
   1      -446.959031676     -2.35e+01      5.64e+00        0.02
   2      -456.886191960     -9.93e+00      2.81e+00        0.01
   3      -458.966384486     -2.08e+00      1.07e+00        0.01
   4      -459.440188233     -4.74e-01      3.72e-01        0.01
   5      -459.486585615     -4.64e-02      1.19e-01        0.01
   6      -459.489531704     -2.95e-03      2.98e-02        0.02
   7      -459.489722780     -1.91e-04      8.35e-03        0.02
   8      -459.489740448     -1.77e-05      6.08e-04        0.01
   9      -459.489741056     -6.09e-07      1.48e-04        0.01
  10      -459.489741094     -3.79e-08      3.41e-05        0.01
  11      -459.489741095     -8.26e-10      3.01e-06        0.02

 SCF converged in 11 iterations.

 Dipole moment (in Debye):               0.000000       0.000000      -0.000000

 Quadrupole moment (in Debye-Angstrom):
                  1            2            3
 1       -12.547163    -0.000002     0.960624
 2        -0.000002   -13.116844    -0.000003
 3         0.960624    -0.000003   -11.496994

 Spin-squared expectation <S^2>:         0.761
 Total spin quantum number S:            0.505
 TOTAL ENERGY:                        -459.489741095
 Saving results in set 'HF'

 --------------------------------------------------------------------------------
                                command: unsoldw12                               
 --------------------------------------------------------------------------------
 Number of AO basis functions:         131

 DF basis set:                           def2-qzvppd-ri
 Number of DF basis functions:         183


 --------------------------
  Virtual UW12 Correlation 
 --------------------------
 Unrestricted MP2 calculation:           
 Core spatial orbitals:                  5
 Correlated alpha orbitals:              4
 Correlated beta orbitals:               3
 Virtual alpha orbitals:               122
 Virtual beta orbitals:                123

 Opposite spin energy:                  -0.029331437

 Reference energy:                    -459.489741095
 UW12 correlation energy:               -0.029331437
 Total UW12 energy:                   -459.519072532

 --------------------------------------------------------------------------------

 End time:                               Fri May 28 11:17:12 2021
 Total wall-clock time:                  0.866 seconds
==================================================================================
