
================================================================================
          _____________ ________ _______________ ________     _________         
         / ___________// ______ \\_____   _____// ______ \   / ________)        
        / /_________  / /      \ \     | |     / /      \ \ | (_______          
       |  __________|| |        | |    | |    | |        | | \________ \        
        \ \_________ | |        | |    | |     \ \______/ /___________) |       
         \__________||_|        |_|    |_|      \________//____________/        
                                                                                
====================================[ Qcore ]===================================

 Git hash:   6a88d58d269bf0d2ccfae91583c23a2b072b7633
 Git date:   Tue, 25 May 2021 10:36:49 +0100
 Compiler:   GNU 9.1.0
 Build type: Release
 Version:    1.3.0

 Start time: Fri May 28 11:17:50 2021

 Data directory: /newhome/zw18965/.local/qcore/share/entos/1.3.0/data
 Number of threads: 16
 Number of threads was determined by: number of physical cores

 --------------------------------------------------------------------------------
                                   command: hf                                   
 --------------------------------------------------------------------------------
 AO basis set:                           aug-cc-pv5z-combined-pp
 Number of AO basis functions:         202

 Formula:                                Ti
 Nuclear charge:                        22.000000000
 Total charge:                           0.000000000
 Number of electrons:                   22.000000000

 Number of alpha electrons:             12
 Number of beta electrons:              10
 Number of unpaired electrons:           2
 Spin:                                   2
 Multiplicity:                           triplet

 Theory:                                 hf
 Method for Coulomb:                     incore_df
 Method for exact exchange:              pre_transformed_df
 Integral threshold:                     1.00e-12
 DF basis set:                           def2-universal-jkfit
 Number of DF basis functions:         264
 Schwarz screening threshold:            1.00e-10
 Coulomb fitting method:                 Cholesky
 Method for AO orthogonalization:        symmetric
 Threshold for linear dependence:        1.00e-08

 -------------------------------------
  Running unrestricted open-shell SCF 
 -------------------------------------
 Max number of iterations:             128
 Conv. threshold (gradient):             1.00e-05
 Conv. threshold (energy):               1.00e-06
 Interpolation scheme:                   adiis+cdiis
 Initial guess:                          H0

 ---------------------------------------------------------------
                  energy        change          grad        time
 ---------------------------------------------------------------
   0      -798.664576461                    1.15e+01        0.02
   1      -798.230975448      4.34e-01      6.74e+00        0.03
   2      -836.162863074     -3.79e+01      5.91e+00        0.03
   3      -846.396362848     -1.02e+01      2.31e+00        0.03
   4      -846.262354983      1.34e-01      2.62e+00        0.03
   5      -848.392660954     -2.13e+00      3.96e-01        0.04
   6      -848.410187996     -1.75e-02      1.34e-01        0.04
   7      -848.412621480     -2.43e-03      3.76e-02        0.04
   8      -848.413236898     -6.15e-04      2.12e-02        0.04
   9      -848.413670356     -4.33e-04      1.41e-02        0.04
  10      -848.414121782     -4.51e-04      1.11e-02        0.03
  11      -848.414361299     -2.40e-04      8.70e-03        0.03
  12      -848.414555776     -1.94e-04      4.75e-03        0.03
  13      -848.414613683     -5.79e-05      1.99e-03        0.03
  14      -848.414629231     -1.55e-05      1.32e-03        0.04
  15      -848.414635704     -6.47e-06      6.44e-04        0.03
  16      -848.414637236     -1.53e-06      2.35e-04        0.03
  17      -848.414637382     -1.46e-07      1.29e-04        0.03
  18      -848.414637409     -2.68e-08      8.61e-05        0.03
  19      -848.414637422     -1.37e-08      7.09e-05        0.03
  20      -848.414637441     -1.88e-08      4.40e-05        0.03
  21      -848.414637450     -8.28e-09      1.44e-05        0.03
  22      -848.414637450     -6.43e-10      6.01e-06        0.03

 SCF converged in 22 iterations.

 Dipole moment (in Debye):               0.000000      -0.000000       0.000000

 Quadrupole moment (in Debye-Angstrom):
                  1            2            3
 1       -22.525261    -0.000020    -0.000004
 2        -0.000020   -22.525267     0.000021
 3        -0.000004     0.000021   -22.525235

 Spin-squared expectation <S^2>:         2.009
 Total spin quantum number S:            1.003
 TOTAL ENERGY:                        -848.414637450
 Saving results in set 'HF'

 --------------------------------------------------------------------------------
                                command: unsoldw12                               
 --------------------------------------------------------------------------------
 Number of AO basis functions:         202

 DF basis set:                           def2-qzvppd-ri
 Number of DF basis functions:         309


 --------------------------
  Virtual UW12 Correlation 
 --------------------------
 Unrestricted MP2 calculation:           
 Core spatial orbitals:                  5
 Correlated alpha orbitals:              7
 Correlated beta orbitals:               5
 Virtual alpha orbitals:               190
 Virtual beta orbitals:                192

 Opposite spin energy:                  -0.048693507

 Reference energy:                    -848.414637450
 UW12 correlation energy:               -0.048693507
 Total UW12 energy:                   -848.463330958

 --------------------------------------------------------------------------------

 End time:                               Fri May 28 11:18:16 2021
 Total wall-clock time:                 25.530 seconds
==================================================================================
