
================================================================================
          _____________ ________ _______________ ________     _________         
         / ___________// ______ \\_____   _____// ______ \   / ________)        
        / /_________  / /      \ \     | |     / /      \ \ | (_______          
       |  __________|| |        | |    | |    | |        | | \________ \        
        \ \_________ | |        | |    | |     \ \______/ /___________) |       
         \__________||_|        |_|    |_|      \________//____________/        
                                                                                
====================================[ Qcore ]===================================

 Git hash:   6a88d58d269bf0d2ccfae91583c23a2b072b7633
 Git date:   Tue, 25 May 2021 10:36:49 +0100
 Compiler:   GNU 9.1.0
 Build type: Release
 Version:    1.3.0

 Start time: Fri May 28 11:18:40 2021

 Data directory: /newhome/zw18965/.local/qcore/share/entos/1.3.0/data
 Number of threads: 16
 Number of threads was determined by: number of physical cores

 --------------------------------------------------------------------------------
                                   command: hf                                   
 --------------------------------------------------------------------------------
 AO basis set:                           aug-cc-pv5z-combined-pp
 Number of AO basis functions:         202

 Formula:                                Cr
 Nuclear charge:                        24.000000000
 Total charge:                           0.000000000
 Number of electrons:                   24.000000000

 Number of alpha electrons:             15
 Number of beta electrons:               9
 Number of unpaired electrons:           6
 Spin:                                   6
 Multiplicity:                           octet

 Theory:                                 hf
 Method for Coulomb:                     incore_df
 Method for exact exchange:              pre_transformed_df
 Integral threshold:                     1.00e-12
 DF basis set:                           def2-universal-jkfit
 Number of DF basis functions:         264
 Schwarz screening threshold:            1.00e-10
 Coulomb fitting method:                 Cholesky
 Method for AO orthogonalization:        symmetric
 Threshold for linear dependence:        1.00e-08

 -------------------------------------
  Running unrestricted open-shell SCF 
 -------------------------------------
 Max number of iterations:             128
 Conv. threshold (gradient):             1.00e-05
 Conv. threshold (energy):               1.00e-06
 Interpolation scheme:                   adiis+cdiis
 Initial guess:                          H0

 ---------------------------------------------------------------
                  energy        change          grad        time
 ---------------------------------------------------------------
   0      -950.630224436                    1.45e+01        0.02
   1      -968.709314703     -1.81e+01      9.70e+00        0.03
   2     -1025.424458598     -5.67e+01      6.46e+00        0.03
   3     -1041.178266634     -1.58e+01      2.31e+00        0.03
   4     -1042.130027647     -9.52e-01      1.52e+00        0.04
   5     -1043.321242743     -1.19e+00      2.81e-01        0.04
   6     -1043.339904307     -1.87e-02      1.72e-01        0.04
   7     -1043.353413112     -1.35e-02      7.74e-02        0.05
   8     -1043.355027864     -1.61e-03      5.57e-02        0.05
   9     -1043.356725029     -1.70e-03      1.23e-03        0.05
  10     -1043.356729875     -4.85e-06      2.53e-04        0.06
  11     -1043.356730003     -1.29e-07      1.92e-05        0.06
  12     -1043.356730004     -2.97e-10      1.66e-06        0.06

 SCF converged in 12 iterations.

 Dipole moment (in Debye):              -0.000000      -0.000000      -0.000000

 Quadrupole moment (in Debye-Angstrom):
                  1            2            3
 1       -16.884088     0.000000     0.000000
 2         0.000000   -16.884088    -0.000000
 3         0.000000    -0.000000   -16.884088

 Spin-squared expectation <S^2>:        12.000
 Total spin quantum number S:            3.000
 TOTAL ENERGY:                       -1043.356730004
 Saving results in set 'HF'

 --------------------------------------------------------------------------------
                                command: unsoldw12                               
 --------------------------------------------------------------------------------
 Number of AO basis functions:         202

 DF basis set:                           def2-qzvppd-ri
 Number of DF basis functions:         309


 --------------------------
  Virtual UW12 Correlation 
 --------------------------
 Unrestricted MP2 calculation:           
 Core spatial orbitals:                  5
 Correlated alpha orbitals:             10
 Correlated beta orbitals:               4
 Virtual alpha orbitals:               187
 Virtual beta orbitals:                193

 Opposite spin energy:                  -0.048786717

 Reference energy:                   -1043.356730004
 UW12 correlation energy:               -0.048786717
 Total UW12 energy:                  -1043.405516720

 --------------------------------------------------------------------------------

 End time:                               Fri May 28 11:19:04 2021
 Total wall-clock time:                 23.464 seconds
==================================================================================
