
================================================================================
          _____________ ________ _______________ ________     _________         
         / ___________// ______ \\_____   _____// ______ \   / ________)        
        / /_________  / /      \ \     | |     / /      \ \ | (_______          
       |  __________|| |        | |    | |    | |        | | \________ \        
        \ \_________ | |        | |    | |     \ \______/ /___________) |       
         \__________||_|        |_|    |_|      \________//____________/        
                                                                                
====================================[ Qcore ]===================================

 Git hash:   6a88d58d269bf0d2ccfae91583c23a2b072b7633
 Git date:   Tue, 25 May 2021 10:36:49 +0100
 Compiler:   GNU 9.1.0
 Build type: Release
 Version:    1.3.0

 Start time: Fri May 28 11:19:52 2021

 Data directory: /newhome/zw18965/.local/qcore/share/entos/1.3.0/data
 Number of threads: 16
 Number of threads was determined by: number of physical cores

 --------------------------------------------------------------------------------
                                   command: hf                                   
 --------------------------------------------------------------------------------
 AO basis set:                           aug-cc-pv5z-combined-pp
 Number of AO basis functions:         202

 Formula:                                Co
 Nuclear charge:                        27.000000000
 Total charge:                           0.000000000
 Number of electrons:                   27.000000000

 Number of alpha electrons:             15
 Number of beta electrons:              12
 Number of unpaired electrons:           3
 Spin:                                   3
 Multiplicity:                           quartet

 Theory:                                 hf
 Method for Coulomb:                     incore_df
 Method for exact exchange:              pre_transformed_df
 Integral threshold:                     1.00e-12
 DF basis set:                           def2-universal-jkfit
 Number of DF basis functions:         264
 Schwarz screening threshold:            1.00e-10
 Coulomb fitting method:                 Cholesky
 Method for AO orthogonalization:        symmetric
 Threshold for linear dependence:        1.00e-08

 -------------------------------------
  Running unrestricted open-shell SCF 
 -------------------------------------
 Max number of iterations:             128
 Conv. threshold (gradient):             1.00e-05
 Conv. threshold (energy):               1.00e-06
 Interpolation scheme:                   adiis+cdiis
 Initial guess:                          H0

 ---------------------------------------------------------------
                  energy        change          grad        time
 ---------------------------------------------------------------
   0     -1237.156795710                    2.23e+01        0.02
   1     -1255.105236868     -1.79e+01      1.27e+01        0.03
   2     -1346.314274490     -9.12e+01      9.86e+00        0.03
   3     -1377.093602595     -3.08e+01      3.49e+00        0.04
   4     -1377.271225155     -1.78e-01      3.77e+00        0.04
   5     -1381.344577371     -4.07e+00      3.94e-01        0.04
   6     -1381.373512127     -2.89e-02      3.47e-01        0.04
   7     -1381.406563241     -3.31e-02      9.33e-02        0.04
   8     -1381.408607034     -2.04e-03      8.31e-02        0.04
   9     -1381.411084839     -2.48e-03      6.09e-03        0.04
  10     -1381.411148462     -6.36e-05      3.00e-03        0.04
  11     -1381.411159901     -1.14e-05      2.92e-03        0.04
  12     -1381.411161329     -1.43e-06      2.90e-03        0.04
  13     -1381.411121234      4.01e-05      1.99e-03        0.04
  14     -1381.411107665      1.36e-05      1.23e-03        0.04
  15     -1381.411107356      3.09e-07      2.07e-04        0.04
  16     -1381.411107409     -5.28e-08      8.61e-05        0.04
  17     -1381.411107417     -8.05e-09      6.30e-05        0.04
  18     -1381.411107422     -5.01e-09      4.74e-05        0.04
  19     -1381.411107426     -3.91e-09      3.39e-05        0.05
  20     -1381.411107429     -2.75e-09      1.39e-05        0.04
  21     -1381.411107429     -6.10e-10      4.00e-06        0.05

 SCF converged in 21 iterations.

 Dipole moment (in Debye):               0.000000      -0.000000      -0.000000

 Quadrupole moment (in Debye-Angstrom):
                  1            2            3
 1       -17.601941    -0.002191    -0.000202
 2        -0.002191   -17.834331    -0.021462
 3        -0.000202    -0.021462   -17.603905

 Spin-squared expectation <S^2>:         3.760
 Total spin quantum number S:            1.503
 TOTAL ENERGY:                       -1381.411107429
 Saving results in set 'HF'

 --------------------------------------------------------------------------------
                                command: unsoldw12                               
 --------------------------------------------------------------------------------
 Number of AO basis functions:         202

 DF basis set:                           def2-qzvppd-ri
 Number of DF basis functions:         309


 --------------------------
  Virtual UW12 Correlation 
 --------------------------
 Unrestricted MP2 calculation:           
 Core spatial orbitals:                  5
 Correlated alpha orbitals:             10
 Correlated beta orbitals:               7
 Virtual alpha orbitals:               187
 Virtual beta orbitals:                190

 Opposite spin energy:                  -0.074991269

 Reference energy:                   -1381.411107429
 UW12 correlation energy:               -0.074991269
 Total UW12 energy:                  -1381.486098699

 --------------------------------------------------------------------------------

 End time:                               Fri May 28 11:20:18 2021
 Total wall-clock time:                 25.510 seconds
==================================================================================
