
================================================================================
          _____________ ________ _______________ ________     _________         
         / ___________// ______ \\_____   _____// ______ \   / ________)        
        / /_________  / /      \ \     | |     / /      \ \ | (_______          
       |  __________|| |        | |    | |    | |        | | \________ \        
        \ \_________ | |        | |    | |     \ \______/ /___________) |       
         \__________||_|        |_|    |_|      \________//____________/        
                                                                                
====================================[ Qcore ]===================================

 Git hash:   6a88d58d269bf0d2ccfae91583c23a2b072b7633
 Git date:   Tue, 25 May 2021 10:36:49 +0100
 Compiler:   GNU 9.1.0
 Build type: Release
 Version:    1.3.0

 Start time: Fri May 28 11:21:44 2021

 Data directory: /newhome/zw18965/.local/qcore/share/entos/1.3.0/data
 Number of threads: 16
 Number of threads was determined by: number of physical cores

 --------------------------------------------------------------------------------
                                   command: hf                                   
 --------------------------------------------------------------------------------
 AO basis set:                           aug-cc-pv5z-combined-pp
 Number of AO basis functions:         140

 Formula:                                As
 Nuclear charge:                        33.000000000
 Total charge:                           0.000000000
 Number of electrons:                   33.000000000

 Number of alpha electrons:             18
 Number of beta electrons:              15
 Number of unpaired electrons:           3
 Spin:                                   3
 Multiplicity:                           quartet

 Theory:                                 hf
 Method for Coulomb:                     incore_df
 Method for exact exchange:              pre_transformed_df
 Integral threshold:                     1.00e-12
 DF basis set:                           def2-universal-jkfit
 Number of DF basis functions:         266
 Schwarz screening threshold:            1.00e-10
 Coulomb fitting method:                 Cholesky
 Method for AO orthogonalization:        symmetric
 Threshold for linear dependence:        1.00e-08

 -------------------------------------
  Running unrestricted open-shell SCF 
 -------------------------------------
 Max number of iterations:             128
 Conv. threshold (gradient):             1.00e-05
 Conv. threshold (energy):               1.00e-06
 Interpolation scheme:                   adiis+cdiis
 Initial guess:                          H0

 ---------------------------------------------------------------
                  energy        change          grad        time
 ---------------------------------------------------------------
   0     -2152.480654324                    1.58e+01        0.01
   1     -2074.251554157      7.82e+01      2.44e+01        0.02
   2     -2194.729120694     -1.20e+02      1.00e+01        0.02
   3     -2231.888691986     -3.72e+01      2.36e+00        0.02
   4     -2233.315882740     -1.43e+00      1.61e+00        0.02
   5     -2234.098913874     -7.83e-01      5.64e-01        0.03
   6     -2234.176214102     -7.73e-02      4.13e-01        0.03
   7     -2234.235778008     -5.96e-02      9.79e-02        0.03
   8     -2234.237954943     -2.18e-03      7.00e-02        0.03
   9     -2234.239811783     -1.86e-03      4.38e-04        0.03
  10     -2234.239812163     -3.79e-07      1.05e-04        0.02
  11     -2234.239812170     -7.63e-09      1.67e-05        0.02
  12     -2234.239812170     -2.52e-10      1.06e-06        0.02

 SCF converged in 12 iterations.

 Dipole moment (in Debye):               0.000000       0.000000      -0.000000

 Quadrupole moment (in Debye-Angstrom):
                  1            2            3
 1       -18.408382    -0.000000     0.000000
 2        -0.000000   -18.408381     0.000000
 3         0.000000     0.000000   -18.408383

 Spin-squared expectation <S^2>:         3.751
 Total spin quantum number S:            1.500
 TOTAL ENERGY:                       -2234.239812170
 Saving results in set 'HF'

 --------------------------------------------------------------------------------
                                command: unsoldw12                               
 --------------------------------------------------------------------------------
 Number of AO basis functions:         140

 DF basis set:                           def2-qzvppd-ri
 Number of DF basis functions:         314


 --------------------------
  Virtual UW12 Correlation 
 --------------------------
 Unrestricted MP2 calculation:           
 Core spatial orbitals:                  9
 Correlated alpha orbitals:              9
 Correlated beta orbitals:               6
 Virtual alpha orbitals:               122
 Virtual beta orbitals:                125

 Opposite spin energy:                  -0.034741992

 Reference energy:                   -2234.239812170
 UW12 correlation energy:               -0.034741992
 Total UW12 energy:                  -2234.274554162

 --------------------------------------------------------------------------------

 End time:                               Fri May 28 11:21:54 2021
 Total wall-clock time:                  9.669 seconds
==================================================================================
