
================================================================================
          _____________ ________ _______________ ________     _________         
         / ___________// ______ \\_____   _____// ______ \   / ________)        
        / /_________  / /      \ \     | |     / /      \ \ | (_______          
       |  __________|| |        | |    | |    | |        | | \________ \        
        \ \_________ | |        | |    | |     \ \______/ /___________) |       
         \__________||_|        |_|    |_|      \________//____________/        
                                                                                
====================================[ Qcore ]===================================

 Git hash:   6a88d58d269bf0d2ccfae91583c23a2b072b7633
 Git date:   Tue, 25 May 2021 10:36:49 +0100
 Compiler:   GNU 9.1.0
 Build type: Release
 Version:    1.3.0

 Start time: Fri May 28 11:23:09 2021

 Data directory: /newhome/zw18965/.local/qcore/share/entos/1.3.0/data
 Number of threads: 16
 Number of threads was determined by: number of physical cores

 --------------------------------------------------------------------------------
                                   command: hf                                   
 --------------------------------------------------------------------------------
 AO basis set:                           aug-cc-pv5z-combined-pp
 Number of AO basis functions:         197
 ECP on atom 1 (Ru):                     28 electrons

 Formula:                                Ru
 Nuclear charge:                        44.000000000
 Total charge:                           0.000000000
 Number of core electrons:              28
 Number of treated electrons:           16

 Number of alpha electrons:             10
 Number of beta electrons:               6
 Number of unpaired electrons:           4
 Spin:                                   4
 Multiplicity:                           quintet

 Theory:                                 hf
 Method for Coulomb:                     incore_df
 Method for exact exchange:              pre_transformed_df
 Integral threshold:                     1.00e-12
 DF basis set:                           def2-universal-jkfit
 Number of DF basis functions:         255
 Schwarz screening threshold:            1.00e-10
 Coulomb fitting method:                 Cholesky
 Method for AO orthogonalization:        symmetric
 Threshold for linear dependence:        1.00e-08

 -------------------------------------
  Running unrestricted open-shell SCF 
 -------------------------------------
 Max number of iterations:             128
 Conv. threshold (gradient):             1.00e-05
 Conv. threshold (energy):               1.00e-06
 Interpolation scheme:                   adiis+cdiis
 Initial guess:                          H0

 ---------------------------------------------------------------
                  energy        change          grad        time
 ---------------------------------------------------------------
   0       -78.768775250                    4.93e+00        0.01
   1       -75.293914548      3.47e+00      5.34e+00        0.03
   2       -88.738684698     -1.34e+01      3.16e+00        0.03
   3       -93.676644683     -4.94e+00      7.11e-01        0.03
   4       -93.777924174     -1.01e-01      2.55e-01        0.03
   5       -93.800472746     -2.25e-02      1.79e-01        0.03
   6       -93.811047165     -1.06e-02      7.72e-02        0.04
   7       -93.813233867     -2.19e-03      6.19e-02        0.04
   8       -93.814870072     -1.64e-03      2.28e-02        0.04
   9       -93.815795585     -9.26e-04      1.72e-02        0.03
  10       -93.816834538     -1.04e-03      9.37e-03        0.03
  11       -93.816870310     -3.58e-05      5.67e-03        0.03
  12       -93.816973793     -1.03e-04      3.37e-03        0.03
  13       -93.816979440     -5.65e-06      1.19e-03        0.03
  14       -93.816980935     -1.50e-06      8.76e-04        0.03
  15       -93.816981791     -8.55e-07      6.18e-04        0.03
  16       -93.816982115     -3.24e-07      2.28e-04        0.03
  17       -93.816982149     -3.48e-08      1.60e-04        0.03
  18       -93.816982205     -5.60e-08      1.19e-04        0.03
  19       -93.816982242     -3.63e-08      3.03e-05        0.03
  20       -93.816982243     -1.00e-09      6.02e-06        0.03

 SCF converged in 20 iterations.

 Dipole moment (in Debye):              -0.000000       0.000000       0.000000

 Quadrupole moment (in Debye-Angstrom):
                  1            2            3
 1       -22.264013     0.000000    -0.000002
 2         0.000000   -22.264002     0.000000
 3        -0.000002     0.000000   -22.263997

 Spin-squared expectation <S^2>:         6.005
 Total spin quantum number S:            2.001
 TOTAL ENERGY:                         -93.816982243
 Saving results in set 'HF'

 --------------------------------------------------------------------------------
                                command: unsoldw12                               
 --------------------------------------------------------------------------------
 Number of AO basis functions:         197

 DF basis set:                           def2-qzvppd-ri
 Number of DF basis functions:         252


 --------------------------
  Virtual UW12 Correlation 
 --------------------------
 Unrestricted MP2 calculation:           
 Core spatial orbitals:                  0
 Correlated alpha orbitals:             10
 Correlated beta orbitals:               6
 Virtual alpha orbitals:               187
 Virtual beta orbitals:                191

 Opposite spin energy:                  -0.082322484

 Reference energy:                     -93.816982243
 UW12 correlation energy:               -0.082322484
 Total UW12 energy:                    -93.899304727

 --------------------------------------------------------------------------------

 End time:                               Fri May 28 11:23:17 2021
 Total wall-clock time:                  7.561 seconds
==================================================================================
