
================================================================================
          _____________ ________ _______________ ________     _________         
         / ___________// ______ \\_____   _____// ______ \   / ________)        
        / /_________  / /      \ \     | |     / /      \ \ | (_______          
       |  __________|| |        | |    | |    | |        | | \________ \        
        \ \_________ | |        | |    | |     \ \______/ /___________) |       
         \__________||_|        |_|    |_|      \________//____________/        
                                                                                
====================================[ Qcore ]===================================

 Git hash:   6a88d58d269bf0d2ccfae91583c23a2b072b7633
 Git date:   Tue, 25 May 2021 10:36:49 +0100
 Compiler:   GNU 9.1.0
 Build type: Release
 Version:    1.3.0

 Start time: Fri May 28 11:25:26 2021

 Data directory: /newhome/zw18965/.local/qcore/share/entos/1.3.0/data
 Number of threads: 16
 Number of threads was determined by: number of physical cores

 --------------------------------------------------------------------------------
                                   command: hf                                   
 --------------------------------------------------------------------------------
 AO basis set:                           aug-cc-pv5z-combined-pp
 Number of AO basis functions:         197
 ECP on atom 1 (Re):                     60 electrons

 Formula:                                Re
 Nuclear charge:                        75.000000000
 Total charge:                           0.000000000
 Number of core electrons:              60
 Number of treated electrons:           15

 Number of alpha electrons:             10
 Number of beta electrons:               5
 Number of unpaired electrons:           5
 Spin:                                   5
 Multiplicity:                           septet

 Theory:                                 hf
 Method for Coulomb:                     incore_df
 Method for exact exchange:              pre_transformed_df
 Integral threshold:                     1.00e-12
 DF basis set:                           def2-universal-jkfit
 Number of DF basis functions:         227
 Schwarz screening threshold:            1.00e-10
 Coulomb fitting method:                 Cholesky
 Method for AO orthogonalization:        symmetric
 Threshold for linear dependence:        1.00e-08

 -------------------------------------
  Running unrestricted open-shell SCF 
 -------------------------------------
 Max number of iterations:             128
 Conv. threshold (gradient):             1.00e-05
 Conv. threshold (energy):               1.00e-06
 Interpolation scheme:                   adiis+cdiis
 Initial guess:                          H0

 ---------------------------------------------------------------
                  energy        change          grad        time
 ---------------------------------------------------------------
   0       -69.121909079                    3.36e+00        0.01
   1       -68.853550735      2.68e-01      2.46e+00        0.03
   2       -75.559607890     -6.71e+00      1.64e+00        0.03
   3       -77.725313095     -2.17e+00      4.26e-01        0.03
   4       -77.765389436     -4.01e-02      9.89e-02        0.03
   5       -77.770968909     -5.58e-03      6.04e-02        0.03
   6       -77.772980270     -2.01e-03      2.98e-02        0.03
   7       -77.774413375     -1.43e-03      3.00e-02        0.03
   8       -77.771302680      3.11e-03      1.59e-02        0.03
   9       -77.770515699      7.87e-04      6.91e-03        0.03
  10       -77.770512364      3.33e-06      3.61e-03        0.03
  11       -77.770516529     -4.16e-06      2.35e-03        0.03
  12       -77.770516907     -3.78e-07      7.37e-04        0.03
  13       -77.770517213     -3.06e-07      5.83e-04        0.03
  14       -77.770517405     -1.92e-07      5.70e-04        0.03
  15       -77.770518213     -8.08e-07      5.65e-04        0.03
  16       -77.770513463      4.75e-06      5.51e-04        0.03
  17       -77.770502405      1.11e-05      5.81e-04        0.03
  18       -77.770492512      9.89e-06      1.27e-03        0.03
  19       -77.770460528      3.20e-05      8.02e-03        0.03
  20       -77.770473218     -1.27e-05      4.21e-03        0.03
  21       -77.770468687      4.53e-06      5.67e-03        0.03
  22       -77.770454109      1.46e-05      9.94e-03        0.03
  23       -77.770463430     -9.32e-06      6.78e-03        0.03
  24       -77.770473901     -1.05e-05      6.64e-04        0.03
  25       -77.770470392      3.51e-06      1.93e-03        0.03
  26       -77.770470927     -5.35e-07      7.10e-04        0.03
  27       -77.770471012     -8.55e-08      3.54e-05        0.04
  28       -77.770471012      7.38e-10      5.04e-05        0.04
  29       -77.770471012     -3.83e-10      4.84e-06        0.04

 SCF converged in 29 iterations.

 Dipole moment (in Debye):              -0.000000      -0.000000      -0.000000

 Quadrupole moment (in Debye-Angstrom):
                  1            2            3
 1       -23.859594     0.105111    -0.599913
 2         0.105111   -23.564938     0.191994
 3        -0.599913     0.191994   -24.628780

 Spin-squared expectation <S^2>:         8.761
 Total spin quantum number S:            2.502
 TOTAL ENERGY:                         -77.770471012
 Saving results in set 'HF'

 --------------------------------------------------------------------------------
                                command: unsoldw12                               
 --------------------------------------------------------------------------------
 Number of AO basis functions:         197

 DF basis set:                           def2-qzvppd-ri
 Number of DF basis functions:         261


 --------------------------
  Virtual UW12 Correlation 
 --------------------------
 Unrestricted MP2 calculation:           
 Core spatial orbitals:                  0
 Correlated alpha orbitals:             10
 Correlated beta orbitals:               5
 Virtual alpha orbitals:               187
 Virtual beta orbitals:                192

 Opposite spin energy:                  -0.079131967

 Reference energy:                     -77.770471012
 UW12 correlation energy:               -0.079131967
 Total UW12 energy:                    -77.849602979

 --------------------------------------------------------------------------------

 End time:                               Fri May 28 11:25:37 2021
 Total wall-clock time:                 10.871 seconds
==================================================================================
