
================================================================================
          _____________ ________ _______________ ________     _________         
         / ___________// ______ \\_____   _____// ______ \   / ________)        
        / /_________  / /      \ \     | |     / /      \ \ | (_______          
       |  __________|| |        | |    | |    | |        | | \________ \        
        \ \_________ | |        | |    | |     \ \______/ /___________) |       
         \__________||_|        |_|    |_|      \________//____________/        
                                                                                
====================================[ Qcore ]===================================

 Git hash:   6a88d58d269bf0d2ccfae91583c23a2b072b7633
 Git date:   Tue, 25 May 2021 10:36:49 +0100
 Compiler:   GNU 9.1.0
 Build type: Release
 Version:    1.3.0

 Start time: Fri May 28 11:26:04 2021

 Data directory: /newhome/zw18965/.local/qcore/share/entos/1.3.0/data
 Number of threads: 16
 Number of threads was determined by: number of physical cores

 --------------------------------------------------------------------------------
                                   command: hf                                   
 --------------------------------------------------------------------------------
 AO basis set:                           aug-cc-pv5z-combined-pp
 Number of AO basis functions:         197
 ECP on atom 1 (Au):                     60 electrons

 Formula:                                Au
 Nuclear charge:                        79.000000000
 Total charge:                           0.000000000
 Number of core electrons:              60
 Number of treated electrons:           19

 Number of alpha electrons:             10
 Number of beta electrons:               9
 Number of unpaired electrons:           1
 Spin:                                   1
 Multiplicity:                           doublet

 Theory:                                 hf
 Method for Coulomb:                     incore_df
 Method for exact exchange:              pre_transformed_df
 Integral threshold:                     1.00e-12
 DF basis set:                           def2-universal-jkfit
 Number of DF basis functions:         247
 Schwarz screening threshold:            1.00e-10
 Coulomb fitting method:                 Cholesky
 Method for AO orthogonalization:        symmetric
 Threshold for linear dependence:        1.00e-08

 -------------------------------------
  Running unrestricted open-shell SCF 
 -------------------------------------
 Max number of iterations:             128
 Conv. threshold (gradient):             1.00e-05
 Conv. threshold (energy):               1.00e-06
 Interpolation scheme:                   adiis+cdiis
 Initial guess:                          H0

 ---------------------------------------------------------------
                  energy        change          grad        time
 ---------------------------------------------------------------
   0      -118.111268491                    4.37e+00        0.02
   1      -106.025718252      1.21e+01      3.34e+00        0.05
   2      -127.952601997     -2.19e+01      2.59e+00        0.03
   3      -134.580547215     -6.63e+00      5.70e-01        0.03
   4      -134.716180887     -1.36e-01      2.45e-01        0.03
   5      -134.757814429     -4.16e-02      1.36e-01        0.04
   6      -134.778273325     -2.05e-02      5.58e-02        0.04
   7      -134.780256518     -1.98e-03      3.48e-02        0.04
   8      -134.781808943     -1.55e-03      9.27e-04        0.04
   9      -134.781809895     -9.52e-07      1.38e-04        0.03
  10      -134.781809935     -3.96e-08      8.12e-05        0.03
  11      -134.781809949     -1.45e-08      5.03e-05        0.04
  12      -134.781809956     -7.09e-09      2.42e-05        0.04
  13      -134.781809957     -1.37e-09      2.22e-06        0.04

 SCF converged in 13 iterations.

 Dipole moment (in Debye):              -0.000000      -0.000000       0.000000

 Quadrupole moment (in Debye-Angstrom):
                  1            2            3
 1       -23.047588    -0.000000    -0.000000
 2        -0.000000   -23.047587     0.000000
 3        -0.000000     0.000000   -23.047588

 Spin-squared expectation <S^2>:         0.753
 Total spin quantum number S:            0.501
 TOTAL ENERGY:                        -134.781809957
 Saving results in set 'HF'

 --------------------------------------------------------------------------------
                                command: unsoldw12                               
 --------------------------------------------------------------------------------
 Number of AO basis functions:         197

 DF basis set:                           def2-qzvppd-ri
 Number of DF basis functions:         252


 --------------------------
  Virtual UW12 Correlation 
 --------------------------
 Unrestricted MP2 calculation:           
 Core spatial orbitals:                  0
 Correlated alpha orbitals:             10
 Correlated beta orbitals:               9
 Virtual alpha orbitals:               187
 Virtual beta orbitals:                188

 Opposite spin energy:                  -0.132188675

 Reference energy:                    -134.781809957
 UW12 correlation energy:               -0.132188675
 Total UW12 energy:                   -134.913998632

 --------------------------------------------------------------------------------

 End time:                               Fri May 28 11:26:14 2021
 Total wall-clock time:                  9.922 seconds
==================================================================================
