
================================================================================
          _____________ ________ _______________ ________     _________         
         / ___________// ______ \\_____   _____// ______ \   / ________)        
        / /_________  / /      \ \     | |     / /      \ \ | (_______          
       |  __________|| |        | |    | |    | |        | | \________ \        
        \ \_________ | |        | |    | |     \ \______/ /___________) |       
         \__________||_|        |_|    |_|      \________//____________/        
                                                                                
====================================[ Qcore ]===================================

 Git hash:   6a88d58d269bf0d2ccfae91583c23a2b072b7633
 Git date:   Tue, 25 May 2021 10:36:49 +0100
 Compiler:   GNU 9.1.0
 Build type: Release
 Version:    1.3.0

 Start time: Fri May 28 11:27:07 2021

 Data directory: /newhome/zw18965/.local/qcore/share/entos/1.3.0/data
 Number of threads: 16
 Number of threads was determined by: number of physical cores

 --------------------------------------------------------------------------------
                                   command: hf                                   
 --------------------------------------------------------------------------------
 AO basis set:                           aug-cc-pv5z-combined-pp
 Number of AO basis functions:         139
 ECP on atom 1 (Rn):                     60 electrons

 Formula:                                Rn
 Nuclear charge:                        86.000000000
 Total charge:                           0.000000000
 Number of core electrons:              60
 Number of treated electrons:           26

 Number of alpha electrons:             13
 Number of beta electrons:              13
 Number of unpaired electrons:           0
 Spin:                                   0
 Multiplicity:                           singlet

 Theory:                                 hf
 Method for Coulomb:                     incore_df
 Method for exact exchange:              pre_transformed_df
 Integral threshold:                     1.00e-12
 DF basis set:                           def2-universal-jkfit
 Number of DF basis functions:         251
 Schwarz screening threshold:            1.00e-10
 Coulomb fitting method:                 Cholesky
 Method for AO orthogonalization:        symmetric
 Threshold for linear dependence:        1.00e-08

 -------------------------------------
  Running restricted closed-shell SCF 
 -------------------------------------
 Max number of iterations:             128
 Conv. threshold (gradient):             1.00e-05
 Conv. threshold (energy):               1.00e-06
 Interpolation scheme:                   adiis+cdiis
 Initial guess:                          H0

 ---------------------------------------------------------------
                  energy        change          grad        time
 ---------------------------------------------------------------
   0      -257.995866286                    1.58e+01        0.00
   1      -210.537221412      4.75e+01      1.15e+01        0.01
   2      -271.277885514     -6.07e+01      1.10e+01        0.01
   3      -286.672289305     -1.54e+01      1.94e+00        0.01
   4      -287.373754760     -7.01e-01      1.28e+00        0.01
   5      -287.509380872     -1.36e-01      4.34e-01        0.01
   6      -287.537150979     -2.78e-02      2.26e-01        0.01
   7      -287.542277703     -5.13e-03      8.92e-02        0.01
   8      -287.543260638     -9.83e-04      4.15e-02        0.01
   9      -287.543489231     -2.29e-04      4.11e-05        0.01
  10      -287.543489231     -2.53e-10      2.28e-06        0.01

 SCF converged in 10 iterations.

 Dipole moment (in Debye):              -0.000000       0.000000      -0.000000

 Quadrupole moment (in Debye-Angstrom):
                  1            2            3
 1       -31.367237     0.000000    -0.000000
 2         0.000000   -31.367237     0.000000
 3        -0.000000     0.000000   -31.367238

 Spin-squared expectation <S^2>:         0.000
 Total spin quantum number S:            0.000
 TOTAL ENERGY:                        -287.543489231
 Saving results in set 'HF'

 --------------------------------------------------------------------------------
                                command: unsoldw12                               
 --------------------------------------------------------------------------------
 Number of AO basis functions:         139

 DF basis set:                           def2-qzvppd-ri
 Number of DF basis functions:         281


 --------------------------
  Virtual UW12 Correlation 
 --------------------------
 Restricted Virtual UW12 calculation:    
 Core orbitals:                          4
 Correlated orbitals:                    9
 Virtual orbitals:                     126

 Opposite spin energy:                  -0.108087062

 Reference energy:                    -287.543489231
 UW12 correlation energy:               -0.108087062
 Total UW12 energy:                   -287.651576293

 --------------------------------------------------------------------------------

 End time:                               Fri May 28 11:27:15 2021
 Total wall-clock time:                  8.511 seconds
==================================================================================
