
================================================================================
          _____________ ________ _______________ ________     _________         
         / ___________// ______ \\_____   _____// ______ \   / ________)        
        / /_________  / /      \ \     | |     / /      \ \ | (_______          
       |  __________|| |        | |    | |    | |        | | \________ \        
        \ \_________ | |        | |    | |     \ \______/ /___________) |       
         \__________||_|        |_|    |_|      \________//____________/        
                                                                                
====================================[ Qcore ]===================================

 Git hash:   6a88d58d269bf0d2ccfae91583c23a2b072b7633
 Git date:   Tue, 25 May 2021 10:36:49 +0100
 Compiler:   GNU 9.1.0
 Build type: Release
 Version:    1.3.0

 Start time: Thu May 27 16:20:57 2021

 Data directory: /newhome/zw18965/.local/qcore/share/entos/1.3.0/data
 Number of threads: 16
 Number of threads was determined by: number of physical cores

 --------------------------------------------------------------------------------
                                   command: hf                                   
 --------------------------------------------------------------------------------
 AO basis set:                           def2-qzvppd
 Number of AO basis functions:          63

 Formula:                                C
 Nuclear charge:                         6.000000000
 Total charge:                           0.000000000
 Number of electrons:                    6.000000000

 Number of alpha electrons:              4
 Number of beta electrons:               2
 Number of unpaired electrons:           2
 Spin:                                   2
 Multiplicity:                           triplet

 Theory:                                 hf
 Method for Coulomb:                     incore_df
 Method for exact exchange:              pre_transformed_df
 Integral threshold:                     1.00e-12
 DF basis set:                           def2-universal-jkfit
 Number of DF basis functions:          75
 Schwarz screening threshold:            1.00e-10
 Coulomb fitting method:                 Cholesky
 Method for AO orthogonalization:        symmetric
 Threshold for linear dependence:        1.00e-08

 -------------------------------------
  Running unrestricted open-shell SCF 
 -------------------------------------
 Max number of iterations:             128
 Conv. threshold (gradient):             1.00e-05
 Conv. threshold (energy):               1.00e-06
 Interpolation scheme:                   adiis+cdiis
 Initial guess:                          H0

 ---------------------------------------------------------------
                  energy        change          grad        time
 ---------------------------------------------------------------
   0       -34.680149136                    3.37e+00        0.00
   1       -37.284793821     -2.60e+00      6.25e-01        0.00
   2       -37.675381835     -3.91e-01      2.12e-01        0.00
   3       -37.692676755     -1.73e-02      3.23e-02        0.00
   4       -37.693530062     -8.53e-04      1.25e-02        0.00
   5       -37.693645351     -1.15e-04      2.76e-03        0.00
   6       -37.693649599     -4.25e-06      6.99e-04        0.00
   7       -37.693649986     -3.87e-07      7.05e-05        0.00
   8       -37.693649991     -4.39e-09      7.11e-06        0.00

 SCF converged in 8 iterations.

 Dipole moment (in Debye):              -0.000000      -0.000000       0.000000

 Quadrupole moment (in Debye-Angstrom):
                  1            2            3
 1        -6.805696     0.147213    -0.164880
 2         0.147213    -5.958994    -0.976164
 3        -0.164880    -0.976164    -5.737248

 Spin-squared expectation <S^2>:         2.010
 Total spin quantum number S:            1.003
 TOTAL ENERGY:                         -37.693649991
 Saving results in set 'HF'

 --------------------------------------------------------------------------------
                                command: unsoldw12                               
 --------------------------------------------------------------------------------
 Number of AO basis functions:          63

 DF basis set:                           def2-qzvppd-ri
 Number of DF basis functions:         157

 Unrestricted UW12 calculation:          
 Core spatial orbitals:                  1
 Correlated alpha orbitals:              3
 Correlated beta orbitals:               1

 ------------------
  UW12 Correlation 
 ------------------
 Factor for UW12 correlation:            1.000000000
 Same spin scale factor:                 0.000000000
 Calculate indirect contribution:        false
 Method for three electron term:         df_ri
 Auxiliary RI basis set:                 def2-QZVPPD-ri
 Number of RI basis functions:         157
 Gaussians in geminal expansion:         4
 UW12 screening threshold:               1.00e-10
 Method for density-fitting:             w(r)
 Number of core spatial orbitals:        1


 Reference energy:                     -37.693649991
 UW12 correlation energy:               -0.011661921
 Total UW12 energy:                    -37.705311912

 --------------------------------------------------------------------------------

 End time:                               Thu May 27 16:20:59 2021
 Total wall-clock time:                  1.904 seconds
==================================================================================
