
================================================================================
          _____________ ________ _______________ ________     _________         
         / ___________// ______ \\_____   _____// ______ \   / ________)        
        / /_________  / /      \ \     | |     / /      \ \ | (_______          
       |  __________|| |        | |    | |    | |        | | \________ \        
        \ \_________ | |        | |    | |     \ \______/ /___________) |       
         \__________||_|        |_|    |_|      \________//____________/        
                                                                                
====================================[ Qcore ]===================================

 Git hash:   6a88d58d269bf0d2ccfae91583c23a2b072b7633
 Git date:   Tue, 25 May 2021 10:36:49 +0100
 Compiler:   GNU 9.1.0
 Build type: Release
 Version:    1.3.0

 Start time: Thu May 27 16:21:15 2021

 Data directory: /newhome/zw18965/.local/qcore/share/entos/1.3.0/data
 Number of threads: 16
 Number of threads was determined by: number of physical cores

 --------------------------------------------------------------------------------
                                   command: hf                                   
 --------------------------------------------------------------------------------
 AO basis set:                           def2-qzvppd
 Number of AO basis functions:          70

 Formula:                                K
 Nuclear charge:                        19.000000000
 Total charge:                           0.000000000
 Number of electrons:                   19.000000000

 Number of alpha electrons:             10
 Number of beta electrons:               9
 Number of unpaired electrons:           1
 Spin:                                   1
 Multiplicity:                           doublet

 Theory:                                 hf
 Method for Coulomb:                     incore_df
 Method for exact exchange:              pre_transformed_df
 Integral threshold:                     1.00e-12
 DF basis set:                           def2-universal-jkfit
 Number of DF basis functions:         160
 Schwarz screening threshold:            1.00e-10
 Coulomb fitting method:                 Cholesky
 Method for AO orthogonalization:        symmetric
 Threshold for linear dependence:        1.00e-08

 -------------------------------------
  Running unrestricted open-shell SCF 
 -------------------------------------
 Max number of iterations:             128
 Conv. threshold (gradient):             1.00e-05
 Conv. threshold (energy):               1.00e-06
 Interpolation scheme:                   adiis+cdiis
 Initial guess:                          H0

 ---------------------------------------------------------------
                  energy        change          grad        time
 ---------------------------------------------------------------
   0      -584.425660405                    1.67e+01        0.00
   1      -586.472585108     -2.05e+00      2.15e+00        0.00
   2      -597.286721369     -1.08e+01      1.51e+00        0.00
   3      -598.951825989     -1.67e+00      4.91e-01        0.00
   4      -599.151678343     -2.00e-01      1.29e-01        0.00
   5      -599.162268726     -1.06e-02      3.06e-02        0.00
   6      -599.163971973     -1.70e-03      1.49e-02        0.00
   7      -599.164569435     -5.97e-04      3.45e-03        0.00
   8      -599.164595068     -2.56e-05      4.07e-04        0.00
   9      -599.164595293     -2.25e-07      4.18e-05        0.00
  10      -599.164595295     -1.93e-09      7.60e-06        0.00

 SCF converged in 10 iterations.

 Dipole moment (in Debye):               0.000000       0.000000       0.000000

 Quadrupole moment (in Debye-Angstrom):
                  1            2            3
 1       -22.932987     0.000083    -0.000004
 2         0.000083   -22.933015    -0.000169
 3        -0.000004    -0.000169   -22.932994

 Spin-squared expectation <S^2>:         0.750
 Total spin quantum number S:            0.500
 TOTAL ENERGY:                        -599.164595295
 Saving results in set 'HF'

 --------------------------------------------------------------------------------
                                command: unsoldw12                               
 --------------------------------------------------------------------------------
 Number of AO basis functions:          70

 DF basis set:                           def2-qzvppd-ri
 Number of DF basis functions:         199

 Unrestricted UW12 calculation:          
 Core spatial orbitals:                  5
 Correlated alpha orbitals:              5
 Correlated beta orbitals:               4

 ------------------
  UW12 Correlation 
 ------------------
 Factor for UW12 correlation:            1.000000000
 Same spin scale factor:                 0.000000000
 Calculate indirect contribution:        false
 Method for three electron term:         df_ri
 Auxiliary RI basis set:                 def2-QZVPPD-ri
 Number of RI basis functions:         199
 Gaussians in geminal expansion:         4
 UW12 screening threshold:               1.00e-10
 Method for density-fitting:             w(r)
 Number of core spatial orbitals:        5


 Reference energy:                    -599.164595295
 UW12 correlation energy:               -0.036129912
 Total UW12 energy:                   -599.200725207

 --------------------------------------------------------------------------------

 End time:                               Thu May 27 16:21:17 2021
 Total wall-clock time:                  1.933 seconds
==================================================================================
