
================================================================================
          _____________ ________ _______________ ________     _________         
         / ___________// ______ \\_____   _____// ______ \   / ________)        
        / /_________  / /      \ \     | |     / /      \ \ | (_______          
       |  __________|| |        | |    | |    | |        | | \________ \        
        \ \_________ | |        | |    | |     \ \______/ /___________) |       
         \__________||_|        |_|    |_|      \________//____________/        
                                                                                
====================================[ Qcore ]===================================

 Git hash:   6a88d58d269bf0d2ccfae91583c23a2b072b7633
 Git date:   Tue, 25 May 2021 10:36:49 +0100
 Compiler:   GNU 9.1.0
 Build type: Release
 Version:    1.3.0

 Start time: Thu May 27 16:22:17 2021

 Data directory: /newhome/zw18965/.local/qcore/share/entos/1.3.0/data
 Number of threads: 16
 Number of threads was determined by: number of physical cores

 --------------------------------------------------------------------------------
                                   command: hf                                   
 --------------------------------------------------------------------------------
 AO basis set:                           def2-qzvppd
 Number of AO basis functions:         100

 Formula:                                Ni
 Nuclear charge:                        28.000000000
 Total charge:                           0.000000000
 Number of electrons:                   28.000000000

 Number of alpha electrons:             15
 Number of beta electrons:              13
 Number of unpaired electrons:           2
 Spin:                                   2
 Multiplicity:                           triplet

 Theory:                                 hf
 Method for Coulomb:                     incore_df
 Method for exact exchange:              pre_transformed_df
 Integral threshold:                     1.00e-12
 DF basis set:                           def2-universal-jkfit
 Number of DF basis functions:         264
 Schwarz screening threshold:            1.00e-10
 Coulomb fitting method:                 Cholesky
 Method for AO orthogonalization:        symmetric
 Threshold for linear dependence:        1.00e-08

 -------------------------------------
  Running unrestricted open-shell SCF 
 -------------------------------------
 Max number of iterations:             128
 Conv. threshold (gradient):             1.00e-05
 Conv. threshold (energy):               1.00e-06
 Interpolation scheme:                   adiis+cdiis
 Initial guess:                          H0

 ---------------------------------------------------------------
                  energy        change          grad        time
 ---------------------------------------------------------------
   0     -1442.141575235                    3.15e+01        0.01
   1     -1400.196002221      4.19e+01      1.22e+01        0.01
   2     -1482.004707431     -8.18e+01      8.82e+00        0.01
   3     -1503.080492129     -2.11e+01      3.33e+00        0.01
   4     -1503.173998214     -9.35e-02      2.97e+00        0.01
   5     -1506.766829765     -3.59e+00      3.48e-01        0.01
   6     -1506.758546093      8.28e-03      4.79e-01        0.01
   7     -1506.826690930     -6.81e-02      5.03e-02        0.01
   8     -1506.828163368     -1.47e-03      4.68e-02        0.01
   9     -1506.829284748     -1.12e-03      4.90e-03        0.01
  10     -1506.829315498     -3.07e-05      4.09e-03        0.01
  11     -1506.829332046     -1.65e-05      2.70e-03        0.01
  12     -1506.829345056     -1.30e-05      5.71e-04        0.01
  13     -1506.829345815     -7.60e-07      2.04e-04        0.01
  14     -1506.829345857     -4.16e-08      6.98e-05        0.01
  15     -1506.829345860     -3.33e-09      3.55e-05        0.01
  16     -1506.829345861     -6.77e-10      3.49e-05        0.01
  17     -1506.829345862     -7.76e-10      3.51e-05        0.01
  18     -1506.829345862     -5.99e-10      3.52e-05        0.01
  19     -1506.829345864     -1.46e-09      3.51e-05        0.01
  20     -1506.829345866     -1.99e-09      3.51e-05        0.01
  21     -1506.829345868     -2.59e-09      3.51e-05        0.01
  22     -1506.829345872     -3.75e-09      3.50e-05        0.01
  23     -1506.829345916     -4.41e-08      3.50e-05        0.01
  24     -1506.829345918     -1.56e-09      3.49e-05        0.01
  25     -1506.829345969     -5.17e-08      3.55e-05        0.01
  26     -1506.829345959      1.08e-08      3.47e-05        0.01
  27     -1506.829346076     -1.17e-07      3.82e-05        0.01
  28     -1506.829346163     -8.71e-08      4.17e-05        0.01
  29     -1506.829346175     -1.15e-08      4.65e-05        0.01
  30     -1506.829346406     -2.31e-07      1.23e-04        0.01
  31     -1506.829346263      1.43e-07      5.07e-05        0.01
  32     -1506.829346187      7.55e-08      4.15e-05        0.01
  33     -1506.829346877     -6.90e-07      4.09e-04        0.01
  34     -1506.829344095      2.78e-06      4.87e-03        0.01
  35     -1506.829343637      4.58e-07      5.13e-03        0.01
  36     -1506.829346783     -3.15e-06      2.05e-03        0.01
  37     -1506.829338621      8.16e-06      7.36e-03        0.01
  38     -1506.829334290      4.33e-06      8.82e-03        0.01
  39     -1506.829329348      4.94e-06      1.03e-02        0.01
  40     -1506.829340406     -1.11e-05      6.68e-03        0.01
  41     -1506.829347558     -7.15e-06      1.35e-03        0.01
  42     -1506.829348047     -4.89e-07      6.23e-05        0.01
  43     -1506.829346813      1.23e-06      3.32e-03        0.01
  44     -1506.829348456     -1.64e-06      8.09e-04        0.01
  45     -1506.829348634     -1.78e-07      9.55e-04        0.01
  46     -1506.829348894     -2.60e-07      1.94e-05        0.01
  47     -1506.829348745      1.48e-07      1.09e-03        0.01
  48     -1506.829348917     -1.72e-07      5.01e-04        0.01
  49     -1506.829348962     -4.44e-08      1.07e-04        0.01
  50     -1506.829348965     -2.80e-09      3.28e-05        0.01
  51     -1506.829348965     -1.69e-10      2.11e-05        0.01
  52     -1506.829348965     -7.75e-11      5.05e-06        0.01

 SCF converged in 52 iterations.

 Dipole moment (in Debye):               0.000000      -0.000000      -0.000000

 Quadrupole moment (in Debye-Angstrom):
                  1            2            3
 1       -14.786738     0.208915    -0.065867
 2         0.208915   -14.771706    -0.068313
 3        -0.065867    -0.068313   -14.966738

 Spin-squared expectation <S^2>:         2.001
 Total spin quantum number S:            1.000
 TOTAL ENERGY:                       -1506.829348965
 Saving results in set 'HF'

 --------------------------------------------------------------------------------
                                command: unsoldw12                               
 --------------------------------------------------------------------------------
 Number of AO basis functions:         100

 DF basis set:                           def2-qzvppd-ri
 Number of DF basis functions:         316

 Unrestricted UW12 calculation:          
 Core spatial orbitals:                  5
 Correlated alpha orbitals:             10
 Correlated beta orbitals:               8

 ------------------
  UW12 Correlation 
 ------------------
 Factor for UW12 correlation:            1.000000000
 Same spin scale factor:                 0.000000000
 Calculate indirect contribution:        false
 Method for three electron term:         df_ri
 Auxiliary RI basis set:                 def2-QZVPPD-ri
 Number of RI basis functions:         316
 Gaussians in geminal expansion:         4
 UW12 screening threshold:               1.00e-10
 Method for density-fitting:             w(r)
 Number of core spatial orbitals:        5


 Reference energy:                   -1506.829348965
 UW12 correlation energy:               -0.084103818
 Total UW12 energy:                  -1506.913452783

 --------------------------------------------------------------------------------

 End time:                               Thu May 27 16:22:32 2021
 Total wall-clock time:                 14.895 seconds
==================================================================================
