
================================================================================
          _____________ ________ _______________ ________     _________         
         / ___________// ______ \\_____   _____// ______ \   / ________)        
        / /_________  / /      \ \     | |     / /      \ \ | (_______          
       |  __________|| |        | |    | |    | |        | | \________ \        
        \ \_________ | |        | |    | |     \ \______/ /___________) |       
         \__________||_|        |_|    |_|      \________//____________/        
                                                                                
====================================[ Qcore ]===================================

 Git hash:   6a88d58d269bf0d2ccfae91583c23a2b072b7633
 Git date:   Tue, 25 May 2021 10:36:49 +0100
 Compiler:   GNU 9.1.0
 Build type: Release
 Version:    1.3.0

 Start time: Thu May 27 16:23:37 2021

 Data directory: /newhome/zw18965/.local/qcore/share/entos/1.3.0/data
 Number of threads: 16
 Number of threads was determined by: number of physical cores

 --------------------------------------------------------------------------------
                                   command: hf                                   
 --------------------------------------------------------------------------------
 AO basis set:                           def2-qzvppd
 Number of AO basis functions:          98

 Formula:                                Se
 Nuclear charge:                        34.000000000
 Total charge:                           0.000000000
 Number of electrons:                   34.000000000

 Number of alpha electrons:             18
 Number of beta electrons:              16
 Number of unpaired electrons:           2
 Spin:                                   2
 Multiplicity:                           triplet

 Theory:                                 hf
 Method for Coulomb:                     incore_df
 Method for exact exchange:              pre_transformed_df
 Integral threshold:                     1.00e-12
 DF basis set:                           def2-universal-jkfit
 Number of DF basis functions:         266
 Schwarz screening threshold:            1.00e-10
 Coulomb fitting method:                 Cholesky
 Method for AO orthogonalization:        symmetric
 Threshold for linear dependence:        1.00e-08

 -------------------------------------
  Running unrestricted open-shell SCF 
 -------------------------------------
 Max number of iterations:             128
 Conv. threshold (gradient):             1.00e-05
 Conv. threshold (energy):               1.00e-06
 Interpolation scheme:                   adiis+cdiis
 Initial guess:                          H0

 ---------------------------------------------------------------
                  energy        change          grad        time
 ---------------------------------------------------------------
   0     -2226.726651012                    4.69e+01        0.01
   1     -2145.561467565      8.12e+01      1.79e+01        0.01
   2     -2346.351480059     -2.01e+02      1.38e+01        0.01
   3     -2394.662718651     -4.83e+01      4.39e+00        0.01
   4     -2397.963704523     -3.30e+00      2.97e+00        0.01
   5     -2399.697577778     -1.73e+00      7.80e-01        0.01
   6     -2399.810957478     -1.13e-01      5.16e-01        0.01
   7     -2399.867551935     -5.66e-02      1.65e-01        0.01
   8     -2399.872088496     -4.54e-03      1.03e-01        0.01
   9     -2399.874443382     -2.35e-03      3.33e-02        0.01
  10     -2399.874623034     -1.80e-04      2.01e-02        0.01
  11     -2399.874723936     -1.01e-04      1.18e-04        0.01
  12     -2399.874723949     -1.32e-08      1.84e-05        0.01
  13     -2399.874723950     -2.69e-10      2.48e-06        0.01

 SCF converged in 13 iterations.

 Dipole moment (in Debye):              -0.000000      -0.000000       0.000000

 Quadrupole moment (in Debye-Angstrom):
                  1            2            3
 1       -20.277892    -0.370796     1.225124
 2        -0.370796   -17.336059     0.152039
 3         1.225124     0.152039   -17.792387

 Spin-squared expectation <S^2>:         2.011
 Total spin quantum number S:            1.004
 TOTAL ENERGY:                       -2399.874723950
 Saving results in set 'HF'

 --------------------------------------------------------------------------------
                                command: unsoldw12                               
 --------------------------------------------------------------------------------
 Number of AO basis functions:          98

 DF basis set:                           def2-qzvppd-ri
 Number of DF basis functions:         314

 Unrestricted UW12 calculation:          
 Core spatial orbitals:                  9
 Correlated alpha orbitals:              9
 Correlated beta orbitals:               7

 ------------------
  UW12 Correlation 
 ------------------
 Factor for UW12 correlation:            1.000000000
 Same spin scale factor:                 0.000000000
 Calculate indirect contribution:        false
 Method for three electron term:         df_ri
 Auxiliary RI basis set:                 def2-QZVPPD-ri
 Number of RI basis functions:         314
 Gaussians in geminal expansion:         4
 UW12 screening threshold:               1.00e-10
 Method for density-fitting:             w(r)
 Number of core spatial orbitals:        9


 Reference energy:                   -2399.874723950
 UW12 correlation energy:               -0.080833937
 Total UW12 energy:                  -2399.955557886

 --------------------------------------------------------------------------------

 End time:                               Thu May 27 16:23:50 2021
 Total wall-clock time:                 12.775 seconds
==================================================================================
