
================================================================================
          _____________ ________ _______________ ________     _________         
         / ___________// ______ \\_____   _____// ______ \   / ________)        
        / /_________  / /      \ \     | |     / /      \ \ | (_______          
       |  __________|| |        | |    | |    | |        | | \________ \        
        \ \_________ | |        | |    | |     \ \______/ /___________) |       
         \__________||_|        |_|    |_|      \________//____________/        
                                                                                
====================================[ Qcore ]===================================

 Git hash:   6a88d58d269bf0d2ccfae91583c23a2b072b7633
 Git date:   Tue, 25 May 2021 10:36:49 +0100
 Compiler:   GNU 9.1.0
 Build type: Release
 Version:    1.3.0

 Start time: Thu May 27 16:24:37 2021

 Data directory: /newhome/zw18965/.local/qcore/share/entos/1.3.0/data
 Number of threads: 16
 Number of threads was determined by: number of physical cores

 --------------------------------------------------------------------------------
                                   command: hf                                   
 --------------------------------------------------------------------------------
 AO basis set:                           def2-qzvppd
 Number of AO basis functions:          88
 ECP on atom 1 (Rh):                     28 electrons

 Formula:                                Rh
 Nuclear charge:                        45.000000000
 Total charge:                           0.000000000
 Number of core electrons:              28
 Number of treated electrons:           17

 Number of alpha electrons:             10
 Number of beta electrons:               7
 Number of unpaired electrons:           3
 Spin:                                   3
 Multiplicity:                           quartet

 Theory:                                 hf
 Method for Coulomb:                     incore_df
 Method for exact exchange:              pre_transformed_df
 Integral threshold:                     1.00e-12
 DF basis set:                           def2-universal-jkfit
 Number of DF basis functions:         255
 Schwarz screening threshold:            1.00e-10
 Coulomb fitting method:                 Cholesky
 Method for AO orthogonalization:        symmetric
 Threshold for linear dependence:        1.00e-08

 -------------------------------------
  Running unrestricted open-shell SCF 
 -------------------------------------
 Max number of iterations:             128
 Conv. threshold (gradient):             1.00e-05
 Conv. threshold (energy):               1.00e-06
 Interpolation scheme:                   adiis+cdiis
 Initial guess:                          H0

 ---------------------------------------------------------------
                  energy        change          grad        time
 ---------------------------------------------------------------
   0       -95.055649556                    5.16e+00        0.00
   1       -91.575903690      3.48e+00      3.56e+00        0.01
   2      -104.378261055     -1.28e+01      2.90e+00        0.01
   3      -109.648620464     -5.27e+00      3.78e-01        0.01
   4      -109.715115086     -6.65e-02      1.52e-01        0.01
   5      -109.727027664     -1.19e-02      1.22e-01        0.01
   6      -109.732542029     -5.51e-03      7.21e-02        0.01
   7      -109.735148276     -2.61e-03      6.11e-02        0.01
   8      -109.738327986     -3.18e-03      2.98e-02        0.01
   9      -109.742463836     -4.14e-03      2.06e-02        0.01
  10      -109.743683014     -1.22e-03      1.72e-02        0.01
  11      -109.745416445     -1.73e-03      1.64e-02        0.01
  12      -109.745807274     -3.91e-04      1.06e-02        0.01
  13      -109.746286472     -4.79e-04      1.03e-02        0.01
  14      -109.746360448     -7.40e-05      8.82e-03        0.01
  15      -109.746447450     -8.70e-05      6.11e-03        0.01
  16      -109.746479669     -3.22e-05      2.85e-03        0.01
  17      -109.746485961     -6.29e-06      7.77e-04        0.01
  18      -109.746486652     -6.91e-07      6.09e-04        0.01
  19      -109.746488016     -1.36e-06      4.36e-04        0.01
  20      -109.746488867     -8.51e-07      2.44e-04        0.01
  21      -109.746489097     -2.30e-07      1.31e-04        0.01
  22      -109.746489131     -3.37e-08      8.04e-05        0.01
  23      -109.746489151     -2.04e-08      5.02e-05        0.01
  24      -109.746489156     -4.41e-09      1.16e-05        0.01
  25      -109.746489156     -3.13e-10      5.66e-06        0.01

 SCF converged in 25 iterations.

 Dipole moment (in Debye):              -0.000000      -0.000000      -0.000000

 Quadrupole moment (in Debye-Angstrom):
                  1            2            3
 1       -21.693014    -0.000007    -0.000008
 2        -0.000007   -21.693020    -0.000020
 3        -0.000008    -0.000020   -21.692991

 Spin-squared expectation <S^2>:         3.754
 Total spin quantum number S:            1.501
 TOTAL ENERGY:                        -109.746489156
 Saving results in set 'HF'

 --------------------------------------------------------------------------------
                                command: unsoldw12                               
 --------------------------------------------------------------------------------
 Number of AO basis functions:          88

 DF basis set:                           def2-qzvppd-ri
 Number of DF basis functions:         252

 Unrestricted UW12 calculation:          
 Core spatial orbitals:                  0
 Correlated alpha orbitals:             10
 Correlated beta orbitals:               7

 ------------------
  UW12 Correlation 
 ------------------
 Factor for UW12 correlation:            1.000000000
 Same spin scale factor:                 0.000000000
 Calculate indirect contribution:        false
 Method for three electron term:         df_ri
 Auxiliary RI basis set:                 def2-QZVPPD-ri
 Number of RI basis functions:         252
 Gaussians in geminal expansion:         4
 UW12 screening threshold:               1.00e-10
 Method for density-fitting:             w(r)


 Reference energy:                    -109.746489156
 UW12 correlation energy:               -0.093478885
 Total UW12 energy:                   -109.839968041

 --------------------------------------------------------------------------------

 End time:                               Thu May 27 16:24:39 2021
 Total wall-clock time:                  2.686 seconds
==================================================================================
