
================================================================================
          _____________ ________ _______________ ________     _________         
         / ___________// ______ \\_____   _____// ______ \   / ________)        
        / /_________  / /      \ \     | |     / /      \ \ | (_______          
       |  __________|| |        | |    | |    | |        | | \________ \        
        \ \_________ | |        | |    | |     \ \______/ /___________) |       
         \__________||_|        |_|    |_|      \________//____________/        
                                                                                
====================================[ Qcore ]===================================

 Git hash:   6a88d58d269bf0d2ccfae91583c23a2b072b7633
 Git date:   Tue, 25 May 2021 10:36:49 +0100
 Compiler:   GNU 9.1.0
 Build type: Release
 Version:    1.3.0

 Start time: Thu May 27 16:26:13 2021

 Data directory: /newhome/zw18965/.local/qcore/share/entos/1.3.0/data
 Number of threads: 16
 Number of threads was determined by: number of physical cores

 --------------------------------------------------------------------------------
                                   command: hf                                   
 --------------------------------------------------------------------------------
 AO basis set:                           def2-qzvppd
 Number of AO basis functions:          62
 ECP on atom 1 (Cs):                     46 electrons

 Formula:                                Cs
 Nuclear charge:                        55.000000000
 Total charge:                           0.000000000
 Number of core electrons:              46
 Number of treated electrons:            9

 Number of alpha electrons:              5
 Number of beta electrons:               4
 Number of unpaired electrons:           1
 Spin:                                   1
 Multiplicity:                           doublet

 Theory:                                 hf
 Method for Coulomb:                     incore_df
 Method for exact exchange:              pre_transformed_df
 Integral threshold:                     1.00e-12
 DF basis set:                           def2-universal-jkfit
 Number of DF basis functions:         130
 Schwarz screening threshold:            1.00e-10
 Coulomb fitting method:                 Cholesky
 Method for AO orthogonalization:        symmetric
 Threshold for linear dependence:        1.00e-08

 -------------------------------------
  Running unrestricted open-shell SCF 
 -------------------------------------
 Max number of iterations:             128
 Conv. threshold (gradient):             1.00e-05
 Conv. threshold (energy):               1.00e-06
 Interpolation scheme:                   adiis+cdiis
 Initial guess:                          H0

 ---------------------------------------------------------------
                  energy        change          grad        time
 ---------------------------------------------------------------
   0       -18.773370918                    6.84e-01        0.00
   1       -19.783633938     -1.01e+00      1.52e-01        0.00
   2       -19.840362231     -5.67e-02      4.88e-02        0.00
   3       -19.850922027     -1.06e-02      2.71e-02        0.00
   4       -19.854763670     -3.84e-03      8.26e-03        0.00
   5       -19.855204017     -4.40e-04      1.77e-03        0.00
   6       -19.855214648     -1.06e-05      3.68e-04        0.00
   7       -19.855214910     -2.62e-07      5.94e-05        0.00
   8       -19.855214920     -1.01e-08      2.35e-05        0.00
   9       -19.855214922     -2.57e-09      9.65e-06        0.00

 SCF converged in 9 iterations.

 Dipole moment (in Debye):              -0.000000       0.000000      -0.000000

 Quadrupole moment (in Debye-Angstrom):
                  1            2            3
 1       -35.415255    -0.000008    -0.000009
 2        -0.000008   -35.415623    -0.000008
 3        -0.000009    -0.000008   -35.415273

 Spin-squared expectation <S^2>:         0.751
 Total spin quantum number S:            0.500
 TOTAL ENERGY:                         -19.855214923
 Saving results in set 'HF'

 --------------------------------------------------------------------------------
                                command: unsoldw12                               
 --------------------------------------------------------------------------------
 Number of AO basis functions:          62

 DF basis set:                           def2-qzvppd-ri
 Number of DF basis functions:         171

 Unrestricted UW12 calculation:          
 Core spatial orbitals:                  0
 Correlated alpha orbitals:              5
 Correlated beta orbitals:               4

 ------------------
  UW12 Correlation 
 ------------------
 Factor for UW12 correlation:            1.000000000
 Same spin scale factor:                 0.000000000
 Calculate indirect contribution:        false
 Method for three electron term:         df_ri
 Auxiliary RI basis set:                 def2-QZVPPD-ri
 Number of RI basis functions:         171
 Gaussians in geminal expansion:         4
 UW12 screening threshold:               1.00e-10
 Method for density-fitting:             w(r)


 Reference energy:                     -19.855214923
 UW12 correlation energy:               -0.042648264
 Total UW12 energy:                    -19.897863187

 --------------------------------------------------------------------------------

 End time:                               Thu May 27 16:26:13 2021
 Total wall-clock time:                  0.636 seconds
==================================================================================
