
================================================================================
          _____________ ________ _______________ ________     _________         
         / ___________// ______ \\_____   _____// ______ \   / ________)        
        / /_________  / /      \ \     | |     / /      \ \ | (_______          
       |  __________|| |        | |    | |    | |        | | \________ \        
        \ \_________ | |        | |    | |     \ \______/ /___________) |       
         \__________||_|        |_|    |_|      \________//____________/        
                                                                                
====================================[ Qcore ]===================================

 Git hash:   6a88d58d269bf0d2ccfae91583c23a2b072b7633
 Git date:   Tue, 25 May 2021 10:36:49 +0100
 Compiler:   GNU 9.1.0
 Build type: Release
 Version:    1.3.0

 Start time: Thu May 27 16:26:37 2021

 Data directory: /newhome/zw18965/.local/qcore/share/entos/1.3.0/data
 Number of threads: 16
 Number of threads was determined by: number of physical cores

 --------------------------------------------------------------------------------
                                   command: hf                                   
 --------------------------------------------------------------------------------
 AO basis set:                           def2-qzvppd
 Number of AO basis functions:          88
 ECP on atom 1 (Hg):                     60 electrons

 Formula:                                Hg
 Nuclear charge:                        80.000000000
 Total charge:                           0.000000000
 Number of core electrons:              60
 Number of treated electrons:           20

 Number of alpha electrons:             10
 Number of beta electrons:              10
 Number of unpaired electrons:           0
 Spin:                                   0
 Multiplicity:                           singlet

 Theory:                                 hf
 Method for Coulomb:                     incore_df
 Method for exact exchange:              pre_transformed_df
 Integral threshold:                     1.00e-12
 DF basis set:                           def2-universal-jkfit
 Number of DF basis functions:         247
 Schwarz screening threshold:            1.00e-10
 Coulomb fitting method:                 Cholesky
 Method for AO orthogonalization:        symmetric
 Threshold for linear dependence:        1.00e-08

 -------------------------------------
  Running restricted closed-shell SCF 
 -------------------------------------
 Max number of iterations:             128
 Conv. threshold (gradient):             1.00e-05
 Conv. threshold (energy):               1.00e-06
 Interpolation scheme:                   adiis+cdiis
 Initial guess:                          H0

 ---------------------------------------------------------------
                  energy        change          grad        time
 ---------------------------------------------------------------
   0      -138.372427388                    7.70e+00        0.00
   1      -127.125827193      1.12e+01      5.52e+00        0.00
   2      -145.956884676     -1.88e+01      5.95e+00        0.00
   3      -152.428343243     -6.47e+00      6.79e-01        0.00
   4      -152.524026800     -9.57e-02      3.51e-01        0.00
   5      -152.544134695     -2.01e-02      1.69e-01        0.00
   6      -152.552611319     -8.48e-03      8.84e-02        0.00
   7      -152.553899226     -1.29e-03      4.24e-02        0.00
   8      -152.554542139     -6.43e-04      5.05e-04        0.00
   9      -152.554542251     -1.12e-07      3.16e-05        0.00
  10      -152.554542251     -4.84e-10      4.37e-06        0.00

 SCF converged in 10 iterations.

 Dipole moment (in Debye):               0.000000      -0.000000      -0.000000

 Quadrupole moment (in Debye-Angstrom):
                  1            2            3
 1       -24.208729    -0.000000    -0.000000
 2        -0.000000   -24.208729    -0.000000
 3        -0.000000    -0.000000   -24.208728

 Spin-squared expectation <S^2>:         0.000
 Total spin quantum number S:            0.000
 TOTAL ENERGY:                        -152.554542251
 Saving results in set 'HF'

 --------------------------------------------------------------------------------
                                command: unsoldw12                               
 --------------------------------------------------------------------------------
 Number of AO basis functions:          88

 DF basis set:                           def2-qzvppd-ri
 Number of DF basis functions:         252

 Restricted UW12 calculation:            
 Core Orbitals:                          0
 Correlated Orbitals:                   10

 ------------------
  UW12 Correlation 
 ------------------
 Factor for UW12 correlation:            1.000000000
 Same spin scale factor:                 0.000000000
 Calculate indirect contribution:        false
 Method for three electron term:         df_ri
 Auxiliary RI basis set:                 def2-QZVPPD-ri
 Number of RI basis functions:         252
 Gaussians in geminal expansion:         4
 UW12 screening threshold:               1.00e-10
 Method for density-fitting:             w(r)


 Reference energy:                    -152.554542251
 UW12 correlation energy:               -0.147086511
 Total UW12 energy:                   -152.701628762

 --------------------------------------------------------------------------------

 End time:                               Thu May 27 16:26:40 2021
 Total wall-clock time:                  2.650 seconds
==================================================================================
