
================================================================================
          _____________ ________ _______________ ________     _________         
         / ___________// ______ \\_____   _____// ______ \   / ________)        
        / /_________  / /      \ \     | |     / /      \ \ | (_______          
       |  __________|| |        | |    | |    | |        | | \________ \        
        \ \_________ | |        | |    | |     \ \______/ /___________) |       
         \__________||_|        |_|    |_|      \________//____________/        
                                                                                
====================================[ Qcore ]===================================

 Git hash:   6a88d58d269bf0d2ccfae91583c23a2b072b7633
 Git date:   Tue, 25 May 2021 10:36:49 +0100
 Compiler:   GNU 9.1.0
 Build type: Release
 Version:    1.3.0

 Start time: Thu May 27 16:26:40 2021

 Data directory: /newhome/zw18965/.local/qcore/share/entos/1.3.0/data
 Number of threads: 16
 Number of threads was determined by: number of physical cores

 --------------------------------------------------------------------------------
                                   command: hf                                   
 --------------------------------------------------------------------------------
 AO basis set:                           def2-qzvppd
 Number of AO basis functions:          88
 ECP on atom 1 (Tl):                     60 electrons

 Formula:                                Tl
 Nuclear charge:                        81.000000000
 Total charge:                           0.000000000
 Number of core electrons:              60
 Number of treated electrons:           21

 Number of alpha electrons:             11
 Number of beta electrons:              10
 Number of unpaired electrons:           1
 Spin:                                   1
 Multiplicity:                           doublet

 Theory:                                 hf
 Method for Coulomb:                     incore_df
 Method for exact exchange:              pre_transformed_df
 Integral threshold:                     1.00e-12
 DF basis set:                           def2-universal-jkfit
 Number of DF basis functions:         251
 Schwarz screening threshold:            1.00e-10
 Coulomb fitting method:                 Cholesky
 Method for AO orthogonalization:        symmetric
 Threshold for linear dependence:        1.00e-08

 -------------------------------------
  Running unrestricted open-shell SCF 
 -------------------------------------
 Max number of iterations:             128
 Conv. threshold (gradient):             1.00e-05
 Conv. threshold (energy):               1.00e-06
 Interpolation scheme:                   adiis+cdiis
 Initial guess:                          H0

 ---------------------------------------------------------------
                  energy        change          grad        time
 ---------------------------------------------------------------
   0      -159.001244863                    6.31e+00        0.10
   1      -133.691860990      2.53e+01      2.50e+00        0.01
   2      -164.275413851     -3.06e+01      3.62e+00        0.01
   3      -171.272047503     -7.00e+00      5.71e-01        0.01
   4      -171.466867883     -1.95e-01      3.35e-01        0.01
   5      -171.504885923     -3.80e-02      1.08e-01        0.01
   6      -171.513335358     -8.45e-03      6.60e-02        0.01
   7      -171.515061160     -1.73e-03      2.37e-02        0.01
   8      -171.515532101     -4.71e-04      1.44e-03        0.01
   9      -171.515534593     -2.49e-06      2.03e-04        0.01
  10      -171.515534652     -5.98e-08      3.42e-05        0.01
  11      -171.515534654     -1.14e-09      7.87e-06        0.01

 SCF converged in 11 iterations.

 Dipole moment (in Debye):               0.000000       0.000000      -0.000000

 Quadrupole moment (in Debye-Angstrom):
                  1            2            3
 1       -31.956826     2.203701    -3.682222
 2         2.203701   -26.082380     1.227757
 3        -3.682222     1.227757   -27.399095

 Spin-squared expectation <S^2>:         0.759
 Total spin quantum number S:            0.505
 TOTAL ENERGY:                        -171.515534654
 Saving results in set 'HF'

 --------------------------------------------------------------------------------
                                command: unsoldw12                               
 --------------------------------------------------------------------------------
 Number of AO basis functions:          88

 DF basis set:                           def2-qzvppd-ri
 Number of DF basis functions:         281

 Unrestricted UW12 calculation:          
 Core spatial orbitals:                  4
 Correlated alpha orbitals:              7
 Correlated beta orbitals:               6

 ------------------
  UW12 Correlation 
 ------------------
 Factor for UW12 correlation:            1.000000000
 Same spin scale factor:                 0.000000000
 Calculate indirect contribution:        false
 Method for three electron term:         df_ri
 Auxiliary RI basis set:                 def2-QZVPPD-ri
 Number of RI basis functions:         281
 Gaussians in geminal expansion:         4
 UW12 screening threshold:               1.00e-10
 Method for density-fitting:             w(r)
 Number of core spatial orbitals:        4


 Reference energy:                    -171.515534654
 UW12 correlation energy:               -0.121043256
 Total UW12 energy:                   -171.636577910

 --------------------------------------------------------------------------------

 End time:                               Thu May 27 16:26:56 2021
 Total wall-clock time:                 15.722 seconds
==================================================================================
