
================================================================================
          _____________ ________ _______________ ________     _________         
         / ___________// ______ \\_____   _____// ______ \   / ________)        
        / /_________  / /      \ \     | |     / /      \ \ | (_______          
       |  __________|| |        | |    | |    | |        | | \________ \        
        \ \_________ | |        | |    | |     \ \______/ /___________) |       
         \__________||_|        |_|    |_|      \________//____________/        
                                                                                
====================================[ Qcore ]===================================

 Git hash:   6a88d58d269bf0d2ccfae91583c23a2b072b7633
 Git date:   Tue, 25 May 2021 10:36:49 +0100
 Compiler:   GNU 9.1.0
 Build type: Release
 Version:    1.3.0

 Start time: Thu May 27 16:26:56 2021

 Data directory: /newhome/zw18965/.local/qcore/share/entos/1.3.0/data
 Number of threads: 16
 Number of threads was determined by: number of physical cores

 --------------------------------------------------------------------------------
                                   command: hf                                   
 --------------------------------------------------------------------------------
 AO basis set:                           def2-qzvppd
 Number of AO basis functions:          88
 ECP on atom 1 (Pb):                     60 electrons

 Formula:                                Pb
 Nuclear charge:                        82.000000000
 Total charge:                           0.000000000
 Number of core electrons:              60
 Number of treated electrons:           22

 Number of alpha electrons:             12
 Number of beta electrons:              10
 Number of unpaired electrons:           2
 Spin:                                   2
 Multiplicity:                           triplet

 Theory:                                 hf
 Method for Coulomb:                     incore_df
 Method for exact exchange:              pre_transformed_df
 Integral threshold:                     1.00e-12
 DF basis set:                           def2-universal-jkfit
 Number of DF basis functions:         251
 Schwarz screening threshold:            1.00e-10
 Coulomb fitting method:                 Cholesky
 Method for AO orthogonalization:        symmetric
 Threshold for linear dependence:        1.00e-08

 -------------------------------------
  Running unrestricted open-shell SCF 
 -------------------------------------
 Max number of iterations:             128
 Conv. threshold (gradient):             1.00e-05
 Conv. threshold (energy):               1.00e-06
 Interpolation scheme:                   adiis+cdiis
 Initial guess:                          H0

 ---------------------------------------------------------------
                  energy        change          grad        time
 ---------------------------------------------------------------
   0      -173.856638503                    7.07e+00        0.00
   1      -147.218721646      2.66e+01      3.05e+00        0.01
   2      -181.071775418     -3.39e+01      4.17e+00        0.01
   3      -191.510563004     -1.04e+01      7.29e-01        0.01
   4      -191.778577720     -2.68e-01      3.86e-01        0.01
   5      -191.825051869     -4.65e-02      1.22e-01        0.01
   6      -191.834145092     -9.09e-03      6.66e-02        0.01
   7      -191.835795925     -1.65e-03      2.37e-02        0.01
   8      -191.836181467     -3.86e-04      6.74e-04        0.01
   9      -191.836181963     -4.96e-07      1.01e-04        0.01
  10      -191.836181976     -1.31e-08      1.59e-05        0.01
  11      -191.836181976     -2.99e-10      5.60e-06        0.01

 SCF converged in 11 iterations.

 Dipole moment (in Debye):               0.000000       0.000000      -0.000000

 Quadrupole moment (in Debye-Angstrom):
                  1            2            3
 1       -30.914037     2.741174     0.045196
 2         2.741174   -26.519076     0.094181
 3         0.045196     0.094181   -32.228237

 Spin-squared expectation <S^2>:         2.011
 Total spin quantum number S:            1.004
 TOTAL ENERGY:                        -191.836181976
 Saving results in set 'HF'

 --------------------------------------------------------------------------------
                                command: unsoldw12                               
 --------------------------------------------------------------------------------
 Number of AO basis functions:          88

 DF basis set:                           def2-qzvppd-ri
 Number of DF basis functions:         281

 Unrestricted UW12 calculation:          
 Core spatial orbitals:                  4
 Correlated alpha orbitals:              8
 Correlated beta orbitals:               6

 ------------------
  UW12 Correlation 
 ------------------
 Factor for UW12 correlation:            1.000000000
 Same spin scale factor:                 0.000000000
 Calculate indirect contribution:        false
 Method for three electron term:         df_ri
 Auxiliary RI basis set:                 def2-QZVPPD-ri
 Number of RI basis functions:         281
 Gaussians in geminal expansion:         4
 UW12 screening threshold:               1.00e-10
 Method for density-fitting:             w(r)
 Number of core spatial orbitals:        4


 Reference energy:                    -191.836181976
 UW12 correlation energy:               -0.123101978
 Total UW12 energy:                   -191.959283954

 --------------------------------------------------------------------------------

 End time:                               Thu May 27 16:27:07 2021
 Total wall-clock time:                 11.478 seconds
==================================================================================
