
================================================================================
          _____________ ________ _______________ ________     _________         
         / ___________// ______ \\_____   _____// ______ \   / ________)        
        / /_________  / /      \ \     | |     / /      \ \ | (_______          
       |  __________|| |        | |    | |    | |        | | \________ \        
        \ \_________ | |        | |    | |     \ \______/ /___________) |       
         \__________||_|        |_|    |_|      \________//____________/        
                                                                                
====================================[ Qcore ]===================================

 Git hash:   6a88d58d269bf0d2ccfae91583c23a2b072b7633
 Git date:   Tue, 25 May 2021 10:36:49 +0100
 Compiler:   GNU 9.1.0
 Build type: Release
 Version:    1.3.0

 Start time: Tue Jun 15 16:24:57 2021

 Data directory: /newhome/zw18965/.local/qcore/share/entos/1.3.0/data
 Number of threads: 16
 Number of threads was determined by: number of physical cores

 --------------------------------------------------------------------------------
                                   command: dft                                  
 --------------------------------------------------------------------------------
 AO basis set:                           aug-cc-pvqz-merged
 Number of AO basis functions:         140

 Formula:                                Ti
 Nuclear charge:                        22.000000000
 Total charge:                           0.000000000
 Number of electrons:                   22.000000000

 Number of alpha electrons:             12
 Number of beta electrons:              10
 Number of unpaired electrons:           2
 Spin:                                   2
 Multiplicity:                           triplet

 Theory:                                 hf
 Method for Coulomb:                     incore_df
 Method for exact exchange:              pre_transformed_df
 Integral threshold:                     1.00e-12
 DF basis set:                           def2-universal-jkfit
 Number of DF basis functions:         264
 Schwarz screening threshold:            1.00e-10
 Coulomb fitting method:                 Cholesky
 Method for AO orthogonalization:        symmetric
 Threshold for linear dependence:        1.00e-08

 -------------------------------------
  Running unrestricted open-shell SCF 
 -------------------------------------
 Max number of iterations:             128
 Conv. threshold (gradient):             1.00e-05
 Conv. threshold (energy):               1.00e-06
 Interpolation scheme:                   adiis+cdiis
 Initial guess:                          SAD

 ---------------------------------------------------------------
                  energy        change          grad        time
 ---------------------------------------------------------------
   0      -847.925401440                    1.22e-02        0.04
   1      -848.251914129     -3.27e-01      4.35e-01        0.04
   2      -848.347702446     -9.58e-02      2.13e-01        0.03
   3      -848.364885688     -1.72e-02      9.24e-02        0.03
   4      -848.367952070     -3.07e-03      3.74e-02        0.03
   5      -848.368735283     -7.83e-04      1.03e-02        0.02
   6      -848.368836038     -1.01e-04      9.40e-03        0.02
   7      -848.368861894     -2.59e-05      9.58e-03        0.02
   8      -848.368468520      3.93e-04      6.31e-03        0.04
   9      -848.368409550      5.90e-05      5.13e-03        0.03
  10      -848.368441709     -3.22e-05      3.74e-03        0.03
  11      -848.368504885     -6.32e-05      2.74e-03        0.03
  12      -848.368535097     -3.02e-05      1.54e-03        0.02
  13      -848.368544731     -9.63e-06      6.51e-04        0.04
  14      -848.368545794     -1.06e-06      5.19e-04        0.03
  15      -848.368546169     -3.75e-07      5.13e-04        0.03
  16      -848.368545811      3.58e-07      4.90e-04        0.03
  17      -848.368545173      6.37e-07      3.25e-04        0.03
  18      -848.368544990      1.83e-07      7.21e-05        0.03
  19      -848.368544994     -4.14e-09      2.49e-05        0.03
  20      -848.368544995     -9.22e-10      1.88e-05        0.04
  21      -848.368544995     -4.06e-11      1.67e-05        0.02
  22      -848.368544996     -1.39e-10      1.67e-05        0.03
  23      -848.368544996     -4.64e-11      1.69e-05        0.03
  24      -848.368544996     -3.42e-11      1.72e-05        0.04
  25      -848.368544995      2.44e-10      1.52e-05        0.03
  26      -848.368544995      4.62e-10      1.07e-05        0.03
  27      -848.368544995      2.34e-10      7.75e-06        0.03

 SCF converged in 27 iterations.

 Dipole moment (in Debye):               0.000015       0.000003      -0.000002

 Quadrupole moment (in Debye-Angstrom):
                  1            2            3
 1       -22.513065    -0.035457    -0.001665
 2        -0.035457   -22.122184     0.018412
 3        -0.001665     0.018412   -22.515387

 Spin-squared expectation <S^2>:         2.048
 Total spin quantum number S:            1.016
 TOTAL ENERGY:                        -848.368544995
 Saving results in set 'HF'

 --------------------------------------------------------------------------------
                                   command: dft                                  
 --------------------------------------------------------------------------------
 Projecting orbitals from old basis (140 functions) to new basis (140 functions)

 AO basis set:                           aug-cc-pvqz-merged
 Number of AO basis functions:         140
 Radial threshold:                       1.00e-08

 Formula:                                Ti
 Nuclear charge:                        22.000000000
 Total charge:                           0.000000000
 Number of electrons:                   22.000000000

 Number of alpha electrons:             12
 Number of beta electrons:              10
 Number of unpaired electrons:           2
 Spin:                                   2
 Multiplicity:                           triplet

 Theory:                                 hf
 Method for Coulomb:                     incore_df
 Method for exact exchange:              pre_transformed_df
 Integral threshold:                     1.00e-12
 DF basis set:                           def2-qzvppd-ri
 Number of DF basis functions:         309
 Schwarz screening threshold:            1.00e-10
 Coulomb fitting method:                 Cholesky
 Time for pre-computing density fitting integrals:      26.874 seconds

 ------------------
  UW12 Correlation 
 ------------------
 Factor for UW12 correlation:            1.000000000
 Same spin scale factor:                 0.000000000
 Calculate indirect contribution:        false
 Method for three electron term:         quadrature
 Gaussians in geminal expansion:         4
 UW12 screening threshold:               1.00e-12
 Method for density-fitting:             w(r)
 Number of core spatial orbitals:        5

 Total number of grid points:         7792
 Total number of batches:              327
 Maximum # of points per batch:        417
 Minimum # of points per batch:          0
 Average # of points per batch:         23
 Maximum batch gyradius:                 2.295384621
 Minimum batch gyradius:                 0.000000000
 Average batch gyradius:                 1.195884771
 Time for building XC grid:                              0.017 seconds
 Method for AO orthogonalization:        symmetric
 Threshold for linear dependence:        1.00e-08

 -------------------------------------
  Running unrestricted open-shell SCF 
 -------------------------------------
 Max number of iterations:               0
 Conv. threshold (gradient):             1.00e-05
 Conv. threshold (energy):               1.00e-06
 Interpolation scheme:                   adiis+cdiis

 ---------------------------------------------------------------
                  energy        change          grad        time
 ---------------------------------------------------------------
 UW12 two electron energy:              -4.403195002
 UW12 three electron energy:             8.468041162
 UW12 four electron energy:             -4.116550987
 Total UW12 energy:                     -0.051704827
 Time for DF-K:                                          0.013 seconds
 Time for DF-J:                                          0.001 seconds
 Dipole moment (in Debye):               0.000015       0.000003      -0.000002

 Quadrupole moment (in Debye-Angstrom):
                  1            2            3
 1       -22.513065    -0.035457    -0.001665
 2        -0.035457   -22.122184     0.018412
 3        -0.001665     0.018412   -22.515387

 Spin-squared expectation <S^2>:         2.048
 Total spin quantum number S:            1.016
 TOTAL ENERGY:                        -848.423169988

 --------------------------------------------------------------------------------

 End time:                               Tue Jun 15 16:28:35 2021
 Total wall-clock time:                218.009 seconds
==================================================================================
