
================================================================================
          _____________ ________ _______________ ________     _________         
         / ___________// ______ \\_____   _____// ______ \   / ________)        
        / /_________  / /      \ \     | |     / /      \ \ | (_______          
       |  __________|| |        | |    | |    | |        | | \________ \        
        \ \_________ | |        | |    | |     \ \______/ /___________) |       
         \__________||_|        |_|    |_|      \________//____________/        
                                                                                
====================================[ Qcore ]===================================

 Git hash:   6a88d58d269bf0d2ccfae91583c23a2b072b7633
 Git date:   Tue, 25 May 2021 10:36:49 +0100
 Compiler:   GNU 9.1.0
 Build type: Release
 Version:    1.3.0

 Start time: Tue Jun 15 16:40:59 2021

 Data directory: /newhome/zw18965/.local/qcore/share/entos/1.3.0/data
 Number of threads: 16
 Number of threads was determined by: number of physical cores

 --------------------------------------------------------------------------------
                                   command: dft                                  
 --------------------------------------------------------------------------------
 AO basis set:                           aug-cc-pvqz-merged
 Number of AO basis functions:          93

 Formula:                                Ga
 Nuclear charge:                        31.000000000
 Total charge:                           0.000000000
 Number of electrons:                   31.000000000

 Number of alpha electrons:             16
 Number of beta electrons:              15
 Number of unpaired electrons:           1
 Spin:                                   1
 Multiplicity:                           doublet

 Theory:                                 hf
 Method for Coulomb:                     incore_df
 Method for exact exchange:              pre_transformed_df
 Integral threshold:                     1.00e-12
 DF basis set:                           def2-universal-jkfit
 Number of DF basis functions:         266
 Schwarz screening threshold:            1.00e-10
 Coulomb fitting method:                 Cholesky
 Method for AO orthogonalization:        symmetric
 Threshold for linear dependence:        1.00e-08

 -------------------------------------
  Running unrestricted open-shell SCF 
 -------------------------------------
 Max number of iterations:             128
 Conv. threshold (gradient):             1.00e-05
 Conv. threshold (energy):               1.00e-06
 Interpolation scheme:                   adiis+cdiis
 Initial guess:                          SAD

 ---------------------------------------------------------------
                  energy        change          grad        time
 ---------------------------------------------------------------
   0     -1923.164884060                    2.56e-03        0.01
   1     -1923.244792941     -7.99e-02      7.43e-02        0.02
   2     -1923.258915389     -1.41e-02      3.63e-02        0.01
   3     -1923.263222716     -4.31e-03      1.79e-02        0.01
   4     -1923.264077949     -8.55e-04      6.24e-03        0.02
   5     -1923.264169416     -9.15e-05      2.15e-03        0.01
   6     -1923.264177333     -7.92e-06      4.71e-04        0.02
   7     -1923.264177733     -4.00e-07      8.49e-05        0.01
   8     -1923.264177740     -6.93e-09      6.84e-06        0.01

 SCF converged in 8 iterations.

 Dipole moment (in Debye):              -0.000000       0.000000       0.000000

 Quadrupole moment (in Debye-Angstrom):
                  1            2            3
 1       -15.713526    -0.000000    -0.000000
 2        -0.000000   -23.379955     0.000000
 3        -0.000000     0.000000   -15.713526

 Spin-squared expectation <S^2>:         0.763
 Total spin quantum number S:            0.507
 TOTAL ENERGY:                       -1923.264177740
 Saving results in set 'HF'

 --------------------------------------------------------------------------------
                                   command: dft                                  
 --------------------------------------------------------------------------------
 Projecting orbitals from old basis (93 functions) to new basis (93 functions)

 AO basis set:                           aug-cc-pvqz-merged
 Number of AO basis functions:          93
 Radial threshold:                       1.00e-08

 Formula:                                Ga
 Nuclear charge:                        31.000000000
 Total charge:                           0.000000000
 Number of electrons:                   31.000000000

 Number of alpha electrons:             16
 Number of beta electrons:              15
 Number of unpaired electrons:           1
 Spin:                                   1
 Multiplicity:                           doublet

 Theory:                                 hf
 Method for Coulomb:                     incore_df
 Method for exact exchange:              pre_transformed_df
 Integral threshold:                     1.00e-12
 DF basis set:                           def2-qzvppd-ri
 Number of DF basis functions:         314
 Schwarz screening threshold:            1.00e-10
 Coulomb fitting method:                 Cholesky
 Time for pre-computing density fitting integrals:       5.381 seconds

 ------------------
  UW12 Correlation 
 ------------------
 Factor for UW12 correlation:            1.000000000
 Same spin scale factor:                 0.000000000
 Calculate indirect contribution:        false
 Method for three electron term:         quadrature
 Gaussians in geminal expansion:         4
 UW12 screening threshold:               1.00e-12
 Method for density-fitting:             w(r)
 Number of core spatial orbitals:        9

 Total number of grid points:         8020
 Total number of batches:              285
 Maximum # of points per batch:        469
 Minimum # of points per batch:          0
 Average # of points per batch:         28
 Maximum batch gyradius:                 2.385303581
 Minimum batch gyradius:                 0.000000000
 Average batch gyradius:                 1.139064424
 Time for building XC grid:                              0.026 seconds
 Method for AO orthogonalization:        symmetric
 Threshold for linear dependence:        1.00e-08

 -------------------------------------
  Running unrestricted open-shell SCF 
 -------------------------------------
 Max number of iterations:               0
 Conv. threshold (gradient):             1.00e-05
 Conv. threshold (energy):               1.00e-06
 Interpolation scheme:                   adiis+cdiis

 ---------------------------------------------------------------
                  energy        change          grad        time
 ---------------------------------------------------------------
 UW12 two electron energy:              -7.661263061
 UW12 three electron energy:            14.856263472
 UW12 four electron energy:             -7.265876010
 Total UW12 energy:                     -0.070875599
 Time for DF-K:                                          0.016 seconds
 Time for DF-J:                                          0.002 seconds
 Dipole moment (in Debye):              -0.000000       0.000000       0.000000

 Quadrupole moment (in Debye-Angstrom):
                  1            2            3
 1       -15.713526    -0.000000    -0.000000
 2        -0.000000   -23.379955     0.000000
 3        -0.000000     0.000000   -15.713526

 Spin-squared expectation <S^2>:         0.763
 Total spin quantum number S:            0.507
 TOTAL ENERGY:                       -1923.489428302

 --------------------------------------------------------------------------------

 End time:                               Tue Jun 15 16:41:42 2021
 Total wall-clock time:                 42.381 seconds
==================================================================================
