
================================================================================
          _____________ ________ _______________ ________     _________         
         / ___________// ______ \\_____   _____// ______ \   / ________)        
        / /_________  / /      \ \     | |     / /      \ \ | (_______          
       |  __________|| |        | |    | |    | |        | | \________ \        
        \ \_________ | |        | |    | |     \ \______/ /___________) |       
         \__________||_|        |_|    |_|      \________//____________/        
                                                                                
====================================[ Qcore ]===================================

 Git hash:   6a88d58d269bf0d2ccfae91583c23a2b072b7633
 Git date:   Tue, 25 May 2021 10:36:49 +0100
 Compiler:   GNU 9.1.0
 Build type: Release
 Version:    1.3.0

 Start time: Thu Jun 17 17:20:46 2021

 Data directory: /newhome/zw18965/.local/qcore/share/entos/1.3.0/data
 Number of threads: 16
 Number of threads was determined by: number of physical cores

 --------------------------------------------------------------------------------
                                   command: hf                                   
 --------------------------------------------------------------------------------
 AO basis set:                           cc-pwcvdz-pp-merged
 Number of AO basis functions:          27

 Formula:                                Ar
 Nuclear charge:                        18.000000000
 Total charge:                           0.000000000
 Number of electrons:                   18.000000000

 Number of alpha electrons:              9
 Number of beta electrons:               9
 Number of unpaired electrons:           0
 Spin:                                   0
 Multiplicity:                           singlet

 Theory:                                 hf
 Method for Coulomb:                     incore_df
 Method for exact exchange:              pre_transformed_df
 Integral threshold:                     1.00e-12
 DF basis set:                           def2-universal-jkfit
 Number of DF basis functions:         128
 Schwarz screening threshold:            1.00e-10
 Coulomb fitting method:                 Cholesky
 Method for AO orthogonalization:        symmetric
 Threshold for linear dependence:        1.00e-08

 -------------------------------------
  Running restricted closed-shell SCF 
 -------------------------------------
 Max number of iterations:             128
 Conv. threshold (gradient):             1.00e-05
 Conv. threshold (energy):               1.00e-06
 Interpolation scheme:                   adiis+cdiis
 Initial guess:                          H0

 ---------------------------------------------------------------
                  energy        change          grad        time
 ---------------------------------------------------------------
   0      -458.419397968                    2.47e+01        0.00
   1      -511.358175720     -5.29e+01      1.36e+01        0.00
   2      -524.691197624     -1.33e+01      4.86e+00        0.00
   3      -526.612000366     -1.92e+00      1.41e+00        0.00
   4      -526.784936294     -1.73e-01      4.13e-01        0.00
   5      -526.798708124     -1.38e-02      1.13e-01        0.00
   6      -526.799778363     -1.07e-03      3.08e-02        0.00
   7      -526.799856060     -7.77e-05      8.58e-03        0.00
   8      -526.799862721     -6.66e-06      1.01e-06        0.00
   9      -526.799862721     -4.55e-13      2.93e-07        0.00

 SCF converged in 9 iterations.

 Dipole moment (in Debye):               0.000000      -0.000000       0.000000

 Quadrupole moment (in Debye-Angstrom):
                  1            2            3
 1       -11.566427    -0.000000    -0.000000
 2        -0.000000   -11.566427    -0.000000
 3        -0.000000    -0.000000   -11.566427

 Spin-squared expectation <S^2>:         0.000
 Total spin quantum number S:            0.000
 TOTAL ENERGY:                        -526.799862721
 Saving results in set 'HF'

 --------------------------------------------------------------------------------
                                command: unsoldw12                               
 --------------------------------------------------------------------------------
 Number of AO basis functions:          27

 DF basis set:                           def2-qzvppd-ri
 Number of DF basis functions:         183


 --------------------------
  Virtual UW12 Correlation 
 --------------------------
 Restricted Virtual UW12 calculation:    
 Core orbitals:                          0
 Correlated orbitals:                    9
 Virtual orbitals:                      18

 Opposite spin energy:                  -0.046020977

 Reference energy:                    -526.799862721
 UW12 correlation energy:               -0.046020977
 Total UW12 energy:                   -526.845883698

 --------------------------------------------------------------------------------

 End time:                               Thu Jun 17 17:20:46 2021
 Total wall-clock time:                  0.192 seconds
==================================================================================
