
================================================================================
          _____________ ________ _______________ ________     _________         
         / ___________// ______ \\_____   _____// ______ \   / ________)        
        / /_________  / /      \ \     | |     / /      \ \ | (_______          
       |  __________|| |        | |    | |    | |        | | \________ \        
        \ \_________ | |        | |    | |     \ \______/ /___________) |       
         \__________||_|        |_|    |_|      \________//____________/        
                                                                                
====================================[ Qcore ]===================================

 Git hash:   6a88d58d269bf0d2ccfae91583c23a2b072b7633
 Git date:   Tue, 25 May 2021 10:36:49 +0100
 Compiler:   GNU 9.1.0
 Build type: Release
 Version:    1.3.0

 Start time: Thu Jun 17 17:20:47 2021

 Data directory: /newhome/zw18965/.local/qcore/share/entos/1.3.0/data
 Number of threads: 16
 Number of threads was determined by: number of physical cores

 --------------------------------------------------------------------------------
                                   command: hf                                   
 --------------------------------------------------------------------------------
 AO basis set:                           cc-pwcvdz-pp-merged
 Number of AO basis functions:          43

 Formula:                                Ga
 Nuclear charge:                        31.000000000
 Total charge:                           0.000000000
 Number of electrons:                   31.000000000

 Number of alpha electrons:             16
 Number of beta electrons:              15
 Number of unpaired electrons:           1
 Spin:                                   1
 Multiplicity:                           doublet

 Theory:                                 hf
 Method for Coulomb:                     incore_df
 Method for exact exchange:              pre_transformed_df
 Integral threshold:                     1.00e-12
 DF basis set:                           def2-universal-jkfit
 Number of DF basis functions:         266
 Schwarz screening threshold:            1.00e-10
 Coulomb fitting method:                 Cholesky
 Method for AO orthogonalization:        symmetric
 Threshold for linear dependence:        1.00e-08

 -------------------------------------
  Running unrestricted open-shell SCF 
 -------------------------------------
 Max number of iterations:             128
 Conv. threshold (gradient):             1.00e-05
 Conv. threshold (energy):               1.00e-06
 Interpolation scheme:                   adiis+cdiis
 Initial guess:                          H0

 ---------------------------------------------------------------
                  energy        change          grad        time
 ---------------------------------------------------------------
   0     -1898.603289744                    2.96e+00        0.00
   1     -1863.015756192      3.56e+01      6.41e+00        0.00
   2     -1908.164809253     -4.51e+01      3.91e+00        0.00
   3     -1922.877108327     -1.47e+01      6.82e-01        0.00
   4     -1923.065900655     -1.89e-01      4.25e-01        0.00
   5     -1923.151233232     -8.53e-02      2.01e-01        0.00
   6     -1923.187018135     -3.58e-02      9.67e-02        0.00
   7     -1923.190538760     -3.52e-03      6.44e-02        0.00
   8     -1923.194407291     -3.87e-03      2.02e-03        0.00
   9     -1923.194414331     -7.04e-06      3.61e-04        0.00
  10     -1923.194414450     -1.19e-07      4.64e-05        0.00
  11     -1923.194414452     -1.93e-09      8.63e-06        0.00

 SCF converged in 11 iterations.

 Dipole moment (in Debye):              -0.000000       0.000000      -0.000000

 Quadrupole moment (in Debye-Angstrom):
                  1            2            3
 1       -15.666082    -0.244368    -0.006647
 2        -0.244368   -22.841950    -0.195415
 3        -0.006647    -0.195415   -15.663085

 Spin-squared expectation <S^2>:         0.760
 Total spin quantum number S:            0.505
 TOTAL ENERGY:                       -1923.194414452
 Saving results in set 'HF'

 --------------------------------------------------------------------------------
                                command: unsoldw12                               
 --------------------------------------------------------------------------------
 Number of AO basis functions:          43

 DF basis set:                           def2-qzvppd-ri
 Number of DF basis functions:         314


 --------------------------
  Virtual UW12 Correlation 
 --------------------------
 Unrestricted MP2 calculation:           
 Core spatial orbitals:                  0
 Correlated alpha orbitals:             16
 Correlated beta orbitals:              15
 Virtual alpha orbitals:                27
 Virtual beta orbitals:                 28

 Opposite spin energy:                  -0.055170450

 Reference energy:                   -1923.194414452
 UW12 correlation energy:               -0.055170450
 Total UW12 energy:                  -1923.249584902

 --------------------------------------------------------------------------------

 End time:                               Thu Jun 17 17:20:48 2021
 Total wall-clock time:                  0.617 seconds
==================================================================================
