
================================================================================
          _____________ ________ _______________ ________     _________         
         / ___________// ______ \\_____   _____// ______ \   / ________)        
        / /_________  / /      \ \     | |     / /      \ \ | (_______          
       |  __________|| |        | |    | |    | |        | | \________ \        
        \ \_________ | |        | |    | |     \ \______/ /___________) |       
         \__________||_|        |_|    |_|      \________//____________/        
                                                                                
====================================[ Qcore ]===================================

 Git hash:   6a88d58d269bf0d2ccfae91583c23a2b072b7633
 Git date:   Tue, 25 May 2021 10:36:49 +0100
 Compiler:   GNU 9.1.0
 Build type: Release
 Version:    1.3.0

 Start time: Thu Jun 17 17:21:11 2021

 Data directory: /newhome/zw18965/.local/qcore/share/entos/1.3.0/data
 Number of threads: 16
 Number of threads was determined by: number of physical cores

 --------------------------------------------------------------------------------
                                   command: hf                                   
 --------------------------------------------------------------------------------
 AO basis set:                           cc-pwcvdz-pp-merged
 Number of AO basis functions:          54
 ECP on atom 1 (Pt):                     60 electrons

 Formula:                                Pt
 Nuclear charge:                        78.000000000
 Total charge:                           0.000000000
 Number of core electrons:              60
 Number of treated electrons:           18

 Number of alpha electrons:             10
 Number of beta electrons:               8
 Number of unpaired electrons:           2
 Spin:                                   2
 Multiplicity:                           triplet

 Theory:                                 hf
 Method for Coulomb:                     incore_df
 Method for exact exchange:              pre_transformed_df
 Integral threshold:                     1.00e-12
 DF basis set:                           def2-universal-jkfit
 Number of DF basis functions:         227
 Schwarz screening threshold:            1.00e-10
 Coulomb fitting method:                 Cholesky
 Method for AO orthogonalization:        symmetric
 Threshold for linear dependence:        1.00e-08

 -------------------------------------
  Running unrestricted open-shell SCF 
 -------------------------------------
 Max number of iterations:             128
 Conv. threshold (gradient):             1.00e-05
 Conv. threshold (energy):               1.00e-06
 Interpolation scheme:                   adiis+cdiis
 Initial guess:                          H0

 ---------------------------------------------------------------
                  energy        change          grad        time
 ---------------------------------------------------------------
   0      -106.384080270                    3.31e+00        0.00
   1      -102.590616589      3.79e+00      2.34e+00        0.01
   2      -113.785506364     -1.12e+01      2.04e+00        0.01
   3      -118.459204556     -4.67e+00      2.64e-01        0.01
   4      -118.502517963     -4.33e-02      9.38e-02        0.01
   5      -118.509058397     -6.54e-03      5.40e-02        0.01
   6      -118.512955619     -3.90e-03      8.02e-03        0.01
   7      -118.513036473     -8.09e-05      2.97e-03        0.01
   8      -118.513045776     -9.30e-06      1.35e-03        0.01
   9      -118.513048247     -2.47e-06      1.09e-03        0.01
  10      -118.513053303     -5.06e-06      4.94e-04        0.01
  11      -118.513054700     -1.40e-06      3.67e-04        0.01
  12      -118.513054921     -2.22e-07      3.57e-04        0.01
  13      -118.513055069     -1.47e-07      3.56e-04        0.01
  14      -118.513055477     -4.08e-07      3.55e-04        0.01
  15      -118.513057658     -2.18e-06      3.53e-04        0.01
  16      -118.513062153     -4.49e-06      3.44e-04        0.01
  17      -118.513072762     -1.06e-05      7.61e-04        0.01
  18      -118.513070448      2.31e-06      5.47e-04        0.01
  19      -118.513087590     -1.71e-05      3.43e-03        0.01
  20      -118.513088742     -1.15e-06      4.42e-03        0.01
  21      -118.513088430      3.12e-07      3.83e-03        0.01
  22      -118.513083881      4.55e-06      6.91e-03        0.01
  23      -118.513095307     -1.14e-05      1.39e-03        0.01
  24      -118.513054560      4.07e-05      1.12e-02        0.01
  25      -118.513065354     -1.08e-05      9.98e-03        0.01
  26      -118.513058171      7.18e-06      1.08e-02        0.01
  27      -118.513099105     -4.09e-05      3.45e-03        0.01
  28      -118.513100953     -1.85e-06      2.51e-03        0.01
  29      -118.513103207     -2.25e-06      4.55e-04        0.01
  30      -118.513103311     -1.04e-07      1.72e-04        0.01
  31      -118.513103323     -1.18e-08      5.89e-06        0.01

 SCF converged in 31 iterations.

 Dipole moment (in Debye):               0.000000       0.000000      -0.000000

 Quadrupole moment (in Debye-Angstrom):
                  1            2            3
 1       -23.102559     0.040158     0.618196
 2         0.040158   -22.799123    -0.080415
 3         0.618196    -0.080415   -24.031647

 Spin-squared expectation <S^2>:         2.003
 Total spin quantum number S:            1.001
 TOTAL ENERGY:                        -118.513103323
 Saving results in set 'HF'

 --------------------------------------------------------------------------------
                                command: unsoldw12                               
 --------------------------------------------------------------------------------
 Number of AO basis functions:          54

 DF basis set:                           def2-qzvppd-ri
 Number of DF basis functions:         252


 --------------------------
  Virtual UW12 Correlation 
 --------------------------
 Unrestricted MP2 calculation:           
 Core spatial orbitals:                  0
 Correlated alpha orbitals:             10
 Correlated beta orbitals:               8
 Virtual alpha orbitals:                44
 Virtual beta orbitals:                 46

 Opposite spin energy:                  -0.105765329

 Reference energy:                    -118.513103323
 UW12 correlation energy:               -0.105765329
 Total UW12 energy:                   -118.618868652

 --------------------------------------------------------------------------------

 End time:                               Thu Jun 17 17:21:12 2021
 Total wall-clock time:                  1.110 seconds
==================================================================================
