
================================================================================
          _____________ ________ _______________ ________     _________         
         / ___________// ______ \\_____   _____// ______ \   / ________)        
        / /_________  / /      \ \     | |     / /      \ \ | (_______          
       |  __________|| |        | |    | |    | |        | | \________ \        
        \ \_________ | |        | |    | |     \ \______/ /___________) |       
         \__________||_|        |_|    |_|      \________//____________/        
                                                                                
====================================[ Qcore ]===================================

 Git hash:   6a88d58d269bf0d2ccfae91583c23a2b072b7633
 Git date:   Tue, 25 May 2021 10:36:49 +0100
 Compiler:   GNU 9.1.0
 Build type: Release
 Version:    1.3.0

 Start time: Thu Jun 17 17:21:12 2021

 Data directory: /newhome/zw18965/.local/qcore/share/entos/1.3.0/data
 Number of threads: 16
 Number of threads was determined by: number of physical cores

 --------------------------------------------------------------------------------
                                   command: hf                                   
 --------------------------------------------------------------------------------
 AO basis set:                           cc-pwcvdz-pp-merged
 Number of AO basis functions:          54
 ECP on atom 1 (Au):                     60 electrons

 Formula:                                Au
 Nuclear charge:                        79.000000000
 Total charge:                           0.000000000
 Number of core electrons:              60
 Number of treated electrons:           19

 Number of alpha electrons:             10
 Number of beta electrons:               9
 Number of unpaired electrons:           1
 Spin:                                   1
 Multiplicity:                           doublet

 Theory:                                 hf
 Method for Coulomb:                     incore_df
 Method for exact exchange:              pre_transformed_df
 Integral threshold:                     1.00e-12
 DF basis set:                           def2-universal-jkfit
 Number of DF basis functions:         247
 Schwarz screening threshold:            1.00e-10
 Coulomb fitting method:                 Cholesky
 Method for AO orthogonalization:        symmetric
 Threshold for linear dependence:        1.00e-08

 -------------------------------------
  Running unrestricted open-shell SCF 
 -------------------------------------
 Max number of iterations:             128
 Conv. threshold (gradient):             1.00e-05
 Conv. threshold (energy):               1.00e-06
 Interpolation scheme:                   adiis+cdiis
 Initial guess:                          H0

 ---------------------------------------------------------------
                  energy        change          grad        time
 ---------------------------------------------------------------
   0      -120.846355863                    2.92e+00        0.00
   1      -114.881702990      5.96e+00      2.56e+00        0.01
   2      -128.797700083     -1.39e+01      2.65e+00        0.01
   3      -134.705843682     -5.91e+00      3.22e-01        0.01
   4      -134.762389732     -5.65e-02      1.29e-01        0.01
   5      -134.772798871     -1.04e-02      6.40e-02        0.01
   6      -134.779727311     -6.93e-03      3.03e-02        0.01
   7      -134.780651057     -9.24e-04      2.86e-03        0.01
   8      -134.780659061     -8.00e-06      8.80e-04        0.01
   9      -134.780660753     -1.69e-06      5.22e-04        0.01
  10      -134.780661664     -9.12e-07      7.31e-05        0.01
  11      -134.780661679     -1.41e-08      9.27e-06        0.01

 SCF converged in 11 iterations.

 Dipole moment (in Debye):               0.000000      -0.000000       0.000000

 Quadrupole moment (in Debye-Angstrom):
                  1            2            3
 1       -22.978514    -0.000000    -0.000000
 2        -0.000000   -22.978514     0.000000
 3        -0.000000     0.000000   -22.978515

 Spin-squared expectation <S^2>:         0.753
 Total spin quantum number S:            0.501
 TOTAL ENERGY:                        -134.780661679
 Saving results in set 'HF'

 --------------------------------------------------------------------------------
                                command: unsoldw12                               
 --------------------------------------------------------------------------------
 Number of AO basis functions:          54

 DF basis set:                           def2-qzvppd-ri
 Number of DF basis functions:         252


 --------------------------
  Virtual UW12 Correlation 
 --------------------------
 Unrestricted MP2 calculation:           
 Core spatial orbitals:                  0
 Correlated alpha orbitals:             10
 Correlated beta orbitals:               9
 Virtual alpha orbitals:                44
 Virtual beta orbitals:                 45

 Opposite spin energy:                  -0.115344067

 Reference energy:                    -134.780661679
 UW12 correlation energy:               -0.115344067
 Total UW12 energy:                   -134.896005746

 --------------------------------------------------------------------------------

 End time:                               Thu Jun 17 17:21:13 2021
 Total wall-clock time:                  1.262 seconds
==================================================================================
