
================================================================================
          _____________ ________ _______________ ________     _________         
         / ___________// ______ \\_____   _____// ______ \   / ________)        
        / /_________  / /      \ \     | |     / /      \ \ | (_______          
       |  __________|| |        | |    | |    | |        | | \________ \        
        \ \_________ | |        | |    | |     \ \______/ /___________) |       
         \__________||_|        |_|    |_|      \________//____________/        
                                                                                
====================================[ Qcore ]===================================

 Git hash:   6a88d58d269bf0d2ccfae91583c23a2b072b7633
 Git date:   Tue, 25 May 2021 10:36:49 +0100
 Compiler:   GNU 9.1.0
 Build type: Release
 Version:    1.3.0

 Start time: Thu Jun 17 17:21:17 2021

 Data directory: /newhome/zw18965/.local/qcore/share/entos/1.3.0/data
 Number of threads: 16
 Number of threads was determined by: number of physical cores

 --------------------------------------------------------------------------------
                                   command: hf                                   
 --------------------------------------------------------------------------------
 AO basis set:                           cc-pwcvdz-pp-merged
 Number of AO basis functions:          39
 ECP on atom 1 (Bi):                     60 electrons

 Formula:                                Bi
 Nuclear charge:                        83.000000000
 Total charge:                           0.000000000
 Number of core electrons:              60
 Number of treated electrons:           23

 Number of alpha electrons:             13
 Number of beta electrons:              10
 Number of unpaired electrons:           3
 Spin:                                   3
 Multiplicity:                           quartet

 Theory:                                 hf
 Method for Coulomb:                     incore_df
 Method for exact exchange:              pre_transformed_df
 Integral threshold:                     1.00e-12
 DF basis set:                           def2-universal-jkfit
 Number of DF basis functions:         251
 Schwarz screening threshold:            1.00e-10
 Coulomb fitting method:                 Cholesky
 Method for AO orthogonalization:        symmetric
 Threshold for linear dependence:        1.00e-08

 -------------------------------------
  Running unrestricted open-shell SCF 
 -------------------------------------
 Max number of iterations:             128
 Conv. threshold (gradient):             1.00e-05
 Conv. threshold (energy):               1.00e-06
 Interpolation scheme:                   adiis+cdiis
 Initial guess:                          H0

 ---------------------------------------------------------------
                  energy        change          grad        time
 ---------------------------------------------------------------
   0      -193.571027266                    3.74e+00        0.00
   1      -191.323836030      2.25e+00      3.99e+00        0.00
   2      -208.181642452     -1.69e+01      2.87e+00        0.00
   3      -213.163230783     -4.98e+00      5.34e-01        0.00
   4      -213.509432672     -3.46e-01      3.34e-01        0.00
   5      -213.575870707     -6.64e-02      1.17e-01        0.00
   6      -213.588538247     -1.27e-02      5.49e-02        0.01
   7      -213.590737358     -2.20e-03      2.25e-02        0.01
   8      -213.591218377     -4.81e-04      2.03e-04        0.01
   9      -213.591218431     -5.37e-08      8.59e-06        0.01

 SCF converged in 9 iterations.

 Dipole moment (in Debye):              -0.000000       0.000000      -0.000000

 Quadrupole moment (in Debye-Angstrom):
                  1            2            3
 1       -30.276642    -0.000000    -0.000001
 2        -0.000000   -30.276642    -0.000000
 3        -0.000001    -0.000000   -30.276640

 Spin-squared expectation <S^2>:         3.756
 Total spin quantum number S:            1.502
 TOTAL ENERGY:                        -213.591218431
 Saving results in set 'HF'

 --------------------------------------------------------------------------------
                                command: unsoldw12                               
 --------------------------------------------------------------------------------
 Number of AO basis functions:          39

 DF basis set:                           def2-qzvppd-ri
 Number of DF basis functions:         281


 --------------------------
  Virtual UW12 Correlation 
 --------------------------
 Unrestricted MP2 calculation:           
 Core spatial orbitals:                  0
 Correlated alpha orbitals:             13
 Correlated beta orbitals:              10
 Virtual alpha orbitals:                26
 Virtual beta orbitals:                 29

 Opposite spin energy:                  -0.120602126

 Reference energy:                    -213.591218431
 UW12 correlation energy:               -0.120602126
 Total UW12 energy:                   -213.711820557

 --------------------------------------------------------------------------------

 End time:                               Thu Jun 17 17:21:18 2021
 Total wall-clock time:                  1.278 seconds
==================================================================================
