
================================================================================
          _____________ ________ _______________ ________     _________         
         / ___________// ______ \\_____   _____// ______ \   / ________)        
        / /_________  / /      \ \     | |     / /      \ \ | (_______          
       |  __________|| |        | |    | |    | |        | | \________ \        
        \ \_________ | |        | |    | |     \ \______/ /___________) |       
         \__________||_|        |_|    |_|      \________//____________/        
                                                                                
====================================[ Qcore ]===================================

 Git hash:   6a88d58d269bf0d2ccfae91583c23a2b072b7633
 Git date:   Tue, 25 May 2021 10:36:49 +0100
 Compiler:   GNU 9.1.0
 Build type: Release
 Version:    1.3.0

 Start time: Thu Jun 17 17:21:21 2021

 Data directory: /newhome/zw18965/.local/qcore/share/entos/1.3.0/data
 Number of threads: 16
 Number of threads was determined by: number of physical cores

 --------------------------------------------------------------------------------
                                   command: hf                                   
 --------------------------------------------------------------------------------
 AO basis set:                           cc-pwcvdz-pp-merged
 Number of AO basis functions:          39
 ECP on atom 1 (Rn):                     60 electrons

 Formula:                                Rn
 Nuclear charge:                        86.000000000
 Total charge:                           0.000000000
 Number of core electrons:              60
 Number of treated electrons:           26

 Number of alpha electrons:             13
 Number of beta electrons:              13
 Number of unpaired electrons:           0
 Spin:                                   0
 Multiplicity:                           singlet

 Theory:                                 hf
 Method for Coulomb:                     incore_df
 Method for exact exchange:              pre_transformed_df
 Integral threshold:                     1.00e-12
 DF basis set:                           def2-universal-jkfit
 Number of DF basis functions:         251
 Schwarz screening threshold:            1.00e-10
 Coulomb fitting method:                 Cholesky
 Method for AO orthogonalization:        symmetric
 Threshold for linear dependence:        1.00e-08

 -------------------------------------
  Running restricted closed-shell SCF 
 -------------------------------------
 Max number of iterations:             128
 Conv. threshold (gradient):             1.00e-05
 Conv. threshold (energy):               1.00e-06
 Interpolation scheme:                   adiis+cdiis
 Initial guess:                          H0

 ---------------------------------------------------------------
                  energy        change          grad        time
 ---------------------------------------------------------------
   0      -255.923051478                    1.04e+01        0.00
   1      -263.001015969     -7.08e+00      7.55e+00        0.00
   2      -282.391483649     -1.94e+01      6.03e+00        0.00
   3      -286.512989534     -4.12e+00      1.56e+00        0.00
   4      -287.357449819     -8.44e-01      1.04e+00        0.00
   5      -287.505383570     -1.48e-01      3.48e-01        0.00
   6      -287.532667163     -2.73e-02      1.67e-01        0.00
   7      -287.537239988     -4.57e-03      6.42e-02        0.00
   8      -287.538041193     -8.01e-04      2.79e-02        0.00
   9      -287.538206674     -1.65e-04      6.50e-06        0.00
  10      -287.538206674     -9.55e-12      2.89e-07        0.00

 SCF converged in 10 iterations.

 Dipole moment (in Debye):              -0.000000       0.000000      -0.000000

 Quadrupole moment (in Debye-Angstrom):
                  1            2            3
 1       -31.211270    -0.000000    -0.000000
 2        -0.000000   -31.211270     0.000000
 3        -0.000000     0.000000   -31.211270

 Spin-squared expectation <S^2>:         0.000
 Total spin quantum number S:            0.000
 TOTAL ENERGY:                        -287.538206674
 Saving results in set 'HF'

 --------------------------------------------------------------------------------
                                command: unsoldw12                               
 --------------------------------------------------------------------------------
 Number of AO basis functions:          39

 DF basis set:                           def2-qzvppd-ri
 Number of DF basis functions:         281


 --------------------------
  Virtual UW12 Correlation 
 --------------------------
 Restricted Virtual UW12 calculation:    
 Core orbitals:                          0
 Correlated orbitals:                   13
 Virtual orbitals:                      26

 Opposite spin energy:                  -0.140556860

 Reference energy:                    -287.538206674
 UW12 correlation energy:               -0.140556860
 Total UW12 energy:                   -287.678763534

 --------------------------------------------------------------------------------

 End time:                               Thu Jun 17 17:21:22 2021
 Total wall-clock time:                  1.108 seconds
==================================================================================
