
================================================================================
          _____________ ________ _______________ ________     _________         
         / ___________// ______ \\_____   _____// ______ \   / ________)        
        / /_________  / /      \ \     | |     / /      \ \ | (_______          
       |  __________|| |        | |    | |    | |        | | \________ \        
        \ \_________ | |        | |    | |     \ \______/ /___________) |       
         \__________||_|        |_|    |_|      \________//____________/        
                                                                                
====================================[ Qcore ]===================================

 Git hash:   6a88d58d269bf0d2ccfae91583c23a2b072b7633
 Git date:   Tue, 25 May 2021 10:36:49 +0100
 Compiler:   GNU 9.1.0
 Build type: Release
 Version:    1.3.0

 Start time: Fri May 28 10:45:10 2021

 Data directory: /newhome/zw18965/.local/qcore/share/entos/1.3.0/data
 Number of threads: 16
 Number of threads was determined by: number of physical cores

 --------------------------------------------------------------------------------
                                   command: hf                                   
 --------------------------------------------------------------------------------
 AO basis set:                           aug-cc-pvtz-combined-pp
 Number of AO basis functions:          50

 Formula:                                Al
 Nuclear charge:                        13.000000000
 Total charge:                           0.000000000
 Number of electrons:                   13.000000000

 Number of alpha electrons:              7
 Number of beta electrons:               6
 Number of unpaired electrons:           1
 Spin:                                   1
 Multiplicity:                           doublet

 Theory:                                 hf
 Method for Coulomb:                     incore_df
 Method for exact exchange:              pre_transformed_df
 Integral threshold:                     1.00e-12
 DF basis set:                           def2-universal-jkfit
 Number of DF basis functions:         128
 Schwarz screening threshold:            1.00e-10
 Coulomb fitting method:                 Cholesky
 Method for AO orthogonalization:        symmetric
 Threshold for linear dependence:        1.00e-08

 -------------------------------------
  Running unrestricted open-shell SCF 
 -------------------------------------
 Max number of iterations:             128
 Conv. threshold (gradient):             1.00e-05
 Conv. threshold (energy):               1.00e-06
 Interpolation scheme:                   adiis+cdiis
 Initial guess:                          H0

 ---------------------------------------------------------------
                  energy        change          grad        time
 ---------------------------------------------------------------
   0      -232.648126658                    2.52e+00        0.00
   1      -240.008628039     -7.36e+00      1.48e+00        0.00
   2      -241.703600050     -1.69e+00      5.33e-01        0.00
   3      -241.870347063     -1.67e-01      1.12e-01        0.00
   4      -241.878455836     -8.11e-03      3.30e-02        0.00
   5      -241.879061694     -6.06e-04      8.56e-03        0.00
   6      -241.879167733     -1.06e-04      2.03e-03        0.00
   7      -241.879175379     -7.65e-06      3.93e-04        0.00
   8      -241.879175667     -2.88e-07      1.24e-04        0.00
   9      -241.879175692     -2.48e-08      2.39e-05        0.00
  10      -241.879175693     -6.82e-10      2.38e-06        0.00

 SCF converged in 10 iterations.

 Dipole moment (in Debye):               0.000000      -0.000000      -0.000000

 Quadrupole moment (in Debye-Angstrom):
                  1            2            3
 1       -12.839462    -0.112583     1.909961
 2        -0.112583   -12.365607     0.430710
 3         1.909961     0.430710   -19.647183

 Spin-squared expectation <S^2>:         0.770
 Total spin quantum number S:            0.510
 TOTAL ENERGY:                        -241.879175693
 Saving results in set 'HF'

 --------------------------------------------------------------------------------
                                command: unsoldw12                               
 --------------------------------------------------------------------------------
 Number of AO basis functions:          50

 DF basis set:                           def2-qzvppd-ri
 Number of DF basis functions:         183

 Unrestricted UW12 calculation:          
 Core spatial orbitals:                  5
 Correlated alpha orbitals:              2
 Correlated beta orbitals:               1

 ------------------
  UW12 Correlation 
 ------------------
 Factor for UW12 correlation:            1.000000000
 Same spin scale factor:                 0.000000000
 Calculate indirect contribution:        false
 Method for three electron term:         df_ri
 Auxiliary RI basis set:                 def2-QZVPPD-ri
 Number of RI basis functions:         183
 Gaussians in geminal expansion:         4
 UW12 screening threshold:               1.00e-10
 Method for density-fitting:             w(r)
 Number of core spatial orbitals:        5


 Reference energy:                    -241.879175693
 UW12 correlation energy:               -0.008248231
 Total UW12 energy:                   -241.887423924

 --------------------------------------------------------------------------------

 End time:                               Fri May 28 10:45:11 2021
 Total wall-clock time:                  0.599 seconds
==================================================================================
