
================================================================================
          _____________ ________ _______________ ________     _________         
         / ___________// ______ \\_____   _____// ______ \   / ________)        
        / /_________  / /      \ \     | |     / /      \ \ | (_______          
       |  __________|| |        | |    | |    | |        | | \________ \        
        \ \_________ | |        | |    | |     \ \______/ /___________) |       
         \__________||_|        |_|    |_|      \________//____________/        
                                                                                
====================================[ Qcore ]===================================

 Git hash:   6a88d58d269bf0d2ccfae91583c23a2b072b7633
 Git date:   Tue, 25 May 2021 10:36:49 +0100
 Compiler:   GNU 9.1.0
 Build type: Release
 Version:    1.3.0

 Start time: Fri May 28 10:45:13 2021

 Data directory: /newhome/zw18965/.local/qcore/share/entos/1.3.0/data
 Number of threads: 16
 Number of threads was determined by: number of physical cores

 --------------------------------------------------------------------------------
                                   command: hf                                   
 --------------------------------------------------------------------------------
 AO basis set:                           aug-cc-pvtz-combined-pp
 Number of AO basis functions:          50

 Formula:                                Cl
 Nuclear charge:                        17.000000000
 Total charge:                           0.000000000
 Number of electrons:                   17.000000000

 Number of alpha electrons:              9
 Number of beta electrons:               8
 Number of unpaired electrons:           1
 Spin:                                   1
 Multiplicity:                           doublet

 Theory:                                 hf
 Method for Coulomb:                     incore_df
 Method for exact exchange:              pre_transformed_df
 Integral threshold:                     1.00e-12
 DF basis set:                           def2-universal-jkfit
 Number of DF basis functions:         128
 Schwarz screening threshold:            1.00e-10
 Coulomb fitting method:                 Cholesky
 Method for AO orthogonalization:        symmetric
 Threshold for linear dependence:        1.00e-08

 -------------------------------------
  Running unrestricted open-shell SCF 
 -------------------------------------
 Max number of iterations:             128
 Conv. threshold (gradient):             1.00e-05
 Conv. threshold (energy):               1.00e-06
 Interpolation scheme:                   adiis+cdiis
 Initial guess:                          H0

 ---------------------------------------------------------------
                  energy        change          grad        time
 ---------------------------------------------------------------
   0      -446.273518987                    4.24e+00        0.00
   1      -452.964418615     -6.69e+00      1.91e+00        0.00
   2      -458.258027141     -5.29e+00      1.15e+00        0.00
   3      -459.389661714     -1.13e+00      3.59e-01        0.00
   4      -459.479809350     -9.01e-02      1.07e-01        0.00
   5      -459.485622147     -5.81e-03      2.45e-02        0.00
   6      -459.485947762     -3.26e-04      6.71e-03        0.00
   7      -459.485969959     -2.22e-05      5.77e-04        0.00
   8      -459.485970469     -5.10e-07      1.28e-04        0.00
   9      -459.485970509     -3.98e-08      3.27e-05        0.00
  10      -459.485970511     -1.60e-09      3.90e-06        0.00

 SCF converged in 10 iterations.

 Dipole moment (in Debye):               0.000000       0.000000      -0.000000

 Quadrupole moment (in Debye-Angstrom):
                  1            2            3
 1       -13.139319    -0.012595    -0.052107
 2        -0.012595   -13.018410     0.505588
 3        -0.052107     0.505588   -11.048909

 Spin-squared expectation <S^2>:         0.760
 Total spin quantum number S:            0.505
 TOTAL ENERGY:                        -459.485970511
 Saving results in set 'HF'

 --------------------------------------------------------------------------------
                                command: unsoldw12                               
 --------------------------------------------------------------------------------
 Number of AO basis functions:          50

 DF basis set:                           def2-qzvppd-ri
 Number of DF basis functions:         183

 Unrestricted UW12 calculation:          
 Core spatial orbitals:                  5
 Correlated alpha orbitals:              4
 Correlated beta orbitals:               3

 ------------------
  UW12 Correlation 
 ------------------
 Factor for UW12 correlation:            1.000000000
 Same spin scale factor:                 0.000000000
 Calculate indirect contribution:        false
 Method for three electron term:         df_ri
 Auxiliary RI basis set:                 def2-QZVPPD-ri
 Number of RI basis functions:         183
 Gaussians in geminal expansion:         4
 UW12 screening threshold:               1.00e-10
 Method for density-fitting:             w(r)
 Number of core spatial orbitals:        5


 Reference energy:                    -459.485970511
 UW12 correlation energy:               -0.029538294
 Total UW12 energy:                   -459.515508804

 --------------------------------------------------------------------------------

 End time:                               Fri May 28 10:45:13 2021
 Total wall-clock time:                  0.583 seconds
==================================================================================
