
================================================================================
          _____________ ________ _______________ ________     _________         
         / ___________// ______ \\_____   _____// ______ \   / ________)        
        / /_________  / /      \ \     | |     / /      \ \ | (_______          
       |  __________|| |        | |    | |    | |        | | \________ \        
        \ \_________ | |        | |    | |     \ \______/ /___________) |       
         \__________||_|        |_|    |_|      \________//____________/        
                                                                                
====================================[ Qcore ]===================================

 Git hash:   6a88d58d269bf0d2ccfae91583c23a2b072b7633
 Git date:   Tue, 25 May 2021 10:36:49 +0100
 Compiler:   GNU 9.1.0
 Build type: Release
 Version:    1.3.0

 Start time: Fri May 28 10:48:46 2021

 Data directory: /newhome/zw18965/.local/qcore/share/entos/1.3.0/data
 Number of threads: 16
 Number of threads was determined by: number of physical cores

 --------------------------------------------------------------------------------
                                   command: hf                                   
 --------------------------------------------------------------------------------
 AO basis set:                           aug-cc-pvtz-combined-pp
 Number of AO basis functions:          88
 ECP on atom 1 (Nb):                     28 electrons

 Formula:                                Nb
 Nuclear charge:                        41.000000000
 Total charge:                           0.000000000
 Number of core electrons:              28
 Number of treated electrons:           13

 Number of alpha electrons:              9
 Number of beta electrons:               4
 Number of unpaired electrons:           5
 Spin:                                   5
 Multiplicity:                           septet

 Theory:                                 hf
 Method for Coulomb:                     incore_df
 Method for exact exchange:              pre_transformed_df
 Integral threshold:                     1.00e-12
 DF basis set:                           def2-universal-jkfit
 Number of DF basis functions:         255
 Schwarz screening threshold:            1.00e-10
 Coulomb fitting method:                 Cholesky
 Method for AO orthogonalization:        symmetric
 Threshold for linear dependence:        1.00e-08

 -------------------------------------
  Running unrestricted open-shell SCF 
 -------------------------------------
 Max number of iterations:             128
 Conv. threshold (gradient):             1.00e-05
 Conv. threshold (energy):               1.00e-06
 Interpolation scheme:                   adiis+cdiis
 Initial guess:                          H0

 ---------------------------------------------------------------
                  energy        change          grad        time
 ---------------------------------------------------------------
   0       -50.403600460                    1.93e+00        0.01
   1       -50.952623733     -5.49e-01      2.04e+00        0.01
   2       -54.474130840     -3.52e+00      8.87e-01        0.01
   3       -56.048521363     -1.57e+00      2.24e-01        0.01
   4       -56.083494171     -3.50e-02      4.02e-02        0.01
   5       -56.087287372     -3.79e-03      3.16e-02        0.01
   6       -56.087840799     -5.53e-04      3.44e-03        0.01
   7       -56.087866299     -2.55e-05      1.88e-03        0.01
   8       -56.087870751     -4.45e-06      1.22e-03        0.01
   9       -56.087870302      4.49e-07      1.18e-03        0.01
  10       -56.087864340      5.96e-06      1.17e-04        0.01
  11       -56.087864349     -9.81e-09      6.65e-05        0.01
  12       -56.087864355     -5.23e-09      5.64e-06        0.01

 SCF converged in 12 iterations.

 Dipole moment (in Debye):               0.000000       0.000000      -0.000000

 Quadrupole moment (in Debye-Angstrom):
                  1            2            3
 1       -21.496205     0.000000    -0.000000
 2         0.000000   -21.496205    -0.000000
 3        -0.000000    -0.000000   -21.496375

 Spin-squared expectation <S^2>:         8.754
 Total spin quantum number S:            2.501
 TOTAL ENERGY:                         -56.087864355
 Saving results in set 'HF'

 --------------------------------------------------------------------------------
                                command: unsoldw12                               
 --------------------------------------------------------------------------------
 Number of AO basis functions:          88

 DF basis set:                           def2-qzvppd-ri
 Number of DF basis functions:         252

 Unrestricted UW12 calculation:          
 Core spatial orbitals:                  0
 Correlated alpha orbitals:              9
 Correlated beta orbitals:               4

 ------------------
  UW12 Correlation 
 ------------------
 Factor for UW12 correlation:            1.000000000
 Same spin scale factor:                 0.000000000
 Calculate indirect contribution:        false
 Method for three electron term:         df_ri
 Auxiliary RI basis set:                 def2-QZVPPD-ri
 Number of RI basis functions:         252
 Gaussians in geminal expansion:         4
 UW12 screening threshold:               1.00e-10
 Method for density-fitting:             w(r)


 Reference energy:                     -56.087864355
 UW12 correlation energy:               -0.055514395
 Total UW12 energy:                    -56.143378750

 --------------------------------------------------------------------------------

 End time:                               Fri May 28 10:48:50 2021
 Total wall-clock time:                  4.412 seconds
==================================================================================
