
================================================================================
          _____________ ________ _______________ ________     _________         
         / ___________// ______ \\_____   _____// ______ \   / ________)        
        / /_________  / /      \ \     | |     / /      \ \ | (_______          
       |  __________|| |        | |    | |    | |        | | \________ \        
        \ \_________ | |        | |    | |     \ \______/ /___________) |       
         \__________||_|        |_|    |_|      \________//____________/        
                                                                                
====================================[ Qcore ]===================================

 Git hash:   6a88d58d269bf0d2ccfae91583c23a2b072b7633
 Git date:   Tue, 25 May 2021 10:36:49 +0100
 Compiler:   GNU 9.1.0
 Build type: Release
 Version:    1.3.0

 Start time: Fri May 28 10:48:55 2021

 Data directory: /newhome/zw18965/.local/qcore/share/entos/1.3.0/data
 Number of threads: 16
 Number of threads was determined by: number of physical cores

 --------------------------------------------------------------------------------
                                   command: hf                                   
 --------------------------------------------------------------------------------
 AO basis set:                           aug-cc-pvtz-combined-pp
 Number of AO basis functions:          88
 ECP on atom 1 (Tc):                     28 electrons

 Formula:                                Tc
 Nuclear charge:                        43.000000000
 Total charge:                           0.000000000
 Number of core electrons:              28
 Number of treated electrons:           15

 Number of alpha electrons:             10
 Number of beta electrons:               5
 Number of unpaired electrons:           5
 Spin:                                   5
 Multiplicity:                           septet

 Theory:                                 hf
 Method for Coulomb:                     incore_df
 Method for exact exchange:              pre_transformed_df
 Integral threshold:                     1.00e-12
 DF basis set:                           def2-universal-jkfit
 Number of DF basis functions:         255
 Schwarz screening threshold:            1.00e-10
 Coulomb fitting method:                 Cholesky
 Method for AO orthogonalization:        symmetric
 Threshold for linear dependence:        1.00e-08

 -------------------------------------
  Running unrestricted open-shell SCF 
 -------------------------------------
 Max number of iterations:             128
 Conv. threshold (gradient):             1.00e-05
 Conv. threshold (energy):               1.00e-06
 Interpolation scheme:                   adiis+cdiis
 Initial guess:                          H0

 ---------------------------------------------------------------
                  energy        change          grad        time
 ---------------------------------------------------------------
   0       -71.014139858                    2.69e+00        0.00
   1       -69.144320129      1.87e+00      2.85e+00        0.01
   2       -76.802567945     -7.66e+00      2.01e+00        0.01
   3       -79.756184941     -2.95e+00      3.77e-01        0.01
   4       -79.810461701     -5.43e-02      1.04e-01        0.01
   5       -79.818400582     -7.94e-03      6.48e-02        0.01
   6       -79.820430441     -2.03e-03      2.49e-02        0.01
   7       -79.821175196     -7.45e-04      4.28e-03        0.01
   8       -79.821220197     -4.50e-05      3.38e-03        0.01
   9       -79.821250924     -3.07e-05      3.05e-03        0.01
  10       -79.821325455     -7.45e-05      2.89e-03        0.01
  11       -79.821451972     -1.27e-04      2.55e-03        0.01
  12       -79.821456511     -4.54e-06      2.13e-03        0.01
  13       -79.821528109     -7.16e-05      1.86e-03        0.01
  14       -79.821543997     -1.59e-05      1.70e-03        0.01
  15       -79.821517680      2.63e-05      1.82e-03        0.01
  16       -79.821520142     -2.46e-06      1.80e-03        0.01
  17       -79.821526040     -5.90e-06      1.80e-03        0.01
  18       -79.821497721      2.83e-05      1.76e-03        0.01
  19       -79.821471701      2.60e-05      1.76e-03        0.01
  20       -79.821428486      4.32e-05      1.72e-03        0.01
  21       -79.821436344     -7.86e-06      1.62e-03        0.01
  22       -79.820967381      4.69e-04      2.76e-02        0.01
  23       -79.821115440     -1.48e-04      1.80e-02        0.01
  24       -79.821194343     -7.89e-05      1.14e-02        0.01
  25       -79.821218862     -2.45e-05      8.35e-03        0.01
  26       -79.821232855     -1.40e-05      5.62e-03        0.01
  27       -79.821242665     -9.81e-06      3.99e-03        0.01
  28       -79.821250176     -7.51e-06      4.92e-04        0.01
  29       -79.821251007     -8.31e-07      1.83e-03        0.01
  30       -79.821251389     -3.82e-07      6.62e-04        0.01
  31       -79.821251806     -4.18e-07      2.69e-04        0.01
  32       -79.821251837     -3.11e-08      2.21e-05        0.01
  33       -79.821251833      4.46e-09      2.83e-05        0.01
  34       -79.821251833     -4.31e-10      3.42e-06        0.01

 SCF converged in 34 iterations.

 Dipole moment (in Debye):              -0.000000      -0.000000       0.000000

 Quadrupole moment (in Debye-Angstrom):
                  1            2            3
 1       -22.711892     0.687723     0.069003
 2         0.687723   -22.415429     0.085241
 3         0.069003     0.085241   -23.258760

 Spin-squared expectation <S^2>:         8.755
 Total spin quantum number S:            2.501
 TOTAL ENERGY:                         -79.821251833
 Saving results in set 'HF'

 --------------------------------------------------------------------------------
                                command: unsoldw12                               
 --------------------------------------------------------------------------------
 Number of AO basis functions:          88

 DF basis set:                           def2-qzvppd-ri
 Number of DF basis functions:         252

 Unrestricted UW12 calculation:          
 Core spatial orbitals:                  0
 Correlated alpha orbitals:             10
 Correlated beta orbitals:               5

 ------------------
  UW12 Correlation 
 ------------------
 Factor for UW12 correlation:            1.000000000
 Same spin scale factor:                 0.000000000
 Calculate indirect contribution:        false
 Method for three electron term:         df_ri
 Auxiliary RI basis set:                 def2-QZVPPD-ri
 Number of RI basis functions:         252
 Gaussians in geminal expansion:         4
 UW12 screening threshold:               1.00e-10
 Method for density-fitting:             w(r)


 Reference energy:                     -79.821251833
 UW12 correlation energy:               -0.072481628
 Total UW12 energy:                    -79.893733461

 --------------------------------------------------------------------------------

 End time:                               Fri May 28 10:48:59 2021
 Total wall-clock time:                  4.688 seconds
==================================================================================
