
================================================================================
          _____________ ________ _______________ ________     _________         
         / ___________// ______ \\_____   _____// ______ \   / ________)        
        / /_________  / /      \ \     | |     / /      \ \ | (_______          
       |  __________|| |        | |    | |    | |        | | \________ \        
        \ \_________ | |        | |    | |     \ \______/ /___________) |       
         \__________||_|        |_|    |_|      \________//____________/        
                                                                                
====================================[ Qcore ]===================================

 Git hash:   6a88d58d269bf0d2ccfae91583c23a2b072b7633
 Git date:   Tue, 25 May 2021 10:36:49 +0100
 Compiler:   GNU 9.1.0
 Build type: Release
 Version:    1.3.0

 Start time: Mon Jun  7 13:42:55 2021

 Data directory: /newhome/zw18965/.local/qcore/share/entos/1.3.0/data
 Number of threads: 16
 Number of threads was determined by: number of physical cores

 --------------------------------------------------------------------------------
                                   command: hf                                   
 --------------------------------------------------------------------------------
 AO basis set:                           aug-cc-pvtz-combined-pp
 Number of AO basis functions:          93

 Formula:                                Ti
 Nuclear charge:                        22.000000000
 Total charge:                           0.000000000
 Number of electrons:                   22.000000000

 Number of alpha electrons:             11
 Number of beta electrons:              11
 Number of unpaired electrons:           0
 Spin:                                   0
 Multiplicity:                           singlet

 Theory:                                 hf
 Method for Coulomb:                     incore_df
 Method for exact exchange:              pre_transformed_df
 Integral threshold:                     1.00e-12
 DF basis set:                           def2-universal-jkfit
 Number of DF basis functions:         264
 Schwarz screening threshold:            1.00e-10
 Coulomb fitting method:                 Cholesky
 Method for AO orthogonalization:        symmetric
 Threshold for linear dependence:        1.00e-08

 -------------------------------------
  Running restricted closed-shell SCF 
 -------------------------------------
 Max number of iterations:             128
 Conv. threshold (gradient):             1.00e-05
 Conv. threshold (energy):               1.00e-06
 Interpolation scheme:                   adiis+cdiis
 Initial guess:                          H0

 ---------------------------------------------------------------
                  energy        change          grad        time
 ---------------------------------------------------------------
   0      -831.934614527                    7.98e+00        0.01
   1      -815.537045106      1.64e+01      8.51e+00        0.01
   2      -840.845686181     -2.53e+01      5.41e+00        0.01
   3      -846.665981473     -5.82e+00      2.98e+00        0.01
   4      -846.850230815     -1.84e-01      3.13e+00        0.01
   5      -848.293199055     -1.44e+00      4.92e-01        0.01
   6      -848.322330472     -2.91e-02      1.60e-01        0.01
   7      -848.325151838     -2.82e-03      5.20e-02        0.01
   8      -848.325476480     -3.25e-04      1.81e-02        0.02
   9      -848.325543803     -6.73e-05      3.24e-03        0.01
  10      -848.325552892     -9.09e-06      1.18e-03        0.01
  11      -848.325553611     -7.19e-07      3.38e-04        0.01
  12      -848.325553683     -7.20e-08      1.82e-04        0.01
  13      -848.325553722     -3.93e-08      5.28e-05        0.01
  14      -848.325553725     -2.49e-09      1.76e-05        0.01
  15      -848.325553725     -1.67e-10      1.52e-05        0.01
  16      -848.325553725     -1.56e-10      1.45e-05        0.01
  17      -848.325553726     -9.32e-10      1.23e-05        0.01
  18      -848.325553728     -1.95e-09      9.47e-06        0.01

 SCF converged in 18 iterations.

 Dipole moment (in Debye):              -0.000000       0.000000       0.000000

 Quadrupole moment (in Debye-Angstrom):
                  1            2            3
 1       -22.219629    -0.010741     0.036445
 2        -0.010741   -22.583695    -0.001080
 3         0.036445    -0.001080   -22.579712

 Spin-squared expectation <S^2>:         0.000
 Total spin quantum number S:            0.000
 TOTAL ENERGY:                        -848.325553730
 Saving results in set 'HF'

 --------------------------------------------------------------------------------
                                command: unsoldw12                               
 --------------------------------------------------------------------------------
 Number of AO basis functions:          93

 DF basis set:                           def2-qzvppd-ri
 Number of DF basis functions:         309

 Restricted UW12 calculation:            
 Core Orbitals:                          5
 Correlated Orbitals:                    6

 ------------------
  UW12 Correlation 
 ------------------
 Factor for UW12 correlation:            1.000000000
 Same spin scale factor:                 0.000000000
 Calculate indirect contribution:        false
 Method for three electron term:         df_ri
 Auxiliary RI basis set:                 def2-QZVPPD-ri
 Number of RI basis functions:         309
 Gaussians in geminal expansion:         4
 UW12 screening threshold:               1.00e-10
 Method for density-fitting:             w(r)
 Number of core spatial orbitals:        5


 Reference energy:                    -848.325553730
 UW12 correlation energy:               -0.054580011
 Total UW12 energy:                   -848.380133741

 --------------------------------------------------------------------------------

 End time:                               Mon Jun  7 13:43:23 2021
 Total wall-clock time:                 27.572 seconds
==================================================================================
