
================================================================================
          _____________ ________ _______________ ________     _________         
         / ___________// ______ \\_____   _____// ______ \   / ________)        
        / /_________  / /      \ \     | |     / /      \ \ | (_______          
       |  __________|| |        | |    | |    | |        | | \________ \        
        \ \_________ | |        | |    | |     \ \______/ /___________) |       
         \__________||_|        |_|    |_|      \________//____________/        
                                                                                
====================================[ Qcore ]===================================

 Git hash:   6a88d58d269bf0d2ccfae91583c23a2b072b7633
 Git date:   Tue, 25 May 2021 10:36:49 +0100
 Compiler:   GNU 9.1.0
 Build type: Release
 Version:    1.3.0

 Start time: Mon Jun  7 13:43:23 2021

 Data directory: /newhome/zw18965/.local/qcore/share/entos/1.3.0/data
 Number of threads: 16
 Number of threads was determined by: number of physical cores

 --------------------------------------------------------------------------------
                                   command: hf                                   
 --------------------------------------------------------------------------------
 AO basis set:                           aug-cc-pvtz-combined-pp
 Number of AO basis functions:          93

 Formula:                                Cr
 Nuclear charge:                        24.000000000
 Total charge:                           0.000000000
 Number of electrons:                   24.000000000

 Number of alpha electrons:             12
 Number of beta electrons:              12
 Number of unpaired electrons:           0
 Spin:                                   0
 Multiplicity:                           singlet

 Theory:                                 hf
 Method for Coulomb:                     incore_df
 Method for exact exchange:              pre_transformed_df
 Integral threshold:                     1.00e-12
 DF basis set:                           def2-universal-jkfit
 Number of DF basis functions:         264
 Schwarz screening threshold:            1.00e-10
 Coulomb fitting method:                 Cholesky
 Method for AO orthogonalization:        symmetric
 Threshold for linear dependence:        1.00e-08

 -------------------------------------
  Running restricted closed-shell SCF 
 -------------------------------------
 Max number of iterations:             128
 Conv. threshold (gradient):             1.00e-05
 Conv. threshold (energy):               1.00e-06
 Interpolation scheme:                   adiis+cdiis
 Initial guess:                          H0

 ---------------------------------------------------------------
                  energy        change          grad        time
 ---------------------------------------------------------------
   0      -995.244453148                    1.86e+01        0.01
   1      -980.464586701      1.48e+01      1.52e+01        0.01
   2     -1027.832677543     -4.74e+01      9.94e+00        0.01
   3     -1038.268027161     -1.04e+01      4.96e+00        0.01
   4     -1040.782047934     -2.51e+00      3.66e+00        0.01
   5     -1042.975075019     -2.19e+00      1.03e+00        0.01
   6     -1043.073587993     -9.85e-02      5.47e-01        0.01
   7     -1043.106002426     -3.24e-02      2.61e-01        0.01
   8     -1043.112727437     -6.73e-03      1.41e-01        0.01
   9     -1043.114927120     -2.20e-03      7.00e-02        0.01
  10     -1043.115448527     -5.21e-04      3.85e-02        0.01
  11     -1043.115702885     -2.54e-04      1.09e-03        0.01
  12     -1043.115703508     -6.23e-07      2.50e-04        0.01
  13     -1043.115703525     -1.79e-08      2.57e-05        0.01
  14     -1043.115703526     -3.64e-10      3.45e-06        0.01

 SCF converged in 14 iterations.

 Dipole moment (in Debye):              -0.000000      -0.000000      -0.000000

 Quadrupole moment (in Debye-Angstrom):
                  1            2            3
 1       -20.083383    -0.000290     0.000009
 2        -0.000290   -20.477470     0.012474
 3         0.000009     0.012474   -20.083778

 Spin-squared expectation <S^2>:         0.000
 Total spin quantum number S:            0.000
 TOTAL ENERGY:                       -1043.115703526
 Saving results in set 'HF'

 --------------------------------------------------------------------------------
                                command: unsoldw12                               
 --------------------------------------------------------------------------------
 Number of AO basis functions:          93

 DF basis set:                           def2-qzvppd-ri
 Number of DF basis functions:         309

 Restricted UW12 calculation:            
 Core Orbitals:                          5
 Correlated Orbitals:                    7

 ------------------
  UW12 Correlation 
 ------------------
 Factor for UW12 correlation:            1.000000000
 Same spin scale factor:                 0.000000000
 Calculate indirect contribution:        false
 Method for three electron term:         df_ri
 Auxiliary RI basis set:                 def2-QZVPPD-ri
 Number of RI basis functions:         309
 Gaussians in geminal expansion:         4
 UW12 screening threshold:               1.00e-10
 Method for density-fitting:             w(r)
 Number of core spatial orbitals:        5


 Reference energy:                   -1043.115703526
 UW12 correlation energy:               -0.064922422
 Total UW12 energy:                  -1043.180625948

 --------------------------------------------------------------------------------

 End time:                               Mon Jun  7 13:43:50 2021
 Total wall-clock time:                 27.137 seconds
==================================================================================
