
================================================================================
          _____________ ________ _______________ ________     _________         
         / ___________// ______ \\_____   _____// ______ \   / ________)        
        / /_________  / /      \ \     | |     / /      \ \ | (_______          
       |  __________|| |        | |    | |    | |        | | \________ \        
        \ \_________ | |        | |    | |     \ \______/ /___________) |       
         \__________||_|        |_|    |_|      \________//____________/        
                                                                                
====================================[ Qcore ]===================================

 Git hash:   6a88d58d269bf0d2ccfae91583c23a2b072b7633
 Git date:   Tue, 25 May 2021 10:36:49 +0100
 Compiler:   GNU 9.1.0
 Build type: Release
 Version:    1.3.0

 Start time: Mon Jun  7 13:43:50 2021

 Data directory: /newhome/zw18965/.local/qcore/share/entos/1.3.0/data
 Number of threads: 16
 Number of threads was determined by: number of physical cores

 --------------------------------------------------------------------------------
                                   command: hf                                   
 --------------------------------------------------------------------------------
 AO basis set:                           aug-cc-pvtz-combined-pp
 Number of AO basis functions:          93

 Formula:                                Fe
 Nuclear charge:                        26.000000000
 Total charge:                           0.000000000
 Number of electrons:                   26.000000000

 Number of alpha electrons:             13
 Number of beta electrons:              13
 Number of unpaired electrons:           0
 Spin:                                   0
 Multiplicity:                           singlet

 Theory:                                 hf
 Method for Coulomb:                     incore_df
 Method for exact exchange:              pre_transformed_df
 Integral threshold:                     1.00e-12
 DF basis set:                           def2-universal-jkfit
 Number of DF basis functions:         264
 Schwarz screening threshold:            1.00e-10
 Coulomb fitting method:                 Cholesky
 Method for AO orthogonalization:        symmetric
 Threshold for linear dependence:        1.00e-08

 -------------------------------------
  Running restricted closed-shell SCF 
 -------------------------------------
 Max number of iterations:             128
 Conv. threshold (gradient):             1.00e-05
 Conv. threshold (energy):               1.00e-06
 Interpolation scheme:                   adiis+cdiis
 Initial guess:                          H0

 ---------------------------------------------------------------
                  energy        change          grad        time
 ---------------------------------------------------------------
   0     -1207.443238539                    1.47e+01        0.04
   1     -1173.955555229      3.35e+01      2.02e+01        0.01
   2     -1238.728013712     -6.48e+01      9.27e+00        0.01
   3     -1258.743179767     -2.00e+01      4.41e+00        0.01
   4     -1258.375075944      3.68e-01      4.37e+00        0.01
   5     -1262.154892304     -3.78e+00      7.37e-01        0.01
   6     -1262.221453839     -6.66e-02      5.16e-01        0.01
   7     -1262.262473648     -4.10e-02      1.99e-01        0.01
   8     -1262.265213470     -2.74e-03      1.40e-01        0.01
   9     -1262.268499758     -3.29e-03      2.86e-02        0.01
  10     -1262.268557428     -5.77e-05      1.87e-02        0.01
  11     -1262.268617811     -6.04e-05      1.01e-04        0.01
  12     -1262.268617818     -6.73e-09      4.88e-05        0.01
  13     -1262.268617819     -1.75e-09      3.02e-05        0.01
  14     -1262.268617820     -9.14e-10      7.91e-06        0.01

 SCF converged in 14 iterations.

 Dipole moment (in Debye):               0.000000      -0.000000       0.000000

 Quadrupole moment (in Debye-Angstrom):
                  1            2            3
 1       -18.432614    -0.000000    -0.000000
 2        -0.000000   -18.432614    -0.000000
 3        -0.000000    -0.000000   -18.432617

 Spin-squared expectation <S^2>:         0.000
 Total spin quantum number S:            0.000
 TOTAL ENERGY:                       -1262.268617820
 Saving results in set 'HF'

 --------------------------------------------------------------------------------
                                command: unsoldw12                               
 --------------------------------------------------------------------------------
 Number of AO basis functions:          93

 DF basis set:                           def2-qzvppd-ri
 Number of DF basis functions:         309

 Restricted UW12 calculation:            
 Core Orbitals:                          5
 Correlated Orbitals:                    8

 ------------------
  UW12 Correlation 
 ------------------
 Factor for UW12 correlation:            1.000000000
 Same spin scale factor:                 0.000000000
 Calculate indirect contribution:        false
 Method for three electron term:         df_ri
 Auxiliary RI basis set:                 def2-QZVPPD-ri
 Number of RI basis functions:         309
 Gaussians in geminal expansion:         4
 UW12 screening threshold:               1.00e-10
 Method for density-fitting:             w(r)
 Number of core spatial orbitals:        5


 Reference energy:                   -1262.268617820
 UW12 correlation energy:               -0.074402141
 Total UW12 energy:                  -1262.343019962

 --------------------------------------------------------------------------------

 End time:                               Mon Jun  7 13:44:19 2021
 Total wall-clock time:                 28.648 seconds
==================================================================================
