
================================================================================
          _____________ ________ _______________ ________     _________         
         / ___________// ______ \\_____   _____// ______ \   / ________)        
        / /_________  / /      \ \     | |     / /      \ \ | (_______          
       |  __________|| |        | |    | |    | |        | | \________ \        
        \ \_________ | |        | |    | |     \ \______/ /___________) |       
         \__________||_|        |_|    |_|      \________//____________/        
                                                                                
====================================[ Qcore ]===================================

 Git hash:   6a88d58d269bf0d2ccfae91583c23a2b072b7633
 Git date:   Tue, 25 May 2021 10:36:49 +0100
 Compiler:   GNU 9.1.0
 Build type: Release
 Version:    1.3.0

 Start time: Mon Jun  7 13:45:33 2021

 Data directory: /newhome/zw18965/.local/qcore/share/entos/1.3.0/data
 Number of threads: 16
 Number of threads was determined by: number of physical cores

 --------------------------------------------------------------------------------
                                   command: hf                                   
 --------------------------------------------------------------------------------
 AO basis set:                           aug-cc-pvtz-combined-pp
 Number of AO basis functions:          59

 Formula:                                Se
 Nuclear charge:                        34.000000000
 Total charge:                           0.000000000
 Number of electrons:                   34.000000000

 Number of alpha electrons:             17
 Number of beta electrons:              17
 Number of unpaired electrons:           0
 Spin:                                   0
 Multiplicity:                           singlet

 Theory:                                 hf
 Method for Coulomb:                     incore_df
 Method for exact exchange:              pre_transformed_df
 Integral threshold:                     1.00e-12
 DF basis set:                           def2-universal-jkfit
 Number of DF basis functions:         266
 Schwarz screening threshold:            1.00e-10
 Coulomb fitting method:                 Cholesky
 Method for AO orthogonalization:        symmetric
 Threshold for linear dependence:        1.00e-08

 -------------------------------------
  Running restricted closed-shell SCF 
 -------------------------------------
 Max number of iterations:             128
 Conv. threshold (gradient):             1.00e-05
 Conv. threshold (energy):               1.00e-06
 Interpolation scheme:                   adiis+cdiis
 Initial guess:                          H0

 ---------------------------------------------------------------
                  energy        change          grad        time
 ---------------------------------------------------------------
   0     -2384.571972632                    7.06e+00        0.00
   1     -2355.145288174      2.94e+01      1.87e+01        0.00
   2     -2392.472772251     -3.73e+01      5.00e+00        0.01
   3     -2399.039507780     -6.57e+00      1.46e+00        0.01
   4     -2399.666354280     -6.27e-01      8.45e-01        0.01
   5     -2399.773644131     -1.07e-01      3.00e-01        0.00
   6     -2399.791547665     -1.79e-02      1.37e-01        0.01
   7     -2399.794328794     -2.78e-03      5.12e-02        0.00
   8     -2399.794780939     -4.52e-04      2.18e-02        0.01
   9     -2399.794866610     -8.57e-05      2.11e-05        0.00
  10     -2399.794866611     -9.91e-11      2.31e-06        0.01

 SCF converged in 10 iterations.

 Dipole moment (in Debye):               0.000000      -0.000000       0.000000

 Quadrupole moment (in Debye-Angstrom):
                  1            2            3
 1       -20.675165    -0.000000    -1.348321
 2        -0.000000   -20.966675    -0.000000
 3        -1.348321    -0.000000   -14.730276

 Spin-squared expectation <S^2>:         0.000
 Total spin quantum number S:            0.000
 TOTAL ENERGY:                       -2399.794866611
 Saving results in set 'HF'

 --------------------------------------------------------------------------------
                                command: unsoldw12                               
 --------------------------------------------------------------------------------
 Number of AO basis functions:          59

 DF basis set:                           def2-qzvppd-ri
 Number of DF basis functions:         314

 Restricted UW12 calculation:            
 Core Orbitals:                          9
 Correlated Orbitals:                    8

 ------------------
  UW12 Correlation 
 ------------------
 Factor for UW12 correlation:            1.000000000
 Same spin scale factor:                 0.000000000
 Calculate indirect contribution:        false
 Method for three electron term:         df_ri
 Auxiliary RI basis set:                 def2-QZVPPD-ri
 Number of RI basis functions:         314
 Gaussians in geminal expansion:         4
 UW12 screening threshold:               1.00e-10
 Method for density-fitting:             w(r)
 Number of core spatial orbitals:        9


 Reference energy:                   -2399.794866611
 UW12 correlation energy:               -0.085540072
 Total UW12 energy:                  -2399.880406683

 --------------------------------------------------------------------------------

 End time:                               Mon Jun  7 13:45:50 2021
 Total wall-clock time:                 17.106 seconds
==================================================================================
