
================================================================================
          _____________ ________ _______________ ________     _________         
         / ___________// ______ \\_____   _____// ______ \   / ________)        
        / /_________  / /      \ \     | |     / /      \ \ | (_______          
       |  __________|| |        | |    | |    | |        | | \________ \        
        \ \_________ | |        | |    | |     \ \______/ /___________) |       
         \__________||_|        |_|    |_|      \________//____________/        
                                                                                
====================================[ Qcore ]===================================

 Git hash:   6a88d58d269bf0d2ccfae91583c23a2b072b7633
 Git date:   Tue, 25 May 2021 10:36:49 +0100
 Compiler:   GNU 9.1.0
 Build type: Release
 Version:    1.3.0

 Start time: Tue Jun 15 13:42:20 2021

 Data directory: /newhome/zw18965/.local/qcore/share/entos/1.3.0/data
 Number of threads: 16
 Number of threads was determined by: number of physical cores

 --------------------------------------------------------------------------------
                                   command: dft                                  
 --------------------------------------------------------------------------------
 AO basis set:                           aug-cc-pvtz-combined-pp
 Number of AO basis functions:          93

 Formula:                                Sc
 Nuclear charge:                        21.000000000
 Total charge:                           0.000000000
 Number of electrons:                   21.000000000

 Number of alpha electrons:             11
 Number of beta electrons:              10
 Number of unpaired electrons:           1
 Spin:                                   1
 Multiplicity:                           doublet

 Theory:                                 hf
 Method for Coulomb:                     incore_df
 Method for exact exchange:              pre_transformed_df
 Integral threshold:                     1.00e-12
 DF basis set:                           def2-universal-jkfit
 Number of DF basis functions:         264
 Schwarz screening threshold:            1.00e-10
 Coulomb fitting method:                 Cholesky
 Method for AO orthogonalization:        symmetric
 Threshold for linear dependence:        1.00e-08

 -------------------------------------
  Running unrestricted open-shell SCF 
 -------------------------------------
 Max number of iterations:             128
 Conv. threshold (gradient):             1.00e-05
 Conv. threshold (energy):               1.00e-06
 Interpolation scheme:                   adiis+cdiis
 Initial guess:                          SAD

 ---------------------------------------------------------------
                  energy        change          grad        time
 ---------------------------------------------------------------
   0      -759.555481450                    1.81e-03        0.01
   1      -759.622487447     -6.70e-02      5.45e-02        0.02
   2      -759.632110674     -9.62e-03      4.40e-02        0.01
   3      -759.637929687     -5.82e-03      3.03e-02        0.02
   4      -759.641000717     -3.07e-03      3.41e-02        0.01
   5      -759.639795776      1.20e-03      3.34e-02        0.02
   6      -759.625766066      1.40e-02      5.61e-02        0.01
   7      -759.625730287      3.58e-05      5.33e-02        0.02
   8      -759.626836404     -1.11e-03      2.70e-02        0.02
   9      -759.627916873     -1.08e-03      1.46e-02        0.01
  10      -759.628448908     -5.32e-04      1.41e-02        0.02
  11      -759.629324190     -8.75e-04      1.80e-02        0.02
  12      -759.629426709     -1.03e-04      1.14e-02        0.02
  13      -759.629437393     -1.07e-05      1.14e-02        0.02
  14      -759.629487159     -4.98e-05      8.64e-03        0.02
  15      -759.629468711      1.84e-05      4.39e-03        0.02
  16      -759.629494085     -2.54e-05      9.25e-04        0.01
  17      -759.629495228     -1.14e-06      1.02e-03        0.02
  18      -759.629494423      8.05e-07      9.40e-04        0.02
  19      -759.629491553      2.87e-06      3.95e-04        0.02
  20      -759.629491544      9.62e-09      1.20e-04        0.02
  21      -759.629491564     -2.05e-08      5.59e-05        0.02
  22      -759.629491569     -4.83e-09      4.66e-05        0.02
  23      -759.629491570     -9.97e-10      4.35e-05        0.02
  24      -759.629491567      3.37e-09      4.33e-05        0.02
  25      -759.629491566      1.08e-09      3.54e-05        0.02
  26      -759.629491564      1.23e-09      2.23e-05        0.02
  27      -759.629491564     -2.83e-11      9.43e-06        0.02

 SCF converged in 27 iterations.

 Dipole moment (in Debye):               0.000017      -0.000126       0.000021

 Quadrupole moment (in Debye-Angstrom):
                  1            2            3
 1       -37.902939     2.562014     2.120382
 2         2.562014   -23.708103    -0.371016
 3         2.120382    -0.371016   -23.567058

 Spin-squared expectation <S^2>:         0.853
 Total spin quantum number S:            0.550
 TOTAL ENERGY:                        -759.629491565
 Saving results in set 'HF'

 --------------------------------------------------------------------------------
                                   command: dft                                  
 --------------------------------------------------------------------------------
 Projecting orbitals from old basis (93 functions) to new basis (93 functions)

 AO basis set:                           aug-cc-pvtz-combined-pp
 Number of AO basis functions:          93
 Radial threshold:                       1.00e-08

 Formula:                                Sc
 Nuclear charge:                        21.000000000
 Total charge:                           0.000000000
 Number of electrons:                   21.000000000

 Number of alpha electrons:             11
 Number of beta electrons:              10
 Number of unpaired electrons:           1
 Spin:                                   1
 Multiplicity:                           doublet

 Theory:                                 hf
 Method for Coulomb:                     incore_df
 Method for exact exchange:              pre_transformed_df
 Integral threshold:                     1.00e-12
 DF basis set:                           def2-qzvppd-ri
 Number of DF basis functions:         309
 Schwarz screening threshold:            1.00e-10
 Coulomb fitting method:                 Cholesky
 Time for pre-computing density fitting integrals:       2.000 seconds

 ------------------
  UW12 Correlation 
 ------------------
 Factor for UW12 correlation:            1.000000000
 Same spin scale factor:                 0.000000000
 Calculate indirect contribution:        false
 Method for three electron term:         quadrature
 Gaussians in geminal expansion:         4
 UW12 screening threshold:               1.00e-12
 Method for density-fitting:             w(r)
 Number of core spatial orbitals:        5

 Total number of grid points:         7852
 Total number of batches:              327
 Maximum # of points per batch:        425
 Minimum # of points per batch:          0
 Average # of points per batch:         24
 Maximum batch gyradius:                 2.486666673
 Minimum batch gyradius:                 0.000000000
 Average batch gyradius:                 1.295468669
 Time for building XC grid:                              0.015 seconds
 Method for AO orthogonalization:        symmetric
 Threshold for linear dependence:        1.00e-08

 -------------------------------------
  Running unrestricted open-shell SCF 
 -------------------------------------
 Max number of iterations:               0
 Conv. threshold (gradient):             1.00e-05
 Conv. threshold (energy):               1.00e-06
 Interpolation scheme:                   adiis+cdiis

 ---------------------------------------------------------------
                  energy        change          grad        time
 ---------------------------------------------------------------
 UW12 two electron energy:              -3.237444970
 UW12 three electron energy:             6.204313761
 UW12 four electron energy:             -3.013195872
 Total UW12 energy:                     -0.046327082
 Time for DF-K:                                          0.004 seconds
 Time for DF-J:                                          0.000 seconds
 Dipole moment (in Debye):               0.000017      -0.000126       0.000021

 Quadrupole moment (in Debye-Angstrom):
                  1            2            3
 1       -37.902939     2.562014     2.120382
 2         2.562014   -23.708103    -0.371016
 3         2.120382    -0.371016   -23.567058

 Spin-squared expectation <S^2>:         0.853
 Total spin quantum number S:            0.550
 TOTAL ENERGY:                        -759.677844816

 --------------------------------------------------------------------------------

 End time:                               Tue Jun 15 13:42:44 2021
 Total wall-clock time:                 24.349 seconds
==================================================================================
