
================================================================================
          _____________ ________ _______________ ________     _________         
         / ___________// ______ \\_____   _____// ______ \   / ________)        
        / /_________  / /      \ \     | |     / /      \ \ | (_______          
       |  __________|| |        | |    | |    | |        | | \________ \        
        \ \_________ | |        | |    | |     \ \______/ /___________) |       
         \__________||_|        |_|    |_|      \________//____________/        
                                                                                
====================================[ Qcore ]===================================

 Git hash:   6a88d58d269bf0d2ccfae91583c23a2b072b7633
 Git date:   Tue, 25 May 2021 10:36:49 +0100
 Compiler:   GNU 9.1.0
 Build type: Release
 Version:    1.3.0

 Start time: Tue Jun 15 14:01:04 2021

 Data directory: /newhome/zw18965/.local/qcore/share/entos/1.3.0/data
 Number of threads: 16
 Number of threads was determined by: number of physical cores

 --------------------------------------------------------------------------------
                                   command: dft                                  
 --------------------------------------------------------------------------------
 AO basis set:                           aug-cc-pvtz-combined-pp
 Number of AO basis functions:          93

 Formula:                                Ni
 Nuclear charge:                        28.000000000
 Total charge:                           0.000000000
 Number of electrons:                   28.000000000

 Number of alpha electrons:             15
 Number of beta electrons:              13
 Number of unpaired electrons:           2
 Spin:                                   2
 Multiplicity:                           triplet

 Theory:                                 hf
 Method for Coulomb:                     incore_df
 Method for exact exchange:              pre_transformed_df
 Integral threshold:                     1.00e-12
 DF basis set:                           def2-universal-jkfit
 Number of DF basis functions:         264
 Schwarz screening threshold:            1.00e-10
 Coulomb fitting method:                 Cholesky
 Method for AO orthogonalization:        symmetric
 Threshold for linear dependence:        1.00e-08

 -------------------------------------
  Running unrestricted open-shell SCF 
 -------------------------------------
 Max number of iterations:             128
 Conv. threshold (gradient):             1.00e-05
 Conv. threshold (energy):               1.00e-06
 Interpolation scheme:                   adiis+cdiis
 Initial guess:                          SAD

 ---------------------------------------------------------------
                  energy        change          grad        time
 ---------------------------------------------------------------
   0     -1506.347922585                    2.21e-02        0.01
   1     -1506.818421211     -4.70e-01      3.26e-01        0.01
   2     -1506.826003910     -7.58e-03      1.06e-01        0.01
   3     -1506.825441221      5.63e-04      8.64e-02        0.02
   4     -1506.828250911     -2.81e-03      9.65e-03        0.02
   5     -1506.828316244     -6.53e-05      2.89e-03        0.01
   6     -1506.828322065     -5.82e-06      2.52e-04        0.01
   7     -1506.828322145     -8.02e-08      7.84e-05        0.01
   8     -1506.828322152     -7.51e-09      4.53e-05        0.01
   9     -1506.828322154     -1.57e-09      3.14e-05        0.01
  10     -1506.828322156     -1.61e-09      2.25e-05        0.01
  11     -1506.828322156     -9.77e-10      1.37e-05        0.02
  12     -1506.828322157     -2.00e-10      1.31e-05        0.02
  13     -1506.828322157     -1.64e-10      1.30e-05        0.02
  14     -1506.828322157     -1.35e-10      1.31e-05        0.01
  15     -1506.828322157     -6.89e-11      1.31e-05        0.01
  16     -1506.828322157     -4.46e-11      1.31e-05        0.02
  17     -1506.828322157     -3.37e-11      1.31e-05        0.01
  18     -1506.828322157     -4.96e-11      1.31e-05        0.01
  19     -1506.828322157     -2.64e-11      1.31e-05        0.02
  20     -1506.828322157     -3.46e-11      1.31e-05        0.01
  21     -1506.828322158     -2.71e-10      1.31e-05        0.01
  22     -1506.828322158     -3.20e-10      1.30e-05        0.01
  23     -1506.828322158     -5.07e-10      1.30e-05        0.01
  24     -1506.828322161     -3.07e-09      1.30e-05        0.01
  25     -1506.828322167     -5.91e-09      1.30e-05        0.02
  26     -1506.828322184     -1.72e-08      1.28e-05        0.02
  27     -1506.828322185     -1.01e-10      1.29e-05        0.01
  28     -1506.828322211     -2.68e-08      1.48e-05        0.01
  29     -1506.828322322     -1.11e-07      7.61e-05        0.02
  30     -1506.828322220      1.02e-07      1.81e-05        0.02
  31     -1506.828322240     -1.96e-08      1.44e-05        0.01
  32     -1506.828322476     -2.36e-07      5.62e-04        0.02
  33     -1506.828322474      1.99e-09      4.44e-04        0.01
  34     -1506.828322444      3.01e-08      8.04e-05        0.01
  35     -1506.828322483     -3.89e-08      9.01e-04        0.01
  36     -1506.828322455      2.80e-08      1.01e-03        0.02
  37     -1506.828322441      1.40e-08      1.05e-03        0.02
  38     -1506.828322487     -4.64e-08      8.86e-04        0.01
  39     -1506.828322314      1.73e-07      1.37e-03        0.02
  40     -1506.828322599     -2.85e-07      4.18e-04        0.02
  41     -1506.828322629     -3.00e-08      9.83e-05        0.02
  42     -1506.828322631     -1.77e-09      1.08e-05        0.01
  43     -1506.828322631     -3.64e-11      8.73e-07        0.01

 SCF converged in 43 iterations.

 Dipole moment (in Debye):              -0.000001       0.000000      -0.000000

 Quadrupole moment (in Debye-Angstrom):
                  1            2            3
 1       -14.608693    -0.012657     0.064714
 2        -0.012657   -15.029565    -0.002076
 3         0.064714    -0.002076   -15.020236

 Spin-squared expectation <S^2>:         2.001
 Total spin quantum number S:            1.000
 TOTAL ENERGY:                       -1506.828322631
 Saving results in set 'HF'

 --------------------------------------------------------------------------------
                                   command: dft                                  
 --------------------------------------------------------------------------------
 Projecting orbitals from old basis (93 functions) to new basis (93 functions)

 AO basis set:                           aug-cc-pvtz-combined-pp
 Number of AO basis functions:          93
 Radial threshold:                       1.00e-08

 Formula:                                Ni
 Nuclear charge:                        28.000000000
 Total charge:                           0.000000000
 Number of electrons:                   28.000000000

 Number of alpha electrons:             15
 Number of beta electrons:              13
 Number of unpaired electrons:           2
 Spin:                                   2
 Multiplicity:                           triplet

 Theory:                                 hf
 Method for Coulomb:                     incore_df
 Method for exact exchange:              pre_transformed_df
 Integral threshold:                     1.00e-12
 DF basis set:                           def2-qzvppd-ri
 Number of DF basis functions:         316
 Schwarz screening threshold:            1.00e-10
 Coulomb fitting method:                 Cholesky
 Time for pre-computing density fitting integrals:       1.669 seconds

 ------------------
  UW12 Correlation 
 ------------------
 Factor for UW12 correlation:            1.000000000
 Same spin scale factor:                 0.000000000
 Calculate indirect contribution:        false
 Method for three electron term:         quadrature
 Gaussians in geminal expansion:         4
 UW12 screening threshold:               1.00e-12
 Method for density-fitting:             w(r)
 Number of core spatial orbitals:        5

 Total number of grid points:         7936
 Total number of batches:              285
 Maximum # of points per batch:        444
 Minimum # of points per batch:          0
 Average # of points per batch:         27
 Maximum batch gyradius:                 2.385303581
 Minimum batch gyradius:                 0.000000000
 Average batch gyradius:                 1.139302837
 Time for building XC grid:                              0.015 seconds
 Method for AO orthogonalization:        symmetric
 Threshold for linear dependence:        1.00e-08

 -------------------------------------
  Running unrestricted open-shell SCF 
 -------------------------------------
 Max number of iterations:               0
 Conv. threshold (gradient):             1.00e-05
 Conv. threshold (energy):               1.00e-06
 Interpolation scheme:                   adiis+cdiis

 ---------------------------------------------------------------
                  energy        change          grad        time
 ---------------------------------------------------------------
 UW12 two electron energy:             -16.150660240
 UW12 three electron energy:            31.439513804
 UW12 four electron energy:            -15.372937409
 Total UW12 energy:                     -0.084083845
 Time for DF-K:                                          0.013 seconds
 Time for DF-J:                                          0.001 seconds
 Dipole moment (in Debye):              -0.000001       0.000000      -0.000000

 Quadrupole moment (in Debye-Angstrom):
                  1            2            3
 1       -14.608693    -0.012657     0.064714
 2        -0.012657   -15.029565    -0.002076
 3         0.064714    -0.002076   -15.020236

 Spin-squared expectation <S^2>:         2.001
 Total spin quantum number S:            1.000
 TOTAL ENERGY:                       -1506.907561702

 --------------------------------------------------------------------------------

 End time:                               Tue Jun 15 14:01:22 2021
 Total wall-clock time:                 18.005 seconds
==================================================================================
