
================================================================================
          _____________ ________ _______________ ________     _________         
         / ___________// ______ \\_____   _____// ______ \   / ________)        
        / /_________  / /      \ \     | |     / /      \ \ | (_______          
       |  __________|| |        | |    | |    | |        | | \________ \        
        \ \_________ | |        | |    | |     \ \______/ /___________) |       
         \__________||_|        |_|    |_|      \________//____________/        
                                                                                
====================================[ Qcore ]===================================

 Git hash:   6a88d58d269bf0d2ccfae91583c23a2b072b7633
 Git date:   Tue, 25 May 2021 10:36:49 +0100
 Compiler:   GNU 9.1.0
 Build type: Release
 Version:    1.3.0

 Start time: Tue Jun 15 13:44:30 2021

 Data directory: /newhome/zw18965/.local/qcore/share/entos/1.3.0/data
 Number of threads: 16
 Number of threads was determined by: number of physical cores

 --------------------------------------------------------------------------------
                                   command: dft                                  
 --------------------------------------------------------------------------------
 AO basis set:                           aug-cc-pvtz-combined-pp
 Number of AO basis functions:          93

 Formula:                                Cu
 Nuclear charge:                        29.000000000
 Total charge:                           0.000000000
 Number of electrons:                   29.000000000

 Number of alpha electrons:             15
 Number of beta electrons:              14
 Number of unpaired electrons:           1
 Spin:                                   1
 Multiplicity:                           doublet

 Theory:                                 hf
 Method for Coulomb:                     incore_df
 Method for exact exchange:              pre_transformed_df
 Integral threshold:                     1.00e-12
 DF basis set:                           def2-universal-jkfit
 Number of DF basis functions:         264
 Schwarz screening threshold:            1.00e-10
 Coulomb fitting method:                 Cholesky
 Method for AO orthogonalization:        symmetric
 Threshold for linear dependence:        1.00e-08

 -------------------------------------
  Running unrestricted open-shell SCF 
 -------------------------------------
 Max number of iterations:             128
 Conv. threshold (gradient):             1.00e-05
 Conv. threshold (energy):               1.00e-06
 Interpolation scheme:                   adiis+cdiis
 Initial guess:                          SAD

 ---------------------------------------------------------------
                  energy        change          grad        time
 ---------------------------------------------------------------
   0     -1638.893337593                    2.35e-02        0.01
   1     -1638.959708638     -6.64e-02      3.29e-02        0.02
   2     -1638.961842597     -2.13e-03      1.49e-02        0.02
   3     -1638.962244915     -4.02e-04      1.18e-02        0.02
   4     -1638.962600321     -3.55e-04      4.39e-03        0.02
   5     -1638.962659658     -5.93e-05      8.72e-04        0.02
   6     -1638.962661449     -1.79e-06      3.19e-04        0.02
   7     -1638.962661731     -2.82e-07      5.94e-05        0.02
   8     -1638.962661737     -6.20e-09      6.11e-06        0.02

 SCF converged in 8 iterations.

 Dipole moment (in Debye):               0.000000       0.000000       0.000000

 Quadrupole moment (in Debye-Angstrom):
                  1            2            3
 1       -14.401282     0.000000    -0.000000
 2         0.000000   -14.401282     0.000000
 3        -0.000000     0.000000   -14.401282

 Spin-squared expectation <S^2>:         0.752
 Total spin quantum number S:            0.501
 TOTAL ENERGY:                       -1638.962661737
 Saving results in set 'HF'

 --------------------------------------------------------------------------------
                                   command: dft                                  
 --------------------------------------------------------------------------------
 Projecting orbitals from old basis (93 functions) to new basis (93 functions)

 AO basis set:                           aug-cc-pvtz-combined-pp
 Number of AO basis functions:          93
 Radial threshold:                       1.00e-08

 Formula:                                Cu
 Nuclear charge:                        29.000000000
 Total charge:                           0.000000000
 Number of electrons:                   29.000000000

 Number of alpha electrons:             15
 Number of beta electrons:              14
 Number of unpaired electrons:           1
 Spin:                                   1
 Multiplicity:                           doublet

 Theory:                                 hf
 Method for Coulomb:                     incore_df
 Method for exact exchange:              pre_transformed_df
 Integral threshold:                     1.00e-12
 DF basis set:                           def2-qzvppd-ri
 Number of DF basis functions:         316
 Schwarz screening threshold:            1.00e-10
 Coulomb fitting method:                 Cholesky
 Time for pre-computing density fitting integrals:       1.745 seconds

 ------------------
  UW12 Correlation 
 ------------------
 Factor for UW12 correlation:            1.000000000
 Same spin scale factor:                 0.000000000
 Calculate indirect contribution:        false
 Method for three electron term:         quadrature
 Gaussians in geminal expansion:         4
 UW12 screening threshold:               1.00e-12
 Method for density-fitting:             w(r)
 Number of core spatial orbitals:        5

 Total number of grid points:         7936
 Total number of batches:              285
 Maximum # of points per batch:        444
 Minimum # of points per batch:          0
 Average # of points per batch:         27
 Maximum batch gyradius:                 2.385303581
 Minimum batch gyradius:                 0.000000000
 Average batch gyradius:                 1.139302837
 Time for building XC grid:                              0.016 seconds
 Method for AO orthogonalization:        symmetric
 Threshold for linear dependence:        1.00e-08

 -------------------------------------
  Running unrestricted open-shell SCF 
 -------------------------------------
 Max number of iterations:               0
 Conv. threshold (gradient):             1.00e-05
 Conv. threshold (energy):               1.00e-06
 Interpolation scheme:                   adiis+cdiis

 ---------------------------------------------------------------
                  energy        change          grad        time
 ---------------------------------------------------------------
 UW12 two electron energy:             -19.128665026
 UW12 three electron energy:            37.298823351
 UW12 four electron energy:            -18.260139424
 Total UW12 energy:                     -0.089981100
 Time for DF-K:                                          0.005 seconds
 Time for DF-J:                                          0.000 seconds
 Dipole moment (in Debye):               0.000000       0.000000       0.000000

 Quadrupole moment (in Debye-Angstrom):
                  1            2            3
 1       -14.401282     0.000000    -0.000000
 2         0.000000   -14.401282     0.000000
 3        -0.000000     0.000000   -14.401282

 Spin-squared expectation <S^2>:         0.752
 Total spin quantum number S:            0.501
 TOTAL ENERGY:                       -1639.049770181

 --------------------------------------------------------------------------------

 End time:                               Tue Jun 15 13:44:45 2021
 Total wall-clock time:                 14.988 seconds
==================================================================================
