
================================================================================
          _____________ ________ _______________ ________     _________         
         / ___________// ______ \\_____   _____// ______ \   / ________)        
        / /_________  / /      \ \     | |     / /      \ \ | (_______          
       |  __________|| |        | |    | |    | |        | | \________ \        
        \ \_________ | |        | |    | |     \ \______/ /___________) |       
         \__________||_|        |_|    |_|      \________//____________/        
                                                                                
====================================[ Qcore ]===================================

 Git hash:   6a88d58d269bf0d2ccfae91583c23a2b072b7633
 Git date:   Tue, 25 May 2021 10:36:49 +0100
 Compiler:   GNU 9.1.0
 Build type: Release
 Version:    1.3.0

 Start time: Tue Jun 15 13:46:21 2021

 Data directory: /newhome/zw18965/.local/qcore/share/entos/1.3.0/data
 Number of threads: 16
 Number of threads was determined by: number of physical cores

 --------------------------------------------------------------------------------
                                   command: dft                                  
 --------------------------------------------------------------------------------
 AO basis set:                           aug-cc-pvtz-combined-pp
 Number of AO basis functions:          88
 ECP on atom 1 (Mo):                     28 electrons

 Formula:                                Mo
 Nuclear charge:                        42.000000000
 Total charge:                           0.000000000
 Number of core electrons:              28
 Number of treated electrons:           14

 Number of alpha electrons:             10
 Number of beta electrons:               4
 Number of unpaired electrons:           6
 Spin:                                   6
 Multiplicity:                           octet

 Theory:                                 hf
 Method for Coulomb:                     incore_df
 Method for exact exchange:              pre_transformed_df
 Integral threshold:                     1.00e-12
 DF basis set:                           def2-universal-jkfit
 Number of DF basis functions:         255
 Schwarz screening threshold:            1.00e-10
 Coulomb fitting method:                 Cholesky
 Method for AO orthogonalization:        symmetric
 Threshold for linear dependence:        1.00e-08

 -------------------------------------
  Running unrestricted open-shell SCF 
 -------------------------------------
 Max number of iterations:             128
 Conv. threshold (gradient):             1.00e-05
 Conv. threshold (energy):               1.00e-06
 Interpolation scheme:                   adiis+cdiis
 Initial guess:                          SAD

 ---------------------------------------------------------------
                  energy        change          grad        time
 ---------------------------------------------------------------
   0       -66.504957756                    5.12e-02        0.00
   1       -67.238933687     -7.34e-01      2.33e-01        0.01
   2       -67.328001768     -8.91e-02      1.26e-01        0.01
   3       -67.342003610     -1.40e-02      4.77e-02        0.01
   4       -67.344502859     -2.50e-03      1.99e-02        0.01
   5       -67.345052123     -5.49e-04      4.86e-04        0.01
   6       -67.345052413     -2.90e-07      1.29e-04        0.01
   7       -67.345052433     -2.05e-08      3.23e-05        0.01
   8       -67.345052435     -2.23e-09      1.77e-06        0.01

 SCF converged in 8 iterations.

 Dipole moment (in Debye):               0.000000      -0.000000       0.000000

 Quadrupole moment (in Debye-Angstrom):
                  1            2            3
 1       -23.154914     0.000000    -0.000000
 2         0.000000   -23.154914    -0.000000
 3        -0.000000    -0.000000   -23.154914

 Spin-squared expectation <S^2>:        12.003
 Total spin quantum number S:            3.000
 TOTAL ENERGY:                         -67.345052435
 Saving results in set 'HF'

 --------------------------------------------------------------------------------
                                   command: dft                                  
 --------------------------------------------------------------------------------
 Projecting orbitals from old basis (88 functions) to new basis (88 functions)

 AO basis set:                           aug-cc-pvtz-combined-pp
 Number of AO basis functions:          88
 Radial threshold:                       1.00e-08
 ECP on atom 1 (Mo):                     28 electrons

 Formula:                                Mo
 Nuclear charge:                        42.000000000
 Total charge:                           0.000000000
 Number of core electrons:              28
 Number of treated electrons:           14

 Number of alpha electrons:             10
 Number of beta electrons:               4
 Number of unpaired electrons:           6
 Spin:                                   6
 Multiplicity:                           octet

 Theory:                                 hf
 Method for Coulomb:                     incore_df
 Method for exact exchange:              pre_transformed_df
 Integral threshold:                     1.00e-12
 DF basis set:                           def2-qzvppd-ri
 Number of DF basis functions:         252
 Schwarz screening threshold:            1.00e-10
 Coulomb fitting method:                 Cholesky
 Time for pre-computing density fitting integrals:       0.379 seconds

 ------------------
  UW12 Correlation 
 ------------------
 Factor for UW12 correlation:            1.000000000
 Same spin scale factor:                 0.000000000
 Calculate indirect contribution:        false
 Method for three electron term:         quadrature
 Gaussians in geminal expansion:         4
 UW12 screening threshold:               1.00e-12
 Method for density-fitting:             w(r)

 Total number of grid points:         8270
 Total number of batches:              183
 Maximum # of points per batch:        430
 Minimum # of points per batch:          0
 Average # of points per batch:         45
 Maximum batch gyradius:                 2.249388731
 Minimum batch gyradius:                 0.000000000
 Average batch gyradius:                 1.084168158
 Time for building XC grid:                              0.016 seconds
 Method for AO orthogonalization:        symmetric
 Threshold for linear dependence:        1.00e-08

 -------------------------------------
  Running unrestricted open-shell SCF 
 -------------------------------------
 Max number of iterations:               0
 Conv. threshold (gradient):             1.00e-05
 Conv. threshold (energy):               1.00e-06
 Interpolation scheme:                   adiis+cdiis

 ---------------------------------------------------------------
                  energy        change          grad        time
 ---------------------------------------------------------------
 UW12 two electron energy:              -4.686038041
 UW12 three electron energy:             8.968727132
 UW12 four electron energy:             -4.341314605
 Total UW12 energy:                     -0.058625514
 Time for DF-K:                                          0.002 seconds
 Time for DF-J:                                          0.000 seconds
 Dipole moment (in Debye):               0.000000      -0.000000       0.000000

 Quadrupole moment (in Debye-Angstrom):
                  1            2            3
 1       -23.154914     0.000000    -0.000000
 2         0.000000   -23.154914    -0.000000
 3        -0.000000    -0.000000   -23.154914

 Spin-squared expectation <S^2>:        12.003
 Total spin quantum number S:            3.000
 TOTAL ENERGY:                         -67.403717026

 --------------------------------------------------------------------------------

 End time:                               Tue Jun 15 13:46:27 2021
 Total wall-clock time:                  5.710 seconds
==================================================================================
