
================================================================================
          _____________ ________ _______________ ________     _________         
         / ___________// ______ \\_____   _____// ______ \   / ________)        
        / /_________  / /      \ \     | |     / /      \ \ | (_______          
       |  __________|| |        | |    | |    | |        | | \________ \        
        \ \_________ | |        | |    | |     \ \______/ /___________) |       
         \__________||_|        |_|    |_|      \________//____________/        
                                                                                
====================================[ Qcore ]===================================

 Git hash:   6a88d58d269bf0d2ccfae91583c23a2b072b7633
 Git date:   Tue, 25 May 2021 10:36:49 +0100
 Compiler:   GNU 9.1.0
 Build type: Release
 Version:    1.3.0

 Start time: Tue Jun 15 13:46:27 2021

 Data directory: /newhome/zw18965/.local/qcore/share/entos/1.3.0/data
 Number of threads: 16
 Number of threads was determined by: number of physical cores

 --------------------------------------------------------------------------------
                                   command: dft                                  
 --------------------------------------------------------------------------------
 AO basis set:                           aug-cc-pvtz-combined-pp
 Number of AO basis functions:          88
 ECP on atom 1 (Tc):                     28 electrons

 Formula:                                Tc
 Nuclear charge:                        43.000000000
 Total charge:                           0.000000000
 Number of core electrons:              28
 Number of treated electrons:           15

 Number of alpha electrons:             10
 Number of beta electrons:               5
 Number of unpaired electrons:           5
 Spin:                                   5
 Multiplicity:                           septet

 Theory:                                 hf
 Method for Coulomb:                     incore_df
 Method for exact exchange:              pre_transformed_df
 Integral threshold:                     1.00e-12
 DF basis set:                           def2-universal-jkfit
 Number of DF basis functions:         255
 Schwarz screening threshold:            1.00e-10
 Coulomb fitting method:                 Cholesky
 Method for AO orthogonalization:        symmetric
 Threshold for linear dependence:        1.00e-08

 -------------------------------------
  Running unrestricted open-shell SCF 
 -------------------------------------
 Max number of iterations:             128
 Conv. threshold (gradient):             1.00e-05
 Conv. threshold (energy):               1.00e-06
 Interpolation scheme:                   adiis+cdiis
 Initial guess:                          SAD

 ---------------------------------------------------------------
                  energy        change          grad        time
 ---------------------------------------------------------------
   0       -78.974382202                    5.83e-02        0.01
   1       -79.789896210     -8.16e-01      1.87e-01        0.01
   2       -79.840721126     -5.08e-02      8.40e-02        0.01
   3       -79.847875496     -7.15e-03      2.53e-02        0.01
   4       -79.849135958     -1.26e-03      7.17e-03        0.01
   5       -79.849226985     -9.10e-05      1.76e-03        0.01
   6       -79.849236243     -9.26e-06      5.12e-04        0.01
   7       -79.849236721     -4.78e-07      1.61e-05        0.01
   8       -79.849236722     -1.28e-09      4.85e-06        0.01

 SCF converged in 8 iterations.

 Dipole moment (in Debye):              -0.000000       0.000000       0.000000

 Quadrupole moment (in Debye-Angstrom):
                  1            2            3
 1       -26.259739     0.000000    -0.000000
 2         0.000000   -26.259739    -0.000000
 3        -0.000000    -0.000000   -26.259739

 Spin-squared expectation <S^2>:         8.790
 Total spin quantum number S:            2.507
 TOTAL ENERGY:                         -79.849236722
 Saving results in set 'HF'

 --------------------------------------------------------------------------------
                                   command: dft                                  
 --------------------------------------------------------------------------------
 Projecting orbitals from old basis (88 functions) to new basis (88 functions)

 AO basis set:                           aug-cc-pvtz-combined-pp
 Number of AO basis functions:          88
 Radial threshold:                       1.00e-08
 ECP on atom 1 (Tc):                     28 electrons

 Formula:                                Tc
 Nuclear charge:                        43.000000000
 Total charge:                           0.000000000
 Number of core electrons:              28
 Number of treated electrons:           15

 Number of alpha electrons:             10
 Number of beta electrons:               5
 Number of unpaired electrons:           5
 Spin:                                   5
 Multiplicity:                           septet

 Theory:                                 hf
 Method for Coulomb:                     incore_df
 Method for exact exchange:              pre_transformed_df
 Integral threshold:                     1.00e-12
 DF basis set:                           def2-qzvppd-ri
 Number of DF basis functions:         252
 Schwarz screening threshold:            1.00e-10
 Coulomb fitting method:                 Cholesky
 Time for pre-computing density fitting integrals:       0.720 seconds

 ------------------
  UW12 Correlation 
 ------------------
 Factor for UW12 correlation:            1.000000000
 Same spin scale factor:                 0.000000000
 Calculate indirect contribution:        false
 Method for three electron term:         quadrature
 Gaussians in geminal expansion:         4
 UW12 screening threshold:               1.00e-12
 Method for density-fitting:             w(r)

 Total number of grid points:         8354
 Total number of batches:              183
 Maximum # of points per batch:        441
 Minimum # of points per batch:          0
 Average # of points per batch:         45
 Maximum batch gyradius:                 2.249388731
 Minimum batch gyradius:                 0.000000000
 Average batch gyradius:                 1.084008877
 Time for building XC grid:                              0.016 seconds
 Method for AO orthogonalization:        symmetric
 Threshold for linear dependence:        1.00e-08

 -------------------------------------
  Running unrestricted open-shell SCF 
 -------------------------------------
 Max number of iterations:               0
 Conv. threshold (gradient):             1.00e-05
 Conv. threshold (energy):               1.00e-06
 Interpolation scheme:                   adiis+cdiis

 ---------------------------------------------------------------
                  energy        change          grad        time
 ---------------------------------------------------------------
 UW12 two electron energy:              -5.595368010
 UW12 three electron energy:            10.726984748
 UW12 four electron energy:             -5.204649593
 Total UW12 energy:                     -0.073032854
 Time for DF-K:                                          0.008 seconds
 Time for DF-J:                                          0.001 seconds
 Dipole moment (in Debye):              -0.000000       0.000000       0.000000

 Quadrupole moment (in Debye-Angstrom):
                  1            2            3
 1       -26.259739     0.000000    -0.000000
 2         0.000000   -26.259739    -0.000000
 3        -0.000000    -0.000000   -26.259739

 Spin-squared expectation <S^2>:         8.790
 Total spin quantum number S:            2.507
 TOTAL ENERGY:                         -79.922301968

 --------------------------------------------------------------------------------

 End time:                               Tue Jun 15 13:46:36 2021
 Total wall-clock time:                  9.587 seconds
==================================================================================
