
================================================================================
          _____________ ________ _______________ ________     _________         
         / ___________// ______ \\_____   _____// ______ \   / ________)        
        / /_________  / /      \ \     | |     / /      \ \ | (_______          
       |  __________|| |        | |    | |    | |        | | \________ \        
        \ \_________ | |        | |    | |     \ \______/ /___________) |       
         \__________||_|        |_|    |_|      \________//____________/        
                                                                                
====================================[ Qcore ]===================================

 Git hash:   6a88d58d269bf0d2ccfae91583c23a2b072b7633
 Git date:   Tue, 25 May 2021 10:36:49 +0100
 Compiler:   GNU 9.1.0
 Build type: Release
 Version:    1.3.0

 Start time: Tue Jun 15 13:48:09 2021

 Data directory: /newhome/zw18965/.local/qcore/share/entos/1.3.0/data
 Number of threads: 16
 Number of threads was determined by: number of physical cores

 --------------------------------------------------------------------------------
                                   command: dft                                  
 --------------------------------------------------------------------------------
 AO basis set:                           aug-cc-pvtz-combined-pp
 Number of AO basis functions:          88
 ECP on atom 1 (Hf):                     60 electrons

 Formula:                                Hf
 Nuclear charge:                        72.000000000
 Total charge:                           0.000000000
 Number of core electrons:              60
 Number of treated electrons:           12

 Number of alpha electrons:              7
 Number of beta electrons:               5
 Number of unpaired electrons:           2
 Spin:                                   2
 Multiplicity:                           triplet

 Theory:                                 hf
 Method for Coulomb:                     incore_df
 Method for exact exchange:              pre_transformed_df
 Integral threshold:                     1.00e-12
 DF basis set:                           def2-universal-jkfit
 Number of DF basis functions:         227
 Schwarz screening threshold:            1.00e-10
 Coulomb fitting method:                 Cholesky
 Method for AO orthogonalization:        symmetric
 Threshold for linear dependence:        1.00e-08

 -------------------------------------
  Running unrestricted open-shell SCF 
 -------------------------------------
 Max number of iterations:             128
 Conv. threshold (gradient):             1.00e-05
 Conv. threshold (energy):               1.00e-06
 Interpolation scheme:                   adiis+cdiis
 Initial guess:                          SAD

 ---------------------------------------------------------------
                  energy        change          grad        time
 ---------------------------------------------------------------
   0       -47.429990150                    1.93e-02        0.01
   1       -47.353664909      7.63e-02      3.58e-01        0.01
   2       -47.797819432     -4.44e-01      3.24e-01        0.01
   3       -47.922128896     -1.24e-01      8.75e-02        0.01
   4       -47.929250705     -7.12e-03      3.44e-02        0.01
   5       -47.931157371     -1.91e-03      2.62e-02        0.01
   6       -47.933197310     -2.04e-03      2.24e-02        0.01
   7       -47.934798475     -1.60e-03      2.02e-02        0.01
   8       -47.935728809     -9.30e-04      2.09e-02        0.01
   9       -47.931784094      3.94e-03      2.09e-02        0.01
  10       -47.931779594      4.50e-06      1.86e-02        0.01
  11       -47.928765041      3.01e-03      1.66e-02        0.01
  12       -47.928213145      5.52e-04      2.01e-02        0.01
  13       -47.928518380     -3.05e-04      1.52e-02        0.01
  14       -47.927931782      5.87e-04      2.11e-02        0.01
  15       -47.927944211     -1.24e-05      1.98e-02        0.01
  16       -47.927990138     -4.59e-05      1.76e-02        0.01
  17       -47.928116411     -1.26e-04      1.31e-02        0.01
  18       -47.928163742     -4.73e-05      6.94e-03        0.01
  19       -47.928183217     -1.95e-05      2.88e-03        0.01
  20       -47.928150947      3.23e-05      2.08e-03        0.01
  21       -47.928143011      7.94e-06      1.27e-03        0.01
  22       -47.928132756      1.03e-05      3.63e-04        0.01
  23       -47.928129083      3.67e-06      4.14e-04        0.01
  24       -47.928128340      7.43e-07      1.27e-04        0.01
  25       -47.928128255      8.44e-08      3.16e-05        0.01
  26       -47.928128244      1.10e-08      1.41e-05        0.01
  27       -47.928128241      2.96e-09      5.75e-06        0.01

 SCF converged in 27 iterations.

 Dipole moment (in Debye):               0.000000      -0.000001      -0.000002

 Quadrupole moment (in Debye-Angstrom):
                  1            2            3
 1       -27.470885     0.000000     0.000007
 2         0.000000   -27.469149     0.000004
 3         0.000007     0.000004   -25.306813

 Spin-squared expectation <S^2>:         2.327
 Total spin quantum number S:            1.105
 TOTAL ENERGY:                         -47.928128241
 Saving results in set 'HF'

 --------------------------------------------------------------------------------
                                   command: dft                                  
 --------------------------------------------------------------------------------
 Projecting orbitals from old basis (88 functions) to new basis (88 functions)

 AO basis set:                           aug-cc-pvtz-combined-pp
 Number of AO basis functions:          88
 Radial threshold:                       1.00e-08
 ECP on atom 1 (Hf):                     60 electrons

 Formula:                                Hf
 Nuclear charge:                        72.000000000
 Total charge:                           0.000000000
 Number of core electrons:              60
 Number of treated electrons:           12

 Number of alpha electrons:              7
 Number of beta electrons:               5
 Number of unpaired electrons:           2
 Spin:                                   2
 Multiplicity:                           triplet

 Theory:                                 hf
 Method for Coulomb:                     incore_df
 Method for exact exchange:              pre_transformed_df
 Integral threshold:                     1.00e-12
 DF basis set:                           def2-qzvppd-ri
 Number of DF basis functions:         261
 Schwarz screening threshold:            1.00e-10
 Coulomb fitting method:                 Cholesky
 Time for pre-computing density fitting integrals:       0.405 seconds

 ------------------
  UW12 Correlation 
 ------------------
 Factor for UW12 correlation:            1.000000000
 Same spin scale factor:                 0.000000000
 Calculate indirect contribution:        false
 Method for three electron term:         quadrature
 Gaussians in geminal expansion:         4
 UW12 screening threshold:               1.00e-12
 Method for density-fitting:             w(r)

 Total number of grid points:         8784
 Total number of batches:              183
 Maximum # of points per batch:        459
 Minimum # of points per batch:          0
 Average # of points per batch:         48
 Maximum batch gyradius:                 2.295229789
 Minimum batch gyradius:                 0.000000000
 Average batch gyradius:                 1.099998560
 Time for building XC grid:                              0.015 seconds
 Method for AO orthogonalization:        symmetric
 Threshold for linear dependence:        1.00e-08

 -------------------------------------
  Running unrestricted open-shell SCF 
 -------------------------------------
 Max number of iterations:               0
 Conv. threshold (gradient):             1.00e-05
 Conv. threshold (energy):               1.00e-06
 Interpolation scheme:                   adiis+cdiis

 ---------------------------------------------------------------
                  energy        change          grad        time
 ---------------------------------------------------------------
 UW12 two electron energy:              -3.275459306
 UW12 three electron energy:             6.212098179
 UW12 four electron energy:             -2.999133384
 Total UW12 energy:                     -0.062494510
 Time for DF-K:                                          0.002 seconds
 Time for DF-J:                                          0.000 seconds
 Dipole moment (in Debye):               0.000000      -0.000001      -0.000002

 Quadrupole moment (in Debye-Angstrom):
                  1            2            3
 1       -27.470885     0.000000     0.000007
 2         0.000000   -27.469149     0.000004
 3         0.000007     0.000004   -25.306813

 Spin-squared expectation <S^2>:         2.327
 Total spin quantum number S:            1.105
 TOTAL ENERGY:                         -47.990795878

 --------------------------------------------------------------------------------

 End time:                               Tue Jun 15 13:48:15 2021
 Total wall-clock time:                  6.776 seconds
==================================================================================
