
================================================================================
          _____________ ________ _______________ ________     _________         
         / ___________// ______ \\_____   _____// ______ \   / ________)        
        / /_________  / /      \ \     | |     / /      \ \ | (_______          
       |  __________|| |        | |    | |    | |        | | \________ \        
        \ \_________ | |        | |    | |     \ \______/ /___________) |       
         \__________||_|        |_|    |_|      \________//____________/        
                                                                                
====================================[ Qcore ]===================================

 Git hash:   6a88d58d269bf0d2ccfae91583c23a2b072b7633
 Git date:   Tue, 25 May 2021 10:36:49 +0100
 Compiler:   GNU 9.1.0
 Build type: Release
 Version:    1.3.0

 Start time: Tue Jun 15 13:48:40 2021

 Data directory: /newhome/zw18965/.local/qcore/share/entos/1.3.0/data
 Number of threads: 16
 Number of threads was determined by: number of physical cores

 --------------------------------------------------------------------------------
                                   command: dft                                  
 --------------------------------------------------------------------------------
 AO basis set:                           aug-cc-pvtz-combined-pp
 Number of AO basis functions:          88
 ECP on atom 1 (Os):                     60 electrons

 Formula:                                Os
 Nuclear charge:                        76.000000000
 Total charge:                           0.000000000
 Number of core electrons:              60
 Number of treated electrons:           16

 Number of alpha electrons:             10
 Number of beta electrons:               6
 Number of unpaired electrons:           4
 Spin:                                   4
 Multiplicity:                           quintet

 Theory:                                 hf
 Method for Coulomb:                     incore_df
 Method for exact exchange:              pre_transformed_df
 Integral threshold:                     1.00e-12
 DF basis set:                           def2-universal-jkfit
 Number of DF basis functions:         227
 Schwarz screening threshold:            1.00e-10
 Coulomb fitting method:                 Cholesky
 Method for AO orthogonalization:        symmetric
 Threshold for linear dependence:        1.00e-08

 -------------------------------------
  Running unrestricted open-shell SCF 
 -------------------------------------
 Max number of iterations:             128
 Conv. threshold (gradient):             1.00e-05
 Conv. threshold (energy):               1.00e-06
 Interpolation scheme:                   adiis+cdiis
 Initial guess:                          SAD

 ---------------------------------------------------------------
                  energy        change          grad        time
 ---------------------------------------------------------------
   0       -89.294137885                    5.16e-02        0.01
   1       -89.989833408     -6.96e-01      2.64e-01        0.01
   2       -90.008404075     -1.86e-02      7.53e-02        0.01
   3       -90.010380724     -1.98e-03      3.38e-02        0.01
   4       -90.011076287     -6.96e-04      2.49e-02        0.01
   5       -90.011589925     -5.14e-04      2.45e-02        0.01
   6       -90.011076163      5.14e-04      2.21e-02        0.01
   7       -90.009652698      1.42e-03      1.37e-02        0.01
   8       -90.009664185     -1.15e-05      1.24e-02        0.01
   9       -90.009769314     -1.05e-04      9.79e-03        0.01
  10       -90.009694429      7.49e-05      9.55e-03        0.01
  11       -90.009356631      3.38e-04      5.30e-03        0.01
  12       -90.009248820      1.08e-04      3.55e-03        0.01
  13       -90.009246174      2.65e-06      8.53e-04        0.01
  14       -90.009245942      2.32e-07      2.93e-04        0.01
  15       -90.009245943     -1.40e-09      1.24e-04        0.01
  16       -90.009245944     -6.63e-10      5.65e-05        0.01
  17       -90.009245945     -1.13e-09      1.66e-05        0.01
  18       -90.009245945     -1.24e-11      3.77e-06        0.01

 SCF converged in 18 iterations.

 Dipole moment (in Debye):              -0.000000       0.000000      -0.000000

 Quadrupole moment (in Debye-Angstrom):
                  1            2            3
 1       -22.473144     0.841606     1.056875
 2         0.841606   -24.782950     0.344219
 3         1.056875     0.344219   -24.624807

 Spin-squared expectation <S^2>:         6.007
 Total spin quantum number S:            2.001
 TOTAL ENERGY:                         -90.009245945
 Saving results in set 'HF'

 --------------------------------------------------------------------------------
                                   command: dft                                  
 --------------------------------------------------------------------------------
 Projecting orbitals from old basis (88 functions) to new basis (88 functions)

 AO basis set:                           aug-cc-pvtz-combined-pp
 Number of AO basis functions:          88
 Radial threshold:                       1.00e-08
 ECP on atom 1 (Os):                     60 electrons

 Formula:                                Os
 Nuclear charge:                        76.000000000
 Total charge:                           0.000000000
 Number of core electrons:              60
 Number of treated electrons:           16

 Number of alpha electrons:             10
 Number of beta electrons:               6
 Number of unpaired electrons:           4
 Spin:                                   4
 Multiplicity:                           quintet

 Theory:                                 hf
 Method for Coulomb:                     incore_df
 Method for exact exchange:              pre_transformed_df
 Integral threshold:                     1.00e-12
 DF basis set:                           def2-qzvppd-ri
 Number of DF basis functions:         252
 Schwarz screening threshold:            1.00e-10
 Coulomb fitting method:                 Cholesky
 Time for pre-computing density fitting integrals:       0.790 seconds

 ------------------
  UW12 Correlation 
 ------------------
 Factor for UW12 correlation:            1.000000000
 Same spin scale factor:                 0.000000000
 Calculate indirect contribution:        false
 Method for three electron term:         quadrature
 Gaussians in geminal expansion:         4
 UW12 screening threshold:               1.00e-12
 Method for density-fitting:             w(r)

 Total number of grid points:         9120
 Total number of batches:              183
 Maximum # of points per batch:        489
 Minimum # of points per batch:          0
 Average # of points per batch:         49
 Maximum batch gyradius:                 2.295332755
 Minimum batch gyradius:                 0.000000000
 Average batch gyradius:                 1.103799364
 Time for building XC grid:                              0.017 seconds
 Method for AO orthogonalization:        symmetric
 Threshold for linear dependence:        1.00e-08

 -------------------------------------
  Running unrestricted open-shell SCF 
 -------------------------------------
 Max number of iterations:               0
 Conv. threshold (gradient):             1.00e-05
 Conv. threshold (energy):               1.00e-06
 Interpolation scheme:                   adiis+cdiis

 ---------------------------------------------------------------
                  energy        change          grad        time
 ---------------------------------------------------------------
 UW12 two electron energy:              -6.809211622
 UW12 three electron energy:            13.004271898
 UW12 four electron energy:             -6.291365676
 Total UW12 energy:                     -0.096305400
 Time for DF-K:                                          0.002 seconds
 Time for DF-J:                                          0.000 seconds
 Dipole moment (in Debye):              -0.000000       0.000000      -0.000000

 Quadrupole moment (in Debye-Angstrom):
                  1            2            3
 1       -22.473144     0.841606     1.056875
 2         0.841606   -24.782950     0.344219
 3         1.056875     0.344219   -24.624807

 Spin-squared expectation <S^2>:         6.007
 Total spin quantum number S:            2.001
 TOTAL ENERGY:                         -90.105602776

 --------------------------------------------------------------------------------

 End time:                               Tue Jun 15 13:48:48 2021
 Total wall-clock time:                  7.792 seconds
==================================================================================
