
================================================================================
          _____________ ________ _______________ ________     _________         
         / ___________// ______ \\_____   _____// ______ \   / ________)        
        / /_________  / /      \ \     | |     / /      \ \ | (_______          
       |  __________|| |        | |    | |    | |        | | \________ \        
        \ \_________ | |        | |    | |     \ \______/ /___________) |       
         \__________||_|        |_|    |_|      \________//____________/        
                                                                                
====================================[ Qcore ]===================================

 Git hash:   6a88d58d269bf0d2ccfae91583c23a2b072b7633
 Git date:   Tue, 25 May 2021 10:36:49 +0100
 Compiler:   GNU 9.1.0
 Build type: Release
 Version:    1.3.0

 Start time: Tue Jun 15 13:48:48 2021

 Data directory: /newhome/zw18965/.local/qcore/share/entos/1.3.0/data
 Number of threads: 16
 Number of threads was determined by: number of physical cores

 --------------------------------------------------------------------------------
                                   command: dft                                  
 --------------------------------------------------------------------------------
 AO basis set:                           aug-cc-pvtz-combined-pp
 Number of AO basis functions:          88
 ECP on atom 1 (Ir):                     60 electrons

 Formula:                                Ir
 Nuclear charge:                        77.000000000
 Total charge:                           0.000000000
 Number of core electrons:              60
 Number of treated electrons:           17

 Number of alpha electrons:             10
 Number of beta electrons:               7
 Number of unpaired electrons:           3
 Spin:                                   3
 Multiplicity:                           quartet

 Theory:                                 hf
 Method for Coulomb:                     incore_df
 Method for exact exchange:              pre_transformed_df
 Integral threshold:                     1.00e-12
 DF basis set:                           def2-universal-jkfit
 Number of DF basis functions:         227
 Schwarz screening threshold:            1.00e-10
 Coulomb fitting method:                 Cholesky
 Method for AO orthogonalization:        symmetric
 Threshold for linear dependence:        1.00e-08

 -------------------------------------
  Running unrestricted open-shell SCF 
 -------------------------------------
 Max number of iterations:             128
 Conv. threshold (gradient):             1.00e-05
 Conv. threshold (energy):               1.00e-06
 Interpolation scheme:                   adiis+cdiis
 Initial guess:                          SAD

 ---------------------------------------------------------------
                  energy        change          grad        time
 ---------------------------------------------------------------
   0      -103.060752594                    4.12e-02        0.00
   1      -103.592610326     -5.32e-01      2.20e-01        0.01
   2      -103.607346309     -1.47e-02      6.46e-02        0.01
   3      -103.609644251     -2.30e-03      4.27e-02        0.01
   4      -103.610830027     -1.19e-03      2.53e-02        0.01
   5      -103.612045946     -1.22e-03      2.32e-02        0.01
   6      -103.614731320     -2.69e-03      1.90e-02        0.01
   7      -103.616375788     -1.64e-03      1.33e-02        0.01
   8      -103.617346412     -9.71e-04      8.47e-03        0.01
   9      -103.617404691     -5.83e-05      5.64e-03        0.01
  10      -103.617471118     -6.64e-05      4.44e-03        0.01
  11      -103.617495674     -2.46e-05      2.68e-03        0.01
  12      -103.617524431     -2.88e-05      2.41e-03        0.01
  13      -103.617539979     -1.55e-05      7.34e-04        0.01
  14      -103.617540386     -4.07e-07      4.77e-04        0.01
  15      -103.617540505     -1.19e-07      1.03e-04        0.01
  16      -103.617540513     -7.98e-09      1.19e-05        0.01
  17      -103.617540514     -6.83e-10      4.63e-06        0.01

 SCF converged in 17 iterations.

 Dipole moment (in Debye):               0.000000      -0.000001      -0.000000

 Quadrupole moment (in Debye-Angstrom):
                  1            2            3
 1       -23.560457    -0.000000    -0.000000
 2        -0.000000   -23.560453    -0.000000
 3        -0.000000    -0.000000   -23.560451

 Spin-squared expectation <S^2>:         3.754
 Total spin quantum number S:            1.501
 TOTAL ENERGY:                        -103.617540514
 Saving results in set 'HF'

 --------------------------------------------------------------------------------
                                   command: dft                                  
 --------------------------------------------------------------------------------
 Projecting orbitals from old basis (88 functions) to new basis (88 functions)

 AO basis set:                           aug-cc-pvtz-combined-pp
 Number of AO basis functions:          88
 Radial threshold:                       1.00e-08
 ECP on atom 1 (Ir):                     60 electrons

 Formula:                                Ir
 Nuclear charge:                        77.000000000
 Total charge:                           0.000000000
 Number of core electrons:              60
 Number of treated electrons:           17

 Number of alpha electrons:             10
 Number of beta electrons:               7
 Number of unpaired electrons:           3
 Spin:                                   3
 Multiplicity:                           quartet

 Theory:                                 hf
 Method for Coulomb:                     incore_df
 Method for exact exchange:              pre_transformed_df
 Integral threshold:                     1.00e-12
 DF basis set:                           def2-qzvppd-ri
 Number of DF basis functions:         252
 Schwarz screening threshold:            1.00e-10
 Coulomb fitting method:                 Cholesky
 Time for pre-computing density fitting integrals:       0.389 seconds

 ------------------
  UW12 Correlation 
 ------------------
 Factor for UW12 correlation:            1.000000000
 Same spin scale factor:                 0.000000000
 Calculate indirect contribution:        false
 Method for three electron term:         quadrature
 Gaussians in geminal expansion:         4
 UW12 screening threshold:               1.00e-12
 Method for density-fitting:             w(r)

 Total number of grid points:         9120
 Total number of batches:              183
 Maximum # of points per batch:        489
 Minimum # of points per batch:          0
 Average # of points per batch:         49
 Maximum batch gyradius:                 2.295332755
 Minimum batch gyradius:                 0.000000000
 Average batch gyradius:                 1.103799364
 Time for building XC grid:                              0.017 seconds
 Method for AO orthogonalization:        symmetric
 Threshold for linear dependence:        1.00e-08

 -------------------------------------
  Running unrestricted open-shell SCF 
 -------------------------------------
 Max number of iterations:               0
 Conv. threshold (gradient):             1.00e-05
 Conv. threshold (energy):               1.00e-06
 Interpolation scheme:                   adiis+cdiis

 ---------------------------------------------------------------
                  energy        change          grad        time
 ---------------------------------------------------------------
 UW12 two electron energy:              -8.207249810
 UW12 three electron energy:            15.708976472
 UW12 four electron energy:             -7.610015203
 Total UW12 energy:                     -0.108288542
 Time for DF-K:                                          0.002 seconds
 Time for DF-J:                                          0.000 seconds
 Dipole moment (in Debye):               0.000000      -0.000001      -0.000000

 Quadrupole moment (in Debye-Angstrom):
                  1            2            3
 1       -23.560457    -0.000000    -0.000000
 2        -0.000000   -23.560453    -0.000000
 3        -0.000000    -0.000000   -23.560451

 Spin-squared expectation <S^2>:         3.754
 Total spin quantum number S:            1.501
 TOTAL ENERGY:                        -103.725903597

 --------------------------------------------------------------------------------

 End time:                               Tue Jun 15 13:48:53 2021
 Total wall-clock time:                  5.486 seconds
==================================================================================
