
================================================================================
          _____________ ________ _______________ ________     _________         
         / ___________// ______ \\_____   _____// ______ \   / ________)        
        / /_________  / /      \ \     | |     / /      \ \ | (_______          
       |  __________|| |        | |    | |    | |        | | \________ \        
        \ \_________ | |        | |    | |     \ \______/ /___________) |       
         \__________||_|        |_|    |_|      \________//____________/        
                                                                                
====================================[ Qcore ]===================================

 Git hash:   6a88d58d269bf0d2ccfae91583c23a2b072b7633
 Git date:   Tue, 25 May 2021 10:36:49 +0100
 Compiler:   GNU 9.1.0
 Build type: Release
 Version:    1.3.0

 Start time: Thu Jun 10 15:22:00 2021

 Data directory: /newhome/zw18965/.local/qcore/share/entos/1.3.0/data
 Number of threads: 16
 Number of threads was determined by: number of physical cores

 --------------------------------------------------------------------------------
                                   command: hf                                   
 --------------------------------------------------------------------------------
 AO basis set:                           def2-tzvp
 Number of AO basis functions:          45

 Formula:                                Co
 Nuclear charge:                        27.000000000
 Total charge:                           0.000000000
 Number of electrons:                   27.000000000

 Number of alpha electrons:             15
 Number of beta electrons:              12
 Number of unpaired electrons:           3
 Spin:                                   3
 Multiplicity:                           quartet

 Theory:                                 hf
 Method for Coulomb:                     incore_df
 Method for exact exchange:              pre_transformed_df
 Integral threshold:                     1.00e-12
 DF basis set:                           def2-universal-jkfit
 Number of DF basis functions:         264
 Schwarz screening threshold:            1.00e-10
 Coulomb fitting method:                 Cholesky
 Method for AO orthogonalization:        symmetric
 Threshold for linear dependence:        1.00e-08

 -------------------------------------
  Running unrestricted open-shell SCF 
 -------------------------------------
 Max number of iterations:             128
 Conv. threshold (gradient):             1.00e-05
 Conv. threshold (energy):               1.00e-06
 Interpolation scheme:                   adiis+cdiis
 Initial guess:                          H0

 ---------------------------------------------------------------
                  energy        change          grad        time
 ---------------------------------------------------------------
   0     -1339.931479338                    4.44e+00        0.00
   1     -1317.851646022      2.21e+01      7.66e+00        0.00
   2     -1362.371140830     -4.45e+01      3.28e+00        0.00
   3     -1379.875342663     -1.75e+01      1.50e+00        0.00
   4     -1379.592891135      2.82e-01      1.36e+00        0.00
   5     -1381.357651994     -1.76e+00      1.53e-01        0.00
   6     -1381.369540161     -1.19e-02      1.04e-01        0.00
   7     -1381.375477494     -5.94e-03      6.43e-02        0.00
   8     -1381.378043259     -2.57e-03      3.04e-02        0.00
   9     -1381.378838726     -7.95e-04      1.57e-03        0.00
  10     -1381.378847098     -8.37e-06      4.30e-04        0.00
  11     -1381.378847335     -2.37e-07      1.20e-04        0.00
  12     -1381.378847367     -3.21e-08      5.95e-05        0.00
  13     -1381.378847374     -6.94e-09      1.01e-05        0.00
  14     -1381.378847374     -2.37e-10      2.19e-06        0.00

 SCF converged in 14 iterations.

 Dipole moment (in Debye):               0.000000      -0.000000      -0.000000

 Quadrupole moment (in Debye-Angstrom):
                  1            2            3
 1       -17.552233    -0.000000    -0.000000
 2        -0.000000   -17.552233    -0.000162
 3        -0.000000    -0.000162   -17.813479

 Spin-squared expectation <S^2>:         3.760
 Total spin quantum number S:            1.502
 TOTAL ENERGY:                       -1381.378847374
 Saving results in set 'HF'

 --------------------------------------------------------------------------------
                                command: unsoldw12                               
 --------------------------------------------------------------------------------
 Number of AO basis functions:          45

 DF basis set:                           def2-qzvppd-ri
 Number of DF basis functions:         309

 Unrestricted UW12 calculation:          
 Core spatial orbitals:                  5
 Correlated alpha orbitals:             10
 Correlated beta orbitals:               7

 ------------------
  UW12 Correlation 
 ------------------
 Factor for UW12 correlation:            1.000000000
 Same spin scale factor:                 0.000000000
 Calculate indirect contribution:        false
 Method for three electron term:         df_ri
 Auxiliary RI basis set:                 def2-QZVPPD-ri
 Number of RI basis functions:         309
 Gaussians in geminal expansion:         4
 UW12 screening threshold:               1.00e-10
 Method for density-fitting:             w(r)
 Number of core spatial orbitals:        5


 Reference energy:                   -1381.378847374
 UW12 correlation energy:               -0.076318373
 Total UW12 energy:                  -1381.455165748

 --------------------------------------------------------------------------------

 End time:                               Thu Jun 10 15:22:01 2021
 Total wall-clock time:                  0.982 seconds
==================================================================================
