
================================================================================
          _____________ ________ _______________ ________     _________         
         / ___________// ______ \\_____   _____// ______ \   / ________)        
        / /_________  / /      \ \     | |     / /      \ \ | (_______          
       |  __________|| |        | |    | |    | |        | | \________ \        
        \ \_________ | |        | |    | |     \ \______/ /___________) |       
         \__________||_|        |_|    |_|      \________//____________/        
                                                                                
====================================[ Qcore ]===================================

 Git hash:   6a88d58d269bf0d2ccfae91583c23a2b072b7633
 Git date:   Tue, 25 May 2021 10:36:49 +0100
 Compiler:   GNU 9.1.0
 Build type: Release
 Version:    1.3.0

 Start time: Thu Jun 10 15:22:17 2021

 Data directory: /newhome/zw18965/.local/qcore/share/entos/1.3.0/data
 Number of threads: 16
 Number of threads was determined by: number of physical cores

 --------------------------------------------------------------------------------
                                   command: hf                                   
 --------------------------------------------------------------------------------
 AO basis set:                           def2-tzvp
 Number of AO basis functions:          40
 ECP on atom 1 (Rh):                     28 electrons

 Formula:                                Rh
 Nuclear charge:                        45.000000000
 Total charge:                           0.000000000
 Number of core electrons:              28
 Number of treated electrons:           17

 Number of alpha electrons:             10
 Number of beta electrons:               7
 Number of unpaired electrons:           3
 Spin:                                   3
 Multiplicity:                           quartet

 Theory:                                 hf
 Method for Coulomb:                     incore_df
 Method for exact exchange:              pre_transformed_df
 Integral threshold:                     1.00e-12
 DF basis set:                           def2-universal-jkfit
 Number of DF basis functions:         255
 Schwarz screening threshold:            1.00e-10
 Coulomb fitting method:                 Cholesky
 Method for AO orthogonalization:        symmetric
 Threshold for linear dependence:        1.00e-08

 -------------------------------------
  Running unrestricted open-shell SCF 
 -------------------------------------
 Max number of iterations:             128
 Conv. threshold (gradient):             1.00e-05
 Conv. threshold (energy):               1.00e-06
 Interpolation scheme:                   adiis+cdiis
 Initial guess:                          H0

 ---------------------------------------------------------------
                  energy        change          grad        time
 ---------------------------------------------------------------
   0      -100.776032243                    2.64e+00        0.00
   1       -96.351761656      4.42e+00      2.35e+00        0.00
   2      -105.538501934     -9.19e+00      2.14e+00        0.00
   3      -109.673272945     -4.13e+00      2.42e-01        0.00
   4      -109.714652076     -4.14e-02      9.08e-02        0.00
   5      -109.722165024     -7.51e-03      6.77e-02        0.00
   6      -109.725833159     -3.67e-03      4.19e-02        0.00
   7      -109.729828259     -4.00e-03      4.05e-02        0.00
   8      -109.735378623     -5.55e-03      2.98e-02        0.00
   9      -109.741251701     -5.87e-03      1.84e-02        0.00
  10      -109.741048165      2.04e-04      1.80e-02        0.00
  11      -109.742603487     -1.56e-03      9.59e-03        0.00
  12      -109.742962750     -3.59e-04      7.96e-03        0.00
  13      -109.743061555     -9.88e-05      1.06e-02        0.00
  14      -109.743067228     -5.67e-06      9.61e-03        0.00
  15      -109.743168792     -1.02e-04      2.80e-03        0.00
  16      -109.743189633     -2.08e-05      1.87e-03        0.00
  17      -109.743196262     -6.63e-06      6.30e-04        0.00
  18      -109.743196907     -6.46e-07      3.92e-04        0.00
  19      -109.743197263     -3.56e-07      2.47e-04        0.00
  20      -109.743197401     -1.38e-07      1.93e-04        0.00
  21      -109.743197493     -9.12e-08      1.31e-04        0.00
  22      -109.743197571     -7.86e-08      4.39e-05        0.00
  23      -109.743197581     -9.40e-09      2.19e-05        0.00
  24      -109.743197582     -1.75e-09      5.85e-06        0.00

 SCF converged in 24 iterations.

 Dipole moment (in Debye):              -0.000000       0.000000      -0.000000

 Quadrupole moment (in Debye-Angstrom):
                  1            2            3
 1       -21.660443     0.000020    -0.000011
 2         0.000020   -21.660413     0.000043
 3        -0.000011     0.000043   -21.660406

 Spin-squared expectation <S^2>:         3.752
 Total spin quantum number S:            1.501
 TOTAL ENERGY:                        -109.743197583
 Saving results in set 'HF'

 --------------------------------------------------------------------------------
                                command: unsoldw12                               
 --------------------------------------------------------------------------------
 Number of AO basis functions:          40

 DF basis set:                           def2-qzvppd-ri
 Number of DF basis functions:         252

 Unrestricted UW12 calculation:          
 Core spatial orbitals:                  0
 Correlated alpha orbitals:             10
 Correlated beta orbitals:               7

 ------------------
  UW12 Correlation 
 ------------------
 Factor for UW12 correlation:            1.000000000
 Same spin scale factor:                 0.000000000
 Calculate indirect contribution:        false
 Method for three electron term:         df_ri
 Auxiliary RI basis set:                 def2-QZVPPD-ri
 Number of RI basis functions:         252
 Gaussians in geminal expansion:         4
 UW12 screening threshold:               1.00e-10
 Method for density-fitting:             w(r)


 Reference energy:                    -109.743197583
 UW12 correlation energy:               -0.093872046
 Total UW12 energy:                   -109.837069628

 --------------------------------------------------------------------------------

 End time:                               Thu Jun 10 15:22:18 2021
 Total wall-clock time:                  0.833 seconds
==================================================================================
