
================================================================================
          _____________ ________ _______________ ________     _________         
         / ___________// ______ \\_____   _____// ______ \   / ________)        
        / /_________  / /      \ \     | |     / /      \ \ | (_______          
       |  __________|| |        | |    | |    | |        | | \________ \        
        \ \_________ | |        | |    | |     \ \______/ /___________) |       
         \__________||_|        |_|    |_|      \________//____________/        
                                                                                
====================================[ Qcore ]===================================

 Git hash:   6a88d58d269bf0d2ccfae91583c23a2b072b7633
 Git date:   Tue, 25 May 2021 10:36:49 +0100
 Compiler:   GNU 9.1.0
 Build type: Release
 Version:    1.3.0

 Start time: Thu Jun 10 15:22:34 2021

 Data directory: /newhome/zw18965/.local/qcore/share/entos/1.3.0/data
 Number of threads: 16
 Number of threads was determined by: number of physical cores

 --------------------------------------------------------------------------------
                                   command: dft                                  
 --------------------------------------------------------------------------------
 AO basis set:                           def2-tzvp
 Number of AO basis functions:          40
 ECP on atom 1 (La):                     46 electrons

 Formula:                                La
 Nuclear charge:                        57.000000000
 Total charge:                           0.000000000
 Number of core electrons:              46
 Number of treated electrons:           11

 Number of alpha electrons:              6
 Number of beta electrons:               5
 Number of unpaired electrons:           1
 Spin:                                   1
 Multiplicity:                           doublet

 Theory:                                 dft
 Exchange-correlation functional:        blyp
 Method for Coulomb:                     incore_df
 Integral threshold:                     1.00e-12
 DF basis set:                           def2-universal-jkfit
 Number of DF basis functions:         227
 Schwarz screening threshold:            1.00e-10
 Coulomb fitting method:                 Cholesky
 Total number of grid points:         8976
 Method for AO orthogonalization:        symmetric
 Threshold for linear dependence:        1.00e-08

 -------------------------------------
  Running unrestricted open-shell SCF 
 -------------------------------------
 Max number of iterations:             128
 Conv. threshold (gradient):             1.00e-05
 Conv. threshold (energy):               1.00e-06
 Interpolation scheme:                   adiis+cdiis
 Initial guess:                          SAD

 ---------------------------------------------------------------
                  energy        change          grad        time
 ---------------------------------------------------------------
   0       -31.436333754                    3.47e-04        0.01
   1       -31.443299180     -6.97e-03      3.57e-02        0.01
   2       -31.433605415      9.69e-03      8.35e-02        0.01
   3       -31.445095883     -1.15e-02      2.21e-02        0.01
   4       -31.445778314     -6.82e-04      1.35e-02        0.01
   5       -31.446186054     -4.08e-04      1.92e-03        0.01
   6       -31.446216074     -3.00e-05      1.59e-03        0.01
   7       -31.446202343      1.37e-05      1.43e-03        0.01
   8       -31.446182644      1.97e-05      1.04e-03        0.01
   9       -31.446184246     -1.60e-06      4.34e-04        0.01
  10       -31.446183991      2.56e-07      2.05e-04        0.01
  11       -31.446183985      5.79e-09      1.61e-05        0.01
  12       -31.446183985     -1.36e-10      1.16e-05        0.01
  13       -31.446183985     -1.28e-10      2.87e-06        0.01

 SCF converged in 13 iterations.

 Dipole moment (in Debye):               0.000003       0.000003      -0.000003

 Quadrupole moment (in Debye-Angstrom):
                  1            2            3
 1       -37.286503    -0.000089    -0.000122
 2        -0.000089   -37.286684    -0.000122
 3        -0.000122    -0.000122   -37.461335

 Spin-squared expectation <S^2>:         0.751
 Total spin quantum number S:            0.501
 TOTAL ENERGY:                         -31.446183985
 Saving results in set 'guess'

 --------------------------------------------------------------------------------
                                   command: hf                                   
 --------------------------------------------------------------------------------
 AO basis set:                           def2-tzvp
 Number of AO basis functions:          40
 ECP on atom 1 (La):                     46 electrons

 Formula:                                La
 Nuclear charge:                        57.000000000
 Total charge:                           0.000000000
 Number of core electrons:              46
 Number of treated electrons:           11

 Number of alpha electrons:              6
 Number of beta electrons:               5
 Number of unpaired electrons:           1
 Spin:                                   1
 Multiplicity:                           doublet

 Theory:                                 hf
 Method for Coulomb:                     incore_df
 Method for exact exchange:              pre_transformed_df
 Integral threshold:                     1.00e-12
 DF basis set:                           def2-universal-jkfit
 Number of DF basis functions:         227
 Schwarz screening threshold:            1.00e-10
 Coulomb fitting method:                 Cholesky
 Method for AO orthogonalization:        symmetric
 Threshold for linear dependence:        1.00e-08

 -------------------------------------
  Running unrestricted open-shell SCF 
 -------------------------------------
 Max number of iterations:             128
 Conv. threshold (gradient):             1.00e-05
 Conv. threshold (energy):               1.00e-06
 Interpolation scheme:                   adiis+cdiis

 ---------------------------------------------------------------
                  energy        change          grad        time
 ---------------------------------------------------------------
   0       -31.068489979                    1.11e-01        0.00
   1       -31.074679767     -6.19e-03      1.53e-02        0.00
   2       -31.075331343     -6.52e-04      7.39e-03        0.00
   3       -31.075525282     -1.94e-04      2.93e-03        0.00
   4       -31.075554879     -2.96e-05      1.00e-03        0.00
   5       -31.075560037     -5.16e-06      5.95e-04        0.00
   6       -31.075562732     -2.69e-06      2.84e-04        0.00
   7       -31.075563558     -8.26e-07      3.99e-05        0.00
   8       -31.075563566     -7.62e-09      1.85e-05        0.00
   9       -31.075563568     -2.73e-09      1.99e-05        0.00
  10       -31.075563566      1.79e-09      1.79e-05        0.00
  11       -31.075563560      6.22e-09      5.50e-06        0.00

 SCF converged in 11 iterations.

 Dipole moment (in Debye):              -0.000010      -0.000010       0.000004

 Quadrupole moment (in Debye-Angstrom):
                  1            2            3
 1       -39.771825     0.000002     0.000137
 2         0.000002   -39.771807     0.000137
 3         0.000137     0.000137   -39.574511

 Spin-squared expectation <S^2>:         0.756
 Total spin quantum number S:            0.503
 TOTAL ENERGY:                         -31.075563560
 Saving results in set 'HF'

 --------------------------------------------------------------------------------
                                command: unsoldw12                               
 --------------------------------------------------------------------------------
 Number of AO basis functions:          40

 DF basis set:                           def2-qzvppd-ri
 Number of DF basis functions:         252

 Unrestricted UW12 calculation:          
 Core spatial orbitals:                  0
 Correlated alpha orbitals:              6
 Correlated beta orbitals:               5

 ------------------
  UW12 Correlation 
 ------------------
 Factor for UW12 correlation:            1.000000000
 Same spin scale factor:                 0.000000000
 Calculate indirect contribution:        false
 Method for three electron term:         df_ri
 Auxiliary RI basis set:                 def2-QZVPPD-ri
 Number of RI basis functions:         252
 Gaussians in geminal expansion:         4
 UW12 screening threshold:               1.00e-10
 Method for density-fitting:             w(r)


 Reference energy:                     -31.075563560
 UW12 correlation energy:               -0.057240397
 Total UW12 energy:                    -31.132803957

 --------------------------------------------------------------------------------

 End time:                               Thu Jun 10 15:22:35 2021
 Total wall-clock time:                  0.972 seconds
==================================================================================
