
================================================================================
          _____________ ________ _______________ ________     _________         
         / ___________// ______ \\_____   _____// ______ \   / ________)        
        / /_________  / /      \ \     | |     / /      \ \ | (_______          
       |  __________|| |        | |    | |    | |        | | \________ \        
        \ \_________ | |        | |    | |     \ \______/ /___________) |       
         \__________||_|        |_|    |_|      \________//____________/        
                                                                                
====================================[ Qcore ]===================================

 Git hash:   6a88d58d269bf0d2ccfae91583c23a2b072b7633
 Git date:   Tue, 25 May 2021 10:36:49 +0100
 Compiler:   GNU 9.1.0
 Build type: Release
 Version:    1.3.0

 Start time: Thu Jun 17 17:08:17 2021

 Data directory: /newhome/zw18965/.local/qcore/share/entos/1.3.0/data
 Number of threads: 16
 Number of threads was determined by: number of physical cores

 --------------------------------------------------------------------------------
                                   command: hf                                   
 --------------------------------------------------------------------------------
 AO basis set:                           cc-pwcvqz-pp-merged
 Number of AO basis functions:         149

 Formula:                                Mn
 Nuclear charge:                        25.000000000
 Total charge:                           0.000000000
 Number of electrons:                   25.000000000

 Number of alpha electrons:             15
 Number of beta electrons:              10
 Number of unpaired electrons:           5
 Spin:                                   5
 Multiplicity:                           septet

 Theory:                                 hf
 Method for Coulomb:                     incore_df
 Method for exact exchange:              pre_transformed_df
 Integral threshold:                     1.00e-12
 DF basis set:                           def2-universal-jkfit
 Number of DF basis functions:         264
 Schwarz screening threshold:            1.00e-10
 Coulomb fitting method:                 Cholesky
 Method for AO orthogonalization:        symmetric
 Threshold for linear dependence:        1.00e-08

 -------------------------------------
  Running unrestricted open-shell SCF 
 -------------------------------------
 Max number of iterations:             128
 Conv. threshold (gradient):             1.00e-05
 Conv. threshold (energy):               1.00e-06
 Interpolation scheme:                   adiis+cdiis
 Initial guess:                          H0

 ---------------------------------------------------------------
                  energy        change          grad        time
 ---------------------------------------------------------------
   0     -1000.958610805                    3.36e+01        0.02
   1     -1061.496847564     -6.05e+01      1.55e+01        0.03
   2     -1124.366864097     -6.29e+01      1.09e+01        0.03
   3     -1146.922379771     -2.26e+01      2.62e+00        0.03
   4     -1147.476286223     -5.54e-01      2.73e+00        0.03
   5     -1149.784381929     -2.31e+00      4.28e-01        0.03
   6     -1149.843297369     -5.89e-02      2.65e-01        0.03
   7     -1149.860404907     -1.71e-02      1.43e-01        0.03
   8     -1149.867401881     -7.00e-03      7.26e-02        0.04
   9     -1149.868861300     -1.46e-03      4.33e-02        0.04
  10     -1149.869728159     -8.67e-04      4.34e-03        0.04
  11     -1149.869740687     -1.25e-05      1.09e-03        0.03
  12     -1149.869741587     -9.00e-07      3.25e-04        0.04
  13     -1149.869741685     -9.81e-08      8.11e-05        0.04
  14     -1149.869741691     -6.55e-09      1.04e-05        0.04
  15     -1149.869741691     -1.00e-10      1.86e-06        0.05

 SCF converged in 15 iterations.

 Dipole moment (in Debye):               0.000000      -0.000000      -0.000000

 Quadrupole moment (in Debye-Angstrom):
                  1            2            3
 1       -19.410981    -0.000001    -0.000001
 2        -0.000001   -19.410976    -0.000000
 3        -0.000001    -0.000000   -19.410976

 Spin-squared expectation <S^2>:         8.771
 Total spin quantum number S:            2.503
 TOTAL ENERGY:                       -1149.869741691
 Saving results in set 'HF'

 --------------------------------------------------------------------------------
                                command: unsoldw12                               
 --------------------------------------------------------------------------------
 Number of AO basis functions:         149

 DF basis set:                           def2-qzvppd-ri
 Number of DF basis functions:         309

 Unrestricted UW12 calculation:          
 Core spatial orbitals:                  5
 Correlated alpha orbitals:             10
 Correlated beta orbitals:               5

 ------------------
  UW12 Correlation 
 ------------------
 Factor for UW12 correlation:            1.000000000
 Same spin scale factor:                 0.000000000
 Calculate indirect contribution:        false
 Method for three electron term:         df_ri
 Auxiliary RI basis set:                 def2-QZVPPD-ri
 Number of RI basis functions:         309
 Gaussians in geminal expansion:         4
 UW12 screening threshold:               1.00e-10
 Method for density-fitting:             w(r)
 Number of core spatial orbitals:        5


 Reference energy:                   -1149.869741691
 UW12 correlation energy:               -0.060324166
 Total UW12 energy:                  -1149.930065858

 --------------------------------------------------------------------------------

 End time:                               Thu Jun 17 17:09:46 2021
 Total wall-clock time:                 88.390 seconds
==================================================================================
