
================================================================================
          _____________ ________ _______________ ________     _________         
         / ___________// ______ \\_____   _____// ______ \   / ________)        
        / /_________  / /      \ \     | |     / /      \ \ | (_______          
       |  __________|| |        | |    | |    | |        | | \________ \        
        \ \_________ | |        | |    | |     \ \______/ /___________) |       
         \__________||_|        |_|    |_|      \________//____________/        
                                                                                
====================================[ Qcore ]===================================

 Git hash:   6a88d58d269bf0d2ccfae91583c23a2b072b7633
 Git date:   Tue, 25 May 2021 10:36:49 +0100
 Compiler:   GNU 9.1.0
 Build type: Release
 Version:    1.3.0

 Start time: Thu Jun 17 17:16:29 2021

 Data directory: /newhome/zw18965/.local/qcore/share/entos/1.3.0/data
 Number of threads: 16
 Number of threads was determined by: number of physical cores

 --------------------------------------------------------------------------------
                                   command: hf                                   
 --------------------------------------------------------------------------------
 AO basis set:                           cc-pwcvqz-pp-merged
 Number of AO basis functions:         145

 Formula:                                As
 Nuclear charge:                        33.000000000
 Total charge:                           0.000000000
 Number of electrons:                   33.000000000

 Number of alpha electrons:             18
 Number of beta electrons:              15
 Number of unpaired electrons:           3
 Spin:                                   3
 Multiplicity:                           quartet

 Theory:                                 hf
 Method for Coulomb:                     incore_df
 Method for exact exchange:              pre_transformed_df
 Integral threshold:                     1.00e-12
 DF basis set:                           def2-universal-jkfit
 Number of DF basis functions:         266
 Schwarz screening threshold:            1.00e-10
 Coulomb fitting method:                 Cholesky
 Method for AO orthogonalization:        symmetric
 Threshold for linear dependence:        1.00e-08

 -------------------------------------
  Running unrestricted open-shell SCF 
 -------------------------------------
 Max number of iterations:             128
 Conv. threshold (gradient):             1.00e-05
 Conv. threshold (energy):               1.00e-06
 Interpolation scheme:                   adiis+cdiis
 Initial guess:                          H0

 ---------------------------------------------------------------
                  energy        change          grad        time
 ---------------------------------------------------------------
   0     -1927.364660064                    5.26e+01        0.03
   1     -1993.132910074     -6.58e+01      2.46e+01        0.03
   2     -2160.361628819     -1.67e+02      1.65e+01        0.03
   3     -2229.312915357     -6.90e+01      4.30e+00        0.03
   4     -2231.934502749     -2.62e+00      2.78e+00        0.03
   5     -2234.047692179     -2.11e+00      6.91e-01        0.03
   6     -2234.142117350     -9.44e-02      5.34e-01        0.04
   7     -2234.235212610     -9.31e-02      1.08e-01        0.04
   8     -2234.237434380     -2.22e-03      8.01e-02        0.05
   9     -2234.239506473     -2.07e-03      1.82e-02        0.04
  10     -2234.239632039     -1.26e-04      3.27e-04        0.04
  11     -2234.239632119     -8.05e-08      4.61e-05        0.05
  12     -2234.239632121     -1.57e-09      5.14e-06        0.04

 SCF converged in 12 iterations.

 Dipole moment (in Debye):               0.000000      -0.000000      -0.000000

 Quadrupole moment (in Debye-Angstrom):
                  1            2            3
 1       -18.397693    -0.000000    -0.000000
 2        -0.000000   -18.397693     0.000000
 3        -0.000000     0.000000   -18.397693

 Spin-squared expectation <S^2>:         3.751
 Total spin quantum number S:            1.500
 TOTAL ENERGY:                       -2234.239632121
 Saving results in set 'HF'

 --------------------------------------------------------------------------------
                                command: unsoldw12                               
 --------------------------------------------------------------------------------
 Number of AO basis functions:         145

 DF basis set:                           def2-qzvppd-ri
 Number of DF basis functions:         314

 Unrestricted UW12 calculation:          
 Core spatial orbitals:                  9
 Correlated alpha orbitals:              9
 Correlated beta orbitals:               6

 ------------------
  UW12 Correlation 
 ------------------
 Factor for UW12 correlation:            1.000000000
 Same spin scale factor:                 0.000000000
 Calculate indirect contribution:        false
 Method for three electron term:         df_ri
 Auxiliary RI basis set:                 def2-QZVPPD-ri
 Number of RI basis functions:         314
 Gaussians in geminal expansion:         4
 UW12 screening threshold:               1.00e-10
 Method for density-fitting:             w(r)
 Number of core spatial orbitals:        9


 Reference energy:                   -2234.239632121
 UW12 correlation energy:               -0.074470715
 Total UW12 energy:                  -2234.314102835

 --------------------------------------------------------------------------------

 End time:                               Thu Jun 17 17:16:58 2021
 Total wall-clock time:                 29.017 seconds
==================================================================================
