
================================================================================
          _____________ ________ _______________ ________     _________         
         / ___________// ______ \\_____   _____// ______ \   / ________)        
        / /_________  / /      \ \     | |     / /      \ \ | (_______          
       |  __________|| |        | |    | |    | |        | | \________ \        
        \ \_________ | |        | |    | |     \ \______/ /___________) |       
         \__________||_|        |_|    |_|      \________//____________/        
                                                                                
====================================[ Qcore ]===================================

 Git hash:   6a88d58d269bf0d2ccfae91583c23a2b072b7633
 Git date:   Tue, 25 May 2021 10:36:49 +0100
 Compiler:   GNU 9.1.0
 Build type: Release
 Version:    1.3.0

 Start time: Thu Jun 17 17:22:01 2021

 Data directory: /newhome/zw18965/.local/qcore/share/entos/1.3.0/data
 Number of threads: 16
 Number of threads was determined by: number of physical cores

 --------------------------------------------------------------------------------
                                   command: hf                                   
 --------------------------------------------------------------------------------
 AO basis set:                           cc-pwcvqz-pp-merged
 Number of AO basis functions:         144
 ECP on atom 1 (I):                      28 electrons

 Formula:                                I
 Nuclear charge:                        53.000000000
 Total charge:                           0.000000000
 Number of core electrons:              28
 Number of treated electrons:           25

 Number of alpha electrons:             13
 Number of beta electrons:              12
 Number of unpaired electrons:           1
 Spin:                                   1
 Multiplicity:                           doublet

 Theory:                                 hf
 Method for Coulomb:                     incore_df
 Method for exact exchange:              pre_transformed_df
 Integral threshold:                     1.00e-12
 DF basis set:                           def2-universal-jkfit
 Number of DF basis functions:         218
 Schwarz screening threshold:            1.00e-10
 Coulomb fitting method:                 Cholesky
 Method for AO orthogonalization:        symmetric
 Threshold for linear dependence:        1.00e-08

 -------------------------------------
  Running unrestricted open-shell SCF 
 -------------------------------------
 Max number of iterations:             128
 Conv. threshold (gradient):             1.00e-05
 Conv. threshold (energy):               1.00e-06
 Interpolation scheme:                   adiis+cdiis
 Initial guess:                          H0

 ---------------------------------------------------------------
                  energy        change          grad        time
 ---------------------------------------------------------------
   0      -222.410245007                    1.07e+01        0.02
   1      -184.913663037      3.75e+01      1.25e+01        0.02
   2      -236.356627589     -5.14e+01      1.04e+01        0.02
   3      -293.453224412     -5.71e+01      2.13e+00        0.02
   4      -294.501973103     -1.05e+00      6.93e-01        0.03
   5      -294.629674718     -1.28e-01      2.60e-01        0.03
   6      -294.656274883     -2.66e-02      1.22e-01        0.03
   7      -294.661440748     -5.17e-03      5.23e-02        0.03
   8      -294.662483195     -1.04e-03      2.40e-02        0.03
   9      -294.662742389     -2.59e-04      1.72e-04        0.03
  10      -294.662742406     -1.72e-08      2.09e-05        0.03
  11      -294.662742406     -4.54e-10      6.41e-06        0.03

 SCF converged in 11 iterations.

 Dipole moment (in Debye):               0.000000      -0.000000       0.000000

 Quadrupole moment (in Debye-Angstrom):
                  1            2            3
 1       -26.899495     1.021333    -1.412270
 2         1.021333   -27.409207    -1.103168
 3        -1.412270    -1.103168   -26.681573

 Spin-squared expectation <S^2>:         0.761
 Total spin quantum number S:            0.506
 TOTAL ENERGY:                        -294.662742406
 Saving results in set 'HF'

 --------------------------------------------------------------------------------
                                command: unsoldw12                               
 --------------------------------------------------------------------------------
 Number of AO basis functions:         144

 DF basis set:                           def2-qzvppd-ri
 Number of DF basis functions:         292

 Unrestricted UW12 calculation:          
 Core spatial orbitals:                  4
 Correlated alpha orbitals:              9
 Correlated beta orbitals:               8

 ------------------
  UW12 Correlation 
 ------------------
 Factor for UW12 correlation:            1.000000000
 Same spin scale factor:                 0.000000000
 Calculate indirect contribution:        false
 Method for three electron term:         df_ri
 Auxiliary RI basis set:                 def2-QZVPPD-ri
 Number of RI basis functions:         292
 Gaussians in geminal expansion:         4
 UW12 screening threshold:               1.00e-10
 Method for density-fitting:             w(r)
 Number of core spatial orbitals:        4


 Reference energy:                    -294.662742406
 UW12 correlation energy:               -0.123107326
 Total UW12 energy:                   -294.785849732

 --------------------------------------------------------------------------------

 End time:                               Thu Jun 17 17:22:24 2021
 Total wall-clock time:                 22.554 seconds
==================================================================================
