
================================================================================
          _____________ ________ _______________ ________     _________         
         / ___________// ______ \\_____   _____// ______ \   / ________)        
        / /_________  / /      \ \     | |     / /      \ \ | (_______          
       |  __________|| |        | |    | |    | |        | | \________ \        
        \ \_________ | |        | |    | |     \ \______/ /___________) |       
         \__________||_|        |_|    |_|      \________//____________/        
                                                                                
====================================[ Qcore ]===================================

 Git hash:   6a88d58d269bf0d2ccfae91583c23a2b072b7633
 Git date:   Tue, 25 May 2021 10:36:49 +0100
 Compiler:   GNU 9.1.0
 Build type: Release
 Version:    1.3.0

 Start time: Thu Jun 10 15:20:12 2021

 Data directory: /newhome/zw18965/.local/qcore/share/entos/1.3.0/data
 Number of threads: 16
 Number of threads was determined by: number of physical cores

 --------------------------------------------------------------------------------
                                   command: hf                                   
 --------------------------------------------------------------------------------
 AO basis set:                           def2-svp
 Number of AO basis functions:          31

 Formula:                                Sc
 Nuclear charge:                        21.000000000
 Total charge:                           0.000000000
 Number of electrons:                   21.000000000

 Number of alpha electrons:             11
 Number of beta electrons:              10
 Number of unpaired electrons:           1
 Spin:                                   1
 Multiplicity:                           doublet

 Theory:                                 hf
 Method for Coulomb:                     incore_df
 Method for exact exchange:              pre_transformed_df
 Integral threshold:                     1.00e-12
 DF basis set:                           def2-universal-jkfit
 Number of DF basis functions:         264
 Schwarz screening threshold:            1.00e-10
 Coulomb fitting method:                 Cholesky
 Method for AO orthogonalization:        symmetric
 Threshold for linear dependence:        1.00e-08

 -------------------------------------
  Running unrestricted open-shell SCF 
 -------------------------------------
 Max number of iterations:             128
 Conv. threshold (gradient):             1.00e-05
 Conv. threshold (energy):               1.00e-06
 Interpolation scheme:                   adiis+cdiis
 Initial guess:                          H0

 ---------------------------------------------------------------
                  energy        change          grad        time
 ---------------------------------------------------------------
   0      -757.585708817                    7.13e-01        0.00
   1      -758.930049315     -1.34e+00      4.22e-01        0.00
   2      -758.893137068      3.69e-02      4.00e-01        0.00
   3      -759.572695644     -6.80e-01      1.25e-01        0.00
   4      -759.625513702     -5.28e-02      2.47e-02        0.00
   5      -759.628101077     -2.59e-03      1.03e-02        0.00
   6      -759.628483397     -3.82e-04      3.44e-03        0.00
   7      -759.628540994     -5.76e-05      2.44e-03        0.00
   8      -759.628604412     -6.34e-05      8.37e-04        0.00
   9      -759.628611305     -6.89e-06      2.75e-04        0.00
  10      -759.628611738     -4.33e-07      1.00e-04        0.00
  11      -759.628611768     -3.06e-08      8.21e-05        0.00
  12      -759.628611783     -1.44e-08      7.52e-05        0.00
  13      -759.628611798     -1.55e-08      7.06e-05        0.00
  14      -759.628611811     -1.30e-08      6.88e-05        0.00
  15      -759.628611853     -4.20e-08      6.82e-05        0.00
  16      -759.628612056     -2.03e-07      6.46e-05        0.00
  17      -759.628612573     -5.17e-07      5.41e-05        0.00
  18      -759.628613072     -4.98e-07      4.09e-05        0.00
  19      -759.628613638     -5.66e-07      6.18e-05        0.00
  20      -759.628613635      2.82e-09      5.03e-05        0.00
  21      -759.628613641     -6.06e-09      3.01e-05        0.00
  22      -759.628613657     -1.55e-08      1.49e-05        0.00
  23      -759.628613657     -7.52e-10      6.60e-06        0.00

 SCF converged in 23 iterations.

 Dipole moment (in Debye):              -0.000000      -0.000000      -0.000000

 Quadrupole moment (in Debye-Angstrom):
                  1            2            3
 1       -24.124968    -0.000275     0.001130
 2        -0.000275   -24.096206    -0.136167
 3         0.001130    -0.136167   -23.480352

 Spin-squared expectation <S^2>:         0.759
 Total spin quantum number S:            0.504
 TOTAL ENERGY:                        -759.628613657
 Saving results in set 'HF'

 --------------------------------------------------------------------------------
                                command: unsoldw12                               
 --------------------------------------------------------------------------------
 Number of AO basis functions:          31

 DF basis set:                           def2-qzvppd-ri
 Number of DF basis functions:         309


 --------------------------
  Virtual UW12 Correlation 
 --------------------------
 Unrestricted MP2 calculation:           
 Core spatial orbitals:                  5
 Correlated alpha orbitals:              6
 Correlated beta orbitals:               5
 Virtual alpha orbitals:                20
 Virtual beta orbitals:                 21

 Opposite spin energy:                  -0.028994301

 Reference energy:                    -759.628613657
 UW12 correlation energy:               -0.028994301
 Total UW12 energy:                   -759.657607959

 --------------------------------------------------------------------------------

 End time:                               Thu Jun 10 15:20:13 2021
 Total wall-clock time:                  0.326 seconds
==================================================================================
