
================================================================================
          _____________ ________ _______________ ________     _________         
         / ___________// ______ \\_____   _____// ______ \   / ________)        
        / /_________  / /      \ \     | |     / /      \ \ | (_______          
       |  __________|| |        | |    | |    | |        | | \________ \        
        \ \_________ | |        | |    | |     \ \______/ /___________) |       
         \__________||_|        |_|    |_|      \________//____________/        
                                                                                
====================================[ Qcore ]===================================

 Git hash:   6a88d58d269bf0d2ccfae91583c23a2b072b7633
 Git date:   Tue, 25 May 2021 10:36:49 +0100
 Compiler:   GNU 9.1.0
 Build type: Release
 Version:    1.3.0

 Start time: Thu Jun 10 15:20:17 2021

 Data directory: /newhome/zw18965/.local/qcore/share/entos/1.3.0/data
 Number of threads: 16
 Number of threads was determined by: number of physical cores

 --------------------------------------------------------------------------------
                                   command: hf                                   
 --------------------------------------------------------------------------------
 AO basis set:                           def2-svp
 Number of AO basis functions:          32

 Formula:                                As
 Nuclear charge:                        33.000000000
 Total charge:                           0.000000000
 Number of electrons:                   33.000000000

 Number of alpha electrons:             18
 Number of beta electrons:              15
 Number of unpaired electrons:           3
 Spin:                                   3
 Multiplicity:                           quartet

 Theory:                                 hf
 Method for Coulomb:                     incore_df
 Method for exact exchange:              pre_transformed_df
 Integral threshold:                     1.00e-12
 DF basis set:                           def2-universal-jkfit
 Number of DF basis functions:         266
 Schwarz screening threshold:            1.00e-10
 Coulomb fitting method:                 Cholesky
 Method for AO orthogonalization:        symmetric
 Threshold for linear dependence:        1.00e-08

 -------------------------------------
  Running unrestricted open-shell SCF 
 -------------------------------------
 Max number of iterations:             128
 Conv. threshold (gradient):             1.00e-05
 Conv. threshold (energy):               1.00e-06
 Interpolation scheme:                   adiis+cdiis
 Initial guess:                          H0

 ---------------------------------------------------------------
                  energy        change          grad        time
 ---------------------------------------------------------------
   0     -2209.838331852                    3.43e+00        0.00
   1     -2194.940908989      1.49e+01      7.19e+00        0.00
   2     -2228.543525468     -3.36e+01      1.55e+00        0.00
   3     -2232.859971065     -4.32e+00      1.10e+00        0.00
   4     -2233.672424109     -8.12e-01      4.10e-01        0.00
   5     -2233.850218050     -1.78e-01      2.49e-01        0.00
   6     -2233.901711791     -5.15e-02      1.07e-01        0.00
   7     -2233.913055539     -1.13e-02      5.77e-02        0.00
   8     -2233.915945728     -2.89e-03      2.74e-02        0.00
   9     -2233.916913781     -9.68e-04      3.38e-05        0.00
  10     -2233.916913783     -1.91e-09      6.78e-06        0.00

 SCF converged in 10 iterations.

 Dipole moment (in Debye):              -0.000000       0.000000       0.000000

 Quadrupole moment (in Debye-Angstrom):
                  1            2            3
 1       -18.174650    -0.000000    -0.000000
 2        -0.000000   -18.174650     0.000001
 3        -0.000000     0.000001   -18.174651

 Spin-squared expectation <S^2>:         3.751
 Total spin quantum number S:            1.500
 TOTAL ENERGY:                       -2233.916913783
 Saving results in set 'HF'

 --------------------------------------------------------------------------------
                                command: unsoldw12                               
 --------------------------------------------------------------------------------
 Number of AO basis functions:          32

 DF basis set:                           def2-qzvppd-ri
 Number of DF basis functions:         314


 --------------------------
  Virtual UW12 Correlation 
 --------------------------
 Unrestricted MP2 calculation:           
 Core spatial orbitals:                  9
 Correlated alpha orbitals:              9
 Correlated beta orbitals:               6
 Virtual alpha orbitals:                14
 Virtual beta orbitals:                 17

 Opposite spin energy:                  -0.017752156

 Reference energy:                   -2233.916913783
 UW12 correlation energy:               -0.017752156
 Total UW12 energy:                  -2233.934665940

 --------------------------------------------------------------------------------

 End time:                               Thu Jun 10 15:20:18 2021
 Total wall-clock time:                  0.294 seconds
==================================================================================
