
================================================================================
          _____________ ________ _______________ ________     _________         
         / ___________// ______ \\_____   _____// ______ \   / ________)        
        / /_________  / /      \ \     | |     / /      \ \ | (_______          
       |  __________|| |        | |    | |    | |        | | \________ \        
        \ \_________ | |        | |    | |     \ \______/ /___________) |       
         \__________||_|        |_|    |_|      \________//____________/        
                                                                                
====================================[ Qcore ]===================================

 Git hash:   6a88d58d269bf0d2ccfae91583c23a2b072b7633
 Git date:   Tue, 25 May 2021 10:36:49 +0100
 Compiler:   GNU 9.1.0
 Build type: Release
 Version:    1.3.0

 Start time: Thu Jun 10 15:20:24 2021

 Data directory: /newhome/zw18965/.local/qcore/share/entos/1.3.0/data
 Number of threads: 16
 Number of threads was determined by: number of physical cores

 --------------------------------------------------------------------------------
                                   command: hf                                   
 --------------------------------------------------------------------------------
 AO basis set:                           def2-svp
 Number of AO basis functions:          26
 ECP on atom 1 (Te):                     28 electrons

 Formula:                                Te
 Nuclear charge:                        52.000000000
 Total charge:                           0.000000000
 Number of core electrons:              28
 Number of treated electrons:           24

 Number of alpha electrons:             13
 Number of beta electrons:              11
 Number of unpaired electrons:           2
 Spin:                                   2
 Multiplicity:                           triplet

 Theory:                                 hf
 Method for Coulomb:                     incore_df
 Method for exact exchange:              pre_transformed_df
 Integral threshold:                     1.00e-12
 DF basis set:                           def2-universal-jkfit
 Number of DF basis functions:         218
 Schwarz screening threshold:            1.00e-10
 Coulomb fitting method:                 Cholesky
 Method for AO orthogonalization:        symmetric
 Threshold for linear dependence:        1.00e-08

 -------------------------------------
  Running unrestricted open-shell SCF 
 -------------------------------------
 Max number of iterations:             128
 Conv. threshold (gradient):             1.00e-05
 Conv. threshold (energy):               1.00e-06
 Interpolation scheme:                   adiis+cdiis
 Initial guess:                          H0

 ---------------------------------------------------------------
                  energy        change          grad        time
 ---------------------------------------------------------------
   0      -259.205260741                    7.97e+00        0.00
   1      -266.571897165     -7.37e+00      5.86e-01        0.00
   2      -266.973398360     -4.02e-01      1.90e-01        0.00
   3      -266.995737440     -2.23e-02      3.28e-02        0.00
   4      -266.996741305     -1.00e-03      7.28e-03        0.00
   5      -266.996811749     -7.04e-05      1.32e-03        0.00
   6      -266.996814769     -3.02e-06      1.75e-04        0.00
   7      -266.996814811     -4.21e-08      3.37e-05        0.00
   8      -266.996814812     -8.32e-10      3.53e-06        0.00

 SCF converged in 8 iterations.

 Dipole moment (in Debye):              -0.000000       0.000000       0.000000

 Quadrupole moment (in Debye-Angstrom):
                  1            2            3
 1       -25.349426     0.789319     0.194622
 2         0.789319   -29.512289    -1.062098
 3         0.194622    -1.062098   -25.466670

 Spin-squared expectation <S^2>:         2.007
 Total spin quantum number S:            1.002
 TOTAL ENERGY:                        -266.996814812
 Saving results in set 'HF'

 --------------------------------------------------------------------------------
                                command: unsoldw12                               
 --------------------------------------------------------------------------------
 Number of AO basis functions:          26

 DF basis set:                           def2-qzvppd-ri
 Number of DF basis functions:         292


 --------------------------
  Virtual UW12 Correlation 
 --------------------------
 Unrestricted MP2 calculation:           
 Core spatial orbitals:                  4
 Correlated alpha orbitals:              9
 Correlated beta orbitals:               7
 Virtual alpha orbitals:                13
 Virtual beta orbitals:                 15

 Opposite spin energy:                  -0.019707356

 Reference energy:                    -266.996814812
 UW12 correlation energy:               -0.019707356
 Total UW12 energy:                   -267.016522168

 --------------------------------------------------------------------------------

 End time:                               Thu Jun 10 15:20:25 2021
 Total wall-clock time:                  0.398 seconds
==================================================================================
