
================================================================================
          _____________ ________ _______________ ________     _________         
         / ___________// ______ \\_____   _____// ______ \   / ________)        
        / /_________  / /      \ \     | |     / /      \ \ | (_______          
       |  __________|| |        | |    | |    | |        | | \________ \        
        \ \_________ | |        | |    | |     \ \______/ /___________) |       
         \__________||_|        |_|    |_|      \________//____________/        
                                                                                
====================================[ Qcore ]===================================

 Git hash:   6a88d58d269bf0d2ccfae91583c23a2b072b7633
 Git date:   Tue, 25 May 2021 10:36:49 +0100
 Compiler:   GNU 9.1.0
 Build type: Release
 Version:    1.3.0

 Start time: Thu Jun 10 15:20:28 2021

 Data directory: /newhome/zw18965/.local/qcore/share/entos/1.3.0/data
 Number of threads: 16
 Number of threads was determined by: number of physical cores

 --------------------------------------------------------------------------------
                                   command: hf                                   
 --------------------------------------------------------------------------------
 AO basis set:                           def2-svp
 Number of AO basis functions:          32
 ECP on atom 1 (Re):                     60 electrons

 Formula:                                Re
 Nuclear charge:                        75.000000000
 Total charge:                           0.000000000
 Number of core electrons:              60
 Number of treated electrons:           15

 Number of alpha electrons:             10
 Number of beta electrons:               5
 Number of unpaired electrons:           5
 Spin:                                   5
 Multiplicity:                           septet

 Theory:                                 hf
 Method for Coulomb:                     incore_df
 Method for exact exchange:              pre_transformed_df
 Integral threshold:                     1.00e-12
 DF basis set:                           def2-universal-jkfit
 Number of DF basis functions:         227
 Schwarz screening threshold:            1.00e-10
 Coulomb fitting method:                 Cholesky
 Method for AO orthogonalization:        symmetric
 Threshold for linear dependence:        1.00e-08

 -------------------------------------
  Running unrestricted open-shell SCF 
 -------------------------------------
 Max number of iterations:             128
 Conv. threshold (gradient):             1.00e-05
 Conv. threshold (energy):               1.00e-06
 Interpolation scheme:                   adiis+cdiis
 Initial guess:                          H0

 ---------------------------------------------------------------
                  energy        change          grad        time
 ---------------------------------------------------------------
   0       -74.670237921                    1.77e+00        0.00
   1       -74.933253913     -2.63e-01      8.93e-01        0.00
   2       -76.865737504     -1.93e+00      7.86e-01        0.00
   3       -77.419041480     -5.53e-01      2.35e-01        0.00
   4       -77.469153023     -5.01e-02      9.55e-02        0.00
   5       -77.482698107     -1.35e-02      6.90e-02        0.00
   6       -77.493573487     -1.09e-02      5.87e-02        0.00
   7       -77.492224056      1.35e-03      5.81e-02        0.00
   8       -77.452411933      3.98e-02      1.10e-01        0.00
   9       -77.440199121      1.22e-02      1.43e-01        0.00
  10       -77.449893217     -9.69e-03      1.11e-01        0.00
  11       -77.453657375     -3.76e-03      7.83e-02        0.00
  12       -77.457423799     -3.77e-03      5.64e-02        0.00
  13       -77.453773628      3.65e-03      7.38e-02        0.00
  14       -77.454260465     -4.87e-04      7.24e-02        0.00
  15       -77.453508821      7.52e-04      7.65e-02        0.00
  16       -77.458579632     -5.07e-03      4.34e-02        0.00
  17       -77.460240208     -1.66e-03      1.24e-02        0.00
  18       -77.460380416     -1.40e-04      1.55e-03        0.00
  19       -77.460385874     -5.46e-06      3.99e-04        0.00
  20       -77.460385595      2.79e-07      9.96e-05        0.00
  21       -77.460385603     -7.50e-09      4.47e-05        0.00
  22       -77.460385605     -2.41e-09      3.65e-05        0.00
  23       -77.460385607     -2.48e-09      3.26e-05        0.00
  24       -77.460385610     -2.84e-09      3.18e-05        0.00
  25       -77.460385610      1.80e-10      3.17e-05        0.00
  26       -77.460385610      2.65e-11      3.17e-05        0.00
  27       -77.460385610     -1.02e-10      3.19e-05        0.00
  28       -77.460385611     -7.75e-10      3.18e-05        0.00
  29       -77.460385596      1.53e-08      3.19e-05        0.00
  30       -77.460385480      1.16e-07      3.13e-05        0.00
  31       -77.460385134      3.46e-07      3.68e-05        0.00
  32       -77.460384826      3.08e-07      7.39e-05        0.00
  33       -77.460383806      1.02e-06      4.82e-04        0.00
  34       -77.460383931     -1.25e-07      4.05e-04        0.00
  35       -77.460383916      1.49e-08      4.22e-04        0.00
  36       -77.460383907      9.29e-09      4.01e-04        0.00
  37       -77.460383811      9.58e-08      4.74e-04        0.00
  38       -77.460384104     -2.93e-07      3.02e-04        0.00
  39       -77.460384040      6.34e-08      3.72e-04        0.00
  40       -77.460383426      6.14e-07      6.93e-04        0.00
  41       -77.460383882     -4.56e-07      1.18e-04        0.00
  42       -77.460383763      1.19e-07      1.05e-04        0.00
  43       -77.460383761      2.57e-09      8.03e-06        0.00

 SCF converged in 43 iterations.

 Dipole moment (in Debye):               0.000000       0.000000       0.000000

 Quadrupole moment (in Debye-Angstrom):
                  1            2            3
 1       -25.092589    -0.200195    -0.033857
 2        -0.200195   -23.435333    -0.004349
 3        -0.033857    -0.004349   -23.413204

 Spin-squared expectation <S^2>:         8.756
 Total spin quantum number S:            2.501
 TOTAL ENERGY:                         -77.460383759
 Saving results in set 'HF'

 --------------------------------------------------------------------------------
                                command: unsoldw12                               
 --------------------------------------------------------------------------------
 Number of AO basis functions:          32

 DF basis set:                           def2-qzvppd-ri
 Number of DF basis functions:         261


 --------------------------
  Virtual UW12 Correlation 
 --------------------------
 Unrestricted MP2 calculation:           
 Core spatial orbitals:                  0
 Correlated alpha orbitals:             10
 Correlated beta orbitals:               5
 Virtual alpha orbitals:                22
 Virtual beta orbitals:                 27

 Opposite spin energy:                  -0.055336340

 Reference energy:                     -77.460383759
 UW12 correlation energy:               -0.055336340
 Total UW12 energy:                    -77.515720100

 --------------------------------------------------------------------------------

 End time:                               Thu Jun 10 15:20:29 2021
 Total wall-clock time:                  0.339 seconds
==================================================================================
