
================================================================================
          _____________ ________ _______________ ________     _________         
         / ___________// ______ \\_____   _____// ______ \   / ________)        
        / /_________  / /      \ \     | |     / /      \ \ | (_______          
       |  __________|| |        | |    | |    | |        | | \________ \        
        \ \_________ | |        | |    | |     \ \______/ /___________) |       
         \__________||_|        |_|    |_|      \________//____________/        
                                                                                
====================================[ Qcore ]===================================

 Git hash:   6a88d58d269bf0d2ccfae91583c23a2b072b7633
 Git date:   Tue, 25 May 2021 10:36:49 +0100
 Compiler:   GNU 9.1.0
 Build type: Release
 Version:    1.3.0

 Start time: Wed Jun 16 09:33:31 2021

 Data directory: /newhome/zw18965/.local/qcore/share/entos/1.3.0/data
 Number of threads: 16
 Number of threads was determined by: number of physical cores

 --------------------------------------------------------------------------------
                                   command: hf                                   
 --------------------------------------------------------------------------------
 AO basis set:                           def2-qzvp
 Number of AO basis functions:          51

 Formula:                                Mg
 Nuclear charge:                        12.000000000
 Total charge:                           0.000000000
 Number of electrons:                   12.000000000

 Number of alpha electrons:              6
 Number of beta electrons:               6
 Number of unpaired electrons:           0
 Spin:                                   0
 Multiplicity:                           singlet

 Theory:                                 hf
 Method for Coulomb:                     incore_df
 Method for exact exchange:              pre_transformed_df
 Integral threshold:                     1.00e-12
 DF basis set:                           def2-universal-jkfit
 Number of DF basis functions:         112
 Schwarz screening threshold:            1.00e-10
 Coulomb fitting method:                 Cholesky
 Method for AO orthogonalization:        symmetric
 Threshold for linear dependence:        1.00e-08

 -------------------------------------
  Running restricted closed-shell SCF 
 -------------------------------------
 Max number of iterations:             128
 Conv. threshold (gradient):             1.00e-05
 Conv. threshold (energy):               1.00e-06
 Interpolation scheme:                   adiis+cdiis
 Initial guess:                          H0

 ---------------------------------------------------------------
                  energy        change          grad        time
 ---------------------------------------------------------------
   0      -189.186656692                    2.00e+01        0.00
   1      -197.597740800     -8.41e+00      3.33e+00        0.00
   2      -199.465395706     -1.87e+00      1.49e+00        0.00
   3      -199.606816570     -1.41e-01      2.60e-01        0.00
   4      -199.614094761     -7.28e-03      7.57e-02        0.00
   5      -199.614466240     -3.71e-04      1.26e-02        0.00
   6      -199.614486196     -2.00e-05      1.94e-04        0.00
   7      -199.614486225     -2.85e-08      4.61e-05        0.00
   8      -199.614486226     -1.54e-09      3.01e-06        0.00

 SCF converged in 8 iterations.

 Dipole moment (in Debye):               0.000000       0.000000      -0.000000

 Quadrupole moment (in Debye-Angstrom):
                  1            2            3
 1       -13.275065    -0.000000     0.000000
 2        -0.000000   -13.275065     0.000000
 3         0.000000     0.000000   -13.275065

 Spin-squared expectation <S^2>:         0.000
 Total spin quantum number S:            0.000
 TOTAL ENERGY:                        -199.614486226
 Saving results in set 'HF'

 --------------------------------------------------------------------------------
                                command: unsoldw12                               
 --------------------------------------------------------------------------------
 Number of AO basis functions:          51

 DF basis set:                           def2-qzvppd-ri
 Number of DF basis functions:         154

 Restricted UW12 calculation:            
 Core Orbitals:                          0
 Correlated Orbitals:                    6

 ------------------
  UW12 Correlation 
 ------------------
 Factor for UW12 correlation:            1.000000000
 Same spin scale factor:                 0.000000000
 Calculate indirect contribution:        false
 Method for three electron term:         df_ri
 Auxiliary RI basis set:                 def2-QZVPPD-ri
 Number of RI basis functions:         154
 Gaussians in geminal expansion:         4
 UW12 screening threshold:               1.00e-10
 Method for density-fitting:             w(r)


 Reference energy:                    -199.614486226
 UW12 correlation energy:               -0.032400496
 Total UW12 energy:                   -199.646886722

 --------------------------------------------------------------------------------

 End time:                               Wed Jun 16 09:33:32 2021
 Total wall-clock time:                  1.007 seconds
==================================================================================
