
================================================================================
          _____________ ________ _______________ ________     _________         
         / ___________// ______ \\_____   _____// ______ \   / ________)        
        / /_________  / /      \ \     | |     / /      \ \ | (_______          
       |  __________|| |        | |    | |    | |        | | \________ \        
        \ \_________ | |        | |    | |     \ \______/ /___________) |       
         \__________||_|        |_|    |_|      \________//____________/        
                                                                                
====================================[ Qcore ]===================================

 Git hash:   6a88d58d269bf0d2ccfae91583c23a2b072b7633
 Git date:   Tue, 25 May 2021 10:36:49 +0100
 Compiler:   GNU 9.1.0
 Build type: Release
 Version:    1.3.0

 Start time: Wed Jun 16 09:33:50 2021

 Data directory: /newhome/zw18965/.local/qcore/share/entos/1.3.0/data
 Number of threads: 16
 Number of threads was determined by: number of physical cores

 --------------------------------------------------------------------------------
                                   command: hf                                   
 --------------------------------------------------------------------------------
 AO basis set:                           def2-qzvp
 Number of AO basis functions:          84

 Formula:                                Ti
 Nuclear charge:                        22.000000000
 Total charge:                           0.000000000
 Number of electrons:                   22.000000000

 Number of alpha electrons:             12
 Number of beta electrons:              10
 Number of unpaired electrons:           2
 Spin:                                   2
 Multiplicity:                           triplet

 Theory:                                 hf
 Method for Coulomb:                     incore_df
 Method for exact exchange:              pre_transformed_df
 Integral threshold:                     1.00e-12
 DF basis set:                           def2-universal-jkfit
 Number of DF basis functions:         264
 Schwarz screening threshold:            1.00e-10
 Coulomb fitting method:                 Cholesky
 Method for AO orthogonalization:        symmetric
 Threshold for linear dependence:        1.00e-08

 -------------------------------------
  Running unrestricted open-shell SCF 
 -------------------------------------
 Max number of iterations:             128
 Conv. threshold (gradient):             1.00e-05
 Conv. threshold (energy):               1.00e-06
 Interpolation scheme:                   adiis+cdiis
 Initial guess:                          H0

 ---------------------------------------------------------------
                  energy        change          grad        time
 ---------------------------------------------------------------
   0      -802.278906326                    2.24e+01        0.01
   1      -808.453987891     -6.18e+00      6.39e+00        0.02
   2      -840.397458220     -3.19e+01      3.06e+00        0.01
   3      -846.220920218     -5.82e+00      1.66e+00        0.01
   4      -846.994360632     -7.73e-01      1.45e+00        0.02
   5      -848.317759880     -1.32e+00      3.89e-01        0.02
   6      -848.387685329     -6.99e-02      1.33e-01        0.02
   7      -848.395830489     -8.15e-03      5.86e-02        0.02
   8      -848.397900105     -2.07e-03      2.78e-02        0.02
   9      -848.399370422     -1.47e-03      2.50e-02        0.02
  10      -848.400998768     -1.63e-03      1.21e-02        0.01
  11      -848.401282774     -2.84e-04      1.05e-02        0.01
  12      -848.401532076     -2.49e-04      7.58e-03        0.01
  13      -848.401665836     -1.34e-04      5.44e-03        0.01
  14      -848.401732843     -6.70e-05      5.19e-03        0.01
  15      -848.401738747     -5.90e-06      5.25e-03        0.01
  16      -848.401682083      5.67e-05      4.53e-03        0.01
  17      -848.401590520      9.16e-05      1.70e-03        0.01
  18      -848.401585800      4.72e-06      5.59e-04        0.01
  19      -848.401586032     -2.32e-07      3.25e-04        0.01
  20      -848.401586162     -1.30e-07      1.07e-04        0.01
  21      -848.401586178     -1.56e-08      3.31e-05        0.01
  22      -848.401586180     -1.69e-09      1.36e-05        0.01
  23      -848.401586180     -4.35e-10      9.41e-06        0.01

 SCF converged in 23 iterations.

 Dipole moment (in Debye):               0.000000      -0.000000       0.000000

 Quadrupole moment (in Debye-Angstrom):
                  1            2            3
 1       -22.451677    -0.006136     0.058166
 2        -0.006136   -22.436428     0.020551
 3         0.058166     0.020551   -22.629208

 Spin-squared expectation <S^2>:         2.010
 Total spin quantum number S:            1.003
 TOTAL ENERGY:                        -848.401586180
 Saving results in set 'HF'

 --------------------------------------------------------------------------------
                                command: unsoldw12                               
 --------------------------------------------------------------------------------
 Number of AO basis functions:          84

 DF basis set:                           def2-qzvppd-ri
 Number of DF basis functions:         309

 Unrestricted UW12 calculation:          
 Core spatial orbitals:                  0
 Correlated alpha orbitals:             12
 Correlated beta orbitals:              10

 ------------------
  UW12 Correlation 
 ------------------
 Factor for UW12 correlation:            1.000000000
 Same spin scale factor:                 0.000000000
 Calculate indirect contribution:        false
 Method for three electron term:         df_ri
 Auxiliary RI basis set:                 def2-QZVPPD-ri
 Number of RI basis functions:         309
 Gaussians in geminal expansion:         4
 UW12 screening threshold:               1.00e-10
 Method for density-fitting:             w(r)


 Reference energy:                    -848.401586180
 UW12 correlation energy:               -0.072735616
 Total UW12 energy:                   -848.474321796

 --------------------------------------------------------------------------------

 End time:                               Wed Jun 16 09:33:54 2021
 Total wall-clock time:                  4.517 seconds
==================================================================================
