
================================================================================
          _____________ ________ _______________ ________     _________         
         / ___________// ______ \\_____   _____// ______ \   / ________)        
        / /_________  / /      \ \     | |     / /      \ \ | (_______          
       |  __________|| |        | |    | |    | |        | | \________ \        
        \ \_________ | |        | |    | |     \ \______/ /___________) |       
         \__________||_|        |_|    |_|      \________//____________/        
                                                                                
====================================[ Qcore ]===================================

 Git hash:   6a88d58d269bf0d2ccfae91583c23a2b072b7633
 Git date:   Tue, 25 May 2021 10:36:49 +0100
 Compiler:   GNU 9.1.0
 Build type: Release
 Version:    1.3.0

 Start time: Wed Jun 16 09:33:55 2021

 Data directory: /newhome/zw18965/.local/qcore/share/entos/1.3.0/data
 Number of threads: 16
 Number of threads was determined by: number of physical cores

 --------------------------------------------------------------------------------
                                   command: hf                                   
 --------------------------------------------------------------------------------
 AO basis set:                           def2-qzvp
 Number of AO basis functions:          84

 Formula:                                V
 Nuclear charge:                        23.000000000
 Total charge:                           0.000000000
 Number of electrons:                   23.000000000

 Number of alpha electrons:             13
 Number of beta electrons:              10
 Number of unpaired electrons:           3
 Spin:                                   3
 Multiplicity:                           quartet

 Theory:                                 hf
 Method for Coulomb:                     incore_df
 Method for exact exchange:              pre_transformed_df
 Integral threshold:                     1.00e-12
 DF basis set:                           def2-universal-jkfit
 Number of DF basis functions:         264
 Schwarz screening threshold:            1.00e-10
 Coulomb fitting method:                 Cholesky
 Method for AO orthogonalization:        symmetric
 Threshold for linear dependence:        1.00e-08

 -------------------------------------
  Running unrestricted open-shell SCF 
 -------------------------------------
 Max number of iterations:             128
 Conv. threshold (gradient):             1.00e-05
 Conv. threshold (energy):               1.00e-06
 Interpolation scheme:                   adiis+cdiis
 Initial guess:                          H0

 ---------------------------------------------------------------
                  energy        change          grad        time
 ---------------------------------------------------------------
   0      -892.711622826                    2.41e+01        0.02
   1      -894.217506891     -1.51e+00      7.07e+00        0.02
   2      -932.492119031     -3.83e+01      3.87e+00        0.02
   3      -939.243940981     -6.75e+00      2.07e+00        0.02
   4      -941.339610437     -2.10e+00      1.81e+00        0.01
   5      -942.724255489     -1.38e+00      6.04e-01        0.01
   6      -942.854517429     -1.30e-01      2.94e-01        0.03
   7      -942.879009487     -2.45e-02      1.38e-01        0.02
   8      -942.885133702     -6.12e-03      6.63e-02        0.01
   9      -942.887010517     -1.88e-03      4.34e-02        0.02
  10      -942.890072839     -3.06e-03      1.82e-02        0.02
  11      -942.891163199     -1.09e-03      1.53e-02        0.02
  12      -942.891818432     -6.55e-04      1.13e-02        0.01
  13      -942.892081886     -2.63e-04      7.19e-03        0.02
  14      -942.892227692     -1.46e-04      4.07e-03        0.02
  15      -942.892324722     -9.70e-05      2.60e-03        0.02
  16      -942.892349493     -2.48e-05      1.12e-03        0.01
  17      -942.892351875     -2.38e-06      3.59e-04        0.01
  18      -942.892352047     -1.73e-07      1.05e-04        0.01
  19      -942.892352062     -1.42e-08      5.17e-05        0.01
  20      -942.892352068     -6.51e-09      4.14e-05        0.01
  21      -942.892352070     -2.10e-09      3.45e-05        0.02
  22      -942.892352073     -2.34e-09      2.50e-05        0.01
  23      -942.892352075     -2.55e-09      1.36e-05        0.01
  24      -942.892352076     -8.36e-10      4.34e-06        0.02

 SCF converged in 24 iterations.

 Dipole moment (in Debye):              -0.000000      -0.000000      -0.000000

 Quadrupole moment (in Debye-Angstrom):
                  1            2            3
 1       -21.361300     0.000001     0.000005
 2         0.000001   -21.361302    -0.000012
 3         0.000005    -0.000012   -21.361323

 Spin-squared expectation <S^2>:         3.762
 Total spin quantum number S:            1.503
 TOTAL ENERGY:                        -942.892352076
 Saving results in set 'HF'

 --------------------------------------------------------------------------------
                                command: unsoldw12                               
 --------------------------------------------------------------------------------
 Number of AO basis functions:          84

 DF basis set:                           def2-qzvppd-ri
 Number of DF basis functions:         309

 Unrestricted UW12 calculation:          
 Core spatial orbitals:                  0
 Correlated alpha orbitals:             13
 Correlated beta orbitals:              10

 ------------------
  UW12 Correlation 
 ------------------
 Factor for UW12 correlation:            1.000000000
 Same spin scale factor:                 0.000000000
 Calculate indirect contribution:        false
 Method for three electron term:         df_ri
 Auxiliary RI basis set:                 def2-QZVPPD-ri
 Number of RI basis functions:         309
 Gaussians in geminal expansion:         4
 UW12 screening threshold:               1.00e-10
 Method for density-fitting:             w(r)


 Reference energy:                    -942.892352076
 UW12 correlation energy:               -0.074989405
 Total UW12 energy:                   -942.967341481

 --------------------------------------------------------------------------------

 End time:                               Wed Jun 16 09:34:00 2021
 Total wall-clock time:                  5.918 seconds
==================================================================================
