
================================================================================
          _____________ ________ _______________ ________     _________         
         / ___________// ______ \\_____   _____// ______ \   / ________)        
        / /_________  / /      \ \     | |     / /      \ \ | (_______          
       |  __________|| |        | |    | |    | |        | | \________ \        
        \ \_________ | |        | |    | |     \ \______/ /___________) |       
         \__________||_|        |_|    |_|      \________//____________/        
                                                                                
====================================[ Qcore ]===================================

 Git hash:   6a88d58d269bf0d2ccfae91583c23a2b072b7633
 Git date:   Tue, 25 May 2021 10:36:49 +0100
 Compiler:   GNU 9.1.0
 Build type: Release
 Version:    1.3.0

 Start time: Wed Jun 16 09:36:49 2021

 Data directory: /newhome/zw18965/.local/qcore/share/entos/1.3.0/data
 Number of threads: 16
 Number of threads was determined by: number of physical cores

 --------------------------------------------------------------------------------
                                   command: hf                                   
 --------------------------------------------------------------------------------
 AO basis set:                           def2-qzvp
 Number of AO basis functions:          84

 Formula:                                Ni
 Nuclear charge:                        28.000000000
 Total charge:                           0.000000000
 Number of electrons:                   28.000000000

 Number of alpha electrons:             15
 Number of beta electrons:              13
 Number of unpaired electrons:           2
 Spin:                                   2
 Multiplicity:                           triplet

 Theory:                                 hf
 Method for Coulomb:                     incore_df
 Method for exact exchange:              pre_transformed_df
 Integral threshold:                     1.00e-12
 DF basis set:                           def2-universal-jkfit
 Number of DF basis functions:         264
 Schwarz screening threshold:            1.00e-10
 Coulomb fitting method:                 Cholesky
 Method for AO orthogonalization:        symmetric
 Threshold for linear dependence:        1.00e-08

 -------------------------------------
  Running unrestricted open-shell SCF 
 -------------------------------------
 Max number of iterations:             128
 Conv. threshold (gradient):             1.00e-05
 Conv. threshold (energy):               1.00e-06
 Interpolation scheme:                   adiis+cdiis
 Initial guess:                          SAD

 ---------------------------------------------------------------
                  energy        change          grad        time
 ---------------------------------------------------------------
   0     -1506.348824328                    2.73e-02        0.00
   1     -1506.819496031     -4.71e-01      1.87e-01        0.01
   2     -1506.826871995     -7.38e-03      6.83e-02        0.01
   3     -1506.826438511      4.33e-04      7.00e-02        0.01
   4     -1506.829063851     -2.63e-03      5.52e-03        0.01
   5     -1506.829105465     -4.16e-05      1.92e-03        0.01
   6     -1506.829110301     -4.84e-06      1.75e-04        0.01
   7     -1506.829110353     -5.20e-08      5.83e-05        0.01
   8     -1506.829110359     -6.54e-09      3.80e-05        0.01
   9     -1506.829110361     -1.86e-09      2.16e-05        0.01
  10     -1506.829110363     -1.70e-09      9.31e-06        0.01

 SCF converged in 10 iterations.

 Dipole moment (in Debye):               0.000000       0.000000       0.000000

 Quadrupole moment (in Debye-Angstrom):
                  1            2            3
 1       -14.686573    -0.000000     0.000000
 2        -0.000000   -14.686573     0.000000
 3         0.000000     0.000000   -15.153144

 Spin-squared expectation <S^2>:         2.001
 Total spin quantum number S:            1.000
 TOTAL ENERGY:                       -1506.829110363
 Saving results in set 'HF'

 --------------------------------------------------------------------------------
                                command: unsoldw12                               
 --------------------------------------------------------------------------------
 Number of AO basis functions:          84

 DF basis set:                           def2-qzvppd-ri
 Number of DF basis functions:         316

 Unrestricted UW12 calculation:          
 Core spatial orbitals:                  0
 Correlated alpha orbitals:             15
 Correlated beta orbitals:              13

 ------------------
  UW12 Correlation 
 ------------------
 Factor for UW12 correlation:            1.000000000
 Same spin scale factor:                 0.000000000
 Calculate indirect contribution:        false
 Method for three electron term:         df_ri
 Auxiliary RI basis set:                 def2-QZVPPD-ri
 Number of RI basis functions:         316
 Gaussians in geminal expansion:         4
 UW12 screening threshold:               1.00e-10
 Method for density-fitting:             w(r)


 Reference energy:                   -1506.829110363
 UW12 correlation energy:               -0.100614830
 Total UW12 energy:                  -1506.929725194

 --------------------------------------------------------------------------------

 End time:                               Wed Jun 16 09:36:52 2021
 Total wall-clock time:                  2.962 seconds
==================================================================================
