
================================================================================
          _____________ ________ _______________ ________     _________         
         / ___________// ______ \\_____   _____// ______ \   / ________)        
        / /_________  / /      \ \     | |     / /      \ \ | (_______          
       |  __________|| |        | |    | |    | |        | | \________ \        
        \ \_________ | |        | |    | |     \ \______/ /___________) |       
         \__________||_|        |_|    |_|      \________//____________/        
                                                                                
====================================[ Qcore ]===================================

 Git hash:   6a88d58d269bf0d2ccfae91583c23a2b072b7633
 Git date:   Tue, 25 May 2021 10:36:49 +0100
 Compiler:   GNU 9.1.0
 Build type: Release
 Version:    1.3.0

 Start time: Wed Jun 16 09:36:54 2021

 Data directory: /newhome/zw18965/.local/qcore/share/entos/1.3.0/data
 Number of threads: 16
 Number of threads was determined by: number of physical cores

 --------------------------------------------------------------------------------
                                   command: hf                                   
 --------------------------------------------------------------------------------
 AO basis set:                           def2-qzvp
 Number of AO basis functions:          49
 ECP on atom 1 (Sr):                     28 electrons

 Formula:                                Sr
 Nuclear charge:                        38.000000000
 Total charge:                           0.000000000
 Number of core electrons:              28
 Number of treated electrons:           10

 Number of alpha electrons:              5
 Number of beta electrons:               5
 Number of unpaired electrons:           0
 Spin:                                   0
 Multiplicity:                           singlet

 Theory:                                 hf
 Method for Coulomb:                     incore_df
 Method for exact exchange:              pre_transformed_df
 Integral threshold:                     1.00e-12
 DF basis set:                           def2-universal-jkfit
 Number of DF basis functions:         111
 Schwarz screening threshold:            1.00e-10
 Coulomb fitting method:                 Cholesky
 Method for AO orthogonalization:        symmetric
 Threshold for linear dependence:        1.00e-08

 -------------------------------------
  Running restricted closed-shell SCF 
 -------------------------------------
 Max number of iterations:             128
 Conv. threshold (gradient):             1.00e-05
 Conv. threshold (energy):               1.00e-06
 Interpolation scheme:                   adiis+cdiis
 Initial guess:                          H0

 ---------------------------------------------------------------
                  energy        change          grad        time
 ---------------------------------------------------------------
   0       -27.508670221                    2.75e+00        0.00
   1       -29.863828849     -2.36e+00      9.60e-01        0.00
   2       -30.333097086     -4.69e-01      2.66e-01        0.00
   3       -30.346399743     -1.33e-02      3.19e-02        0.00
   4       -30.347095399     -6.96e-04      1.22e-02        0.00
   5       -30.347181808     -8.64e-05      1.72e-03        0.00
   6       -30.347183698     -1.89e-06      5.32e-04        0.00
   7       -30.347183928     -2.31e-07      1.40e-04        0.00
   8       -30.347183945     -1.65e-08      4.01e-05        0.00
   9       -30.347183946     -1.16e-09      1.17e-06        0.00

 SCF converged in 9 iterations.

 Dipole moment (in Debye):               0.000000       0.000000      -0.000000

 Quadrupole moment (in Debye-Angstrom):
                  1            2            3
 1       -30.960051     0.000001     0.000002
 2         0.000001   -30.960046     0.000000
 3         0.000002     0.000000   -30.960050

 Spin-squared expectation <S^2>:         0.000
 Total spin quantum number S:            0.000
 TOTAL ENERGY:                         -30.347183946
 Saving results in set 'HF'

 --------------------------------------------------------------------------------
                                command: unsoldw12                               
 --------------------------------------------------------------------------------
 Number of AO basis functions:          49

 DF basis set:                           def2-qzvppd-ri
 Number of DF basis functions:         180

 Restricted UW12 calculation:            
 Core Orbitals:                          0
 Correlated Orbitals:                    5

 ------------------
  UW12 Correlation 
 ------------------
 Factor for UW12 correlation:            1.000000000
 Same spin scale factor:                 0.000000000
 Calculate indirect contribution:        false
 Method for three electron term:         df_ri
 Auxiliary RI basis set:                 def2-QZVPPD-ri
 Number of RI basis functions:         180
 Gaussians in geminal expansion:         4
 UW12 screening threshold:               1.00e-10
 Method for density-fitting:             w(r)


 Reference energy:                     -30.347183946
 UW12 correlation energy:               -0.047252057
 Total UW12 energy:                    -30.394436003

 --------------------------------------------------------------------------------

 End time:                               Wed Jun 16 09:36:55 2021
 Total wall-clock time:                  0.540 seconds
==================================================================================
