
================================================================================
          _____________ ________ _______________ ________     _________         
         / ___________// ______ \\_____   _____// ______ \   / ________)        
        / /_________  / /      \ \     | |     / /      \ \ | (_______          
       |  __________|| |        | |    | |    | |        | | \________ \        
        \ \_________ | |        | |    | |     \ \______/ /___________) |       
         \__________||_|        |_|    |_|      \________//____________/        
                                                                                
====================================[ Qcore ]===================================

 Git hash:   6a88d58d269bf0d2ccfae91583c23a2b072b7633
 Git date:   Tue, 25 May 2021 10:36:49 +0100
 Compiler:   GNU 9.1.0
 Build type: Release
 Version:    1.3.0

 Start time: Wed Jun 16 09:38:15 2021

 Data directory: /newhome/zw18965/.local/qcore/share/entos/1.3.0/data
 Number of threads: 16
 Number of threads was determined by: number of physical cores

 --------------------------------------------------------------------------------
                                   command: hf                                   
 --------------------------------------------------------------------------------
 AO basis set:                           def2-qzvp
 Number of AO basis functions:          48
 ECP on atom 1 (Cs):                     46 electrons

 Formula:                                Cs
 Nuclear charge:                        55.000000000
 Total charge:                           0.000000000
 Number of core electrons:              46
 Number of treated electrons:            9

 Number of alpha electrons:              5
 Number of beta electrons:               4
 Number of unpaired electrons:           1
 Spin:                                   1
 Multiplicity:                           doublet

 Theory:                                 hf
 Method for Coulomb:                     incore_df
 Method for exact exchange:              pre_transformed_df
 Integral threshold:                     1.00e-12
 DF basis set:                           def2-universal-jkfit
 Number of DF basis functions:         130
 Schwarz screening threshold:            1.00e-10
 Coulomb fitting method:                 Cholesky
 Method for AO orthogonalization:        symmetric
 Threshold for linear dependence:        1.00e-08

 -------------------------------------
  Running unrestricted open-shell SCF 
 -------------------------------------
 Max number of iterations:             128
 Conv. threshold (gradient):             1.00e-05
 Conv. threshold (energy):               1.00e-06
 Interpolation scheme:                   adiis+cdiis
 Initial guess:                          H0

 ---------------------------------------------------------------
                  energy        change          grad        time
 ---------------------------------------------------------------
   0       -18.773370918                    6.98e-01        0.00
   1       -19.784403437     -1.01e+00      1.53e-01        0.01
   2       -19.840460384     -5.61e-02      4.92e-02        0.00
   3       -19.850934636     -1.05e-02      2.74e-02        0.01
   4       -19.854748421     -3.81e-03      8.63e-03        0.00
   5       -19.855205144     -4.57e-04      1.82e-03        0.00
   6       -19.855214604     -9.46e-06      4.34e-04        0.00
   7       -19.855214905     -3.01e-07      8.12e-05        0.00
   8       -19.855214918     -1.35e-08      3.77e-05        0.00
   9       -19.855214922     -4.34e-09      1.20e-05        0.00
  10       -19.855214923     -4.21e-10      1.18e-06        0.00

 SCF converged in 10 iterations.

 Dipole moment (in Debye):              -0.000000      -0.000000      -0.000000

 Quadrupole moment (in Debye-Angstrom):
                  1            2            3
 1       -35.415312    -0.000007    -0.000012
 2        -0.000007   -35.415341    -0.000004
 3        -0.000012    -0.000004   -35.415322

 Spin-squared expectation <S^2>:         0.751
 Total spin quantum number S:            0.500
 TOTAL ENERGY:                         -19.855214923
 Saving results in set 'HF'

 --------------------------------------------------------------------------------
                                command: unsoldw12                               
 --------------------------------------------------------------------------------
 Number of AO basis functions:          48

 DF basis set:                           def2-qzvppd-ri
 Number of DF basis functions:         171

 Unrestricted UW12 calculation:          
 Core spatial orbitals:                  0
 Correlated alpha orbitals:              5
 Correlated beta orbitals:               4

 ------------------
  UW12 Correlation 
 ------------------
 Factor for UW12 correlation:            1.000000000
 Same spin scale factor:                 0.000000000
 Calculate indirect contribution:        false
 Method for three electron term:         df_ri
 Auxiliary RI basis set:                 def2-QZVPPD-ri
 Number of RI basis functions:         171
 Gaussians in geminal expansion:         4
 UW12 screening threshold:               1.00e-10
 Method for density-fitting:             w(r)


 Reference energy:                     -19.855214923
 UW12 correlation energy:               -0.042648296
 Total UW12 energy:                    -19.897863218

 --------------------------------------------------------------------------------

 End time:                               Wed Jun 16 09:38:15 2021
 Total wall-clock time:                  0.589 seconds
==================================================================================
