
================================================================================
          _____________ ________ _______________ ________     _________         
         / ___________// ______ \\_____   _____// ______ \   / ________)        
        / /_________  / /      \ \     | |     / /      \ \ | (_______          
       |  __________|| |        | |    | |    | |        | | \________ \        
        \ \_________ | |        | |    | |     \ \______/ /___________) |       
         \__________||_|        |_|    |_|      \________//____________/        
                                                                                
====================================[ Qcore ]===================================

 Git hash:   6a88d58d269bf0d2ccfae91583c23a2b072b7633
 Git date:   Tue, 25 May 2021 10:36:49 +0100
 Compiler:   GNU 9.1.0
 Build type: Release
 Version:    1.3.0

 Start time: Wed Jun 16 09:38:19 2021

 Data directory: /newhome/zw18965/.local/qcore/share/entos/1.3.0/data
 Number of threads: 16
 Number of threads was determined by: number of physical cores

 --------------------------------------------------------------------------------
                                   command: hf                                   
 --------------------------------------------------------------------------------
 AO basis set:                           def2-qzvp
 Number of AO basis functions:          72
 ECP on atom 1 (Hf):                     60 electrons

 Formula:                                Hf
 Nuclear charge:                        72.000000000
 Total charge:                           0.000000000
 Number of core electrons:              60
 Number of treated electrons:           12

 Number of alpha electrons:              7
 Number of beta electrons:               5
 Number of unpaired electrons:           2
 Spin:                                   2
 Multiplicity:                           triplet

 Theory:                                 hf
 Method for Coulomb:                     incore_df
 Method for exact exchange:              pre_transformed_df
 Integral threshold:                     1.00e-12
 DF basis set:                           def2-universal-jkfit
 Number of DF basis functions:         227
 Schwarz screening threshold:            1.00e-10
 Coulomb fitting method:                 Cholesky
 Method for AO orthogonalization:        symmetric
 Threshold for linear dependence:        1.00e-08

 -------------------------------------
  Running unrestricted open-shell SCF 
 -------------------------------------
 Max number of iterations:             128
 Conv. threshold (gradient):             1.00e-05
 Conv. threshold (energy):               1.00e-06
 Interpolation scheme:                   adiis+cdiis
 Initial guess:                          H0

 ---------------------------------------------------------------
                  energy        change          grad        time
 ---------------------------------------------------------------
   0       -42.840186540                    1.84e+00        0.01
   1       -45.702987096     -2.86e+00      9.22e-01        0.01
   2       -46.429980629     -7.27e-01      7.73e-01        0.01
   3       -47.261120922     -8.31e-01      2.42e-01        0.01
   4       -47.358431144     -9.73e-02      6.98e-02        0.01
   5       -47.365366594     -6.94e-03      3.03e-02        0.01
   6       -47.366876660     -1.51e-03      1.70e-02        0.01
   7       -47.367740093     -8.63e-04      1.40e-02        0.01
   8       -47.368619589     -8.79e-04      9.98e-03        0.01
   9       -47.369553584     -9.34e-04      6.28e-03        0.01
  10       -47.369764400     -2.11e-04      4.95e-03        0.01
  11       -47.369989205     -2.25e-04      3.67e-03        0.01
  12       -47.370227334     -2.38e-04      1.47e-03        0.01
  13       -47.370264483     -3.71e-05      8.22e-04        0.01
  14       -47.370266215     -1.73e-06      4.23e-04        0.01
  15       -47.370267419     -1.20e-06      2.14e-04        0.01
  16       -47.370267736     -3.17e-07      1.32e-04        0.01
  17       -47.370267819     -8.26e-08      5.93e-05        0.01
  18       -47.370267833     -1.42e-08      2.39e-05        0.01
  19       -47.370267836     -3.15e-09      8.68e-06        0.01

 SCF converged in 19 iterations.

 Dipole moment (in Debye):               0.000000      -0.000000      -0.000000

 Quadrupole moment (in Debye-Angstrom):
                  1            2            3
 1       -27.554370    -0.000000     0.000092
 2        -0.000000   -27.554329     0.000000
 3         0.000092     0.000000   -27.554492

 Spin-squared expectation <S^2>:         2.016
 Total spin quantum number S:            1.005
 TOTAL ENERGY:                         -47.370267836
 Saving results in set 'HF'

 --------------------------------------------------------------------------------
                                command: unsoldw12                               
 --------------------------------------------------------------------------------
 Number of AO basis functions:          72

 DF basis set:                           def2-qzvppd-ri
 Number of DF basis functions:         261

 Unrestricted UW12 calculation:          
 Core spatial orbitals:                  0
 Correlated alpha orbitals:              7
 Correlated beta orbitals:               5

 ------------------
  UW12 Correlation 
 ------------------
 Factor for UW12 correlation:            1.000000000
 Same spin scale factor:                 0.000000000
 Calculate indirect contribution:        false
 Method for three electron term:         df_ri
 Auxiliary RI basis set:                 def2-QZVPPD-ri
 Number of RI basis functions:         261
 Gaussians in geminal expansion:         4
 UW12 screening threshold:               1.00e-10
 Method for density-fitting:             w(r)


 Reference energy:                     -47.370267836
 UW12 correlation energy:               -0.062722861
 Total UW12 energy:                    -47.432990698

 --------------------------------------------------------------------------------

 End time:                               Wed Jun 16 09:38:21 2021
 Total wall-clock time:                  1.796 seconds
==================================================================================
