
================================================================================
          _____________ ________ _______________ ________     _________         
         / ___________// ______ \\_____   _____// ______ \   / ________)        
        / /_________  / /      \ \     | |     / /      \ \ | (_______          
       |  __________|| |        | |    | |    | |        | | \________ \        
        \ \_________ | |        | |    | |     \ \______/ /___________) |       
         \__________||_|        |_|    |_|      \________//____________/        
                                                                                
====================================[ Qcore ]===================================

 Git hash:   6a88d58d269bf0d2ccfae91583c23a2b072b7633
 Git date:   Tue, 25 May 2021 10:36:49 +0100
 Compiler:   GNU 9.1.0
 Build type: Release
 Version:    1.3.0

 Start time: Thu Jun 17 17:03:30 2021

 Data directory: /newhome/zw18965/.local/qcore/share/entos/1.3.0/data
 Number of threads: 16
 Number of threads was determined by: number of physical cores

 --------------------------------------------------------------------------------
                                   command: hf                                   
 --------------------------------------------------------------------------------
 AO basis set:                           cc-pwcvqz-pp-merged
 Number of AO basis functions:         149

 Formula:                                Ti
 Nuclear charge:                        22.000000000
 Total charge:                           0.000000000
 Number of electrons:                   22.000000000

 Number of alpha electrons:             12
 Number of beta electrons:              10
 Number of unpaired electrons:           2
 Spin:                                   2
 Multiplicity:                           triplet

 Theory:                                 hf
 Method for Coulomb:                     incore_df
 Method for exact exchange:              pre_transformed_df
 Integral threshold:                     1.00e-12
 DF basis set:                           def2-universal-jkfit
 Number of DF basis functions:         264
 Schwarz screening threshold:            1.00e-10
 Coulomb fitting method:                 Cholesky
 Method for AO orthogonalization:        symmetric
 Threshold for linear dependence:        1.00e-08

 -------------------------------------
  Running unrestricted open-shell SCF 
 -------------------------------------
 Max number of iterations:             128
 Conv. threshold (gradient):             1.00e-05
 Conv. threshold (energy):               1.00e-06
 Interpolation scheme:                   adiis+cdiis
 Initial guess:                          H0

 ---------------------------------------------------------------
                  energy        change          grad        time
 ---------------------------------------------------------------
   0      -739.335569724                    2.51e+01        0.01
   1      -793.135327494     -5.38e+01      1.23e+01        0.02
   2      -833.215335411     -4.01e+01      7.84e+00        0.02
   3      -846.038407488     -1.28e+01      2.17e+00        0.02
   4      -845.998848739      3.96e-02      2.21e+00        0.02
   5      -848.384088234     -2.39e+00      3.93e-01        0.02
   6      -848.408558579     -2.45e-02      1.34e-01        0.02
   7      -848.411254041     -2.70e-03      3.71e-02        0.02
   8      -848.411960951     -7.07e-04      2.69e-02        0.02
   9      -848.412459089     -4.98e-04      2.08e-02        0.02
  10      -848.413199852     -7.41e-04      1.60e-02        0.02
  11      -848.413849011     -6.49e-04      1.18e-02        0.02
  12      -848.414431847     -5.83e-04      6.61e-03        0.02
  13      -848.414579740     -1.48e-04      3.87e-03        0.02
  14      -848.414616701     -3.70e-05      2.30e-03        0.02
  15      -848.414629686     -1.30e-05      8.76e-04        0.02
  16      -848.414631027     -1.34e-06      3.53e-04        0.02
  17      -848.414631226     -1.99e-07      2.15e-04        0.02
  18      -848.414631264     -3.86e-08      1.34e-04        0.02
  19      -848.414631286     -2.13e-08      1.15e-04        0.02
  20      -848.414631305     -1.94e-08      8.45e-05        0.02
  21      -848.414631324     -1.90e-08      5.06e-05        0.02
  22      -848.414631330     -5.73e-09      1.89e-05        0.02
  23      -848.414631331     -1.08e-09      7.41e-06        0.02

 SCF converged in 23 iterations.

 Dipole moment (in Debye):               0.000000      -0.000000       0.000000

 Quadrupole moment (in Debye-Angstrom):
                  1            2            3
 1       -22.521524    -0.000004    -0.000008
 2        -0.000004   -22.521508     0.000012
 3        -0.000008     0.000012   -22.521528

 Spin-squared expectation <S^2>:         2.008
 Total spin quantum number S:            1.003
 TOTAL ENERGY:                        -848.414631331
 Saving results in set 'HF'

 --------------------------------------------------------------------------------
                                command: unsoldw12                               
 --------------------------------------------------------------------------------
 Number of AO basis functions:         149

 DF basis set:                           def2-qzvppd-ri
 Number of DF basis functions:         309


 --------------------------
  Virtual UW12 Correlation 
 --------------------------
 Unrestricted MP2 calculation:           
 Core spatial orbitals:                  5
 Correlated alpha orbitals:              7
 Correlated beta orbitals:               5
 Virtual alpha orbitals:               137
 Virtual beta orbitals:                139

 Opposite spin energy:                  -0.050081878

 Reference energy:                    -848.414631331
 UW12 correlation energy:               -0.050081878
 Total UW12 energy:                   -848.464713209

 --------------------------------------------------------------------------------

 End time:                               Thu Jun 17 17:03:40 2021
 Total wall-clock time:                  9.379 seconds
==================================================================================
