
================================================================================
          _____________ ________ _______________ ________     _________         
         / ___________// ______ \\_____   _____// ______ \   / ________)        
        / /_________  / /      \ \     | |     / /      \ \ | (_______          
       |  __________|| |        | |    | |    | |        | | \________ \        
        \ \_________ | |        | |    | |     \ \______/ /___________) |       
         \__________||_|        |_|    |_|      \________//____________/        
                                                                                
====================================[ Qcore ]===================================

 Git hash:   6a88d58d269bf0d2ccfae91583c23a2b072b7633
 Git date:   Tue, 25 May 2021 10:36:49 +0100
 Compiler:   GNU 9.1.0
 Build type: Release
 Version:    1.3.0

 Start time: Thu Jun 17 17:05:28 2021

 Data directory: /newhome/zw18965/.local/qcore/share/entos/1.3.0/data
 Number of threads: 16
 Number of threads was determined by: number of physical cores

 --------------------------------------------------------------------------------
                                   command: hf                                   
 --------------------------------------------------------------------------------
 AO basis set:                           cc-pwcvqz-pp-merged
 Number of AO basis functions:         145

 Formula:                                Br
 Nuclear charge:                        35.000000000
 Total charge:                           0.000000000
 Number of electrons:                   35.000000000

 Number of alpha electrons:             18
 Number of beta electrons:              17
 Number of unpaired electrons:           1
 Spin:                                   1
 Multiplicity:                           doublet

 Theory:                                 hf
 Method for Coulomb:                     incore_df
 Method for exact exchange:              pre_transformed_df
 Integral threshold:                     1.00e-12
 DF basis set:                           def2-universal-jkfit
 Number of DF basis functions:         266
 Schwarz screening threshold:            1.00e-10
 Coulomb fitting method:                 Cholesky
 Method for AO orthogonalization:        symmetric
 Threshold for linear dependence:        1.00e-08

 -------------------------------------
  Running unrestricted open-shell SCF 
 -------------------------------------
 Max number of iterations:             128
 Conv. threshold (gradient):             1.00e-05
 Conv. threshold (energy):               1.00e-06
 Interpolation scheme:                   adiis+cdiis
 Initial guess:                          H0

 ---------------------------------------------------------------
                  energy        change          grad        time
 ---------------------------------------------------------------
   0     -2216.985568480                    5.22e+01        0.02
   1     -2287.987144562     -7.10e+01      2.86e+01        0.02
   2     -2485.800890588     -1.98e+02      2.45e+01        0.02
   3     -2567.355057282     -8.16e+01      4.92e+00        0.02
   4     -2570.582864310     -3.23e+00      3.05e+00        0.02
   5     -2572.191313449     -1.61e+00      9.36e-01        0.02
   6     -2572.348325639     -1.57e-01      6.30e-01        0.03
   7     -2572.439224231     -9.09e-02      1.82e-01        0.02
   8     -2572.444648148     -5.42e-03      1.16e-01        0.03
   9     -2572.447880319     -3.23e-03      3.39e-02        0.03
  10     -2572.448065284     -1.85e-04      2.15e-02        0.03
  11     -2572.448188277     -1.23e-04      7.19e-05        0.03
  12     -2572.448188284     -7.43e-09      1.38e-05        0.03
  13     -2572.448188284     -3.13e-10      2.64e-06        0.03

 SCF converged in 13 iterations.

 Dipole moment (in Debye):              -0.000000      -0.000000       0.000000

 Quadrupole moment (in Debye-Angstrom):
                  1            2            3
 1       -19.025693    -0.086881    -0.385130
 2        -0.086881   -18.950670     0.585776
 3        -0.385130     0.585776   -16.486169

 Spin-squared expectation <S^2>:         0.760
 Total spin quantum number S:            0.505
 TOTAL ENERGY:                       -2572.448188284
 Saving results in set 'HF'

 --------------------------------------------------------------------------------
                                command: unsoldw12                               
 --------------------------------------------------------------------------------
 Number of AO basis functions:         145

 DF basis set:                           def2-qzvppd-ri
 Number of DF basis functions:         314


 --------------------------
  Virtual UW12 Correlation 
 --------------------------
 Unrestricted MP2 calculation:           
 Core spatial orbitals:                  9
 Correlated alpha orbitals:              9
 Correlated beta orbitals:               8
 Virtual alpha orbitals:               127
 Virtual beta orbitals:                128

 Opposite spin energy:                  -0.086927514

 Reference energy:                   -2572.448188284
 UW12 correlation energy:               -0.086927514
 Total UW12 energy:                  -2572.535115799

 --------------------------------------------------------------------------------

 End time:                               Thu Jun 17 17:05:35 2021
 Total wall-clock time:                  6.558 seconds
==================================================================================
