
================================================================================
          _____________ ________ _______________ ________     _________         
         / ___________// ______ \\_____   _____// ______ \   / ________)        
        / /_________  / /      \ \     | |     / /      \ \ | (_______          
       |  __________|| |        | |    | |    | |        | | \________ \        
        \ \_________ | |        | |    | |     \ \______/ /___________) |       
         \__________||_|        |_|    |_|      \________//____________/        
                                                                                
====================================[ Qcore ]===================================

 Git hash:   6a88d58d269bf0d2ccfae91583c23a2b072b7633
 Git date:   Tue, 25 May 2021 10:36:49 +0100
 Compiler:   GNU 9.1.0
 Build type: Release
 Version:    1.3.0

 Start time: Thu Jun 17 17:05:58 2021

 Data directory: /newhome/zw18965/.local/qcore/share/entos/1.3.0/data
 Number of threads: 16
 Number of threads was determined by: number of physical cores

 --------------------------------------------------------------------------------
                                   command: hf                                   
 --------------------------------------------------------------------------------
 AO basis set:                           cc-pwcvqz-pp-merged
 Number of AO basis functions:         144
 ECP on atom 1 (Ru):                     28 electrons

 Formula:                                Ru
 Nuclear charge:                        44.000000000
 Total charge:                           0.000000000
 Number of core electrons:              28
 Number of treated electrons:           16

 Number of alpha electrons:             10
 Number of beta electrons:               6
 Number of unpaired electrons:           4
 Spin:                                   4
 Multiplicity:                           quintet

 Theory:                                 hf
 Method for Coulomb:                     incore_df
 Method for exact exchange:              pre_transformed_df
 Integral threshold:                     1.00e-12
 DF basis set:                           def2-universal-jkfit
 Number of DF basis functions:         255
 Schwarz screening threshold:            1.00e-10
 Coulomb fitting method:                 Cholesky
 Method for AO orthogonalization:        symmetric
 Threshold for linear dependence:        1.00e-08

 -------------------------------------
  Running unrestricted open-shell SCF 
 -------------------------------------
 Max number of iterations:             128
 Conv. threshold (gradient):             1.00e-05
 Conv. threshold (energy):               1.00e-06
 Interpolation scheme:                   adiis+cdiis
 Initial guess:                          H0

 ---------------------------------------------------------------
                  energy        change          grad        time
 ---------------------------------------------------------------
   0       -78.768436083                    3.76e+00        0.01
   1       -77.155817840      1.61e+00      4.14e+00        0.01
   2       -88.786604521     -1.16e+01      2.56e+00        0.01
   3       -93.702962574     -4.92e+00      4.74e-01        0.01
   4       -93.783025105     -8.01e-02      1.80e-01        0.01
   5       -93.797624997     -1.46e-02      9.52e-02        0.02
   6       -93.804010025     -6.39e-03      4.70e-02        0.02
   7       -93.805827017     -1.82e-03      9.64e-03        0.02
   8       -93.805920972     -9.40e-05      8.86e-03        0.01
   9       -93.805975981     -5.50e-05      8.80e-03        0.01
  10       -93.805826544      1.49e-04      8.47e-03        0.01
  11       -93.805667807      1.59e-04      7.08e-03        0.02
  12       -93.805638838      2.90e-05      3.91e-03        0.02
  13       -93.805637011      1.83e-06      2.81e-03        0.02
  14       -93.805642852     -5.84e-06      1.48e-03        0.02
  15       -93.805646056     -3.20e-06      9.76e-04        0.02
  16       -93.805647742     -1.69e-06      6.93e-04        0.02
  17       -93.805649334     -1.59e-06      2.68e-04        0.02
  18       -93.805649600     -2.66e-07      4.72e-05        0.02
  19       -93.805649602     -2.43e-09      6.06e-06        0.02

 SCF converged in 19 iterations.

 Dipole moment (in Debye):              -0.000000      -0.000000       0.000000

 Quadrupole moment (in Debye-Angstrom):
                  1            2            3
 1       -23.015330     0.019084     0.030440
 2         0.019084   -21.925961    -0.000534
 3         0.030440    -0.000534   -21.926470

 Spin-squared expectation <S^2>:         6.004
 Total spin quantum number S:            2.001
 TOTAL ENERGY:                         -93.805649602
 Saving results in set 'HF'

 --------------------------------------------------------------------------------
                                command: unsoldw12                               
 --------------------------------------------------------------------------------
 Number of AO basis functions:         144

 DF basis set:                           def2-qzvppd-ri
 Number of DF basis functions:         252


 --------------------------
  Virtual UW12 Correlation 
 --------------------------
 Unrestricted MP2 calculation:           
 Core spatial orbitals:                  0
 Correlated alpha orbitals:             10
 Correlated beta orbitals:               6
 Virtual alpha orbitals:               134
 Virtual beta orbitals:                138

 Opposite spin energy:                  -0.082997257

 Reference energy:                     -93.805649602
 UW12 correlation energy:               -0.082997257
 Total UW12 energy:                    -93.888646859

 --------------------------------------------------------------------------------

 End time:                               Thu Jun 17 17:06:03 2021
 Total wall-clock time:                  5.214 seconds
==================================================================================
