
================================================================================
          _____________ ________ _______________ ________     _________         
         / ___________// ______ \\_____   _____// ______ \   / ________)        
        / /_________  / /      \ \     | |     / /      \ \ | (_______          
       |  __________|| |        | |    | |    | |        | | \________ \        
        \ \_________ | |        | |    | |     \ \______/ /___________) |       
         \__________||_|        |_|    |_|      \________//____________/        
                                                                                
====================================[ Qcore ]===================================

 Git hash:   6a88d58d269bf0d2ccfae91583c23a2b072b7633
 Git date:   Tue, 25 May 2021 10:36:49 +0100
 Compiler:   GNU 9.1.0
 Build type: Release
 Version:    1.3.0

 Start time: Thu Jun 17 17:07:33 2021

 Data directory: /newhome/zw18965/.local/qcore/share/entos/1.3.0/data
 Number of threads: 16
 Number of threads was determined by: number of physical cores

 --------------------------------------------------------------------------------
                                   command: hf                                   
 --------------------------------------------------------------------------------
 AO basis set:                           cc-pwcvqz-pp-merged
 Number of AO basis functions:         144
 ECP on atom 1 (W):                      60 electrons

 Formula:                                W
 Nuclear charge:                        74.000000000
 Total charge:                           0.000000000
 Number of core electrons:              60
 Number of treated electrons:           14

 Number of alpha electrons:              9
 Number of beta electrons:               5
 Number of unpaired electrons:           4
 Spin:                                   4
 Multiplicity:                           quintet

 Theory:                                 hf
 Method for Coulomb:                     incore_df
 Method for exact exchange:              pre_transformed_df
 Integral threshold:                     1.00e-12
 DF basis set:                           def2-universal-jkfit
 Number of DF basis functions:         227
 Schwarz screening threshold:            1.00e-10
 Coulomb fitting method:                 Cholesky
 Method for AO orthogonalization:        symmetric
 Threshold for linear dependence:        1.00e-08

 -------------------------------------
  Running unrestricted open-shell SCF 
 -------------------------------------
 Max number of iterations:             128
 Conv. threshold (gradient):             1.00e-05
 Conv. threshold (energy):               1.00e-06
 Interpolation scheme:                   adiis+cdiis
 Initial guess:                          H0

 ---------------------------------------------------------------
                  energy        change          grad        time
 ---------------------------------------------------------------
   0       -59.277142680                    2.67e+00        0.01
   1       -60.902433156     -1.63e+00      1.81e+00        0.01
   2       -64.785821524     -3.88e+00      1.42e+00        0.01
   3       -66.500140613     -1.71e+00      2.47e-01        0.01
   4       -66.529014907     -2.89e-02      6.07e-02        0.01
   5       -66.533902104     -4.89e-03      5.37e-02        0.01
   6       -66.538951214     -5.05e-03      6.22e-02        0.01
   7       -66.535362092      3.59e-03      5.46e-02        0.01
   8       -66.535011438      3.51e-04      4.70e-02        0.01
   9       -66.530398245      4.61e-03      4.17e-02        0.01
  10       -66.524964369      5.43e-03      2.84e-02        0.01
  11       -66.524995722     -3.14e-05      2.82e-02        0.01
  12       -66.526467213     -1.47e-03      2.60e-02        0.01
  13       -66.524967312      1.50e-03      2.48e-02        0.01
  14       -66.524316275      6.51e-04      9.03e-03        0.01
  15       -66.524335159     -1.89e-05      7.92e-03        0.02
  16       -66.524399887     -6.47e-05      4.86e-03        0.01
  17       -66.524425569     -2.57e-05      4.44e-03        0.01
  18       -66.524434257     -8.69e-06      3.27e-03        0.01
  19       -66.524448389     -1.41e-05      2.39e-03        0.01
  20       -66.524451172     -2.78e-06      2.36e-03        0.01
  21       -66.524439149      1.20e-05      2.32e-03        0.01
  22       -66.524425527      1.36e-05      2.25e-03        0.01
  23       -66.524376146      4.94e-05      1.79e-03        0.01
  24       -66.524331055      4.51e-05      7.66e-04        0.01
  25       -66.524328824      2.23e-06      4.99e-04        0.01
  26       -66.524326025      2.80e-06      5.16e-04        0.01
  27       -66.524325959      6.61e-08      3.08e-04        0.01
  28       -66.524325802      1.57e-07      2.67e-04        0.01
  29       -66.524325815     -1.30e-08      2.48e-04        0.01
  30       -66.524325852     -3.71e-08      2.48e-04        0.01
  31       -66.524325838      1.38e-08      2.38e-04        0.01
  32       -66.524325760      7.80e-08      2.07e-04        0.01
  33       -66.524325783     -2.30e-08      1.88e-04        0.01
  34       -66.524325777      5.87e-09      1.73e-04        0.01
  35       -66.524325768      9.03e-09      1.62e-04        0.01
  36       -66.524325692      7.62e-08      1.09e-04        0.01
  37       -66.524325672      1.98e-08      8.23e-05        0.01
  38       -66.524325695     -2.30e-08      8.00e-05        0.01
  39       -66.524325687      8.12e-09      7.51e-05        0.01
  40       -66.524325661      2.61e-08      2.30e-05        0.01
  41       -66.524325661     -9.15e-11      1.59e-05        0.01
  42       -66.524325661      1.66e-10      5.78e-06        0.01

 SCF converged in 42 iterations.

 Dipole moment (in Debye):               0.000000       0.000000       0.000000

 Quadrupole moment (in Debye-Angstrom):
                  1            2            3
 1       -26.251989    -0.135877    -0.678487
 2        -0.135877   -26.083272     1.219932
 3        -0.678487     1.219932   -20.235157

 Spin-squared expectation <S^2>:         6.066
 Total spin quantum number S:            2.013
 TOTAL ENERGY:                         -66.524325661
 Saving results in set 'HF'

 --------------------------------------------------------------------------------
                                command: unsoldw12                               
 --------------------------------------------------------------------------------
 Number of AO basis functions:         144

 DF basis set:                           def2-qzvppd-ri
 Number of DF basis functions:         261


 --------------------------
  Virtual UW12 Correlation 
 --------------------------
 Unrestricted MP2 calculation:           
 Core spatial orbitals:                  0
 Correlated alpha orbitals:              9
 Correlated beta orbitals:               5
 Virtual alpha orbitals:               135
 Virtual beta orbitals:                139

 Opposite spin energy:                  -0.073681593

 Reference energy:                     -66.524325661
 UW12 correlation energy:               -0.073681593
 Total UW12 energy:                    -66.598007254

 --------------------------------------------------------------------------------

 End time:                               Thu Jun 17 17:07:40 2021
 Total wall-clock time:                  6.640 seconds
==================================================================================
