
================================================================================
          _____________ ________ _______________ ________     _________         
         / ___________// ______ \\_____   _____// ______ \   / ________)        
        / /_________  / /      \ \     | |     / /      \ \ | (_______          
       |  __________|| |        | |    | |    | |        | | \________ \        
        \ \_________ | |        | |    | |     \ \______/ /___________) |       
         \__________||_|        |_|    |_|      \________//____________/        
                                                                                
====================================[ Qcore ]===================================

 Git hash:   6a88d58d269bf0d2ccfae91583c23a2b072b7633
 Git date:   Tue, 25 May 2021 10:36:49 +0100
 Compiler:   GNU 9.1.0
 Build type: Release
 Version:    1.3.0

 Start time: Thu Jun 17 17:07:40 2021

 Data directory: /newhome/zw18965/.local/qcore/share/entos/1.3.0/data
 Number of threads: 16
 Number of threads was determined by: number of physical cores

 --------------------------------------------------------------------------------
                                   command: hf                                   
 --------------------------------------------------------------------------------
 AO basis set:                           cc-pwcvqz-pp-merged
 Number of AO basis functions:         144
 ECP on atom 1 (Re):                     60 electrons

 Formula:                                Re
 Nuclear charge:                        75.000000000
 Total charge:                           0.000000000
 Number of core electrons:              60
 Number of treated electrons:           15

 Number of alpha electrons:             10
 Number of beta electrons:               5
 Number of unpaired electrons:           5
 Spin:                                   5
 Multiplicity:                           septet

 Theory:                                 hf
 Method for Coulomb:                     incore_df
 Method for exact exchange:              pre_transformed_df
 Integral threshold:                     1.00e-12
 DF basis set:                           def2-universal-jkfit
 Number of DF basis functions:         227
 Schwarz screening threshold:            1.00e-10
 Coulomb fitting method:                 Cholesky
 Method for AO orthogonalization:        symmetric
 Threshold for linear dependence:        1.00e-08

 -------------------------------------
  Running unrestricted open-shell SCF 
 -------------------------------------
 Max number of iterations:             128
 Conv. threshold (gradient):             1.00e-05
 Conv. threshold (energy):               1.00e-06
 Interpolation scheme:                   adiis+cdiis
 Initial guess:                          H0

 ---------------------------------------------------------------
                  energy        change          grad        time
 ---------------------------------------------------------------
   0       -69.139554905                    3.45e+00        0.01
   1       -69.920914223     -7.81e-01      1.97e+00        0.01
   2       -75.605762909     -5.68e+00      1.60e+00        0.01
   3       -77.732601034     -2.13e+00      3.18e-01        0.01
   4       -77.766130476     -3.35e-02      8.48e-02        0.01
   5       -77.769882616     -3.75e-03      4.01e-02        0.02
   6       -77.770858458     -9.76e-04      1.57e-02        0.02
   7       -77.771095762     -2.37e-04      1.23e-02        0.02
   8       -77.771039250      5.65e-05      1.19e-02        0.02
   9       -77.770559046      4.80e-04      4.90e-03        0.02
  10       -77.770515667      4.34e-05      7.84e-04        0.02
  11       -77.770515922     -2.56e-07      3.15e-04        0.02
  12       -77.770515961     -3.87e-08      2.57e-04        0.02
  13       -77.770516034     -7.26e-08      2.50e-04        0.02
  14       -77.770516068     -3.41e-08      2.52e-04        0.02
  15       -77.770516276     -2.08e-07      2.49e-04        0.02
  16       -77.770517360     -1.08e-06      2.30e-04        0.02
  17       -77.770520708     -3.35e-06      2.38e-04        0.02
  18       -77.770521448     -7.40e-07      6.68e-04        0.02
  19       -77.770521485     -3.73e-08      7.32e-04        0.01
  20       -77.770521664     -1.79e-07      3.74e-04        0.02
  21       -77.770521731     -6.67e-08      9.09e-05        0.02
  22       -77.770521735     -4.51e-09      6.63e-06        0.01

 SCF converged in 22 iterations.

 Dipole moment (in Debye):              -0.000000      -0.000000      -0.000000

 Quadrupole moment (in Debye-Angstrom):
                  1            2            3
 1       -24.657827    -0.226432     0.000567
 2        -0.226432   -22.656006    -0.005533
 3         0.000567    -0.005533   -24.683111

 Spin-squared expectation <S^2>:         8.759
 Total spin quantum number S:            2.501
 TOTAL ENERGY:                         -77.770521735
 Saving results in set 'HF'

 --------------------------------------------------------------------------------
                                command: unsoldw12                               
 --------------------------------------------------------------------------------
 Number of AO basis functions:         144

 DF basis set:                           def2-qzvppd-ri
 Number of DF basis functions:         261


 --------------------------
  Virtual UW12 Correlation 
 --------------------------
 Unrestricted MP2 calculation:           
 Core spatial orbitals:                  0
 Correlated alpha orbitals:             10
 Correlated beta orbitals:               5
 Virtual alpha orbitals:               134
 Virtual beta orbitals:                139

 Opposite spin energy:                  -0.078990045

 Reference energy:                     -77.770521735
 UW12 correlation energy:               -0.078990045
 Total UW12 energy:                    -77.849511780

 --------------------------------------------------------------------------------

 End time:                               Thu Jun 17 17:07:46 2021
 Total wall-clock time:                  5.839 seconds
==================================================================================
