
================================================================================
          _____________ ________ _______________ ________     _________         
         / ___________// ______ \\_____   _____// ______ \   / ________)        
        / /_________  / /      \ \     | |     / /      \ \ | (_______          
       |  __________|| |        | |    | |    | |        | | \________ \        
        \ \_________ | |        | |    | |     \ \______/ /___________) |       
         \__________||_|        |_|    |_|      \________//____________/        
                                                                                
====================================[ Qcore ]===================================

 Git hash:   6a88d58d269bf0d2ccfae91583c23a2b072b7633
 Git date:   Tue, 25 May 2021 10:36:49 +0100
 Compiler:   GNU 9.1.0
 Build type: Release
 Version:    1.3.0

 Start time: Thu Jun 17 17:01:12 2021

 Data directory: /newhome/zw18965/.local/qcore/share/entos/1.3.0/data
 Number of threads: 16
 Number of threads was determined by: number of physical cores

 --------------------------------------------------------------------------------
                                   command: hf                                   
 --------------------------------------------------------------------------------
 AO basis set:                           cc-pwcvtz-pp-merged
 Number of AO basis functions:          84

 Formula:                                Kr
 Nuclear charge:                        36.000000000
 Total charge:                           0.000000000
 Number of electrons:                   36.000000000

 Number of alpha electrons:             18
 Number of beta electrons:              18
 Number of unpaired electrons:           0
 Spin:                                   0
 Multiplicity:                           singlet

 Theory:                                 hf
 Method for Coulomb:                     incore_df
 Method for exact exchange:              pre_transformed_df
 Integral threshold:                     1.00e-12
 DF basis set:                           def2-universal-jkfit
 Number of DF basis functions:         266
 Schwarz screening threshold:            1.00e-10
 Coulomb fitting method:                 Cholesky
 Method for AO orthogonalization:        symmetric
 Threshold for linear dependence:        1.00e-08

 -------------------------------------
  Running restricted closed-shell SCF 
 -------------------------------------
 Max number of iterations:             128
 Conv. threshold (gradient):             1.00e-05
 Conv. threshold (energy):               1.00e-06
 Interpolation scheme:                   adiis+cdiis
 Initial guess:                          H0

 ---------------------------------------------------------------
                  energy        change          grad        time
 ---------------------------------------------------------------
   0     -2435.797681604                    7.74e+01        0.01
   1     -2486.297958882     -5.05e+01      4.12e+01        0.00
   2     -2665.105775959     -1.79e+02      3.39e+01        0.00
   3     -2748.158925566     -8.31e+01      8.20e+00        0.00
   4     -2750.761197129     -2.60e+00      4.48e+00        0.00
   5     -2751.834779174     -1.07e+00      1.72e+00        0.00
   6     -2751.975805017     -1.41e-01      1.04e+00        0.00
   7     -2752.043264495     -6.75e-02      3.53e-01        0.00
   8     -2752.048946702     -5.68e-03      2.12e-01        0.00
   9     -2752.051759926     -2.81e-03      7.06e-02        0.01
  10     -2752.051993394     -2.33e-04      4.11e-02        0.01
  11     -2752.052113844     -1.20e-04      8.29e-06        0.01
  12     -2752.052113844     -1.68e-11      3.80e-07        0.00

 SCF converged in 12 iterations.

 Dipole moment (in Debye):               0.000000      -0.000000       0.000000

 Quadrupole moment (in Debye-Angstrom):
                  1            2            3
 1       -17.699052    -0.000000    -0.000000
 2        -0.000000   -17.699052     0.000000
 3        -0.000000     0.000000   -17.699052

 Spin-squared expectation <S^2>:         0.000
 Total spin quantum number S:            0.000
 TOTAL ENERGY:                       -2752.052113844
 Saving results in set 'HF'

 --------------------------------------------------------------------------------
                                command: unsoldw12                               
 --------------------------------------------------------------------------------
 Number of AO basis functions:          84

 DF basis set:                           def2-qzvppd-ri
 Number of DF basis functions:         314


 --------------------------
  Virtual UW12 Correlation 
 --------------------------
 Restricted Virtual UW12 calculation:    
 Core orbitals:                          9
 Correlated orbitals:                    9
 Virtual orbitals:                      66

 Opposite spin energy:                  -0.090943944

 Reference energy:                   -2752.052113844
 UW12 correlation energy:               -0.090943944
 Total UW12 energy:                  -2752.143057788

 --------------------------------------------------------------------------------

 End time:                               Thu Jun 17 17:01:14 2021
 Total wall-clock time:                  1.987 seconds
==================================================================================
