
================================================================================
          _____________ ________ _______________ ________     _________         
         / ___________// ______ \\_____   _____// ______ \   / ________)        
        / /_________  / /      \ \     | |     / /      \ \ | (_______          
       |  __________|| |        | |    | |    | |        | | \________ \        
        \ \_________ | |        | |    | |     \ \______/ /___________) |       
         \__________||_|        |_|    |_|      \________//____________/        
                                                                                
====================================[ Qcore ]===================================

 Git hash:   6a88d58d269bf0d2ccfae91583c23a2b072b7633
 Git date:   Tue, 25 May 2021 10:36:49 +0100
 Compiler:   GNU 9.1.0
 Build type: Release
 Version:    1.3.0

 Start time: Thu Jun 17 17:02:06 2021

 Data directory: /newhome/zw18965/.local/qcore/share/entos/1.3.0/data
 Number of threads: 16
 Number of threads was determined by: number of physical cores

 --------------------------------------------------------------------------------
                                   command: hf                                   
 --------------------------------------------------------------------------------
 AO basis set:                           cc-pwcvtz-pp-merged
 Number of AO basis functions:          80
 ECP on atom 1 (Pb):                     60 electrons

 Formula:                                Pb
 Nuclear charge:                        82.000000000
 Total charge:                           0.000000000
 Number of core electrons:              60
 Number of treated electrons:           22

 Number of alpha electrons:             12
 Number of beta electrons:              10
 Number of unpaired electrons:           2
 Spin:                                   2
 Multiplicity:                           triplet

 Theory:                                 hf
 Method for Coulomb:                     incore_df
 Method for exact exchange:              pre_transformed_df
 Integral threshold:                     1.00e-12
 DF basis set:                           def2-universal-jkfit
 Number of DF basis functions:         251
 Schwarz screening threshold:            1.00e-10
 Coulomb fitting method:                 Cholesky
 Method for AO orthogonalization:        symmetric
 Threshold for linear dependence:        1.00e-08

 -------------------------------------
  Running unrestricted open-shell SCF 
 -------------------------------------
 Max number of iterations:             128
 Conv. threshold (gradient):             1.00e-05
 Conv. threshold (energy):               1.00e-06
 Interpolation scheme:                   adiis+cdiis
 Initial guess:                          H0

 ---------------------------------------------------------------
                  energy        change          grad        time
 ---------------------------------------------------------------
   0      -164.508186810                    5.77e+00        0.00
   1      -153.643800809      1.09e+01      3.71e+00        0.00
   2      -181.045185894     -2.74e+01      5.32e+00        0.00
   3      -191.498512528     -1.05e+01      6.73e-01        0.01
   4      -191.766737686     -2.68e-01      3.25e-01        0.01
   5      -191.819643546     -5.29e-02      1.30e-01        0.01
   6      -191.832430193     -1.28e-02      6.97e-02        0.01
   7      -191.835270544     -2.84e-03      3.09e-02        0.01
   8      -191.836119540     -8.49e-04      7.24e-04        0.01
   9      -191.836120196     -6.56e-07      1.14e-04        0.01
  10      -191.836120207     -1.02e-08      1.69e-05        0.01
  11      -191.836120207     -2.11e-10      3.30e-06        0.01

 SCF converged in 11 iterations.

 Dipole moment (in Debye):               0.000000      -0.000000       0.000000

 Quadrupole moment (in Debye-Angstrom):
                  1            2            3
 1       -32.136713     0.239764     0.828427
 2         0.239764   -31.711082     1.843053
 3         0.828427     1.843053   -25.876366

 Spin-squared expectation <S^2>:         2.010
 Total spin quantum number S:            1.003
 TOTAL ENERGY:                        -191.836120207
 Saving results in set 'HF'

 --------------------------------------------------------------------------------
                                command: unsoldw12                               
 --------------------------------------------------------------------------------
 Number of AO basis functions:          80

 DF basis set:                           def2-qzvppd-ri
 Number of DF basis functions:         281


 --------------------------
  Virtual UW12 Correlation 
 --------------------------
 Unrestricted MP2 calculation:           
 Core spatial orbitals:                  4
 Correlated alpha orbitals:              8
 Correlated beta orbitals:               6
 Virtual alpha orbitals:                68
 Virtual beta orbitals:                 70

 Opposite spin energy:                  -0.120450268

 Reference energy:                    -191.836120207
 UW12 correlation energy:               -0.120450268
 Total UW12 energy:                   -191.956570475

 --------------------------------------------------------------------------------

 End time:                               Thu Jun 17 17:02:08 2021
 Total wall-clock time:                  1.924 seconds
==================================================================================
