
================================================================================
          _____________ ________ _______________ ________     _________         
         / ___________// ______ \\_____   _____// ______ \   / ________)        
        / /_________  / /      \ \     | |     / /      \ \ | (_______          
       |  __________|| |        | |    | |    | |        | | \________ \        
        \ \_________ | |        | |    | |     \ \______/ /___________) |       
         \__________||_|        |_|    |_|      \________//____________/        
                                                                                
====================================[ Qcore ]===================================

 Git hash:   6a88d58d269bf0d2ccfae91583c23a2b072b7633
 Git date:   Tue, 25 May 2021 10:36:49 +0100
 Compiler:   GNU 9.1.0
 Build type: Release
 Version:    1.3.0

 Start time: Thu Jun 10 17:30:43 2021

 Data directory: /newhome/zw18965/.local/qcore/share/entos/1.3.0/data
 Number of threads: 16
 Number of threads was determined by: number of physical cores

 --------------------------------------------------------------------------------
                                   command: hf                                   
 --------------------------------------------------------------------------------
 AO basis set:                           aug-cc-pvqz-merged
 Number of AO basis functions:          89

 Formula:                                Cl
 Nuclear charge:                        17.000000000
 Total charge:                           0.000000000
 Number of electrons:                   17.000000000

 Number of alpha electrons:              9
 Number of beta electrons:               8
 Number of unpaired electrons:           1
 Spin:                                   1
 Multiplicity:                           doublet

 Theory:                                 hf
 Method for Coulomb:                     incore_df
 Method for exact exchange:              pre_transformed_df
 Integral threshold:                     1.00e-12
 DF basis set:                           def2-universal-jkfit
 Number of DF basis functions:         128
 Schwarz screening threshold:            1.00e-10
 Coulomb fitting method:                 Cholesky
 Method for AO orthogonalization:        symmetric
 Threshold for linear dependence:        1.00e-08

 -------------------------------------
  Running unrestricted open-shell SCF 
 -------------------------------------
 Max number of iterations:             128
 Conv. threshold (gradient):             1.00e-05
 Conv. threshold (energy):               1.00e-06
 Interpolation scheme:                   adiis+cdiis
 Initial guess:                          H0

 ---------------------------------------------------------------
                  energy        change          grad        time
 ---------------------------------------------------------------
   0      -405.711709174                    1.05e+01        0.01
   1      -446.782793025     -4.11e+01      4.33e+00        0.01
   2      -457.001804649     -1.02e+01      2.09e+00        0.01
   3      -459.021425865     -2.02e+00      7.62e-01        0.01
   4      -459.447980894     -4.27e-01      3.12e-01        0.01
   5      -459.486853273     -3.89e-02      7.39e-02        0.01
   6      -459.489089288     -2.24e-03      2.09e-02        0.02
   7      -459.489233241     -1.44e-04      2.53e-03        0.01
   8      -459.489238429     -5.19e-06      5.51e-04        0.01
   9      -459.489238924     -4.95e-07      1.36e-04        0.02
  10      -459.489238938     -1.44e-08      2.20e-05        0.01
  11      -459.489238939     -2.93e-10      2.18e-06        0.01

 SCF converged in 11 iterations.

 Dipole moment (in Debye):               0.000000       0.000000      -0.000000

 Quadrupole moment (in Debye-Angstrom):
                  1            2            3
 1       -12.832871     0.113474    -0.734167
 2         0.113474   -13.077793    -0.287854
 3        -0.734167    -0.287854   -11.259896

 Spin-squared expectation <S^2>:         0.761
 Total spin quantum number S:            0.505
 TOTAL ENERGY:                        -459.489238939
 Saving results in set 'HF'

 --------------------------------------------------------------------------------
                                command: unsoldw12                               
 --------------------------------------------------------------------------------
 Number of AO basis functions:          89

 DF basis set:                           def2-qzvppd-ri
 Number of DF basis functions:         183


 --------------------------
  Virtual UW12 Correlation 
 --------------------------
 Unrestricted MP2 calculation:           
 Core spatial orbitals:                  5
 Correlated alpha orbitals:              4
 Correlated beta orbitals:               3
 Virtual alpha orbitals:                80
 Virtual beta orbitals:                 81

 Opposite spin energy:                  -0.029179629

 Reference energy:                    -459.489238939
 UW12 correlation energy:               -0.029179629
 Total UW12 energy:                   -459.518418568

 --------------------------------------------------------------------------------

 End time:                               Thu Jun 10 17:30:44 2021
 Total wall-clock time:                  1.228 seconds
==================================================================================
