
================================================================================
          _____________ ________ _______________ ________     _________         
         / ___________// ______ \\_____   _____// ______ \   / ________)        
        / /_________  / /      \ \     | |     / /      \ \ | (_______          
       |  __________|| |        | |    | |    | |        | | \________ \        
        \ \_________ | |        | |    | |     \ \______/ /___________) |       
         \__________||_|        |_|    |_|      \________//____________/        
                                                                                
====================================[ Qcore ]===================================

 Git hash:   6a88d58d269bf0d2ccfae91583c23a2b072b7633
 Git date:   Tue, 25 May 2021 10:36:49 +0100
 Compiler:   GNU 9.1.0
 Build type: Release
 Version:    1.3.0

 Start time: Thu Jun 10 17:31:05 2021

 Data directory: /newhome/zw18965/.local/qcore/share/entos/1.3.0/data
 Number of threads: 16
 Number of threads was determined by: number of physical cores

 --------------------------------------------------------------------------------
                                   command: hf                                   
 --------------------------------------------------------------------------------
 AO basis set:                           aug-cc-pvqz-merged
 Number of AO basis functions:         140

 Formula:                                Ti
 Nuclear charge:                        22.000000000
 Total charge:                           0.000000000
 Number of electrons:                   22.000000000

 Number of alpha electrons:             12
 Number of beta electrons:              10
 Number of unpaired electrons:           2
 Spin:                                   2
 Multiplicity:                           triplet

 Theory:                                 hf
 Method for Coulomb:                     incore_df
 Method for exact exchange:              pre_transformed_df
 Integral threshold:                     1.00e-12
 DF basis set:                           def2-universal-jkfit
 Number of DF basis functions:         264
 Schwarz screening threshold:            1.00e-10
 Coulomb fitting method:                 Cholesky
 Method for AO orthogonalization:        symmetric
 Threshold for linear dependence:        1.00e-08

 -------------------------------------
  Running unrestricted open-shell SCF 
 -------------------------------------
 Max number of iterations:             128
 Conv. threshold (gradient):             1.00e-05
 Conv. threshold (energy):               1.00e-06
 Interpolation scheme:                   adiis+cdiis
 Initial guess:                          H0

 ---------------------------------------------------------------
                  energy        change          grad        time
 ---------------------------------------------------------------
   0      -806.841347339                    8.41e+00        0.04
   1      -803.747870218      3.09e+00      6.43e+00        0.04
   2      -838.233653971     -3.45e+01      4.92e+00        0.03
   3      -846.472007563     -8.24e+00      1.94e+00        0.04
   4      -846.578338861     -1.06e-01      2.24e+00        0.03
   5      -848.361250976     -1.78e+00      3.44e-01        0.03
   6      -848.389834624     -2.86e-02      1.15e-01        0.04
   7      -848.396278287     -6.44e-03      5.28e-02        0.04
   8      -848.399004830     -2.73e-03      3.21e-02        0.05
   9      -848.401633337     -2.63e-03      1.44e-02        0.05
  10      -848.402212529     -5.79e-04      8.68e-03        0.03
  11      -848.402429548     -2.17e-04      8.89e-03        0.04
  12      -848.402562330     -1.33e-04      8.03e-03        0.04
  13      -848.402636562     -7.42e-05      7.48e-03        0.03
  14      -848.402574721      6.18e-05      7.54e-03        0.04
  15      -848.402381419      1.93e-04      5.41e-03        0.04
  16      -848.402330155      5.13e-05      3.68e-03        0.05
  17      -848.402337577     -7.42e-06      2.61e-03        0.04
  18      -848.402354564     -1.70e-05      1.06e-03        0.04
  19      -848.402356697     -2.13e-06      5.84e-04        0.04
  20      -848.402357318     -6.21e-07      4.15e-04        0.03
  21      -848.402357974     -6.56e-07      1.94e-04        0.03
  22      -848.402358231     -2.57e-07      5.68e-05        0.04
  23      -848.402358246     -1.42e-08      2.43e-05        0.04
  24      -848.402358247     -9.81e-10      7.50e-06        0.04

 SCF converged in 24 iterations.

 Dipole moment (in Debye):               0.000000      -0.000000       0.000000

 Quadrupole moment (in Debye-Angstrom):
                  1            2            3
 1       -22.442223    -0.006701     0.000163
 2        -0.006701   -22.646577     0.006587
 3         0.000163     0.006587   -22.442217

 Spin-squared expectation <S^2>:         2.010
 Total spin quantum number S:            1.003
 TOTAL ENERGY:                        -848.402358247
 Saving results in set 'HF'

 --------------------------------------------------------------------------------
                                command: unsoldw12                               
 --------------------------------------------------------------------------------
 Number of AO basis functions:         140

 DF basis set:                           def2-qzvppd-ri
 Number of DF basis functions:         309


 --------------------------
  Virtual UW12 Correlation 
 --------------------------
 Unrestricted MP2 calculation:           
 Core spatial orbitals:                  5
 Correlated alpha orbitals:              7
 Correlated beta orbitals:               5
 Virtual alpha orbitals:               128
 Virtual beta orbitals:                130

 Opposite spin energy:                  -0.046283729

 Reference energy:                    -848.402358247
 UW12 correlation energy:               -0.046283729
 Total UW12 energy:                   -848.448641975

 --------------------------------------------------------------------------------

 End time:                               Thu Jun 10 17:31:25 2021
 Total wall-clock time:                 19.846 seconds
==================================================================================
