
================================================================================
          _____________ ________ _______________ ________     _________         
         / ___________// ______ \\_____   _____// ______ \   / ________)        
        / /_________  / /      \ \     | |     / /      \ \ | (_______          
       |  __________|| |        | |    | |    | |        | | \________ \        
        \ \_________ | |        | |    | |     \ \______/ /___________) |       
         \__________||_|        |_|    |_|      \________//____________/        
                                                                                
====================================[ Qcore ]===================================

 Git hash:   6a88d58d269bf0d2ccfae91583c23a2b072b7633
 Git date:   Tue, 25 May 2021 10:36:49 +0100
 Compiler:   GNU 9.1.0
 Build type: Release
 Version:    1.3.0

 Start time: Thu Jun 10 17:33:43 2021

 Data directory: /newhome/zw18965/.local/qcore/share/entos/1.3.0/data
 Number of threads: 16
 Number of threads was determined by: number of physical cores

 --------------------------------------------------------------------------------
                                   command: hf                                   
 --------------------------------------------------------------------------------
 AO basis set:                           aug-cc-pvqz-merged
 Number of AO basis functions:          93

 Formula:                                Ga
 Nuclear charge:                        31.000000000
 Total charge:                           0.000000000
 Number of electrons:                   31.000000000

 Number of alpha electrons:             16
 Number of beta electrons:              15
 Number of unpaired electrons:           1
 Spin:                                   1
 Multiplicity:                           doublet

 Theory:                                 hf
 Method for Coulomb:                     incore_df
 Method for exact exchange:              pre_transformed_df
 Integral threshold:                     1.00e-12
 DF basis set:                           def2-universal-jkfit
 Number of DF basis functions:         266
 Schwarz screening threshold:            1.00e-10
 Coulomb fitting method:                 Cholesky
 Method for AO orthogonalization:        symmetric
 Threshold for linear dependence:        1.00e-08

 -------------------------------------
  Running unrestricted open-shell SCF 
 -------------------------------------
 Max number of iterations:             128
 Conv. threshold (gradient):             1.00e-05
 Conv. threshold (energy):               1.00e-06
 Interpolation scheme:                   adiis+cdiis
 Initial guess:                          H0

 ---------------------------------------------------------------
                  energy        change          grad        time
 ---------------------------------------------------------------
   0     -1903.737511796                    4.47e+00        0.02
   1     -1853.240367726      5.05e+01      6.39e+00        0.02
   2     -1913.029195972     -5.98e+01      5.06e+00        0.02
   3     -1922.849867860     -9.82e+00      7.13e-01        0.01
   4     -1923.130775791     -2.81e-01      4.79e-01        0.02
   5     -1923.202126875     -7.14e-02      2.90e-01        0.02
   6     -1923.258330112     -5.62e-02      1.02e-01        0.02
   7     -1923.261779921     -3.45e-03      5.91e-02        0.02
   8     -1923.263842307     -2.06e-03      2.27e-02        0.02
   9     -1923.264176985     -3.35e-04      7.85e-04        0.01
  10     -1923.264177714     -7.28e-07      1.31e-04        0.01
  11     -1923.264177740     -2.60e-08      2.57e-05        0.02
  12     -1923.264177740     -5.72e-10      3.61e-06        0.02

 SCF converged in 12 iterations.

 Dipole moment (in Debye):              -0.000000      -0.000000      -0.000000

 Quadrupole moment (in Debye-Angstrom):
                  1            2            3
 1       -15.719770     0.189603    -0.109020
 2         0.189603   -21.470379     3.310140
 3        -0.109020     3.310140   -17.616827

 Spin-squared expectation <S^2>:         0.763
 Total spin quantum number S:            0.507
 TOTAL ENERGY:                       -1923.264177740
 Saving results in set 'HF'

 --------------------------------------------------------------------------------
                                command: unsoldw12                               
 --------------------------------------------------------------------------------
 Number of AO basis functions:          93

 DF basis set:                           def2-qzvppd-ri
 Number of DF basis functions:         314


 --------------------------
  Virtual UW12 Correlation 
 --------------------------
 Unrestricted MP2 calculation:           
 Core spatial orbitals:                  9
 Correlated alpha orbitals:              7
 Correlated beta orbitals:               6
 Virtual alpha orbitals:                77
 Virtual beta orbitals:                 78

 Opposite spin energy:                  -0.024172860

 Reference energy:                   -1923.264177740
 UW12 correlation energy:               -0.024172860
 Total UW12 energy:                  -1923.288350600

 --------------------------------------------------------------------------------

 End time:                               Thu Jun 10 17:33:54 2021
 Total wall-clock time:                 11.109 seconds
==================================================================================
