
================================================================================
          _____________ ________ _______________ ________     _________         
         / ___________// ______ \\_____   _____// ______ \   / ________)        
        / /_________  / /      \ \     | |     / /      \ \ | (_______          
       |  __________|| |        | |    | |    | |        | | \________ \        
        \ \_________ | |        | |    | |     \ \______/ /___________) |       
         \__________||_|        |_|    |_|      \________//____________/        
                                                                                
====================================[ Qcore ]===================================

 Git hash:   6a88d58d269bf0d2ccfae91583c23a2b072b7633
 Git date:   Tue, 25 May 2021 10:36:49 +0100
 Compiler:   GNU 9.1.0
 Build type: Release
 Version:    1.3.0

 Start time: Thu Jun 10 17:34:16 2021

 Data directory: /newhome/zw18965/.local/qcore/share/entos/1.3.0/data
 Number of threads: 16
 Number of threads was determined by: number of physical cores

 --------------------------------------------------------------------------------
                                   command: hf                                   
 --------------------------------------------------------------------------------
 AO basis set:                           aug-cc-pvqz-merged
 Number of AO basis functions:          93

 Formula:                                Se
 Nuclear charge:                        34.000000000
 Total charge:                           0.000000000
 Number of electrons:                   34.000000000

 Number of alpha electrons:             18
 Number of beta electrons:              16
 Number of unpaired electrons:           2
 Spin:                                   2
 Multiplicity:                           triplet

 Theory:                                 hf
 Method for Coulomb:                     incore_df
 Method for exact exchange:              pre_transformed_df
 Integral threshold:                     1.00e-12
 DF basis set:                           def2-universal-jkfit
 Number of DF basis functions:         266
 Schwarz screening threshold:            1.00e-10
 Coulomb fitting method:                 Cholesky
 Method for AO orthogonalization:        symmetric
 Threshold for linear dependence:        1.00e-08

 -------------------------------------
  Running unrestricted open-shell SCF 
 -------------------------------------
 Max number of iterations:             128
 Conv. threshold (gradient):             1.00e-05
 Conv. threshold (energy):               1.00e-06
 Interpolation scheme:                   adiis+cdiis
 Initial guess:                          H0

 ---------------------------------------------------------------
                  energy        change          grad        time
 ---------------------------------------------------------------
   0     -2365.255754555                    9.41e+00        0.01
   1     -2287.769054480      7.75e+01      8.83e+00        0.02
   2     -2382.829631738     -9.51e+01      7.55e+00        0.02
   3     -2399.011019328     -1.62e+01      1.27e+00        0.03
   4     -2399.664323770     -6.53e-01      7.65e-01        0.02
   5     -2399.820248514     -1.56e-01      3.44e-01        0.02
   6     -2399.862161673     -4.19e-02      1.85e-01        0.02
   7     -2399.871905485     -9.74e-03      8.76e-02        0.02
   8     -2399.874306004     -2.40e-03      4.47e-02        0.02
   9     -2399.875080121     -7.74e-04      3.43e-04        0.02
  10     -2399.875080258     -1.37e-07      8.12e-05        0.02
  11     -2399.875080262     -3.77e-09      1.15e-05        0.02
  12     -2399.875080262     -7.73e-11      1.43e-06        0.02

 SCF converged in 12 iterations.

 Dipole moment (in Debye):              -0.000000      -0.000000      -0.000000

 Quadrupole moment (in Debye-Angstrom):
                  1            2            3
 1       -17.600851    -0.835655    -0.471465
 2        -0.835655   -19.728920    -1.363633
 3        -0.471465    -1.363633   -18.081272

 Spin-squared expectation <S^2>:         2.012
 Total spin quantum number S:            1.004
 TOTAL ENERGY:                       -2399.875080262
 Saving results in set 'HF'

 --------------------------------------------------------------------------------
                                command: unsoldw12                               
 --------------------------------------------------------------------------------
 Number of AO basis functions:          93

 DF basis set:                           def2-qzvppd-ri
 Number of DF basis functions:         314


 --------------------------
  Virtual UW12 Correlation 
 --------------------------
 Unrestricted MP2 calculation:           
 Core spatial orbitals:                  9
 Correlated alpha orbitals:              9
 Correlated beta orbitals:               7
 Virtual alpha orbitals:                75
 Virtual beta orbitals:                 77

 Opposite spin energy:                  -0.034763981

 Reference energy:                   -2399.875080262
 UW12 correlation energy:               -0.034763981
 Total UW12 energy:                  -2399.909844242

 --------------------------------------------------------------------------------

 End time:                               Thu Jun 10 17:34:27 2021
 Total wall-clock time:                 10.746 seconds
==================================================================================
