
================================================================================
          _____________ ________ _______________ ________     _________         
         / ___________// ______ \\_____   _____// ______ \   / ________)        
        / /_________  / /      \ \     | |     / /      \ \ | (_______          
       |  __________|| |        | |    | |    | |        | | \________ \        
        \ \_________ | |        | |    | |     \ \______/ /___________) |       
         \__________||_|        |_|    |_|      \________//____________/        
                                                                                
====================================[ Qcore ]===================================

 Git hash:   6a88d58d269bf0d2ccfae91583c23a2b072b7633
 Git date:   Tue, 25 May 2021 10:36:49 +0100
 Compiler:   GNU 9.1.0
 Build type: Release
 Version:    1.3.0

 Start time: Wed Jun 16 09:28:17 2021

 Data directory: /newhome/zw18965/.local/qcore/share/entos/1.3.0/data
 Number of threads: 16
 Number of threads was determined by: number of physical cores

 --------------------------------------------------------------------------------
                                   command: hf                                   
 --------------------------------------------------------------------------------
 AO basis set:                           def2-svp
 Number of AO basis functions:          26
 ECP on atom 1 (Sb):                     28 electrons

 Formula:                                Sb
 Nuclear charge:                        51.000000000
 Total charge:                           0.000000000
 Number of core electrons:              28
 Number of treated electrons:           23

 Number of alpha electrons:             13
 Number of beta electrons:              10
 Number of unpaired electrons:           3
 Spin:                                   3
 Multiplicity:                           quartet

 Theory:                                 hf
 Method for Coulomb:                     incore_df
 Method for exact exchange:              pre_transformed_df
 Integral threshold:                     1.00e-12
 DF basis set:                           def2-universal-jkfit
 Number of DF basis functions:         218
 Schwarz screening threshold:            1.00e-10
 Coulomb fitting method:                 Cholesky
 Method for AO orthogonalization:        symmetric
 Threshold for linear dependence:        1.00e-08

 -------------------------------------
  Running unrestricted open-shell SCF 
 -------------------------------------
 Max number of iterations:             128
 Conv. threshold (gradient):             1.00e-05
 Conv. threshold (energy):               1.00e-06
 Interpolation scheme:                   adiis+cdiis
 Initial guess:                          H0

 ---------------------------------------------------------------
                  energy        change          grad        time
 ---------------------------------------------------------------
   0      -233.252821713                    5.58e+00        0.00
   1      -238.991745502     -5.74e+00      4.09e-01        0.00
   2      -239.256167545     -2.64e-01      1.40e-01        0.00
   3      -239.272273544     -1.61e-02      2.21e-02        0.01
   4      -239.273233828     -9.60e-04      7.16e-03        0.00
   5      -239.273345268     -1.11e-04      9.58e-04        0.00
   6      -239.273346665     -1.40e-06      7.31e-05        0.00
   7      -239.273346672     -7.44e-09      4.20e-06        0.00

 SCF converged in 7 iterations.

 Dipole moment (in Debye):              -0.000000      -0.000000      -0.000000

 Quadrupole moment (in Debye-Angstrom):
                  1            2            3
 1       -26.478954    -0.000000    -0.000000
 2        -0.000000   -26.478954     0.000000
 3        -0.000000     0.000000   -26.478954

 Spin-squared expectation <S^2>:         3.752
 Total spin quantum number S:            1.501
 TOTAL ENERGY:                        -239.273346672
 Saving results in set 'HF'

 --------------------------------------------------------------------------------
                                command: unsoldw12                               
 --------------------------------------------------------------------------------
 Number of AO basis functions:          26

 DF basis set:                           def2-qzvppd-ri
 Number of DF basis functions:         292


 --------------------------
  Virtual UW12 Correlation 
 --------------------------
 Unrestricted MP2 calculation:           
 Core spatial orbitals:                  0
 Correlated alpha orbitals:             13
 Correlated beta orbitals:              10
 Virtual alpha orbitals:                13
 Virtual beta orbitals:                 16

 Opposite spin energy:                  -0.018226223

 Reference energy:                    -239.273346672
 UW12 correlation energy:               -0.018226223
 Total UW12 energy:                   -239.291572895

 --------------------------------------------------------------------------------

 End time:                               Wed Jun 16 09:28:18 2021
 Total wall-clock time:                  0.739 seconds
==================================================================================
