
================================================================================
          _____________ ________ _______________ ________     _________         
         / ___________// ______ \\_____   _____// ______ \   / ________)        
        / /_________  / /      \ \     | |     / /      \ \ | (_______          
       |  __________|| |        | |    | |    | |        | | \________ \        
        \ \_________ | |        | |    | |     \ \______/ /___________) |       
         \__________||_|        |_|    |_|      \________//____________/        
                                                                                
====================================[ Qcore ]===================================

 Git hash:   6a88d58d269bf0d2ccfae91583c23a2b072b7633
 Git date:   Tue, 25 May 2021 10:36:49 +0100
 Compiler:   GNU 9.1.0
 Build type: Release
 Version:    1.3.0

 Start time: Wed Jun 16 09:28:18 2021

 Data directory: /newhome/zw18965/.local/qcore/share/entos/1.3.0/data
 Number of threads: 16
 Number of threads was determined by: number of physical cores

 --------------------------------------------------------------------------------
                                   command: hf                                   
 --------------------------------------------------------------------------------
 AO basis set:                           def2-svp
 Number of AO basis functions:          26
 ECP on atom 1 (I):                      28 electrons

 Formula:                                I
 Nuclear charge:                        53.000000000
 Total charge:                           0.000000000
 Number of core electrons:              28
 Number of treated electrons:           25

 Number of alpha electrons:             13
 Number of beta electrons:              12
 Number of unpaired electrons:           1
 Spin:                                   1
 Multiplicity:                           doublet

 Theory:                                 hf
 Method for Coulomb:                     incore_df
 Method for exact exchange:              pre_transformed_df
 Integral threshold:                     1.00e-12
 DF basis set:                           def2-universal-jkfit
 Number of DF basis functions:         218
 Schwarz screening threshold:            1.00e-10
 Coulomb fitting method:                 Cholesky
 Method for AO orthogonalization:        symmetric
 Threshold for linear dependence:        1.00e-08

 -------------------------------------
  Running unrestricted open-shell SCF 
 -------------------------------------
 Max number of iterations:             128
 Conv. threshold (gradient):             1.00e-05
 Conv. threshold (energy):               1.00e-06
 Interpolation scheme:                   adiis+cdiis
 Initial guess:                          H0

 ---------------------------------------------------------------
                  energy        change          grad        time
 ---------------------------------------------------------------
   0      -285.976740668                    7.39e+00        0.00
   1      -295.761249964     -9.78e+00      8.02e-01        0.00
   2      -296.587274447     -8.26e-01      2.81e-01        0.00
   3      -296.646061941     -5.88e-02      5.15e-02        0.00
   4      -296.649413639     -3.35e-03      1.43e-02        0.00
   5      -296.649624243     -2.11e-04      5.53e-04        0.00
   6      -296.649625116     -8.73e-07      1.77e-04        0.00
   7      -296.649625221     -1.06e-07      2.66e-05        0.00
   8      -296.649625222     -6.92e-10      1.88e-06        0.00

 SCF converged in 8 iterations.

 Dipole moment (in Debye):              -0.000000      -0.000000      -0.000000

 Quadrupole moment (in Debye-Angstrom):
                  1            2            3
 1       -27.905035     0.011889    -0.468645
 2         0.011889   -27.959198    -0.098339
 3        -0.468645    -0.098339   -24.085299

 Spin-squared expectation <S^2>:         0.756
 Total spin quantum number S:            0.503
 TOTAL ENERGY:                        -296.649625222
 Saving results in set 'HF'

 --------------------------------------------------------------------------------
                                command: unsoldw12                               
 --------------------------------------------------------------------------------
 Number of AO basis functions:          26

 DF basis set:                           def2-qzvppd-ri
 Number of DF basis functions:         292


 --------------------------
  Virtual UW12 Correlation 
 --------------------------
 Unrestricted MP2 calculation:           
 Core spatial orbitals:                  0
 Correlated alpha orbitals:             13
 Correlated beta orbitals:              12
 Virtual alpha orbitals:                13
 Virtual beta orbitals:                 14

 Opposite spin energy:                  -0.028067044

 Reference energy:                    -296.649625222
 UW12 correlation energy:               -0.028067044
 Total UW12 energy:                   -296.677692266

 --------------------------------------------------------------------------------

 End time:                               Wed Jun 16 09:28:19 2021
 Total wall-clock time:                  0.611 seconds
==================================================================================
