
================================================================================
          _____________ ________ _______________ ________     _________         
         / ___________// ______ \\_____   _____// ______ \   / ________)        
        / /_________  / /      \ \     | |     / /      \ \ | (_______          
       |  __________|| |        | |    | |    | |        | | \________ \        
        \ \_________ | |        | |    | |     \ \______/ /___________) |       
         \__________||_|        |_|    |_|      \________//____________/        
                                                                                
====================================[ Qcore ]===================================

 Git hash:   6a88d58d269bf0d2ccfae91583c23a2b072b7633
 Git date:   Tue, 25 May 2021 10:36:49 +0100
 Compiler:   GNU 9.1.0
 Build type: Release
 Version:    1.3.0

 Start time: Wed Jun 16 09:28:21 2021

 Data directory: /newhome/zw18965/.local/qcore/share/entos/1.3.0/data
 Number of threads: 16
 Number of threads was determined by: number of physical cores

 --------------------------------------------------------------------------------
                                   command: hf                                   
 --------------------------------------------------------------------------------
 AO basis set:                           def2-svp
 Number of AO basis functions:          24
 ECP on atom 1 (Cs):                     46 electrons

 Formula:                                Cs
 Nuclear charge:                        55.000000000
 Total charge:                           0.000000000
 Number of core electrons:              46
 Number of treated electrons:            9

 Number of alpha electrons:              5
 Number of beta electrons:               4
 Number of unpaired electrons:           1
 Spin:                                   1
 Multiplicity:                           doublet

 Theory:                                 hf
 Method for Coulomb:                     incore_df
 Method for exact exchange:              pre_transformed_df
 Integral threshold:                     1.00e-12
 DF basis set:                           def2-universal-jkfit
 Number of DF basis functions:         130
 Schwarz screening threshold:            1.00e-10
 Coulomb fitting method:                 Cholesky
 Method for AO orthogonalization:        symmetric
 Threshold for linear dependence:        1.00e-08

 -------------------------------------
  Running unrestricted open-shell SCF 
 -------------------------------------
 Max number of iterations:             128
 Conv. threshold (gradient):             1.00e-05
 Conv. threshold (energy):               1.00e-06
 Interpolation scheme:                   adiis+cdiis
 Initial guess:                          H0

 ---------------------------------------------------------------
                  energy        change          grad        time
 ---------------------------------------------------------------
   0       -18.983106041                    5.76e-01        0.00
   1       -19.843375181     -8.60e-01      7.82e-02        0.00
   2       -19.853914523     -1.05e-02      1.95e-02        0.00
   3       -19.854933344     -1.02e-03      6.17e-03        0.00
   4       -19.855153934     -2.21e-04      2.50e-03        0.00
   5       -19.855190957     -3.70e-05      2.61e-04        0.00
   6       -19.855191559     -6.02e-07      2.86e-05        0.00
   7       -19.855191566     -7.31e-09      4.56e-06        0.00

 SCF converged in 7 iterations.

 Dipole moment (in Debye):              -0.000000      -0.000000       0.000000

 Quadrupole moment (in Debye-Angstrom):
                  1            2            3
 1       -35.420695     0.000000     0.000000
 2         0.000000   -35.420695    -0.000000
 3         0.000000    -0.000000   -35.420695

 Spin-squared expectation <S^2>:         0.750
 Total spin quantum number S:            0.500
 TOTAL ENERGY:                         -19.855191566
 Saving results in set 'HF'

 --------------------------------------------------------------------------------
                                command: unsoldw12                               
 --------------------------------------------------------------------------------
 Number of AO basis functions:          24

 DF basis set:                           def2-qzvppd-ri
 Number of DF basis functions:         171


 --------------------------
  Virtual UW12 Correlation 
 --------------------------
 Unrestricted MP2 calculation:           
 Core spatial orbitals:                  0
 Correlated alpha orbitals:              5
 Correlated beta orbitals:               4
 Virtual alpha orbitals:                19
 Virtual beta orbitals:                 20

 Opposite spin energy:                  -0.010439575

 Reference energy:                     -19.855191566
 UW12 correlation energy:               -0.010439575
 Total UW12 energy:                    -19.865631141

 --------------------------------------------------------------------------------

 End time:                               Wed Jun 16 09:28:21 2021
 Total wall-clock time:                  0.188 seconds
==================================================================================
