
================================================================================
          _____________ ________ _______________ ________     _________         
         / ___________// ______ \\_____   _____// ______ \   / ________)        
        / /_________  / /      \ \     | |     / /      \ \ | (_______          
       |  __________|| |        | |    | |    | |        | | \________ \        
        \ \_________ | |        | |    | |     \ \______/ /___________) |       
         \__________||_|        |_|    |_|      \________//____________/        
                                                                                
====================================[ Qcore ]===================================

 Git hash:   6a88d58d269bf0d2ccfae91583c23a2b072b7633
 Git date:   Tue, 25 May 2021 10:36:49 +0100
 Compiler:   GNU 9.1.0
 Build type: Release
 Version:    1.3.0

 Start time: Wed Jun 16 09:28:21 2021

 Data directory: /newhome/zw18965/.local/qcore/share/entos/1.3.0/data
 Number of threads: 16
 Number of threads was determined by: number of physical cores

 --------------------------------------------------------------------------------
                                   command: hf                                   
 --------------------------------------------------------------------------------
 AO basis set:                           def2-svp
 Number of AO basis functions:          23
 ECP on atom 1 (Ba):                     46 electrons

 Formula:                                Ba
 Nuclear charge:                        56.000000000
 Total charge:                           0.000000000
 Number of core electrons:              46
 Number of treated electrons:           10

 Number of alpha electrons:              5
 Number of beta electrons:               5
 Number of unpaired electrons:           0
 Spin:                                   0
 Multiplicity:                           singlet

 Theory:                                 hf
 Method for Coulomb:                     incore_df
 Method for exact exchange:              pre_transformed_df
 Integral threshold:                     1.00e-12
 DF basis set:                           def2-universal-jkfit
 Number of DF basis functions:         130
 Schwarz screening threshold:            1.00e-10
 Coulomb fitting method:                 Cholesky
 Method for AO orthogonalization:        symmetric
 Threshold for linear dependence:        1.00e-08

 -------------------------------------
  Running restricted closed-shell SCF 
 -------------------------------------
 Max number of iterations:             128
 Conv. threshold (gradient):             1.00e-05
 Conv. threshold (energy):               1.00e-06
 Interpolation scheme:                   adiis+cdiis
 Initial guess:                          H0

 ---------------------------------------------------------------
                  energy        change          grad        time
 ---------------------------------------------------------------
   0       -24.355802736                    7.64e-01        0.00
   1       -24.959357919     -6.04e-01      2.62e-01        0.00
   2       -25.052823066     -9.35e-02      1.04e-01        0.00
   3       -25.065030230     -1.22e-02      5.43e-02        0.00
   4       -25.068484722     -3.45e-03      3.15e-02        0.00
   5       -25.070852365     -2.37e-03      4.81e-03        0.00
   6       -25.070903130     -5.08e-05      5.86e-04        0.00
   7       -25.070903729     -5.99e-07      6.29e-05        0.00
   8       -25.070903733     -3.48e-09      1.59e-05        0.00
   9       -25.070903733     -3.13e-10      5.24e-06        0.00

 SCF converged in 9 iterations.

 Dipole moment (in Debye):               0.000000      -0.000000       0.000000

 Quadrupole moment (in Debye-Angstrom):
                  1            2            3
 1       -41.070216     0.000000    -0.000047
 2         0.000000   -41.070492    -0.000000
 3        -0.000047    -0.000000   -41.070064

 Spin-squared expectation <S^2>:         0.000
 Total spin quantum number S:            0.000
 TOTAL ENERGY:                         -25.070903733
 Saving results in set 'HF'

 --------------------------------------------------------------------------------
                                command: unsoldw12                               
 --------------------------------------------------------------------------------
 Number of AO basis functions:          23

 DF basis set:                           def2-qzvppd-ri
 Number of DF basis functions:         184


 --------------------------
  Virtual UW12 Correlation 
 --------------------------
 Restricted Virtual UW12 calculation:    
 Core orbitals:                          0
 Correlated orbitals:                    5
 Virtual orbitals:                      18

 Opposite spin energy:                  -0.019394329

 Reference energy:                     -25.070903733
 UW12 correlation energy:               -0.019394329
 Total UW12 energy:                    -25.090298062

 --------------------------------------------------------------------------------

 End time:                               Wed Jun 16 09:28:22 2021
 Total wall-clock time:                  0.292 seconds
==================================================================================
