
================================================================================
          _____________ ________ _______________ ________     _________         
         / ___________// ______ \\_____   _____// ______ \   / ________)        
        / /_________  / /      \ \     | |     / /      \ \ | (_______          
       |  __________|| |        | |    | |    | |        | | \________ \        
        \ \_________ | |        | |    | |     \ \______/ /___________) |       
         \__________||_|        |_|    |_|      \________//____________/        
                                                                                
====================================[ Qcore ]===================================

 Git hash:   6a88d58d269bf0d2ccfae91583c23a2b072b7633
 Git date:   Tue, 25 May 2021 10:36:49 +0100
 Compiler:   GNU 9.1.0
 Build type: Release
 Version:    1.3.0

 Start time: Wed Jun 16 09:28:30 2021

 Data directory: /newhome/zw18965/.local/qcore/share/entos/1.3.0/data
 Number of threads: 16
 Number of threads was determined by: number of physical cores

 --------------------------------------------------------------------------------
                                   command: hf                                   
 --------------------------------------------------------------------------------
 AO basis set:                           def2-svp
 Number of AO basis functions:          26
 ECP on atom 1 (Po):                     60 electrons

 Formula:                                Po
 Nuclear charge:                        84.000000000
 Total charge:                           0.000000000
 Number of core electrons:              60
 Number of treated electrons:           24

 Number of alpha electrons:             13
 Number of beta electrons:              11
 Number of unpaired electrons:           2
 Spin:                                   2
 Multiplicity:                           triplet

 Theory:                                 hf
 Method for Coulomb:                     incore_df
 Method for exact exchange:              pre_transformed_df
 Integral threshold:                     1.00e-12
 DF basis set:                           def2-universal-jkfit
 Number of DF basis functions:         251
 Schwarz screening threshold:            1.00e-10
 Coulomb fitting method:                 Cholesky
 Method for AO orthogonalization:        symmetric
 Threshold for linear dependence:        1.00e-08

 -------------------------------------
  Running unrestricted open-shell SCF 
 -------------------------------------
 Max number of iterations:             128
 Conv. threshold (gradient):             1.00e-05
 Conv. threshold (energy):               1.00e-06
 Interpolation scheme:                   adiis+cdiis
 Initial guess:                          H0

 ---------------------------------------------------------------
                  energy        change          grad        time
 ---------------------------------------------------------------
   0      -232.011897461                    4.91e+00        0.00
   1      -236.494809813     -4.48e+00      3.72e-01        0.00
   2      -236.704492598     -2.10e-01      1.06e-01        0.00
   3      -236.718520192     -1.40e-02      2.35e-02        0.00
   4      -236.719352355     -8.32e-04      7.10e-03        0.00
   5      -236.719418815     -6.65e-05      8.39e-04        0.00
   6      -236.719420302     -1.49e-06      1.03e-04        0.00
   7      -236.719420319     -1.63e-08      2.21e-05        0.00
   8      -236.719420319     -5.55e-10      1.53e-06        0.00

 SCF converged in 8 iterations.

 Dipole moment (in Debye):               0.000000      -0.000000       0.000000

 Quadrupole moment (in Debye-Angstrom):
                  1            2            3
 1       -29.370486    -0.045360     0.575177
 2        -0.045360   -29.336906     0.400416
 3         0.575177     0.400416   -34.382704

 Spin-squared expectation <S^2>:         2.007
 Total spin quantum number S:            1.002
 TOTAL ENERGY:                        -236.719420319
 Saving results in set 'HF'

 --------------------------------------------------------------------------------
                                command: unsoldw12                               
 --------------------------------------------------------------------------------
 Number of AO basis functions:          26

 DF basis set:                           def2-qzvppd-ri
 Number of DF basis functions:         281


 --------------------------
  Virtual UW12 Correlation 
 --------------------------
 Unrestricted MP2 calculation:           
 Core spatial orbitals:                  0
 Correlated alpha orbitals:             13
 Correlated beta orbitals:              11
 Virtual alpha orbitals:                13
 Virtual beta orbitals:                 15

 Opposite spin energy:                  -0.022674127

 Reference energy:                    -236.719420319
 UW12 correlation energy:               -0.022674127
 Total UW12 energy:                   -236.742094447

 --------------------------------------------------------------------------------

 End time:                               Wed Jun 16 09:28:31 2021
 Total wall-clock time:                  0.569 seconds
==================================================================================
