
================================================================================
          _____________ ________ _______________ ________     _________         
         / ___________// ______ \\_____   _____// ______ \   / ________)        
        / /_________  / /      \ \     | |     / /      \ \ | (_______          
       |  __________|| |        | |    | |    | |        | | \________ \        
        \ \_________ | |        | |    | |     \ \______/ /___________) |       
         \__________||_|        |_|    |_|      \________//____________/        
                                                                                
====================================[ Qcore ]===================================

 Git hash:   6a88d58d269bf0d2ccfae91583c23a2b072b7633
 Git date:   Tue, 25 May 2021 10:36:49 +0100
 Compiler:   GNU 9.1.0
 Build type: Release
 Version:    1.3.0

 Start time: Wed Jun 16 16:53:26 2021

 Data directory: /newhome/zw18965/.local/qcore/share/entos/1.3.0/data
 Number of threads: 16
 Number of threads was determined by: number of physical cores

 --------------------------------------------------------------------------------
                                   command: hf                                   
 --------------------------------------------------------------------------------
 AO basis set:                           aug-cc-pvdz-merged
 Number of AO basis functions:          23

 Formula:                                B
 Nuclear charge:                         5.000000000
 Total charge:                           0.000000000
 Number of electrons:                    5.000000000

 Number of alpha electrons:              3
 Number of beta electrons:               2
 Number of unpaired electrons:           1
 Spin:                                   1
 Multiplicity:                           doublet

 Theory:                                 hf
 Method for Coulomb:                     incore_df
 Method for exact exchange:              pre_transformed_df
 Integral threshold:                     1.00e-12
 DF basis set:                           def2-universal-jkfit
 Number of DF basis functions:          75
 Schwarz screening threshold:            1.00e-10
 Coulomb fitting method:                 Cholesky
 Method for AO orthogonalization:        symmetric
 Threshold for linear dependence:        1.00e-08

 -------------------------------------
  Running unrestricted open-shell SCF 
 -------------------------------------
 Max number of iterations:             128
 Conv. threshold (gradient):             1.00e-05
 Conv. threshold (energy):               1.00e-06
 Interpolation scheme:                   adiis+cdiis
 Initial guess:                          H0

 ---------------------------------------------------------------
                  energy        change          grad        time
 ---------------------------------------------------------------
   0       -24.048552330                    5.12e-01        0.00
   1       -24.514103729     -4.66e-01      1.21e-01        0.00
   2       -24.529497228     -1.54e-02      2.78e-02        0.00
   3       -24.530331806     -8.35e-04      1.03e-02        0.00
   4       -24.530563199     -2.31e-04      2.08e-03        0.00
   5       -24.530571008     -7.81e-06      4.31e-04        0.00
   6       -24.530571188     -1.80e-07      4.01e-05        0.00
   7       -24.530571190     -1.43e-09      2.83e-06        0.00

 SCF converged in 7 iterations.

 Dipole moment (in Debye):               0.000000       0.000000       0.000000

 Quadrupole moment (in Debye-Angstrom):
                  1            2            3
 1        -6.474925     0.000000    -1.170558
 2         0.000000    -6.002074     0.000000
 3        -1.170558     0.000000    -8.899826

 Spin-squared expectation <S^2>:         0.761
 Total spin quantum number S:            0.505
 TOTAL ENERGY:                         -24.530571190
 Saving results in set 'HF'

 --------------------------------------------------------------------------------
                                command: unsoldw12                               
 --------------------------------------------------------------------------------
 Number of AO basis functions:          23

 DF basis set:                           def2-qzvppd-ri
 Number of DF basis functions:         157


 --------------------------
  Virtual UW12 Correlation 
 --------------------------
 Unrestricted MP2 calculation:           
 Core spatial orbitals:                  1
 Correlated alpha orbitals:              2
 Correlated beta orbitals:               1
 Virtual alpha orbitals:                20
 Virtual beta orbitals:                 21

 Opposite spin energy:                  -0.007466408

 Reference energy:                     -24.530571190
 UW12 correlation energy:               -0.007466408
 Total UW12 energy:                    -24.538037598

 --------------------------------------------------------------------------------

 End time:                               Wed Jun 16 16:53:26 2021
 Total wall-clock time:                  0.180 seconds
==================================================================================
