
================================================================================
          _____________ ________ _______________ ________     _________         
         / ___________// ______ \\_____   _____// ______ \   / ________)        
        / /_________  / /      \ \     | |     / /      \ \ | (_______          
       |  __________|| |        | |    | |    | |        | | \________ \        
        \ \_________ | |        | |    | |     \ \______/ /___________) |       
         \__________||_|        |_|    |_|      \________//____________/        
                                                                                
====================================[ Qcore ]===================================

 Git hash:   6a88d58d269bf0d2ccfae91583c23a2b072b7633
 Git date:   Tue, 25 May 2021 10:36:49 +0100
 Compiler:   GNU 9.1.0
 Build type: Release
 Version:    1.3.0

 Start time: Wed Jun 16 16:53:27 2021

 Data directory: /newhome/zw18965/.local/qcore/share/entos/1.3.0/data
 Number of threads: 16
 Number of threads was determined by: number of physical cores

 --------------------------------------------------------------------------------
                                   command: hf                                   
 --------------------------------------------------------------------------------
 AO basis set:                           aug-cc-pvdz-merged
 Number of AO basis functions:          27

 Formula:                                Na
 Nuclear charge:                        11.000000000
 Total charge:                           0.000000000
 Number of electrons:                   11.000000000

 Number of alpha electrons:              6
 Number of beta electrons:               5
 Number of unpaired electrons:           1
 Spin:                                   1
 Multiplicity:                           doublet

 Theory:                                 hf
 Method for Coulomb:                     incore_df
 Method for exact exchange:              pre_transformed_df
 Integral threshold:                     1.00e-12
 DF basis set:                           def2-universal-jkfit
 Number of DF basis functions:         112
 Schwarz screening threshold:            1.00e-10
 Coulomb fitting method:                 Cholesky
 Method for AO orthogonalization:        symmetric
 Threshold for linear dependence:        1.00e-08

 -------------------------------------
  Running unrestricted open-shell SCF 
 -------------------------------------
 Max number of iterations:             128
 Conv. threshold (gradient):             1.00e-05
 Conv. threshold (energy):               1.00e-06
 Interpolation scheme:                   adiis+cdiis
 Initial guess:                          H0

 ---------------------------------------------------------------
                  energy        change          grad        time
 ---------------------------------------------------------------
   0      -161.702102286                    2.88e-01        0.00
   1      -161.841471309     -1.39e-01      5.56e-02        0.00
   2      -161.850867276     -9.40e-03      2.65e-02        0.00
   3      -161.852747492     -1.88e-03      1.01e-02        0.00
   4      -161.853073721     -3.26e-04      5.98e-04        0.00
   5      -161.853075177     -1.46e-06      9.21e-05        0.00
   6      -161.853075213     -3.58e-08      1.61e-06        0.00

 SCF converged in 6 iterations.

 Dipole moment (in Debye):              -0.000000       0.000000       0.000000

 Quadrupole moment (in Debye-Angstrom):
                  1            2            3
 1       -12.182726    -0.000000     0.000000
 2        -0.000000   -12.182726     0.000000
 3         0.000000     0.000000   -12.182726

 Spin-squared expectation <S^2>:         0.750
 Total spin quantum number S:            0.500
 TOTAL ENERGY:                        -161.853075213
 Saving results in set 'HF'

 --------------------------------------------------------------------------------
                                command: unsoldw12                               
 --------------------------------------------------------------------------------
 Number of AO basis functions:          27

 DF basis set:                           def2-qzvppd-ri
 Number of DF basis functions:         166


 --------------------------
  Virtual UW12 Correlation 
 --------------------------
 Unrestricted MP2 calculation:           
 Core spatial orbitals:                  5
 Correlated alpha orbitals:              1
 Correlated beta orbitals:               0
 Virtual alpha orbitals:                21
 Virtual beta orbitals:                 22

 Opposite spin energy:                  -0.000000000

 Reference energy:                    -161.853075213
 UW12 correlation energy:               -0.000000000
 Total UW12 energy:                   -161.853075213

 --------------------------------------------------------------------------------

 End time:                               Wed Jun 16 16:53:28 2021
 Total wall-clock time:                  0.257 seconds
==================================================================================
