
================================================================================
          _____________ ________ _______________ ________     _________         
         / ___________// ______ \\_____   _____// ______ \   / ________)        
        / /_________  / /      \ \     | |     / /      \ \ | (_______          
       |  __________|| |        | |    | |    | |        | | \________ \        
        \ \_________ | |        | |    | |     \ \______/ /___________) |       
         \__________||_|        |_|    |_|      \________//____________/        
                                                                                
====================================[ Qcore ]===================================

 Git hash:   6a88d58d269bf0d2ccfae91583c23a2b072b7633
 Git date:   Tue, 25 May 2021 10:36:49 +0100
 Compiler:   GNU 9.1.0
 Build type: Release
 Version:    1.3.0

 Start time: Wed Jun 16 16:54:04 2021

 Data directory: /newhome/zw18965/.local/qcore/share/entos/1.3.0/data
 Number of threads: 16
 Number of threads was determined by: number of physical cores

 --------------------------------------------------------------------------------
                                   command: hf                                   
 --------------------------------------------------------------------------------
 AO basis set:                           aug-cc-pvdz-merged
 Number of AO basis functions:          36

 Formula:                                Se
 Nuclear charge:                        34.000000000
 Total charge:                           0.000000000
 Number of electrons:                   34.000000000

 Number of alpha electrons:             18
 Number of beta electrons:              16
 Number of unpaired electrons:           2
 Spin:                                   2
 Multiplicity:                           triplet

 Theory:                                 hf
 Method for Coulomb:                     incore_df
 Method for exact exchange:              pre_transformed_df
 Integral threshold:                     1.00e-12
 DF basis set:                           def2-universal-jkfit
 Number of DF basis functions:         266
 Schwarz screening threshold:            1.00e-10
 Coulomb fitting method:                 Cholesky
 Method for AO orthogonalization:        symmetric
 Threshold for linear dependence:        1.00e-08

 -------------------------------------
  Running unrestricted open-shell SCF 
 -------------------------------------
 Max number of iterations:             128
 Conv. threshold (gradient):             1.00e-05
 Conv. threshold (energy):               1.00e-06
 Interpolation scheme:                   adiis+cdiis
 Initial guess:                          H0

 ---------------------------------------------------------------
                  energy        change          grad        time
 ---------------------------------------------------------------
   0     -2395.739202855                    1.84e+00        0.01
   1     -2399.510037642     -3.77e+00      4.03e-01        0.00
   2     -2399.774718959     -2.65e-01      1.49e-01        0.00
   3     -2399.797538230     -2.28e-02      3.89e-02        0.00
   4     -2399.799284111     -1.75e-03      1.42e-02        0.00
   5     -2399.799575980     -2.92e-04      3.62e-03        0.00
   6     -2399.799604211     -2.82e-05      8.17e-04        0.00
   7     -2399.799605524     -1.31e-06      1.37e-04        0.00
   8     -2399.799605544     -2.04e-08      1.43e-05        0.00
   9     -2399.799605544     -4.46e-10      3.55e-06        0.00

 SCF converged in 9 iterations.

 Dipole moment (in Debye):              -0.000000      -0.000000      -0.000000

 Quadrupole moment (in Debye-Angstrom):
                  1            2            3
 1       -17.267585    -0.291038    -0.020782
 2        -0.291038   -21.094538    -0.274839
 3        -0.020782    -0.274839   -17.265203

 Spin-squared expectation <S^2>:         2.008
 Total spin quantum number S:            1.003
 TOTAL ENERGY:                       -2399.799605544
 Saving results in set 'HF'

 --------------------------------------------------------------------------------
                                command: unsoldw12                               
 --------------------------------------------------------------------------------
 Number of AO basis functions:          36

 DF basis set:                           def2-qzvppd-ri
 Number of DF basis functions:         314


 --------------------------
  Virtual UW12 Correlation 
 --------------------------
 Unrestricted MP2 calculation:           
 Core spatial orbitals:                  9
 Correlated alpha orbitals:              9
 Correlated beta orbitals:               7
 Virtual alpha orbitals:                18
 Virtual beta orbitals:                 20

 Opposite spin energy:                  -0.019672460

 Reference energy:                   -2399.799605544
 UW12 correlation energy:               -0.019672460
 Total UW12 energy:                  -2399.819278004

 --------------------------------------------------------------------------------

 End time:                               Wed Jun 16 16:54:04 2021
 Total wall-clock time:                  0.717 seconds
==================================================================================
