
================================================================================
          _____________ ________ _______________ ________     _________         
         / ___________// ______ \\_____   _____// ______ \   / ________)        
        / /_________  / /      \ \     | |     / /      \ \ | (_______          
       |  __________|| |        | |    | |    | |        | | \________ \        
        \ \_________ | |        | |    | |     \ \______/ /___________) |       
         \__________||_|        |_|    |_|      \________//____________/        
                                                                                
====================================[ Qcore ]===================================

 Git hash:   6a88d58d269bf0d2ccfae91583c23a2b072b7633
 Git date:   Tue, 25 May 2021 10:36:49 +0100
 Compiler:   GNU 9.1.0
 Build type: Release
 Version:    1.3.0

 Start time: Wed Jun 16 09:39:28 2021

 Data directory: /newhome/zw18965/.local/qcore/share/entos/1.3.0/data
 Number of threads: 16
 Number of threads was determined by: number of physical cores

 --------------------------------------------------------------------------------
                                   command: hf                                   
 --------------------------------------------------------------------------------
 AO basis set:                           def2-qzvp
 Number of AO basis functions:          70

 Formula:                                Ar
 Nuclear charge:                        18.000000000
 Total charge:                           0.000000000
 Number of electrons:                   18.000000000

 Number of alpha electrons:              9
 Number of beta electrons:               9
 Number of unpaired electrons:           0
 Spin:                                   0
 Multiplicity:                           singlet

 Theory:                                 hf
 Method for Coulomb:                     incore_df
 Method for exact exchange:              pre_transformed_df
 Integral threshold:                     1.00e-12
 DF basis set:                           def2-universal-jkfit
 Number of DF basis functions:         128
 Schwarz screening threshold:            1.00e-10
 Coulomb fitting method:                 Cholesky
 Method for AO orthogonalization:        symmetric
 Threshold for linear dependence:        1.00e-08

 -------------------------------------
  Running restricted closed-shell SCF 
 -------------------------------------
 Max number of iterations:             128
 Conv. threshold (gradient):             1.00e-05
 Conv. threshold (energy):               1.00e-06
 Interpolation scheme:                   adiis+cdiis
 Initial guess:                          H0

 ---------------------------------------------------------------
                  energy        change          grad        time
 ---------------------------------------------------------------
   0      -461.802524215                    3.47e+01        0.01
   1      -511.353293474     -4.96e+01      1.20e+01        0.00
   2      -523.377280065     -1.20e+01      5.11e+00        0.00
   3      -526.087067555     -2.71e+00      1.81e+00        0.00
   4      -526.734744850     -6.48e-01      8.04e-01        0.00
   5      -526.809808364     -7.51e-02      2.53e-01        0.00
   6      -526.816589288     -6.78e-03      7.70e-02        0.00
   7      -526.817145823     -5.57e-04      2.35e-02        0.00
   8      -526.817199084     -5.33e-05      1.62e-04        0.00
   9      -526.817199086     -2.27e-09      1.50e-05        0.00
  10      -526.817199086     -4.34e-11      3.88e-07        0.00

 SCF converged in 10 iterations.

 Dipole moment (in Debye):              -0.000000      -0.000000       0.000000

 Quadrupole moment (in Debye-Angstrom):
                  1            2            3
 1       -11.670072    -0.000000    -0.000000
 2        -0.000000   -11.670072     0.000000
 3        -0.000000     0.000000   -11.670072

 Spin-squared expectation <S^2>:         0.000
 Total spin quantum number S:            0.000
 TOTAL ENERGY:                        -526.817199086
 Saving results in set 'HF'

 --------------------------------------------------------------------------------
                                command: unsoldw12                               
 --------------------------------------------------------------------------------
 Number of AO basis functions:          70

 DF basis set:                           def2-qzvppd-ri
 Number of DF basis functions:         183


 --------------------------
  Virtual UW12 Correlation 
 --------------------------
 Restricted Virtual UW12 calculation:    
 Core orbitals:                          0
 Correlated orbitals:                    9
 Virtual orbitals:                      61

 Opposite spin energy:                  -0.055135133

 Reference energy:                    -526.817199086
 UW12 correlation energy:               -0.055135133
 Total UW12 energy:                   -526.872334220

 --------------------------------------------------------------------------------

 End time:                               Wed Jun 16 09:39:29 2021
 Total wall-clock time:                  0.545 seconds
==================================================================================
