
================================================================================
          _____________ ________ _______________ ________     _________         
         / ___________// ______ \\_____   _____// ______ \   / ________)        
        / /_________  / /      \ \     | |     / /      \ \ | (_______          
       |  __________|| |        | |    | |    | |        | | \________ \        
        \ \_________ | |        | |    | |     \ \______/ /___________) |       
         \__________||_|        |_|    |_|      \________//____________/        
                                                                                
====================================[ Qcore ]===================================

 Git hash:   6a88d58d269bf0d2ccfae91583c23a2b072b7633
 Git date:   Tue, 25 May 2021 10:36:49 +0100
 Compiler:   GNU 9.1.0
 Build type: Release
 Version:    1.3.0

 Start time: Wed Jun 16 09:39:29 2021

 Data directory: /newhome/zw18965/.local/qcore/share/entos/1.3.0/data
 Number of threads: 16
 Number of threads was determined by: number of physical cores

 --------------------------------------------------------------------------------
                                   command: hf                                   
 --------------------------------------------------------------------------------
 AO basis set:                           def2-qzvp
 Number of AO basis functions:          56

 Formula:                                K
 Nuclear charge:                        19.000000000
 Total charge:                           0.000000000
 Number of electrons:                   19.000000000

 Number of alpha electrons:             10
 Number of beta electrons:               9
 Number of unpaired electrons:           1
 Spin:                                   1
 Multiplicity:                           doublet

 Theory:                                 hf
 Method for Coulomb:                     incore_df
 Method for exact exchange:              pre_transformed_df
 Integral threshold:                     1.00e-12
 DF basis set:                           def2-universal-jkfit
 Number of DF basis functions:         160
 Schwarz screening threshold:            1.00e-10
 Coulomb fitting method:                 Cholesky
 Method for AO orthogonalization:        symmetric
 Threshold for linear dependence:        1.00e-08

 -------------------------------------
  Running unrestricted open-shell SCF 
 -------------------------------------
 Max number of iterations:             128
 Conv. threshold (gradient):             1.00e-05
 Conv. threshold (energy):               1.00e-06
 Interpolation scheme:                   adiis+cdiis
 Initial guess:                          H0

 ---------------------------------------------------------------
                  energy        change          grad        time
 ---------------------------------------------------------------
   0      -584.425660405                    1.67e+01        0.00
   1      -586.458775321     -2.03e+00      2.13e+00        0.01
   2      -597.286111833     -1.08e+01      1.29e+00        0.01
   3      -598.953388417     -1.67e+00      4.27e-01        0.00
   4      -599.151744167     -1.98e-01      1.29e-01        0.00
   5      -599.162280632     -1.05e-02      3.04e-02        0.00
   6      -599.163974542     -1.69e-03      1.47e-02        0.00
   7      -599.164572397     -5.98e-04      3.21e-03        0.00
   8      -599.164595113     -2.27e-05      3.61e-04        0.01
   9      -599.164595294     -1.81e-07      3.30e-05        0.01
  10      -599.164595295     -1.16e-09      4.62e-06        0.00

 SCF converged in 10 iterations.

 Dipole moment (in Debye):               0.000000       0.000000       0.000000

 Quadrupole moment (in Debye-Angstrom):
                  1            2            3
 1       -22.932897     0.000029    -0.000000
 2         0.000029   -22.932897     0.000000
 3        -0.000000     0.000000   -22.933176

 Spin-squared expectation <S^2>:         0.750
 Total spin quantum number S:            0.500
 TOTAL ENERGY:                        -599.164595295
 Saving results in set 'HF'

 --------------------------------------------------------------------------------
                                command: unsoldw12                               
 --------------------------------------------------------------------------------
 Number of AO basis functions:          56

 DF basis set:                           def2-qzvppd-ri
 Number of DF basis functions:         199


 --------------------------
  Virtual UW12 Correlation 
 --------------------------
 Unrestricted MP2 calculation:           
 Core spatial orbitals:                  0
 Correlated alpha orbitals:             10
 Correlated beta orbitals:               9
 Virtual alpha orbitals:                46
 Virtual beta orbitals:                 47

 Opposite spin energy:                  -0.034196585

 Reference energy:                    -599.164595295
 UW12 correlation energy:               -0.034196585
 Total UW12 energy:                   -599.198791880

 --------------------------------------------------------------------------------

 End time:                               Wed Jun 16 09:39:29 2021
 Total wall-clock time:                  0.562 seconds
==================================================================================
