
================================================================================
          _____________ ________ _______________ ________     _________         
         / ___________// ______ \\_____   _____// ______ \   / ________)        
        / /_________  / /      \ \     | |     / /      \ \ | (_______          
       |  __________|| |        | |    | |    | |        | | \________ \        
        \ \_________ | |        | |    | |     \ \______/ /___________) |       
         \__________||_|        |_|    |_|      \________//____________/        
                                                                                
====================================[ Qcore ]===================================

 Git hash:   6a88d58d269bf0d2ccfae91583c23a2b072b7633
 Git date:   Tue, 25 May 2021 10:36:49 +0100
 Compiler:   GNU 9.1.0
 Build type: Release
 Version:    1.3.0

 Start time: Wed Jun 16 09:40:02 2021

 Data directory: /newhome/zw18965/.local/qcore/share/entos/1.3.0/data
 Number of threads: 16
 Number of threads was determined by: number of physical cores

 --------------------------------------------------------------------------------
                                   command: hf                                   
 --------------------------------------------------------------------------------
 AO basis set:                           def2-qzvp
 Number of AO basis functions:          75

 Formula:                                Ge
 Nuclear charge:                        32.000000000
 Total charge:                           0.000000000
 Number of electrons:                   32.000000000

 Number of alpha electrons:             17
 Number of beta electrons:              15
 Number of unpaired electrons:           2
 Spin:                                   2
 Multiplicity:                           triplet

 Theory:                                 hf
 Method for Coulomb:                     incore_df
 Method for exact exchange:              pre_transformed_df
 Integral threshold:                     1.00e-12
 DF basis set:                           def2-universal-jkfit
 Number of DF basis functions:         266
 Schwarz screening threshold:            1.00e-10
 Coulomb fitting method:                 Cholesky
 Method for AO orthogonalization:        symmetric
 Threshold for linear dependence:        1.00e-08

 -------------------------------------
  Running unrestricted open-shell SCF 
 -------------------------------------
 Max number of iterations:             128
 Conv. threshold (gradient):             1.00e-05
 Conv. threshold (energy):               1.00e-06
 Interpolation scheme:                   adiis+cdiis
 Initial guess:                          H0

 ---------------------------------------------------------------
                  energy        change          grad        time
 ---------------------------------------------------------------
   0     -1987.651115117                    4.17e+01        0.01
   1     -1950.549517215      3.71e+01      1.47e+01        0.02
   2     -2041.721299630     -9.12e+01      1.05e+01        0.02
   3     -2074.027854448     -3.23e+01      2.01e+00        0.02
   4     -2074.796127317     -7.68e-01      1.25e+00        0.02
   5     -2075.285849163     -4.90e-01      3.70e-01        0.02
   6     -2075.323781587     -3.79e-02      3.12e-01        0.02
   7     -2075.361128032     -3.73e-02      5.87e-02        0.01
   8     -2075.362004478     -8.76e-04      4.69e-02        0.01
   9     -2075.362921603     -9.17e-04      5.01e-04        0.02
  10     -2075.362922049     -4.47e-07      1.16e-04        0.02
  11     -2075.362922059     -9.46e-09      1.90e-05        0.02
  12     -2075.362922059     -3.88e-10      2.48e-06        0.02

 SCF converged in 12 iterations.

 Dipole moment (in Debye):               0.000000       0.000000       0.000000

 Quadrupole moment (in Debye-Angstrom):
                  1            2            3
 1       -20.324772     0.067308     0.115831
 2         0.067308   -19.008055     2.271862
 3         0.115831     2.271862   -16.418524

 Spin-squared expectation <S^2>:         2.011
 Total spin quantum number S:            1.004
 TOTAL ENERGY:                       -2075.362922059
 Saving results in set 'HF'

 --------------------------------------------------------------------------------
                                command: unsoldw12                               
 --------------------------------------------------------------------------------
 Number of AO basis functions:          75

 DF basis set:                           def2-qzvppd-ri
 Number of DF basis functions:         314


 --------------------------
  Virtual UW12 Correlation 
 --------------------------
 Unrestricted MP2 calculation:           
 Core spatial orbitals:                  0
 Correlated alpha orbitals:             17
 Correlated beta orbitals:              15
 Virtual alpha orbitals:                58
 Virtual beta orbitals:                 60

 Opposite spin energy:                  -0.037657158

 Reference energy:                   -2075.362922059
 UW12 correlation energy:               -0.037657158
 Total UW12 energy:                  -2075.400579217

 --------------------------------------------------------------------------------

 End time:                               Wed Jun 16 09:40:05 2021
 Total wall-clock time:                  2.672 seconds
==================================================================================
