
================================================================================
          _____________ ________ _______________ ________     _________         
         / ___________// ______ \\_____   _____// ______ \   / ________)        
        / /_________  / /      \ \     | |     / /      \ \ | (_______          
       |  __________|| |        | |    | |    | |        | | \________ \        
        \ \_________ | |        | |    | |     \ \______/ /___________) |       
         \__________||_|        |_|    |_|      \________//____________/        
                                                                                
====================================[ Qcore ]===================================

 Git hash:   6a88d58d269bf0d2ccfae91583c23a2b072b7633
 Git date:   Tue, 25 May 2021 10:36:49 +0100
 Compiler:   GNU 9.1.0
 Build type: Release
 Version:    1.3.0

 Start time: Wed Jun 16 09:40:05 2021

 Data directory: /newhome/zw18965/.local/qcore/share/entos/1.3.0/data
 Number of threads: 16
 Number of threads was determined by: number of physical cores

 --------------------------------------------------------------------------------
                                   command: hf                                   
 --------------------------------------------------------------------------------
 AO basis set:                           def2-qzvp
 Number of AO basis functions:          75

 Formula:                                As
 Nuclear charge:                        33.000000000
 Total charge:                           0.000000000
 Number of electrons:                   33.000000000

 Number of alpha electrons:             18
 Number of beta electrons:              15
 Number of unpaired electrons:           3
 Spin:                                   3
 Multiplicity:                           quartet

 Theory:                                 hf
 Method for Coulomb:                     incore_df
 Method for exact exchange:              pre_transformed_df
 Integral threshold:                     1.00e-12
 DF basis set:                           def2-universal-jkfit
 Number of DF basis functions:         266
 Schwarz screening threshold:            1.00e-10
 Coulomb fitting method:                 Cholesky
 Method for AO orthogonalization:        symmetric
 Threshold for linear dependence:        1.00e-08

 -------------------------------------
  Running unrestricted open-shell SCF 
 -------------------------------------
 Max number of iterations:             128
 Conv. threshold (gradient):             1.00e-05
 Conv. threshold (energy):               1.00e-06
 Interpolation scheme:                   adiis+cdiis
 Initial guess:                          H0

 ---------------------------------------------------------------
                  energy        change          grad        time
 ---------------------------------------------------------------
   0     -2129.225951811                    4.47e+01        0.01
   1     -2091.629325585      3.76e+01      1.50e+01        0.02
   2     -2195.620615406     -1.04e+02      1.04e+01        0.02
   3     -2232.612889692     -3.70e+01      2.22e+00        0.02
   4     -2233.624390259     -1.01e+00      1.36e+00        0.02
   5     -2234.148940763     -5.25e-01      4.42e-01        0.02
   6     -2234.200879161     -5.19e-02      3.22e-01        0.02
   7     -2234.236281272     -3.54e-02      8.11e-02        0.02
   8     -2234.237901503     -1.62e-03      5.70e-02        0.02
   9     -2234.239149462     -1.25e-03      3.19e-04        0.01
  10     -2234.239149607     -1.45e-07      6.72e-05        0.01
  11     -2234.239149610     -3.42e-09      8.11e-06        0.01

 SCF converged in 11 iterations.

 Dipole moment (in Debye):              -0.000000       0.000000       0.000000

 Quadrupole moment (in Debye-Angstrom):
                  1            2            3
 1       -18.396328     0.000000     0.000000
 2         0.000000   -18.396328     0.000000
 3         0.000000     0.000000   -18.396328

 Spin-squared expectation <S^2>:         3.751
 Total spin quantum number S:            1.500
 TOTAL ENERGY:                       -2234.239149610
 Saving results in set 'HF'

 --------------------------------------------------------------------------------
                                command: unsoldw12                               
 --------------------------------------------------------------------------------
 Number of AO basis functions:          75

 DF basis set:                           def2-qzvppd-ri
 Number of DF basis functions:         314


 --------------------------
  Virtual UW12 Correlation 
 --------------------------
 Unrestricted MP2 calculation:           
 Core spatial orbitals:                  0
 Correlated alpha orbitals:             18
 Correlated beta orbitals:              15
 Virtual alpha orbitals:                57
 Virtual beta orbitals:                 60

 Opposite spin energy:                  -0.039749726

 Reference energy:                   -2234.239149610
 UW12 correlation energy:               -0.039749726
 Total UW12 energy:                  -2234.278899336

 --------------------------------------------------------------------------------

 End time:                               Wed Jun 16 09:40:08 2021
 Total wall-clock time:                  2.819 seconds
==================================================================================
