
================================================================================
          _____________ ________ _______________ ________     _________         
         / ___________// ______ \\_____   _____// ______ \   / ________)        
        / /_________  / /      \ \     | |     / /      \ \ | (_______          
       |  __________|| |        | |    | |    | |        | | \________ \        
        \ \_________ | |        | |    | |     \ \______/ /___________) |       
         \__________||_|        |_|    |_|      \________//____________/        
                                                                                
====================================[ Qcore ]===================================

 Git hash:   6a88d58d269bf0d2ccfae91583c23a2b072b7633
 Git date:   Tue, 25 May 2021 10:36:49 +0100
 Compiler:   GNU 9.1.0
 Build type: Release
 Version:    1.3.0

 Start time: Wed Jun 16 09:40:23 2021

 Data directory: /newhome/zw18965/.local/qcore/share/entos/1.3.0/data
 Number of threads: 16
 Number of threads was determined by: number of physical cores

 --------------------------------------------------------------------------------
                                   command: hf                                   
 --------------------------------------------------------------------------------
 AO basis set:                           def2-qzvp
 Number of AO basis functions:          72
 ECP on atom 1 (Ru):                     28 electrons

 Formula:                                Ru
 Nuclear charge:                        44.000000000
 Total charge:                           0.000000000
 Number of core electrons:              28
 Number of treated electrons:           16

 Number of alpha electrons:             10
 Number of beta electrons:               6
 Number of unpaired electrons:           4
 Spin:                                   4
 Multiplicity:                           quintet

 Theory:                                 hf
 Method for Coulomb:                     incore_df
 Method for exact exchange:              pre_transformed_df
 Integral threshold:                     1.00e-12
 DF basis set:                           def2-universal-jkfit
 Number of DF basis functions:         255
 Schwarz screening threshold:            1.00e-10
 Coulomb fitting method:                 Cholesky
 Method for AO orthogonalization:        symmetric
 Threshold for linear dependence:        1.00e-08

 -------------------------------------
  Running unrestricted open-shell SCF 
 -------------------------------------
 Max number of iterations:             128
 Conv. threshold (gradient):             1.00e-05
 Conv. threshold (energy):               1.00e-06
 Interpolation scheme:                   adiis+cdiis
 Initial guess:                          H0

 ---------------------------------------------------------------
                  energy        change          grad        time
 ---------------------------------------------------------------
   0       -82.216448106                    4.39e+00        0.01
   1       -81.508168672      7.08e-01      2.96e+00        0.01
   2       -90.466497033     -8.96e+00      2.33e+00        0.01
   3       -94.063214259     -3.60e+00      3.03e-01        0.01
   4       -94.108126780     -4.49e-02      9.73e-02        0.01
   5       -94.115617003     -7.49e-03      6.78e-02        0.01
   6       -94.118808957     -3.19e-03      2.83e-02        0.01
   7       -94.120408990     -1.60e-03      2.41e-02        0.01
   8       -94.122710488     -2.30e-03      1.92e-02        0.01
   9       -94.124995647     -2.29e-03      1.28e-02        0.01
  10       -94.125540573     -5.45e-04      7.58e-03        0.01
  11       -94.125844257     -3.04e-04      7.95e-03        0.01
  12       -94.125877085     -3.28e-05      2.62e-03        0.01
  13       -94.125892907     -1.58e-05      1.41e-03        0.01
  14       -94.125895100     -2.19e-06      1.18e-03        0.01
  15       -94.125896860     -1.76e-06      3.21e-04        0.01
  16       -94.125897159     -2.99e-07      1.99e-04        0.01
  17       -94.125897290     -1.31e-07      1.80e-04        0.01
  18       -94.125897520     -2.31e-07      6.18e-05        0.01
  19       -94.125897540     -1.98e-08      1.45e-05        0.01
  20       -94.125897541     -4.45e-10      6.95e-06        0.01

 SCF converged in 20 iterations.

 Dipole moment (in Debye):               0.000000       0.000000       0.000000

 Quadrupole moment (in Debye-Angstrom):
                  1            2            3
 1       -22.200705    -0.000005    -0.000081
 2        -0.000005   -22.200639     0.000011
 3        -0.000081     0.000011   -22.200750

 Spin-squared expectation <S^2>:         6.005
 Total spin quantum number S:            2.001
 TOTAL ENERGY:                         -94.125897541
 Saving results in set 'HF'

 --------------------------------------------------------------------------------
                                command: unsoldw12                               
 --------------------------------------------------------------------------------
 Number of AO basis functions:          72

 DF basis set:                           def2-qzvppd-ri
 Number of DF basis functions:         252


 --------------------------
  Virtual UW12 Correlation 
 --------------------------
 Unrestricted MP2 calculation:           
 Core spatial orbitals:                  0
 Correlated alpha orbitals:             10
 Correlated beta orbitals:               6
 Virtual alpha orbitals:                62
 Virtual beta orbitals:                 66

 Opposite spin energy:                  -0.078971506

 Reference energy:                     -94.125897541
 UW12 correlation energy:               -0.078971506
 Total UW12 energy:                    -94.204869047

 --------------------------------------------------------------------------------

 End time:                               Wed Jun 16 09:40:24 2021
 Total wall-clock time:                  0.905 seconds
==================================================================================
