
================================================================================
          _____________ ________ _______________ ________     _________         
         / ___________// ______ \\_____   _____// ______ \   / ________)        
        / /_________  / /      \ \     | |     / /      \ \ | (_______          
       |  __________|| |        | |    | |    | |        | | \________ \        
        \ \_________ | |        | |    | |     \ \______/ /___________) |       
         \__________||_|        |_|    |_|      \________//____________/        
                                                                                
====================================[ Qcore ]===================================

 Git hash:   6a88d58d269bf0d2ccfae91583c23a2b072b7633
 Git date:   Tue, 25 May 2021 10:36:49 +0100
 Compiler:   GNU 9.1.0
 Build type: Release
 Version:    1.3.0

 Start time: Wed Jun 16 09:40:25 2021

 Data directory: /newhome/zw18965/.local/qcore/share/entos/1.3.0/data
 Number of threads: 16
 Number of threads was determined by: number of physical cores

 --------------------------------------------------------------------------------
                                   command: hf                                   
 --------------------------------------------------------------------------------
 AO basis set:                           def2-qzvp
 Number of AO basis functions:          72
 ECP on atom 1 (Pd):                     28 electrons

 Formula:                                Pd
 Nuclear charge:                        46.000000000
 Total charge:                           0.000000000
 Number of core electrons:              28
 Number of treated electrons:           18

 Number of alpha electrons:              9
 Number of beta electrons:               9
 Number of unpaired electrons:           0
 Spin:                                   0
 Multiplicity:                           singlet

 Theory:                                 hf
 Method for Coulomb:                     incore_df
 Method for exact exchange:              pre_transformed_df
 Integral threshold:                     1.00e-12
 DF basis set:                           def2-universal-jkfit
 Number of DF basis functions:         255
 Schwarz screening threshold:            1.00e-10
 Coulomb fitting method:                 Cholesky
 Method for AO orthogonalization:        symmetric
 Threshold for linear dependence:        1.00e-08

 -------------------------------------
  Running restricted closed-shell SCF 
 -------------------------------------
 Max number of iterations:             128
 Conv. threshold (gradient):             1.00e-05
 Conv. threshold (energy):               1.00e-06
 Interpolation scheme:                   adiis+cdiis
 Initial guess:                          H0

 ---------------------------------------------------------------
                  energy        change          grad        time
 ---------------------------------------------------------------
   0      -112.017259155                    6.13e+00        0.00
   1      -104.496791327      7.52e+00      6.73e+00        0.01
   2      -119.577824169     -1.51e+01      3.81e+00        0.01
   3      -126.971085210     -7.39e+00      5.13e-01        0.01
   4      -127.028017918     -5.69e-02      9.73e-02        0.01
   5      -127.029295441     -1.28e-03      9.32e-02        0.01
   6      -127.032211035     -2.92e-03      1.95e-02        0.01
   7      -127.032364588     -1.54e-04      5.31e-04        0.01
   8      -127.032364719     -1.31e-07      3.21e-05        0.00
   9      -127.032364720     -4.80e-10      1.08e-06        0.01

 SCF converged in 9 iterations.

 Dipole moment (in Debye):               0.000000      -0.000000      -0.000000

 Quadrupole moment (in Debye-Angstrom):
                  1            2            3
 1       -17.840027     0.000000     0.000000
 2         0.000000   -17.840027    -0.000000
 3         0.000000    -0.000000   -17.840027

 Spin-squared expectation <S^2>:         0.000
 Total spin quantum number S:            0.000
 TOTAL ENERGY:                        -127.032364720
 Saving results in set 'HF'

 --------------------------------------------------------------------------------
                                command: unsoldw12                               
 --------------------------------------------------------------------------------
 Number of AO basis functions:          72

 DF basis set:                           def2-qzvppd-ri
 Number of DF basis functions:         252


 --------------------------
  Virtual UW12 Correlation 
 --------------------------
 Restricted Virtual UW12 calculation:    
 Core orbitals:                          0
 Correlated orbitals:                    9
 Virtual orbitals:                      63

 Opposite spin energy:                  -0.102980157

 Reference energy:                    -127.032364720
 UW12 correlation energy:               -0.102980157
 Total UW12 energy:                   -127.135344876

 --------------------------------------------------------------------------------

 End time:                               Wed Jun 16 09:40:25 2021
 Total wall-clock time:                  0.690 seconds
==================================================================================
