
================================================================================
          _____________ ________ _______________ ________     _________         
         / ___________// ______ \\_____   _____// ______ \   / ________)        
        / /_________  / /      \ \     | |     / /      \ \ | (_______          
       |  __________|| |        | |    | |    | |        | | \________ \        
        \ \_________ | |        | |    | |     \ \______/ /___________) |       
         \__________||_|        |_|    |_|      \________//____________/        
                                                                                
====================================[ Qcore ]===================================

 Git hash:   6a88d58d269bf0d2ccfae91583c23a2b072b7633
 Git date:   Tue, 25 May 2021 10:36:49 +0100
 Compiler:   GNU 9.1.0
 Build type: Release
 Version:    1.3.0

 Start time: Wed Jun 16 09:40:50 2021

 Data directory: /newhome/zw18965/.local/qcore/share/entos/1.3.0/data
 Number of threads: 16
 Number of threads was determined by: number of physical cores

 --------------------------------------------------------------------------------
                                   command: dft                                  
 --------------------------------------------------------------------------------
 AO basis set:                           def2-qzvp
 Number of AO basis functions:          72
 ECP on atom 1 (La):                     46 electrons

 Formula:                                La
 Nuclear charge:                        57.000000000
 Total charge:                           0.000000000
 Number of core electrons:              46
 Number of treated electrons:           11

 Number of alpha electrons:              6
 Number of beta electrons:               5
 Number of unpaired electrons:           1
 Spin:                                   1
 Multiplicity:                           doublet

 Theory:                                 dft
 Exchange-correlation functional:        blyp
 Method for Coulomb:                     incore_df
 Integral threshold:                     1.00e-12
 DF basis set:                           def2-universal-jkfit
 Number of DF basis functions:         227
 Schwarz screening threshold:            1.00e-10
 Coulomb fitting method:                 Cholesky
 Total number of grid points:         8976
 Method for AO orthogonalization:        symmetric
 Threshold for linear dependence:        1.00e-08

 -------------------------------------
  Running unrestricted open-shell SCF 
 -------------------------------------
 Max number of iterations:             128
 Conv. threshold (gradient):             1.00e-05
 Conv. threshold (energy):               1.00e-06
 Interpolation scheme:                   adiis+cdiis
 Initial guess:                          SAD

 ---------------------------------------------------------------
                  energy        change          grad        time
 ---------------------------------------------------------------
   0       -31.436645921                    3.52e-04        0.03
   1       -31.444029218     -7.38e-03      3.60e-02        0.03
   2       -31.445716789     -1.69e-03      3.17e-02        0.02
   3       -31.449435854     -3.72e-03      1.03e-02        0.02
   4       -31.450915221     -1.48e-03      8.63e-03        0.04
   5       -31.451220017     -3.05e-04      7.71e-03        0.04
   6       -31.451635447     -4.15e-04      2.26e-03        0.04
   7       -31.451650248     -1.48e-05      9.02e-04        0.03
   8       -31.451652187     -1.94e-06      1.80e-04        0.03
   9       -31.451652203     -1.67e-08      1.49e-04        0.03
  10       -31.451652218     -1.48e-08      1.67e-05        0.04
  11       -31.451652219     -1.28e-09      9.31e-06        0.03

 SCF converged in 11 iterations.

 Dipole moment (in Debye):              -0.000022      -0.000022       0.000013

 Quadrupole moment (in Debye-Angstrom):
                  1            2            3
 1       -36.439765    -0.000001    -0.000003
 2        -0.000001   -36.439765    -0.000003
 3        -0.000003    -0.000003   -36.653152

 Spin-squared expectation <S^2>:         1.273
 Total spin quantum number S:            0.734
 TOTAL ENERGY:                         -31.451652219
 Saving results in set 'guess'

 --------------------------------------------------------------------------------
                                   command: hf                                   
 --------------------------------------------------------------------------------
 AO basis set:                           def2-qzvp
 Number of AO basis functions:          72
 ECP on atom 1 (La):                     46 electrons

 Formula:                                La
 Nuclear charge:                        57.000000000
 Total charge:                           0.000000000
 Number of core electrons:              46
 Number of treated electrons:           11

 Number of alpha electrons:              6
 Number of beta electrons:               5
 Number of unpaired electrons:           1
 Spin:                                   1
 Multiplicity:                           doublet

 Theory:                                 hf
 Method for Coulomb:                     incore_df
 Method for exact exchange:              pre_transformed_df
 Integral threshold:                     1.00e-12
 DF basis set:                           def2-universal-jkfit
 Number of DF basis functions:         227
 Schwarz screening threshold:            1.00e-10
 Coulomb fitting method:                 Cholesky
 Method for AO orthogonalization:        symmetric
 Threshold for linear dependence:        1.00e-08

 -------------------------------------
  Running unrestricted open-shell SCF 
 -------------------------------------
 Max number of iterations:             128
 Conv. threshold (gradient):             1.00e-05
 Conv. threshold (energy):               1.00e-06
 Interpolation scheme:                   adiis+cdiis

 ---------------------------------------------------------------
                  energy        change          grad        time
 ---------------------------------------------------------------
   0       -31.078055577                    1.17e-01        0.01
   1       -31.084259001     -6.20e-03      1.40e-02        0.01
   2       -31.084926905     -6.68e-04      7.53e-03        0.01
   3       -31.085183896     -2.57e-04      3.52e-03        0.01
   4       -31.085290092     -1.06e-04      1.99e-03        0.01
   5       -31.085345494     -5.54e-05      1.43e-03        0.01
   6       -31.085389021     -4.35e-05      8.12e-04        0.01
   7       -31.085393597     -4.58e-06      4.36e-04        0.01
   8       -31.085394705     -1.11e-06      2.54e-04        0.01
   9       -31.085395665     -9.59e-07      4.77e-05        0.01
  10       -31.085395673     -8.14e-09      9.59e-06        0.01

 SCF converged in 10 iterations.

 Dipole moment (in Debye):               0.000008       0.000008      -0.000015

 Quadrupole moment (in Debye-Angstrom):
                  1            2            3
 1       -37.090361    -0.000000    -0.000000
 2        -0.000000   -37.090361    -0.000000
 3        -0.000000    -0.000000   -38.058601

 Spin-squared expectation <S^2>:         1.437
 Total spin quantum number S:            0.799
 TOTAL ENERGY:                         -31.085395673
 Saving results in set 'HF'

 --------------------------------------------------------------------------------
                                command: unsoldw12                               
 --------------------------------------------------------------------------------
 Number of AO basis functions:          72

 DF basis set:                           def2-qzvppd-ri
 Number of DF basis functions:         252


 --------------------------
  Virtual UW12 Correlation 
 --------------------------
 Unrestricted MP2 calculation:           
 Core spatial orbitals:                  0
 Correlated alpha orbitals:              6
 Correlated beta orbitals:               5
 Virtual alpha orbitals:                66
 Virtual beta orbitals:                 67

 Opposite spin energy:                  -0.050373658

 Reference energy:                     -31.085395673
 UW12 correlation energy:               -0.050373658
 Total UW12 energy:                    -31.135769331

 --------------------------------------------------------------------------------

 End time:                               Wed Jun 16 09:40:52 2021
 Total wall-clock time:                  1.842 seconds
==================================================================================
