
================================================================================
          _____________ ________ _______________ ________     _________         
         / ___________// ______ \\_____   _____// ______ \   / ________)        
        / /_________  / /      \ \     | |     / /      \ \ | (_______          
       |  __________|| |        | |    | |    | |        | | \________ \        
        \ \_________ | |        | |    | |     \ \______/ /___________) |       
         \__________||_|        |_|    |_|      \________//____________/        
                                                                                
====================================[ Qcore ]===================================

 Git hash:   6a88d58d269bf0d2ccfae91583c23a2b072b7633
 Git date:   Tue, 25 May 2021 10:36:49 +0100
 Compiler:   GNU 9.1.0
 Build type: Release
 Version:    1.3.0

 Start time: Wed Jun 16 09:41:14 2021

 Data directory: /newhome/zw18965/.local/qcore/share/entos/1.3.0/data
 Number of threads: 16
 Number of threads was determined by: number of physical cores

 --------------------------------------------------------------------------------
                                   command: hf                                   
 --------------------------------------------------------------------------------
 AO basis set:                           def2-qzvp
 Number of AO basis functions:          82
 ECP on atom 1 (Rn):                     60 electrons

 Formula:                                Rn
 Nuclear charge:                        86.000000000
 Total charge:                           0.000000000
 Number of core electrons:              60
 Number of treated electrons:           26

 Number of alpha electrons:             13
 Number of beta electrons:              13
 Number of unpaired electrons:           0
 Spin:                                   0
 Multiplicity:                           singlet

 Theory:                                 hf
 Method for Coulomb:                     incore_df
 Method for exact exchange:              pre_transformed_df
 Integral threshold:                     1.00e-12
 DF basis set:                           def2-universal-jkfit
 Number of DF basis functions:         251
 Schwarz screening threshold:            1.00e-10
 Coulomb fitting method:                 Cholesky
 Method for AO orthogonalization:        symmetric
 Threshold for linear dependence:        1.00e-08

 -------------------------------------
  Running restricted closed-shell SCF 
 -------------------------------------
 Max number of iterations:             128
 Conv. threshold (gradient):             1.00e-05
 Conv. threshold (energy):               1.00e-06
 Interpolation scheme:                   adiis+cdiis
 Initial guess:                          H0

 ---------------------------------------------------------------
                  energy        change          grad        time
 ---------------------------------------------------------------
   0      -238.973135367                    1.70e+01        0.01
   1      -217.575505523      2.14e+01      1.27e+01        0.01
   2      -259.360160577     -4.18e+01      1.33e+01        0.01
   3      -286.823961533     -2.75e+01      2.68e+00        0.01
   4      -287.419558083     -5.96e-01      1.07e+00        0.01
   5      -287.519717113     -1.00e-01      3.67e-01        0.01
   6      -287.539188446     -1.95e-02      1.78e-01        0.01
   7      -287.542646643     -3.46e-03      7.06e-02        0.01
   8      -287.543285987     -6.39e-04      3.17e-02        0.01
   9      -287.543427641     -1.42e-04      8.20e-05        0.01
  10      -287.543427643     -1.94e-09      1.80e-05        0.01
  11      -287.543427643     -6.84e-11      1.78e-06        0.01

 SCF converged in 11 iterations.

 Dipole moment (in Debye):              -0.000000       0.000000      -0.000000

 Quadrupole moment (in Debye-Angstrom):
                  1            2            3
 1       -31.366512    -0.000000    -0.000000
 2        -0.000000   -31.366512    -0.000000
 3        -0.000000    -0.000000   -31.366512

 Spin-squared expectation <S^2>:         0.000
 Total spin quantum number S:            0.000
 TOTAL ENERGY:                        -287.543427643
 Saving results in set 'HF'

 --------------------------------------------------------------------------------
                                command: unsoldw12                               
 --------------------------------------------------------------------------------
 Number of AO basis functions:          82

 DF basis set:                           def2-qzvppd-ri
 Number of DF basis functions:         281


 --------------------------
  Virtual UW12 Correlation 
 --------------------------
 Restricted Virtual UW12 calculation:    
 Core orbitals:                          0
 Correlated orbitals:                   13
 Virtual orbitals:                      69

 Opposite spin energy:                  -0.157950291

 Reference energy:                    -287.543427643
 UW12 correlation energy:               -0.157950291
 Total UW12 energy:                   -287.701377934

 --------------------------------------------------------------------------------

 End time:                               Wed Jun 16 09:41:17 2021
 Total wall-clock time:                  3.362 seconds
==================================================================================
