
================================================================================
          _____________ ________ _______________ ________     _________         
         / ___________// ______ \\_____   _____// ______ \   / ________)        
        / /_________  / /      \ \     | |     / /      \ \ | (_______          
       |  __________|| |        | |    | |    | |        | | \________ \        
        \ \_________ | |        | |    | |     \ \______/ /___________) |       
         \__________||_|        |_|    |_|      \________//____________/        
                                                                                
====================================[ Qcore ]===================================

 Git hash:   6a88d58d269bf0d2ccfae91583c23a2b072b7633
 Git date:   Tue, 25 May 2021 10:36:49 +0100
 Compiler:   GNU 9.1.0
 Build type: Release
 Version:    1.3.0

 Start time: Mon Jun  7 14:37:56 2021

 Data directory: /newhome/zw18965/.local/qcore/share/entos/1.3.0/data
 Number of threads: 16
 Number of threads was determined by: number of physical cores

 --------------------------------------------------------------------------------
                                   command: hf                                   
 --------------------------------------------------------------------------------
 AO basis set:                           aug-cc-pv5z-combined-pp
 Number of AO basis functions:         139
 ECP on atom 1 (Te):                     28 electrons

 Formula:                                Te
 Nuclear charge:                        52.000000000
 Total charge:                           0.000000000
 Number of core electrons:              28
 Number of treated electrons:           24

 Number of alpha electrons:             12
 Number of beta electrons:              12
 Number of unpaired electrons:           0
 Spin:                                   0
 Multiplicity:                           singlet

 Theory:                                 hf
 Method for Coulomb:                     incore_df
 Method for exact exchange:              pre_transformed_df
 Integral threshold:                     1.00e-12
 DF basis set:                           def2-universal-jkfit
 Number of DF basis functions:         218
 Schwarz screening threshold:            1.00e-10
 Coulomb fitting method:                 Cholesky
 Method for AO orthogonalization:        symmetric
 Threshold for linear dependence:        1.00e-08

 -------------------------------------
  Running restricted closed-shell SCF 
 -------------------------------------
 Max number of iterations:             128
 Conv. threshold (gradient):             1.00e-05
 Conv. threshold (energy):               1.00e-06
 Interpolation scheme:                   adiis+cdiis
 Initial guess:                          H0

 ---------------------------------------------------------------
                  energy        change          grad        time
 ---------------------------------------------------------------
   0      -235.790191293                    1.57e+01        0.02
   1      -187.190701691      4.86e+01      1.16e+01        0.02
   2      -248.920710770     -6.17e+01      1.15e+01        0.02
   3      -266.089260674     -1.72e+01      2.25e+00        0.02
   4      -266.773334166     -6.84e-01      1.27e+00        0.02
   5      -266.902184843     -1.29e-01      4.40e-01        0.03
   6      -266.931183316     -2.90e-02      2.40e-01        0.02
   7      -266.937097664     -5.91e-03      1.00e-01        0.02
   8      -266.938351961     -1.25e-03      4.89e-02        0.02
   9      -266.938614508     -2.63e-04      2.14e-02        0.03
  10      -266.938685121     -7.06e-05      2.31e-05        0.03
  11      -266.938685121     -6.68e-11      1.15e-06        0.03

 SCF converged in 11 iterations.

 Dipole moment (in Debye):               0.000000       0.000000      -0.000000

 Quadrupole moment (in Debye-Angstrom):
                  1            2            3
 1       -21.795767    -0.000036     0.760314
 2        -0.000036   -30.124343    -0.000003
 3         0.760314    -0.000003   -30.054934

 Spin-squared expectation <S^2>:         0.000
 Total spin quantum number S:            0.000
 TOTAL ENERGY:                        -266.938685121
 Saving results in set 'HF'

 --------------------------------------------------------------------------------
                                command: unsoldw12                               
 --------------------------------------------------------------------------------
 Number of AO basis functions:         139

 DF basis set:                           def2-qzvppd-ri
 Number of DF basis functions:         292


 --------------------------
  Virtual UW12 Correlation 
 --------------------------
 Restricted Virtual UW12 calculation:    
 Core orbitals:                          4
 Correlated orbitals:                    8
 Virtual orbitals:                     127

 Opposite spin energy:                  -0.066330470

 Reference energy:                    -266.938685121
 UW12 correlation energy:               -0.066330470
 Total UW12 energy:                   -267.005015591

 --------------------------------------------------------------------------------

 End time:                               Mon Jun  7 14:38:12 2021
 Total wall-clock time:                 15.926 seconds
==================================================================================
