
================================================================================
          _____________ ________ _______________ ________     _________         
         / ___________// ______ \\_____   _____// ______ \   / ________)        
        / /_________  / /      \ \     | |     / /      \ \ | (_______          
       |  __________|| |        | |    | |    | |        | | \________ \        
        \ \_________ | |        | |    | |     \ \______/ /___________) |       
         \__________||_|        |_|    |_|      \________//____________/        
                                                                                
====================================[ Qcore ]===================================

 Git hash:   6a88d58d269bf0d2ccfae91583c23a2b072b7633
 Git date:   Tue, 25 May 2021 10:36:49 +0100
 Compiler:   GNU 9.1.0
 Build type: Release
 Version:    1.3.0

 Start time: Mon Jun  7 14:39:03 2021

 Data directory: /newhome/zw18965/.local/qcore/share/entos/1.3.0/data
 Number of threads: 16
 Number of threads was determined by: number of physical cores

 --------------------------------------------------------------------------------
                                   command: hf                                   
 --------------------------------------------------------------------------------
 AO basis set:                           aug-cc-pv5z-combined-pp
 Number of AO basis functions:         197
 ECP on atom 1 (Os):                     60 electrons

 Formula:                                Os
 Nuclear charge:                        76.000000000
 Total charge:                           0.000000000
 Number of core electrons:              60
 Number of treated electrons:           16

 Number of alpha electrons:              8
 Number of beta electrons:               8
 Number of unpaired electrons:           0
 Spin:                                   0
 Multiplicity:                           singlet

 Theory:                                 hf
 Method for Coulomb:                     incore_df
 Method for exact exchange:              pre_transformed_df
 Integral threshold:                     1.00e-12
 DF basis set:                           def2-universal-jkfit
 Number of DF basis functions:         227
 Schwarz screening threshold:            1.00e-10
 Coulomb fitting method:                 Cholesky
 Method for AO orthogonalization:        symmetric
 Threshold for linear dependence:        1.00e-08

 -------------------------------------
  Running restricted closed-shell SCF 
 -------------------------------------
 Max number of iterations:             128
 Conv. threshold (gradient):             1.00e-05
 Conv. threshold (energy):               1.00e-06
 Interpolation scheme:                   adiis+cdiis
 Initial guess:                          H0

 ---------------------------------------------------------------
                  energy        change          grad        time
 ---------------------------------------------------------------
   0       -79.132901452                    8.38e+00        0.03
   1       -77.322342473      1.81e+00      5.45e+00        0.03
   2       -86.383884704     -9.06e+00      4.74e+00        0.04
   3       -89.809065783     -3.43e+00      7.86e-01        0.04
   4       -89.850110731     -4.10e-02      2.58e-01        0.04
   5       -89.856454630     -6.34e-03      1.92e-01        0.04
   6       -89.861201662     -4.75e-03      1.54e-01        0.04
   7       -89.865050096     -3.85e-03      1.38e-01        0.04
   8       -89.868540876     -3.49e-03      1.13e-01        0.04
   9       -89.871909109     -3.37e-03      1.13e-01        0.05
  10       -89.875147728     -3.24e-03      9.10e-02        0.05
  11       -89.878328548     -3.18e-03      1.01e-01        0.05
  12       -89.893327190     -1.50e-02      2.92e-01        0.04
  13       -89.859258001      3.41e-02      1.11e-01        0.04
  14       -89.844971961      1.43e-02      1.89e-01        0.03
  15       -89.837538418      7.43e-03      2.99e-01        0.04
  16       -89.849087037     -1.15e-02      1.61e-01        0.04
  17       -89.838393485      1.07e-02      2.33e-01        0.04
  18       -89.839940520     -1.55e-03      1.71e-01        0.04
  19       -89.841221660     -1.28e-03      1.18e-01        0.04
  20       -89.842417214     -1.20e-03      5.93e-02        0.04
  21       -89.842371774      4.54e-05      1.36e-02        0.04
  22       -89.842376702     -4.93e-06      1.77e-02        0.04
  23       -89.842316814      5.99e-05      2.43e-02        0.05
  24       -89.842278344      3.85e-05      4.30e-03        0.04
  25       -89.842278948     -6.04e-07      2.82e-03        0.04
  26       -89.842278992     -4.45e-08      2.34e-04        0.04
  27       -89.842278974      1.83e-08      5.29e-05        0.04
  28       -89.842278974      2.48e-10      1.92e-05        0.03
  29       -89.842278973      1.72e-10      6.87e-06        0.04

 SCF converged in 29 iterations.

 Dipole moment (in Debye):               0.000000       0.000000       0.000000

 Quadrupole moment (in Debye-Angstrom):
                  1            2            3
 1       -21.907826     0.546304     2.765384
 2         0.546304   -20.764486    -1.108887
 3         2.765384    -1.108887   -26.158599

 Spin-squared expectation <S^2>:         0.000
 Total spin quantum number S:            0.000
 TOTAL ENERGY:                         -89.842278973
 Saving results in set 'HF'

 --------------------------------------------------------------------------------
                                command: unsoldw12                               
 --------------------------------------------------------------------------------
 Number of AO basis functions:         197

 DF basis set:                           def2-qzvppd-ri
 Number of DF basis functions:         252


 --------------------------
  Virtual UW12 Correlation 
 --------------------------
 Restricted Virtual UW12 calculation:    
 Core orbitals:                          0
 Correlated orbitals:                    8
 Virtual orbitals:                     189

 Opposite spin energy:                  -0.105987224

 Reference energy:                     -89.842278973
 UW12 correlation energy:               -0.105987224
 Total UW12 energy:                    -89.948266197

 --------------------------------------------------------------------------------

 End time:                               Mon Jun  7 14:39:21 2021
 Total wall-clock time:                 18.133 seconds
==================================================================================
