
================================================================================
          _____________ ________ _______________ ________     _________         
         / ___________// ______ \\_____   _____// ______ \   / ________)        
        / /_________  / /      \ \     | |     / /      \ \ | (_______          
       |  __________|| |        | |    | |    | |        | | \________ \        
        \ \_________ | |        | |    | |     \ \______/ /___________) |       
         \__________||_|        |_|    |_|      \________//____________/        
                                                                                
====================================[ Qcore ]===================================

 Git hash:   6a88d58d269bf0d2ccfae91583c23a2b072b7633
 Git date:   Tue, 25 May 2021 10:36:49 +0100
 Compiler:   GNU 9.1.0
 Build type: Release
 Version:    1.3.0

 Start time: Mon Jun  7 14:40:06 2021

 Data directory: /newhome/zw18965/.local/qcore/share/entos/1.3.0/data
 Number of threads: 16
 Number of threads was determined by: number of physical cores

 --------------------------------------------------------------------------------
                                   command: hf                                   
 --------------------------------------------------------------------------------
 AO basis set:                           aug-cc-pv5z-combined-pp
 Number of AO basis functions:         139
 ECP on atom 1 (Po):                     60 electrons

 Formula:                                Po
 Nuclear charge:                        84.000000000
 Total charge:                           0.000000000
 Number of core electrons:              60
 Number of treated electrons:           24

 Number of alpha electrons:             12
 Number of beta electrons:              12
 Number of unpaired electrons:           0
 Spin:                                   0
 Multiplicity:                           singlet

 Theory:                                 hf
 Method for Coulomb:                     incore_df
 Method for exact exchange:              pre_transformed_df
 Integral threshold:                     1.00e-12
 DF basis set:                           def2-universal-jkfit
 Number of DF basis functions:         251
 Schwarz screening threshold:            1.00e-10
 Coulomb fitting method:                 Cholesky
 Method for AO orthogonalization:        symmetric
 Threshold for linear dependence:        1.00e-08

 -------------------------------------
  Running restricted closed-shell SCF 
 -------------------------------------
 Max number of iterations:             128
 Conv. threshold (gradient):             1.00e-05
 Conv. threshold (energy):               1.00e-06
 Interpolation scheme:                   adiis+cdiis
 Initial guess:                          H0

 ---------------------------------------------------------------
                  energy        change          grad        time
 ---------------------------------------------------------------
   0      -212.770009002                    1.42e+01        0.01
   1      -172.285779146      4.05e+01      9.31e+00        0.02
   2      -223.755019399     -5.15e+01      9.29e+00        0.02
   3      -235.991330672     -1.22e+01      1.86e+00        0.02
   4      -236.533486108     -5.42e-01      1.10e+00        0.02
   5      -236.635924810     -1.02e-01      3.68e-01        0.02
   6      -236.657185791     -2.13e-02      1.96e-01        0.02
   7      -236.661186336     -4.00e-03      7.76e-02        0.02
   8      -236.661969064     -7.83e-04      3.68e-02        0.02
   9      -236.662156132     -1.87e-04      5.81e-05        0.02
  10      -236.662156133     -7.76e-10      8.70e-06        0.02

 SCF converged in 10 iterations.

 Dipole moment (in Debye):               0.000000      -0.000000       0.000000

 Quadrupole moment (in Debye-Angstrom):
                  1            2            3
 1       -34.660818    -0.000061     0.000000
 2        -0.000061   -25.518041    -0.000226
 3         0.000000    -0.000226   -34.660818

 Spin-squared expectation <S^2>:         0.000
 Total spin quantum number S:            0.000
 TOTAL ENERGY:                        -236.662156133
 Saving results in set 'HF'

 --------------------------------------------------------------------------------
                                command: unsoldw12                               
 --------------------------------------------------------------------------------
 Number of AO basis functions:         139

 DF basis set:                           def2-qzvppd-ri
 Number of DF basis functions:         281


 --------------------------
  Virtual UW12 Correlation 
 --------------------------
 Restricted Virtual UW12 calculation:    
 Core orbitals:                          4
 Correlated orbitals:                    8
 Virtual orbitals:                     127

 Opposite spin energy:                  -0.094172642

 Reference energy:                    -236.662156133
 UW12 correlation energy:               -0.094172642
 Total UW12 energy:                   -236.756328775

 --------------------------------------------------------------------------------

 End time:                               Mon Jun  7 14:40:17 2021
 Total wall-clock time:                 11.037 seconds
==================================================================================
