
================================================================================
          _____________ ________ _______________ ________     _________         
         / ___________// ______ \\_____   _____// ______ \   / ________)        
        / /_________  / /      \ \     | |     / /      \ \ | (_______          
       |  __________|| |        | |    | |    | |        | | \________ \        
        \ \_________ | |        | |    | |     \ \______/ /___________) |       
         \__________||_|        |_|    |_|      \________//____________/        
                                                                                
====================================[ Qcore ]===================================

 Git hash:   6a88d58d269bf0d2ccfae91583c23a2b072b7633
 Git date:   Tue, 25 May 2021 10:36:49 +0100
 Compiler:   GNU 9.1.0
 Build type: Release
 Version:    1.3.0

 Start time: Fri May 28 14:21:07 2021

 Data directory: /newhome/zw18965/.local/qcore/share/entos/1.3.0/data
 Number of threads: 16
 Number of threads was determined by: number of physical cores

 --------------------------------------------------------------------------------
                                   command: hf                                   
 --------------------------------------------------------------------------------
 AO basis set:                           aug-cc-pv5z-combined-pp
 Number of AO basis functions:         131

 Formula:                                Si
 Nuclear charge:                        14.000000000
 Total charge:                           0.000000000
 Number of electrons:                   14.000000000

 Number of alpha electrons:              8
 Number of beta electrons:               6
 Number of unpaired electrons:           2
 Spin:                                   2
 Multiplicity:                           triplet

 Theory:                                 hf
 Method for Coulomb:                     incore_df
 Method for exact exchange:              pre_transformed_df
 Integral threshold:                     1.00e-12
 DF basis set:                           def2-universal-jkfit
 Number of DF basis functions:         128
 Schwarz screening threshold:            1.00e-10
 Coulomb fitting method:                 Cholesky
 Method for AO orthogonalization:        symmetric
 Threshold for linear dependence:        1.00e-08

 -------------------------------------
  Running unrestricted open-shell SCF 
 -------------------------------------
 Max number of iterations:             128
 Conv. threshold (gradient):             1.00e-05
 Conv. threshold (energy):               1.00e-06
 Interpolation scheme:                   adiis+cdiis
 Initial guess:                          H0

 ---------------------------------------------------------------
                  energy        change          grad        time
 ---------------------------------------------------------------
   0      -258.335281346                    1.18e+01        0.00
   1      -274.623764242     -1.63e+01      9.67e+00        0.02
   2      -286.041727180     -1.14e+01      3.25e+00        0.02
   3      -288.450979121     -2.41e+00      1.17e+00        0.02
   4      -288.829210147     -3.78e-01      3.50e-01        0.02
   5      -288.856518387     -2.73e-02      9.05e-02        0.02
   6      -288.858589094     -2.07e-03      2.14e-02        0.02
   7      -288.858823218     -2.34e-04      2.96e-03        0.02
   8      -288.858829288     -6.07e-06      5.74e-04        0.02
   9      -288.858829501     -2.12e-07      1.39e-04        0.02
  10      -288.858829511     -1.06e-08      1.77e-05        0.02
  11      -288.858829511     -2.82e-10      3.38e-06        0.02

 SCF converged in 11 iterations.

 Dipole moment (in Debye):              -0.000000      -0.000000      -0.000000

 Quadrupole moment (in Debye-Angstrom):
                  1            2            3
 1       -11.615764     0.000000    -1.424795
 2         0.000000   -16.039690    -0.000000
 3        -1.424795    -0.000000   -15.580812

 Spin-squared expectation <S^2>:         2.016
 Total spin quantum number S:            1.005
 TOTAL ENERGY:                        -288.858829511
 Saving results in set 'HF'

 --------------------------------------------------------------------------------
                                command: unsoldw12                               
 --------------------------------------------------------------------------------
 Number of AO basis functions:         131

 DF basis set:                           def2-qzvppd-ri
 Number of DF basis functions:         183

 Unrestricted UW12 calculation:          
 Core spatial orbitals:                  5
 Correlated alpha orbitals:              3
 Correlated beta orbitals:               1

 ------------------
  UW12 Correlation 
 ------------------
 Factor for UW12 correlation:            1.000000000
 Same spin scale factor:                 0.000000000
 Calculate indirect contribution:        false
 Method for three electron term:         df_ri
 Auxiliary RI basis set:                 def2-QZVPPD-ri
 Number of RI basis functions:         183
 Gaussians in geminal expansion:         4
 UW12 screening threshold:               1.00e-10
 Method for density-fitting:             w(r)
 Number of core spatial orbitals:        5


 Reference energy:                    -288.858829511
 UW12 correlation energy:               -0.011756728
 Total UW12 energy:                   -288.870586239

 --------------------------------------------------------------------------------

 End time:                               Fri May 28 14:21:09 2021
 Total wall-clock time:                  1.679 seconds
==================================================================================
