
================================================================================
          _____________ ________ _______________ ________     _________         
         / ___________// ______ \\_____   _____// ______ \   / ________)        
        / /_________  / /      \ \     | |     / /      \ \ | (_______          
       |  __________|| |        | |    | |    | |        | | \________ \        
        \ \_________ | |        | |    | |     \ \______/ /___________) |       
         \__________||_|        |_|    |_|      \________//____________/        
                                                                                
====================================[ Qcore ]===================================

 Git hash:   6a88d58d269bf0d2ccfae91583c23a2b072b7633
 Git date:   Tue, 25 May 2021 10:36:49 +0100
 Compiler:   GNU 9.1.0
 Build type: Release
 Version:    1.3.0

 Start time: Fri May 28 14:24:02 2021

 Data directory: /newhome/zw18965/.local/qcore/share/entos/1.3.0/data
 Number of threads: 16
 Number of threads was determined by: number of physical cores

 --------------------------------------------------------------------------------
                                   command: hf                                   
 --------------------------------------------------------------------------------
 AO basis set:                           aug-cc-pv5z-combined-pp
 Number of AO basis functions:         202

 Formula:                                Mn
 Nuclear charge:                        25.000000000
 Total charge:                           0.000000000
 Number of electrons:                   25.000000000

 Number of alpha electrons:             15
 Number of beta electrons:              10
 Number of unpaired electrons:           5
 Spin:                                   5
 Multiplicity:                           septet

 Theory:                                 hf
 Method for Coulomb:                     incore_df
 Method for exact exchange:              pre_transformed_df
 Integral threshold:                     1.00e-12
 DF basis set:                           def2-universal-jkfit
 Number of DF basis functions:         264
 Schwarz screening threshold:            1.00e-10
 Coulomb fitting method:                 Cholesky
 Method for AO orthogonalization:        symmetric
 Threshold for linear dependence:        1.00e-08

 -------------------------------------
  Running unrestricted open-shell SCF 
 -------------------------------------
 Max number of iterations:             128
 Conv. threshold (gradient):             1.00e-05
 Conv. threshold (energy):               1.00e-06
 Interpolation scheme:                   adiis+cdiis
 Initial guess:                          H0

 ---------------------------------------------------------------
                  energy        change          grad        time
 ---------------------------------------------------------------
   0     -1034.732933956                    1.83e+01        0.02
   1     -1059.355497047     -2.46e+01      1.03e+01        0.03
   2     -1126.864365134     -6.75e+01      9.43e+00        0.03
   3     -1146.874764327     -2.00e+01      2.90e+00        0.03
   4     -1147.462029879     -5.87e-01      3.27e+00        0.03
   5     -1149.779475427     -2.32e+00      5.15e-01        0.04
   6     -1149.842535539     -6.31e-02      3.07e-01        0.04
   7     -1149.860366868     -1.78e-02      1.48e-01        0.04
   8     -1149.867668513     -7.30e-03      7.57e-02        0.05
   9     -1149.869022330     -1.35e-03      4.06e-02        0.05
  10     -1149.869761001     -7.39e-04      1.32e-03        0.04
  11     -1149.869765303     -4.30e-06      3.37e-04        0.04
  12     -1149.869765427     -1.24e-07      9.58e-05        0.04
  13     -1149.869765435     -7.52e-09      4.33e-05        0.04
  14     -1149.869765437     -2.29e-09      1.08e-05        0.04
  15     -1149.869765437     -1.21e-10      1.14e-06        0.06

 SCF converged in 15 iterations.

 Dipole moment (in Debye):              -0.000000      -0.000000      -0.000000

 Quadrupole moment (in Debye-Angstrom):
                  1            2            3
 1       -19.420203     0.000000    -0.000000
 2         0.000000   -19.420203     0.000000
 3        -0.000000     0.000000   -19.420203

 Spin-squared expectation <S^2>:         8.771
 Total spin quantum number S:            2.503
 TOTAL ENERGY:                       -1149.869765437
 Saving results in set 'HF'

 --------------------------------------------------------------------------------
                                command: unsoldw12                               
 --------------------------------------------------------------------------------
 Number of AO basis functions:         202

 DF basis set:                           def2-qzvppd-ri
 Number of DF basis functions:         309

 Unrestricted UW12 calculation:          
 Core spatial orbitals:                  5
 Correlated alpha orbitals:             10
 Correlated beta orbitals:               5

 ------------------
  UW12 Correlation 
 ------------------
 Factor for UW12 correlation:            1.000000000
 Same spin scale factor:                 0.000000000
 Calculate indirect contribution:        false
 Method for three electron term:         df_ri
 Auxiliary RI basis set:                 def2-QZVPPD-ri
 Number of RI basis functions:         309
 Gaussians in geminal expansion:         4
 UW12 screening threshold:               1.00e-10
 Method for density-fitting:             w(r)
 Number of core spatial orbitals:        5


 Reference energy:                   -1149.869765437
 UW12 correlation energy:               -0.060324662
 Total UW12 energy:                  -1149.930090099

 --------------------------------------------------------------------------------

 End time:                               Fri May 28 14:24:47 2021
 Total wall-clock time:                 44.912 seconds
==================================================================================
