
================================================================================
          _____________ ________ _______________ ________     _________         
         / ___________// ______ \\_____   _____// ______ \   / ________)        
        / /_________  / /      \ \     | |     / /      \ \ | (_______          
       |  __________|| |        | |    | |    | |        | | \________ \        
        \ \_________ | |        | |    | |     \ \______/ /___________) |       
         \__________||_|        |_|    |_|      \________//____________/        
                                                                                
====================================[ Qcore ]===================================

 Git hash:   6a88d58d269bf0d2ccfae91583c23a2b072b7633
 Git date:   Tue, 25 May 2021 10:36:49 +0100
 Compiler:   GNU 9.1.0
 Build type: Release
 Version:    1.3.0

 Start time: Fri May 28 14:26:54 2021

 Data directory: /newhome/zw18965/.local/qcore/share/entos/1.3.0/data
 Number of threads: 16
 Number of threads was determined by: number of physical cores

 --------------------------------------------------------------------------------
                                   command: hf                                   
 --------------------------------------------------------------------------------
 AO basis set:                           aug-cc-pv5z-combined-pp
 Number of AO basis functions:         202

 Formula:                                Cu
 Nuclear charge:                        29.000000000
 Total charge:                           0.000000000
 Number of electrons:                   29.000000000

 Number of alpha electrons:             15
 Number of beta electrons:              14
 Number of unpaired electrons:           1
 Spin:                                   1
 Multiplicity:                           doublet

 Theory:                                 hf
 Method for Coulomb:                     incore_df
 Method for exact exchange:              pre_transformed_df
 Integral threshold:                     1.00e-12
 DF basis set:                           def2-universal-jkfit
 Number of DF basis functions:         264
 Schwarz screening threshold:            1.00e-10
 Coulomb fitting method:                 Cholesky
 Method for AO orthogonalization:        symmetric
 Threshold for linear dependence:        1.00e-08

 -------------------------------------
  Running unrestricted open-shell SCF 
 -------------------------------------
 Max number of iterations:             128
 Conv. threshold (gradient):             1.00e-05
 Conv. threshold (energy):               1.00e-06
 Interpolation scheme:                   adiis+cdiis
 Initial guess:                          H0

 ---------------------------------------------------------------
                  energy        change          grad        time
 ---------------------------------------------------------------
   0     -1460.395936585                    2.48e+01        0.02
   1     -1471.167887787     -1.08e+01      1.45e+01        0.03
   2     -1588.454283801     -1.17e+02      1.13e+01        0.03
   3     -1634.320594922     -4.59e+01      3.46e+00        0.03
   4     -1634.236326296      8.43e-02      3.34e+00        0.04
   5     -1638.947828266     -4.71e+00      1.39e-01        0.04
   6     -1638.957647339     -9.82e-03      9.38e-02        0.04
   7     -1638.957462565      1.85e-04      1.04e-01        0.04
   8     -1638.964038477     -6.58e-03      8.67e-03        0.04
   9     -1638.964153359     -1.15e-04      2.41e-03        0.04
  10     -1638.964163471     -1.01e-05      1.52e-03        0.04
  11     -1638.964166989     -3.52e-06      4.86e-04        0.04
  12     -1638.964167451     -4.62e-07      1.29e-04        0.04
  13     -1638.964167490     -3.90e-08      5.01e-05        0.04
  14     -1638.964167492     -2.51e-09      4.02e-06        0.05

 SCF converged in 14 iterations.

 Dipole moment (in Debye):               0.000000      -0.000000       0.000000

 Quadrupole moment (in Debye-Angstrom):
                  1            2            3
 1       -14.398556    -0.000001    -0.000001
 2        -0.000001   -14.398558     0.000001
 3        -0.000001     0.000001   -14.398556

 Spin-squared expectation <S^2>:         0.752
 Total spin quantum number S:            0.501
 TOTAL ENERGY:                       -1638.964167492
 Saving results in set 'HF'

 --------------------------------------------------------------------------------
                                command: unsoldw12                               
 --------------------------------------------------------------------------------
 Number of AO basis functions:         202

 DF basis set:                           def2-qzvppd-ri
 Number of DF basis functions:         316

 Unrestricted UW12 calculation:          
 Core spatial orbitals:                  5
 Correlated alpha orbitals:             10
 Correlated beta orbitals:               9

 ------------------
  UW12 Correlation 
 ------------------
 Factor for UW12 correlation:            1.000000000
 Same spin scale factor:                 0.000000000
 Calculate indirect contribution:        false
 Method for three electron term:         df_ri
 Auxiliary RI basis set:                 def2-QZVPPD-ri
 Number of RI basis functions:         316
 Gaussians in geminal expansion:         4
 UW12 screening threshold:               1.00e-10
 Method for density-fitting:             w(r)
 Number of core spatial orbitals:        5


 Reference energy:                   -1638.964167492
 UW12 correlation energy:               -0.089988363
 Total UW12 energy:                  -1639.054155855

 --------------------------------------------------------------------------------

 End time:                               Fri May 28 14:27:32 2021
 Total wall-clock time:                 37.820 seconds
==================================================================================
