
================================================================================
          _____________ ________ _______________ ________     _________         
         / ___________// ______ \\_____   _____// ______ \   / ________)        
        / /_________  / /      \ \     | |     / /      \ \ | (_______          
       |  __________|| |        | |    | |    | |        | | \________ \        
        \ \_________ | |        | |    | |     \ \______/ /___________) |       
         \__________||_|        |_|    |_|      \________//____________/        
                                                                                
====================================[ Qcore ]===================================

 Git hash:   6a88d58d269bf0d2ccfae91583c23a2b072b7633
 Git date:   Tue, 25 May 2021 10:36:49 +0100
 Compiler:   GNU 9.1.0
 Build type: Release
 Version:    1.3.0

 Start time: Fri May 28 14:29:38 2021

 Data directory: /newhome/zw18965/.local/qcore/share/entos/1.3.0/data
 Number of threads: 16
 Number of threads was determined by: number of physical cores

 --------------------------------------------------------------------------------
                                   command: hf                                   
 --------------------------------------------------------------------------------
 AO basis set:                           aug-cc-pv5z-combined-pp
 Number of AO basis functions:         140

 Formula:                                Kr
 Nuclear charge:                        36.000000000
 Total charge:                           0.000000000
 Number of electrons:                   36.000000000

 Number of alpha electrons:             18
 Number of beta electrons:              18
 Number of unpaired electrons:           0
 Spin:                                   0
 Multiplicity:                           singlet

 Theory:                                 hf
 Method for Coulomb:                     incore_df
 Method for exact exchange:              pre_transformed_df
 Integral threshold:                     1.00e-12
 DF basis set:                           def2-universal-jkfit
 Number of DF basis functions:         266
 Schwarz screening threshold:            1.00e-10
 Coulomb fitting method:                 Cholesky
 Method for AO orthogonalization:        symmetric
 Threshold for linear dependence:        1.00e-08

 -------------------------------------
  Running restricted closed-shell SCF 
 -------------------------------------
 Max number of iterations:             128
 Conv. threshold (gradient):             1.00e-05
 Conv. threshold (energy):               1.00e-06
 Interpolation scheme:                   adiis+cdiis
 Initial guess:                          H0

 ---------------------------------------------------------------
                  energy        change          grad        time
 ---------------------------------------------------------------
   0     -2615.432304624                    4.19e+01        0.01
   1     -2557.558220477      5.79e+01      4.59e+01        0.01
   2     -2697.163771739     -1.40e+02      2.61e+01        0.01
   3     -2750.025781146     -5.29e+01      4.95e+00        0.01
   4     -2751.547544474     -1.52e+00      2.68e+00        0.01
   5     -2751.880553843     -3.33e-01      1.45e+00        0.01
   6     -2752.031419220     -1.51e-01      5.37e-01        0.01
   7     -2752.047175219     -1.58e-02      3.02e-01        0.01
   8     -2752.053671506     -6.50e-03      1.16e-01        0.01
   9     -2752.054418229     -7.47e-04      6.46e-02        0.01
  10     -2752.054711384     -2.93e-04      2.51e-02        0.02
  11     -2752.054762841     -5.15e-05      1.51e-06        0.01
  12     -2752.054762841     -9.09e-13      7.12e-08        0.01

 SCF converged in 12 iterations.

 Dipole moment (in Debye):              -0.000000       0.000000       0.000000

 Quadrupole moment (in Debye-Angstrom):
                  1            2            3
 1       -17.726226     0.000000    -0.000000
 2         0.000000   -17.726226     0.000000
 3        -0.000000     0.000000   -17.726226

 Spin-squared expectation <S^2>:         0.000
 Total spin quantum number S:            0.000
 TOTAL ENERGY:                       -2752.054762841
 Saving results in set 'HF'

 --------------------------------------------------------------------------------
                                command: unsoldw12                               
 --------------------------------------------------------------------------------
 Number of AO basis functions:         140

 DF basis set:                           def2-qzvppd-ri
 Number of DF basis functions:         314

 Restricted UW12 calculation:            
 Core Orbitals:                          9
 Correlated Orbitals:                    9

 ------------------
  UW12 Correlation 
 ------------------
 Factor for UW12 correlation:            1.000000000
 Same spin scale factor:                 0.000000000
 Calculate indirect contribution:        false
 Method for three electron term:         df_ri
 Auxiliary RI basis set:                 def2-QZVPPD-ri
 Number of RI basis functions:         314
 Gaussians in geminal expansion:         4
 UW12 screening threshold:               1.00e-10
 Method for density-fitting:             w(r)
 Number of core spatial orbitals:        9


 Reference energy:                   -2752.054762841
 UW12 correlation energy:               -0.094677921
 Total UW12 energy:                  -2752.149440762

 --------------------------------------------------------------------------------

 End time:                               Fri May 28 14:29:56 2021
 Total wall-clock time:                 17.899 seconds
==================================================================================
