
================================================================================
          _____________ ________ _______________ ________     _________         
         / ___________// ______ \\_____   _____// ______ \   / ________)        
        / /_________  / /      \ \     | |     / /      \ \ | (_______          
       |  __________|| |        | |    | |    | |        | | \________ \        
        \ \_________ | |        | |    | |     \ \______/ /___________) |       
         \__________||_|        |_|    |_|      \________//____________/        
                                                                                
====================================[ Qcore ]===================================

 Git hash:   6a88d58d269bf0d2ccfae91583c23a2b072b7633
 Git date:   Tue, 25 May 2021 10:36:49 +0100
 Compiler:   GNU 9.1.0
 Build type: Release
 Version:    1.3.0

 Start time: Fri May 28 14:30:21 2021

 Data directory: /newhome/zw18965/.local/qcore/share/entos/1.3.0/data
 Number of threads: 16
 Number of threads was determined by: number of physical cores

 --------------------------------------------------------------------------------
                                   command: hf                                   
 --------------------------------------------------------------------------------
 AO basis set:                           aug-cc-pv5z-combined-pp
 Number of AO basis functions:         197
 ECP on atom 1 (Nb):                     28 electrons

 Formula:                                Nb
 Nuclear charge:                        41.000000000
 Total charge:                           0.000000000
 Number of core electrons:              28
 Number of treated electrons:           13

 Number of alpha electrons:              9
 Number of beta electrons:               4
 Number of unpaired electrons:           5
 Spin:                                   5
 Multiplicity:                           septet

 Theory:                                 hf
 Method for Coulomb:                     incore_df
 Method for exact exchange:              pre_transformed_df
 Integral threshold:                     1.00e-12
 DF basis set:                           def2-universal-jkfit
 Number of DF basis functions:         255
 Schwarz screening threshold:            1.00e-10
 Coulomb fitting method:                 Cholesky
 Method for AO orthogonalization:        symmetric
 Threshold for linear dependence:        1.00e-08

 -------------------------------------
  Running unrestricted open-shell SCF 
 -------------------------------------
 Max number of iterations:             128
 Conv. threshold (gradient):             1.00e-05
 Conv. threshold (energy):               1.00e-06
 Interpolation scheme:                   adiis+cdiis
 Initial guess:                          H0

 ---------------------------------------------------------------
                  energy        change          grad        time
 ---------------------------------------------------------------
   0       -48.953515523                    2.72e+00        0.01
   1       -49.425897764     -4.72e-01      2.77e+00        0.04
   2       -54.114573249     -4.69e+00      1.26e+00        0.04
   3       -56.034591912     -1.92e+00      3.79e-01        0.04
   4       -56.080445975     -4.59e-02      7.11e-02        0.04
   5       -56.086739545     -6.29e-03      5.68e-02        0.04
   6       -56.088106181     -1.37e-03      3.43e-03        0.04
   7       -56.088114889     -8.71e-06      1.69e-03        0.04
   8       -56.088118038     -3.15e-06      1.23e-03        0.04
   9       -56.088117160      8.78e-07      1.13e-03        0.05
  10       -56.088112857      4.30e-06      1.24e-04        0.04
  11       -56.088112840      1.66e-08      5.80e-05        0.04
  12       -56.088112844     -4.09e-09      8.75e-06        0.05

 SCF converged in 12 iterations.

 Dipole moment (in Debye):              -0.000000       0.000000      -0.000000

 Quadrupole moment (in Debye-Angstrom):
                  1            2            3
 1       -21.492474     0.000000     0.000000
 2         0.000000   -21.492474     0.000000
 3         0.000000     0.000000   -21.492634

 Spin-squared expectation <S^2>:         8.754
 Total spin quantum number S:            2.501
 TOTAL ENERGY:                         -56.088112844
 Saving results in set 'HF'

 --------------------------------------------------------------------------------
                                command: unsoldw12                               
 --------------------------------------------------------------------------------
 Number of AO basis functions:         197

 DF basis set:                           def2-qzvppd-ri
 Number of DF basis functions:         252

 Unrestricted UW12 calculation:          
 Core spatial orbitals:                  0
 Correlated alpha orbitals:              9
 Correlated beta orbitals:               4

 ------------------
  UW12 Correlation 
 ------------------
 Factor for UW12 correlation:            1.000000000
 Same spin scale factor:                 0.000000000
 Calculate indirect contribution:        false
 Method for three electron term:         df_ri
 Auxiliary RI basis set:                 def2-QZVPPD-ri
 Number of RI basis functions:         252
 Gaussians in geminal expansion:         4
 UW12 screening threshold:               1.00e-10
 Method for density-fitting:             w(r)


 Reference energy:                     -56.088112844
 UW12 correlation energy:               -0.055506350
 Total UW12 energy:                    -56.143619194

 --------------------------------------------------------------------------------

 End time:                               Fri May 28 14:30:37 2021
 Total wall-clock time:                 15.565 seconds
==================================================================================
