
================================================================================
          _____________ ________ _______________ ________     _________         
         / ___________// ______ \\_____   _____// ______ \   / ________)        
        / /_________  / /      \ \     | |     / /      \ \ | (_______          
       |  __________|| |        | |    | |    | |        | | \________ \        
        \ \_________ | |        | |    | |     \ \______/ /___________) |       
         \__________||_|        |_|    |_|      \________//____________/        
                                                                                
====================================[ Qcore ]===================================

 Git hash:   6a88d58d269bf0d2ccfae91583c23a2b072b7633
 Git date:   Tue, 25 May 2021 10:36:49 +0100
 Compiler:   GNU 9.1.0
 Build type: Release
 Version:    1.3.0

 Start time: Fri May 28 14:31:32 2021

 Data directory: /newhome/zw18965/.local/qcore/share/entos/1.3.0/data
 Number of threads: 16
 Number of threads was determined by: number of physical cores

 --------------------------------------------------------------------------------
                                   command: hf                                   
 --------------------------------------------------------------------------------
 AO basis set:                           aug-cc-pv5z-combined-pp
 Number of AO basis functions:         197
 ECP on atom 1 (Rh):                     28 electrons

 Formula:                                Rh
 Nuclear charge:                        45.000000000
 Total charge:                           0.000000000
 Number of core electrons:              28
 Number of treated electrons:           17

 Number of alpha electrons:             10
 Number of beta electrons:               7
 Number of unpaired electrons:           3
 Spin:                                   3
 Multiplicity:                           quartet

 Theory:                                 hf
 Method for Coulomb:                     incore_df
 Method for exact exchange:              pre_transformed_df
 Integral threshold:                     1.00e-12
 DF basis set:                           def2-universal-jkfit
 Number of DF basis functions:         255
 Schwarz screening threshold:            1.00e-10
 Coulomb fitting method:                 Cholesky
 Method for AO orthogonalization:        symmetric
 Threshold for linear dependence:        1.00e-08

 -------------------------------------
  Running unrestricted open-shell SCF 
 -------------------------------------
 Max number of iterations:             128
 Conv. threshold (gradient):             1.00e-05
 Conv. threshold (energy):               1.00e-06
 Interpolation scheme:                   adiis+cdiis
 Initial guess:                          H0

 ---------------------------------------------------------------
                  energy        change          grad        time
 ---------------------------------------------------------------
   0       -91.507558219                    5.51e+00        0.02
   1       -85.003583150      6.50e+00      5.89e+00        0.03
   2      -102.586485042     -1.76e+01      3.46e+00        0.03
   3      -109.159937275     -6.57e+00      7.25e-01        0.03
   4      -109.289496270     -1.30e-01      3.24e-01        0.03
   5      -109.321018398     -3.15e-02      2.45e-01        0.03
   6      -109.347706909     -2.67e-02      8.42e-02        0.04
   7      -109.350668195     -2.96e-03      7.80e-02        0.04
   8      -109.353111175     -2.44e-03      4.03e-02        0.04
   9      -109.351404319      1.71e-03      3.85e-02        0.03
  10      -109.344923492      6.48e-03      3.34e-02        0.03
  11      -109.344980016     -5.65e-05      3.17e-02        0.03
  12      -109.345781742     -8.02e-04      2.09e-02        0.03
  13      -109.346048371     -2.67e-04      1.76e-02        0.03
  14      -109.346252841     -2.04e-04      1.44e-02        0.03
  15      -109.346145698      1.07e-04      1.52e-02        0.03
  16      -109.345981906      1.64e-04      1.12e-02        0.03
  17      -109.345864911      1.17e-04      2.97e-03        0.04
  18      -109.345863332      1.58e-06      1.48e-03        0.04
  19      -109.345863613     -2.81e-07      4.87e-04        0.04
  20      -109.345863797     -1.84e-07      3.02e-04        0.04
  21      -109.345863937     -1.40e-07      2.10e-04        0.04
  22      -109.345863974     -3.68e-08      1.14e-04        0.04
  23      -109.345863995     -2.18e-08      8.33e-05        0.04
  24      -109.345863999     -3.58e-09      8.97e-05        0.04
  25      -109.345863985      1.39e-08      7.86e-05        0.04
  26      -109.345863972      1.26e-08      3.59e-05        0.04
  27      -109.345863973     -3.80e-10      3.63e-05        0.04
  28      -109.345863973      1.34e-10      3.59e-05        0.04
  29      -109.345863971      1.55e-09      2.95e-05        0.04
  30      -109.345863971      2.79e-10      2.34e-05        0.04
  31      -109.345863971     -2.73e-10      2.30e-05        0.04
  32      -109.345863970      1.19e-09      1.79e-05        0.04
  33      -109.345863970      3.01e-10      1.59e-05        0.04
  34      -109.345863970     -2.20e-10      1.43e-05        0.05
  35      -109.345863970     -4.76e-11      1.33e-05        0.05
  36      -109.345863970     -2.71e-11      1.37e-05        0.05
  37      -109.345863970     -1.98e-11      1.38e-05        0.04
  38      -109.345863970     -3.13e-13      1.39e-05        0.04
  39      -109.345863970      9.17e-12      1.36e-05        0.04
  40      -109.345863970      3.38e-12      1.38e-05        0.04
  41      -109.345863970     -1.04e-11      1.33e-05        0.04
  42      -109.345863970     -4.32e-11      1.32e-05        0.04
  43      -109.345863970      1.07e-10      1.23e-05        0.04
  44      -109.345863970      2.95e-10      3.78e-06        0.04

 SCF converged in 44 iterations.

 Dipole moment (in Debye):              -0.000000       0.000001       0.000001

 Quadrupole moment (in Debye-Angstrom):
                  1            2            3
 1       -21.240711     0.068797     0.390297
 2         0.068797   -21.221996    -0.340832
 3         0.390297    -0.340832   -23.095566

 Spin-squared expectation <S^2>:         3.755
 Total spin quantum number S:            1.501
 TOTAL ENERGY:                        -109.345863970
 Saving results in set 'HF'

 --------------------------------------------------------------------------------
                                command: unsoldw12                               
 --------------------------------------------------------------------------------
 Number of AO basis functions:         197

 DF basis set:                           def2-qzvppd-ri
 Number of DF basis functions:         252

 Unrestricted UW12 calculation:          
 Core spatial orbitals:                  0
 Correlated alpha orbitals:             10
 Correlated beta orbitals:               7

 ------------------
  UW12 Correlation 
 ------------------
 Factor for UW12 correlation:            1.000000000
 Same spin scale factor:                 0.000000000
 Calculate indirect contribution:        false
 Method for three electron term:         df_ri
 Auxiliary RI basis set:                 def2-QZVPPD-ri
 Number of RI basis functions:         252
 Gaussians in geminal expansion:         4
 UW12 screening threshold:               1.00e-10
 Method for density-fitting:             w(r)


 Reference energy:                    -109.345863970
 UW12 correlation energy:               -0.095600506
 Total UW12 energy:                   -109.441464476

 --------------------------------------------------------------------------------

 End time:                               Fri May 28 14:31:48 2021
 Total wall-clock time:                 16.097 seconds
==================================================================================
