
================================================================================
          _____________ ________ _______________ ________     _________         
         / ___________// ______ \\_____   _____// ______ \   / ________)        
        / /_________  / /      \ \     | |     / /      \ \ | (_______          
       |  __________|| |        | |    | |    | |        | | \________ \        
        \ \_________ | |        | |    | |     \ \______/ /___________) |       
         \__________||_|        |_|    |_|      \________//____________/        
                                                                                
====================================[ Qcore ]===================================

 Git hash:   6a88d58d269bf0d2ccfae91583c23a2b072b7633
 Git date:   Tue, 25 May 2021 10:36:49 +0100
 Compiler:   GNU 9.1.0
 Build type: Release
 Version:    1.3.0

 Start time: Fri May 28 14:31:48 2021

 Data directory: /newhome/zw18965/.local/qcore/share/entos/1.3.0/data
 Number of threads: 16
 Number of threads was determined by: number of physical cores

 --------------------------------------------------------------------------------
                                   command: hf                                   
 --------------------------------------------------------------------------------
 AO basis set:                           aug-cc-pv5z-combined-pp
 Number of AO basis functions:         197
 ECP on atom 1 (Pd):                     28 electrons

 Formula:                                Pd
 Nuclear charge:                        46.000000000
 Total charge:                           0.000000000
 Number of core electrons:              28
 Number of treated electrons:           18

 Number of alpha electrons:              9
 Number of beta electrons:               9
 Number of unpaired electrons:           0
 Spin:                                   0
 Multiplicity:                           singlet

 Theory:                                 hf
 Method for Coulomb:                     incore_df
 Method for exact exchange:              pre_transformed_df
 Integral threshold:                     1.00e-12
 DF basis set:                           def2-universal-jkfit
 Number of DF basis functions:         255
 Schwarz screening threshold:            1.00e-10
 Coulomb fitting method:                 Cholesky
 Method for AO orthogonalization:        symmetric
 Threshold for linear dependence:        1.00e-08

 -------------------------------------
  Running restricted closed-shell SCF 
 -------------------------------------
 Max number of iterations:             128
 Conv. threshold (gradient):             1.00e-05
 Conv. threshold (energy):               1.00e-06
 Interpolation scheme:                   adiis+cdiis
 Initial guess:                          H0

 ---------------------------------------------------------------
                  energy        change          grad        time
 ---------------------------------------------------------------
   0      -108.151783874                    9.21e+00        0.01
   1       -96.722521539      1.14e+01      9.06e+00        0.03
   2      -117.707356635     -2.10e+01      5.95e+00        0.02
   3      -126.445795249     -8.74e+00      1.22e+00        0.02
   4      -126.537890278     -9.21e-02      5.19e-01        0.02
   5      -126.585512775     -4.76e-02      2.90e-01        0.02
   6      -126.605613116     -2.01e-02      1.11e-01        0.03
   7      -126.607120823     -1.51e-03      8.54e-02        0.03
   8      -126.609203963     -2.08e-03      1.37e-02        0.03
   9      -126.609256794     -5.28e-05      3.55e-04        0.03
  10      -126.609256868     -7.44e-08      1.66e-04        0.02
  11      -126.609256883     -1.41e-08      1.08e-05        0.03
  12      -126.609256883     -7.07e-11      3.16e-06        0.03

 SCF converged in 12 iterations.

 Dipole moment (in Debye):              -0.000000      -0.000000      -0.000000

 Quadrupole moment (in Debye-Angstrom):
                  1            2            3
 1       -18.005520     0.000000     0.000000
 2         0.000000   -18.005520    -0.000000
 3         0.000000    -0.000000   -18.005521

 Spin-squared expectation <S^2>:         0.000
 Total spin quantum number S:            0.000
 TOTAL ENERGY:                        -126.609256883
 Saving results in set 'HF'

 --------------------------------------------------------------------------------
                                command: unsoldw12                               
 --------------------------------------------------------------------------------
 Number of AO basis functions:         197

 DF basis set:                           def2-qzvppd-ri
 Number of DF basis functions:         252

 Restricted UW12 calculation:            
 Core Orbitals:                          0
 Correlated Orbitals:                    9

 ------------------
  UW12 Correlation 
 ------------------
 Factor for UW12 correlation:            1.000000000
 Same spin scale factor:                 0.000000000
 Calculate indirect contribution:        false
 Method for three electron term:         df_ri
 Auxiliary RI basis set:                 def2-QZVPPD-ri
 Number of RI basis functions:         252
 Gaussians in geminal expansion:         4
 UW12 screening threshold:               1.00e-10
 Method for density-fitting:             w(r)


 Reference energy:                    -126.609256883
 UW12 correlation energy:               -0.110539313
 Total UW12 energy:                   -126.719796195

 --------------------------------------------------------------------------------

 End time:                               Fri May 28 14:32:03 2021
 Total wall-clock time:                 15.161 seconds
==================================================================================
