
================================================================================
          _____________ ________ _______________ ________     _________         
         / ___________// ______ \\_____   _____// ______ \   / ________)        
        / /_________  / /      \ \     | |     / /      \ \ | (_______          
       |  __________|| |        | |    | |    | |        | | \________ \        
        \ \_________ | |        | |    | |     \ \______/ /___________) |       
         \__________||_|        |_|    |_|      \________//____________/        
                                                                                
====================================[ Qcore ]===================================

 Git hash:   6a88d58d269bf0d2ccfae91583c23a2b072b7633
 Git date:   Tue, 25 May 2021 10:36:49 +0100
 Compiler:   GNU 9.1.0
 Build type: Release
 Version:    1.3.0

 Start time: Fri May 28 14:35:49 2021

 Data directory: /newhome/zw18965/.local/qcore/share/entos/1.3.0/data
 Number of threads: 16
 Number of threads was determined by: number of physical cores

 --------------------------------------------------------------------------------
                                   command: hf                                   
 --------------------------------------------------------------------------------
 AO basis set:                           aug-cc-pv5z-combined-pp
 Number of AO basis functions:         197
 ECP on atom 1 (Os):                     60 electrons

 Formula:                                Os
 Nuclear charge:                        76.000000000
 Total charge:                           0.000000000
 Number of core electrons:              60
 Number of treated electrons:           16

 Number of alpha electrons:             10
 Number of beta electrons:               6
 Number of unpaired electrons:           4
 Spin:                                   4
 Multiplicity:                           quintet

 Theory:                                 hf
 Method for Coulomb:                     incore_df
 Method for exact exchange:              pre_transformed_df
 Integral threshold:                     1.00e-12
 DF basis set:                           def2-universal-jkfit
 Number of DF basis functions:         227
 Schwarz screening threshold:            1.00e-10
 Coulomb fitting method:                 Cholesky
 Method for AO orthogonalization:        symmetric
 Threshold for linear dependence:        1.00e-08

 -------------------------------------
  Running unrestricted open-shell SCF 
 -------------------------------------
 Max number of iterations:             128
 Conv. threshold (gradient):             1.00e-05
 Conv. threshold (energy):               1.00e-06
 Interpolation scheme:                   adiis+cdiis
 Initial guess:                          H0

 ---------------------------------------------------------------
                  energy        change          grad        time
 ---------------------------------------------------------------
   0       -79.645049573                    3.50e+00        0.01
   1       -77.608597149      2.04e+00      2.81e+00        0.03
   2       -86.937857883     -9.33e+00      1.90e+00        0.03
   3       -89.978298690     -3.04e+00      4.60e-01        0.03
   4       -90.029899608     -5.16e-02      1.26e-01        0.03
   5       -90.037877063     -7.98e-03      6.69e-02        0.03
   6       -90.040316032     -2.44e-03      3.70e-02        0.03
   7       -90.041470830     -1.15e-03      1.33e-02        0.03
   8       -90.041935543     -4.65e-04      1.30e-02        0.03
   9       -90.042583009     -6.47e-04      1.26e-02        0.03
  10       -90.045860009     -3.28e-03      1.65e-02        0.03
  11       -90.042994915      2.87e-03      1.66e-02        0.03
  12       -90.046320820     -3.33e-03      2.16e-02        0.03
  13       -90.046123042      1.98e-04      5.66e-03        0.03
  14       -90.046284086     -1.61e-04      1.59e-02        0.03
  15       -90.046384408     -1.00e-04      1.27e-03        0.03
  16       -90.046384052      3.55e-07      1.57e-03        0.03
  17       -90.046385358     -1.31e-06      3.43e-04        0.03
  18       -90.046385388     -3.03e-08      2.62e-04        0.03
  19       -90.046385446     -5.80e-08      4.60e-05        0.03
  20       -90.046385455     -8.64e-09      1.49e-05        0.03
  21       -90.046385455     -3.43e-11      1.54e-05        0.03
  22       -90.046385455     -1.26e-10      1.08e-06        0.03

 SCF converged in 22 iterations.

 Dipole moment (in Debye):              -0.000000       0.000000      -0.000000

 Quadrupole moment (in Debye-Angstrom):
                  1            2            3
 1       -23.774712    -0.000953    -0.000220
 2        -0.000953   -23.775386     0.001616
 3        -0.000220     0.001616   -23.779234

 Spin-squared expectation <S^2>:         6.006
 Total spin quantum number S:            2.001
 TOTAL ENERGY:                         -90.046385455
 Saving results in set 'HF'

 --------------------------------------------------------------------------------
                                command: unsoldw12                               
 --------------------------------------------------------------------------------
 Number of AO basis functions:         197

 DF basis set:                           def2-qzvppd-ri
 Number of DF basis functions:         252

 Unrestricted UW12 calculation:          
 Core spatial orbitals:                  0
 Correlated alpha orbitals:             10
 Correlated beta orbitals:               6

 ------------------
  UW12 Correlation 
 ------------------
 Factor for UW12 correlation:            1.000000000
 Same spin scale factor:                 0.000000000
 Calculate indirect contribution:        false
 Method for three electron term:         df_ri
 Auxiliary RI basis set:                 def2-QZVPPD-ri
 Number of RI basis functions:         252
 Gaussians in geminal expansion:         4
 UW12 screening threshold:               1.00e-10
 Method for density-fitting:             w(r)


 Reference energy:                     -90.046385455
 UW12 correlation energy:               -0.094349034
 Total UW12 energy:                    -90.140734489

 --------------------------------------------------------------------------------

 End time:                               Fri May 28 14:36:05 2021
 Total wall-clock time:                 15.787 seconds
==================================================================================
