
================================================================================
          _____________ ________ _______________ ________     _________         
         / ___________// ______ \\_____   _____// ______ \   / ________)        
        / /_________  / /      \ \     | |     / /      \ \ | (_______          
       |  __________|| |        | |    | |    | |        | | \________ \        
        \ \_________ | |        | |    | |     \ \______/ /___________) |       
         \__________||_|        |_|    |_|      \________//____________/        
                                                                                
====================================[ Qcore ]===================================

 Git hash:   6a88d58d269bf0d2ccfae91583c23a2b072b7633
 Git date:   Tue, 25 May 2021 10:36:49 +0100
 Compiler:   GNU 9.1.0
 Build type: Release
 Version:    1.3.0

 Start time: Fri May 28 14:36:05 2021

 Data directory: /newhome/zw18965/.local/qcore/share/entos/1.3.0/data
 Number of threads: 16
 Number of threads was determined by: number of physical cores

 --------------------------------------------------------------------------------
                                   command: hf                                   
 --------------------------------------------------------------------------------
 AO basis set:                           aug-cc-pv5z-combined-pp
 Number of AO basis functions:         197
 ECP on atom 1 (Ir):                     60 electrons

 Formula:                                Ir
 Nuclear charge:                        77.000000000
 Total charge:                           0.000000000
 Number of core electrons:              60
 Number of treated electrons:           17

 Number of alpha electrons:             10
 Number of beta electrons:               7
 Number of unpaired electrons:           3
 Spin:                                   3
 Multiplicity:                           quartet

 Theory:                                 hf
 Method for Coulomb:                     incore_df
 Method for exact exchange:              pre_transformed_df
 Integral threshold:                     1.00e-12
 DF basis set:                           def2-universal-jkfit
 Number of DF basis functions:         227
 Schwarz screening threshold:            1.00e-10
 Coulomb fitting method:                 Cholesky
 Method for AO orthogonalization:        symmetric
 Threshold for linear dependence:        1.00e-08

 -------------------------------------
  Running unrestricted open-shell SCF 
 -------------------------------------
 Max number of iterations:             128
 Conv. threshold (gradient):             1.00e-05
 Conv. threshold (energy):               1.00e-06
 Interpolation scheme:                   adiis+cdiis
 Initial guess:                          H0

 ---------------------------------------------------------------
                  energy        change          grad        time
 ---------------------------------------------------------------
   0       -91.288232164                    4.19e+00        0.01
   1       -86.889641594      4.40e+00      3.19e+00        0.03
   2       -99.434924963     -1.25e+01      2.40e+00        0.03
   3      -103.519940175     -4.09e+00      5.33e-01        0.03
   4      -103.589555542     -6.96e-02      1.71e-01        0.03
   5      -103.602798050     -1.32e-02      1.08e-01        0.03
   6      -103.608507706     -5.71e-03      6.36e-02        0.04
   7      -103.610603212     -2.10e-03      5.27e-02        0.04
   8      -103.613042084     -2.44e-03      2.78e-02        0.03
   9      -103.615857220     -2.82e-03      2.08e-02        0.03
  10      -103.616971381     -1.11e-03      1.47e-02        0.03
  11      -103.617939192     -9.68e-04      1.55e-02        0.03
  12      -103.618027862     -8.87e-05      6.76e-03        0.03
  13      -103.618163423     -1.36e-04      6.10e-03        0.03
  14      -103.618234595     -7.12e-05      6.42e-03        0.03
  15      -103.618304647     -7.01e-05      2.72e-03        0.03
  16      -103.618311368     -6.72e-06      1.11e-03        0.03
  17      -103.618312376     -1.01e-06      8.57e-04        0.03
  18      -103.618312774     -3.98e-07      6.38e-04        0.03
  19      -103.618313781     -1.01e-06      3.40e-04        0.03
  20      -103.618314093     -3.12e-07      8.84e-05        0.03
  21      -103.618314104     -1.10e-08      6.41e-05        0.03
  22      -103.618314109     -5.11e-09      5.25e-05        0.03
  23      -103.618314120     -1.07e-08      3.42e-05        0.03
  24      -103.618314125     -5.18e-09      1.37e-05        0.03
  25      -103.618314125     -6.28e-10      7.32e-06        0.03

 SCF converged in 25 iterations.

 Dipole moment (in Debye):              -0.000000      -0.000000      -0.000000

 Quadrupole moment (in Debye-Angstrom):
                  1            2            3
 1       -23.556165     0.000053    -0.000039
 2         0.000053   -23.556212     0.000022
 3        -0.000039     0.000022   -23.556446

 Spin-squared expectation <S^2>:         3.754
 Total spin quantum number S:            1.501
 TOTAL ENERGY:                        -103.618314126
 Saving results in set 'HF'

 --------------------------------------------------------------------------------
                                command: unsoldw12                               
 --------------------------------------------------------------------------------
 Number of AO basis functions:         197

 DF basis set:                           def2-qzvppd-ri
 Number of DF basis functions:         252

 Unrestricted UW12 calculation:          
 Core spatial orbitals:                  0
 Correlated alpha orbitals:             10
 Correlated beta orbitals:               7

 ------------------
  UW12 Correlation 
 ------------------
 Factor for UW12 correlation:            1.000000000
 Same spin scale factor:                 0.000000000
 Calculate indirect contribution:        false
 Method for three electron term:         df_ri
 Auxiliary RI basis set:                 def2-QZVPPD-ri
 Number of RI basis functions:         252
 Gaussians in geminal expansion:         4
 UW12 screening threshold:               1.00e-10
 Method for density-fitting:             w(r)


 Reference energy:                    -103.618314126
 UW12 correlation energy:               -0.108271988
 Total UW12 energy:                   -103.726586114

 --------------------------------------------------------------------------------

 End time:                               Fri May 28 14:36:21 2021
 Total wall-clock time:                 15.902 seconds
==================================================================================
