
================================================================================
          _____________ ________ _______________ ________     _________         
         / ___________// ______ \\_____   _____// ______ \   / ________)        
        / /_________  / /      \ \     | |     / /      \ \ | (_______          
       |  __________|| |        | |    | |    | |        | | \________ \        
        \ \_________ | |        | |    | |     \ \______/ /___________) |       
         \__________||_|        |_|    |_|      \________//____________/        
                                                                                
====================================[ Qcore ]===================================

 Git hash:   6a88d58d269bf0d2ccfae91583c23a2b072b7633
 Git date:   Tue, 25 May 2021 10:36:49 +0100
 Compiler:   GNU 9.1.0
 Build type: Release
 Version:    1.3.0

 Start time: Thu Jun 10 17:17:53 2021

 Data directory: /newhome/zw18965/.local/qcore/share/entos/1.3.0/data
 Number of threads: 16
 Number of threads was determined by: number of physical cores

 --------------------------------------------------------------------------------
                                   command: hf                                   
 --------------------------------------------------------------------------------
 AO basis set:                           aug-cc-pvqz-merged
 Number of AO basis functions:          80

 Formula:                                Be
 Nuclear charge:                         4.000000000
 Total charge:                           0.000000000
 Number of electrons:                    4.000000000

 Number of alpha electrons:              2
 Number of beta electrons:               2
 Number of unpaired electrons:           0
 Spin:                                   0
 Multiplicity:                           singlet

 Theory:                                 hf
 Method for Coulomb:                     incore_df
 Method for exact exchange:              pre_transformed_df
 Integral threshold:                     1.00e-12
 DF basis set:                           def2-universal-jkfit
 Number of DF basis functions:          51
 Schwarz screening threshold:            1.00e-10
 Coulomb fitting method:                 Cholesky
 Method for AO orthogonalization:        symmetric
 Threshold for linear dependence:        1.00e-08

 -------------------------------------
  Running restricted closed-shell SCF 
 -------------------------------------
 Max number of iterations:             128
 Conv. threshold (gradient):             1.00e-05
 Conv. threshold (energy):               1.00e-06
 Interpolation scheme:                   adiis+cdiis
 Initial guess:                          H0

 ---------------------------------------------------------------
                  energy        change          grad        time
 ---------------------------------------------------------------
   0       -12.998015757                    3.35e+00        0.00
   1       -13.859799375     -8.62e-01      5.77e-01        0.00
   2       -14.546895213     -6.87e-01      3.11e-01        0.00
   3       -14.571128620     -2.42e-02      6.78e-02        0.00
   4       -14.572824783     -1.70e-03      1.56e-02        0.00
   5       -14.572971730     -1.47e-04      1.19e-03        0.00
   6       -14.572972884     -1.15e-06      7.80e-05        0.01
   7       -14.572972887     -2.84e-09      7.51e-06        0.00

 SCF converged in 7 iterations.

 Dipole moment (in Debye):              -0.000000       0.000000      -0.000000

 Quadrupole moment (in Debye-Angstrom):
                  1            2            3
 1        -7.766834     0.000000     0.000000
 2         0.000000    -7.766828     0.000000
 3         0.000000     0.000000    -7.766835

 Spin-squared expectation <S^2>:         0.000
 Total spin quantum number S:            0.000
 TOTAL ENERGY:                         -14.572972887
 Saving results in set 'HF'

 --------------------------------------------------------------------------------
                                command: unsoldw12                               
 --------------------------------------------------------------------------------
 Number of AO basis functions:          80

 DF basis set:                           def2-qzvppd-ri
 Number of DF basis functions:         101

 Restricted UW12 calculation:            
 Core Orbitals:                          1
 Correlated Orbitals:                    1

 ------------------
  UW12 Correlation 
 ------------------
 Factor for UW12 correlation:            1.000000000
 Same spin scale factor:                 0.000000000
 Calculate indirect contribution:        false
 Method for three electron term:         df_ri
 Auxiliary RI basis set:                 def2-QZVPPD-ri
 Number of RI basis functions:         101
 Gaussians in geminal expansion:         4
 UW12 screening threshold:               1.00e-10
 Method for density-fitting:             w(r)
 Number of core spatial orbitals:        1


 Reference energy:                     -14.572972887
 UW12 correlation energy:               -0.005824685
 Total UW12 energy:                    -14.578797572

 --------------------------------------------------------------------------------

 End time:                               Thu Jun 10 17:17:54 2021
 Total wall-clock time:                  1.063 seconds
==================================================================================
