
================================================================================
          _____________ ________ _______________ ________     _________         
         / ___________// ______ \\_____   _____// ______ \   / ________)        
        / /_________  / /      \ \     | |     / /      \ \ | (_______          
       |  __________|| |        | |    | |    | |        | | \________ \        
        \ \_________ | |        | |    | |     \ \______/ /___________) |       
         \__________||_|        |_|    |_|      \________//____________/        
                                                                                
====================================[ Qcore ]===================================

 Git hash:   6a88d58d269bf0d2ccfae91583c23a2b072b7633
 Git date:   Tue, 25 May 2021 10:36:49 +0100
 Compiler:   GNU 9.1.0
 Build type: Release
 Version:    1.3.0

 Start time: Thu Jun 10 17:25:57 2021

 Data directory: /newhome/zw18965/.local/qcore/share/entos/1.3.0/data
 Number of threads: 16
 Number of threads was determined by: number of physical cores

 --------------------------------------------------------------------------------
                                   command: hf                                   
 --------------------------------------------------------------------------------
 AO basis set:                           aug-cc-pvqz-merged
 Number of AO basis functions:          93

 Formula:                                Ge
 Nuclear charge:                        32.000000000
 Total charge:                           0.000000000
 Number of electrons:                   32.000000000

 Number of alpha electrons:             17
 Number of beta electrons:              15
 Number of unpaired electrons:           2
 Spin:                                   2
 Multiplicity:                           triplet

 Theory:                                 hf
 Method for Coulomb:                     incore_df
 Method for exact exchange:              pre_transformed_df
 Integral threshold:                     1.00e-12
 DF basis set:                           def2-universal-jkfit
 Number of DF basis functions:         266
 Schwarz screening threshold:            1.00e-10
 Coulomb fitting method:                 Cholesky
 Method for AO orthogonalization:        symmetric
 Threshold for linear dependence:        1.00e-08

 -------------------------------------
  Running unrestricted open-shell SCF 
 -------------------------------------
 Max number of iterations:             128
 Conv. threshold (gradient):             1.00e-05
 Conv. threshold (energy):               1.00e-06
 Interpolation scheme:                   adiis+cdiis
 Initial guess:                          H0

 ---------------------------------------------------------------
                  energy        change          grad        time
 ---------------------------------------------------------------
   0     -2051.175506075                    5.88e+00        0.02
   1     -1992.284482975      5.89e+01      7.14e+00        0.02
   2     -2063.459536201     -7.12e+01      5.95e+00        0.02
   3     -2074.794646092     -1.13e+01      8.87e-01        0.02
   4     -2075.205168256     -4.11e-01      5.85e-01        0.02
   5     -2075.307857018     -1.03e-01      3.11e-01        0.02
   6     -2075.354560407     -4.67e-02      1.38e-01        0.02
   7     -2075.360641886     -6.08e-03      7.52e-02        0.04
   8     -2075.363069319     -2.43e-03      3.17e-02        0.02
   9     -2075.363570758     -5.01e-04      3.64e-04        0.02
  10     -2075.363570844     -8.65e-08      7.41e-05        0.02
  11     -2075.363570849     -5.16e-09      9.20e-06        0.02

 SCF converged in 11 iterations.

 Dipole moment (in Debye):               0.000000      -0.000000      -0.000000

 Quadrupole moment (in Debye-Angstrom):
                  1            2            3
 1       -20.258059     0.760566    -0.095994
 2         0.760566   -15.286593    -0.641827
 3        -0.095994    -0.641827   -20.290805

 Spin-squared expectation <S^2>:         2.011
 Total spin quantum number S:            1.004
 TOTAL ENERGY:                       -2075.363570849
 Saving results in set 'HF'

 --------------------------------------------------------------------------------
                                command: unsoldw12                               
 --------------------------------------------------------------------------------
 Number of AO basis functions:          93

 DF basis set:                           def2-qzvppd-ri
 Number of DF basis functions:         314

 Unrestricted UW12 calculation:          
 Core spatial orbitals:                  9
 Correlated alpha orbitals:              8
 Correlated beta orbitals:               6

 ------------------
  UW12 Correlation 
 ------------------
 Factor for UW12 correlation:            1.000000000
 Same spin scale factor:                 0.000000000
 Calculate indirect contribution:        false
 Method for three electron term:         df_ri
 Auxiliary RI basis set:                 def2-QZVPPD-ri
 Number of RI basis functions:         314
 Gaussians in geminal expansion:         4
 UW12 screening threshold:               1.00e-10
 Method for density-fitting:             w(r)
 Number of core spatial orbitals:        9


 Reference energy:                   -2075.363570849
 UW12 correlation energy:               -0.071748516
 Total UW12 energy:                  -2075.435319365

 --------------------------------------------------------------------------------

 End time:                               Thu Jun 10 17:26:31 2021
 Total wall-clock time:                 33.507 seconds
==================================================================================
