
================================================================================
          _____________ ________ _______________ ________     _________         
         / ___________// ______ \\_____   _____// ______ \   / ________)        
        / /_________  / /      \ \     | |     / /      \ \ | (_______          
       |  __________|| |        | |    | |    | |        | | \________ \        
        \ \_________ | |        | |    | |     \ \______/ /___________) |       
         \__________||_|        |_|    |_|      \________//____________/        
                                                                                
====================================[ Qcore ]===================================

 Git hash:   6a88d58d269bf0d2ccfae91583c23a2b072b7633
 Git date:   Tue, 25 May 2021 10:36:49 +0100
 Compiler:   GNU 9.1.0
 Build type: Release
 Version:    1.3.0

 Start time: Thu Jun 10 17:28:01 2021

 Data directory: /newhome/zw18965/.local/qcore/share/entos/1.3.0/data
 Number of threads: 16
 Number of threads was determined by: number of physical cores

 --------------------------------------------------------------------------------
                                   command: hf                                   
 --------------------------------------------------------------------------------
 AO basis set:                           aug-cc-pvqz-merged
 Number of AO basis functions:          93

 Formula:                                Kr
 Nuclear charge:                        36.000000000
 Total charge:                           0.000000000
 Number of electrons:                   36.000000000

 Number of alpha electrons:             18
 Number of beta electrons:              18
 Number of unpaired electrons:           0
 Spin:                                   0
 Multiplicity:                           singlet

 Theory:                                 hf
 Method for Coulomb:                     incore_df
 Method for exact exchange:              pre_transformed_df
 Integral threshold:                     1.00e-12
 DF basis set:                           def2-universal-jkfit
 Number of DF basis functions:         266
 Schwarz screening threshold:            1.00e-10
 Coulomb fitting method:                 Cholesky
 Method for AO orthogonalization:        symmetric
 Threshold for linear dependence:        1.00e-08

 -------------------------------------
  Running restricted closed-shell SCF 
 -------------------------------------
 Max number of iterations:             128
 Conv. threshold (gradient):             1.00e-05
 Conv. threshold (energy):               1.00e-06
 Interpolation scheme:                   adiis+cdiis
 Initial guess:                          H0

 ---------------------------------------------------------------
                  energy        change          grad        time
 ---------------------------------------------------------------
   0     -2707.568753997                    2.73e+01        0.01
   1     -2609.080369054      9.85e+01      1.91e+01        0.01
   2     -2729.854410823     -1.21e+02      1.76e+01        0.01
   3     -2750.429083778     -2.06e+01      3.22e+00        0.01
   4     -2751.671961486     -1.24e+00      1.80e+00        0.01
   5     -2751.968102345     -2.96e-01      8.39e-01        0.01
   6     -2752.036959782     -6.89e-02      4.16e-01        0.01
   7     -2752.050939324     -1.40e-02      1.86e-01        0.01
   8     -2752.053915543     -2.98e-03      8.78e-02        0.01
   9     -2752.054540291     -6.25e-04      3.97e-02        0.01
  10     -2752.054707760     -1.67e-04      1.68e-05        0.01
  11     -2752.054707760     -2.77e-11      8.82e-07        0.02

 SCF converged in 11 iterations.

 Dipole moment (in Debye):              -0.000000       0.000000       0.000000

 Quadrupole moment (in Debye-Angstrom):
                  1            2            3
 1       -17.727177    -0.000000     0.000000
 2        -0.000000   -17.727177     0.000000
 3         0.000000     0.000000   -17.727177

 Spin-squared expectation <S^2>:         0.000
 Total spin quantum number S:            0.000
 TOTAL ENERGY:                       -2752.054707760
 Saving results in set 'HF'

 --------------------------------------------------------------------------------
                                command: unsoldw12                               
 --------------------------------------------------------------------------------
 Number of AO basis functions:          93

 DF basis set:                           def2-qzvppd-ri
 Number of DF basis functions:         314

 Restricted UW12 calculation:            
 Core Orbitals:                          9
 Correlated Orbitals:                    9

 ------------------
  UW12 Correlation 
 ------------------
 Factor for UW12 correlation:            1.000000000
 Same spin scale factor:                 0.000000000
 Calculate indirect contribution:        false
 Method for three electron term:         df_ri
 Auxiliary RI basis set:                 def2-QZVPPD-ri
 Number of RI basis functions:         314
 Gaussians in geminal expansion:         4
 UW12 screening threshold:               1.00e-10
 Method for density-fitting:             w(r)
 Number of core spatial orbitals:        9


 Reference energy:                   -2752.054707760
 UW12 correlation energy:               -0.094675067
 Total UW12 energy:                  -2752.149382826

 --------------------------------------------------------------------------------

 End time:                               Thu Jun 10 17:28:35 2021
 Total wall-clock time:                 34.072 seconds
==================================================================================
