
================================================================================
          _____________ ________ _______________ ________     _________         
         / ___________// ______ \\_____   _____// ______ \   / ________)        
        / /_________  / /      \ \     | |     / /      \ \ | (_______          
       |  __________|| |        | |    | |    | |        | | \________ \        
        \ \_________ | |        | |    | |     \ \______/ /___________) |       
         \__________||_|        |_|    |_|      \________//____________/        
                                                                                
====================================[ Qcore ]===================================

 Git hash:   6a88d58d269bf0d2ccfae91583c23a2b072b7633
 Git date:   Tue, 25 May 2021 10:36:49 +0100
 Compiler:   GNU 9.1.0
 Build type: Release
 Version:    1.3.0

 Start time: Wed Jun 16 15:38:50 2021

 Data directory: /newhome/zw18965/.local/qcore/share/entos/1.3.0/data
 Number of threads: 16
 Number of threads was determined by: number of physical cores

 --------------------------------------------------------------------------------
                                   command: hf                                   
 --------------------------------------------------------------------------------
 AO basis set:                           aug-pc-3
 Number of AO basis functions:          89

 Formula:                                Al
 Nuclear charge:                        13.000000000
 Total charge:                           0.000000000
 Number of electrons:                   13.000000000

 Number of alpha electrons:              7
 Number of beta electrons:               6
 Number of unpaired electrons:           1
 Spin:                                   1
 Multiplicity:                           doublet

 Theory:                                 hf
 Method for Coulomb:                     incore_df
 Method for exact exchange:              pre_transformed_df
 Integral threshold:                     1.00e-12
 DF basis set:                           def2-universal-jkfit
 Number of DF basis functions:         128
 Schwarz screening threshold:            1.00e-10
 Coulomb fitting method:                 Cholesky
 Method for AO orthogonalization:        symmetric
 Threshold for linear dependence:        1.00e-08

 -------------------------------------
  Running unrestricted open-shell SCF 
 -------------------------------------
 Max number of iterations:             128
 Conv. threshold (gradient):             1.00e-05
 Conv. threshold (energy):               1.00e-06
 Interpolation scheme:                   adiis+cdiis
 Initial guess:                          H0

 ---------------------------------------------------------------
                  energy        change          grad        time
 ---------------------------------------------------------------
   0      -223.145989293                    8.20e+00        0.00
   1      -237.585559194     -1.44e+01      3.14e+00        0.01
   2      -241.385788642     -3.80e+00      1.14e+00        0.01
   3      -241.855307075     -4.70e-01      1.86e-01        0.01
   4      -241.872938466     -1.76e-02      5.06e-02        0.01
   5      -241.873945522     -1.01e-03      1.06e-02        0.01
   6      -241.874113668     -1.68e-04      3.13e-03        0.01
   7      -241.874137111     -2.34e-05      5.85e-04        0.01
   8      -241.874137920     -8.09e-07      1.84e-04        0.01
   9      -241.874137985     -6.52e-08      3.33e-05        0.01
  10      -241.874137986     -1.24e-09      3.55e-06        0.01

 SCF converged in 10 iterations.

 Dipole moment (in Debye):               0.000000      -0.000000      -0.000000

 Quadrupole moment (in Debye-Angstrom):
                  1            2            3
 1       -12.331951    -0.076253     0.037690
 2        -0.076253   -18.526497     3.062302
 3         0.037690     3.062302   -13.844646

 Spin-squared expectation <S^2>:         0.769
 Total spin quantum number S:            0.510
 TOTAL ENERGY:                        -241.874137986
 Saving results in set 'HF'

 --------------------------------------------------------------------------------
                                command: unsoldw12                               
 --------------------------------------------------------------------------------
 Number of AO basis functions:          89

 DF basis set:                           def2-qzvppd-ri
 Number of DF basis functions:         183


 --------------------------
  Virtual UW12 Correlation 
 --------------------------
 Unrestricted MP2 calculation:           
 Core spatial orbitals:                  5
 Correlated alpha orbitals:              2
 Correlated beta orbitals:               1
 Virtual alpha orbitals:                82
 Virtual beta orbitals:                 83

 Opposite spin energy:                  -0.008015791

 Reference energy:                    -241.874137986
 UW12 correlation energy:               -0.008015791
 Total UW12 energy:                   -241.882153777

 --------------------------------------------------------------------------------

 End time:                               Wed Jun 16 15:38:51 2021
 Total wall-clock time:                  0.711 seconds
==================================================================================
