
================================================================================
          _____________ ________ _______________ ________     _________         
         / ___________// ______ \\_____   _____// ______ \   / ________)        
        / /_________  / /      \ \     | |     / /      \ \ | (_______          
       |  __________|| |        | |    | |    | |        | | \________ \        
        \ \_________ | |        | |    | |     \ \______/ /___________) |       
         \__________||_|        |_|    |_|      \________//____________/        
                                                                                
====================================[ Qcore ]===================================

 Git hash:   6a88d58d269bf0d2ccfae91583c23a2b072b7633
 Git date:   Tue, 25 May 2021 10:36:49 +0100
 Compiler:   GNU 9.1.0
 Build type: Release
 Version:    1.3.0

 Start time: Wed Jun 16 15:38:52 2021

 Data directory: /newhome/zw18965/.local/qcore/share/entos/1.3.0/data
 Number of threads: 16
 Number of threads was determined by: number of physical cores

 --------------------------------------------------------------------------------
                                   command: hf                                   
 --------------------------------------------------------------------------------
 AO basis set:                           aug-pc-3
 Number of AO basis functions:          89

 Formula:                                P
 Nuclear charge:                        15.000000000
 Total charge:                           0.000000000
 Number of electrons:                   15.000000000

 Number of alpha electrons:              9
 Number of beta electrons:               6
 Number of unpaired electrons:           3
 Spin:                                   3
 Multiplicity:                           quartet

 Theory:                                 hf
 Method for Coulomb:                     incore_df
 Method for exact exchange:              pre_transformed_df
 Integral threshold:                     1.00e-12
 DF basis set:                           def2-universal-jkfit
 Number of DF basis functions:         128
 Schwarz screening threshold:            1.00e-10
 Coulomb fitting method:                 Cholesky
 Method for AO orthogonalization:        symmetric
 Threshold for linear dependence:        1.00e-08

 -------------------------------------
  Running unrestricted open-shell SCF 
 -------------------------------------
 Max number of iterations:             128
 Conv. threshold (gradient):             1.00e-05
 Conv. threshold (energy):               1.00e-06
 Interpolation scheme:                   adiis+cdiis
 Initial guess:                          H0

 ---------------------------------------------------------------
                  energy        change          grad        time
 ---------------------------------------------------------------
   0      -306.690327611                    1.09e+01        0.00
   1      -332.933897498     -2.62e+01      4.25e+00        0.01
   2      -339.564427406     -6.63e+00      1.48e+00        0.01
   3      -340.675377106     -1.11e+00      3.12e-01        0.01
   4      -340.711243178     -3.59e-02      7.26e-02        0.01
   5      -340.713059253     -1.82e-03      1.55e-02        0.01
   6      -340.713276880     -2.18e-04      3.10e-03        0.01
   7      -340.713286149     -9.27e-06      5.09e-04        0.01
   8      -340.713286636     -4.86e-07      4.00e-05        0.01
   9      -340.713286638     -2.62e-09      3.45e-06        0.01

 SCF converged in 9 iterations.

 Dipole moment (in Debye):              -0.000000       0.000000       0.000000

 Quadrupole moment (in Debye-Angstrom):
                  1            2            3
 1       -13.589122    -0.000000     0.000000
 2        -0.000000   -13.589123     0.000000
 3         0.000000     0.000000   -13.589122

 Spin-squared expectation <S^2>:         3.751
 Total spin quantum number S:            1.500
 TOTAL ENERGY:                        -340.713286638
 Saving results in set 'HF'

 --------------------------------------------------------------------------------
                                command: unsoldw12                               
 --------------------------------------------------------------------------------
 Number of AO basis functions:          89

 DF basis set:                           def2-qzvppd-ri
 Number of DF basis functions:         183


 --------------------------
  Virtual UW12 Correlation 
 --------------------------
 Unrestricted MP2 calculation:           
 Core spatial orbitals:                  5
 Correlated alpha orbitals:              4
 Correlated beta orbitals:               1
 Virtual alpha orbitals:                80
 Virtual beta orbitals:                 83

 Opposite spin energy:                  -0.014816310

 Reference energy:                    -340.713286638
 UW12 correlation energy:               -0.014816310
 Total UW12 energy:                   -340.728102948

 --------------------------------------------------------------------------------

 End time:                               Wed Jun 16 15:38:53 2021
 Total wall-clock time:                  0.696 seconds
==================================================================================
