
================================================================================
          _____________ ________ _______________ ________     _________         
         / ___________// ______ \\_____   _____// ______ \   / ________)        
        / /_________  / /      \ \     | |     / /      \ \ | (_______          
       |  __________|| |        | |    | |    | |        | | \________ \        
        \ \_________ | |        | |    | |     \ \______/ /___________) |       
         \__________||_|        |_|    |_|      \________//____________/        
                                                                                
====================================[ Qcore ]===================================

 Git hash:   6a88d58d269bf0d2ccfae91583c23a2b072b7633
 Git date:   Tue, 25 May 2021 10:36:49 +0100
 Compiler:   GNU 9.1.0
 Build type: Release
 Version:    1.3.0

 Start time: Wed Jun 16 15:38:56 2021

 Data directory: /newhome/zw18965/.local/qcore/share/entos/1.3.0/data
 Number of threads: 16
 Number of threads was determined by: number of physical cores

 --------------------------------------------------------------------------------
                                   command: hf                                   
 --------------------------------------------------------------------------------
 AO basis set:                           aug-pc-3
 Number of AO basis functions:         128

 Formula:                                Sc
 Nuclear charge:                        21.000000000
 Total charge:                           0.000000000
 Number of electrons:                   21.000000000

 Number of alpha electrons:             11
 Number of beta electrons:              10
 Number of unpaired electrons:           1
 Spin:                                   1
 Multiplicity:                           doublet

 Theory:                                 hf
 Method for Coulomb:                     incore_df
 Method for exact exchange:              pre_transformed_df
 Integral threshold:                     1.00e-12
 DF basis set:                           def2-universal-jkfit
 Number of DF basis functions:         264
 Schwarz screening threshold:            1.00e-10
 Coulomb fitting method:                 Cholesky
 Method for AO orthogonalization:        symmetric
 Threshold for linear dependence:        1.00e-08

 -------------------------------------
  Running unrestricted open-shell SCF 
 -------------------------------------
 Max number of iterations:             128
 Conv. threshold (gradient):             1.00e-05
 Conv. threshold (energy):               1.00e-06
 Interpolation scheme:                   adiis+cdiis
 Initial guess:                          H0

 ---------------------------------------------------------------
                  energy        change          grad        time
 ---------------------------------------------------------------
   0      -745.307548486                    3.35e+00        0.02
   1      -735.466202349      9.84e+00      3.71e+00        0.02
   2      -754.906039110     -1.94e+01      2.08e+00        0.02
   3      -758.790331152     -3.88e+00      1.27e+00        0.02
   4      -758.626931469      1.63e-01      1.07e+00        0.02
   5      -759.701096425     -1.07e+00      1.95e-01        0.02
   6      -759.728181352     -2.71e-02      7.96e-02        0.02
   7      -759.730616151     -2.43e-03      1.91e-02        0.02
   8      -759.731068254     -4.52e-04      1.06e-02        0.02
   9      -759.731254442     -1.86e-04      5.64e-03        0.02
  10      -759.731353002     -9.86e-05      2.97e-03        0.02
  11      -759.731392820     -3.98e-05      1.50e-03        0.02
  12      -759.731406869     -1.40e-05      7.39e-04        0.02
  13      -759.731409468     -2.60e-06      2.47e-04        0.02
  14      -759.731409696     -2.29e-07      1.37e-04        0.02
  15      -759.731409801     -1.05e-07      1.31e-04        0.02
  16      -759.731409853     -5.23e-08      1.21e-04        0.02
  17      -759.731409878     -2.49e-08      1.15e-04        0.03
  18      -759.731409911     -3.32e-08      1.16e-04        0.02
  19      -759.731409992     -8.02e-08      1.13e-04        0.02
  20      -759.731410207     -2.16e-07      1.07e-04        0.02
  21      -759.731410900     -6.92e-07      9.71e-05        0.02
  22      -759.731411323     -4.23e-07      8.66e-05        0.02
  23      -759.731412575     -1.25e-06      1.40e-04        0.02
  24      -759.731412730     -1.55e-07      1.22e-04        0.02
  25      -759.731412980     -2.50e-07      1.20e-04        0.02
  26      -759.731413000     -2.06e-08      3.52e-05        0.02
  27      -759.731413016     -1.62e-08      3.44e-05        0.02
  28      -759.731413017     -5.53e-10      7.40e-06        0.02

 SCF converged in 28 iterations.

 Dipole moment (in Debye):              -0.000000      -0.000000       0.000000

 Quadrupole moment (in Debye-Angstrom):
                  1            2            3
 1       -23.896286     0.006364    -0.074146
 2         0.006364   -23.917067    -0.020872
 3        -0.074146    -0.020872   -23.675335

 Spin-squared expectation <S^2>:         0.761
 Total spin quantum number S:            0.506
 TOTAL ENERGY:                        -759.731413017
 Saving results in set 'HF'

 --------------------------------------------------------------------------------
                                command: unsoldw12                               
 --------------------------------------------------------------------------------
 Number of AO basis functions:         128

 DF basis set:                           def2-qzvppd-ri
 Number of DF basis functions:         309


 --------------------------
  Virtual UW12 Correlation 
 --------------------------
 Unrestricted MP2 calculation:           
 Core spatial orbitals:                  5
 Correlated alpha orbitals:              6
 Correlated beta orbitals:               5
 Virtual alpha orbitals:               117
 Virtual beta orbitals:                118

 Opposite spin energy:                  -0.041055727

 Reference energy:                    -759.731413017
 UW12 correlation energy:               -0.041055727
 Total UW12 energy:                   -759.772468744

 --------------------------------------------------------------------------------

 End time:                               Wed Jun 16 15:39:00 2021
 Total wall-clock time:                  3.795 seconds
==================================================================================
