
================================================================================
          _____________ ________ _______________ ________     _________         
         / ___________// ______ \\_____   _____// ______ \   / ________)        
        / /_________  / /      \ \     | |     / /      \ \ | (_______          
       |  __________|| |        | |    | |    | |        | | \________ \        
        \ \_________ | |        | |    | |     \ \______/ /___________) |       
         \__________||_|        |_|    |_|      \________//____________/        
                                                                                
====================================[ Qcore ]===================================

 Git hash:   6a88d58d269bf0d2ccfae91583c23a2b072b7633
 Git date:   Tue, 25 May 2021 10:36:49 +0100
 Compiler:   GNU 9.1.0
 Build type: Release
 Version:    1.3.0

 Start time: Wed Jun 16 15:39:14 2021

 Data directory: /newhome/zw18965/.local/qcore/share/entos/1.3.0/data
 Number of threads: 16
 Number of threads was determined by: number of physical cores

 --------------------------------------------------------------------------------
                                   command: hf                                   
 --------------------------------------------------------------------------------
 AO basis set:                           aug-pc-3
 Number of AO basis functions:         128

 Formula:                                Cr
 Nuclear charge:                        24.000000000
 Total charge:                           0.000000000
 Number of electrons:                   24.000000000

 Number of alpha electrons:             15
 Number of beta electrons:               9
 Number of unpaired electrons:           6
 Spin:                                   6
 Multiplicity:                           octet

 Theory:                                 hf
 Method for Coulomb:                     incore_df
 Method for exact exchange:              pre_transformed_df
 Integral threshold:                     1.00e-12
 DF basis set:                           def2-universal-jkfit
 Number of DF basis functions:         264
 Schwarz screening threshold:            1.00e-10
 Coulomb fitting method:                 Cholesky
 Method for AO orthogonalization:        symmetric
 Threshold for linear dependence:        1.00e-08

 -------------------------------------
  Running unrestricted open-shell SCF 
 -------------------------------------
 Max number of iterations:             128
 Conv. threshold (gradient):             1.00e-05
 Conv. threshold (energy):               1.00e-06
 Interpolation scheme:                   adiis+cdiis
 Initial guess:                          H0

 ---------------------------------------------------------------
                  energy        change          grad        time
 ---------------------------------------------------------------
   0     -1009.456424832                    9.80e+00        0.02
   1      -991.188102830      1.83e+01      6.97e+00        0.03
   2     -1032.889304613     -4.17e+01      3.45e+00        0.03
   3     -1039.412915032     -6.52e+00      2.31e+00        0.03
   4     -1042.321120916     -2.91e+00      1.07e+00        0.02
   5     -1043.290635358     -9.70e-01      3.50e-01        0.03
   6     -1043.319500087     -2.89e-02      2.04e-01        0.03
   7     -1043.340791079     -2.13e-02      8.00e-02        0.03
   8     -1043.342900940     -2.11e-03      5.95e-02        0.03
   9     -1043.345087269     -2.19e-03      2.47e-03        0.03
  10     -1043.345102587     -1.53e-05      5.59e-04        0.03
  11     -1043.345103313     -7.25e-07      8.79e-05        0.03
  12     -1043.345103317     -4.11e-09      3.68e-05        0.03
  13     -1043.345103318     -7.39e-10      8.12e-06        0.03

 SCF converged in 13 iterations.

 Dipole moment (in Debye):              -0.000000      -0.000000      -0.000000

 Quadrupole moment (in Debye-Angstrom):
                  1            2            3
 1       -16.900715    -0.000000    -0.000000
 2        -0.000000   -16.900714     0.000000
 3        -0.000000     0.000000   -16.900715

 Spin-squared expectation <S^2>:        12.000
 Total spin quantum number S:            3.000
 TOTAL ENERGY:                       -1043.345103318
 Saving results in set 'HF'

 --------------------------------------------------------------------------------
                                command: unsoldw12                               
 --------------------------------------------------------------------------------
 Number of AO basis functions:         128

 DF basis set:                           def2-qzvppd-ri
 Number of DF basis functions:         309


 --------------------------
  Virtual UW12 Correlation 
 --------------------------
 Unrestricted MP2 calculation:           
 Core spatial orbitals:                  5
 Correlated alpha orbitals:             10
 Correlated beta orbitals:               4
 Virtual alpha orbitals:               113
 Virtual beta orbitals:                119

 Opposite spin energy:                  -0.043066732

 Reference energy:                   -1043.345103318
 UW12 correlation energy:               -0.043066732
 Total UW12 energy:                  -1043.388170050

 --------------------------------------------------------------------------------

 End time:                               Wed Jun 16 15:39:18 2021
 Total wall-clock time:                  3.812 seconds
==================================================================================
