
================================================================================
          _____________ ________ _______________ ________     _________         
         / ___________// ______ \\_____   _____// ______ \   / ________)        
        / /_________  / /      \ \     | |     / /      \ \ | (_______          
       |  __________|| |        | |    | |    | |        | | \________ \        
        \ \_________ | |        | |    | |     \ \______/ /___________) |       
         \__________||_|        |_|    |_|      \________//____________/        
                                                                                
====================================[ Qcore ]===================================

 Git hash:   6a88d58d269bf0d2ccfae91583c23a2b072b7633
 Git date:   Tue, 25 May 2021 10:36:49 +0100
 Compiler:   GNU 9.1.0
 Build type: Release
 Version:    1.3.0

 Start time: Wed Jun 16 15:39:59 2021

 Data directory: /newhome/zw18965/.local/qcore/share/entos/1.3.0/data
 Number of threads: 16
 Number of threads was determined by: number of physical cores

 --------------------------------------------------------------------------------
                                   command: hf                                   
 --------------------------------------------------------------------------------
 AO basis set:                           aug-pc-3
 Number of AO basis functions:          93

 Formula:                                Se
 Nuclear charge:                        34.000000000
 Total charge:                           0.000000000
 Number of electrons:                   34.000000000

 Number of alpha electrons:             18
 Number of beta electrons:              16
 Number of unpaired electrons:           2
 Spin:                                   2
 Multiplicity:                           triplet

 Theory:                                 hf
 Method for Coulomb:                     incore_df
 Method for exact exchange:              pre_transformed_df
 Integral threshold:                     1.00e-12
 DF basis set:                           def2-universal-jkfit
 Number of DF basis functions:         266
 Schwarz screening threshold:            1.00e-10
 Coulomb fitting method:                 Cholesky
 Method for AO orthogonalization:        symmetric
 Threshold for linear dependence:        1.00e-08

 -------------------------------------
  Running unrestricted open-shell SCF 
 -------------------------------------
 Max number of iterations:             128
 Conv. threshold (gradient):             1.00e-05
 Conv. threshold (energy):               1.00e-06
 Interpolation scheme:                   adiis+cdiis
 Initial guess:                          H0

 ---------------------------------------------------------------
                  energy        change          grad        time
 ---------------------------------------------------------------
   0     -2361.710753781                    1.20e+01        0.01
   1     -2286.265852072      7.54e+01      9.54e+00        0.02
   2     -2381.870628251     -9.56e+01      7.41e+00        0.01
   3     -2398.883729657     -1.70e+01      1.48e+00        0.02
   4     -2399.594200646     -7.10e-01      1.00e+00        0.01
   5     -2399.791593591     -1.97e-01      4.26e-01        0.02
   6     -2399.838624143     -4.70e-02      2.46e-01        0.02
   7     -2399.852019282     -1.34e-02      1.09e-01        0.02
   8     -2399.854723555     -2.70e-03      5.94e-02        0.02
   9     -2399.855549306     -8.26e-04      2.62e-02        0.02
  10     -2399.855758534     -2.09e-04      7.29e-05        0.02
  11     -2399.855758544     -9.40e-09      1.25e-05        0.02
  12     -2399.855758544     -1.21e-10      1.89e-06        0.02

 SCF converged in 12 iterations.

 Dipole moment (in Debye):               0.000000      -0.000000       0.000000

 Quadrupole moment (in Debye-Angstrom):
                  1            2            3
 1       -17.330943     0.126510    -0.000257
 2         0.126510   -20.798549     0.007054
 3        -0.000257     0.007054   -17.326348

 Spin-squared expectation <S^2>:         2.012
 Total spin quantum number S:            1.004
 TOTAL ENERGY:                       -2399.855758544
 Saving results in set 'HF'

 --------------------------------------------------------------------------------
                                command: unsoldw12                               
 --------------------------------------------------------------------------------
 Number of AO basis functions:          93

 DF basis set:                           def2-qzvppd-ri
 Number of DF basis functions:         314


 --------------------------
  Virtual UW12 Correlation 
 --------------------------
 Unrestricted MP2 calculation:           
 Core spatial orbitals:                  9
 Correlated alpha orbitals:              9
 Correlated beta orbitals:               7
 Virtual alpha orbitals:                75
 Virtual beta orbitals:                 77

 Opposite spin energy:                  -0.048767702

 Reference energy:                   -2399.855758544
 UW12 correlation energy:               -0.048767702
 Total UW12 energy:                  -2399.904526246

 --------------------------------------------------------------------------------

 End time:                               Wed Jun 16 15:40:03 2021
 Total wall-clock time:                  4.208 seconds
==================================================================================
