
================================================================================
          _____________ ________ _______________ ________     _________         
         / ___________// ______ \\_____   _____// ______ \   / ________)        
        / /_________  / /      \ \     | |     / /      \ \ | (_______          
       |  __________|| |        | |    | |    | |        | | \________ \        
        \ \_________ | |        | |    | |     \ \______/ /___________) |       
         \__________||_|        |_|    |_|      \________//____________/        
                                                                                
====================================[ Qcore ]===================================

 Git hash:   6a88d58d269bf0d2ccfae91583c23a2b072b7633
 Git date:   Tue, 25 May 2021 10:36:49 +0100
 Compiler:   GNU 9.1.0
 Build type: Release
 Version:    1.3.0

 Start time: Wed Jun 16 15:40:09 2021

 Data directory: /newhome/zw18965/.local/qcore/share/entos/1.3.0/data
 Number of threads: 16
 Number of threads was determined by: number of physical cores

 --------------------------------------------------------------------------------
                                   command: hf                                   
 --------------------------------------------------------------------------------
 AO basis set:                           aug-pc-3
 Number of AO basis functions:          93

 Formula:                                Kr
 Nuclear charge:                        36.000000000
 Total charge:                           0.000000000
 Number of electrons:                   36.000000000

 Number of alpha electrons:             18
 Number of beta electrons:              18
 Number of unpaired electrons:           0
 Spin:                                   0
 Multiplicity:                           singlet

 Theory:                                 hf
 Method for Coulomb:                     incore_df
 Method for exact exchange:              pre_transformed_df
 Integral threshold:                     1.00e-12
 DF basis set:                           def2-universal-jkfit
 Number of DF basis functions:         266
 Schwarz screening threshold:            1.00e-10
 Coulomb fitting method:                 Cholesky
 Method for AO orthogonalization:        symmetric
 Threshold for linear dependence:        1.00e-08

 -------------------------------------
  Running restricted closed-shell SCF 
 -------------------------------------
 Max number of iterations:             128
 Conv. threshold (gradient):             1.00e-05
 Conv. threshold (energy):               1.00e-06
 Interpolation scheme:                   adiis+cdiis
 Initial guess:                          H0

 ---------------------------------------------------------------
                  energy        change          grad        time
 ---------------------------------------------------------------
   0     -2700.209060722                    3.09e+01        0.01
   1     -2604.227455496      9.60e+01      2.23e+01        0.01
   2     -2726.901272470     -1.23e+02      1.75e+01        0.01
   3     -2750.481401433     -2.36e+01      4.03e+00        0.01
   4     -2751.621057743     -1.14e+00      2.44e+00        0.01
   5     -2751.945525565     -3.24e-01      1.04e+00        0.01
   6     -2752.014404906     -6.89e-02      5.64e-01        0.01
   7     -2752.031747223     -1.73e-02      2.69e-01        0.01
   8     -2752.035860376     -4.11e-03      1.39e-01        0.01
   9     -2752.036953867     -1.09e-03      6.57e-02        0.01
  10     -2752.037194308     -2.40e-04      3.36e-02        0.01
  11     -2752.037276858     -8.25e-05      1.13e-05        0.01
  12     -2752.037276858     -1.82e-11      2.47e-07        0.01

 SCF converged in 12 iterations.

 Dipole moment (in Debye):              -0.000000       0.000000       0.000000

 Quadrupole moment (in Debye-Angstrom):
                  1            2            3
 1       -17.737678     0.000000    -0.000000
 2         0.000000   -17.737678     0.000000
 3        -0.000000     0.000000   -17.737678

 Spin-squared expectation <S^2>:         0.000
 Total spin quantum number S:            0.000
 TOTAL ENERGY:                       -2752.037276858
 Saving results in set 'HF'

 --------------------------------------------------------------------------------
                                command: unsoldw12                               
 --------------------------------------------------------------------------------
 Number of AO basis functions:          93

 DF basis set:                           def2-qzvppd-ri
 Number of DF basis functions:         314


 --------------------------
  Virtual UW12 Correlation 
 --------------------------
 Restricted Virtual UW12 calculation:    
 Core orbitals:                          9
 Correlated orbitals:                    9
 Virtual orbitals:                      75

 Opposite spin energy:                  -0.061927634

 Reference energy:                   -2752.037276858
 UW12 correlation energy:               -0.061927634
 Total UW12 energy:                  -2752.099204492

 --------------------------------------------------------------------------------

 End time:                               Wed Jun 16 15:40:13 2021
 Total wall-clock time:                  4.120 seconds
==================================================================================
