
================================================================================
          _____________ ________ _______________ ________     _________         
         / ___________// ______ \\_____   _____// ______ \   / ________)        
        / /_________  / /      \ \     | |     / /      \ \ | (_______          
       |  __________|| |        | |    | |    | |        | | \________ \        
        \ \_________ | |        | |    | |     \ \______/ /___________) |       
         \__________||_|        |_|    |_|      \________//____________/        
                                                                                
====================================[ Qcore ]===================================

 Git hash:   6a88d58d269bf0d2ccfae91583c23a2b072b7633
 Git date:   Tue, 25 May 2021 10:36:49 +0100
 Compiler:   GNU 9.1.0
 Build type: Release
 Version:    1.3.0

 Start time: Thu Jun 10 17:36:29 2021

 Data directory: /newhome/zw18965/.local/qcore/share/entos/1.3.0/data
 Number of threads: 16
 Number of threads was determined by: number of physical cores

 --------------------------------------------------------------------------------
                                   command: hf                                   
 --------------------------------------------------------------------------------
 AO basis set:                           aug-cc-pv5z-merged
 Number of AO basis functions:         127

 Formula:                                C
 Nuclear charge:                         6.000000000
 Total charge:                           0.000000000
 Number of electrons:                    6.000000000

 Number of alpha electrons:              4
 Number of beta electrons:               2
 Number of unpaired electrons:           2
 Spin:                                   2
 Multiplicity:                           triplet

 Theory:                                 hf
 Method for Coulomb:                     incore_df
 Method for exact exchange:              pre_transformed_df
 Integral threshold:                     1.00e-12
 DF basis set:                           def2-universal-jkfit
 Number of DF basis functions:          75
 Schwarz screening threshold:            1.00e-10
 Coulomb fitting method:                 Cholesky
 Method for AO orthogonalization:        symmetric
 Threshold for linear dependence:        1.00e-08

 -------------------------------------
  Running unrestricted open-shell SCF 
 -------------------------------------
 Max number of iterations:             128
 Conv. threshold (gradient):             1.00e-05
 Conv. threshold (energy):               1.00e-06
 Interpolation scheme:                   adiis+cdiis
 Initial guess:                          H0

 ---------------------------------------------------------------
                  energy        change          grad        time
 ---------------------------------------------------------------
   0       -32.791183285                    3.18e+00        0.01
   1       -34.684364390     -1.89e+00      1.27e+00        0.02
   2       -37.328505819     -2.64e+00      7.34e-01        0.02
   3       -37.690592884     -3.62e-01      1.70e-01        0.02
   4       -37.693341794     -2.75e-03      1.94e-02        0.02
   5       -37.693621583     -2.80e-04      8.65e-03        0.03
   6       -37.693687635     -6.61e-05      1.34e-03        0.02
   7       -37.693690508     -2.87e-06      2.41e-04        0.02
   8       -37.693690580     -7.23e-08      3.50e-05        0.02
   9       -37.693690581     -5.79e-10      4.43e-06        0.02

 SCF converged in 9 iterations.

 Dipole moment (in Debye):               0.000000       0.000000      -0.000000

 Quadrupole moment (in Debye-Angstrom):
                  1            2            3
 1        -4.837408     0.000000    -0.021736
 2         0.000000    -6.833700     0.000000
 3        -0.021736     0.000000    -6.833464

 Spin-squared expectation <S^2>:         2.010
 Total spin quantum number S:            1.003
 TOTAL ENERGY:                         -37.693690581
 Saving results in set 'HF'

 --------------------------------------------------------------------------------
                                command: unsoldw12                               
 --------------------------------------------------------------------------------
 Number of AO basis functions:         127

 DF basis set:                           def2-qzvppd-ri
 Number of DF basis functions:         157


 --------------------------
  Virtual UW12 Correlation 
 --------------------------
 Unrestricted MP2 calculation:           
 Core spatial orbitals:                  1
 Correlated alpha orbitals:              3
 Correlated beta orbitals:               1
 Virtual alpha orbitals:               123
 Virtual beta orbitals:                125

 Opposite spin energy:                  -0.011634461

 Reference energy:                     -37.693690581
 UW12 correlation energy:               -0.011634461
 Total UW12 energy:                    -37.705325042

 --------------------------------------------------------------------------------

 End time:                               Thu Jun 10 17:36:30 2021
 Total wall-clock time:                  1.277 seconds
==================================================================================
