
================================================================================
          _____________ ________ _______________ ________     _________         
         / ___________// ______ \\_____   _____// ______ \   / ________)        
        / /_________  / /      \ \     | |     / /      \ \ | (_______          
       |  __________|| |        | |    | |    | |        | | \________ \        
        \ \_________ | |        | |    | |     \ \______/ /___________) |       
         \__________||_|        |_|    |_|      \________//____________/        
                                                                                
====================================[ Qcore ]===================================

 Git hash:   6a88d58d269bf0d2ccfae91583c23a2b072b7633
 Git date:   Tue, 25 May 2021 10:36:49 +0100
 Compiler:   GNU 9.1.0
 Build type: Release
 Version:    1.3.0

 Start time: Thu Jun 10 17:41:33 2021

 Data directory: /newhome/zw18965/.local/qcore/share/entos/1.3.0/data
 Number of threads: 16
 Number of threads was determined by: number of physical cores

 --------------------------------------------------------------------------------
                                   command: hf                                   
 --------------------------------------------------------------------------------
 AO basis set:                           aug-cc-pv5z-merged
 Number of AO basis functions:         202

 Formula:                                Zn
 Nuclear charge:                        30.000000000
 Total charge:                           0.000000000
 Number of electrons:                   30.000000000

 Number of alpha electrons:             15
 Number of beta electrons:              15
 Number of unpaired electrons:           0
 Spin:                                   0
 Multiplicity:                           singlet

 Theory:                                 hf
 Method for Coulomb:                     incore_df
 Method for exact exchange:              pre_transformed_df
 Integral threshold:                     1.00e-12
 DF basis set:                           def2-universal-jkfit
 Number of DF basis functions:         264
 Schwarz screening threshold:            1.00e-10
 Coulomb fitting method:                 Cholesky
 Method for AO orthogonalization:        symmetric
 Threshold for linear dependence:        1.00e-08

 -------------------------------------
  Running restricted closed-shell SCF 
 -------------------------------------
 Max number of iterations:             128
 Conv. threshold (gradient):             1.00e-05
 Conv. threshold (energy):               1.00e-06
 Interpolation scheme:                   adiis+cdiis
 Initial guess:                          H0

 ---------------------------------------------------------------
                  energy        change          grad        time
 ---------------------------------------------------------------
   0     -1574.955216352                    5.93e+01        0.04
   1     -1585.461983213     -1.05e+01      3.06e+01        0.04
   2     -1722.690185732     -1.37e+02      2.31e+01        0.04
   3     -1772.273530056     -4.96e+01      7.50e+00        0.04
   4     -1773.178392927     -9.05e-01      6.79e+00        0.04
   5     -1777.815294102     -4.64e+00      3.88e-01        0.05
   6     -1777.823761108     -8.47e-03      4.46e-01        0.04
   7     -1777.845014876     -2.13e-02      1.34e-01        0.04
   8     -1777.845107989     -9.31e-05      1.57e-01        0.04
   9     -1777.847970928     -2.86e-03      1.05e-02        0.06
  10     -1777.847998522     -2.76e-05      1.11e-02        0.05
  11     -1777.848015969     -1.74e-05      1.16e-04        0.06
  12     -1777.848015976     -6.36e-09      1.00e-05        0.05
  13     -1777.848015976     -5.78e-11      4.68e-07        0.05

 SCF converged in 13 iterations.

 Dipole moment (in Debye):              -0.000000      -0.000000       0.000000

 Quadrupole moment (in Debye-Angstrom):
                  1            2            3
 1       -15.682867    -0.000000     0.000000
 2        -0.000000   -15.682867    -0.000000
 3         0.000000    -0.000000   -15.682868

 Spin-squared expectation <S^2>:         0.000
 Total spin quantum number S:            0.000
 TOTAL ENERGY:                       -1777.848015976
 Saving results in set 'HF'

 --------------------------------------------------------------------------------
                                command: unsoldw12                               
 --------------------------------------------------------------------------------
 Number of AO basis functions:         202

 DF basis set:                           def2-qzvppd-ri
 Number of DF basis functions:         316


 --------------------------
  Virtual UW12 Correlation 
 --------------------------
 Restricted Virtual UW12 calculation:    
 Core orbitals:                          5
 Correlated orbitals:                   10
 Virtual orbitals:                     187

 Opposite spin energy:                  -0.093145874

 Reference energy:                   -1777.848015976
 UW12 correlation energy:               -0.093145874
 Total UW12 energy:                  -1777.941161849

 --------------------------------------------------------------------------------

 End time:                               Thu Jun 10 17:42:07 2021
 Total wall-clock time:                 34.109 seconds
==================================================================================
