
================================================================================
          _____________ ________ _______________ ________     _________         
         / ___________// ______ \\_____   _____// ______ \   / ________)        
        / /_________  / /      \ \     | |     / /      \ \ | (_______          
       |  __________|| |        | |    | |    | |        | | \________ \        
        \ \_________ | |        | |    | |     \ \______/ /___________) |       
         \__________||_|        |_|    |_|      \________//____________/        
                                                                                
====================================[ Qcore ]===================================

 Git hash:   6a88d58d269bf0d2ccfae91583c23a2b072b7633
 Git date:   Tue, 25 May 2021 10:36:49 +0100
 Compiler:   GNU 9.1.0
 Build type: Release
 Version:    1.3.0

 Start time: Thu May 27 16:12:52 2021

 Data directory: /newhome/zw18965/.local/qcore/share/entos/1.3.0/data
 Number of threads: 16
 Number of threads was determined by: number of physical cores

 --------------------------------------------------------------------------------
                                   command: hf                                   
 --------------------------------------------------------------------------------
 AO basis set:                           def2-qzvppd
 Number of AO basis functions:          79

 Formula:                                Ar
 Nuclear charge:                        18.000000000
 Total charge:                           0.000000000
 Number of electrons:                   18.000000000

 Number of alpha electrons:              9
 Number of beta electrons:               9
 Number of unpaired electrons:           0
 Spin:                                   0
 Multiplicity:                           singlet

 Theory:                                 hf
 Method for Coulomb:                     incore_df
 Method for exact exchange:              pre_transformed_df
 Integral threshold:                     1.00e-12
 DF basis set:                           def2-universal-jkfit
 Number of DF basis functions:         128
 Schwarz screening threshold:            1.00e-10
 Coulomb fitting method:                 Cholesky
 Method for AO orthogonalization:        symmetric
 Threshold for linear dependence:        1.00e-08

 -------------------------------------
  Running restricted closed-shell SCF 
 -------------------------------------
 Max number of iterations:             128
 Conv. threshold (gradient):             1.00e-05
 Conv. threshold (energy):               1.00e-06
 Interpolation scheme:                   adiis+cdiis
 Initial guess:                          H0

 ---------------------------------------------------------------
                  energy        change          grad        time
 ---------------------------------------------------------------
   0      -461.800319235                    3.51e+01        0.00
   1      -507.812421114     -4.60e+01      1.20e+01        0.00
   2      -522.731777291     -1.49e+01      5.53e+00        0.00
   3      -525.829827848     -3.10e+00      2.01e+00        0.00
   4      -526.686730019     -8.57e-01      9.71e-01        0.00
   5      -526.805456277     -1.19e-01      3.16e-01        0.00
   6      -526.816226401     -1.08e-02      9.77e-02        0.00
   7      -526.817122411     -8.96e-04      3.03e-02        0.00
   8      -526.817208088     -8.57e-05      2.21e-04        0.00
   9      -526.817208094     -6.46e-09      1.63e-05        0.00
  10      -526.817208094     -8.56e-11      1.26e-06        0.00

 SCF converged in 10 iterations.

 Dipole moment (in Debye):              -0.000000      -0.000000       0.000000

 Quadrupole moment (in Debye-Angstrom):
                  1            2            3
 1       -11.675708    -0.000000     0.000000
 2        -0.000000   -11.675708     0.000000
 3         0.000000     0.000000   -11.675708

 Spin-squared expectation <S^2>:         0.000
 Total spin quantum number S:            0.000
 TOTAL ENERGY:                        -526.817208094
 Saving results in set 'HF'

 --------------------------------------------------------------------------------
                                command: unsoldw12                               
 --------------------------------------------------------------------------------
 Number of AO basis functions:          79

 DF basis set:                           def2-qzvppd-ri
 Number of DF basis functions:         183


 --------------------------
  Virtual UW12 Correlation 
 --------------------------
 Restricted Virtual UW12 calculation:    
 Core orbitals:                          5
 Correlated orbitals:                    4
 Virtual orbitals:                      70

 Opposite spin energy:                  -0.035561866

 Reference energy:                    -526.817208094
 UW12 correlation energy:               -0.035561866
 Total UW12 energy:                   -526.852769960

 --------------------------------------------------------------------------------

 End time:                               Thu May 27 16:12:53 2021
 Total wall-clock time:                  0.589 seconds
==================================================================================
