
================================================================================
          _____________ ________ _______________ ________     _________         
         / ___________// ______ \\_____   _____// ______ \   / ________)        
        / /_________  / /      \ \     | |     / /      \ \ | (_______          
       |  __________|| |        | |    | |    | |        | | \________ \        
        \ \_________ | |        | |    | |     \ \______/ /___________) |       
         \__________||_|        |_|    |_|      \________//____________/        
                                                                                
====================================[ Qcore ]===================================

 Git hash:   6a88d58d269bf0d2ccfae91583c23a2b072b7633
 Git date:   Tue, 25 May 2021 10:36:49 +0100
 Compiler:   GNU 9.1.0
 Build type: Release
 Version:    1.3.0

 Start time: Thu May 27 16:12:57 2021

 Data directory: /newhome/zw18965/.local/qcore/share/entos/1.3.0/data
 Number of threads: 16
 Number of threads was determined by: number of physical cores

 --------------------------------------------------------------------------------
                                   command: hf                                   
 --------------------------------------------------------------------------------
 AO basis set:                           def2-qzvppd
 Number of AO basis functions:          93

 Formula:                                Ti
 Nuclear charge:                        22.000000000
 Total charge:                           0.000000000
 Number of electrons:                   22.000000000

 Number of alpha electrons:             12
 Number of beta electrons:              10
 Number of unpaired electrons:           2
 Spin:                                   2
 Multiplicity:                           triplet

 Theory:                                 hf
 Method for Coulomb:                     incore_df
 Method for exact exchange:              pre_transformed_df
 Integral threshold:                     1.00e-12
 DF basis set:                           def2-universal-jkfit
 Number of DF basis functions:         264
 Schwarz screening threshold:            1.00e-10
 Coulomb fitting method:                 Cholesky
 Method for AO orthogonalization:        symmetric
 Threshold for linear dependence:        1.00e-08

 -------------------------------------
  Running unrestricted open-shell SCF 
 -------------------------------------
 Max number of iterations:             128
 Conv. threshold (gradient):             1.00e-05
 Conv. threshold (energy):               1.00e-06
 Interpolation scheme:                   adiis+cdiis
 Initial guess:                          H0

 ---------------------------------------------------------------
                  energy        change          grad        time
 ---------------------------------------------------------------
   0      -802.366315861                    2.24e+01        0.00
   1      -808.472429695     -6.11e+00      6.49e+00        0.01
   2      -840.522128141     -3.20e+01      3.34e+00        0.01
   3      -846.160766597     -5.64e+00      1.67e+00        0.01
   4      -847.092831224     -9.32e-01      1.62e+00        0.01
   5      -848.296638554     -1.20e+00      3.07e-01        0.01
   6      -848.349529320     -5.29e-02      1.63e-01        0.01
   7      -848.371486553     -2.20e-02      1.06e-01        0.01
   8      -848.384071986     -1.26e-02      7.49e-02        0.01
   9      -848.390931892     -6.86e-03      5.66e-02        0.01
  10      -848.400351234     -9.42e-03      2.57e-02        0.01
  11      -848.400435255     -8.40e-05      2.10e-02        0.01
  12      -848.401409629     -9.74e-04      9.49e-03        0.01
  13      -848.401664750     -2.55e-04      7.05e-03        0.01
  14      -848.401881778     -2.17e-04      6.03e-03        0.01
  15      -848.401955126     -7.33e-05      5.81e-03        0.01
  16      -848.401935789      1.93e-05      5.90e-03        0.01
  17      -848.401780641      1.55e-04      4.83e-03        0.01
  18      -848.401729724      5.09e-05      2.30e-03        0.01
  19      -848.401728296      1.43e-06      1.78e-03        0.01
  20      -848.401731625     -3.33e-06      1.31e-03        0.01
  21      -848.401733711     -2.09e-06      9.38e-04        0.01
  22      -848.401735516     -1.81e-06      3.60e-04        0.01
  23      -848.401735921     -4.04e-07      1.83e-04        0.01
  24      -848.401736032     -1.11e-07      1.19e-04        0.01
  25      -848.401736067     -3.49e-08      5.56e-05        0.01
  26      -848.401736072     -4.97e-09      3.20e-05        0.01
  27      -848.401736075     -3.24e-09      2.81e-05        0.01
  28      -848.401736076     -9.14e-10      2.86e-05        0.01
  29      -848.401736074      2.18e-09      2.41e-05        0.01
  30      -848.401736072      1.40e-09      1.99e-05        0.01
  31      -848.401736072      1.04e-10      1.81e-05        0.01
  32      -848.401736072      3.26e-10      1.66e-05        0.01
  33      -848.401736071      6.33e-10      1.48e-05        0.01
  34      -848.401736071      6.28e-10      1.37e-05        0.01
  35      -848.401736070      1.02e-09      8.84e-06        0.01

 SCF converged in 35 iterations.

 Dipole moment (in Debye):               0.000000      -0.000000       0.000000

 Quadrupole moment (in Debye-Angstrom):
                  1            2            3
 1       -22.517136    -0.050178     0.089525
 2        -0.050178   -22.465871     0.054834
 3         0.089525     0.054834   -22.533040

 Spin-squared expectation <S^2>:         2.010
 Total spin quantum number S:            1.003
 TOTAL ENERGY:                        -848.401736069
 Saving results in set 'HF'

 --------------------------------------------------------------------------------
                                command: unsoldw12                               
 --------------------------------------------------------------------------------
 Number of AO basis functions:          93

 DF basis set:                           def2-qzvppd-ri
 Number of DF basis functions:         309


 --------------------------
  Virtual UW12 Correlation 
 --------------------------
 Unrestricted MP2 calculation:           
 Core spatial orbitals:                  5
 Correlated alpha orbitals:              7
 Correlated beta orbitals:               5
 Virtual alpha orbitals:                81
 Virtual beta orbitals:                 83

 Opposite spin energy:                  -0.044287686

 Reference energy:                    -848.401736069
 UW12 correlation energy:               -0.044287686
 Total UW12 energy:                   -848.446023755

 --------------------------------------------------------------------------------

 End time:                               Thu May 27 16:12:58 2021
 Total wall-clock time:                  1.804 seconds
==================================================================================
