
================================================================================
          _____________ ________ _______________ ________     _________         
         / ___________// ______ \\_____   _____// ______ \   / ________)        
        / /_________  / /      \ \     | |     / /      \ \ | (_______          
       |  __________|| |        | |    | |    | |        | | \________ \        
        \ \_________ | |        | |    | |     \ \______/ /___________) |       
         \__________||_|        |_|    |_|      \________//____________/        
                                                                                
====================================[ Qcore ]===================================

 Git hash:   6a88d58d269bf0d2ccfae91583c23a2b072b7633
 Git date:   Tue, 25 May 2021 10:36:49 +0100
 Compiler:   GNU 9.1.0
 Build type: Release
 Version:    1.3.0

 Start time: Thu May 27 16:12:58 2021

 Data directory: /newhome/zw18965/.local/qcore/share/entos/1.3.0/data
 Number of threads: 16
 Number of threads was determined by: number of physical cores

 --------------------------------------------------------------------------------
                                   command: hf                                   
 --------------------------------------------------------------------------------
 AO basis set:                           def2-qzvppd
 Number of AO basis functions:          93

 Formula:                                V
 Nuclear charge:                        23.000000000
 Total charge:                           0.000000000
 Number of electrons:                   23.000000000

 Number of alpha electrons:             13
 Number of beta electrons:              10
 Number of unpaired electrons:           3
 Spin:                                   3
 Multiplicity:                           quartet

 Theory:                                 hf
 Method for Coulomb:                     incore_df
 Method for exact exchange:              pre_transformed_df
 Integral threshold:                     1.00e-12
 DF basis set:                           def2-universal-jkfit
 Number of DF basis functions:         264
 Schwarz screening threshold:            1.00e-10
 Coulomb fitting method:                 Cholesky
 Method for AO orthogonalization:        symmetric
 Threshold for linear dependence:        1.00e-08

 -------------------------------------
  Running unrestricted open-shell SCF 
 -------------------------------------
 Max number of iterations:             128
 Conv. threshold (gradient):             1.00e-05
 Conv. threshold (energy):               1.00e-06
 Interpolation scheme:                   adiis+cdiis
 Initial guess:                          H0

 ---------------------------------------------------------------
                  energy        change          grad        time
 ---------------------------------------------------------------
   0      -892.716238039                    2.41e+01        0.01
   1      -894.219269147     -1.50e+00      7.06e+00        0.01
   2      -932.498429406     -3.83e+01      3.80e+00        0.01
   3      -939.243882230     -6.75e+00      2.11e+00        0.01
   4      -941.342628350     -2.10e+00      1.69e+00        0.01
   5      -942.725867190     -1.38e+00      6.16e-01        0.01
   6      -942.851820719     -1.26e-01      3.33e-01        0.01
   7      -942.877298371     -2.55e-02      1.31e-01        0.01
   8      -942.884166787     -6.87e-03      7.48e-02        0.01
   9      -942.886399017     -2.23e-03      5.74e-02        0.01
  10      -942.889884315     -3.49e-03      2.94e-02        0.01
  11      -942.891076428     -1.19e-03      2.22e-02        0.01
  12      -942.891868968     -7.93e-04      1.42e-02        0.01
  13      -942.892204534     -3.36e-04      1.14e-02        0.01
  14      -942.892385035     -1.81e-04      6.57e-03        0.01
  15      -942.892508855     -1.24e-04      2.79e-03        0.01
  16      -942.892551630     -4.28e-05      1.25e-03        0.01
  17      -942.892557223     -5.59e-06      5.05e-04        0.01
  18      -942.892557641     -4.19e-07      1.88e-04        0.01
  19      -942.892557691     -5.00e-08      1.67e-04        0.01
  20      -942.892557728     -3.70e-08      1.41e-04        0.01
  21      -942.892557746     -1.75e-08      1.20e-04        0.01
  22      -942.892557766     -1.98e-08      7.58e-05        0.01
  23      -942.892557781     -1.51e-08      2.28e-05        0.01
  24      -942.892557783     -2.10e-09      9.38e-06        0.01

 SCF converged in 24 iterations.

 Dipole moment (in Debye):              -0.000000      -0.000000       0.000000

 Quadrupole moment (in Debye-Angstrom):
                  1            2            3
 1       -21.360409    -0.000004     0.000022
 2        -0.000004   -21.360436    -0.000027
 3         0.000022    -0.000027   -21.360451

 Spin-squared expectation <S^2>:         3.763
 Total spin quantum number S:            1.503
 TOTAL ENERGY:                        -942.892557783
 Saving results in set 'HF'

 --------------------------------------------------------------------------------
                                command: unsoldw12                               
 --------------------------------------------------------------------------------
 Number of AO basis functions:          93

 DF basis set:                           def2-qzvppd-ri
 Number of DF basis functions:         309


 --------------------------
  Virtual UW12 Correlation 
 --------------------------
 Unrestricted MP2 calculation:           
 Core spatial orbitals:                  5
 Correlated alpha orbitals:              8
 Correlated beta orbitals:               5
 Virtual alpha orbitals:                80
 Virtual beta orbitals:                 83

 Opposite spin energy:                  -0.047479857

 Reference energy:                    -942.892557783
 UW12 correlation energy:               -0.047479857
 Total UW12 energy:                   -942.940037640

 --------------------------------------------------------------------------------

 End time:                               Thu May 27 16:13:00 2021
 Total wall-clock time:                  1.525 seconds
==================================================================================
