
================================================================================
          _____________ ________ _______________ ________     _________         
         / ___________// ______ \\_____   _____// ______ \   / ________)        
        / /_________  / /      \ \     | |     / /      \ \ | (_______          
       |  __________|| |        | |    | |    | |        | | \________ \        
        \ \_________ | |        | |    | |     \ \______/ /___________) |       
         \__________||_|        |_|    |_|      \________//____________/        
                                                                                
====================================[ Qcore ]===================================

 Git hash:   6a88d58d269bf0d2ccfae91583c23a2b072b7633
 Git date:   Tue, 25 May 2021 10:36:49 +0100
 Compiler:   GNU 9.1.0
 Build type: Release
 Version:    1.3.0

 Start time: Thu May 27 16:13:02 2021

 Data directory: /newhome/zw18965/.local/qcore/share/entos/1.3.0/data
 Number of threads: 16
 Number of threads was determined by: number of physical cores

 --------------------------------------------------------------------------------
                                   command: hf                                   
 --------------------------------------------------------------------------------
 AO basis set:                           def2-qzvppd
 Number of AO basis functions:          79

 Formula:                                Mn
 Nuclear charge:                        25.000000000
 Total charge:                           0.000000000
 Number of electrons:                   25.000000000

 Number of alpha electrons:             15
 Number of beta electrons:              10
 Number of unpaired electrons:           5
 Spin:                                   5
 Multiplicity:                           septet

 Theory:                                 hf
 Method for Coulomb:                     incore_df
 Method for exact exchange:              pre_transformed_df
 Integral threshold:                     1.00e-12
 DF basis set:                           def2-universal-jkfit
 Number of DF basis functions:         264
 Schwarz screening threshold:            1.00e-10
 Coulomb fitting method:                 Cholesky
 Method for AO orthogonalization:        symmetric
 Threshold for linear dependence:        1.00e-08

 -------------------------------------
  Running unrestricted open-shell SCF 
 -------------------------------------
 Max number of iterations:             128
 Conv. threshold (gradient):             1.00e-05
 Conv. threshold (energy):               1.00e-06
 Interpolation scheme:                   adiis+cdiis
 Initial guess:                          H0

 ---------------------------------------------------------------
                  energy        change          grad        time
 ---------------------------------------------------------------
   0     -1095.651236022                    2.64e+01        0.00
   1     -1087.543435586      8.11e+00      8.68e+00        0.01
   2     -1136.358965267     -4.88e+01      5.89e+00        0.01
   3     -1144.650656243     -8.29e+00      3.09e+00        0.01
   4     -1148.370653687     -3.72e+00      1.66e+00        0.01
   5     -1149.703995832     -1.33e+00      3.83e-01        0.01
   6     -1149.724848219     -2.09e-02      3.23e-01        0.01
   7     -1149.750416366     -2.56e-02      1.07e-01        0.01
   8     -1149.754746100     -4.33e-03      1.40e-01        0.01
   9     -1149.760563640     -5.82e-03      1.01e-01        0.01
  10     -1149.768633003     -8.07e-03      1.33e-01        0.01
  11     -1149.781167842     -1.25e-02      1.28e-01        0.01
  12     -1149.799811376     -1.86e-02      1.61e-01        0.01
  13     -1149.821049265     -2.12e-02      1.43e-01        0.01
  14     -1149.841474451     -2.04e-02      1.48e-01        0.01
  15     -1149.854895688     -1.34e-02      1.06e-01        0.01
  16     -1149.862370796     -7.48e-03      8.21e-02        0.01
  17     -1149.865953461     -3.58e-03      5.31e-02        0.01
  18     -1149.867599514     -1.65e-03      5.31e-02        0.01
  19     -1149.868548692     -9.49e-04      3.04e-02        0.01
  20     -1149.868965510     -4.17e-04      5.75e-03        0.01
  21     -1149.868979677     -1.42e-05      2.70e-03        0.01
  22     -1149.868983760     -4.08e-06      8.05e-05        0.01
  23     -1149.868983764     -4.04e-09      1.26e-05        0.01
  24     -1149.868983764     -1.17e-10      6.54e-06        0.01

 SCF converged in 24 iterations.

 Dipole moment (in Debye):              -0.000000      -0.000000      -0.000000

 Quadrupole moment (in Debye-Angstrom):
                  1            2            3
 1       -19.408160     0.000005     0.000000
 2         0.000005   -19.408132     0.000007
 3         0.000000     0.000007   -19.408162

 Spin-squared expectation <S^2>:         8.771
 Total spin quantum number S:            2.503
 TOTAL ENERGY:                       -1149.868983764
 Saving results in set 'HF'

 --------------------------------------------------------------------------------
                                command: unsoldw12                               
 --------------------------------------------------------------------------------
 Number of AO basis functions:          79

 DF basis set:                           def2-qzvppd-ri
 Number of DF basis functions:         309


 --------------------------
  Virtual UW12 Correlation 
 --------------------------
 Unrestricted MP2 calculation:           
 Core spatial orbitals:                  5
 Correlated alpha orbitals:             10
 Correlated beta orbitals:               5
 Virtual alpha orbitals:                64
 Virtual beta orbitals:                 69

 Opposite spin energy:                  -0.019736484

 Reference energy:                   -1149.868983764
 UW12 correlation energy:               -0.019736484
 Total UW12 energy:                  -1149.888720248

 --------------------------------------------------------------------------------

 End time:                               Thu May 27 16:13:05 2021
 Total wall-clock time:                  3.305 seconds
==================================================================================
