
================================================================================
          _____________ ________ _______________ ________     _________         
         / ___________// ______ \\_____   _____// ______ \   / ________)        
        / /_________  / /      \ \     | |     / /      \ \ | (_______          
       |  __________|| |        | |    | |    | |        | | \________ \        
        \ \_________ | |        | |    | |     \ \______/ /___________) |       
         \__________||_|        |_|    |_|      \________//____________/        
                                                                                
====================================[ Qcore ]===================================

 Git hash:   6a88d58d269bf0d2ccfae91583c23a2b072b7633
 Git date:   Tue, 25 May 2021 10:36:49 +0100
 Compiler:   GNU 9.1.0
 Build type: Release
 Version:    1.3.0

 Start time: Thu May 27 16:14:03 2021

 Data directory: /newhome/zw18965/.local/qcore/share/entos/1.3.0/data
 Number of threads: 16
 Number of threads was determined by: number of physical cores

 --------------------------------------------------------------------------------
                                   command: hf                                   
 --------------------------------------------------------------------------------
 AO basis set:                           def2-qzvppd
 Number of AO basis functions:          81
 ECP on atom 1 (Nb):                     28 electrons

 Formula:                                Nb
 Nuclear charge:                        41.000000000
 Total charge:                           0.000000000
 Number of core electrons:              28
 Number of treated electrons:           13

 Number of alpha electrons:              9
 Number of beta electrons:               4
 Number of unpaired electrons:           5
 Spin:                                   5
 Multiplicity:                           septet

 Theory:                                 hf
 Method for Coulomb:                     incore_df
 Method for exact exchange:              pre_transformed_df
 Integral threshold:                     1.00e-12
 DF basis set:                           def2-universal-jkfit
 Number of DF basis functions:         255
 Schwarz screening threshold:            1.00e-10
 Coulomb fitting method:                 Cholesky
 Method for AO orthogonalization:        symmetric
 Threshold for linear dependence:        1.00e-08

 -------------------------------------
  Running unrestricted open-shell SCF 
 -------------------------------------
 Max number of iterations:             128
 Conv. threshold (gradient):             1.00e-05
 Conv. threshold (energy):               1.00e-06
 Interpolation scheme:                   adiis+cdiis
 Initial guess:                          H0

 ---------------------------------------------------------------
                  energy        change          grad        time
 ---------------------------------------------------------------
   0       -50.915367435                    1.90e+00        0.00
   1       -52.263119167     -1.35e+00      1.45e+00        0.01
   2       -54.889857968     -2.63e+00      8.12e-01        0.01
   3       -56.237995916     -1.35e+00      1.82e-01        0.01
   4       -56.264764118     -2.68e-02      3.73e-02        0.01
   5       -56.267482898     -2.72e-03      1.94e-02        0.01
   6       -56.267852072     -3.69e-04      4.15e-03        0.01
   7       -56.267893964     -4.19e-05      2.30e-03        0.01
   8       -56.267914857     -2.09e-05      2.21e-03        0.01
   9       -56.267904214      1.06e-05      1.98e-03        0.01
  10       -56.267865245      3.90e-05      6.56e-04        0.01
  11       -56.267864287      9.58e-07      1.21e-04        0.01
  12       -56.267864309     -2.16e-08      2.25e-05        0.01
  13       -56.267864311     -1.75e-09      5.84e-06        0.01

 SCF converged in 13 iterations.

 Dipole moment (in Debye):               0.000000      -0.000000       0.000000

 Quadrupole moment (in Debye-Angstrom):
                  1            2            3
 1       -21.384794    -0.000000    -0.000000
 2        -0.000000   -21.384794    -0.000000
 3        -0.000000    -0.000000   -21.384683

 Spin-squared expectation <S^2>:         8.754
 Total spin quantum number S:            2.501
 TOTAL ENERGY:                         -56.267864311
 Saving results in set 'HF'

 --------------------------------------------------------------------------------
                                command: unsoldw12                               
 --------------------------------------------------------------------------------
 Number of AO basis functions:          81

 DF basis set:                           def2-qzvppd-ri
 Number of DF basis functions:         252


 --------------------------
  Virtual UW12 Correlation 
 --------------------------
 Unrestricted MP2 calculation:           
 Core spatial orbitals:                  0
 Correlated alpha orbitals:              9
 Correlated beta orbitals:               4
 Virtual alpha orbitals:                72
 Virtual beta orbitals:                 77

 Opposite spin energy:                  -0.052678242

 Reference energy:                     -56.267864311
 UW12 correlation energy:               -0.052678242
 Total UW12 energy:                    -56.320542553

 --------------------------------------------------------------------------------

 End time:                               Thu May 27 16:14:04 2021
 Total wall-clock time:                  0.983 seconds
==================================================================================
