
================================================================================
          _____________ ________ _______________ ________     _________         
         / ___________// ______ \\_____   _____// ______ \   / ________)        
        / /_________  / /      \ \     | |     / /      \ \ | (_______          
       |  __________|| |        | |    | |    | |        | | \________ \        
        \ \_________ | |        | |    | |     \ \______/ /___________) |       
         \__________||_|        |_|    |_|      \________//____________/        
                                                                                
====================================[ Qcore ]===================================

 Git hash:   6a88d58d269bf0d2ccfae91583c23a2b072b7633
 Git date:   Tue, 25 May 2021 10:36:49 +0100
 Compiler:   GNU 9.1.0
 Build type: Release
 Version:    1.3.0

 Start time: Thu May 27 16:14:14 2021

 Data directory: /newhome/zw18965/.local/qcore/share/entos/1.3.0/data
 Number of threads: 16
 Number of threads was determined by: number of physical cores

 --------------------------------------------------------------------------------
                                   command: hf                                   
 --------------------------------------------------------------------------------
 AO basis set:                           def2-qzvppd
 Number of AO basis functions:          88
 ECP on atom 1 (In):                     28 electrons

 Formula:                                In
 Nuclear charge:                        49.000000000
 Total charge:                           0.000000000
 Number of core electrons:              28
 Number of treated electrons:           21

 Number of alpha electrons:             11
 Number of beta electrons:              10
 Number of unpaired electrons:           1
 Spin:                                   1
 Multiplicity:                           doublet

 Theory:                                 hf
 Method for Coulomb:                     incore_df
 Method for exact exchange:              pre_transformed_df
 Integral threshold:                     1.00e-12
 DF basis set:                           def2-universal-jkfit
 Number of DF basis functions:         218
 Schwarz screening threshold:            1.00e-10
 Coulomb fitting method:                 Cholesky
 Method for AO orthogonalization:        symmetric
 Threshold for linear dependence:        1.00e-08

 -------------------------------------
  Running unrestricted open-shell SCF 
 -------------------------------------
 Max number of iterations:             128
 Conv. threshold (gradient):             1.00e-05
 Conv. threshold (energy):               1.00e-06
 Interpolation scheme:                   adiis+cdiis
 Initial guess:                          H0

 ---------------------------------------------------------------
                  energy        change          grad        time
 ---------------------------------------------------------------
   0      -167.537758620                    6.19e+00        0.01
   1      -141.424065987      2.61e+01      3.78e+00        0.01
   2      -179.316551736     -3.79e+01      4.99e+00        0.01
   3      -188.878655733     -9.56e+00      6.83e-01        0.01
   4      -189.139398720     -2.61e-01      4.42e-01        0.01
   5      -189.193257045     -5.39e-02      1.49e-01        0.01
   6      -189.206729116     -1.35e-02      9.40e-02        0.01
   7      -189.209733364     -3.00e-03      3.75e-02        0.01
   8      -189.210649720     -9.16e-04      1.66e-03        0.01
   9      -189.210653346     -3.63e-06      2.59e-04        0.01
  10      -189.210653457     -1.11e-07      5.39e-05        0.01
  11      -189.210653460     -2.71e-09      1.14e-05        0.01
  12      -189.210653460     -1.00e-10      9.23e-07        0.01

 SCF converged in 12 iterations.

 Dipole moment (in Debye):               0.000000      -0.000000      -0.000000

 Quadrupole moment (in Debye-Angstrom):
                  1            2            3
 1       -24.118391    -3.041247     1.467684
 2        -3.041247   -28.759313     2.965951
 3         1.467684     2.965951   -24.044795

 Spin-squared expectation <S^2>:         0.763
 Total spin quantum number S:            0.507
 TOTAL ENERGY:                        -189.210653460
 Saving results in set 'HF'

 --------------------------------------------------------------------------------
                                command: unsoldw12                               
 --------------------------------------------------------------------------------
 Number of AO basis functions:          88

 DF basis set:                           def2-qzvppd-ri
 Number of DF basis functions:         292


 --------------------------
  Virtual UW12 Correlation 
 --------------------------
 Unrestricted MP2 calculation:           
 Core spatial orbitals:                  4
 Correlated alpha orbitals:              7
 Correlated beta orbitals:               6
 Virtual alpha orbitals:                77
 Virtual beta orbitals:                 78

 Opposite spin energy:                  -0.092020182

 Reference energy:                    -189.210653460
 UW12 correlation energy:               -0.092020182
 Total UW12 energy:                   -189.302673642

 --------------------------------------------------------------------------------

 End time:                               Thu May 27 16:14:18 2021
 Total wall-clock time:                  4.795 seconds
==================================================================================
