
================================================================================
          _____________ ________ _______________ ________     _________         
         / ___________// ______ \\_____   _____// ______ \   / ________)        
        / /_________  / /      \ \     | |     / /      \ \ | (_______          
       |  __________|| |        | |    | |    | |        | | \________ \        
        \ \_________ | |        | |    | |     \ \______/ /___________) |       
         \__________||_|        |_|    |_|      \________//____________/        
                                                                                
====================================[ Qcore ]===================================

 Git hash:   6a88d58d269bf0d2ccfae91583c23a2b072b7633
 Git date:   Tue, 25 May 2021 10:36:49 +0100
 Compiler:   GNU 9.1.0
 Build type: Release
 Version:    1.3.0

 Start time: Thu May 27 16:14:48 2021

 Data directory: /newhome/zw18965/.local/qcore/share/entos/1.3.0/data
 Number of threads: 16
 Number of threads was determined by: number of physical cores

 --------------------------------------------------------------------------------
                                   command: hf                                   
 --------------------------------------------------------------------------------
 AO basis set:                           def2-qzvppd
 Number of AO basis functions:          84
 ECP on atom 1 (Hf):                     60 electrons

 Formula:                                Hf
 Nuclear charge:                        72.000000000
 Total charge:                           0.000000000
 Number of core electrons:              60
 Number of treated electrons:           12

 Number of alpha electrons:              7
 Number of beta electrons:               5
 Number of unpaired electrons:           2
 Spin:                                   2
 Multiplicity:                           triplet

 Theory:                                 hf
 Method for Coulomb:                     incore_df
 Method for exact exchange:              pre_transformed_df
 Integral threshold:                     1.00e-12
 DF basis set:                           def2-universal-jkfit
 Number of DF basis functions:         227
 Schwarz screening threshold:            1.00e-10
 Coulomb fitting method:                 Cholesky
 Method for AO orthogonalization:        symmetric
 Threshold for linear dependence:        1.00e-08

 -------------------------------------
  Running unrestricted open-shell SCF 
 -------------------------------------
 Max number of iterations:             128
 Conv. threshold (gradient):             1.00e-05
 Conv. threshold (energy):               1.00e-06
 Interpolation scheme:                   adiis+cdiis
 Initial guess:                          H0

 ---------------------------------------------------------------
                  energy        change          grad        time
 ---------------------------------------------------------------
   0       -42.871173287                    2.10e+00        0.00
   1       -45.229765230     -2.36e+00      1.00e+00        0.01
   2       -46.440453655     -1.21e+00      7.93e-01        0.01
   3       -47.157183969     -7.17e-01      1.72e-01        0.01
   4       -47.201471639     -4.43e-02      1.32e-01        0.01
   5       -47.236814144     -3.53e-02      1.30e-01        0.01
   6       -47.262883526     -2.61e-02      1.00e-01        0.01
   7       -47.279558724     -1.67e-02      7.14e-02        0.01
   8       -47.292753104     -1.32e-02      9.29e-02        0.01
   9       -47.280921992      1.18e-02      5.89e-02        0.01
  10       -47.278658973      2.26e-03      4.22e-02        0.01
  11       -47.278799185     -1.40e-04      3.77e-02        0.01
  12       -47.283572291     -4.77e-03      3.74e-02        0.01
  13       -47.284755445     -1.18e-03      3.97e-02        0.01
  14       -47.279109984      5.65e-03      2.23e-02        0.01
  15       -47.279002540      1.07e-04      1.80e-02        0.01
  16       -47.279627843     -6.25e-04      1.57e-02        0.01
  17       -47.279817687     -1.90e-04      1.63e-02        0.01
  18       -47.279466507      3.51e-04      1.28e-02        0.01
  19       -47.280056422     -5.90e-04      1.06e-02        0.01
  20       -47.280872644     -8.16e-04      8.56e-03        0.01
  21       -47.281336084     -4.63e-04      4.75e-03        0.01
  22       -47.281556380     -2.20e-04      2.20e-03        0.01
  23       -47.281563695     -7.31e-06      1.46e-03        0.01
  24       -47.281578096     -1.44e-05      1.01e-03        0.01
  25       -47.281582734     -4.64e-06      9.65e-04        0.01
  26       -47.281584249     -1.51e-06      9.01e-04        0.01
  27       -47.281585478     -1.23e-06      8.89e-04        0.01
  28       -47.281585316      1.61e-07      8.77e-04        0.01
  29       -47.281585900     -5.83e-07      8.05e-04        0.01
  30       -47.281587328     -1.43e-06      7.67e-04        0.01
  31       -47.281586903      4.25e-07      7.51e-04        0.01
  32       -47.281587246     -3.44e-07      7.73e-04        0.01
  33       -47.281587478     -2.31e-07      7.75e-04        0.01
  34       -47.281587368      1.10e-07      7.75e-04        0.01
  35       -47.281588018     -6.50e-07      7.85e-04        0.01
  36       -47.281586782      1.24e-06      7.17e-04        0.01
  37       -47.281589467     -2.68e-06      2.08e-04        0.01
  38       -47.281589809     -3.42e-07      9.29e-05        0.01
  39       -47.281589832     -2.30e-08      8.22e-05        0.01
  40       -47.281589842     -9.68e-09      8.87e-05        0.01
  41       -47.281589841      2.96e-10      8.90e-05        0.01
  42       -47.281589843     -1.29e-09      7.99e-05        0.01
  43       -47.281589843     -3.71e-10      8.08e-05        0.01
  44       -47.281589847     -3.84e-09      7.62e-05        0.00
  45       -47.281589869     -2.18e-08      6.26e-05        0.01
  46       -47.281589870     -1.89e-09      5.98e-05        0.01
  47       -47.281589872     -1.45e-09      6.67e-05        0.01
  48       -47.281589870      1.49e-09      5.31e-05        0.01
  49       -47.281589873     -2.77e-09      3.59e-05        0.01
  50       -47.281589875     -1.47e-09      3.62e-05        0.01
  51       -47.281589875     -6.22e-10      3.94e-05        0.01
  52       -47.281589874      8.43e-10      2.87e-05        0.01
  53       -47.281589876     -1.48e-09      2.17e-05        0.01
  54       -47.281589877     -1.50e-09      1.05e-05        0.01
  55       -47.281589878     -5.23e-10      1.07e-05        0.00
  56       -47.281589878     -1.54e-11      1.10e-05        0.00
  57       -47.281589878      2.58e-11      1.08e-05        0.01
  58       -47.281589878     -7.16e-12      1.01e-05        0.01
  59       -47.281589878     -3.92e-11      8.80e-06        0.00

 SCF converged in 59 iterations.

 Dipole moment (in Debye):               0.000000       0.000000      -0.000000

 Quadrupole moment (in Debye-Angstrom):
                  1            2            3
 1       -26.184412     0.000129    -0.000049
 2         0.000129   -26.184582    -0.000006
 3        -0.000049    -0.000006   -26.184887

 Spin-squared expectation <S^2>:         3.004
 Total spin quantum number S:            1.304
 TOTAL ENERGY:                         -47.281589878
 Saving results in set 'HF'

 --------------------------------------------------------------------------------
                                command: unsoldw12                               
 --------------------------------------------------------------------------------
 Number of AO basis functions:          84

 DF basis set:                           def2-qzvppd-ri
 Number of DF basis functions:         261


 --------------------------
  Virtual UW12 Correlation 
 --------------------------
 Unrestricted MP2 calculation:           
 Core spatial orbitals:                  0
 Correlated alpha orbitals:              7
 Correlated beta orbitals:               5
 Virtual alpha orbitals:                77
 Virtual beta orbitals:                 79

 Opposite spin energy:                  -0.057458984

 Reference energy:                     -47.281589878
 UW12 correlation energy:               -0.057458984
 Total UW12 energy:                    -47.339048862

 --------------------------------------------------------------------------------

 End time:                               Thu May 27 16:14:49 2021
 Total wall-clock time:                  1.217 seconds
==================================================================================
