
================================================================================
          _____________ ________ _______________ ________     _________         
         / ___________// ______ \\_____   _____// ______ \   / ________)        
        / /_________  / /      \ \     | |     / /      \ \ | (_______          
       |  __________|| |        | |    | |    | |        | | \________ \        
        \ \_________ | |        | |    | |     \ \______/ /___________) |       
         \__________||_|        |_|    |_|      \________//____________/        
                                                                                
====================================[ Qcore ]===================================

 Git hash:   6a88d58d269bf0d2ccfae91583c23a2b072b7633
 Git date:   Tue, 25 May 2021 10:36:49 +0100
 Compiler:   GNU 9.1.0
 Build type: Release
 Version:    1.3.0

 Start time: Thu May 27 16:14:55 2021

 Data directory: /newhome/zw18965/.local/qcore/share/entos/1.3.0/data
 Number of threads: 16
 Number of threads was determined by: number of physical cores

 --------------------------------------------------------------------------------
                                   command: hf                                   
 --------------------------------------------------------------------------------
 AO basis set:                           def2-qzvppd
 Number of AO basis functions:          88
 ECP on atom 1 (Pt):                     60 electrons

 Formula:                                Pt
 Nuclear charge:                        78.000000000
 Total charge:                           0.000000000
 Number of core electrons:              60
 Number of treated electrons:           18

 Number of alpha electrons:             10
 Number of beta electrons:               8
 Number of unpaired electrons:           2
 Spin:                                   2
 Multiplicity:                           triplet

 Theory:                                 hf
 Method for Coulomb:                     incore_df
 Method for exact exchange:              pre_transformed_df
 Integral threshold:                     1.00e-12
 DF basis set:                           def2-universal-jkfit
 Number of DF basis functions:         227
 Schwarz screening threshold:            1.00e-10
 Coulomb fitting method:                 Cholesky
 Method for AO orthogonalization:        symmetric
 Threshold for linear dependence:        1.00e-08

 -------------------------------------
  Running unrestricted open-shell SCF 
 -------------------------------------
 Max number of iterations:             128
 Conv. threshold (gradient):             1.00e-05
 Conv. threshold (energy):               1.00e-06
 Interpolation scheme:                   adiis+cdiis
 Initial guess:                          H0

 ---------------------------------------------------------------
                  energy        change          grad        time
 ---------------------------------------------------------------
   0      -106.723754727                    3.59e+00        0.11
   1      -102.052846069      4.67e+00      2.48e+00        0.01
   2      -113.997232323     -1.19e+01      2.46e+00        0.01
   3      -118.345286629     -4.35e+00      2.98e-01        0.01
   4      -118.389703702     -4.44e-02      1.03e-01        0.01
   5      -118.396545599     -6.84e-03      5.64e-02        0.01
   6      -118.399033466     -2.49e-03      3.41e-02        0.01
   7      -118.400072124     -1.04e-03      4.64e-03        0.01
   8      -118.400099649     -2.75e-05      3.22e-03        0.18
   9      -118.400126444     -2.68e-05      2.41e-03        0.01
  10      -118.400155180     -2.87e-05      7.43e-04        0.01
  11      -118.400156881     -1.70e-06      6.89e-04        0.01
  12      -118.400157675     -7.94e-07      6.96e-04        0.01
  13      -118.400158966     -1.29e-06      7.02e-04        0.01
  14      -118.400159659     -6.94e-07      7.02e-04        0.01
  15      -118.400210253     -5.06e-05      1.51e-03        0.01
  16      -118.400208784      1.47e-06      1.32e-03        0.01
  17      -118.400208013      7.71e-07      1.22e-03        0.01
  18      -118.400223723     -1.57e-05      1.89e-03        0.01
  19      -118.400223932     -2.09e-07      4.92e-04        0.01
  20      -118.400233200     -9.27e-06      5.57e-03        0.01
  21      -118.400234117     -9.17e-07      5.33e-03        0.01
  22      -118.400229732      4.38e-06      6.08e-03        0.01
  23      -118.400242153     -1.24e-05      3.39e-03        0.01
  24      -118.400247065     -4.91e-06      1.46e-03        0.01
  25      -118.400248155     -1.09e-06      1.74e-04        0.01
  26      -118.400248181     -2.61e-08      1.03e-04        0.01
  27      -118.400248185     -4.47e-09      3.51e-05        0.01
  28      -118.400248186     -7.10e-10      6.22e-06        0.01

 SCF converged in 28 iterations.

 Dipole moment (in Debye):              -0.000000       0.000000      -0.000000

 Quadrupole moment (in Debye-Angstrom):
                  1            2            3
 1       -24.174895     0.050201    -0.493105
 2         0.050201   -22.832678     0.018417
 3        -0.493105     0.018417   -23.011703

 Spin-squared expectation <S^2>:         2.004
 Total spin quantum number S:            1.001
 TOTAL ENERGY:                        -118.400248186
 Saving results in set 'HF'

 --------------------------------------------------------------------------------
                                command: unsoldw12                               
 --------------------------------------------------------------------------------
 Number of AO basis functions:          88

 DF basis set:                           def2-qzvppd-ri
 Number of DF basis functions:         252


 --------------------------
  Virtual UW12 Correlation 
 --------------------------
 Unrestricted MP2 calculation:           
 Core spatial orbitals:                  0
 Correlated alpha orbitals:             10
 Correlated beta orbitals:               8
 Virtual alpha orbitals:                78
 Virtual beta orbitals:                 80

 Opposite spin energy:                  -0.115399197

 Reference energy:                    -118.400248186
 UW12 correlation energy:               -0.115399197
 Total UW12 energy:                   -118.515647383

 --------------------------------------------------------------------------------

 End time:                               Thu May 27 16:14:56 2021
 Total wall-clock time:                  1.644 seconds
==================================================================================
