
================================================================================
          _____________ ________ _______________ ________     _________         
         / ___________// ______ \\_____   _____// ______ \   / ________)        
        / /_________  / /      \ \     | |     / /      \ \ | (_______          
       |  __________|| |        | |    | |    | |        | | \________ \        
        \ \_________ | |        | |    | |     \ \______/ /___________) |       
         \__________||_|        |_|    |_|      \________//____________/        
                                                                                
====================================[ Qcore ]===================================

 Git hash:   6a88d58d269bf0d2ccfae91583c23a2b072b7633
 Git date:   Tue, 25 May 2021 10:36:49 +0100
 Compiler:   GNU 9.1.0
 Build type: Release
 Version:    1.3.0

 Start time: Thu May 27 16:15:22 2021

 Data directory: /newhome/zw18965/.local/qcore/share/entos/1.3.0/data
 Number of threads: 16
 Number of threads was determined by: number of physical cores

 --------------------------------------------------------------------------------
                                   command: hf                                   
 --------------------------------------------------------------------------------
 AO basis set:                           def2-qzvppd
 Number of AO basis functions:          91
 ECP on atom 1 (Rn):                     60 electrons

 Formula:                                Rn
 Nuclear charge:                        86.000000000
 Total charge:                           0.000000000
 Number of core electrons:              60
 Number of treated electrons:           26

 Number of alpha electrons:             13
 Number of beta electrons:              13
 Number of unpaired electrons:           0
 Spin:                                   0
 Multiplicity:                           singlet

 Theory:                                 hf
 Method for Coulomb:                     incore_df
 Method for exact exchange:              pre_transformed_df
 Integral threshold:                     1.00e-12
 DF basis set:                           def2-universal-jkfit
 Number of DF basis functions:         251
 Schwarz screening threshold:            1.00e-10
 Coulomb fitting method:                 Cholesky
 Method for AO orthogonalization:        symmetric
 Threshold for linear dependence:        1.00e-08

 -------------------------------------
  Running restricted closed-shell SCF 
 -------------------------------------
 Max number of iterations:             128
 Conv. threshold (gradient):             1.00e-05
 Conv. threshold (energy):               1.00e-06
 Interpolation scheme:                   adiis+cdiis
 Initial guess:                          H0

 ---------------------------------------------------------------
                  energy        change          grad        time
 ---------------------------------------------------------------
   0      -238.788225006                    1.87e+01        0.00
   1      -203.268160634      3.55e+01      1.29e+01        0.00
   2      -258.904394693     -5.56e+01      1.38e+01        0.00
   3      -286.579535428     -2.77e+01      3.05e+00        0.00
   4      -287.382817640     -8.03e-01      1.30e+00        0.00
   5      -287.512549751     -1.30e-01      4.46e-01        0.00
   6      -287.537890534     -2.53e-02      2.15e-01        0.00
   7      -287.542404521     -4.51e-03      8.58e-02        0.00
   8      -287.543241910     -8.37e-04      3.84e-02        0.00
   9      -287.543428102     -1.86e-04      8.98e-05        0.00
  10      -287.543428104     -1.77e-09      2.19e-05        0.00
  11      -287.543428104     -1.05e-10      2.63e-06        0.01

 SCF converged in 11 iterations.

 Dipole moment (in Debye):              -0.000000       0.000000      -0.000000

 Quadrupole moment (in Debye-Angstrom):
                  1            2            3
 1       -31.367999    -0.000000    -0.000000
 2        -0.000000   -31.367999    -0.000000
 3        -0.000000    -0.000000   -31.367999

 Spin-squared expectation <S^2>:         0.000
 Total spin quantum number S:            0.000
 TOTAL ENERGY:                        -287.543428104
 Saving results in set 'HF'

 --------------------------------------------------------------------------------
                                command: unsoldw12                               
 --------------------------------------------------------------------------------
 Number of AO basis functions:          91

 DF basis set:                           def2-qzvppd-ri
 Number of DF basis functions:         281


 --------------------------
  Virtual UW12 Correlation 
 --------------------------
 Restricted Virtual UW12 calculation:    
 Core orbitals:                          4
 Correlated orbitals:                    9
 Virtual orbitals:                      78

 Opposite spin energy:                  -0.145910908

 Reference energy:                    -287.543428104
 UW12 correlation energy:               -0.145910908
 Total UW12 energy:                   -287.689339013

 --------------------------------------------------------------------------------

 End time:                               Thu May 27 16:15:27 2021
 Total wall-clock time:                  4.900 seconds
==================================================================================
