
================================================================================
          _____________ ________ _______________ ________     _________         
         / ___________// ______ \\_____   _____// ______ \   / ________)        
        / /_________  / /      \ \     | |     / /      \ \ | (_______          
       |  __________|| |        | |    | |    | |        | | \________ \        
        \ \_________ | |        | |    | |     \ \______/ /___________) |       
         \__________||_|        |_|    |_|      \________//____________/        
                                                                                
====================================[ Qcore ]===================================

 Git hash:   6a88d58d269bf0d2ccfae91583c23a2b072b7633
 Git date:   Tue, 25 May 2021 10:36:49 +0100
 Compiler:   GNU 9.1.0
 Build type: Release
 Version:    1.3.0

 Start time: Thu Jun 10 15:10:25 2021

 Data directory: /newhome/zw18965/.local/qcore/share/entos/1.3.0/data
 Number of threads: 16
 Number of threads was determined by: number of physical cores

 --------------------------------------------------------------------------------
                                   command: hf                                   
 --------------------------------------------------------------------------------
 AO basis set:                           def2-svp
 Number of AO basis functions:          32
 ECP on atom 1 (Hf):                     60 electrons

 Formula:                                Hf
 Nuclear charge:                        72.000000000
 Total charge:                           0.000000000
 Number of core electrons:              60
 Number of treated electrons:           12

 Number of alpha electrons:              7
 Number of beta electrons:               5
 Number of unpaired electrons:           2
 Spin:                                   2
 Multiplicity:                           triplet

 Theory:                                 hf
 Method for Coulomb:                     incore_df
 Method for exact exchange:              pre_transformed_df
 Integral threshold:                     1.00e-12
 DF basis set:                           def2-universal-jkfit
 Number of DF basis functions:         227
 Schwarz screening threshold:            1.00e-10
 Coulomb fitting method:                 Cholesky
 Method for AO orthogonalization:        symmetric
 Threshold for linear dependence:        1.00e-08

 -------------------------------------
  Running unrestricted open-shell SCF 
 -------------------------------------
 Max number of iterations:             128
 Conv. threshold (gradient):             1.00e-05
 Conv. threshold (energy):               1.00e-06
 Interpolation scheme:                   adiis+cdiis
 Initial guess:                          H0

 ---------------------------------------------------------------
                  energy        change          grad        time
 ---------------------------------------------------------------
   0       -45.684985492                    1.27e+00        0.00
   1       -46.460835065     -7.76e-01      4.58e-01        0.00
   2       -46.998365680     -5.38e-01      3.93e-01        0.00
   3       -47.239021393     -2.41e-01      2.08e-01        0.00
   4       -47.292373632     -5.34e-02      1.17e-01        0.00
   5       -47.317682755     -2.53e-02      9.56e-02        0.00
   6       -47.332715359     -1.50e-02      6.75e-02        0.00
   7       -47.347850380     -1.51e-02      2.27e-02        0.00
   8       -47.349351384     -1.50e-03      1.93e-02        0.00
   9       -47.350392888     -1.04e-03      1.65e-02        0.00
  10       -47.352769385     -2.38e-03      1.44e-02        0.00
  11       -47.354853982     -2.08e-03      1.26e-02        0.00
  12       -47.356362721     -1.51e-03      8.73e-03        0.00
  13       -47.356889085     -5.26e-04      6.72e-03        0.00
  14       -47.356953193     -6.41e-05      5.63e-03        0.00
  15       -47.357047175     -9.40e-05      5.82e-03        0.00
  16       -47.356791915      2.55e-04      4.94e-03        0.00
  17       -47.356455996      3.36e-04      3.37e-03        0.00
  18       -47.356358201      9.78e-05      2.30e-03        0.00
  19       -47.356351639      6.56e-06      1.38e-03        0.00
  20       -47.356357608     -5.97e-06      5.98e-04        0.00
  21       -47.356359193     -1.58e-06      3.95e-04        0.00
  22       -47.356359727     -5.34e-07      2.11e-04        0.00
  23       -47.356359864     -1.37e-07      1.68e-04        0.00
  24       -47.356359966     -1.02e-07      1.45e-04        0.00
  25       -47.356360052     -8.58e-08      1.10e-04        0.00
  26       -47.356360105     -5.34e-08      9.75e-05        0.00
  27       -47.356360105     -1.70e-10      9.75e-05        0.00
  28       -47.356360106     -6.91e-10      9.88e-05        0.00
  29       -47.356360108     -1.84e-09      9.78e-05        0.00
  30       -47.356360100      7.64e-09      9.86e-05        0.00
  31       -47.356360079      2.10e-08      9.76e-05        0.00
  32       -47.356360034      4.56e-08      8.58e-05        0.00
  33       -47.356359987      4.69e-08      5.65e-05        0.00
  34       -47.356359971      1.59e-08      3.36e-05        0.00
  35       -47.356359973     -2.39e-09      1.76e-05        0.00
  36       -47.356359976     -2.38e-09      6.30e-06        0.00

 SCF converged in 36 iterations.

 Dipole moment (in Debye):               0.000000      -0.000000      -0.000000

 Quadrupole moment (in Debye-Angstrom):
                  1            2            3
 1       -27.219582    -0.116235    -0.290028
 2        -0.116235   -27.247203    -0.326569
 3        -0.290028    -0.326569   -27.931091

 Spin-squared expectation <S^2>:         2.045
 Total spin quantum number S:            1.015
 TOTAL ENERGY:                         -47.356359976
 Saving results in set 'HF'

 --------------------------------------------------------------------------------
                                command: unsoldw12                               
 --------------------------------------------------------------------------------
 Number of AO basis functions:          32

 DF basis set:                           def2-qzvppd-ri
 Number of DF basis functions:         261

 Unrestricted UW12 calculation:          
 Core spatial orbitals:                  0
 Correlated alpha orbitals:              7
 Correlated beta orbitals:               5

 ------------------
  UW12 Correlation 
 ------------------
 Factor for UW12 correlation:            1.000000000
 Same spin scale factor:                 0.000000000
 Calculate indirect contribution:        false
 Method for three electron term:         df_ri
 Auxiliary RI basis set:                 def2-QZVPPD-ri
 Number of RI basis functions:         261
 Gaussians in geminal expansion:         4
 UW12 screening threshold:               1.00e-10
 Method for density-fitting:             w(r)


 Reference energy:                     -47.356359976
 UW12 correlation energy:               -0.063085420
 Total UW12 energy:                    -47.419445395

 --------------------------------------------------------------------------------

 End time:                               Thu Jun 10 15:10:26 2021
 Total wall-clock time:                  0.710 seconds
==================================================================================
