
================================================================================
          _____________ ________ _______________ ________     _________         
         / ___________// ______ \\_____   _____// ______ \   / ________)        
        / /_________  / /      \ \     | |     / /      \ \ | (_______          
       |  __________|| |        | |    | |    | |        | | \________ \        
        \ \_________ | |        | |    | |     \ \______/ /___________) |       
         \__________||_|        |_|    |_|      \________//____________/        
                                                                                
====================================[ Qcore ]===================================

 Git hash:   6a88d58d269bf0d2ccfae91583c23a2b072b7633
 Git date:   Tue, 25 May 2021 10:36:49 +0100
 Compiler:   GNU 9.1.0
 Build type: Release
 Version:    1.3.0

 Start time: Wed Jun 16 15:20:52 2021

 Data directory: /newhome/zw18965/.local/qcore/share/entos/1.3.0/data
 Number of threads: 16
 Number of threads was determined by: number of physical cores

 --------------------------------------------------------------------------------
                                   command: hf                                   
 --------------------------------------------------------------------------------
 AO basis set:                           aug-pc-1
 Number of AO basis functions:          23

 Formula:                                N
 Nuclear charge:                         7.000000000
 Total charge:                           0.000000000
 Number of electrons:                    7.000000000

 Number of alpha electrons:              5
 Number of beta electrons:               2
 Number of unpaired electrons:           3
 Spin:                                   3
 Multiplicity:                           quartet

 Theory:                                 hf
 Method for Coulomb:                     incore_df
 Method for exact exchange:              pre_transformed_df
 Integral threshold:                     1.00e-12
 DF basis set:                           def2-universal-jkfit
 Number of DF basis functions:          77
 Schwarz screening threshold:            1.00e-10
 Coulomb fitting method:                 Cholesky
 Method for AO orthogonalization:        symmetric
 Threshold for linear dependence:        1.00e-08

 -------------------------------------
  Running unrestricted open-shell SCF 
 -------------------------------------
 Max number of iterations:             128
 Conv. threshold (gradient):             1.00e-05
 Conv. threshold (energy):               1.00e-06
 Interpolation scheme:                   adiis+cdiis
 Initial guess:                          H0

 ---------------------------------------------------------------
                  energy        change          grad        time
 ---------------------------------------------------------------
   0       -52.633365466                    1.02e+00        0.00
   1       -54.298472678     -1.67e+00      2.61e-01        0.00
   2       -54.367015685     -6.85e-02      7.21e-02        0.00
   3       -54.370571703     -3.56e-03      1.38e-02        0.00
   4       -54.370762747     -1.91e-04      2.96e-03        0.00
   5       -54.370766308     -3.56e-06      2.94e-04        0.00
   6       -54.370766524     -2.15e-07      1.09e-04        0.00
   7       -54.370766530     -5.84e-09      8.41e-06        0.00

 SCF converged in 7 iterations.

 Dipole moment (in Debye):              -0.000000      -0.000000      -0.000000

 Quadrupole moment (in Debye-Angstrom):
                  1            2            3
 1        -5.534181    -0.000000     0.000000
 2        -0.000000    -5.534181     0.000000
 3         0.000000     0.000000    -5.534181

 Spin-squared expectation <S^2>:         3.757
 Total spin quantum number S:            1.502
 TOTAL ENERGY:                         -54.370766530
 Saving results in set 'HF'

 --------------------------------------------------------------------------------
                                command: unsoldw12                               
 --------------------------------------------------------------------------------
 Number of AO basis functions:          23

 DF basis set:                           def2-qzvppd-ri
 Number of DF basis functions:         157

 Unrestricted UW12 calculation:          
 Core spatial orbitals:                  1
 Correlated alpha orbitals:              4
 Correlated beta orbitals:               1

 ------------------
  UW12 Correlation 
 ------------------
 Factor for UW12 correlation:            1.000000000
 Same spin scale factor:                 0.000000000
 Calculate indirect contribution:        false
 Method for three electron term:         df_ri
 Auxiliary RI basis set:                 def2-QZVPPD-ri
 Number of RI basis functions:         157
 Gaussians in geminal expansion:         4
 UW12 screening threshold:               1.00e-10
 Method for density-fitting:             w(r)
 Number of core spatial orbitals:        1


 Reference energy:                     -54.370766530
 UW12 correlation energy:               -0.013468482
 Total UW12 energy:                    -54.384235012

 --------------------------------------------------------------------------------

 End time:                               Wed Jun 16 15:20:52 2021
 Total wall-clock time:                  0.202 seconds
==================================================================================
