
================================================================================
          _____________ ________ _______________ ________     _________         
         / ___________// ______ \\_____   _____// ______ \   / ________)        
        / /_________  / /      \ \     | |     / /      \ \ | (_______          
       |  __________|| |        | |    | |    | |        | | \________ \        
        \ \_________ | |        | |    | |     \ \______/ /___________) |       
         \__________||_|        |_|    |_|      \________//____________/        
                                                                                
====================================[ Qcore ]===================================

 Git hash:   6a88d58d269bf0d2ccfae91583c23a2b072b7633
 Git date:   Tue, 25 May 2021 10:36:49 +0100
 Compiler:   GNU 9.1.0
 Build type: Release
 Version:    1.3.0

 Start time: Tue Jun 15 14:03:38 2021

 Data directory: /newhome/zw18965/.local/qcore/share/entos/1.3.0/data
 Number of threads: 16
 Number of threads was determined by: number of physical cores

 --------------------------------------------------------------------------------
                                   command: dft                                  
 --------------------------------------------------------------------------------
 AO basis set:                           aug-cc-pvqz-combined-pp
 Number of AO basis functions:          84

 Formula:                                P
 Nuclear charge:                        15.000000000
 Total charge:                           0.000000000
 Number of electrons:                   15.000000000

 Number of alpha electrons:              9
 Number of beta electrons:               6
 Number of unpaired electrons:           3
 Spin:                                   3
 Multiplicity:                           quartet

 Theory:                                 hf
 Method for Coulomb:                     incore_df
 Method for exact exchange:              pre_transformed_df
 Integral threshold:                     1.00e-12
 DF basis set:                           def2-universal-jkfit
 Number of DF basis functions:         128
 Schwarz screening threshold:            1.00e-10
 Coulomb fitting method:                 Cholesky
 Method for AO orthogonalization:        symmetric
 Threshold for linear dependence:        1.00e-08

 -------------------------------------
  Running unrestricted open-shell SCF 
 -------------------------------------
 Max number of iterations:             128
 Conv. threshold (gradient):             1.00e-05
 Conv. threshold (energy):               1.00e-06
 Interpolation scheme:                   adiis+cdiis
 Initial guess:                          SAD

 ---------------------------------------------------------------
                  energy        change          grad        time
 ---------------------------------------------------------------
   0      -340.365896282                    3.89e-02        0.00
   1      -340.700225654     -3.34e-01      9.06e-02        0.01
   2      -340.717407352     -1.72e-02      2.94e-02        0.01
   3      -340.718534464     -1.13e-03      1.02e-02        0.01
   4      -340.718755389     -2.21e-04      3.61e-03        0.01
   5      -340.718772559     -1.72e-05      8.20e-04        0.01
   6      -340.718773251     -6.92e-07      7.29e-05        0.01
   7      -340.718773256     -4.80e-09      2.94e-06        0.01

 SCF converged in 7 iterations.

 Dipole moment (in Debye):              -0.000000       0.000000       0.000000

 Quadrupole moment (in Debye-Angstrom):
                  1            2            3
 1       -13.579354    -0.000000    -0.000000
 2        -0.000000   -13.579354     0.000000
 3        -0.000000     0.000000   -13.579354

 Spin-squared expectation <S^2>:         3.751
 Total spin quantum number S:            1.500
 TOTAL ENERGY:                        -340.718773256
 Saving results in set 'HF'

 --------------------------------------------------------------------------------
                                   command: dft                                  
 --------------------------------------------------------------------------------
 Projecting orbitals from old basis (84 functions) to new basis (84 functions)

 AO basis set:                           aug-cc-pvqz-combined-pp
 Number of AO basis functions:          84
 Radial threshold:                       1.00e-08

 Formula:                                P
 Nuclear charge:                        15.000000000
 Total charge:                           0.000000000
 Number of electrons:                   15.000000000

 Number of alpha electrons:              9
 Number of beta electrons:               6
 Number of unpaired electrons:           3
 Spin:                                   3
 Multiplicity:                           quartet

 Theory:                                 hf
 Method for Coulomb:                     incore_df
 Method for exact exchange:              pre_transformed_df
 Integral threshold:                     1.00e-12
 DF basis set:                           def2-qzvppd-ri
 Number of DF basis functions:         183
 Schwarz screening threshold:            1.00e-10
 Coulomb fitting method:                 Cholesky
 Time for pre-computing density fitting integrals:       0.114 seconds

 ------------------
  UW12 Correlation 
 ------------------
 Factor for UW12 correlation:            1.000000000
 Same spin scale factor:                 0.000000000
 Calculate indirect contribution:        false
 Method for three electron term:         quadrature
 Gaussians in geminal expansion:         4
 UW12 screening threshold:               1.00e-12
 Method for density-fitting:             w(r)
 Number of core spatial orbitals:        5

 Total number of grid points:         7350
 Total number of batches:              225
 Maximum # of points per batch:        473
 Minimum # of points per batch:          0
 Average # of points per batch:         32
 Maximum batch gyradius:                 2.272021171
 Minimum batch gyradius:                 0.000000000
 Average batch gyradius:                 1.074940559
 Time for building XC grid:                              0.013 seconds
 Method for AO orthogonalization:        symmetric
 Threshold for linear dependence:        1.00e-08

 -------------------------------------
  Running unrestricted open-shell SCF 
 -------------------------------------
 Max number of iterations:               0
 Conv. threshold (gradient):             1.00e-05
 Conv. threshold (energy):               1.00e-06
 Interpolation scheme:                   adiis+cdiis

 ---------------------------------------------------------------
                  energy        change          grad        time
 ---------------------------------------------------------------
 UW12 two electron energy:              -0.287228039
 UW12 three electron energy:             0.519381161
 UW12 four electron energy:             -0.247256789
 Total UW12 energy:                     -0.015103667
 Time for DF-K:                                          0.002 seconds
 Time for DF-J:                                          0.000 seconds
 Dipole moment (in Debye):              -0.000000       0.000000       0.000000

 Quadrupole moment (in Debye-Angstrom):
                  1            2            3
 1       -13.579354    -0.000000    -0.000000
 2        -0.000000   -13.579354     0.000000
 3        -0.000000     0.000000   -13.579354

 Spin-squared expectation <S^2>:         3.751
 Total spin quantum number S:            1.500
 TOTAL ENERGY:                        -340.734822267

 --------------------------------------------------------------------------------

 End time:                               Tue Jun 15 14:03:41 2021
 Total wall-clock time:                  2.958 seconds
==================================================================================
