
================================================================================
          _____________ ________ _______________ ________     _________         
         / ___________// ______ \\_____   _____// ______ \   / ________)        
        / /_________  / /      \ \     | |     / /      \ \ | (_______          
       |  __________|| |        | |    | |    | |        | | \________ \        
        \ \_________ | |        | |    | |     \ \______/ /___________) |       
         \__________||_|        |_|    |_|      \________//____________/        
                                                                                
====================================[ Qcore ]===================================

 Git hash:   6a88d58d269bf0d2ccfae91583c23a2b072b7633
 Git date:   Tue, 25 May 2021 10:36:49 +0100
 Compiler:   GNU 9.1.0
 Build type: Release
 Version:    1.3.0

 Start time: Tue Jun 15 14:10:57 2021

 Data directory: /newhome/zw18965/.local/qcore/share/entos/1.3.0/data
 Number of threads: 16
 Number of threads was determined by: number of physical cores

 --------------------------------------------------------------------------------
                                   command: dft                                  
 --------------------------------------------------------------------------------
 AO basis set:                           aug-cc-pvqz-combined-pp
 Number of AO basis functions:         140

 Formula:                                Co
 Nuclear charge:                        27.000000000
 Total charge:                           0.000000000
 Number of electrons:                   27.000000000

 Number of alpha electrons:             15
 Number of beta electrons:              12
 Number of unpaired electrons:           3
 Spin:                                   3
 Multiplicity:                           quartet

 Theory:                                 hf
 Method for Coulomb:                     incore_df
 Method for exact exchange:              pre_transformed_df
 Integral threshold:                     1.00e-12
 DF basis set:                           def2-universal-jkfit
 Number of DF basis functions:         264
 Schwarz screening threshold:            1.00e-10
 Coulomb fitting method:                 Cholesky
 Method for AO orthogonalization:        symmetric
 Threshold for linear dependence:        1.00e-08

 -------------------------------------
  Running unrestricted open-shell SCF 
 -------------------------------------
 Max number of iterations:             128
 Conv. threshold (gradient):             1.00e-05
 Conv. threshold (energy):               1.00e-06
 Interpolation scheme:                   adiis+cdiis
 Initial guess:                          SAD

 ---------------------------------------------------------------
                  energy        change          grad        time
 ---------------------------------------------------------------
   0     -1380.322129602                    5.06e-02        0.04
   1     -1381.253904851     -9.32e-01      7.34e-01        0.05
   2     -1381.227114375      2.68e-02      5.63e-01        0.03
   3     -1381.342079464     -1.15e-01      7.05e-02        0.04
   4     -1381.344442719     -2.36e-03      5.37e-02        0.03
   5     -1381.347019507     -2.58e-03      4.75e-02        0.06
   6     -1381.350069355     -3.05e-03      4.29e-02        0.04
   7     -1381.355841338     -5.77e-03      3.43e-02        0.05
   8     -1381.356100818     -2.59e-04      2.92e-02        0.05
   9     -1381.357589920     -1.49e-03      2.44e-02        0.04
  10     -1381.358116564     -5.27e-04      2.41e-02        0.03
  11     -1381.357021453      1.10e-03      2.24e-02        0.04
  12     -1381.353640780      3.38e-03      2.99e-02        0.04
  13     -1381.353620808      2.00e-05      2.60e-02        0.03
  14     -1381.353002363      6.18e-04      1.50e-02        0.03
  15     -1381.353035291     -3.29e-05      7.22e-03        0.04
  16     -1381.353050548     -1.53e-05      7.70e-03        0.03
  17     -1381.353062523     -1.20e-05      4.35e-03        0.04
  18     -1381.353059812      2.71e-06      2.36e-03        0.04
  19     -1381.353064241     -4.43e-06      1.90e-03        0.04
  20     -1381.353068992     -4.75e-06      2.04e-03        0.06
  21     -1381.353071739     -2.75e-06      8.88e-04        0.04
  22     -1381.353072388     -6.50e-07      8.72e-04        0.04
  23     -1381.353071377      1.01e-06      8.73e-04        0.05
  24     -1381.353068248      3.13e-06      6.48e-04        0.05
  25     -1381.353067511      7.38e-07      3.01e-04        0.04
  26     -1381.353067556     -4.52e-08      1.75e-04        0.05
  27     -1381.353067580     -2.43e-08      4.41e-05        0.04
  28     -1381.353067582     -1.85e-09      1.45e-05        0.04
  29     -1381.353067582     -2.30e-10      1.02e-05        0.06
  30     -1381.353067582     -4.96e-11      6.69e-06        0.05

 SCF converged in 30 iterations.

 Dipole moment (in Debye):               0.000000      -0.000000      -0.000000

 Quadrupole moment (in Debye-Angstrom):
                  1            2            3
 1       -15.381387     0.210149    -0.161343
 2         0.210149   -15.338618    -0.178601
 3        -0.161343    -0.178601   -15.434114

 Spin-squared expectation <S^2>:         3.753
 Total spin quantum number S:            1.501
 TOTAL ENERGY:                       -1381.353067583
 Saving results in set 'HF'

 --------------------------------------------------------------------------------
                                   command: dft                                  
 --------------------------------------------------------------------------------
 Projecting orbitals from old basis (140 functions) to new basis (140 functions)

 AO basis set:                           aug-cc-pvqz-combined-pp
 Number of AO basis functions:         140
 Radial threshold:                       1.00e-08

 Formula:                                Co
 Nuclear charge:                        27.000000000
 Total charge:                           0.000000000
 Number of electrons:                   27.000000000

 Number of alpha electrons:             15
 Number of beta electrons:              12
 Number of unpaired electrons:           3
 Spin:                                   3
 Multiplicity:                           quartet

 Theory:                                 hf
 Method for Coulomb:                     incore_df
 Method for exact exchange:              pre_transformed_df
 Integral threshold:                     1.00e-12
 DF basis set:                           def2-qzvppd-ri
 Number of DF basis functions:         309
 Schwarz screening threshold:            1.00e-10
 Coulomb fitting method:                 Cholesky
 Time for pre-computing density fitting integrals:       6.679 seconds

 ------------------
  UW12 Correlation 
 ------------------
 Factor for UW12 correlation:            1.000000000
 Same spin scale factor:                 0.000000000
 Calculate indirect contribution:        false
 Method for three electron term:         quadrature
 Gaussians in geminal expansion:         4
 UW12 screening threshold:               1.00e-12
 Method for density-fitting:             w(r)
 Number of core spatial orbitals:        5

 Total number of grid points:         7936
 Total number of batches:              327
 Maximum # of points per batch:        444
 Minimum # of points per batch:          0
 Average # of points per batch:         24
 Maximum batch gyradius:                 2.295384621
 Minimum batch gyradius:                 0.000000000
 Average batch gyradius:                 1.196901538
 Time for building XC grid:                              0.015 seconds
 Method for AO orthogonalization:        symmetric
 Threshold for linear dependence:        1.00e-08

 -------------------------------------
  Running unrestricted open-shell SCF 
 -------------------------------------
 Max number of iterations:               0
 Conv. threshold (gradient):             1.00e-05
 Conv. threshold (energy):               1.00e-06
 Interpolation scheme:                   adiis+cdiis

 ---------------------------------------------------------------
                  energy        change          grad        time
 ---------------------------------------------------------------
 UW12 two electron energy:             -13.400437453
 UW12 three electron energy:            26.039928325
 UW12 four electron energy:            -12.716822434
 Total UW12 energy:                     -0.077331562
 Time for DF-K:                                          0.036 seconds
 Time for DF-J:                                          0.001 seconds
 Dipole moment (in Debye):               0.000000      -0.000000      -0.000000

 Quadrupole moment (in Debye-Angstrom):
                  1            2            3
 1       -15.381387     0.210149    -0.161343
 2         0.210149   -15.338618    -0.178601
 3        -0.161343    -0.178601   -15.434114

 Spin-squared expectation <S^2>:         3.753
 Total spin quantum number S:            1.501
 TOTAL ENERGY:                       -1381.422084797

 --------------------------------------------------------------------------------

 End time:                               Tue Jun 15 14:12:15 2021
 Total wall-clock time:                 77.917 seconds
==================================================================================
