
================================================================================
          _____________ ________ _______________ ________     _________         
         / ___________// ______ \\_____   _____// ______ \   / ________)        
        / /_________  / /      \ \     | |     / /      \ \ | (_______          
       |  __________|| |        | |    | |    | |        | | \________ \        
        \ \_________ | |        | |    | |     \ \______/ /___________) |       
         \__________||_|        |_|    |_|      \________//____________/        
                                                                                
====================================[ Qcore ]===================================

 Git hash:   6a88d58d269bf0d2ccfae91583c23a2b072b7633
 Git date:   Tue, 25 May 2021 10:36:49 +0100
 Compiler:   GNU 9.1.0
 Build type: Release
 Version:    1.3.0

 Start time: Tue Jun 15 14:17:40 2021

 Data directory: /newhome/zw18965/.local/qcore/share/entos/1.3.0/data
 Number of threads: 16
 Number of threads was determined by: number of physical cores

 --------------------------------------------------------------------------------
                                   command: dft                                  
 --------------------------------------------------------------------------------
 AO basis set:                           aug-cc-pvqz-combined-pp
 Number of AO basis functions:         135
 ECP on atom 1 (Y):                      28 electrons

 Formula:                                Y
 Nuclear charge:                        39.000000000
 Total charge:                           0.000000000
 Number of core electrons:              28
 Number of treated electrons:           11

 Number of alpha electrons:              6
 Number of beta electrons:               5
 Number of unpaired electrons:           1
 Spin:                                   1
 Multiplicity:                           doublet

 Theory:                                 hf
 Method for Coulomb:                     incore_df
 Method for exact exchange:              pre_transformed_df
 Integral threshold:                     1.00e-12
 DF basis set:                           def2-universal-jkfit
 Number of DF basis functions:         255
 Schwarz screening threshold:            1.00e-10
 Coulomb fitting method:                 Cholesky
 Method for AO orthogonalization:        symmetric
 Threshold for linear dependence:        1.00e-08

 -------------------------------------
  Running unrestricted open-shell SCF 
 -------------------------------------
 Max number of iterations:             128
 Conv. threshold (gradient):             1.00e-05
 Conv. threshold (energy):               1.00e-06
 Interpolation scheme:                   adiis+cdiis
 Initial guess:                          SAD

 ---------------------------------------------------------------
                  energy        change          grad        time
 ---------------------------------------------------------------
   0       -37.581167003                    6.60e-04        0.03
   1       -37.637991689     -5.68e-02      8.11e-02        0.04
   2       -37.659609940     -2.16e-02      3.67e-02        0.03
   3       -37.665144570     -5.53e-03      2.38e-02        0.03
   4       -37.669756300     -4.61e-03      2.48e-02        0.04
   5       -37.672669170     -2.91e-03      2.34e-02        0.03
   6       -37.677970191     -5.30e-03      1.07e-02        0.04
   7       -37.677572082      3.98e-04      1.19e-02        0.04
   8       -37.678383007     -8.11e-04      2.61e-03        0.03
   9       -37.678389416     -6.41e-06      1.62e-03        0.03
  10       -37.678395649     -6.23e-06      5.07e-04        0.04
  11       -37.678396844     -1.19e-06      2.92e-04        0.03
  12       -37.678397083     -2.39e-07      8.41e-05        0.03
  13       -37.678397097     -1.40e-08      1.51e-05        0.04
  14       -37.678397098     -5.71e-10      4.96e-06        0.03

 SCF converged in 14 iterations.

 Dipole moment (in Debye):               0.000002      -0.000001       0.000002

 Quadrupole moment (in Debye-Angstrom):
                  1            2            3
 1       -28.675032    -0.000000    -0.000000
 2        -0.000000   -46.120351     0.000000
 3        -0.000000     0.000000   -28.675032

 Spin-squared expectation <S^2>:         1.281
 Total spin quantum number S:            0.737
 TOTAL ENERGY:                         -37.678397098
 Saving results in set 'HF'

 --------------------------------------------------------------------------------
                                   command: dft                                  
 --------------------------------------------------------------------------------
 Projecting orbitals from old basis (135 functions) to new basis (135 functions)

 AO basis set:                           aug-cc-pvqz-combined-pp
 Number of AO basis functions:         135
 Radial threshold:                       1.00e-08
 ECP on atom 1 (Y):                      28 electrons

 Formula:                                Y
 Nuclear charge:                        39.000000000
 Total charge:                           0.000000000
 Number of core electrons:              28
 Number of treated electrons:           11

 Number of alpha electrons:              6
 Number of beta electrons:               5
 Number of unpaired electrons:           1
 Spin:                                   1
 Multiplicity:                           doublet

 Theory:                                 hf
 Method for Coulomb:                     incore_df
 Method for exact exchange:              pre_transformed_df
 Integral threshold:                     1.00e-12
 DF basis set:                           def2-qzvppd-ri
 Number of DF basis functions:         252
 Schwarz screening threshold:            1.00e-10
 Coulomb fitting method:                 Cholesky
 Time for pre-computing density fitting integrals:       2.537 seconds

 ------------------
  UW12 Correlation 
 ------------------
 Factor for UW12 correlation:            1.000000000
 Same spin scale factor:                 0.000000000
 Calculate indirect contribution:        false
 Method for three electron term:         quadrature
 Gaussians in geminal expansion:         4
 UW12 screening threshold:               1.00e-12
 Method for density-fitting:             w(r)

 Total number of grid points:         8126
 Total number of batches:              176
 Maximum # of points per batch:        483
 Minimum # of points per batch:          0
 Average # of points per batch:         46
 Maximum batch gyradius:                 2.195410709
 Minimum batch gyradius:                 0.000000000
 Average batch gyradius:                 1.104040801
 Time for building XC grid:                              0.015 seconds
 Method for AO orthogonalization:        symmetric
 Threshold for linear dependence:        1.00e-08

 -------------------------------------
  Running unrestricted open-shell SCF 
 -------------------------------------
 Max number of iterations:               0
 Conv. threshold (gradient):             1.00e-05
 Conv. threshold (energy):               1.00e-06
 Interpolation scheme:                   adiis+cdiis

 ---------------------------------------------------------------
                  energy        change          grad        time
 ---------------------------------------------------------------
 UW12 two electron energy:              -2.465307615
 UW12 three electron energy:             4.673395842
 UW12 four electron energy:             -2.257678299
 Total UW12 energy:                     -0.049590072
 Time for DF-K:                                          0.013 seconds
 Time for DF-J:                                          0.001 seconds
 Dipole moment (in Debye):               0.000002      -0.000001       0.000002

 Quadrupole moment (in Debye-Angstrom):
                  1            2            3
 1       -28.675032    -0.000000    -0.000000
 2        -0.000000   -46.120351     0.000000
 3        -0.000000     0.000000   -28.675032

 Spin-squared expectation <S^2>:         1.281
 Total spin quantum number S:            0.737
 TOTAL ENERGY:                         -37.728036382

 --------------------------------------------------------------------------------

 End time:                               Tue Jun 15 14:18:06 2021
 Total wall-clock time:                 25.922 seconds
==================================================================================
