
================================================================================
          _____________ ________ _______________ ________     _________         
         / ___________// ______ \\_____   _____// ______ \   / ________)        
        / /_________  / /      \ \     | |     / /      \ \ | (_______          
       |  __________|| |        | |    | |    | |        | | \________ \        
        \ \_________ | |        | |    | |     \ \______/ /___________) |       
         \__________||_|        |_|    |_|      \________//____________/        
                                                                                
====================================[ Qcore ]===================================

 Git hash:   6a88d58d269bf0d2ccfae91583c23a2b072b7633
 Git date:   Tue, 25 May 2021 10:36:49 +0100
 Compiler:   GNU 9.1.0
 Build type: Release
 Version:    1.3.0

 Start time: Tue Jun 15 14:19:24 2021

 Data directory: /newhome/zw18965/.local/qcore/share/entos/1.3.0/data
 Number of threads: 16
 Number of threads was determined by: number of physical cores

 --------------------------------------------------------------------------------
                                   command: dft                                  
 --------------------------------------------------------------------------------
 AO basis set:                           aug-cc-pvqz-combined-pp
 Number of AO basis functions:         135
 ECP on atom 1 (Tc):                     28 electrons

 Formula:                                Tc
 Nuclear charge:                        43.000000000
 Total charge:                           0.000000000
 Number of core electrons:              28
 Number of treated electrons:           15

 Number of alpha electrons:             10
 Number of beta electrons:               5
 Number of unpaired electrons:           5
 Spin:                                   5
 Multiplicity:                           septet

 Theory:                                 hf
 Method for Coulomb:                     incore_df
 Method for exact exchange:              pre_transformed_df
 Integral threshold:                     1.00e-12
 DF basis set:                           def2-universal-jkfit
 Number of DF basis functions:         255
 Schwarz screening threshold:            1.00e-10
 Coulomb fitting method:                 Cholesky
 Method for AO orthogonalization:        symmetric
 Threshold for linear dependence:        1.00e-08

 -------------------------------------
  Running unrestricted open-shell SCF 
 -------------------------------------
 Max number of iterations:             128
 Conv. threshold (gradient):             1.00e-05
 Conv. threshold (energy):               1.00e-06
 Interpolation scheme:                   adiis+cdiis
 Initial guess:                          SAD

 ---------------------------------------------------------------
                  energy        change          grad        time
 ---------------------------------------------------------------
   0       -78.974132386                    6.67e-02        0.02
   1       -79.789981312     -8.16e-01      2.00e-01        0.05
   2       -79.840922428     -5.09e-02      9.85e-02        0.04
   3       -79.848127144     -7.20e-03      2.92e-02        0.04
   4       -79.849416303     -1.29e-03      8.41e-03        0.04
   5       -79.849515741     -9.94e-05      2.59e-03        0.03
   6       -79.849529488     -1.37e-05      6.18e-04        0.04
   7       -79.849530036     -5.48e-07      2.03e-05        0.07
   8       -79.849530038     -1.53e-09      5.12e-06        0.04

 SCF converged in 8 iterations.

 Dipole moment (in Debye):               0.000000       0.000000       0.000000

 Quadrupole moment (in Debye-Angstrom):
                  1            2            3
 1       -26.257217    -0.000000    -0.000000
 2        -0.000000   -26.257217    -0.000000
 3        -0.000000    -0.000000   -26.257217

 Spin-squared expectation <S^2>:         8.791
 Total spin quantum number S:            2.507
 TOTAL ENERGY:                         -79.849530038
 Saving results in set 'HF'

 --------------------------------------------------------------------------------
                                   command: dft                                  
 --------------------------------------------------------------------------------
 Projecting orbitals from old basis (135 functions) to new basis (135 functions)

 AO basis set:                           aug-cc-pvqz-combined-pp
 Number of AO basis functions:         135
 Radial threshold:                       1.00e-08
 ECP on atom 1 (Tc):                     28 electrons

 Formula:                                Tc
 Nuclear charge:                        43.000000000
 Total charge:                           0.000000000
 Number of core electrons:              28
 Number of treated electrons:           15

 Number of alpha electrons:             10
 Number of beta electrons:               5
 Number of unpaired electrons:           5
 Spin:                                   5
 Multiplicity:                           septet

 Theory:                                 hf
 Method for Coulomb:                     incore_df
 Method for exact exchange:              pre_transformed_df
 Integral threshold:                     1.00e-12
 DF basis set:                           def2-qzvppd-ri
 Number of DF basis functions:         252
 Schwarz screening threshold:            1.00e-10
 Coulomb fitting method:                 Cholesky
 Time for pre-computing density fitting integrals:       2.338 seconds

 ------------------
  UW12 Correlation 
 ------------------
 Factor for UW12 correlation:            1.000000000
 Same spin scale factor:                 0.000000000
 Calculate indirect contribution:        false
 Method for three electron term:         quadrature
 Gaussians in geminal expansion:         4
 UW12 screening threshold:               1.00e-12
 Method for density-fitting:             w(r)

 Total number of grid points:         8354
 Total number of batches:              183
 Maximum # of points per batch:        441
 Minimum # of points per batch:          0
 Average # of points per batch:         45
 Maximum batch gyradius:                 2.249388731
 Minimum batch gyradius:                 0.000000000
 Average batch gyradius:                 1.084008877
 Time for building XC grid:                              0.015 seconds
 Method for AO orthogonalization:        symmetric
 Threshold for linear dependence:        1.00e-08

 -------------------------------------
  Running unrestricted open-shell SCF 
 -------------------------------------
 Max number of iterations:               0
 Conv. threshold (gradient):             1.00e-05
 Conv. threshold (energy):               1.00e-06
 Interpolation scheme:                   adiis+cdiis

 ---------------------------------------------------------------
                  energy        change          grad        time
 ---------------------------------------------------------------
 UW12 two electron energy:              -5.595347019
 UW12 three electron energy:            10.727006019
 UW12 four electron energy:             -5.204672888
 Total UW12 energy:                     -0.073013888
 Time for DF-K:                                          0.015 seconds
 Time for DF-J:                                          0.002 seconds
 Dipole moment (in Debye):               0.000000       0.000000       0.000000

 Quadrupole moment (in Debye-Angstrom):
                  1            2            3
 1       -26.257217    -0.000000    -0.000000
 2        -0.000000   -26.257217    -0.000000
 3        -0.000000    -0.000000   -26.257217

 Spin-squared expectation <S^2>:         8.791
 Total spin quantum number S:            2.507
 TOTAL ENERGY:                         -79.922575602

 --------------------------------------------------------------------------------

 End time:                               Tue Jun 15 14:19:50 2021
 Total wall-clock time:                 25.692 seconds
==================================================================================
