
================================================================================
          _____________ ________ _______________ ________     _________         
         / ___________// ______ \\_____   _____// ______ \   / ________)        
        / /_________  / /      \ \     | |     / /      \ \ | (_______          
       |  __________|| |        | |    | |    | |        | | \________ \        
        \ \_________ | |        | |    | |     \ \______/ /___________) |       
         \__________||_|        |_|    |_|      \________//____________/        
                                                                                
====================================[ Qcore ]===================================

 Git hash:   6a88d58d269bf0d2ccfae91583c23a2b072b7633
 Git date:   Tue, 25 May 2021 10:36:49 +0100
 Compiler:   GNU 9.1.0
 Build type: Release
 Version:    1.3.0

 Start time: Tue Jun 15 14:20:19 2021

 Data directory: /newhome/zw18965/.local/qcore/share/entos/1.3.0/data
 Number of threads: 16
 Number of threads was determined by: number of physical cores

 --------------------------------------------------------------------------------
                                   command: dft                                  
 --------------------------------------------------------------------------------
 AO basis set:                           aug-cc-pvqz-combined-pp
 Number of AO basis functions:         135
 ECP on atom 1 (Rh):                     28 electrons

 Formula:                                Rh
 Nuclear charge:                        45.000000000
 Total charge:                           0.000000000
 Number of core electrons:              28
 Number of treated electrons:           17

 Number of alpha electrons:             10
 Number of beta electrons:               7
 Number of unpaired electrons:           3
 Spin:                                   3
 Multiplicity:                           quartet

 Theory:                                 hf
 Method for Coulomb:                     incore_df
 Method for exact exchange:              pre_transformed_df
 Integral threshold:                     1.00e-12
 DF basis set:                           def2-universal-jkfit
 Number of DF basis functions:         255
 Schwarz screening threshold:            1.00e-10
 Coulomb fitting method:                 Cholesky
 Method for AO orthogonalization:        symmetric
 Threshold for linear dependence:        1.00e-08

 -------------------------------------
  Running unrestricted open-shell SCF 
 -------------------------------------
 Max number of iterations:             128
 Conv. threshold (gradient):             1.00e-05
 Conv. threshold (energy):               1.00e-06
 Interpolation scheme:                   adiis+cdiis
 Initial guess:                          SAD

 ---------------------------------------------------------------
                  energy        change          grad        time
 ---------------------------------------------------------------
   0      -108.788494385                    3.66e-02        0.03
   1      -109.362364561     -5.74e-01      2.86e-01        0.06
   2      -109.378909775     -1.65e-02      9.81e-02        0.04
   3      -109.381615509     -2.71e-03      5.61e-02        0.03
   4      -109.383214447     -1.60e-03      2.70e-02        0.03
   5      -109.384624655     -1.41e-03      2.44e-02        0.03
   6      -109.387905683     -3.28e-03      2.00e-02        0.03
   7      -109.389704295     -1.80e-03      1.61e-02        0.04
   8      -109.390939044     -1.23e-03      1.23e-02        0.03
   9      -109.390964474     -2.54e-05      5.63e-03        0.02
  10      -109.391067791     -1.03e-04      3.58e-03        0.03
  11      -109.391073090     -5.30e-06      9.05e-04        0.03
  12      -109.391073679     -5.89e-07      6.96e-04        0.03
  13      -109.391073902     -2.23e-07      2.25e-04        0.04
  14      -109.391073929     -2.73e-08      3.27e-05        0.03
  15      -109.391073930     -1.15e-09      1.30e-05        0.03
  16      -109.391073930     -5.77e-11      2.73e-06        0.03

 SCF converged in 16 iterations.

 Dipole moment (in Debye):              -0.000000       0.000000       0.000000

 Quadrupole moment (in Debye-Angstrom):
                  1            2            3
 1       -21.771858    -0.000000    -0.000000
 2        -0.000000   -21.771857    -0.000000
 3        -0.000000    -0.000000   -21.771856

 Spin-squared expectation <S^2>:         3.754
 Total spin quantum number S:            1.501
 TOTAL ENERGY:                        -109.391073930
 Saving results in set 'HF'

 --------------------------------------------------------------------------------
                                   command: dft                                  
 --------------------------------------------------------------------------------
 Projecting orbitals from old basis (135 functions) to new basis (135 functions)

 AO basis set:                           aug-cc-pvqz-combined-pp
 Number of AO basis functions:         135
 Radial threshold:                       1.00e-08
 ECP on atom 1 (Rh):                     28 electrons

 Formula:                                Rh
 Nuclear charge:                        45.000000000
 Total charge:                           0.000000000
 Number of core electrons:              28
 Number of treated electrons:           17

 Number of alpha electrons:             10
 Number of beta electrons:               7
 Number of unpaired electrons:           3
 Spin:                                   3
 Multiplicity:                           quartet

 Theory:                                 hf
 Method for Coulomb:                     incore_df
 Method for exact exchange:              pre_transformed_df
 Integral threshold:                     1.00e-12
 DF basis set:                           def2-qzvppd-ri
 Number of DF basis functions:         252
 Schwarz screening threshold:            1.00e-10
 Coulomb fitting method:                 Cholesky
 Time for pre-computing density fitting integrals:       2.467 seconds

 ------------------
  UW12 Correlation 
 ------------------
 Factor for UW12 correlation:            1.000000000
 Same spin scale factor:                 0.000000000
 Calculate indirect contribution:        false
 Method for three electron term:         quadrature
 Gaussians in geminal expansion:         4
 UW12 screening threshold:               1.00e-12
 Method for density-fitting:             w(r)

 Total number of grid points:         8414
 Total number of batches:              183
 Maximum # of points per batch:        447
 Minimum # of points per batch:          0
 Average # of points per batch:         45
 Maximum batch gyradius:                 2.258501775
 Minimum batch gyradius:                 0.000000000
 Average batch gyradius:                 1.082967832
 Time for building XC grid:                              0.016 seconds
 Method for AO orthogonalization:        symmetric
 Threshold for linear dependence:        1.00e-08

 -------------------------------------
  Running unrestricted open-shell SCF 
 -------------------------------------
 Max number of iterations:               0
 Conv. threshold (gradient):             1.00e-05
 Conv. threshold (energy):               1.00e-06
 Interpolation scheme:                   adiis+cdiis

 ---------------------------------------------------------------
                  energy        change          grad        time
 ---------------------------------------------------------------
 UW12 two electron energy:              -9.120511071
 UW12 three electron energy:            17.550468802
 UW12 four electron energy:             -8.523520297
 Total UW12 energy:                     -0.093562566
 Time for DF-K:                                          0.015 seconds
 Time for DF-J:                                          0.001 seconds
 Dipole moment (in Debye):              -0.000000       0.000000       0.000000

 Quadrupole moment (in Debye-Angstrom):
                  1            2            3
 1       -21.771858    -0.000000    -0.000000
 2        -0.000000   -21.771857    -0.000000
 3        -0.000000    -0.000000   -21.771856

 Spin-squared expectation <S^2>:         3.754
 Total spin quantum number S:            1.501
 TOTAL ENERGY:                        -109.484623726

 --------------------------------------------------------------------------------

 End time:                               Tue Jun 15 14:20:44 2021
 Total wall-clock time:                 25.789 seconds
==================================================================================
