
================================================================================
          _____________ ________ _______________ ________     _________         
         / ___________// ______ \\_____   _____// ______ \   / ________)        
        / /_________  / /      \ \     | |     / /      \ \ | (_______          
       |  __________|| |        | |    | |    | |        | | \________ \        
        \ \_________ | |        | |    | |     \ \______/ /___________) |       
         \__________||_|        |_|    |_|      \________//____________/        
                                                                                
====================================[ Qcore ]===================================

 Git hash:   6a88d58d269bf0d2ccfae91583c23a2b072b7633
 Git date:   Tue, 25 May 2021 10:36:49 +0100
 Compiler:   GNU 9.1.0
 Build type: Release
 Version:    1.3.0

 Start time: Tue Jun 15 14:25:38 2021

 Data directory: /newhome/zw18965/.local/qcore/share/entos/1.3.0/data
 Number of threads: 16
 Number of threads was determined by: number of physical cores

 --------------------------------------------------------------------------------
                                   command: dft                                  
 --------------------------------------------------------------------------------
 AO basis set:                           aug-cc-pvqz-combined-pp
 Number of AO basis functions:         135
 ECP on atom 1 (W):                      60 electrons

 Formula:                                W
 Nuclear charge:                        74.000000000
 Total charge:                           0.000000000
 Number of core electrons:              60
 Number of treated electrons:           14

 Number of alpha electrons:              9
 Number of beta electrons:               5
 Number of unpaired electrons:           4
 Spin:                                   4
 Multiplicity:                           quintet

 Theory:                                 hf
 Method for Coulomb:                     incore_df
 Method for exact exchange:              pre_transformed_df
 Integral threshold:                     1.00e-12
 DF basis set:                           def2-universal-jkfit
 Number of DF basis functions:         227
 Schwarz screening threshold:            1.00e-10
 Coulomb fitting method:                 Cholesky
 Method for AO orthogonalization:        symmetric
 Threshold for linear dependence:        1.00e-08

 -------------------------------------
  Running unrestricted open-shell SCF 
 -------------------------------------
 Max number of iterations:             128
 Conv. threshold (gradient):             1.00e-05
 Conv. threshold (energy):               1.00e-06
 Interpolation scheme:                   adiis+cdiis
 Initial guess:                          SAD

 ---------------------------------------------------------------
                  energy        change          grad        time
 ---------------------------------------------------------------
   0       -65.910537523                    6.13e-02        0.02
   1       -66.494680064     -5.84e-01      3.30e-01        0.03
   2       -66.661181767     -1.67e-01      1.92e-01        0.03
   3       -66.678939678     -1.78e-02      4.33e-02        0.03
   4       -66.680934741     -2.00e-03      2.14e-02        0.03
   5       -66.681294612     -3.60e-04      5.24e-03        0.03
   6       -66.681346932     -5.23e-05      2.25e-03        0.03
   7       -66.681353882     -6.95e-06      9.19e-04        0.03
   8       -66.681355495     -1.61e-06      1.56e-04        0.03
   9       -66.681355573     -7.75e-08      3.22e-05        0.03
  10       -66.681355574     -1.03e-09      3.95e-06        0.03

 SCF converged in 10 iterations.

 Dipole moment (in Debye):              -0.000000       0.000000       0.000000

 Quadrupole moment (in Debye-Angstrom):
                  1            2            3
 1       -26.735891     0.000000     0.000000
 2         0.000000   -26.735891     0.000000
 3         0.000000     0.000000   -26.973672

 Spin-squared expectation <S^2>:         6.038
 Total spin quantum number S:            2.008
 TOTAL ENERGY:                         -66.681355574
 Saving results in set 'HF'

 --------------------------------------------------------------------------------
                                   command: dft                                  
 --------------------------------------------------------------------------------
 Projecting orbitals from old basis (135 functions) to new basis (135 functions)

 AO basis set:                           aug-cc-pvqz-combined-pp
 Number of AO basis functions:         135
 Radial threshold:                       1.00e-08
 ECP on atom 1 (W):                      60 electrons

 Formula:                                W
 Nuclear charge:                        74.000000000
 Total charge:                           0.000000000
 Number of core electrons:              60
 Number of treated electrons:           14

 Number of alpha electrons:              9
 Number of beta electrons:               5
 Number of unpaired electrons:           4
 Spin:                                   4
 Multiplicity:                           quintet

 Theory:                                 hf
 Method for Coulomb:                     incore_df
 Method for exact exchange:              pre_transformed_df
 Integral threshold:                     1.00e-12
 DF basis set:                           def2-qzvppd-ri
 Number of DF basis functions:         261
 Schwarz screening threshold:            1.00e-10
 Coulomb fitting method:                 Cholesky
 Time for pre-computing density fitting integrals:       2.842 seconds

 ------------------
  UW12 Correlation 
 ------------------
 Factor for UW12 correlation:            1.000000000
 Same spin scale factor:                 0.000000000
 Calculate indirect contribution:        false
 Method for three electron term:         quadrature
 Gaussians in geminal expansion:         4
 UW12 screening threshold:               1.00e-12
 Method for density-fitting:             w(r)

 Total number of grid points:         8976
 Total number of batches:              183
 Maximum # of points per batch:        470
 Minimum # of points per batch:          0
 Average # of points per batch:         49
 Maximum batch gyradius:                 2.295229789
 Minimum batch gyradius:                 0.000000000
 Average batch gyradius:                 1.099559615
 Time for building XC grid:                              0.017 seconds
 Method for AO orthogonalization:        symmetric
 Threshold for linear dependence:        1.00e-08

 -------------------------------------
  Running unrestricted open-shell SCF 
 -------------------------------------
 Max number of iterations:               0
 Conv. threshold (gradient):             1.00e-05
 Conv. threshold (energy):               1.00e-06
 Interpolation scheme:                   adiis+cdiis

 ---------------------------------------------------------------
                  energy        change          grad        time
 ---------------------------------------------------------------
 UW12 two electron energy:              -4.564415619
 UW12 three electron energy:             8.697571087
 UW12 four electron energy:             -4.208704302
 Total UW12 energy:                     -0.075548834
 Time for DF-K:                                          0.023 seconds
 Time for DF-J:                                          0.006 seconds
 Dipole moment (in Debye):              -0.000000       0.000000       0.000000

 Quadrupole moment (in Debye-Angstrom):
                  1            2            3
 1       -26.735891     0.000000     0.000000
 2         0.000000   -26.735891     0.000000
 3         0.000000     0.000000   -26.973672

 Spin-squared expectation <S^2>:         6.038
 Total spin quantum number S:            2.008
 TOTAL ENERGY:                         -66.757022474

 --------------------------------------------------------------------------------

 End time:                               Tue Jun 15 14:26:07 2021
 Total wall-clock time:                 29.324 seconds
==================================================================================
