
================================================================================
          _____________ ________ _______________ ________     _________         
         / ___________// ______ \\_____   _____// ______ \   / ________)        
        / /_________  / /      \ \     | |     / /      \ \ | (_______          
       |  __________|| |        | |    | |    | |        | | \________ \        
        \ \_________ | |        | |    | |     \ \______/ /___________) |       
         \__________||_|        |_|    |_|      \________//____________/        
                                                                                
====================================[ Qcore ]===================================

 Git hash:   6a88d58d269bf0d2ccfae91583c23a2b072b7633
 Git date:   Tue, 25 May 2021 10:36:49 +0100
 Compiler:   GNU 9.1.0
 Build type: Release
 Version:    1.3.0

 Start time: Tue Jun 15 14:26:33 2021

 Data directory: /newhome/zw18965/.local/qcore/share/entos/1.3.0/data
 Number of threads: 16
 Number of threads was determined by: number of physical cores

 --------------------------------------------------------------------------------
                                   command: dft                                  
 --------------------------------------------------------------------------------
 AO basis set:                           aug-cc-pvqz-combined-pp
 Number of AO basis functions:         135
 ECP on atom 1 (Os):                     60 electrons

 Formula:                                Os
 Nuclear charge:                        76.000000000
 Total charge:                           0.000000000
 Number of core electrons:              60
 Number of treated electrons:           16

 Number of alpha electrons:             10
 Number of beta electrons:               6
 Number of unpaired electrons:           4
 Spin:                                   4
 Multiplicity:                           quintet

 Theory:                                 hf
 Method for Coulomb:                     incore_df
 Method for exact exchange:              pre_transformed_df
 Integral threshold:                     1.00e-12
 DF basis set:                           def2-universal-jkfit
 Number of DF basis functions:         227
 Schwarz screening threshold:            1.00e-10
 Coulomb fitting method:                 Cholesky
 Method for AO orthogonalization:        symmetric
 Threshold for linear dependence:        1.00e-08

 -------------------------------------
  Running unrestricted open-shell SCF 
 -------------------------------------
 Max number of iterations:             128
 Conv. threshold (gradient):             1.00e-05
 Conv. threshold (energy):               1.00e-06
 Interpolation scheme:                   adiis+cdiis
 Initial guess:                          SAD

 ---------------------------------------------------------------
                  energy        change          grad        time
 ---------------------------------------------------------------
   0       -89.292527465                    5.63e-02        0.03
   1       -89.990596283     -6.98e-01      3.05e-01        0.02
   2       -90.009363001     -1.88e-02      7.87e-02        0.03
   3       -90.011421024     -2.06e-03      4.22e-02        0.03
   4       -90.012199300     -7.78e-04      3.06e-02        0.03
   5       -90.012873031     -6.74e-04      3.27e-02        0.03
   6       -90.011980741      8.92e-04      2.73e-02        0.02
   7       -90.010162669      1.82e-03      1.46e-02        0.03
   8       -90.010170034     -7.37e-06      1.40e-02        0.02
   9       -90.010313512     -1.43e-04      1.10e-02        0.03
  10       -90.010255718      5.78e-05      1.07e-02        0.03
  11       -90.009881320      3.74e-04      6.88e-03        0.03
  12       -90.009617305      2.64e-04      5.95e-03        0.02
  13       -90.009619359     -2.05e-06      6.16e-03        0.03
  14       -90.009613936      5.42e-06      1.87e-03        0.03
  15       -90.009613896      3.98e-08      1.05e-03        0.03
  16       -90.009613980     -8.36e-08      9.83e-05        0.03
  17       -90.009613971      8.49e-09      5.12e-05        0.03
  18       -90.009613971      7.09e-10      1.33e-05        0.03
  19       -90.009613970      2.96e-10      5.25e-06        0.03

 SCF converged in 19 iterations.

 Dipole moment (in Debye):              -0.000000      -0.000000       0.000000

 Quadrupole moment (in Debye-Angstrom):
                  1            2            3
 1       -24.644601    -0.648222    -0.840621
 2        -0.648222   -23.975827     1.379556
 3        -0.840621     1.379556   -23.250693

 Spin-squared expectation <S^2>:         6.007
 Total spin quantum number S:            2.001
 TOTAL ENERGY:                         -90.009613970
 Saving results in set 'HF'

 --------------------------------------------------------------------------------
                                   command: dft                                  
 --------------------------------------------------------------------------------
 Projecting orbitals from old basis (135 functions) to new basis (135 functions)

 AO basis set:                           aug-cc-pvqz-combined-pp
 Number of AO basis functions:         135
 Radial threshold:                       1.00e-08
 ECP on atom 1 (Os):                     60 electrons

 Formula:                                Os
 Nuclear charge:                        76.000000000
 Total charge:                           0.000000000
 Number of core electrons:              60
 Number of treated electrons:           16

 Number of alpha electrons:             10
 Number of beta electrons:               6
 Number of unpaired electrons:           4
 Spin:                                   4
 Multiplicity:                           quintet

 Theory:                                 hf
 Method for Coulomb:                     incore_df
 Method for exact exchange:              pre_transformed_df
 Integral threshold:                     1.00e-12
 DF basis set:                           def2-qzvppd-ri
 Number of DF basis functions:         252
 Schwarz screening threshold:            1.00e-10
 Coulomb fitting method:                 Cholesky
 Time for pre-computing density fitting integrals:       2.357 seconds

 ------------------
  UW12 Correlation 
 ------------------
 Factor for UW12 correlation:            1.000000000
 Same spin scale factor:                 0.000000000
 Calculate indirect contribution:        false
 Method for three electron term:         quadrature
 Gaussians in geminal expansion:         4
 UW12 screening threshold:               1.00e-12
 Method for density-fitting:             w(r)

 Total number of grid points:         9120
 Total number of batches:              183
 Maximum # of points per batch:        489
 Minimum # of points per batch:          0
 Average # of points per batch:         49
 Maximum batch gyradius:                 2.295332755
 Minimum batch gyradius:                 0.000000000
 Average batch gyradius:                 1.103799364
 Time for building XC grid:                              0.017 seconds
 Method for AO orthogonalization:        symmetric
 Threshold for linear dependence:        1.00e-08

 -------------------------------------
  Running unrestricted open-shell SCF 
 -------------------------------------
 Max number of iterations:               0
 Conv. threshold (gradient):             1.00e-05
 Conv. threshold (energy):               1.00e-06
 Interpolation scheme:                   adiis+cdiis

 ---------------------------------------------------------------
                  energy        change          grad        time
 ---------------------------------------------------------------
 UW12 two electron energy:              -6.809389202
 UW12 three electron energy:            13.004695403
 UW12 four electron energy:             -6.291601637
 Total UW12 energy:                     -0.096295436
 Time for DF-K:                                          0.009 seconds
 Time for DF-J:                                          0.001 seconds
 Dipole moment (in Debye):              -0.000000      -0.000000       0.000000

 Quadrupole moment (in Debye-Angstrom):
                  1            2            3
 1       -24.644601    -0.648222    -0.840621
 2        -0.648222   -23.975827     1.379556
 3        -0.840621     1.379556   -23.250693

 Spin-squared expectation <S^2>:         6.007
 Total spin quantum number S:            2.001
 TOTAL ENERGY:                         -90.105960604

 --------------------------------------------------------------------------------

 End time:                               Tue Jun 15 14:26:58 2021
 Total wall-clock time:                 25.133 seconds
==================================================================================
