
================================================================================
          _____________ ________ _______________ ________     _________         
         / ___________// ______ \\_____   _____// ______ \   / ________)        
        / /_________  / /      \ \     | |     / /      \ \ | (_______          
       |  __________|| |        | |    | |    | |        | | \________ \        
        \ \_________ | |        | |    | |     \ \______/ /___________) |       
         \__________||_|        |_|    |_|      \________//____________/        
                                                                                
====================================[ Qcore ]===================================

 Git hash:   6a88d58d269bf0d2ccfae91583c23a2b072b7633
 Git date:   Tue, 25 May 2021 10:36:49 +0100
 Compiler:   GNU 9.1.0
 Build type: Release
 Version:    1.3.0

 Start time: Wed Jun 16 15:51:09 2021

 Data directory: /newhome/zw18965/.local/qcore/share/entos/1.3.0/data
 Number of threads: 16
 Number of threads was determined by: number of physical cores

 --------------------------------------------------------------------------------
                                   command: hf                                   
 --------------------------------------------------------------------------------
 AO basis set:                           aug-pc-4
 Number of AO basis functions:         141

 Formula:                                Si
 Nuclear charge:                        14.000000000
 Total charge:                           0.000000000
 Number of electrons:                   14.000000000

 Number of alpha electrons:              8
 Number of beta electrons:               6
 Number of unpaired electrons:           2
 Spin:                                   2
 Multiplicity:                           triplet

 Theory:                                 hf
 Method for Coulomb:                     incore_df
 Method for exact exchange:              pre_transformed_df
 Integral threshold:                     1.00e-12
 DF basis set:                           def2-universal-jkfit
 Number of DF basis functions:         128
 Schwarz screening threshold:            1.00e-10
 Coulomb fitting method:                 Cholesky
 Method for AO orthogonalization:        symmetric
 Threshold for linear dependence:        1.00e-08

 -------------------------------------
  Running unrestricted open-shell SCF 
 -------------------------------------
 Max number of iterations:             128
 Conv. threshold (gradient):             1.00e-05
 Conv. threshold (energy):               1.00e-06
 Interpolation scheme:                   adiis+cdiis
 Initial guess:                          H0

 ---------------------------------------------------------------
                  energy        change          grad        time
 ---------------------------------------------------------------
   0      -261.194029892                    9.87e+00        0.01
   1      -281.355284257     -2.02e+01      5.54e+00        0.01
   2      -287.841336883     -6.49e+00      1.60e+00        0.01
   3      -288.818393597     -9.77e-01      3.35e-01        0.01
   4      -288.850914154     -3.25e-02      8.73e-02        0.01
   5      -288.852714057     -1.80e-03      1.79e-02        0.02
   6      -288.852968444     -2.54e-04      4.82e-03        0.01
   7      -288.852987104     -1.87e-05      4.61e-04        0.01
   8      -288.852987695     -5.91e-07      1.57e-04        0.02
   9      -288.852987720     -2.49e-08      3.64e-05        0.02
  10      -288.852987721     -5.78e-10      6.50e-06        0.02

 SCF converged in 10 iterations.

 Dipole moment (in Debye):              -0.000000      -0.000000      -0.000000

 Quadrupole moment (in Debye-Angstrom):
                  1            2            3
 1       -12.285509     1.585253    -1.298460
 2         1.585253   -15.385441    -0.546421
 3        -1.298460    -0.546421   -15.604985

 Spin-squared expectation <S^2>:         2.016
 Total spin quantum number S:            1.005
 TOTAL ENERGY:                        -288.852987721
 Saving results in set 'HF'

 --------------------------------------------------------------------------------
                                command: unsoldw12                               
 --------------------------------------------------------------------------------
 Number of AO basis functions:         141

 DF basis set:                           def2-qzvppd-ri
 Number of DF basis functions:         183


 --------------------------
  Virtual UW12 Correlation 
 --------------------------
 Unrestricted MP2 calculation:           
 Core spatial orbitals:                  5
 Correlated alpha orbitals:              3
 Correlated beta orbitals:               1
 Virtual alpha orbitals:               133
 Virtual beta orbitals:                135

 Opposite spin energy:                  -0.011614026

 Reference energy:                    -288.852987721
 UW12 correlation energy:               -0.011614026
 Total UW12 energy:                   -288.864601747

 --------------------------------------------------------------------------------

 End time:                               Wed Jun 16 15:51:11 2021
 Total wall-clock time:                  2.139 seconds
==================================================================================
