
================================================================================
          _____________ ________ _______________ ________     _________         
         / ___________// ______ \\_____   _____// ______ \   / ________)        
        / /_________  / /      \ \     | |     / /      \ \ | (_______          
       |  __________|| |        | |    | |    | |        | | \________ \        
        \ \_________ | |        | |    | |     \ \______/ /___________) |       
         \__________||_|        |_|    |_|      \________//____________/        
                                                                                
====================================[ Qcore ]===================================

 Git hash:   6a88d58d269bf0d2ccfae91583c23a2b072b7633
 Git date:   Tue, 25 May 2021 10:36:49 +0100
 Compiler:   GNU 9.1.0
 Build type: Release
 Version:    1.3.0

 Start time: Wed Jun 16 15:53:04 2021

 Data directory: /newhome/zw18965/.local/qcore/share/entos/1.3.0/data
 Number of threads: 16
 Number of threads was determined by: number of physical cores

 --------------------------------------------------------------------------------
                                   command: hf                                   
 --------------------------------------------------------------------------------
 AO basis set:                           aug-pc-4
 Number of AO basis functions:         197

 Formula:                                Cr
 Nuclear charge:                        24.000000000
 Total charge:                           0.000000000
 Number of electrons:                   24.000000000

 Number of alpha electrons:             15
 Number of beta electrons:               9
 Number of unpaired electrons:           6
 Spin:                                   6
 Multiplicity:                           octet

 Theory:                                 hf
 Method for Coulomb:                     incore_df
 Method for exact exchange:              pre_transformed_df
 Integral threshold:                     1.00e-12
 DF basis set:                           def2-universal-jkfit
 Number of DF basis functions:         264
 Schwarz screening threshold:            1.00e-10
 Coulomb fitting method:                 Cholesky
 Method for AO orthogonalization:        symmetric
 Threshold for linear dependence:        1.00e-08

 -------------------------------------
  Running unrestricted open-shell SCF 
 -------------------------------------
 Max number of iterations:             128
 Conv. threshold (gradient):             1.00e-05
 Conv. threshold (energy):               1.00e-06
 Interpolation scheme:                   adiis+cdiis
 Initial guess:                          H0

 ---------------------------------------------------------------
                  energy        change          grad        time
 ---------------------------------------------------------------
   0      -996.959974882                    1.82e+01        0.02
   1      -984.926831976      1.20e+01      7.97e+00        0.03
   2     -1031.096279543     -4.62e+01      4.46e+00        0.03
   3     -1039.680924776     -8.58e+00      3.02e+00        0.04
   4     -1042.025831191     -2.34e+00      1.47e+00        0.03
   5     -1043.314917875     -1.29e+00      3.54e-01        0.04
   6     -1043.336496733     -2.16e-02      1.41e-01        0.04
   7     -1043.341874792     -5.38e-03      1.09e-01        0.05
   8     -1043.346501362     -4.63e-03      3.56e-02        0.04
   9     -1043.346876466     -3.75e-04      2.79e-02        0.05
  10     -1043.347250951     -3.74e-04      8.25e-04        0.04
  11     -1043.347252289     -1.34e-06      1.15e-04        0.04
  12     -1043.347252308     -1.83e-08      4.83e-05        0.04
  13     -1043.347252308     -6.82e-10      1.48e-05        0.05
  14     -1043.347252308     -9.50e-11      2.13e-06        0.05

 SCF converged in 14 iterations.

 Dipole moment (in Debye):              -0.000000      -0.000000      -0.000000

 Quadrupole moment (in Debye-Angstrom):
                  1            2            3
 1       -16.892280     0.000001    -0.000000
 2         0.000001   -16.892280    -0.000001
 3        -0.000000    -0.000001   -16.892280

 Spin-squared expectation <S^2>:        12.000
 Total spin quantum number S:            3.000
 TOTAL ENERGY:                       -1043.347252308
 Saving results in set 'HF'

 --------------------------------------------------------------------------------
                                command: unsoldw12                               
 --------------------------------------------------------------------------------
 Number of AO basis functions:         197

 DF basis set:                           def2-qzvppd-ri
 Number of DF basis functions:         309


 --------------------------
  Virtual UW12 Correlation 
 --------------------------
 Unrestricted MP2 calculation:           
 Core spatial orbitals:                  5
 Correlated alpha orbitals:             10
 Correlated beta orbitals:               4
 Virtual alpha orbitals:               182
 Virtual beta orbitals:                188

 Opposite spin energy:                  -0.044532042

 Reference energy:                   -1043.347252308
 UW12 correlation energy:               -0.044532042
 Total UW12 energy:                  -1043.391784351

 --------------------------------------------------------------------------------

 End time:                               Wed Jun 16 15:53:29 2021
 Total wall-clock time:                 24.683 seconds
==================================================================================
