
================================================================================
          _____________ ________ _______________ ________     _________         
         / ___________// ______ \\_____   _____// ______ \   / ________)        
        / /_________  / /      \ \     | |     / /      \ \ | (_______          
       |  __________|| |        | |    | |    | |        | | \________ \        
        \ \_________ | |        | |    | |     \ \______/ /___________) |       
         \__________||_|        |_|    |_|      \________//____________/        
                                                                                
====================================[ Qcore ]===================================

 Git hash:   6a88d58d269bf0d2ccfae91583c23a2b072b7633
 Git date:   Tue, 25 May 2021 10:36:49 +0100
 Compiler:   GNU 9.1.0
 Build type: Release
 Version:    1.3.0

 Start time: Wed Jun 16 15:54:56 2021

 Data directory: /newhome/zw18965/.local/qcore/share/entos/1.3.0/data
 Number of threads: 16
 Number of threads was determined by: number of physical cores

 --------------------------------------------------------------------------------
                                   command: hf                                   
 --------------------------------------------------------------------------------
 AO basis set:                           aug-pc-4
 Number of AO basis functions:         197

 Formula:                                Zn
 Nuclear charge:                        30.000000000
 Total charge:                           0.000000000
 Number of electrons:                   30.000000000

 Number of alpha electrons:             15
 Number of beta electrons:              15
 Number of unpaired electrons:           0
 Spin:                                   0
 Multiplicity:                           singlet

 Theory:                                 hf
 Method for Coulomb:                     incore_df
 Method for exact exchange:              pre_transformed_df
 Integral threshold:                     1.00e-12
 DF basis set:                           def2-universal-jkfit
 Number of DF basis functions:         264
 Schwarz screening threshold:            1.00e-10
 Coulomb fitting method:                 Cholesky
 Method for AO orthogonalization:        symmetric
 Threshold for linear dependence:        1.00e-08

 -------------------------------------
  Running restricted closed-shell SCF 
 -------------------------------------
 Max number of iterations:             128
 Conv. threshold (gradient):             1.00e-05
 Conv. threshold (energy):               1.00e-06
 Interpolation scheme:                   adiis+cdiis
 Initial guess:                          H0

 ---------------------------------------------------------------
                  energy        change          grad        time
 ---------------------------------------------------------------
   0     -1666.283720245                    4.83e+01        0.01
   1     -1606.134080938      6.01e+01      2.64e+01        0.02
   2     -1739.697778703     -1.34e+02      1.84e+01        0.02
   3     -1772.004315550     -3.23e+01      7.84e+00        0.02
   4     -1772.958168232     -9.54e-01      6.87e+00        0.02
   5     -1777.811408270     -4.85e+00      2.68e-01        0.02
   6     -1777.832678551     -2.13e-02      1.49e-01        0.02
   7     -1777.835381341     -2.70e-03      8.00e-02        0.03
   8     -1777.835509266     -1.28e-04      9.49e-02        0.03
   9     -1777.836556672     -1.05e-03      1.95e-03        0.03
  10     -1777.836557624     -9.52e-07      2.13e-04        0.03
  11     -1777.836557641     -1.74e-08      1.86e-05        0.03
  12     -1777.836557642     -2.79e-10      1.67e-06        0.03

 SCF converged in 12 iterations.

 Dipole moment (in Debye):               0.000000      -0.000000       0.000000

 Quadrupole moment (in Debye-Angstrom):
                  1            2            3
 1       -15.690310     0.000000    -0.000000
 2         0.000000   -15.690310    -0.000000
 3        -0.000000    -0.000000   -15.690310

 Spin-squared expectation <S^2>:         0.000
 Total spin quantum number S:            0.000
 TOTAL ENERGY:                       -1777.836557642
 Saving results in set 'HF'

 --------------------------------------------------------------------------------
                                command: unsoldw12                               
 --------------------------------------------------------------------------------
 Number of AO basis functions:         197

 DF basis set:                           def2-qzvppd-ri
 Number of DF basis functions:         316


 --------------------------
  Virtual UW12 Correlation 
 --------------------------
 Restricted Virtual UW12 calculation:    
 Core orbitals:                          5
 Correlated orbitals:                   10
 Virtual orbitals:                     182

 Opposite spin energy:                  -0.087917738

 Reference energy:                   -1777.836557642
 UW12 correlation energy:               -0.087917738
 Total UW12 energy:                  -1777.924475380

 --------------------------------------------------------------------------------

 End time:                               Wed Jun 16 15:55:02 2021
 Total wall-clock time:                  6.564 seconds
==================================================================================
