
================================================================================
          _____________ ________ _______________ ________     _________         
         / ___________// ______ \\_____   _____// ______ \   / ________)        
        / /_________  / /      \ \     | |     / /      \ \ | (_______          
       |  __________|| |        | |    | |    | |        | | \________ \        
        \ \_________ | |        | |    | |     \ \______/ /___________) |       
         \__________||_|        |_|    |_|      \________//____________/        
                                                                                
====================================[ Qcore ]===================================

 Git hash:   6a88d58d269bf0d2ccfae91583c23a2b072b7633
 Git date:   Tue, 25 May 2021 10:36:49 +0100
 Compiler:   GNU 9.1.0
 Build type: Release
 Version:    1.3.0

 Start time: Wed Jun 16 16:51:01 2021

 Data directory: /newhome/zw18965/.local/qcore/share/entos/1.3.0/data
 Number of threads: 16
 Number of threads was determined by: number of physical cores

 --------------------------------------------------------------------------------
                                   command: hf                                   
 --------------------------------------------------------------------------------
 AO basis set:                           aug-cc-pvdz-merged
 Number of AO basis functions:          32

 Formula:                                P
 Nuclear charge:                        15.000000000
 Total charge:                           0.000000000
 Number of electrons:                   15.000000000

 Number of alpha electrons:              9
 Number of beta electrons:               6
 Number of unpaired electrons:           3
 Spin:                                   3
 Multiplicity:                           quartet

 Theory:                                 hf
 Method for Coulomb:                     incore_df
 Method for exact exchange:              pre_transformed_df
 Integral threshold:                     1.00e-12
 DF basis set:                           def2-universal-jkfit
 Number of DF basis functions:         128
 Schwarz screening threshold:            1.00e-10
 Coulomb fitting method:                 Cholesky
 Method for AO orthogonalization:        symmetric
 Threshold for linear dependence:        1.00e-08

 -------------------------------------
  Running unrestricted open-shell SCF 
 -------------------------------------
 Max number of iterations:             128
 Conv. threshold (gradient):             1.00e-05
 Conv. threshold (energy):               1.00e-06
 Interpolation scheme:                   adiis+cdiis
 Initial guess:                          H0

 ---------------------------------------------------------------
                  energy        change          grad        time
 ---------------------------------------------------------------
   0      -317.338796978                    2.34e+00        0.00
   1      -337.005228944     -1.97e+01      1.16e+00        0.00
   2      -340.339931375     -3.33e+00      4.11e-01        0.00
   3      -340.705296032     -3.65e-01      5.37e-02        0.00
   4      -340.709357869     -4.06e-03      2.20e-02        0.00
   5      -340.709921215     -5.63e-04      6.69e-03        0.00
   6      -340.709994831     -7.36e-05      3.29e-04        0.00
   7      -340.709995359     -5.28e-07      5.04e-05        0.00
   8      -340.709995375     -1.58e-08      4.50e-06        0.00

 SCF converged in 8 iterations.

 Dipole moment (in Debye):              -0.000000       0.000000       0.000000

 Quadrupole moment (in Debye-Angstrom):
                  1            2            3
 1       -13.639252    -0.000000     0.000000
 2        -0.000000   -13.639253     0.000001
 3         0.000000     0.000001   -13.639253

 Spin-squared expectation <S^2>:         3.750
 Total spin quantum number S:            1.500
 TOTAL ENERGY:                        -340.709995375
 Saving results in set 'HF'

 --------------------------------------------------------------------------------
                                command: unsoldw12                               
 --------------------------------------------------------------------------------
 Number of AO basis functions:          32

 DF basis set:                           def2-qzvppd-ri
 Number of DF basis functions:         183

 Unrestricted UW12 calculation:          
 Core spatial orbitals:                  5
 Correlated alpha orbitals:              4
 Correlated beta orbitals:               1

 ------------------
  UW12 Correlation 
 ------------------
 Factor for UW12 correlation:            1.000000000
 Same spin scale factor:                 0.000000000
 Calculate indirect contribution:        false
 Method for three electron term:         df_ri
 Auxiliary RI basis set:                 def2-QZVPPD-ri
 Number of RI basis functions:         183
 Gaussians in geminal expansion:         4
 UW12 screening threshold:               1.00e-10
 Method for density-fitting:             w(r)
 Number of core spatial orbitals:        5


 Reference energy:                    -340.709995375
 UW12 correlation energy:               -0.015104838
 Total UW12 energy:                   -340.725100213

 --------------------------------------------------------------------------------

 End time:                               Wed Jun 16 16:51:01 2021
 Total wall-clock time:                  0.537 seconds
==================================================================================
