
================================================================================
          _____________ ________ _______________ ________     _________         
         / ___________// ______ \\_____   _____// ______ \   / ________)        
        / /_________  / /      \ \     | |     / /      \ \ | (_______          
       |  __________|| |        | |    | |    | |        | | \________ \        
        \ \_________ | |        | |    | |     \ \______/ /___________) |       
         \__________||_|        |_|    |_|      \________//____________/        
                                                                                
====================================[ Qcore ]===================================

 Git hash:   6a88d58d269bf0d2ccfae91583c23a2b072b7633
 Git date:   Tue, 25 May 2021 10:36:49 +0100
 Compiler:   GNU 9.1.0
 Build type: Release
 Version:    1.3.0

 Start time: Thu Jun 17 17:19:39 2021

 Data directory: /newhome/zw18965/.local/qcore/share/entos/1.3.0/data
 Number of threads: 16
 Number of threads was determined by: number of physical cores

 --------------------------------------------------------------------------------
                                   command: dft                                  
 --------------------------------------------------------------------------------
 AO basis set:                           cc-pwcvdz-pp-merged
 Number of AO basis functions:          54
 ECP on atom 1 (Hf):                     60 electrons

 Formula:                                Hf
 Nuclear charge:                        72.000000000
 Total charge:                           0.000000000
 Number of core electrons:              60
 Number of treated electrons:           12

 Number of alpha electrons:              7
 Number of beta electrons:               5
 Number of unpaired electrons:           2
 Spin:                                   2
 Multiplicity:                           triplet

 Theory:                                 dft
 Exchange-correlation functional:        pbe
 Method for Coulomb:                     incore_df
 Integral threshold:                     1.00e-12
 DF basis set:                           def2-universal-jkfit
 Number of DF basis functions:         227
 Schwarz screening threshold:            1.00e-10
 Coulomb fitting method:                 Cholesky
 Total number of grid points:         8784
 Method for AO orthogonalization:        symmetric
 Threshold for linear dependence:        1.00e-08

 -------------------------------------
  Running unrestricted open-shell SCF 
 -------------------------------------
 Max number of iterations:             128
 Conv. threshold (gradient):             1.00e-05
 Conv. threshold (energy):               1.00e-06
 Interpolation scheme:                   adiis+cdiis
 Initial guess:                          H0

 ---------------------------------------------------------------
                  energy        change          grad        time
 ---------------------------------------------------------------
   0       -43.874567997                    2.36e+00        0.01
   1       -44.817095286     -9.43e-01      1.96e+00        0.01
   2       -46.479423155     -1.66e+00      1.34e+00        0.01
   3       -48.383360434     -1.90e+00      3.93e-01        0.01
   4       -48.350854519      3.25e-02      3.35e-01        0.01
   5       -48.440019680     -8.92e-02      1.06e-01        0.01
   6       -48.416552249      2.35e-02      2.16e-01        0.01
   7       -48.449796459     -3.32e-02      6.71e-02        0.01
   8       -48.450737992     -9.42e-04      6.06e-02        0.01
   9       -48.453458829     -2.72e-03      1.60e-02        0.01
  10       -48.454207697     -7.49e-04      1.33e-02        0.01
  11       -48.454567875     -3.60e-04      9.86e-03        0.01
  12       -48.454753561     -1.86e-04      7.07e-03        0.01
  13       -48.454815744     -6.22e-05      3.73e-03        0.01
  14       -48.454846808     -3.11e-05      2.15e-03        0.01
  15       -48.454883719     -3.69e-05      1.50e-03        0.01
  16       -48.454892219     -8.50e-06      1.05e-03        0.02
  17       -48.454898987     -6.77e-06      3.26e-04        0.01
  18       -48.454899865     -8.77e-07      3.22e-04        0.01
  19       -48.454900399     -5.34e-07      2.25e-04        0.01
  20       -48.454900706     -3.07e-07      1.48e-04        0.01
  21       -48.454900779     -7.32e-08      7.91e-05        0.01
  22       -48.454900840     -6.11e-08      3.61e-05        0.01
  23       -48.454900856     -1.53e-08      2.27e-05        0.01
  24       -48.454900863     -6.91e-09      2.27e-05        0.01
  25       -48.454900892     -2.94e-08      2.22e-05        0.01
  26       -48.454900930     -3.83e-08      2.22e-05        0.01
  27       -48.454900959     -2.88e-08      2.28e-05        0.01
  28       -48.454900970     -1.06e-08      2.16e-05        0.01
  29       -48.454901011     -4.10e-08      2.14e-05        0.01
  30       -48.454901543     -5.32e-07      6.08e-05        0.01
  31       -48.454901581     -3.83e-08      6.81e-05        0.02
  32       -48.454901550      3.11e-08      6.01e-05        0.01
  33       -48.454901510      4.06e-08      3.95e-05        0.01
  34       -48.454901745     -2.36e-07      9.70e-05        0.01
  35       -48.454901618      1.27e-07      1.08e-04        0.01
  36       -48.454901775     -1.57e-07      5.41e-05        0.01
  37       -48.454901884     -1.09e-07      4.71e-05        0.01
  38       -48.454901886     -2.51e-09      2.33e-05        0.01
  39       -48.454901890     -3.28e-09      1.26e-05        0.01
  40       -48.454901890     -2.17e-10      2.31e-05        0.01
  41       -48.454901877      1.30e-08      4.14e-05        0.01
  42       -48.454901889     -1.22e-08      3.59e-05        0.01
  43       -48.454901890     -8.69e-10      4.95e-05        0.01
  44       -48.454901901     -1.17e-08      8.02e-06        0.01

 SCF converged in 44 iterations.

 Dipole moment (in Debye):              -0.000003      -0.000003       0.000000

 Quadrupole moment (in Debye-Angstrom):
                  1            2            3
 1       -26.402164     0.000298    -0.000220
 2         0.000298   -26.400465    -0.000889
 3        -0.000220    -0.000889   -26.400415

 Spin-squared expectation <S^2>:         2.003
 Total spin quantum number S:            1.001
 TOTAL ENERGY:                         -48.454901901
 Saving results in set 'guess'

 --------------------------------------------------------------------------------
                                   command: hf                                   
 --------------------------------------------------------------------------------
 AO basis set:                           cc-pwcvdz-pp-merged
 Number of AO basis functions:          54
 ECP on atom 1 (Hf):                     60 electrons

 Formula:                                Hf
 Nuclear charge:                        72.000000000
 Total charge:                           0.000000000
 Number of core electrons:              60
 Number of treated electrons:           12

 Number of alpha electrons:              7
 Number of beta electrons:               5
 Number of unpaired electrons:           2
 Spin:                                   2
 Multiplicity:                           triplet

 Theory:                                 hf
 Method for Coulomb:                     incore_df
 Method for exact exchange:              pre_transformed_df
 Integral threshold:                     1.00e-12
 DF basis set:                           def2-universal-jkfit
 Number of DF basis functions:         227
 Schwarz screening threshold:            1.00e-10
 Coulomb fitting method:                 Cholesky
 Method for AO orthogonalization:        symmetric
 Threshold for linear dependence:        1.00e-08

 -------------------------------------
  Running unrestricted open-shell SCF 
 -------------------------------------
 Max number of iterations:             128
 Conv. threshold (gradient):             1.00e-05
 Conv. threshold (energy):               1.00e-06
 Interpolation scheme:                   adiis+cdiis

 ---------------------------------------------------------------
                  energy        change          grad        time
 ---------------------------------------------------------------
   0       -47.936034850                    1.84e-01        0.00
   1       -47.943543858     -7.51e-03      2.76e-02        0.00
   2       -47.944719515     -1.18e-03      1.23e-02        0.00
   3       -47.945069151     -3.50e-04      4.02e-03        0.00
   4       -47.945114986     -4.58e-05      8.43e-04        0.00
   5       -47.945117365     -2.38e-06      1.56e-04        0.00
   6       -47.945117456     -9.05e-08      5.90e-05        0.00
   7       -47.945117467     -1.07e-08      5.32e-05        0.00
   8       -47.945117472     -5.40e-09      4.86e-05        0.00
   9       -47.945117496     -2.35e-08      2.23e-05        0.00
  10       -47.945117502     -6.20e-09      1.70e-06        0.00

 SCF converged in 10 iterations.

 Dipole moment (in Debye):               0.000001       0.000001      -0.000000

 Quadrupole moment (in Debye-Angstrom):
                  1            2            3
 1       -27.281046    -0.000002    -0.000006
 2        -0.000002   -27.281038     0.000001
 3        -0.000006     0.000001   -27.281023

 Spin-squared expectation <S^2>:         2.015
 Total spin quantum number S:            1.005
 TOTAL ENERGY:                         -47.945117502
 Saving results in set 'HF'

 --------------------------------------------------------------------------------
                                command: unsoldw12                               
 --------------------------------------------------------------------------------
 Number of AO basis functions:          54

 DF basis set:                           def2-qzvppd-ri
 Number of DF basis functions:         261

 Unrestricted UW12 calculation:          
 Core spatial orbitals:                  0
 Correlated alpha orbitals:              7
 Correlated beta orbitals:               5

 ------------------
  UW12 Correlation 
 ------------------
 Factor for UW12 correlation:            1.000000000
 Same spin scale factor:                 0.000000000
 Calculate indirect contribution:        false
 Method for three electron term:         df_ri
 Auxiliary RI basis set:                 def2-QZVPPD-ri
 Number of RI basis functions:         261
 Gaussians in geminal expansion:         4
 UW12 screening threshold:               1.00e-10
 Method for density-fitting:             w(r)


 Reference energy:                     -47.945117502
 UW12 correlation energy:               -0.063067044
 Total UW12 energy:                    -48.008184545

 --------------------------------------------------------------------------------

 End time:                               Thu Jun 17 17:19:41 2021
 Total wall-clock time:                  1.963 seconds
==================================================================================
