
================================================================================
          _____________ ________ _______________ ________     _________         
         / ___________// ______ \\_____   _____// ______ \   / ________)        
        / /_________  / /      \ \     | |     / /      \ \ | (_______          
       |  __________|| |        | |    | |    | |        | | \________ \        
        \ \_________ | |        | |    | |     \ \______/ /___________) |       
         \__________||_|        |_|    |_|      \________//____________/        
                                                                                
====================================[ Qcore ]===================================

 Git hash:   6a88d58d269bf0d2ccfae91583c23a2b072b7633
 Git date:   Tue, 25 May 2021 10:36:49 +0100
 Compiler:   GNU 9.1.0
 Build type: Release
 Version:    1.3.0

 Start time: Thu Jun 17 17:19:41 2021

 Data directory: /newhome/zw18965/.local/qcore/share/entos/1.3.0/data
 Number of threads: 16
 Number of threads was determined by: number of physical cores

 --------------------------------------------------------------------------------
                                   command: hf                                   
 --------------------------------------------------------------------------------
 AO basis set:                           cc-pwcvdz-pp-merged
 Number of AO basis functions:          54
 ECP on atom 1 (Ta):                     60 electrons

 Formula:                                Ta
 Nuclear charge:                        73.000000000
 Total charge:                           0.000000000
 Number of core electrons:              60
 Number of treated electrons:           13

 Number of alpha electrons:              8
 Number of beta electrons:               5
 Number of unpaired electrons:           3
 Spin:                                   3
 Multiplicity:                           quartet

 Theory:                                 hf
 Method for Coulomb:                     incore_df
 Method for exact exchange:              pre_transformed_df
 Integral threshold:                     1.00e-12
 DF basis set:                           def2-universal-jkfit
 Number of DF basis functions:         227
 Schwarz screening threshold:            1.00e-10
 Coulomb fitting method:                 Cholesky
 Method for AO orthogonalization:        symmetric
 Threshold for linear dependence:        1.00e-08

 -------------------------------------
  Running unrestricted open-shell SCF 
 -------------------------------------
 Max number of iterations:             128
 Conv. threshold (gradient):             1.00e-05
 Conv. threshold (energy):               1.00e-06
 Interpolation scheme:                   adiis+cdiis
 Initial guess:                          H0

 ---------------------------------------------------------------
                  energy        change          grad        time
 ---------------------------------------------------------------
   0       -51.332870211                    2.54e+00        0.00
   1       -54.159421695     -2.83e+00      1.28e+00        0.00
   2       -55.490339011     -1.33e+00      8.95e-01        0.00
   3       -56.633575793     -1.14e+00      3.01e-01        0.00
   4       -56.718783476     -8.52e-02      9.97e-02        0.00
   5       -56.731803486     -1.30e-02      5.79e-02        0.00
   6       -56.736677149     -4.87e-03      3.40e-02        0.00
   7       -56.739775215     -3.10e-03      1.83e-02        0.00
   8       -56.740353531     -5.78e-04      1.23e-02        0.00
   9       -56.740651056     -2.98e-04      1.06e-02        0.00
  10       -56.741269337     -6.18e-04      8.80e-03        0.00
  11       -56.741953384     -6.84e-04      4.94e-03        0.00
  12       -56.741952857      5.27e-07      4.76e-03        0.00
  13       -56.742077706     -1.25e-04      2.11e-03        0.00
  14       -56.742101716     -2.40e-05      1.75e-03        0.00
  15       -56.742110976     -9.26e-06      9.23e-04        0.00
  16       -56.742115344     -4.37e-06      4.48e-04        0.00
  17       -56.742116426     -1.08e-06      2.77e-04        0.00
  18       -56.742116643     -2.16e-07      2.05e-04        0.00
  19       -56.742116739     -9.67e-08      1.50e-04        0.00
  20       -56.742116855     -1.15e-07      1.06e-04        0.00
  21       -56.742116922     -6.74e-08      4.14e-05        0.00
  22       -56.742116933     -1.11e-08      2.94e-05        0.00
  23       -56.742116936     -2.83e-09      1.82e-05        0.00
  24       -56.742116938     -1.94e-09      1.09e-05        0.00
  25       -56.742116939     -7.18e-10      4.94e-06        0.00

 SCF converged in 25 iterations.

 Dipole moment (in Debye):              -0.000000      -0.000000       0.000000

 Quadrupole moment (in Debye-Angstrom):
                  1            2            3
 1       -27.040237    -0.000004     0.000038
 2        -0.000004   -27.040230    -0.000014
 3         0.000038    -0.000014   -27.040232

 Spin-squared expectation <S^2>:         3.775
 Total spin quantum number S:            1.506
 TOTAL ENERGY:                         -56.742116939
 Saving results in set 'HF'

 --------------------------------------------------------------------------------
                                command: unsoldw12                               
 --------------------------------------------------------------------------------
 Number of AO basis functions:          54

 DF basis set:                           def2-qzvppd-ri
 Number of DF basis functions:         261

 Unrestricted UW12 calculation:          
 Core spatial orbitals:                  0
 Correlated alpha orbitals:              8
 Correlated beta orbitals:               5

 ------------------
  UW12 Correlation 
 ------------------
 Factor for UW12 correlation:            1.000000000
 Same spin scale factor:                 0.000000000
 Calculate indirect contribution:        false
 Method for three electron term:         df_ri
 Auxiliary RI basis set:                 def2-QZVPPD-ri
 Number of RI basis functions:         261
 Gaussians in geminal expansion:         4
 UW12 screening threshold:               1.00e-10
 Method for density-fitting:             w(r)


 Reference energy:                     -56.742116939
 UW12 correlation energy:               -0.069504585
 Total UW12 energy:                    -56.811621524

 --------------------------------------------------------------------------------

 End time:                               Thu Jun 17 17:19:42 2021
 Total wall-clock time:                  1.123 seconds
==================================================================================
