
================================================================================
          _____________ ________ _______________ ________     _________         
         / ___________// ______ \\_____   _____// ______ \   / ________)        
        / /_________  / /      \ \     | |     / /      \ \ | (_______          
       |  __________|| |        | |    | |    | |        | | \________ \        
        \ \_________ | |        | |    | |     \ \______/ /___________) |       
         \__________||_|        |_|    |_|      \________//____________/        
                                                                                
====================================[ Qcore ]===================================

 Git hash:   6a88d58d269bf0d2ccfae91583c23a2b072b7633
 Git date:   Tue, 25 May 2021 10:36:49 +0100
 Compiler:   GNU 9.1.0
 Build type: Release
 Version:    1.3.0

 Start time: Thu Jun 10 17:08:55 2021

 Data directory: /newhome/zw18965/.local/qcore/share/entos/1.3.0/data
 Number of threads: 16
 Number of threads was determined by: number of physical cores

 --------------------------------------------------------------------------------
                                   command: hf                                   
 --------------------------------------------------------------------------------
 AO basis set:                           aug-cc-pvtz-merged
 Number of AO basis functions:          55

 Formula:                                Cl
 Nuclear charge:                        17.000000000
 Total charge:                           0.000000000
 Number of electrons:                   17.000000000

 Number of alpha electrons:              9
 Number of beta electrons:               8
 Number of unpaired electrons:           1
 Spin:                                   1
 Multiplicity:                           doublet

 Theory:                                 hf
 Method for Coulomb:                     incore_df
 Method for exact exchange:              pre_transformed_df
 Integral threshold:                     1.00e-12
 DF basis set:                           def2-universal-jkfit
 Number of DF basis functions:         128
 Schwarz screening threshold:            1.00e-10
 Coulomb fitting method:                 Cholesky
 Method for AO orthogonalization:        symmetric
 Threshold for linear dependence:        1.00e-08

 -------------------------------------
  Running unrestricted open-shell SCF 
 -------------------------------------
 Max number of iterations:             128
 Conv. threshold (gradient):             1.00e-05
 Conv. threshold (energy):               1.00e-06
 Interpolation scheme:                   adiis+cdiis
 Initial guess:                          H0

 ---------------------------------------------------------------
                  energy        change          grad        time
 ---------------------------------------------------------------
   0      -409.346198660                    7.64e+00        0.00
   1      -448.383433191     -3.90e+01      3.59e+00        0.00
   2      -457.324910728     -8.94e+00      1.66e+00        0.00
   3      -459.162929376     -1.84e+00      5.98e-01        0.00
   4      -459.460636963     -2.98e-01      2.18e-01        0.00
   5      -459.484645173     -2.40e-02      5.23e-02        0.00
   6      -459.485998129     -1.35e-03      1.44e-02        0.00
   7      -459.486087336     -8.92e-05      2.06e-03        0.04
   8      -459.486090402     -3.07e-06      4.01e-04        0.01
   9      -459.486090687     -2.85e-07      1.12e-04        0.01
  10      -459.486090694     -7.60e-09      1.33e-05        0.01
  11      -459.486090694     -5.37e-11      1.71e-06        0.00

 SCF converged in 11 iterations.

 Dipole moment (in Debye):               0.000000       0.000000      -0.000000

 Quadrupole moment (in Debye-Angstrom):
                  1            2            3
 1       -11.571784    -0.985979     0.205782
 2        -0.985979   -12.520533    -0.129355
 3         0.205782    -0.129355   -13.113320

 Spin-squared expectation <S^2>:         0.761
 Total spin quantum number S:            0.505
 TOTAL ENERGY:                        -459.486090694
 Saving results in set 'HF'

 --------------------------------------------------------------------------------
                                command: unsoldw12                               
 --------------------------------------------------------------------------------
 Number of AO basis functions:          55

 DF basis set:                           def2-qzvppd-ri
 Number of DF basis functions:         183

 Unrestricted UW12 calculation:          
 Core spatial orbitals:                  5
 Correlated alpha orbitals:              4
 Correlated beta orbitals:               3

 ------------------
  UW12 Correlation 
 ------------------
 Factor for UW12 correlation:            1.000000000
 Same spin scale factor:                 0.000000000
 Calculate indirect contribution:        false
 Method for three electron term:         df_ri
 Auxiliary RI basis set:                 def2-QZVPPD-ri
 Number of RI basis functions:         183
 Gaussians in geminal expansion:         4
 UW12 screening threshold:               1.00e-10
 Method for density-fitting:             w(r)
 Number of core spatial orbitals:        5


 Reference energy:                    -459.486090694
 UW12 correlation energy:               -0.029524543
 Total UW12 energy:                   -459.515615238

 --------------------------------------------------------------------------------

 End time:                               Thu Jun 10 17:08:56 2021
 Total wall-clock time:                  0.852 seconds
==================================================================================
