
================================================================================
          _____________ ________ _______________ ________     _________         
         / ___________// ______ \\_____   _____// ______ \   / ________)        
        / /_________  / /      \ \     | |     / /      \ \ | (_______          
       |  __________|| |        | |    | |    | |        | | \________ \        
        \ \_________ | |        | |    | |     \ \______/ /___________) |       
         \__________||_|        |_|    |_|      \________//____________/        
                                                                                
====================================[ Qcore ]===================================

 Git hash:   6a88d58d269bf0d2ccfae91583c23a2b072b7633
 Git date:   Tue, 25 May 2021 10:36:49 +0100
 Compiler:   GNU 9.1.0
 Build type: Release
 Version:    1.3.0

 Start time: Wed Jun 16 09:28:59 2021

 Data directory: /newhome/zw18965/.local/qcore/share/entos/1.3.0/data
 Number of threads: 16
 Number of threads was determined by: number of physical cores

 --------------------------------------------------------------------------------
                                   command: hf                                   
 --------------------------------------------------------------------------------
 AO basis set:                           def2-tzvp
 Number of AO basis functions:          45

 Formula:                                Sc
 Nuclear charge:                        21.000000000
 Total charge:                           0.000000000
 Number of electrons:                   21.000000000

 Number of alpha electrons:             11
 Number of beta electrons:              10
 Number of unpaired electrons:           1
 Spin:                                   1
 Multiplicity:                           doublet

 Theory:                                 hf
 Method for Coulomb:                     incore_df
 Method for exact exchange:              pre_transformed_df
 Integral threshold:                     1.00e-12
 DF basis set:                           def2-universal-jkfit
 Number of DF basis functions:         264
 Schwarz screening threshold:            1.00e-10
 Coulomb fitting method:                 Cholesky
 Method for AO orthogonalization:        symmetric
 Threshold for linear dependence:        1.00e-08

 -------------------------------------
  Running unrestricted open-shell SCF 
 -------------------------------------
 Max number of iterations:             128
 Conv. threshold (gradient):             1.00e-05
 Conv. threshold (energy):               1.00e-06
 Interpolation scheme:                   adiis+cdiis
 Initial guess:                          H0

 ---------------------------------------------------------------
                  energy        change          grad        time
 ---------------------------------------------------------------
   0      -749.300088379                    2.37e+00        0.01
   1      -749.152350652      1.48e-01      3.13e+00        0.01
   2      -756.300792198     -7.15e+00      1.60e+00        0.01
   3      -758.928729791     -2.63e+00      8.30e-01        0.01
   4      -758.956106152     -2.74e-02      1.00e+00        0.01
   5      -759.638195026     -6.82e-01      3.11e-01        0.01
   6      -759.714126824     -7.59e-02      8.24e-02        0.01
   7      -759.721971472     -7.84e-03      4.91e-02        0.01
   8      -759.723456488     -1.49e-03      2.02e-02        0.01
   9      -759.724072445     -6.16e-04      1.26e-02        0.01
  10      -759.724344225     -2.72e-04      4.34e-03        0.01
  11      -759.724383552     -3.93e-05      2.67e-03        0.01
  12      -759.724405391     -2.18e-05      1.63e-03        0.01
  13      -759.724412637     -7.25e-06      8.04e-04        0.01
  14      -759.724413452     -8.15e-07      3.48e-04        0.01
  15      -759.724413646     -1.95e-07      3.55e-04        0.01
  16      -759.724413867     -2.21e-07      3.50e-04        0.01
  17      -759.724414291     -4.24e-07      3.49e-04        0.01
  18      -759.724414728     -4.37e-07      3.28e-04        0.00
  19      -759.724416084     -1.36e-06      3.24e-04        0.00
  20      -759.724421328     -5.24e-06      3.30e-04        0.00
  21      -759.724421424     -9.61e-08      2.98e-04        0.00
  22      -759.724434506     -1.31e-05      1.88e-03        0.01
  23      -759.724434917     -4.10e-07      1.45e-03        0.00
  24      -759.724435694     -7.78e-07      1.43e-03        0.01
  25      -759.724436539     -8.45e-07      6.79e-04        0.00
  26      -759.724436864     -3.25e-07      2.48e-04        0.01
  27      -759.724436979     -1.15e-07      7.44e-05        0.01
  28      -759.724436987     -8.51e-09      6.86e-06        0.01

 SCF converged in 28 iterations.

 Dipole moment (in Debye):               0.000000      -0.000000       0.000000

 Quadrupole moment (in Debye-Angstrom):
                  1            2            3
 1       -23.652514    -0.033177     0.098075
 2        -0.033177   -23.862334    -0.015135
 3         0.098075    -0.015135   -23.822714

 Spin-squared expectation <S^2>:         0.762
 Total spin quantum number S:            0.506
 TOTAL ENERGY:                        -759.724436987
 Saving results in set 'HF'

 --------------------------------------------------------------------------------
                                command: unsoldw12                               
 --------------------------------------------------------------------------------
 Number of AO basis functions:          45

 DF basis set:                           def2-qzvppd-ri
 Number of DF basis functions:         309

 Unrestricted UW12 calculation:          
 Core spatial orbitals:                  0
 Correlated alpha orbitals:             11
 Correlated beta orbitals:              10

 ------------------
  UW12 Correlation 
 ------------------
 Factor for UW12 correlation:            1.000000000
 Same spin scale factor:                 0.000000000
 Calculate indirect contribution:        false
 Method for three electron term:         df_ri
 Auxiliary RI basis set:                 def2-QZVPPD-ri
 Number of RI basis functions:         309
 Gaussians in geminal expansion:         4
 UW12 screening threshold:               1.00e-10
 Method for density-fitting:             w(r)


 Reference energy:                    -759.724436987
 UW12 correlation energy:               -0.070108958
 Total UW12 energy:                   -759.794545945

 --------------------------------------------------------------------------------

 End time:                               Wed Jun 16 09:29:02 2021
 Total wall-clock time:                  2.729 seconds
==================================================================================
