
================================================================================
          _____________ ________ _______________ ________     _________         
         / ___________// ______ \\_____   _____// ______ \   / ________)        
        / /_________  / /      \ \     | |     / /      \ \ | (_______          
       |  __________|| |        | |    | |    | |        | | \________ \        
        \ \_________ | |        | |    | |     \ \______/ /___________) |       
         \__________||_|        |_|    |_|      \________//____________/        
                                                                                
====================================[ Qcore ]===================================

 Git hash:   6a88d58d269bf0d2ccfae91583c23a2b072b7633
 Git date:   Tue, 25 May 2021 10:36:49 +0100
 Compiler:   GNU 9.1.0
 Build type: Release
 Version:    1.3.0

 Start time: Wed Jun 16 09:29:11 2021

 Data directory: /newhome/zw18965/.local/qcore/share/entos/1.3.0/data
 Number of threads: 16
 Number of threads was determined by: number of physical cores

 --------------------------------------------------------------------------------
                                   command: hf                                   
 --------------------------------------------------------------------------------
 AO basis set:                           def2-tzvp
 Number of AO basis functions:          45

 Formula:                                Mn
 Nuclear charge:                        25.000000000
 Total charge:                           0.000000000
 Number of electrons:                   25.000000000

 Number of alpha electrons:             15
 Number of beta electrons:              10
 Number of unpaired electrons:           5
 Spin:                                   5
 Multiplicity:                           septet

 Theory:                                 hf
 Method for Coulomb:                     incore_df
 Method for exact exchange:              pre_transformed_df
 Integral threshold:                     1.00e-12
 DF basis set:                           def2-universal-jkfit
 Number of DF basis functions:         264
 Schwarz screening threshold:            1.00e-10
 Coulomb fitting method:                 Cholesky
 Method for AO orthogonalization:        symmetric
 Threshold for linear dependence:        1.00e-08

 -------------------------------------
  Running unrestricted open-shell SCF 
 -------------------------------------
 Max number of iterations:             128
 Conv. threshold (gradient):             1.00e-05
 Conv. threshold (energy):               1.00e-06
 Interpolation scheme:                   adiis+cdiis
 Initial guess:                          H0

 ---------------------------------------------------------------
                  energy        change          grad        time
 ---------------------------------------------------------------
   0     -1115.820974085                    3.70e+00        0.01
   1     -1109.195100039      6.63e+00      5.83e+00        0.01
   2     -1137.976209393     -2.88e+01      2.91e+00        0.01
   3     -1148.704420439     -1.07e+01      1.21e+00        0.01
   4     -1148.721247988     -1.68e-02      1.50e+00        0.01
   5     -1149.803210398     -1.08e+00      1.72e-01        0.01
   6     -1149.831432237     -2.82e-02      1.40e-01        0.01
   7     -1149.840801038     -9.37e-03      7.31e-02        0.01
   8     -1149.844373787     -3.57e-03      5.40e-02        0.01
   9     -1149.846478840     -2.11e-03      1.36e-02        0.01
  10     -1149.846644533     -1.66e-04      2.36e-03        0.01
  11     -1149.846651210     -6.68e-06      4.46e-04        0.01
  12     -1149.846651462     -2.52e-07      1.91e-04        0.01
  13     -1149.846651501     -3.86e-08      3.01e-05        0.01
  14     -1149.846651503     -1.69e-09      7.92e-06        0.01

 SCF converged in 14 iterations.

 Dipole moment (in Debye):              -0.000000      -0.000000      -0.000000

 Quadrupole moment (in Debye-Angstrom):
                  1            2            3
 1       -19.359763     0.000001    -0.000000
 2         0.000001   -19.359770    -0.000001
 3        -0.000000    -0.000001   -19.359770

 Spin-squared expectation <S^2>:         8.770
 Total spin quantum number S:            2.503
 TOTAL ENERGY:                       -1149.846651503
 Saving results in set 'HF'

 --------------------------------------------------------------------------------
                                command: unsoldw12                               
 --------------------------------------------------------------------------------
 Number of AO basis functions:          45

 DF basis set:                           def2-qzvppd-ri
 Number of DF basis functions:         309

 Unrestricted UW12 calculation:          
 Core spatial orbitals:                  0
 Correlated alpha orbitals:             15
 Correlated beta orbitals:              10

 ------------------
  UW12 Correlation 
 ------------------
 Factor for UW12 correlation:            1.000000000
 Same spin scale factor:                 0.000000000
 Calculate indirect contribution:        false
 Method for three electron term:         df_ri
 Auxiliary RI basis set:                 def2-QZVPPD-ri
 Number of RI basis functions:         309
 Gaussians in geminal expansion:         4
 UW12 screening threshold:               1.00e-10
 Method for density-fitting:             w(r)


 Reference energy:                   -1149.846651503
 UW12 correlation energy:               -0.079802815
 Total UW12 energy:                  -1149.926454318

 --------------------------------------------------------------------------------

 End time:                               Wed Jun 16 09:29:15 2021
 Total wall-clock time:                  3.501 seconds
==================================================================================
