
================================================================================
          _____________ ________ _______________ ________     _________         
         / ___________// ______ \\_____   _____// ______ \   / ________)        
        / /_________  / /      \ \     | |     / /      \ \ | (_______          
       |  __________|| |        | |    | |    | |        | | \________ \        
        \ \_________ | |        | |    | |     \ \______/ /___________) |       
         \__________||_|        |_|    |_|      \________//____________/        
                                                                                
====================================[ Qcore ]===================================

 Git hash:   6a88d58d269bf0d2ccfae91583c23a2b072b7633
 Git date:   Tue, 25 May 2021 10:36:49 +0100
 Compiler:   GNU 9.1.0
 Build type: Release
 Version:    1.3.0

 Start time: Wed Jun 16 09:30:10 2021

 Data directory: /newhome/zw18965/.local/qcore/share/entos/1.3.0/data
 Number of threads: 16
 Number of threads was determined by: number of physical cores

 --------------------------------------------------------------------------------
                                   command: hf                                   
 --------------------------------------------------------------------------------
 AO basis set:                           def2-tzvp
 Number of AO basis functions:          50
 ECP on atom 1 (In):                     28 electrons

 Formula:                                In
 Nuclear charge:                        49.000000000
 Total charge:                           0.000000000
 Number of core electrons:              28
 Number of treated electrons:           21

 Number of alpha electrons:             11
 Number of beta electrons:              10
 Number of unpaired electrons:           1
 Spin:                                   1
 Multiplicity:                           doublet

 Theory:                                 hf
 Method for Coulomb:                     incore_df
 Method for exact exchange:              pre_transformed_df
 Integral threshold:                     1.00e-12
 DF basis set:                           def2-universal-jkfit
 Number of DF basis functions:         218
 Schwarz screening threshold:            1.00e-10
 Coulomb fitting method:                 Cholesky
 Method for AO orthogonalization:        symmetric
 Threshold for linear dependence:        1.00e-08

 -------------------------------------
  Running unrestricted open-shell SCF 
 -------------------------------------
 Max number of iterations:             128
 Conv. threshold (gradient):             1.00e-05
 Conv. threshold (energy):               1.00e-06
 Interpolation scheme:                   adiis+cdiis
 Initial guess:                          H0

 ---------------------------------------------------------------
                  energy        change          grad        time
 ---------------------------------------------------------------
   0      -178.389514821                    3.84e+00        0.00
   1      -154.526675714      2.39e+01      3.84e+00        0.01
   2      -183.922766733     -2.94e+01      3.09e+00        0.00
   3      -188.924349868     -5.00e+00      4.53e-01        0.00
   4      -189.150875719     -2.27e-01      2.98e-01        0.00
   5      -189.198001150     -4.71e-02      9.49e-02        0.00
   6      -189.207757257     -9.76e-03      5.15e-02        0.00
   7      -189.210011207     -2.25e-03      2.57e-03        0.00
   8      -189.210024983     -1.38e-05      8.87e-04        0.00
   9      -189.210026160     -1.18e-06      1.03e-04        0.00
  10      -189.210026173     -1.26e-08      2.81e-05        0.01
  11      -189.210026174     -7.46e-10      2.32e-06        0.01

 SCF converged in 11 iterations.

 Dipole moment (in Debye):               0.000000      -0.000000      -0.000000

 Quadrupole moment (in Debye-Angstrom):
                  1            2            3
 1       -31.065991     1.170034     1.835974
 2         1.170034   -22.788285    -0.254523
 3         1.835974    -0.254523   -23.025470

 Spin-squared expectation <S^2>:         0.763
 Total spin quantum number S:            0.506
 TOTAL ENERGY:                        -189.210026174
 Saving results in set 'HF'

 --------------------------------------------------------------------------------
                                command: unsoldw12                               
 --------------------------------------------------------------------------------
 Number of AO basis functions:          50

 DF basis set:                           def2-qzvppd-ri
 Number of DF basis functions:         292

 Unrestricted UW12 calculation:          
 Core spatial orbitals:                  0
 Correlated alpha orbitals:             11
 Correlated beta orbitals:              10

 ------------------
  UW12 Correlation 
 ------------------
 Factor for UW12 correlation:            1.000000000
 Same spin scale factor:                 0.000000000
 Calculate indirect contribution:        false
 Method for three electron term:         df_ri
 Auxiliary RI basis set:                 def2-QZVPPD-ri
 Number of RI basis functions:         292
 Gaussians in geminal expansion:         4
 UW12 screening threshold:               1.00e-10
 Method for density-fitting:             w(r)


 Reference energy:                    -189.210026174
 UW12 correlation energy:               -0.119472598
 Total UW12 energy:                   -189.329498772

 --------------------------------------------------------------------------------

 End time:                               Wed Jun 16 09:30:15 2021
 Total wall-clock time:                  4.797 seconds
==================================================================================
