
================================================================================
          _____________ ________ _______________ ________     _________         
         / ___________// ______ \\_____   _____// ______ \   / ________)        
        / /_________  / /      \ \     | |     / /      \ \ | (_______          
       |  __________|| |        | |    | |    | |        | | \________ \        
        \ \_________ | |        | |    | |     \ \______/ /___________) |       
         \__________||_|        |_|    |_|      \________//____________/        
                                                                                
====================================[ Qcore ]===================================

 Git hash:   6a88d58d269bf0d2ccfae91583c23a2b072b7633
 Git date:   Tue, 25 May 2021 10:36:49 +0100
 Compiler:   GNU 9.1.0
 Build type: Release
 Version:    1.3.0

 Start time: Wed Jun 16 09:30:53 2021

 Data directory: /newhome/zw18965/.local/qcore/share/entos/1.3.0/data
 Number of threads: 16
 Number of threads was determined by: number of physical cores

 --------------------------------------------------------------------------------
                                   command: hf                                   
 --------------------------------------------------------------------------------
 AO basis set:                           def2-tzvp
 Number of AO basis functions:          40
 ECP on atom 1 (Os):                     60 electrons

 Formula:                                Os
 Nuclear charge:                        76.000000000
 Total charge:                           0.000000000
 Number of core electrons:              60
 Number of treated electrons:           16

 Number of alpha electrons:             10
 Number of beta electrons:               6
 Number of unpaired electrons:           4
 Spin:                                   4
 Multiplicity:                           quintet

 Theory:                                 hf
 Method for Coulomb:                     incore_df
 Method for exact exchange:              pre_transformed_df
 Integral threshold:                     1.00e-12
 DF basis set:                           def2-universal-jkfit
 Number of DF basis functions:         227
 Schwarz screening threshold:            1.00e-10
 Coulomb fitting method:                 Cholesky
 Method for AO orthogonalization:        symmetric
 Threshold for linear dependence:        1.00e-08

 -------------------------------------
  Running unrestricted open-shell SCF 
 -------------------------------------
 Max number of iterations:             128
 Conv. threshold (gradient):             1.00e-05
 Conv. threshold (energy):               1.00e-06
 Interpolation scheme:                   adiis+cdiis
 Initial guess:                          H0

 ---------------------------------------------------------------
                  energy        change          grad        time
 ---------------------------------------------------------------
   0       -83.646780396                    2.29e+00        0.00
   1       -83.282294849      3.64e-01      1.53e+00        0.00
   2       -87.747170014     -4.46e+00      1.51e+00        0.00
   3       -89.764940049     -2.02e+00      1.84e-01        0.00
   4       -89.782617862     -1.77e-02      8.11e-02        0.00
   5       -89.786902683     -4.28e-03      4.61e-02        0.00
   6       -89.789095831     -2.19e-03      3.42e-02        0.00
   7       -89.791327150     -2.23e-03      3.66e-02        0.00
   8       -89.793155840     -1.83e-03      3.67e-02        0.00
   9       -89.803018727     -9.86e-03      4.01e-02        0.00
  10       -89.788191141      1.48e-02      3.69e-02        0.00
  11       -89.803074668     -1.49e-02      3.22e-02        0.00
  12       -89.807057523     -3.98e-03      4.09e-02        0.00
  13       -89.807035842      2.17e-05      4.10e-02        0.00
  14       -89.809172409     -2.14e-03      3.57e-02        0.00
  15       -89.807964260      1.21e-03      5.03e-02        0.00
  16       -89.808224165     -2.60e-04      5.54e-02        0.00
  17       -89.807022177      1.20e-03      5.79e-02        0.00
  18       -89.807647156     -6.25e-04      5.98e-02        0.00
  19       -89.807171669      4.75e-04      6.22e-02        0.00
  20       -89.806154775      1.02e-03      6.32e-02        0.00
  21       -89.810272562     -4.12e-03      1.55e-02        0.00
  22       -89.810383618     -1.11e-04      1.36e-02        0.00
  23       -89.810426511     -4.29e-05      1.32e-02        0.00
  24       -89.810386200      4.03e-05      1.31e-02        0.00
  25       -89.810416550     -3.04e-05      1.36e-02        0.00
  26       -89.810862965     -4.46e-04      1.39e-02        0.00
  27       -89.811712969     -8.50e-04      1.25e-02        0.00
  28       -89.812191736     -4.79e-04      1.18e-02        0.00
  29       -89.813346863     -1.16e-03      1.00e-02        0.00
  30       -89.813417442     -7.06e-05      8.57e-03        0.00
  31       -89.813431160     -1.37e-05      6.06e-03        0.00
  32       -89.813434801     -3.64e-06      3.07e-03        0.00
  33       -89.813463010     -2.82e-05      2.01e-03        0.00
  34       -89.813469778     -6.77e-06      1.39e-03        0.00
  35       -89.813474329     -4.55e-06      1.41e-03        0.00
  36       -89.813484860     -1.05e-05      9.38e-04        0.00
  37       -89.813489800     -4.94e-06      5.77e-04        0.00
  38       -89.813492437     -2.64e-06      5.43e-04        0.00
  39       -89.813492222      2.14e-07      5.56e-04        0.00
  40       -89.813491938      2.84e-07      5.48e-04        0.00
  41       -89.813491538      4.00e-07      4.98e-04        0.00
  42       -89.813491088      4.51e-07      4.31e-04        0.00
  43       -89.813491463     -3.76e-07      3.91e-04        0.00
  44       -89.813494696     -3.23e-06      3.53e-04        0.00
  45       -89.813496642     -1.95e-06      3.29e-04        0.00
  46       -89.813500217     -3.58e-06      2.69e-04        0.00
  47       -89.813501861     -1.64e-06      2.41e-04        0.00
  48       -89.813503608     -1.75e-06      2.43e-04        0.00
  49       -89.813503527      8.15e-08      2.30e-04        0.00
  50       -89.813504430     -9.03e-07      2.25e-04        0.00
  51       -89.813506808     -2.38e-06      1.90e-04        0.00
  52       -89.813513163     -6.36e-06      4.48e-04        0.00
  53       -89.813513081      8.16e-08      6.35e-04        0.00
  54       -89.813512885      1.96e-07      6.83e-04        0.00
  55       -89.813513419     -5.34e-07      2.02e-04        0.00
  56       -89.813513448     -2.96e-08      1.66e-04        0.00
  57       -89.813513476     -2.75e-08      1.05e-04        0.00
  58       -89.813513479     -3.21e-09      1.08e-04        0.00
  59       -89.813513495     -1.61e-08      4.70e-05        0.00
  60       -89.813513491      4.19e-09      3.50e-05        0.00
  61       -89.813513494     -3.19e-09      4.41e-05        0.00
  62       -89.813513501     -7.04e-09      2.18e-05        0.00
  63       -89.813513505     -3.36e-09      1.90e-05        0.00
  64       -89.813513505     -6.70e-10      1.40e-05        0.00
  65       -89.813513504      1.46e-09      9.87e-06        0.00

 SCF converged in 65 iterations.

 Dipole moment (in Debye):               0.000000      -0.000000       0.000001

 Quadrupole moment (in Debye-Angstrom):
                  1            2            3
 1       -23.044732     0.364038    -0.250724
 2         0.364038   -24.157982    -0.078046
 3        -0.250724    -0.078046   -24.213898

 Spin-squared expectation <S^2>:         6.005
 Total spin quantum number S:            2.001
 TOTAL ENERGY:                         -89.813513503
 Saving results in set 'HF'

 --------------------------------------------------------------------------------
                                command: unsoldw12                               
 --------------------------------------------------------------------------------
 Number of AO basis functions:          40

 DF basis set:                           def2-qzvppd-ri
 Number of DF basis functions:         252

 Unrestricted UW12 calculation:          
 Core spatial orbitals:                  0
 Correlated alpha orbitals:             10
 Correlated beta orbitals:               6

 ------------------
  UW12 Correlation 
 ------------------
 Factor for UW12 correlation:            1.000000000
 Same spin scale factor:                 0.000000000
 Calculate indirect contribution:        false
 Method for three electron term:         df_ri
 Auxiliary RI basis set:                 def2-QZVPPD-ri
 Number of RI basis functions:         252
 Gaussians in geminal expansion:         4
 UW12 screening threshold:               1.00e-10
 Method for density-fitting:             w(r)


 Reference energy:                     -89.813513503
 UW12 correlation energy:               -0.094923957
 Total UW12 energy:                    -89.908437460

 --------------------------------------------------------------------------------

 End time:                               Wed Jun 16 09:30:55 2021
 Total wall-clock time:                  1.854 seconds
==================================================================================
