
================================================================================
          _____________ ________ _______________ ________     _________         
         / ___________// ______ \\_____   _____// ______ \   / ________)        
        / /_________  / /      \ \     | |     / /      \ \ | (_______          
       |  __________|| |        | |    | |    | |        | | \________ \        
        \ \_________ | |        | |    | |     \ \______/ /___________) |       
         \__________||_|        |_|    |_|      \________//____________/        
                                                                                
====================================[ Qcore ]===================================

 Git hash:   6a88d58d269bf0d2ccfae91583c23a2b072b7633
 Git date:   Tue, 25 May 2021 10:36:49 +0100
 Compiler:   GNU 9.1.0
 Build type: Release
 Version:    1.3.0

 Start time: Tue Jun 15 12:57:21 2021

 Data directory: /newhome/zw18965/.local/qcore/share/entos/1.3.0/data
 Number of threads: 16
 Number of threads was determined by: number of physical cores

 --------------------------------------------------------------------------------
                                   command: dft                                  
 --------------------------------------------------------------------------------
 AO basis set:                           def2-svp
 Number of AO basis functions:           9

 Formula:                                Li
 Nuclear charge:                         3.000000000
 Total charge:                           0.000000000
 Number of electrons:                    3.000000000

 Number of alpha electrons:              2
 Number of beta electrons:               1
 Number of unpaired electrons:           1
 Spin:                                   1
 Multiplicity:                           doublet

 Theory:                                 hf
 Method for Coulomb:                     incore_df
 Method for exact exchange:              pre_transformed_df
 Integral threshold:                     1.00e-12
 DF basis set:                           def2-universal-jkfit
 Number of DF basis functions:          51
 Schwarz screening threshold:            1.00e-10
 Coulomb fitting method:                 Cholesky
 Method for AO orthogonalization:        symmetric
 Threshold for linear dependence:        1.00e-08

 -------------------------------------
  Running unrestricted open-shell SCF 
 -------------------------------------
 Max number of iterations:             128
 Conv. threshold (gradient):             1.00e-05
 Conv. threshold (energy):               1.00e-06
 Interpolation scheme:                   adiis+cdiis
 Initial guess:                          SAD

 ---------------------------------------------------------------
                  energy        change          grad        time
 ---------------------------------------------------------------
   0        -7.367926875                    1.28e-02        0.00
   1        -7.422886205     -5.50e-02      2.03e-02        0.00
   2        -7.424523432     -1.64e-03      9.76e-03        0.00
   3        -7.425068130     -5.45e-04      2.28e-04        0.00
   4        -7.425068280     -1.50e-07      2.83e-06        0.00

 SCF converged in 4 iterations.

 Dipole moment (in Debye):               0.000000       0.000000      -0.000000

 Quadrupole moment (in Debye-Angstrom):
                  1            2            3
 1        -8.716748     0.000000     0.000000
 2         0.000000    -8.716748    -0.000000
 3         0.000000    -0.000000    -8.716748

 Spin-squared expectation <S^2>:         0.750
 Total spin quantum number S:            0.500
 TOTAL ENERGY:                          -7.425068280
 Saving results in set 'HF'

 --------------------------------------------------------------------------------
                                   command: dft                                  
 --------------------------------------------------------------------------------
 Projecting orbitals from old basis (9 functions) to new basis (9 functions)

 AO basis set:                           def2-svp
 Number of AO basis functions:           9
 Radial threshold:                       1.00e-08

 Formula:                                Li
 Nuclear charge:                         3.000000000
 Total charge:                           0.000000000
 Number of electrons:                    3.000000000

 Number of alpha electrons:              2
 Number of beta electrons:               1
 Number of unpaired electrons:           1
 Spin:                                   1
 Multiplicity:                           doublet

 Theory:                                 hf
 Method for Coulomb:                     incore_df
 Method for exact exchange:              pre_transformed_df
 Integral threshold:                     1.00e-12
 DF basis set:                           def2-qzvppd-ri
 Number of DF basis functions:         101
 Schwarz screening threshold:            1.00e-10
 Coulomb fitting method:                 Cholesky
 Time for pre-computing density fitting integrals:       0.003 seconds

 ------------------
  UW12 Correlation 
 ------------------
 Factor for UW12 correlation:            1.000000000
 Same spin scale factor:                 0.000000000
 Calculate indirect contribution:        false
 Method for three electron term:         quadrature
 Gaussians in geminal expansion:         4
 UW12 screening threshold:               1.00e-12
 Method for density-fitting:             w(r)
 Number of core spatial orbitals:        1

 Total number of grid points:         6572
 Total number of batches:              361
 Maximum # of points per batch:        469
 Minimum # of points per batch:          0
 Average # of points per batch:         18
 Maximum batch gyradius:                 3.277899318
 Minimum batch gyradius:                 0.000000000
 Average batch gyradius:                 1.380160083
 Time for building XC grid:                              0.011 seconds
 Method for AO orthogonalization:        symmetric
 Threshold for linear dependence:        1.00e-08

 -------------------------------------
  Running unrestricted open-shell SCF 
 -------------------------------------
 Max number of iterations:               0
 Conv. threshold (gradient):             1.00e-05
 Conv. threshold (energy):               1.00e-06
 Interpolation scheme:                   adiis+cdiis

 ---------------------------------------------------------------
                  energy        change          grad        time
 ---------------------------------------------------------------
 UW12 two electron energy:               0.000000000
 UW12 three electron energy:             0.000000000
 UW12 four electron energy:              0.000000000
 Total UW12 energy:                      0.000000000
 Time for DF-K:                                          0.000 seconds
 Time for DF-J:                                          0.000 seconds
 Dipole moment (in Debye):               0.000000       0.000000      -0.000000

 Quadrupole moment (in Debye-Angstrom):
                  1            2            3
 1        -8.716748     0.000000     0.000000
 2         0.000000    -8.716748    -0.000000
 3         0.000000    -0.000000    -8.716748

 Spin-squared expectation <S^2>:         0.750
 Total spin quantum number S:            0.500
 TOTAL ENERGY:                          -7.425067000

 --------------------------------------------------------------------------------

 End time:                               Tue Jun 15 12:57:21 2021
 Total wall-clock time:                  0.175 seconds
==================================================================================
