
================================================================================
          _____________ ________ _______________ ________     _________         
         / ___________// ______ \\_____   _____// ______ \   / ________)        
        / /_________  / /      \ \     | |     / /      \ \ | (_______          
       |  __________|| |        | |    | |    | |        | | \________ \        
        \ \_________ | |        | |    | |     \ \______/ /___________) |       
         \__________||_|        |_|    |_|      \________//____________/        
                                                                                
====================================[ Qcore ]===================================

 Git hash:   6a88d58d269bf0d2ccfae91583c23a2b072b7633
 Git date:   Tue, 25 May 2021 10:36:49 +0100
 Compiler:   GNU 9.1.0
 Build type: Release
 Version:    1.3.0

 Start time: Tue Jun 15 12:57:22 2021

 Data directory: /newhome/zw18965/.local/qcore/share/entos/1.3.0/data
 Number of threads: 16
 Number of threads was determined by: number of physical cores

 --------------------------------------------------------------------------------
                                   command: dft                                  
 --------------------------------------------------------------------------------
 AO basis set:                           def2-svp
 Number of AO basis functions:          14

 Formula:                                B
 Nuclear charge:                         5.000000000
 Total charge:                           0.000000000
 Number of electrons:                    5.000000000

 Number of alpha electrons:              3
 Number of beta electrons:               2
 Number of unpaired electrons:           1
 Spin:                                   1
 Multiplicity:                           doublet

 Theory:                                 hf
 Method for Coulomb:                     incore_df
 Method for exact exchange:              pre_transformed_df
 Integral threshold:                     1.00e-12
 DF basis set:                           def2-universal-jkfit
 Number of DF basis functions:          75
 Schwarz screening threshold:            1.00e-10
 Coulomb fitting method:                 Cholesky
 Method for AO orthogonalization:        symmetric
 Threshold for linear dependence:        1.00e-08

 -------------------------------------
  Running unrestricted open-shell SCF 
 -------------------------------------
 Max number of iterations:             128
 Conv. threshold (gradient):             1.00e-05
 Conv. threshold (energy):               1.00e-06
 Interpolation scheme:                   adiis+cdiis
 Initial guess:                          SAD

 ---------------------------------------------------------------
                  energy        change          grad        time
 ---------------------------------------------------------------
   0       -24.342072969                    3.03e-03        0.00
   1       -24.485194917     -1.43e-01      7.23e-02        0.00
   2       -24.497349148     -1.22e-02      2.97e-02        0.00
   3       -24.500340368     -2.99e-03      8.17e-03        0.00
   4       -24.500540305     -2.00e-04      2.31e-03        0.00
   5       -24.500554112     -1.38e-05      2.96e-04        0.00
   6       -24.500554286     -1.73e-07      4.81e-05        0.00
   7       -24.500554288     -2.49e-09      1.75e-06        0.00

 SCF converged in 7 iterations.

 Dipole moment (in Debye):               0.000000      -0.000000       0.000000

 Quadrupole moment (in Debye-Angstrom):
                  1            2            3
 1        -6.035672     0.000000     0.000000
 2         0.000000    -9.198813     0.000000
 3         0.000000     0.000000    -6.035672

 Spin-squared expectation <S^2>:         0.756
 Total spin quantum number S:            0.503
 TOTAL ENERGY:                         -24.500554288
 Saving results in set 'HF'

 --------------------------------------------------------------------------------
                                   command: dft                                  
 --------------------------------------------------------------------------------
 Projecting orbitals from old basis (14 functions) to new basis (14 functions)

 AO basis set:                           def2-svp
 Number of AO basis functions:          14
 Radial threshold:                       1.00e-08

 Formula:                                B
 Nuclear charge:                         5.000000000
 Total charge:                           0.000000000
 Number of electrons:                    5.000000000

 Number of alpha electrons:              3
 Number of beta electrons:               2
 Number of unpaired electrons:           1
 Spin:                                   1
 Multiplicity:                           doublet

 Theory:                                 hf
 Method for Coulomb:                     incore_df
 Method for exact exchange:              pre_transformed_df
 Integral threshold:                     1.00e-12
 DF basis set:                           def2-qzvppd-ri
 Number of DF basis functions:         157
 Schwarz screening threshold:            1.00e-10
 Coulomb fitting method:                 Cholesky
 Time for pre-computing density fitting integrals:       0.009 seconds

 ------------------
  UW12 Correlation 
 ------------------
 Factor for UW12 correlation:            1.000000000
 Same spin scale factor:                 0.000000000
 Calculate indirect contribution:        false
 Method for three electron term:         quadrature
 Gaussians in geminal expansion:         4
 UW12 screening threshold:               1.00e-12
 Method for density-fitting:             w(r)
 Number of core spatial orbitals:        1

 Total number of grid points:         6800
 Total number of batches:              320
 Maximum # of points per batch:        487
 Minimum # of points per batch:          0
 Average # of points per batch:         21
 Maximum batch gyradius:                 2.367371730
 Minimum batch gyradius:                 0.000000000
 Average batch gyradius:                 1.160826912
 Time for building XC grid:                              0.011 seconds
 Method for AO orthogonalization:        symmetric
 Threshold for linear dependence:        1.00e-08

 -------------------------------------
  Running unrestricted open-shell SCF 
 -------------------------------------
 Max number of iterations:               0
 Conv. threshold (gradient):             1.00e-05
 Conv. threshold (energy):               1.00e-06
 Interpolation scheme:                   adiis+cdiis

 ---------------------------------------------------------------
                  energy        change          grad        time
 ---------------------------------------------------------------
 UW12 two electron energy:              -0.148193784
 UW12 three electron energy:             0.266003869
 UW12 four electron energy:             -0.127073588
 Total UW12 energy:                     -0.009263504
 Time for DF-K:                                          0.000 seconds
 Time for DF-J:                                          0.000 seconds
 Dipole moment (in Debye):               0.000000      -0.000000       0.000000

 Quadrupole moment (in Debye-Angstrom):
                  1            2            3
 1        -6.035672     0.000000     0.000000
 2         0.000000    -9.198813     0.000000
 3         0.000000     0.000000    -6.035672

 Spin-squared expectation <S^2>:         0.756
 Total spin quantum number S:            0.503
 TOTAL ENERGY:                         -24.509821691

 --------------------------------------------------------------------------------

 End time:                               Tue Jun 15 12:57:22 2021
 Total wall-clock time:                  0.226 seconds
==================================================================================
