
================================================================================
          _____________ ________ _______________ ________     _________         
         / ___________// ______ \\_____   _____// ______ \   / ________)        
        / /_________  / /      \ \     | |     / /      \ \ | (_______          
       |  __________|| |        | |    | |    | |        | | \________ \        
        \ \_________ | |        | |    | |     \ \______/ /___________) |       
         \__________||_|        |_|    |_|      \________//____________/        
                                                                                
====================================[ Qcore ]===================================

 Git hash:   6a88d58d269bf0d2ccfae91583c23a2b072b7633
 Git date:   Tue, 25 May 2021 10:36:49 +0100
 Compiler:   GNU 9.1.0
 Build type: Release
 Version:    1.3.0

 Start time: Tue Jun 15 12:57:25 2021

 Data directory: /newhome/zw18965/.local/qcore/share/entos/1.3.0/data
 Number of threads: 16
 Number of threads was determined by: number of physical cores

 --------------------------------------------------------------------------------
                                   command: dft                                  
 --------------------------------------------------------------------------------
 AO basis set:                           def2-svp
 Number of AO basis functions:          18

 Formula:                                P
 Nuclear charge:                        15.000000000
 Total charge:                           0.000000000
 Number of electrons:                   15.000000000

 Number of alpha electrons:              9
 Number of beta electrons:               6
 Number of unpaired electrons:           3
 Spin:                                   3
 Multiplicity:                           quartet

 Theory:                                 hf
 Method for Coulomb:                     incore_df
 Method for exact exchange:              pre_transformed_df
 Integral threshold:                     1.00e-12
 DF basis set:                           def2-universal-jkfit
 Number of DF basis functions:         128
 Schwarz screening threshold:            1.00e-10
 Coulomb fitting method:                 Cholesky
 Method for AO orthogonalization:        symmetric
 Threshold for linear dependence:        1.00e-08

 -------------------------------------
  Running unrestricted open-shell SCF 
 -------------------------------------
 Max number of iterations:             128
 Conv. threshold (gradient):             1.00e-05
 Conv. threshold (energy):               1.00e-06
 Interpolation scheme:                   adiis+cdiis
 Initial guess:                          SAD

 ---------------------------------------------------------------
                  energy        change          grad        time
 ---------------------------------------------------------------
   0      -340.241826337                    2.90e-02        0.00
   1      -340.589726553     -3.48e-01      6.05e-02        0.00
   2      -340.597055143     -7.33e-03      1.45e-02        0.00
   3      -340.597388789     -3.34e-04      5.54e-03        0.00
   4      -340.597439609     -5.08e-05      1.57e-03        0.00
   5      -340.597443444     -3.84e-06      1.41e-04        0.00
   6      -340.597443464     -1.93e-08      7.50e-06        0.00

 SCF converged in 6 iterations.

 Dipole moment (in Debye):              -0.000000       0.000000       0.000000

 Quadrupole moment (in Debye-Angstrom):
                  1            2            3
 1       -13.279304    -0.000000     0.000000
 2        -0.000000   -13.279304     0.000000
 3         0.000000     0.000000   -13.279304

 Spin-squared expectation <S^2>:         3.750
 Total spin quantum number S:            1.500
 TOTAL ENERGY:                        -340.597443464
 Saving results in set 'HF'

 --------------------------------------------------------------------------------
                                   command: dft                                  
 --------------------------------------------------------------------------------
 Projecting orbitals from old basis (18 functions) to new basis (18 functions)

 AO basis set:                           def2-svp
 Number of AO basis functions:          18
 Radial threshold:                       1.00e-08

 Formula:                                P
 Nuclear charge:                        15.000000000
 Total charge:                           0.000000000
 Number of electrons:                   15.000000000

 Number of alpha electrons:              9
 Number of beta electrons:               6
 Number of unpaired electrons:           3
 Spin:                                   3
 Multiplicity:                           quartet

 Theory:                                 hf
 Method for Coulomb:                     incore_df
 Method for exact exchange:              pre_transformed_df
 Integral threshold:                     1.00e-12
 DF basis set:                           def2-qzvppd-ri
 Number of DF basis functions:         183
 Schwarz screening threshold:            1.00e-10
 Coulomb fitting method:                 Cholesky
 Time for pre-computing density fitting integrals:       0.014 seconds

 ------------------
  UW12 Correlation 
 ------------------
 Factor for UW12 correlation:            1.000000000
 Same spin scale factor:                 0.000000000
 Calculate indirect contribution:        false
 Method for three electron term:         quadrature
 Gaussians in geminal expansion:         4
 UW12 screening threshold:               1.00e-12
 Method for density-fitting:             w(r)
 Number of core spatial orbitals:        5

 Total number of grid points:         7350
 Total number of batches:              225
 Maximum # of points per batch:        473
 Minimum # of points per batch:          0
 Average # of points per batch:         32
 Maximum batch gyradius:                 2.272021171
 Minimum batch gyradius:                 0.000000000
 Average batch gyradius:                 1.074940559
 Time for building XC grid:                              0.013 seconds
 Method for AO orthogonalization:        symmetric
 Threshold for linear dependence:        1.00e-08

 -------------------------------------
  Running unrestricted open-shell SCF 
 -------------------------------------
 Max number of iterations:               0
 Conv. threshold (gradient):             1.00e-05
 Conv. threshold (energy):               1.00e-06
 Interpolation scheme:                   adiis+cdiis

 ---------------------------------------------------------------
                  energy        change          grad        time
 ---------------------------------------------------------------
 UW12 two electron energy:              -0.287281498
 UW12 three electron energy:             0.519760266
 UW12 four electron energy:             -0.247655554
 Total UW12 energy:                     -0.015176787
 Time for DF-K:                                          0.000 seconds
 Time for DF-J:                                          0.000 seconds
 Dipole moment (in Debye):              -0.000000       0.000000       0.000000

 Quadrupole moment (in Debye-Angstrom):
                  1            2            3
 1       -13.279304    -0.000000     0.000000
 2        -0.000000   -13.279304     0.000000
 3         0.000000     0.000000   -13.279304

 Spin-squared expectation <S^2>:         3.750
 Total spin quantum number S:            1.500
 TOTAL ENERGY:                        -340.613639059

 --------------------------------------------------------------------------------

 End time:                               Tue Jun 15 12:57:25 2021
 Total wall-clock time:                  0.345 seconds
==================================================================================
