
================================================================================
          _____________ ________ _______________ ________     _________         
         / ___________// ______ \\_____   _____// ______ \   / ________)        
        / /_________  / /      \ \     | |     / /      \ \ | (_______          
       |  __________|| |        | |    | |    | |        | | \________ \        
        \ \_________ | |        | |    | |     \ \______/ /___________) |       
         \__________||_|        |_|    |_|      \________//____________/        
                                                                                
====================================[ Qcore ]===================================

 Git hash:   6a88d58d269bf0d2ccfae91583c23a2b072b7633
 Git date:   Tue, 25 May 2021 10:36:49 +0100
 Compiler:   GNU 9.1.0
 Build type: Release
 Version:    1.3.0

 Start time: Tue Jun 15 12:57:37 2021

 Data directory: /newhome/zw18965/.local/qcore/share/entos/1.3.0/data
 Number of threads: 16
 Number of threads was determined by: number of physical cores

 --------------------------------------------------------------------------------
                                   command: dft                                  
 --------------------------------------------------------------------------------
 AO basis set:                           def2-svp
 Number of AO basis functions:          32

 Formula:                                Ga
 Nuclear charge:                        31.000000000
 Total charge:                           0.000000000
 Number of electrons:                   31.000000000

 Number of alpha electrons:             16
 Number of beta electrons:              15
 Number of unpaired electrons:           1
 Spin:                                   1
 Multiplicity:                           doublet

 Theory:                                 hf
 Method for Coulomb:                     incore_df
 Method for exact exchange:              pre_transformed_df
 Integral threshold:                     1.00e-12
 DF basis set:                           def2-universal-jkfit
 Number of DF basis functions:         266
 Schwarz screening threshold:            1.00e-10
 Coulomb fitting method:                 Cholesky
 Method for AO orthogonalization:        symmetric
 Threshold for linear dependence:        1.00e-08

 -------------------------------------
  Running unrestricted open-shell SCF 
 -------------------------------------
 Max number of iterations:             128
 Conv. threshold (gradient):             1.00e-05
 Conv. threshold (energy):               1.00e-06
 Interpolation scheme:                   adiis+cdiis
 Initial guess:                          SAD

 ---------------------------------------------------------------
                  energy        change          grad        time
 ---------------------------------------------------------------
   0     -1922.867343321                    1.69e-03        0.00
   1     -1922.967439922     -1.00e-01      4.73e-02        0.00
   2     -1922.972824133     -5.38e-03      2.34e-02        0.00
   3     -1922.974010399     -1.19e-03      5.15e-03        0.00
   4     -1922.974061193     -5.08e-05      2.28e-03        0.00
   5     -1922.974068778     -7.58e-06      5.40e-04        0.00
   6     -1922.974069576     -7.98e-07      7.93e-05        0.00
   7     -1922.974069589     -1.21e-08      5.95e-06        0.00

 SCF converged in 7 iterations.

 Dipole moment (in Debye):              -0.000000       0.000000       0.000000

 Quadrupole moment (in Debye-Angstrom):
                  1            2            3
 1       -15.665982    -0.000000    -0.000000
 2        -0.000000   -22.722670     0.000000
 3        -0.000000     0.000000   -15.665982

 Spin-squared expectation <S^2>:         0.759
 Total spin quantum number S:            0.505
 TOTAL ENERGY:                       -1922.974069589
 Saving results in set 'HF'

 --------------------------------------------------------------------------------
                                   command: dft                                  
 --------------------------------------------------------------------------------
 Projecting orbitals from old basis (32 functions) to new basis (32 functions)

 AO basis set:                           def2-svp
 Number of AO basis functions:          32
 Radial threshold:                       1.00e-08

 Formula:                                Ga
 Nuclear charge:                        31.000000000
 Total charge:                           0.000000000
 Number of electrons:                   31.000000000

 Number of alpha electrons:             16
 Number of beta electrons:              15
 Number of unpaired electrons:           1
 Spin:                                   1
 Multiplicity:                           doublet

 Theory:                                 hf
 Method for Coulomb:                     incore_df
 Method for exact exchange:              pre_transformed_df
 Integral threshold:                     1.00e-12
 DF basis set:                           def2-qzvppd-ri
 Number of DF basis functions:         314
 Schwarz screening threshold:            1.00e-10
 Coulomb fitting method:                 Cholesky
 Time for pre-computing density fitting integrals:       0.045 seconds

 ------------------
  UW12 Correlation 
 ------------------
 Factor for UW12 correlation:            1.000000000
 Same spin scale factor:                 0.000000000
 Calculate indirect contribution:        false
 Method for three electron term:         quadrature
 Gaussians in geminal expansion:         4
 UW12 screening threshold:               1.00e-12
 Method for density-fitting:             w(r)
 Number of core spatial orbitals:        9

 Total number of grid points:         8020
 Total number of batches:              285
 Maximum # of points per batch:        469
 Minimum # of points per batch:          0
 Average # of points per batch:         28
 Maximum batch gyradius:                 2.385303581
 Minimum batch gyradius:                 0.000000000
 Average batch gyradius:                 1.139064424
 Time for building XC grid:                              0.015 seconds
 Method for AO orthogonalization:        symmetric
 Threshold for linear dependence:        1.00e-08

 -------------------------------------
  Running unrestricted open-shell SCF 
 -------------------------------------
 Max number of iterations:               0
 Conv. threshold (gradient):             1.00e-05
 Conv. threshold (energy):               1.00e-06
 Interpolation scheme:                   adiis+cdiis

 ---------------------------------------------------------------
                  energy        change          grad        time
 ---------------------------------------------------------------
 UW12 two electron energy:              -7.658307728
 UW12 three electron energy:            14.846667112
 UW12 four electron energy:             -7.259483510
 Total UW12 energy:                     -0.071124126
 Time for DF-K:                                          0.001 seconds
 Time for DF-J:                                          0.000 seconds
 Dipole moment (in Debye):              -0.000000       0.000000       0.000000

 Quadrupole moment (in Debye-Angstrom):
                  1            2            3
 1       -15.665982    -0.000000    -0.000000
 2        -0.000000   -22.722670     0.000000
 3        -0.000000     0.000000   -15.665982

 Spin-squared expectation <S^2>:         0.759
 Total spin quantum number S:            0.505
 TOTAL ENERGY:                       -1923.201789208

 --------------------------------------------------------------------------------

 End time:                               Tue Jun 15 12:57:38 2021
 Total wall-clock time:                  0.928 seconds
==================================================================================
