
================================================================================
          _____________ ________ _______________ ________     _________         
         / ___________// ______ \\_____   _____// ______ \   / ________)        
        / /_________  / /      \ \     | |     / /      \ \ | (_______          
       |  __________|| |        | |    | |    | |        | | \________ \        
        \ \_________ | |        | |    | |     \ \______/ /___________) |       
         \__________||_|        |_|    |_|      \________//____________/        
                                                                                
====================================[ Qcore ]===================================

 Git hash:   6a88d58d269bf0d2ccfae91583c23a2b072b7633
 Git date:   Tue, 25 May 2021 10:36:49 +0100
 Compiler:   GNU 9.1.0
 Build type: Release
 Version:    1.3.0

 Start time: Tue Jun 15 13:22:03 2021

 Data directory: /newhome/zw18965/.local/qcore/share/entos/1.3.0/data
 Number of threads: 16
 Number of threads was determined by: number of physical cores

 --------------------------------------------------------------------------------
                                   command: dft                                  
 --------------------------------------------------------------------------------
 AO basis set:                           def2-svp
 Number of AO basis functions:          32
 ECP on atom 1 (Ta):                     60 electrons

 Formula:                                Ta
 Nuclear charge:                        73.000000000
 Total charge:                           0.000000000
 Number of core electrons:              60
 Number of treated electrons:           13

 Number of alpha electrons:              8
 Number of beta electrons:               5
 Number of unpaired electrons:           3
 Spin:                                   3
 Multiplicity:                           quartet

 Theory:                                 hf
 Method for Coulomb:                     incore_df
 Method for exact exchange:              pre_transformed_df
 Integral threshold:                     1.00e-12
 DF basis set:                           def2-universal-jkfit
 Number of DF basis functions:         227
 Schwarz screening threshold:            1.00e-10
 Coulomb fitting method:                 Cholesky
 Method for AO orthogonalization:        symmetric
 Threshold for linear dependence:        1.00e-08

 -------------------------------------
  Running unrestricted open-shell SCF 
 -------------------------------------
 Max number of iterations:             128
 Conv. threshold (gradient):             1.00e-05
 Conv. threshold (energy):               1.00e-06
 Interpolation scheme:                   adiis+cdiis
 Initial guess:                          SAD

 ---------------------------------------------------------------
                  energy        change          grad        time
 ---------------------------------------------------------------
   0       -55.799549184                    1.06e-02        0.00
   1       -56.231048056     -4.31e-01      9.88e-02        0.00
   2       -56.273167920     -4.21e-02      5.94e-02        0.00
   3       -56.278673071     -5.51e-03      2.75e-02        0.00
   4       -56.281118361     -2.45e-03      1.72e-02        0.00
   5       -56.282250850     -1.13e-03      1.42e-02        0.00
   6       -56.283284412     -1.03e-03      9.74e-03        0.00
   7       -56.284194287     -9.10e-04      6.93e-03        0.00
   8       -56.285031414     -8.37e-04      6.70e-03        0.00
   9       -56.285434470     -4.03e-04      5.10e-03        0.00
  10       -56.285753691     -3.19e-04      2.88e-03        0.00
  11       -56.285772993     -1.93e-05      1.86e-03        0.00
  12       -56.285802167     -2.92e-05      5.80e-04        0.00
  13       -56.285804770     -2.60e-06      3.17e-04        0.00
  14       -56.285805116     -3.46e-07      2.00e-04        0.00
  15       -56.285805277     -1.61e-07      1.33e-04        0.00
  16       -56.285805384     -1.07e-07      5.97e-05        0.00
  17       -56.285805400     -1.55e-08      7.90e-06        0.00

 SCF converged in 17 iterations.

 Dipole moment (in Debye):               0.000000       0.000000       0.000000

 Quadrupole moment (in Debye-Angstrom):
                  1            2            3
 1       -27.231918     0.000000     0.000000
 2         0.000000   -27.231869     0.000000
 3         0.000000     0.000000   -27.231895

 Spin-squared expectation <S^2>:         3.774
 Total spin quantum number S:            1.506
 TOTAL ENERGY:                         -56.285805400
 Saving results in set 'HF'

 --------------------------------------------------------------------------------
                                   command: dft                                  
 --------------------------------------------------------------------------------
 Projecting orbitals from old basis (32 functions) to new basis (32 functions)

 AO basis set:                           def2-svp
 Number of AO basis functions:          32
 Radial threshold:                       1.00e-08
 ECP on atom 1 (Ta):                     60 electrons

 Formula:                                Ta
 Nuclear charge:                        73.000000000
 Total charge:                           0.000000000
 Number of core electrons:              60
 Number of treated electrons:           13

 Number of alpha electrons:              8
 Number of beta electrons:               5
 Number of unpaired electrons:           3
 Spin:                                   3
 Multiplicity:                           quartet

 Theory:                                 hf
 Method for Coulomb:                     incore_df
 Method for exact exchange:              pre_transformed_df
 Integral threshold:                     1.00e-12
 DF basis set:                           def2-qzvppd-ri
 Number of DF basis functions:         261
 Schwarz screening threshold:            1.00e-10
 Coulomb fitting method:                 Cholesky
 Time for pre-computing density fitting integrals:       0.075 seconds

 ------------------
  UW12 Correlation 
 ------------------
 Factor for UW12 correlation:            1.000000000
 Same spin scale factor:                 0.000000000
 Calculate indirect contribution:        false
 Method for three electron term:         quadrature
 Gaussians in geminal expansion:         4
 UW12 screening threshold:               1.00e-12
 Method for density-fitting:             w(r)

 Total number of grid points:         8976
 Total number of batches:              183
 Maximum # of points per batch:        470
 Minimum # of points per batch:          0
 Average # of points per batch:         49
 Maximum batch gyradius:                 2.295229789
 Minimum batch gyradius:                 0.000000000
 Average batch gyradius:                 1.099559615
 Time for building XC grid:                              0.017 seconds
 Method for AO orthogonalization:        symmetric
 Threshold for linear dependence:        1.00e-08

 -------------------------------------
  Running unrestricted open-shell SCF 
 -------------------------------------
 Max number of iterations:               0
 Conv. threshold (gradient):             1.00e-05
 Conv. threshold (energy):               1.00e-06
 Interpolation scheme:                   adiis+cdiis

 ---------------------------------------------------------------
                  energy        change          grad        time
 ---------------------------------------------------------------
 UW12 two electron energy:              -3.860530855
 UW12 three electron energy:             7.337549219
 UW12 four electron energy:             -3.546466943
 Total UW12 energy:                     -0.069448579
 Time for DF-K:                                          0.001 seconds
 Time for DF-J:                                          0.000 seconds
 Dipole moment (in Debye):               0.000000       0.000000       0.000000

 Quadrupole moment (in Debye-Angstrom):
                  1            2            3
 1       -27.231918     0.000000     0.000000
 2         0.000000   -27.231869     0.000000
 3         0.000000     0.000000   -27.231895

 Spin-squared expectation <S^2>:         3.774
 Total spin quantum number S:            1.506
 TOTAL ENERGY:                         -56.355376854

 --------------------------------------------------------------------------------

 End time:                               Tue Jun 15 13:22:04 2021
 Total wall-clock time:                  1.265 seconds
==================================================================================
