
================================================================================
          _____________ ________ _______________ ________     _________         
         / ___________// ______ \\_____   _____// ______ \   / ________)        
        / /_________  / /      \ \     | |     / /      \ \ | (_______          
       |  __________|| |        | |    | |    | |        | | \________ \        
        \ \_________ | |        | |    | |     \ \______/ /___________) |       
         \__________||_|        |_|    |_|      \________//____________/        
                                                                                
====================================[ Qcore ]===================================

 Git hash:   6a88d58d269bf0d2ccfae91583c23a2b072b7633
 Git date:   Tue, 25 May 2021 10:36:49 +0100
 Compiler:   GNU 9.1.0
 Build type: Release
 Version:    1.3.0

 Start time: Tue Jun 15 16:01:31 2021

 Data directory: /newhome/zw18965/.local/qcore/share/entos/1.3.0/data
 Number of threads: 16
 Number of threads was determined by: number of physical cores

 --------------------------------------------------------------------------------
                                   command: dft                                  
 --------------------------------------------------------------------------------
 AO basis set:                           aug-cc-pvtz-merged
 Number of AO basis functions:          55

 Formula:                                S
 Nuclear charge:                        16.000000000
 Total charge:                           0.000000000
 Number of electrons:                   16.000000000

 Number of alpha electrons:              9
 Number of beta electrons:               7
 Number of unpaired electrons:           2
 Spin:                                   2
 Multiplicity:                           triplet

 Theory:                                 hf
 Method for Coulomb:                     incore_df
 Method for exact exchange:              pre_transformed_df
 Integral threshold:                     1.00e-12
 DF basis set:                           def2-universal-jkfit
 Number of DF basis functions:         128
 Schwarz screening threshold:            1.00e-10
 Coulomb fitting method:                 Cholesky
 Method for AO orthogonalization:        symmetric
 Threshold for linear dependence:        1.00e-08

 -------------------------------------
  Running unrestricted open-shell SCF 
 -------------------------------------
 Max number of iterations:             128
 Conv. threshold (gradient):             1.00e-05
 Conv. threshold (energy):               1.00e-06
 Interpolation scheme:                   adiis+cdiis
 Initial guess:                          SAD

 ---------------------------------------------------------------
                  energy        change          grad        time
 ---------------------------------------------------------------
   0      -397.181238734                    1.94e-02        0.00
   1      -397.496387041     -3.15e-01      1.05e-01        0.00
   2      -397.508268521     -1.19e-02      6.00e-02        0.00
   3      -397.509703618     -1.44e-03      2.19e-02        0.00
   4      -397.509991809     -2.88e-04      3.70e-03        0.00
   5      -397.510001552     -9.74e-06      5.07e-04        0.00
   6      -397.510001854     -3.02e-07      8.46e-05        0.00
   7      -397.510001867     -1.33e-08      2.37e-05        0.01
   8      -397.510001868     -8.44e-10      5.76e-06        0.01

 SCF converged in 8 iterations.

 Dipole moment (in Debye):               0.000000       0.000000      -0.000000

 Quadrupole moment (in Debye-Angstrom):
                  1            2            3
 1       -12.119355     0.000000    -0.000000
 2         0.000000   -15.060217    -0.000000
 3        -0.000000    -0.000000   -12.119355

 Spin-squared expectation <S^2>:         2.013
 Total spin quantum number S:            1.004
 TOTAL ENERGY:                        -397.510001868
 Saving results in set 'HF'

 --------------------------------------------------------------------------------
                                   command: dft                                  
 --------------------------------------------------------------------------------
 Projecting orbitals from old basis (55 functions) to new basis (55 functions)

 AO basis set:                           aug-cc-pvtz-merged
 Number of AO basis functions:          55
 Radial threshold:                       1.00e-08

 Formula:                                S
 Nuclear charge:                        16.000000000
 Total charge:                           0.000000000
 Number of electrons:                   16.000000000

 Number of alpha electrons:              9
 Number of beta electrons:               7
 Number of unpaired electrons:           2
 Spin:                                   2
 Multiplicity:                           triplet

 Theory:                                 hf
 Method for Coulomb:                     incore_df
 Method for exact exchange:              pre_transformed_df
 Integral threshold:                     1.00e-12
 DF basis set:                           def2-qzvppd-ri
 Number of DF basis functions:         183
 Schwarz screening threshold:            1.00e-10
 Coulomb fitting method:                 Cholesky
 Time for pre-computing density fitting integrals:       0.105 seconds

 ------------------
  UW12 Correlation 
 ------------------
 Factor for UW12 correlation:            1.000000000
 Same spin scale factor:                 0.000000000
 Calculate indirect contribution:        false
 Method for three electron term:         quadrature
 Gaussians in geminal expansion:         4
 UW12 screening threshold:               1.00e-12
 Method for density-fitting:             w(r)
 Number of core spatial orbitals:        5

 Total number of grid points:         7350
 Total number of batches:              183
 Maximum # of points per batch:        473
 Minimum # of points per batch:          0
 Average # of points per batch:         40
 Maximum batch gyradius:                 2.164575514
 Minimum batch gyradius:                 0.000000000
 Average batch gyradius:                 1.038452458
 Time for building XC grid:                              0.016 seconds
 Method for AO orthogonalization:        symmetric
 Threshold for linear dependence:        1.00e-08

 -------------------------------------
  Running unrestricted open-shell SCF 
 -------------------------------------
 Max number of iterations:               0
 Conv. threshold (gradient):             1.00e-05
 Conv. threshold (energy):               1.00e-06
 Interpolation scheme:                   adiis+cdiis

 ---------------------------------------------------------------
                  energy        change          grad        time
 ---------------------------------------------------------------
 UW12 two electron energy:              -0.639561485
 UW12 three electron energy:             1.180361208
 UW12 four electron energy:             -0.563242831
 Total UW12 energy:                     -0.022443108
 Time for DF-K:                                          0.003 seconds
 Time for DF-J:                                          0.000 seconds
 Dipole moment (in Debye):               0.000000       0.000000      -0.000000

 Quadrupole moment (in Debye-Angstrom):
                  1            2            3
 1       -12.119355     0.000000    -0.000000
 2         0.000000   -15.060217    -0.000000
 3        -0.000000    -0.000000   -12.119355

 Spin-squared expectation <S^2>:         2.013
 Total spin quantum number S:            1.004
 TOTAL ENERGY:                        -397.533411812

 --------------------------------------------------------------------------------

 End time:                               Tue Jun 15 16:01:34 2021
 Total wall-clock time:                  2.695 seconds
==================================================================================
