
================================================================================
          _____________ ________ _______________ ________     _________         
         / ___________// ______ \\_____   _____// ______ \   / ________)        
        / /_________  / /      \ \     | |     / /      \ \ | (_______          
       |  __________|| |        | |    | |    | |        | | \________ \        
        \ \_________ | |        | |    | |     \ \______/ /___________) |       
         \__________||_|        |_|    |_|      \________//____________/        
                                                                                
====================================[ Qcore ]===================================

 Git hash:   6a88d58d269bf0d2ccfae91583c23a2b072b7633
 Git date:   Tue, 25 May 2021 10:36:49 +0100
 Compiler:   GNU 9.1.0
 Build type: Release
 Version:    1.3.0

 Start time: Tue Jun 15 16:01:39 2021

 Data directory: /newhome/zw18965/.local/qcore/share/entos/1.3.0/data
 Number of threads: 16
 Number of threads was determined by: number of physical cores

 --------------------------------------------------------------------------------
                                   command: dft                                  
 --------------------------------------------------------------------------------
 AO basis set:                           aug-cc-pvtz-merged
 Number of AO basis functions:          93

 Formula:                                Sc
 Nuclear charge:                        21.000000000
 Total charge:                           0.000000000
 Number of electrons:                   21.000000000

 Number of alpha electrons:             11
 Number of beta electrons:              10
 Number of unpaired electrons:           1
 Spin:                                   1
 Multiplicity:                           doublet

 Theory:                                 hf
 Method for Coulomb:                     incore_df
 Method for exact exchange:              pre_transformed_df
 Integral threshold:                     1.00e-12
 DF basis set:                           def2-universal-jkfit
 Number of DF basis functions:         264
 Schwarz screening threshold:            1.00e-10
 Coulomb fitting method:                 Cholesky
 Method for AO orthogonalization:        symmetric
 Threshold for linear dependence:        1.00e-08

 -------------------------------------
  Running unrestricted open-shell SCF 
 -------------------------------------
 Max number of iterations:             128
 Conv. threshold (gradient):             1.00e-05
 Conv. threshold (energy):               1.00e-06
 Interpolation scheme:                   adiis+cdiis
 Initial guess:                          SAD

 ---------------------------------------------------------------
                  energy        change          grad        time
 ---------------------------------------------------------------
   0      -759.555481431                    1.81e-03        0.01
   1      -759.622487505     -6.70e-02      4.88e-02        0.01
   2      -759.632110705     -9.62e-03      3.88e-02        0.01
   3      -759.637929718     -5.82e-03      2.67e-02        0.01
   4      -759.641000754     -3.07e-03      3.01e-02        0.01
   5      -759.639795798      1.20e-03      2.91e-02        0.01
   6      -759.625765830      1.40e-02      5.25e-02        0.01
   7      -759.625730012      3.58e-05      4.98e-02        0.01
   8      -759.626835761     -1.11e-03      2.45e-02        0.01
   9      -759.627914773     -1.08e-03      1.27e-02        0.01
  10      -759.628445831     -5.31e-04      1.23e-02        0.01
  11      -759.629281444     -8.36e-04      1.81e-02        0.01
  12      -759.629358304     -7.69e-05      5.89e-03        0.01
  13      -759.629568038     -2.10e-04      4.57e-03        0.01
  14      -759.629545926      2.21e-05      5.94e-03        0.01
  15      -759.629528717      1.72e-05      5.76e-03        0.01
  16      -759.629491129      3.76e-05      6.66e-04        0.01
  17      -759.629491600     -4.72e-07      3.03e-04        0.01
  18      -759.629491720     -1.20e-07      2.35e-04        0.01
  19      -759.629491677      4.36e-08      2.27e-04        0.01
  20      -759.629491534      1.43e-07      1.34e-04        0.01
  21      -759.629491545     -1.13e-08      6.34e-05        0.01
  22      -759.629491552     -7.01e-09      5.05e-05        0.01
  23      -759.629491561     -9.28e-09      3.43e-05        0.01
  24      -759.629491566     -4.57e-09      3.34e-05        0.01
  25      -759.629491564      1.66e-09      3.20e-05        0.01
  26      -759.629491565     -1.15e-09      3.74e-05        0.01
  27      -759.629491566     -1.35e-10      3.85e-05        0.01
  28      -759.629491565      9.43e-10      3.08e-05        0.01
  29      -759.629491565     -3.47e-10      1.98e-05        0.01
  30      -759.629491566     -6.72e-10      1.87e-05        0.01
  31      -759.629491565      5.02e-10      1.73e-05        0.01
  32      -759.629491565     -1.61e-10      1.74e-05        0.01
  33      -759.629491565      7.52e-10      1.26e-05        0.01
  34      -759.629491565      1.02e-11      8.14e-06        0.01

 SCF converged in 34 iterations.

 Dipole moment (in Debye):              -0.000117      -0.000097       0.000071

 Quadrupole moment (in Debye-Angstrom):
                  1            2            3
 1       -38.438794     0.334135     1.793799
 2         0.334135   -23.267279    -0.039495
 3         1.793799    -0.039495   -23.471920

 Spin-squared expectation <S^2>:         0.853
 Total spin quantum number S:            0.550
 TOTAL ENERGY:                        -759.629491565
 Saving results in set 'HF'

 --------------------------------------------------------------------------------
                                   command: dft                                  
 --------------------------------------------------------------------------------
 Projecting orbitals from old basis (93 functions) to new basis (93 functions)

 AO basis set:                           aug-cc-pvtz-merged
 Number of AO basis functions:          93
 Radial threshold:                       1.00e-08

 Formula:                                Sc
 Nuclear charge:                        21.000000000
 Total charge:                           0.000000000
 Number of electrons:                   21.000000000

 Number of alpha electrons:             11
 Number of beta electrons:              10
 Number of unpaired electrons:           1
 Spin:                                   1
 Multiplicity:                           doublet

 Theory:                                 hf
 Method for Coulomb:                     incore_df
 Method for exact exchange:              pre_transformed_df
 Integral threshold:                     1.00e-12
 DF basis set:                           def2-qzvppd-ri
 Number of DF basis functions:         309
 Schwarz screening threshold:            1.00e-10
 Coulomb fitting method:                 Cholesky
 Time for pre-computing density fitting integrals:       1.537 seconds

 ------------------
  UW12 Correlation 
 ------------------
 Factor for UW12 correlation:            1.000000000
 Same spin scale factor:                 0.000000000
 Calculate indirect contribution:        false
 Method for three electron term:         quadrature
 Gaussians in geminal expansion:         4
 UW12 screening threshold:               1.00e-12
 Method for density-fitting:             w(r)
 Number of core spatial orbitals:        5

 Total number of grid points:         7852
 Total number of batches:              327
 Maximum # of points per batch:        425
 Minimum # of points per batch:          0
 Average # of points per batch:         24
 Maximum batch gyradius:                 2.486666673
 Minimum batch gyradius:                 0.000000000
 Average batch gyradius:                 1.295468669
 Time for building XC grid:                              0.015 seconds
 Method for AO orthogonalization:        symmetric
 Threshold for linear dependence:        1.00e-08

 -------------------------------------
  Running unrestricted open-shell SCF 
 -------------------------------------
 Max number of iterations:               0
 Conv. threshold (gradient):             1.00e-05
 Conv. threshold (energy):               1.00e-06
 Interpolation scheme:                   adiis+cdiis

 ---------------------------------------------------------------
                  energy        change          grad        time
 ---------------------------------------------------------------
 UW12 two electron energy:              -3.237444544
 UW12 three electron energy:             6.204313055
 UW12 four electron energy:             -3.013195601
 Total UW12 energy:                     -0.046327090
 Time for DF-K:                                          0.006 seconds
 Time for DF-J:                                          0.000 seconds
 Dipole moment (in Debye):              -0.000117      -0.000097       0.000071

 Quadrupole moment (in Debye-Angstrom):
                  1            2            3
 1       -38.438794     0.334135     1.793799
 2         0.334135   -23.267279    -0.039495
 3         1.793799    -0.039495   -23.471920

 Spin-squared expectation <S^2>:         0.853
 Total spin quantum number S:            0.550
 TOTAL ENERGY:                        -759.677844825

 --------------------------------------------------------------------------------

 End time:                               Tue Jun 15 16:01:56 2021
 Total wall-clock time:                 16.814 seconds
==================================================================================
