
================================================================================
          _____________ ________ _______________ ________     _________         
         / ___________// ______ \\_____   _____// ______ \   / ________)        
        / /_________  / /      \ \     | |     / /      \ \ | (_______          
       |  __________|| |        | |    | |    | |        | | \________ \        
        \ \_________ | |        | |    | |     \ \______/ /___________) |       
         \__________||_|        |_|    |_|      \________//____________/        
                                                                                
====================================[ Qcore ]===================================

 Git hash:   6a88d58d269bf0d2ccfae91583c23a2b072b7633
 Git date:   Tue, 25 May 2021 10:36:49 +0100
 Compiler:   GNU 9.1.0
 Build type: Release
 Version:    1.3.0

 Start time: Tue Jun 15 16:03:35 2021

 Data directory: /newhome/zw18965/.local/qcore/share/entos/1.3.0/data
 Number of threads: 16
 Number of threads was determined by: number of physical cores

 --------------------------------------------------------------------------------
                                   command: dft                                  
 --------------------------------------------------------------------------------
 AO basis set:                           aug-cc-pvtz-merged
 Number of AO basis functions:          93

 Formula:                                Co
 Nuclear charge:                        27.000000000
 Total charge:                           0.000000000
 Number of electrons:                   27.000000000

 Number of alpha electrons:             15
 Number of beta electrons:              12
 Number of unpaired electrons:           3
 Spin:                                   3
 Multiplicity:                           quartet

 Theory:                                 hf
 Method for Coulomb:                     incore_df
 Method for exact exchange:              pre_transformed_df
 Integral threshold:                     1.00e-12
 DF basis set:                           def2-universal-jkfit
 Number of DF basis functions:         264
 Schwarz screening threshold:            1.00e-10
 Coulomb fitting method:                 Cholesky
 Method for AO orthogonalization:        symmetric
 Threshold for linear dependence:        1.00e-08

 -------------------------------------
  Running unrestricted open-shell SCF 
 -------------------------------------
 Max number of iterations:             128
 Conv. threshold (gradient):             1.00e-05
 Conv. threshold (energy):               1.00e-06
 Interpolation scheme:                   adiis+cdiis
 Initial guess:                          SAD

 ---------------------------------------------------------------
                  energy        change          grad        time
 ---------------------------------------------------------------
   0     -1380.321084389                    4.67e-02        0.02
   1     -1381.246017050     -9.25e-01      5.48e-01        0.02
   2     -1381.219021470      2.70e-02      6.08e-01        0.02
   3     -1381.334447414     -1.15e-01      6.64e-02        0.02
   4     -1381.337055320     -2.61e-03      5.60e-02        0.02
   5     -1381.340222282     -3.17e-03      4.96e-02        0.01
   6     -1381.343773919     -3.55e-03      4.44e-02        0.01
   7     -1381.351263743     -7.49e-03      3.47e-02        0.01
   8     -1381.351215586      4.82e-05      2.52e-02        0.01
   9     -1381.351735421     -5.20e-04      1.97e-02        0.02
  10     -1381.351862205     -1.27e-04      1.13e-02        0.02
  11     -1381.351886624     -2.44e-05      1.10e-02        0.02
  12     -1381.351545254      3.41e-04      9.50e-03        0.01
  13     -1381.351192142      3.53e-04      6.53e-03        0.01
  14     -1381.351195783     -3.64e-06      4.41e-03        0.02
  15     -1381.351198090     -2.31e-06      1.10e-03        0.01
  16     -1381.351198901     -8.11e-07      8.38e-04        0.02
  17     -1381.351199352     -4.51e-07      6.21e-04        0.01
  18     -1381.351199971     -6.19e-07      3.67e-04        0.01
  19     -1381.351200224     -2.53e-07      2.62e-04        0.01
  20     -1381.351200297     -7.39e-08      1.51e-04        0.02
  21     -1381.351200334     -3.69e-08      1.25e-04        0.01
  22     -1381.351200353     -1.84e-08      1.08e-04        0.02
  23     -1381.351200360     -7.60e-09      1.11e-04        0.01
  24     -1381.351200343      1.77e-08      9.47e-05        0.02
  25     -1381.351200319      2.35e-08      6.75e-05        0.01
  26     -1381.351200296      2.27e-08      4.11e-05        0.02
  27     -1381.351200291      5.55e-09      1.83e-05        0.01
  28     -1381.351200291     -2.03e-10      1.37e-05        0.01
  29     -1381.351200291     -3.78e-10      9.67e-06        0.01

 SCF converged in 29 iterations.

 Dipole moment (in Debye):              -0.000000       0.000000       0.000000

 Quadrupole moment (in Debye-Angstrom):
                  1            2            3
 1       -15.298338     0.256810    -0.123496
 2         0.256810   -15.353198    -0.110996
 3        -0.123496    -0.110996   -15.530672

 Spin-squared expectation <S^2>:         3.753
 Total spin quantum number S:            1.501
 TOTAL ENERGY:                       -1381.351200292
 Saving results in set 'HF'

 --------------------------------------------------------------------------------
                                   command: dft                                  
 --------------------------------------------------------------------------------
 Projecting orbitals from old basis (93 functions) to new basis (93 functions)

 AO basis set:                           aug-cc-pvtz-merged
 Number of AO basis functions:          93
 Radial threshold:                       1.00e-08

 Formula:                                Co
 Nuclear charge:                        27.000000000
 Total charge:                           0.000000000
 Number of electrons:                   27.000000000

 Number of alpha electrons:             15
 Number of beta electrons:              12
 Number of unpaired electrons:           3
 Spin:                                   3
 Multiplicity:                           quartet

 Theory:                                 hf
 Method for Coulomb:                     incore_df
 Method for exact exchange:              pre_transformed_df
 Integral threshold:                     1.00e-12
 DF basis set:                           def2-qzvppd-ri
 Number of DF basis functions:         309
 Schwarz screening threshold:            1.00e-10
 Coulomb fitting method:                 Cholesky
 Time for pre-computing density fitting integrals:       1.814 seconds

 ------------------
  UW12 Correlation 
 ------------------
 Factor for UW12 correlation:            1.000000000
 Same spin scale factor:                 0.000000000
 Calculate indirect contribution:        false
 Method for three electron term:         quadrature
 Gaussians in geminal expansion:         4
 UW12 screening threshold:               1.00e-12
 Method for density-fitting:             w(r)
 Number of core spatial orbitals:        5

 Total number of grid points:         7936
 Total number of batches:              327
 Maximum # of points per batch:        444
 Minimum # of points per batch:          0
 Average # of points per batch:         24
 Maximum batch gyradius:                 2.295384621
 Minimum batch gyradius:                 0.000000000
 Average batch gyradius:                 1.196901538
 Time for building XC grid:                              0.016 seconds
 Method for AO orthogonalization:        symmetric
 Threshold for linear dependence:        1.00e-08

 -------------------------------------
  Running unrestricted open-shell SCF 
 -------------------------------------
 Max number of iterations:               0
 Conv. threshold (gradient):             1.00e-05
 Conv. threshold (energy):               1.00e-06
 Interpolation scheme:                   adiis+cdiis

 ---------------------------------------------------------------
                  energy        change          grad        time
 ---------------------------------------------------------------
 UW12 two electron energy:             -13.400127656
 UW12 three electron energy:            26.038919415
 UW12 four electron energy:            -12.716148654
 Total UW12 energy:                     -0.077356895
 Time for DF-K:                                          0.014 seconds
 Time for DF-J:                                          0.001 seconds
 Dipole moment (in Debye):              -0.000000       0.000000       0.000000

 Quadrupole moment (in Debye-Angstrom):
                  1            2            3
 1       -15.298338     0.256810    -0.123496
 2         0.256810   -15.353198    -0.110996
 3        -0.123496    -0.110996   -15.530672

 Spin-squared expectation <S^2>:         3.753
 Total spin quantum number S:            1.501
 TOTAL ENERGY:                       -1381.420250869

 --------------------------------------------------------------------------------

 End time:                               Tue Jun 15 16:03:56 2021
 Total wall-clock time:                 20.713 seconds
==================================================================================
