
================================================================================
          _____________ ________ _______________ ________     _________         
         / ___________// ______ \\_____   _____// ______ \   / ________)        
        / /_________  / /      \ \     | |     / /      \ \ | (_______          
       |  __________|| |        | |    | |    | |        | | \________ \        
        \ \_________ | |        | |    | |     \ \______/ /___________) |       
         \__________||_|        |_|    |_|      \________//____________/        
                                                                                
====================================[ Qcore ]===================================

 Git hash:   6a88d58d269bf0d2ccfae91583c23a2b072b7633
 Git date:   Tue, 25 May 2021 10:36:49 +0100
 Compiler:   GNU 9.1.0
 Build type: Release
 Version:    1.3.0

 Start time: Mon Jun  7 14:06:46 2021

 Data directory: /newhome/zw18965/.local/qcore/share/entos/1.3.0/data
 Number of threads: 16
 Number of threads was determined by: number of physical cores

 --------------------------------------------------------------------------------
                                   command: hf                                   
 --------------------------------------------------------------------------------
 AO basis set:                           aug-cc-pvqz-combined-pp
 Number of AO basis functions:          80

 Formula:                                Be
 Nuclear charge:                         4.000000000
 Total charge:                           0.000000000
 Number of electrons:                    4.000000000

 Number of alpha electrons:              2
 Number of beta electrons:               2
 Number of unpaired electrons:           0
 Spin:                                   0
 Multiplicity:                           singlet

 Theory:                                 hf
 Method for Coulomb:                     incore_df
 Method for exact exchange:              pre_transformed_df
 Integral threshold:                     1.00e-12
 DF basis set:                           def2-universal-jkfit
 Number of DF basis functions:          51
 Schwarz screening threshold:            1.00e-10
 Coulomb fitting method:                 Cholesky
 Method for AO orthogonalization:        symmetric
 Threshold for linear dependence:        1.00e-08

 -------------------------------------
  Running restricted closed-shell SCF 
 -------------------------------------
 Max number of iterations:             128
 Conv. threshold (gradient):             1.00e-05
 Conv. threshold (energy):               1.00e-06
 Interpolation scheme:                   adiis+cdiis
 Initial guess:                          H0

 ---------------------------------------------------------------
                  energy        change          grad        time
 ---------------------------------------------------------------
   0       -12.998020941                    3.37e+00        0.00
   1       -14.066381742     -1.07e+00      6.47e-01        0.00
   2       -14.563758765     -4.97e-01      1.85e-01        0.00
   3       -14.572423974     -8.67e-03      3.75e-02        0.00
   4       -14.572937292     -5.13e-04      8.25e-03        0.00
   5       -14.572972782     -3.55e-05      4.90e-04        0.00
   6       -14.572972895     -1.13e-07      5.14e-05        0.00
   7       -14.572972897     -1.57e-09      4.14e-06        0.00

 SCF converged in 7 iterations.

 Dipole moment (in Debye):               0.000000       0.000000       0.000000

 Quadrupole moment (in Debye-Angstrom):
                  1            2            3
 1        -7.766881    -0.000001    -0.000000
 2        -0.000001    -7.766874     0.000000
 3        -0.000000     0.000000    -7.766881

 Spin-squared expectation <S^2>:         0.000
 Total spin quantum number S:            0.000
 TOTAL ENERGY:                         -14.572972897
 Saving results in set 'HF'

 --------------------------------------------------------------------------------
                                command: unsoldw12                               
 --------------------------------------------------------------------------------
 Number of AO basis functions:          80

 DF basis set:                           def2-qzvppd-ri
 Number of DF basis functions:         101


 --------------------------
  Virtual UW12 Correlation 
 --------------------------
 Restricted Virtual UW12 calculation:    
 Core orbitals:                          1
 Correlated orbitals:                    1
 Virtual orbitals:                      78

 Opposite spin energy:                  -0.005801183

 Reference energy:                     -14.572972897
 UW12 correlation energy:               -0.005801183
 Total UW12 energy:                    -14.578774080

 --------------------------------------------------------------------------------

 End time:                               Mon Jun  7 14:06:47 2021
 Total wall-clock time:                  0.507 seconds
==================================================================================
