
================================================================================
          _____________ ________ _______________ ________     _________         
         / ___________// ______ \\_____   _____// ______ \   / ________)        
        / /_________  / /      \ \     | |     / /      \ \ | (_______          
       |  __________|| |        | |    | |    | |        | | \________ \        
        \ \_________ | |        | |    | |     \ \______/ /___________) |       
         \__________||_|        |_|    |_|      \________//____________/        
                                                                                
====================================[ Qcore ]===================================

 Git hash:   6a88d58d269bf0d2ccfae91583c23a2b072b7633
 Git date:   Tue, 25 May 2021 10:36:49 +0100
 Compiler:   GNU 9.1.0
 Build type: Release
 Version:    1.3.0

 Start time: Mon Jun  7 14:06:50 2021

 Data directory: /newhome/zw18965/.local/qcore/share/entos/1.3.0/data
 Number of threads: 16
 Number of threads was determined by: number of physical cores

 --------------------------------------------------------------------------------
                                   command: hf                                   
 --------------------------------------------------------------------------------
 AO basis set:                           aug-cc-pvqz-combined-pp
 Number of AO basis functions:          84

 Formula:                                Si
 Nuclear charge:                        14.000000000
 Total charge:                           0.000000000
 Number of electrons:                   14.000000000

 Number of alpha electrons:              7
 Number of beta electrons:               7
 Number of unpaired electrons:           0
 Spin:                                   0
 Multiplicity:                           singlet

 Theory:                                 hf
 Method for Coulomb:                     incore_df
 Method for exact exchange:              pre_transformed_df
 Integral threshold:                     1.00e-12
 DF basis set:                           def2-universal-jkfit
 Number of DF basis functions:         128
 Schwarz screening threshold:            1.00e-10
 Coulomb fitting method:                 Cholesky
 Method for AO orthogonalization:        symmetric
 Threshold for linear dependence:        1.00e-08

 -------------------------------------
  Running restricted closed-shell SCF 
 -------------------------------------
 Max number of iterations:             128
 Conv. threshold (gradient):             1.00e-05
 Conv. threshold (energy):               1.00e-06
 Interpolation scheme:                   adiis+cdiis
 Initial guess:                          H0

 ---------------------------------------------------------------
                  energy        change          grad        time
 ---------------------------------------------------------------
   0      -278.521798634                    1.32e+01        0.00
   1      -286.744672525     -8.22e+00      2.51e+00        0.01
   2      -288.559727019     -1.82e+00      1.15e+00        0.01
   3      -288.793601557     -2.34e-01      2.16e-01        0.01
   4      -288.797441256     -3.84e-03      3.36e-02        0.01
   5      -288.797639021     -1.98e-04      8.55e-03        0.01
   6      -288.797664105     -2.51e-05      1.17e-03        0.01
   7      -288.797664932     -8.28e-07      1.48e-04        0.01
   8      -288.797664944     -1.15e-08      2.69e-05        0.01
   9      -288.797664944     -3.53e-10      1.79e-06        0.01

 SCF converged in 9 iterations.

 Dipole moment (in Debye):              -0.000000      -0.000000      -0.000000

 Quadrupole moment (in Debye-Angstrom):
                  1            2            3
 1       -14.207001     2.772011    -3.299425
 2         2.772011   -15.032024     3.826756
 3        -3.299425     3.826756   -16.371827

 Spin-squared expectation <S^2>:         0.000
 Total spin quantum number S:            0.000
 TOTAL ENERGY:                        -288.797664944
 Saving results in set 'HF'

 --------------------------------------------------------------------------------
                                command: unsoldw12                               
 --------------------------------------------------------------------------------
 Number of AO basis functions:          84

 DF basis set:                           def2-qzvppd-ri
 Number of DF basis functions:         183


 --------------------------
  Virtual UW12 Correlation 
 --------------------------
 Restricted Virtual UW12 calculation:    
 Core orbitals:                          5
 Correlated orbitals:                    2
 Virtual orbitals:                      77

 Opposite spin energy:                  -0.015505170

 Reference energy:                    -288.797664944
 UW12 correlation energy:               -0.015505170
 Total UW12 energy:                   -288.813170114

 --------------------------------------------------------------------------------

 End time:                               Mon Jun  7 14:06:51 2021
 Total wall-clock time:                  1.070 seconds
==================================================================================
