
================================================================================
          _____________ ________ _______________ ________     _________         
         / ___________// ______ \\_____   _____// ______ \   / ________)        
        / /_________  / /      \ \     | |     / /      \ \ | (_______          
       |  __________|| |        | |    | |    | |        | | \________ \        
        \ \_________ | |        | |    | |     \ \______/ /___________) |       
         \__________||_|        |_|    |_|      \________//____________/        
                                                                                
====================================[ Qcore ]===================================

 Git hash:   6a88d58d269bf0d2ccfae91583c23a2b072b7633
 Git date:   Tue, 25 May 2021 10:36:49 +0100
 Compiler:   GNU 9.1.0
 Build type: Release
 Version:    1.3.0

 Start time: Mon Jun  7 14:06:54 2021

 Data directory: /newhome/zw18965/.local/qcore/share/entos/1.3.0/data
 Number of threads: 16
 Number of threads was determined by: number of physical cores

 --------------------------------------------------------------------------------
                                   command: hf                                   
 --------------------------------------------------------------------------------
 AO basis set:                           aug-cc-pvqz-combined-pp
 Number of AO basis functions:         140

 Formula:                                Ti
 Nuclear charge:                        22.000000000
 Total charge:                           0.000000000
 Number of electrons:                   22.000000000

 Number of alpha electrons:             11
 Number of beta electrons:              11
 Number of unpaired electrons:           0
 Spin:                                   0
 Multiplicity:                           singlet

 Theory:                                 hf
 Method for Coulomb:                     incore_df
 Method for exact exchange:              pre_transformed_df
 Integral threshold:                     1.00e-12
 DF basis set:                           def2-universal-jkfit
 Number of DF basis functions:         264
 Schwarz screening threshold:            1.00e-10
 Coulomb fitting method:                 Cholesky
 Method for AO orthogonalization:        symmetric
 Threshold for linear dependence:        1.00e-08

 -------------------------------------
  Running restricted closed-shell SCF 
 -------------------------------------
 Max number of iterations:             128
 Conv. threshold (gradient):             1.00e-05
 Conv. threshold (energy):               1.00e-06
 Interpolation scheme:                   adiis+cdiis
 Initial guess:                          H0

 ---------------------------------------------------------------
                  energy        change          grad        time
 ---------------------------------------------------------------
   0      -803.603116002                    1.64e+01        0.03
   1      -804.146412935     -5.43e-01      1.12e+01        0.02
   2      -837.927877702     -3.38e+01      8.45e+00        0.02
   3      -846.542266559     -8.61e+00      3.39e+00        0.01
   4      -846.373257810      1.69e-01      3.22e+00        0.04
   5      -848.311493475     -1.94e+00      4.38e-01        0.02
   6      -848.324444722     -1.30e-02      1.31e-01        0.02
   7      -848.325958210     -1.51e-03      4.45e-02        0.03
   8      -848.326210915     -2.53e-04      1.64e-02        0.03
   9      -848.326307488     -9.66e-05      5.24e-03        0.02
  10      -848.326353296     -4.58e-05      1.42e-03        0.03
  11      -848.326355058     -1.76e-06      5.74e-04        0.02
  12      -848.326355343     -2.85e-07      1.84e-04        0.02
  13      -848.326355381     -3.79e-08      3.65e-05        0.02
  14      -848.326355382     -1.28e-09      8.59e-06        0.02

 SCF converged in 14 iterations.

 Dipole moment (in Debye):              -0.000000       0.000000       0.000000

 Quadrupole moment (in Debye-Angstrom):
                  1            2            3
 1       -22.218583    -0.000000     0.000000
 2        -0.000000   -22.579555    -0.000000
 3         0.000000    -0.000000   -22.579568

 Spin-squared expectation <S^2>:         0.000
 Total spin quantum number S:            0.000
 TOTAL ENERGY:                        -848.326355382
 Saving results in set 'HF'

 --------------------------------------------------------------------------------
                                command: unsoldw12                               
 --------------------------------------------------------------------------------
 Number of AO basis functions:         140

 DF basis set:                           def2-qzvppd-ri
 Number of DF basis functions:         309


 --------------------------
  Virtual UW12 Correlation 
 --------------------------
 Restricted Virtual UW12 calculation:    
 Core orbitals:                          5
 Correlated orbitals:                    6
 Virtual orbitals:                     129

 Opposite spin energy:                  -0.049891997

 Reference energy:                    -848.326355382
 UW12 correlation energy:               -0.049891997
 Total UW12 energy:                   -848.376247379

 --------------------------------------------------------------------------------

 End time:                               Mon Jun  7 14:07:13 2021
 Total wall-clock time:                 19.360 seconds
==================================================================================
