
================================================================================
          _____________ ________ _______________ ________     _________         
         / ___________// ______ \\_____   _____// ______ \   / ________)        
        / /_________  / /      \ \     | |     / /      \ \ | (_______          
       |  __________|| |        | |    | |    | |        | | \________ \        
        \ \_________ | |        | |    | |     \ \______/ /___________) |       
         \__________||_|        |_|    |_|      \________//____________/        
                                                                                
====================================[ Qcore ]===================================

 Git hash:   6a88d58d269bf0d2ccfae91583c23a2b072b7633
 Git date:   Tue, 25 May 2021 10:36:49 +0100
 Compiler:   GNU 9.1.0
 Build type: Release
 Version:    1.3.0

 Start time: Mon Jun  7 14:07:51 2021

 Data directory: /newhome/zw18965/.local/qcore/share/entos/1.3.0/data
 Number of threads: 16
 Number of threads was determined by: number of physical cores

 --------------------------------------------------------------------------------
                                   command: hf                                   
 --------------------------------------------------------------------------------
 AO basis set:                           aug-cc-pvqz-combined-pp
 Number of AO basis functions:         140

 Formula:                                Ni
 Nuclear charge:                        28.000000000
 Total charge:                           0.000000000
 Number of electrons:                   28.000000000

 Number of alpha electrons:             14
 Number of beta electrons:              14
 Number of unpaired electrons:           0
 Spin:                                   0
 Multiplicity:                           singlet

 Theory:                                 hf
 Method for Coulomb:                     incore_df
 Method for exact exchange:              pre_transformed_df
 Integral threshold:                     1.00e-12
 DF basis set:                           def2-universal-jkfit
 Number of DF basis functions:         264
 Schwarz screening threshold:            1.00e-10
 Coulomb fitting method:                 Cholesky
 Method for AO orthogonalization:        symmetric
 Threshold for linear dependence:        1.00e-08

 -------------------------------------
  Running restricted closed-shell SCF 
 -------------------------------------
 Max number of iterations:             128
 Conv. threshold (gradient):             1.00e-05
 Conv. threshold (energy):               1.00e-06
 Interpolation scheme:                   adiis+cdiis
 Initial guess:                          H0

 ---------------------------------------------------------------
                  energy        change          grad        time
 ---------------------------------------------------------------
   0     -1400.212845844                    3.08e+01        0.03
   1     -1364.405054479      3.58e+01      1.96e+01        0.02
   2     -1463.363007941     -9.90e+01      1.96e+01        0.03
   3     -1501.503384881     -3.81e+01      6.86e+00        0.02
   4     -1499.929446979      1.57e+00      6.77e+00        0.02
   5     -1506.651028859     -6.72e+00      6.83e-01        0.03
   6     -1506.679254527     -2.82e-02      6.95e-01        0.03
   7     -1506.743915077     -6.47e-02      1.28e-01        0.03
   8     -1506.744309674     -3.95e-04      1.14e-01        0.03
   9     -1506.746081099     -1.77e-03      1.32e-02        0.03
  10     -1506.746130640     -4.95e-05      1.13e-02        0.03
  11     -1506.746207001     -7.64e-05      5.47e-03        0.03
  12     -1506.746259920     -5.29e-05      8.68e-04        0.02
  13     -1506.746261514     -1.59e-06      8.61e-05        0.03
  14     -1506.746261530     -1.63e-08      1.32e-05        0.02
  15     -1506.746261530     -8.21e-11      1.41e-06        0.02

 SCF converged in 15 iterations.

 Dipole moment (in Debye):               0.000000      -0.000000       0.000000

 Quadrupole moment (in Debye-Angstrom):
                  1            2            3
 1       -16.963501    -0.000000    -0.000000
 2        -0.000000   -16.963501     0.000000
 3        -0.000000     0.000000   -16.834328

 Spin-squared expectation <S^2>:         0.000
 Total spin quantum number S:            0.000
 TOTAL ENERGY:                       -1506.746261530
 Saving results in set 'HF'

 --------------------------------------------------------------------------------
                                command: unsoldw12                               
 --------------------------------------------------------------------------------
 Number of AO basis functions:         140

 DF basis set:                           def2-qzvppd-ri
 Number of DF basis functions:         316


 --------------------------
  Virtual UW12 Correlation 
 --------------------------
 Restricted Virtual UW12 calculation:    
 Core orbitals:                          5
 Correlated orbitals:                    9
 Virtual orbitals:                     126

 Opposite spin energy:                  -0.082106102

 Reference energy:                   -1506.746261530
 UW12 correlation energy:               -0.082106102
 Total UW12 energy:                  -1506.828367632

 --------------------------------------------------------------------------------

 End time:                               Mon Jun  7 14:08:10 2021
 Total wall-clock time:                 18.615 seconds
==================================================================================
