
================================================================================
          _____________ ________ _______________ ________     _________         
         / ___________// ______ \\_____   _____// ______ \   / ________)        
        / /_________  / /      \ \     | |     / /      \ \ | (_______          
       |  __________|| |        | |    | |    | |        | | \________ \        
        \ \_________ | |        | |    | |     \ \______/ /___________) |       
         \__________||_|        |_|    |_|      \________//____________/        
                                                                                
====================================[ Qcore ]===================================

 Git hash:   6a88d58d269bf0d2ccfae91583c23a2b072b7633
 Git date:   Tue, 25 May 2021 10:36:49 +0100
 Compiler:   GNU 9.1.0
 Build type: Release
 Version:    1.3.0

 Start time: Mon Jun  7 14:08:28 2021

 Data directory: /newhome/zw18965/.local/qcore/share/entos/1.3.0/data
 Number of threads: 16
 Number of threads was determined by: number of physical cores

 --------------------------------------------------------------------------------
                                   command: hf                                   
 --------------------------------------------------------------------------------
 AO basis set:                           aug-cc-pvqz-combined-pp
 Number of AO basis functions:          93

 Formula:                                Ge
 Nuclear charge:                        32.000000000
 Total charge:                           0.000000000
 Number of electrons:                   32.000000000

 Number of alpha electrons:             16
 Number of beta electrons:              16
 Number of unpaired electrons:           0
 Spin:                                   0
 Multiplicity:                           singlet

 Theory:                                 hf
 Method for Coulomb:                     incore_df
 Method for exact exchange:              pre_transformed_df
 Integral threshold:                     1.00e-12
 DF basis set:                           def2-universal-jkfit
 Number of DF basis functions:         266
 Schwarz screening threshold:            1.00e-10
 Coulomb fitting method:                 Cholesky
 Method for AO orthogonalization:        symmetric
 Threshold for linear dependence:        1.00e-08

 -------------------------------------
  Running restricted closed-shell SCF 
 -------------------------------------
 Max number of iterations:             128
 Conv. threshold (gradient):             1.00e-05
 Conv. threshold (energy):               1.00e-06
 Interpolation scheme:                   adiis+cdiis
 Initial guess:                          H0

 ---------------------------------------------------------------
                  energy        change          grad        time
 ---------------------------------------------------------------
   0     -2051.012506213                    1.16e+01        0.04
   1     -1992.294057360      5.87e+01      1.41e+01        0.02
   2     -2063.328318878     -7.10e+01      1.18e+01        0.01
   3     -2074.767043364     -1.14e+01      1.80e+00        0.01
   4     -2075.154334216     -3.87e-01      1.11e+00        0.01
   5     -2075.253564083     -9.92e-02      5.69e-01        0.01
   6     -2075.296845910     -4.33e-02      2.49e-01        0.01
   7     -2075.302054886     -5.21e-03      1.34e-01        0.01
   8     -2075.304257310     -2.20e-03      5.25e-02        0.01
   9     -2075.304504144     -2.47e-04      2.88e-02        0.01
  10     -2075.304619755     -1.16e-04      8.57e-06        0.01
  11     -2075.304619755     -1.64e-11      1.33e-06        0.01

 SCF converged in 11 iterations.

 Dipole moment (in Debye):               0.000000      -0.000000      -0.000000

 Quadrupole moment (in Debye-Angstrom):
                  1            2            3
 1       -15.846091    -0.372580    -0.150346
 2        -0.372580   -25.157291    -3.763333
 3        -0.150346    -3.763333   -17.349815

 Spin-squared expectation <S^2>:         0.000
 Total spin quantum number S:            0.000
 TOTAL ENERGY:                       -2075.304619755
 Saving results in set 'HF'

 --------------------------------------------------------------------------------
                                command: unsoldw12                               
 --------------------------------------------------------------------------------
 Number of AO basis functions:          93

 DF basis set:                           def2-qzvppd-ri
 Number of DF basis functions:         314


 --------------------------
  Virtual UW12 Correlation 
 --------------------------
 Restricted Virtual UW12 calculation:    
 Core orbitals:                          9
 Correlated orbitals:                    7
 Virtual orbitals:                      77

 Opposite spin energy:                  -0.029826711

 Reference energy:                   -2075.304619755
 UW12 correlation energy:               -0.029826711
 Total UW12 energy:                  -2075.334446466

 --------------------------------------------------------------------------------

 End time:                               Mon Jun  7 14:08:39 2021
 Total wall-clock time:                 11.240 seconds
==================================================================================
