
================================================================================
          _____________ ________ _______________ ________     _________         
         / ___________// ______ \\_____   _____// ______ \   / ________)        
        / /_________  / /      \ \     | |     / /      \ \ | (_______          
       |  __________|| |        | |    | |    | |        | | \________ \        
        \ \_________ | |        | |    | |     \ \______/ /___________) |       
         \__________||_|        |_|    |_|      \________//____________/        
                                                                                
====================================[ Qcore ]===================================

 Git hash:   6a88d58d269bf0d2ccfae91583c23a2b072b7633
 Git date:   Tue, 25 May 2021 10:36:49 +0100
 Compiler:   GNU 9.1.0
 Build type: Release
 Version:    1.3.0

 Start time: Mon Jun  7 14:08:39 2021

 Data directory: /newhome/zw18965/.local/qcore/share/entos/1.3.0/data
 Number of threads: 16
 Number of threads was determined by: number of physical cores

 --------------------------------------------------------------------------------
                                   command: hf                                   
 --------------------------------------------------------------------------------
 AO basis set:                           aug-cc-pvqz-combined-pp
 Number of AO basis functions:          93

 Formula:                                Se
 Nuclear charge:                        34.000000000
 Total charge:                           0.000000000
 Number of electrons:                   34.000000000

 Number of alpha electrons:             17
 Number of beta electrons:              17
 Number of unpaired electrons:           0
 Spin:                                   0
 Multiplicity:                           singlet

 Theory:                                 hf
 Method for Coulomb:                     incore_df
 Method for exact exchange:              pre_transformed_df
 Integral threshold:                     1.00e-12
 DF basis set:                           def2-universal-jkfit
 Number of DF basis functions:         266
 Schwarz screening threshold:            1.00e-10
 Coulomb fitting method:                 Cholesky
 Method for AO orthogonalization:        symmetric
 Threshold for linear dependence:        1.00e-08

 -------------------------------------
  Running restricted closed-shell SCF 
 -------------------------------------
 Max number of iterations:             128
 Conv. threshold (gradient):             1.00e-05
 Conv. threshold (energy):               1.00e-06
 Interpolation scheme:                   adiis+cdiis
 Initial guess:                          H0

 ---------------------------------------------------------------
                  energy        change          grad        time
 ---------------------------------------------------------------
   0     -2365.077967422                    1.86e+01        0.01
   1     -2287.801654434      7.73e+01      1.72e+01        0.01
   2     -2382.676827958     -9.49e+01      1.50e+01        0.01
   3     -2398.947158198     -1.63e+01      2.59e+00        0.01
   4     -2399.585387344     -6.38e-01      1.45e+00        0.01
   5     -2399.741382898     -1.56e-01      6.73e-01        0.01
   6     -2399.784089859     -4.27e-02      3.57e-01        0.01
   7     -2399.794153550     -1.01e-02      1.72e-01        0.01
   8     -2399.796667753     -2.51e-03      8.76e-02        0.01
   9     -2399.797289578     -6.22e-04      4.26e-02        0.01
  10     -2399.797492330     -2.03e-04      3.39e-05        0.01
  11     -2399.797492330     -7.96e-11      1.49e-06        0.01

 SCF converged in 11 iterations.

 Dipole moment (in Debye):               0.000000      -0.000000       0.000000

 Quadrupole moment (in Debye-Angstrom):
                  1            2            3
 1       -16.428150     1.697320     2.448643
 2         1.697320   -20.301224     0.921205
 3         2.448643     0.921205   -19.610794

 Spin-squared expectation <S^2>:         0.000
 Total spin quantum number S:            0.000
 TOTAL ENERGY:                       -2399.797492330
 Saving results in set 'HF'

 --------------------------------------------------------------------------------
                                command: unsoldw12                               
 --------------------------------------------------------------------------------
 Number of AO basis functions:          93

 DF basis set:                           def2-qzvppd-ri
 Number of DF basis functions:         314


 --------------------------
  Virtual UW12 Correlation 
 --------------------------
 Restricted Virtual UW12 calculation:    
 Core orbitals:                          9
 Correlated orbitals:                    8
 Virtual orbitals:                      76

 Opposite spin energy:                  -0.039259724

 Reference energy:                   -2399.797492330
 UW12 correlation energy:               -0.039259724
 Total UW12 energy:                  -2399.836752054

 --------------------------------------------------------------------------------

 End time:                               Mon Jun  7 14:08:50 2021
 Total wall-clock time:                 10.707 seconds
==================================================================================
