
================================================================================
          _____________ ________ _______________ ________     _________         
         / ___________// ______ \\_____   _____// ______ \   / ________)        
        / /_________  / /      \ \     | |     / /      \ \ | (_______          
       |  __________|| |        | |    | |    | |        | | \________ \        
        \ \_________ | |        | |    | |     \ \______/ /___________) |       
         \__________||_|        |_|    |_|      \________//____________/        
                                                                                
====================================[ Qcore ]===================================

 Git hash:   6a88d58d269bf0d2ccfae91583c23a2b072b7633
 Git date:   Tue, 25 May 2021 10:36:49 +0100
 Compiler:   GNU 9.1.0
 Build type: Release
 Version:    1.3.0

 Start time: Mon Jun  7 14:09:35 2021

 Data directory: /newhome/zw18965/.local/qcore/share/entos/1.3.0/data
 Number of threads: 16
 Number of threads was determined by: number of physical cores

 --------------------------------------------------------------------------------
                                   command: hf                                   
 --------------------------------------------------------------------------------
 AO basis set:                           aug-cc-pvqz-combined-pp
 Number of AO basis functions:         135
 ECP on atom 1 (Ru):                     28 electrons

 Formula:                                Ru
 Nuclear charge:                        44.000000000
 Total charge:                           0.000000000
 Number of core electrons:              28
 Number of treated electrons:           16

 Number of alpha electrons:              8
 Number of beta electrons:               8
 Number of unpaired electrons:           0
 Spin:                                   0
 Multiplicity:                           singlet

 Theory:                                 hf
 Method for Coulomb:                     incore_df
 Method for exact exchange:              pre_transformed_df
 Integral threshold:                     1.00e-12
 DF basis set:                           def2-universal-jkfit
 Number of DF basis functions:         255
 Schwarz screening threshold:            1.00e-10
 Coulomb fitting method:                 Cholesky
 Method for AO orthogonalization:        symmetric
 Threshold for linear dependence:        1.00e-08

 -------------------------------------
  Running restricted closed-shell SCF 
 -------------------------------------
 Max number of iterations:             128
 Conv. threshold (gradient):             1.00e-05
 Conv. threshold (energy):               1.00e-06
 Interpolation scheme:                   adiis+cdiis
 Initial guess:                          H0

 ---------------------------------------------------------------
                  energy        change          grad        time
 ---------------------------------------------------------------
   0       -80.546762622                    8.14e+00        0.01
   1       -76.821549495      3.73e+00      7.17e+00        0.02
   2       -88.393156913     -1.16e+01      5.52e+00        0.02
   3       -93.577326498     -5.18e+00      8.29e-01        0.02
   4       -93.633066774     -5.57e-02      3.44e-01        0.02
   5       -93.638470973     -5.40e-03      2.67e-01        0.01
   6       -93.653793970     -1.53e-02      5.88e-02        0.02
   7       -93.654149554     -3.56e-04      4.57e-02        0.02
   8       -93.655005645     -8.56e-04      2.57e-02        0.02
   9       -93.656180476     -1.17e-03      2.15e-02        0.02
  10       -93.656436682     -2.56e-04      1.79e-02        0.02
  11       -93.657157114     -7.20e-04      1.19e-02        0.02
  12       -93.657423661     -2.67e-04      8.72e-03        0.02
  13       -93.657495010     -7.13e-05      5.57e-03        0.02
  14       -93.657528945     -3.39e-05      1.11e-02        0.02
  15       -93.657544242     -1.53e-05      1.02e-02        0.02
  16       -93.657580841     -3.66e-05      3.49e-03        0.02
  17       -93.657584900     -4.06e-06      5.69e-04        0.02
  18       -93.657584974     -7.38e-08      1.01e-04        0.02
  19       -93.657584977     -2.90e-09      3.42e-05        0.01
  20       -93.657584977     -2.76e-10      2.72e-06        0.02

 SCF converged in 20 iterations.

 Dipole moment (in Debye):               0.000000       0.000000       0.000000

 Quadrupole moment (in Debye-Angstrom):
                  1            2            3
 1       -21.243626     0.009742    -0.207017
 2         0.009742   -21.254806    -0.119862
 3        -0.207017    -0.119862   -18.713687

 Spin-squared expectation <S^2>:         0.000
 Total spin quantum number S:            0.000
 TOTAL ENERGY:                         -93.657584977
 Saving results in set 'HF'

 --------------------------------------------------------------------------------
                                command: unsoldw12                               
 --------------------------------------------------------------------------------
 Number of AO basis functions:         135

 DF basis set:                           def2-qzvppd-ri
 Number of DF basis functions:         252


 --------------------------
  Virtual UW12 Correlation 
 --------------------------
 Restricted Virtual UW12 calculation:    
 Core orbitals:                          0
 Correlated orbitals:                    8
 Virtual orbitals:                     127

 Opposite spin energy:                  -0.095449853

 Reference energy:                     -93.657584977
 UW12 correlation energy:               -0.095449853
 Total UW12 energy:                    -93.753034830

 --------------------------------------------------------------------------------

 End time:                               Mon Jun  7 14:09:48 2021
 Total wall-clock time:                 12.776 seconds
==================================================================================
