
================================================================================
          _____________ ________ _______________ ________     _________         
         / ___________// ______ \\_____   _____// ______ \   / ________)        
        / /_________  / /      \ \     | |     / /      \ \ | (_______          
       |  __________|| |        | |    | |    | |        | | \________ \        
        \ \_________ | |        | |    | |     \ \______/ /___________) |       
         \__________||_|        |_|    |_|      \________//____________/        
                                                                                
====================================[ Qcore ]===================================

 Git hash:   6a88d58d269bf0d2ccfae91583c23a2b072b7633
 Git date:   Tue, 25 May 2021 10:36:49 +0100
 Compiler:   GNU 9.1.0
 Build type: Release
 Version:    1.3.0

 Start time: Mon Jun  7 14:10:29 2021

 Data directory: /newhome/zw18965/.local/qcore/share/entos/1.3.0/data
 Number of threads: 16
 Number of threads was determined by: number of physical cores

 --------------------------------------------------------------------------------
                                   command: hf                                   
 --------------------------------------------------------------------------------
 AO basis set:                           aug-cc-pvqz-combined-pp
 Number of AO basis functions:          92
 ECP on atom 1 (Te):                     28 electrons

 Formula:                                Te
 Nuclear charge:                        52.000000000
 Total charge:                           0.000000000
 Number of core electrons:              28
 Number of treated electrons:           24

 Number of alpha electrons:             12
 Number of beta electrons:              12
 Number of unpaired electrons:           0
 Spin:                                   0
 Multiplicity:                           singlet

 Theory:                                 hf
 Method for Coulomb:                     incore_df
 Method for exact exchange:              pre_transformed_df
 Integral threshold:                     1.00e-12
 DF basis set:                           def2-universal-jkfit
 Number of DF basis functions:         218
 Schwarz screening threshold:            1.00e-10
 Coulomb fitting method:                 Cholesky
 Method for AO orthogonalization:        symmetric
 Threshold for linear dependence:        1.00e-08

 -------------------------------------
  Running restricted closed-shell SCF 
 -------------------------------------
 Max number of iterations:             128
 Conv. threshold (gradient):             1.00e-05
 Conv. threshold (energy):               1.00e-06
 Interpolation scheme:                   adiis+cdiis
 Initial guess:                          H0

 ---------------------------------------------------------------
                  energy        change          grad        time
 ---------------------------------------------------------------
   0      -248.584214562                    9.76e+00        0.00
   1      -196.255387774      5.23e+01      1.05e+01        0.01
   2      -254.786996070     -5.85e+01      8.14e+00        0.01
   3      -266.218955055     -1.14e+01      1.81e+00        0.01
   4      -266.807121908     -5.88e-01      1.00e+00        0.01
   5      -266.916131101     -1.09e-01      3.07e-01        0.01
   6      -266.934829500     -1.87e-02      1.44e-01        0.01
   7      -266.937721650     -2.89e-03      5.11e-02        0.01
   8      -266.938188579     -4.67e-04      2.19e-02        0.01
   9      -266.938275624     -8.70e-05      2.76e-05        0.01
  10      -266.938275625     -2.97e-10      1.89e-06        0.01

 SCF converged in 10 iterations.

 Dipole moment (in Debye):               0.000000       0.000000      -0.000000

 Quadrupole moment (in Debye-Angstrom):
                  1            2            3
 1       -22.565488    -1.009731     2.312119
 2        -1.009731   -30.000451    -0.308418
 3         2.312119    -0.308418   -29.428914

 Spin-squared expectation <S^2>:         0.000
 Total spin quantum number S:            0.000
 TOTAL ENERGY:                        -266.938275625
 Saving results in set 'HF'

 --------------------------------------------------------------------------------
                                command: unsoldw12                               
 --------------------------------------------------------------------------------
 Number of AO basis functions:          92

 DF basis set:                           def2-qzvppd-ri
 Number of DF basis functions:         292


 --------------------------
  Virtual UW12 Correlation 
 --------------------------
 Restricted Virtual UW12 calculation:    
 Core orbitals:                          4
 Correlated orbitals:                    8
 Virtual orbitals:                      80

 Opposite spin energy:                  -0.053604669

 Reference energy:                    -266.938275625
 UW12 correlation energy:               -0.053604669
 Total UW12 energy:                   -266.991880294

 --------------------------------------------------------------------------------

 End time:                               Mon Jun  7 14:10:41 2021
 Total wall-clock time:                 12.475 seconds
==================================================================================
