
================================================================================
          _____________ ________ _______________ ________     _________         
         / ___________// ______ \\_____   _____// ______ \   / ________)        
        / /_________  / /      \ \     | |     / /      \ \ | (_______          
       |  __________|| |        | |    | |    | |        | | \________ \        
        \ \_________ | |        | |    | |     \ \______/ /___________) |       
         \__________||_|        |_|    |_|      \________//____________/        
                                                                                
====================================[ Qcore ]===================================

 Git hash:   6a88d58d269bf0d2ccfae91583c23a2b072b7633
 Git date:   Tue, 25 May 2021 10:36:49 +0100
 Compiler:   GNU 9.1.0
 Build type: Release
 Version:    1.3.0

 Start time: Mon Jun  7 14:11:20 2021

 Data directory: /newhome/zw18965/.local/qcore/share/entos/1.3.0/data
 Number of threads: 16
 Number of threads was determined by: number of physical cores

 --------------------------------------------------------------------------------
                                   command: hf                                   
 --------------------------------------------------------------------------------
 AO basis set:                           aug-cc-pvqz-combined-pp
 Number of AO basis functions:         135
 ECP on atom 1 (Os):                     60 electrons

 Formula:                                Os
 Nuclear charge:                        76.000000000
 Total charge:                           0.000000000
 Number of core electrons:              60
 Number of treated electrons:           16

 Number of alpha electrons:              8
 Number of beta electrons:               8
 Number of unpaired electrons:           0
 Spin:                                   0
 Multiplicity:                           singlet

 Theory:                                 hf
 Method for Coulomb:                     incore_df
 Method for exact exchange:              pre_transformed_df
 Integral threshold:                     1.00e-12
 DF basis set:                           def2-universal-jkfit
 Number of DF basis functions:         227
 Schwarz screening threshold:            1.00e-10
 Coulomb fitting method:                 Cholesky
 Method for AO orthogonalization:        symmetric
 Threshold for linear dependence:        1.00e-08

 -------------------------------------
  Running restricted closed-shell SCF 
 -------------------------------------
 Max number of iterations:             128
 Conv. threshold (gradient):             1.00e-05
 Conv. threshold (energy):               1.00e-06
 Interpolation scheme:                   adiis+cdiis
 Initial guess:                          H0

 ---------------------------------------------------------------
                  energy        change          grad        time
 ---------------------------------------------------------------
   0       -79.219857227                    8.14e+00        0.01
   1       -77.338384390      1.88e+00      5.10e+00        0.02
   2       -86.390086264     -9.05e+00      4.84e+00        0.02
   3       -89.808959648     -3.42e+00      7.19e-01        0.02
   4       -89.849762892     -4.08e-02      2.42e-01        0.02
   5       -89.856102352     -6.34e-03      1.95e-01        0.02
   6       -89.860878598     -4.78e-03      1.39e-01        0.02
   7       -89.864707205     -3.83e-03      1.32e-01        0.02
   8       -89.868188392     -3.48e-03      9.78e-02        0.02
   9       -89.871552720     -3.36e-03      1.04e-01        0.01
  10       -89.852444985      1.91e-02      8.59e-02        0.01
  11       -89.830316530      2.21e-02      3.70e-01        0.02
  12       -89.815116768      1.52e-02      5.69e-01        0.02
  13       -89.839478949     -2.44e-02      1.96e-01        0.02
  14       -89.837297120      2.18e-03      2.47e-01        0.02
  15       -89.837124430      1.73e-04      2.55e-01        0.02
  16       -89.841117782     -3.99e-03      1.33e-01        0.01
  17       -89.842717978     -1.60e-03      1.57e-02        0.01
  18       -89.842681901      3.61e-05      1.37e-02        0.01
  19       -89.842774609     -9.27e-05      1.92e-02        0.02
  20       -89.842421651      3.53e-04      1.84e-02        0.02
  21       -89.842073556      3.48e-04      1.10e-02        0.02
  22       -89.842076642     -3.09e-06      9.30e-03        0.02
  23       -89.842082872     -6.23e-06      1.71e-03        0.02
  24       -89.842082208      6.65e-07      8.76e-04        0.02
  25       -89.842082074      1.33e-07      3.36e-04        0.02
  26       -89.842082057      1.71e-08      3.59e-05        0.02
  27       -89.842082056      8.22e-10      8.52e-06        0.02

 SCF converged in 27 iterations.

 Dipole moment (in Debye):              -0.000000       0.000000      -0.000000

 Quadrupole moment (in Debye-Angstrom):
                  1            2            3
 1       -21.536627     2.406324    -0.703445
 2         2.406324   -26.273317     1.679348
 3        -0.703445     1.679348   -21.019590

 Spin-squared expectation <S^2>:         0.000
 Total spin quantum number S:            0.000
 TOTAL ENERGY:                         -89.842082056
 Saving results in set 'HF'

 --------------------------------------------------------------------------------
                                command: unsoldw12                               
 --------------------------------------------------------------------------------
 Number of AO basis functions:         135

 DF basis set:                           def2-qzvppd-ri
 Number of DF basis functions:         252


 --------------------------
  Virtual UW12 Correlation 
 --------------------------
 Restricted Virtual UW12 calculation:    
 Core orbitals:                          0
 Correlated orbitals:                    8
 Virtual orbitals:                     127

 Opposite spin energy:                  -0.105113331

 Reference energy:                     -89.842082056
 UW12 correlation energy:               -0.105113331
 Total UW12 energy:                    -89.947195388

 --------------------------------------------------------------------------------

 End time:                               Mon Jun  7 14:11:33 2021
 Total wall-clock time:                 13.339 seconds
==================================================================================
