
================================================================================
          _____________ ________ _______________ ________     _________         
         / ___________// ______ \\_____   _____// ______ \   / ________)        
        / /_________  / /      \ \     | |     / /      \ \ | (_______          
       |  __________|| |        | |    | |    | |        | | \________ \        
        \ \_________ | |        | |    | |     \ \______/ /___________) |       
         \__________||_|        |_|    |_|      \________//____________/        
                                                                                
====================================[ Qcore ]===================================

 Git hash:   6a88d58d269bf0d2ccfae91583c23a2b072b7633
 Git date:   Tue, 25 May 2021 10:36:49 +0100
 Compiler:   GNU 9.1.0
 Build type: Release
 Version:    1.3.0

 Start time: Thu Jun 17 17:20:02 2021

 Data directory: /newhome/zw18965/.local/qcore/share/entos/1.3.0/data
 Number of threads: 16
 Number of threads was determined by: number of physical cores

 --------------------------------------------------------------------------------
                                   command: hf                                   
 --------------------------------------------------------------------------------
 AO basis set:                           cc-pwcv5z-pp-merged
 Number of AO basis functions:         227

 Formula:                                Br
 Nuclear charge:                        35.000000000
 Total charge:                           0.000000000
 Number of electrons:                   35.000000000

 Number of alpha electrons:             18
 Number of beta electrons:              17
 Number of unpaired electrons:           1
 Spin:                                   1
 Multiplicity:                           doublet

 Theory:                                 hf
 Method for Coulomb:                     incore_df
 Method for exact exchange:              pre_transformed_df
 Integral threshold:                     1.00e-12
 DF basis set:                           def2-universal-jkfit
 Number of DF basis functions:         266
 Schwarz screening threshold:            1.00e-10
 Coulomb fitting method:                 Cholesky
 Method for AO orthogonalization:        symmetric
 Threshold for linear dependence:        1.00e-08

 -------------------------------------
  Running unrestricted open-shell SCF 
 -------------------------------------
 Max number of iterations:             128
 Conv. threshold (gradient):             1.00e-05
 Conv. threshold (energy):               1.00e-06
 Interpolation scheme:                   adiis+cdiis
 Initial guess:                          H0

 ---------------------------------------------------------------
                  energy        change          grad        time
 ---------------------------------------------------------------
   0     -2213.110675647                    5.57e+01        0.04
   1     -2277.333480003     -6.42e+01      2.89e+01        0.06
   2     -2484.960690352     -2.08e+02      2.65e+01        0.05
   3     -2566.894879081     -8.19e+01      5.49e+00        0.06
   4     -2570.394320723     -3.50e+00      3.00e+00        0.06
   5     -2572.179855447     -1.79e+00      9.60e-01        0.07
   6     -2572.344108382     -1.64e-01      6.04e-01        0.07
   7     -2572.439157243     -9.50e-02      1.80e-01        0.07
   8     -2572.444777600     -5.62e-03      1.12e-01        0.08
   9     -2572.448111789     -3.33e-03      3.32e-02        0.08
  10     -2572.448304915     -1.93e-04      2.08e-02        0.09
  11     -2572.448431477     -1.27e-04      1.01e-04        0.09
  12     -2572.448431486     -8.43e-09      1.68e-05        0.09
  13     -2572.448431486     -4.04e-10      3.93e-06        0.08

 SCF converged in 13 iterations.

 Dipole moment (in Debye):              -0.000000       0.000000       0.000000

 Quadrupole moment (in Debye-Angstrom):
                  1            2            3
 1       -18.072679    -0.306403     1.291332
 2        -0.306403   -18.984074    -0.393768
 3         1.291332    -0.393768   -17.417978

 Spin-squared expectation <S^2>:         0.760
 Total spin quantum number S:            0.505
 TOTAL ENERGY:                       -2572.448431486
 Saving results in set 'HF'

 --------------------------------------------------------------------------------
                                command: unsoldw12                               
 --------------------------------------------------------------------------------
 Number of AO basis functions:         227

 DF basis set:                           def2-qzvppd-ri
 Number of DF basis functions:         314

 Unrestricted UW12 calculation:          
 Core spatial orbitals:                  9
 Correlated alpha orbitals:              9
 Correlated beta orbitals:               8

 ------------------
  UW12 Correlation 
 ------------------
 Factor for UW12 correlation:            1.000000000
 Same spin scale factor:                 0.000000000
 Calculate indirect contribution:        false
 Method for three electron term:         df_ri
 Auxiliary RI basis set:                 def2-QZVPPD-ri
 Number of RI basis functions:         314
 Gaussians in geminal expansion:         4
 UW12 screening threshold:               1.00e-10
 Method for density-fitting:             w(r)
 Number of core spatial orbitals:        9


 Reference energy:                   -2572.448431486
 UW12 correlation energy:               -0.087700499
 Total UW12 energy:                  -2572.536131985

 --------------------------------------------------------------------------------

 End time:                               Thu Jun 17 17:20:26 2021
 Total wall-clock time:                 23.578 seconds
==================================================================================
