
================================================================================
          _____________ ________ _______________ ________     _________         
         / ___________// ______ \\_____   _____// ______ \   / ________)        
        / /_________  / /      \ \     | |     / /      \ \ | (_______          
       |  __________|| |        | |    | |    | |        | | \________ \        
        \ \_________ | |        | |    | |     \ \______/ /___________) |       
         \__________||_|        |_|    |_|      \________//____________/        
                                                                                
====================================[ Qcore ]===================================

 Git hash:   6a88d58d269bf0d2ccfae91583c23a2b072b7633
 Git date:   Tue, 25 May 2021 10:36:49 +0100
 Compiler:   GNU 9.1.0
 Build type: Release
 Version:    1.3.0

 Start time: Thu Jun 17 18:01:37 2021

 Data directory: /newhome/zw18965/.local/qcore/share/entos/1.3.0/data
 Number of threads: 16
 Number of threads was determined by: number of physical cores

 --------------------------------------------------------------------------------
                                   command: dft                                  
 --------------------------------------------------------------------------------
 AO basis set:                           cc-pwcv5z-pp-merged
 Number of AO basis functions:         206
 ECP on atom 1 (Tc):                     28 electrons

 Formula:                                Tc
 Nuclear charge:                        43.000000000
 Total charge:                           0.000000000
 Number of core electrons:              28
 Number of treated electrons:           15

 Number of alpha electrons:             10
 Number of beta electrons:               5
 Number of unpaired electrons:           5
 Spin:                                   5
 Multiplicity:                           septet

 Theory:                                 dft
 Exchange-correlation functional:        pbe
 Method for Coulomb:                     incore_df
 Integral threshold:                     1.00e-12
 DF basis set:                           def2-universal-jkfit
 Number of DF basis functions:         255
 Schwarz screening threshold:            1.00e-10
 Coulomb fitting method:                 Cholesky
 Total number of grid points:         8354
 Method for AO orthogonalization:        symmetric
 Threshold for linear dependence:        1.00e-08

 -------------------------------------
  Running unrestricted open-shell SCF 
 -------------------------------------
 Max number of iterations:             128
 Conv. threshold (gradient):             1.00e-05
 Conv. threshold (energy):               1.00e-06
 Interpolation scheme:                   adiis+cdiis
 Initial guess:                          SAD

 ---------------------------------------------------------------
                  energy        change          grad        time
 ---------------------------------------------------------------
   0       -80.315924396                    1.57e-02        0.06
   1       -80.441610969     -1.26e-01      1.19e-01        0.09
   2       -80.446172296     -4.56e-03      3.05e-02        0.08
   3       -80.403232039      4.29e-02      2.41e-01        0.09
   4       -80.446462020     -4.32e-02      1.43e-02        0.09
   5       -80.446528147     -6.61e-05      9.53e-03        0.09
   6       -80.446568222     -4.01e-05      5.07e-03        0.09
   7       -80.446585803     -1.76e-05      1.10e-04        0.09
   8       -80.446585816     -1.36e-08      4.05e-05        0.09
   9       -80.446585817     -1.24e-09      2.63e-06        0.09

 SCF converged in 9 iterations.

 Dipole moment (in Debye):              -0.000000      -0.000000      -0.000000

 Quadrupole moment (in Debye-Angstrom):
                  1            2            3
 1       -23.324620    -0.000000    -0.000000
 2        -0.000000   -23.324620     0.000000
 3        -0.000000     0.000000   -21.608558

 Spin-squared expectation <S^2>:         8.752
 Total spin quantum number S:            2.500
 TOTAL ENERGY:                         -80.446585817
 Saving results in set 'guess'

 --------------------------------------------------------------------------------
                                   command: hf                                   
 --------------------------------------------------------------------------------
 AO basis set:                           cc-pwcv5z-pp-merged
 Number of AO basis functions:         206
 ECP on atom 1 (Tc):                     28 electrons

 Formula:                                Tc
 Nuclear charge:                        43.000000000
 Total charge:                           0.000000000
 Number of core electrons:              28
 Number of treated electrons:           15

 Number of alpha electrons:             10
 Number of beta electrons:               5
 Number of unpaired electrons:           5
 Spin:                                   5
 Multiplicity:                           septet

 Theory:                                 hf
 Method for Coulomb:                     incore_df
 Method for exact exchange:              pre_transformed_df
 Integral threshold:                     1.00e-12
 DF basis set:                           def2-universal-jkfit
 Number of DF basis functions:         255
 Schwarz screening threshold:            1.00e-10
 Coulomb fitting method:                 Cholesky
 Method for AO orthogonalization:        symmetric
 Threshold for linear dependence:        1.00e-08

 -------------------------------------
  Running unrestricted open-shell SCF 
 -------------------------------------
 Max number of iterations:             128
 Conv. threshold (gradient):             1.00e-05
 Conv. threshold (energy):               1.00e-06
 Interpolation scheme:                   adiis+cdiis

 ---------------------------------------------------------------
                  energy        change          grad        time
 ---------------------------------------------------------------
   0       -79.810586814                    1.93e-01        0.02
   1       -79.820623389     -1.00e-02      4.73e-02        0.04
   2       -79.821674615     -1.05e-03      1.35e-02        0.04
   3       -79.821879317     -2.05e-04      9.52e-03        0.04
   4       -79.821934025     -5.47e-05      1.85e-03        0.05
   5       -79.821939979     -5.95e-06      2.12e-04        0.05
   6       -79.821940059     -8.04e-08      2.75e-05        0.05
   7       -79.821940060     -1.19e-09      1.01e-05        0.05
   8       -79.821940061     -1.45e-10      2.54e-06        0.05

 SCF converged in 8 iterations.

 Dipole moment (in Debye):              -0.000000      -0.000000      -0.000000

 Quadrupole moment (in Debye-Angstrom):
                  1            2            3
 1       -23.259654    -0.000000    -0.000000
 2        -0.000000   -23.259654    -0.000000
 3        -0.000000    -0.000000   -21.855254

 Spin-squared expectation <S^2>:         8.755
 Total spin quantum number S:            2.501
 TOTAL ENERGY:                         -79.821940061
 Saving results in set 'HF'

 --------------------------------------------------------------------------------
                                command: unsoldw12                               
 --------------------------------------------------------------------------------
 Number of AO basis functions:         206

 DF basis set:                           def2-qzvppd-ri
 Number of DF basis functions:         252

 Unrestricted UW12 calculation:          
 Core spatial orbitals:                  0
 Correlated alpha orbitals:             10
 Correlated beta orbitals:               5

 ------------------
  UW12 Correlation 
 ------------------
 Factor for UW12 correlation:            1.000000000
 Same spin scale factor:                 0.000000000
 Calculate indirect contribution:        false
 Method for three electron term:         df_ri
 Auxiliary RI basis set:                 def2-QZVPPD-ri
 Number of RI basis functions:         252
 Gaussians in geminal expansion:         4
 UW12 screening threshold:               1.00e-10
 Method for density-fitting:             w(r)


 Reference energy:                     -79.821940061
 UW12 correlation energy:               -0.072426167
 Total UW12 energy:                    -79.894366227

 --------------------------------------------------------------------------------

 End time:                               Thu Jun 17 18:02:01 2021
 Total wall-clock time:                 23.906 seconds
==================================================================================
