
================================================================================
          _____________ ________ _______________ ________     _________         
         / ___________// ______ \\_____   _____// ______ \   / ________)        
        / /_________  / /      \ \     | |     / /      \ \ | (_______          
       |  __________|| |        | |    | |    | |        | | \________ \        
        \ \_________ | |        | |    | |     \ \______/ /___________) |       
         \__________||_|        |_|    |_|      \________//____________/        
                                                                                
====================================[ Qcore ]===================================

 Git hash:   6a88d58d269bf0d2ccfae91583c23a2b072b7633
 Git date:   Tue, 25 May 2021 10:36:49 +0100
 Compiler:   GNU 9.1.0
 Build type: Release
 Version:    1.3.0

 Start time: Thu Jun 17 17:31:54 2021

 Data directory: /newhome/zw18965/.local/qcore/share/entos/1.3.0/data
 Number of threads: 16
 Number of threads was determined by: number of physical cores

 --------------------------------------------------------------------------------
                                   command: hf                                   
 --------------------------------------------------------------------------------
 AO basis set:                           cc-pwcv5z-pp-merged
 Number of AO basis functions:         206
 ECP on atom 1 (Os):                     60 electrons

 Formula:                                Os
 Nuclear charge:                        76.000000000
 Total charge:                           0.000000000
 Number of core electrons:              60
 Number of treated electrons:           16

 Number of alpha electrons:             10
 Number of beta electrons:               6
 Number of unpaired electrons:           4
 Spin:                                   4
 Multiplicity:                           quintet

 Theory:                                 hf
 Method for Coulomb:                     incore_df
 Method for exact exchange:              pre_transformed_df
 Integral threshold:                     1.00e-12
 DF basis set:                           def2-universal-jkfit
 Number of DF basis functions:         227
 Schwarz screening threshold:            1.00e-10
 Coulomb fitting method:                 Cholesky
 Method for AO orthogonalization:        symmetric
 Threshold for linear dependence:        1.00e-08

 -------------------------------------
  Running unrestricted open-shell SCF 
 -------------------------------------
 Max number of iterations:             128
 Conv. threshold (gradient):             1.00e-05
 Conv. threshold (energy):               1.00e-06
 Interpolation scheme:                   adiis+cdiis
 Initial guess:                          H0

 ---------------------------------------------------------------
                  energy        change          grad        time
 ---------------------------------------------------------------
   0       -79.631296784                    4.75e+00        0.02
   1       -78.838888372      7.92e-01      2.91e+00        0.05
   2       -86.960761319     -8.12e+00      2.38e+00        0.08
   3       -89.985762349     -3.03e+00      4.67e-01        0.08
   4       -90.029846518     -4.41e-02      1.23e-01        0.08
   5       -90.036308210     -6.46e-03      8.48e-02        0.09
   6       -90.038736424     -2.43e-03      5.37e-02        0.09
   7       -90.040361092     -1.62e-03      3.31e-02        0.09
   8       -90.042683074     -2.32e-03      2.60e-02        0.08
   9       -90.044750635     -2.07e-03      1.69e-02        0.08
  10       -90.046149861     -1.40e-03      9.09e-03        0.08
  11       -90.046301068     -1.51e-04      3.83e-03        0.09
  12       -90.046337695     -3.66e-05      3.93e-03        0.09
  13       -90.046348645     -1.10e-05      2.49e-03        0.09
  14       -90.046355588     -6.94e-06      2.55e-03        0.08
  15       -90.046365938     -1.03e-05      1.27e-03        0.09
  16       -90.046368224     -2.29e-06      4.36e-04        0.09
  17       -90.046368324     -1.00e-07      5.08e-05        0.09
  18       -90.046368325     -1.17e-09      3.97e-05        0.08
  19       -90.046368326     -6.22e-10      2.85e-05        0.09
  20       -90.046368327     -1.26e-09      2.25e-05        0.08
  21       -90.046368329     -1.53e-09      1.43e-05        0.09
  22       -90.046368329     -7.49e-10      9.17e-06        0.09

 SCF converged in 22 iterations.

 Dipole moment (in Debye):               0.000000       0.000000       0.000000

 Quadrupole moment (in Debye-Angstrom):
                  1            2            3
 1       -23.906746     0.008132    -0.026435
 2         0.008132   -23.907461     0.019451
 3        -0.026435     0.019451   -23.527421

 Spin-squared expectation <S^2>:         6.006
 Total spin quantum number S:            2.001
 TOTAL ENERGY:                         -90.046368330
 Saving results in set 'HF'

 --------------------------------------------------------------------------------
                                command: unsoldw12                               
 --------------------------------------------------------------------------------
 Number of AO basis functions:         206

 DF basis set:                           def2-qzvppd-ri
 Number of DF basis functions:         252

 Unrestricted UW12 calculation:          
 Core spatial orbitals:                  0
 Correlated alpha orbitals:             10
 Correlated beta orbitals:               6

 ------------------
  UW12 Correlation 
 ------------------
 Factor for UW12 correlation:            1.000000000
 Same spin scale factor:                 0.000000000
 Calculate indirect contribution:        false
 Method for three electron term:         df_ri
 Auxiliary RI basis set:                 def2-QZVPPD-ri
 Number of RI basis functions:         252
 Gaussians in geminal expansion:         4
 UW12 screening threshold:               1.00e-10
 Method for density-fitting:             w(r)


 Reference energy:                     -90.046368330
 UW12 correlation energy:               -0.094385323
 Total UW12 energy:                    -90.140753652

 --------------------------------------------------------------------------------

 End time:                               Thu Jun 17 17:32:26 2021
 Total wall-clock time:                 32.527 seconds
==================================================================================
