
================================================================================
          _____________ ________ _______________ ________     _________         
         / ___________// ______ \\_____   _____// ______ \   / ________)        
        / /_________  / /      \ \     | |     / /      \ \ | (_______          
       |  __________|| |        | |    | |    | |        | | \________ \        
        \ \_________ | |        | |    | |     \ \______/ /___________) |       
         \__________||_|        |_|    |_|      \________//____________/        
                                                                                
====================================[ Qcore ]===================================

 Git hash:   6a88d58d269bf0d2ccfae91583c23a2b072b7633
 Git date:   Tue, 25 May 2021 10:36:49 +0100
 Compiler:   GNU 9.1.0
 Build type: Release
 Version:    1.3.0

 Start time: Thu Jun 10 17:14:15 2021

 Data directory: /newhome/zw18965/.local/qcore/share/entos/1.3.0/data
 Number of threads: 16
 Number of threads was determined by: number of physical cores

 --------------------------------------------------------------------------------
                                   command: hf                                   
 --------------------------------------------------------------------------------
 AO basis set:                           aug-cc-pvtz-merged
 Number of AO basis functions:          46

 Formula:                                O
 Nuclear charge:                         8.000000000
 Total charge:                           0.000000000
 Number of electrons:                    8.000000000

 Number of alpha electrons:              5
 Number of beta electrons:               3
 Number of unpaired electrons:           2
 Spin:                                   2
 Multiplicity:                           triplet

 Theory:                                 hf
 Method for Coulomb:                     incore_df
 Method for exact exchange:              pre_transformed_df
 Integral threshold:                     1.00e-12
 DF basis set:                           def2-universal-jkfit
 Number of DF basis functions:          77
 Schwarz screening threshold:            1.00e-10
 Coulomb fitting method:                 Cholesky
 Method for AO orthogonalization:        symmetric
 Threshold for linear dependence:        1.00e-08

 -------------------------------------
  Running unrestricted open-shell SCF 
 -------------------------------------
 Max number of iterations:             128
 Conv. threshold (gradient):             1.00e-05
 Conv. threshold (energy):               1.00e-06
 Interpolation scheme:                   adiis+cdiis
 Initial guess:                          H0

 ---------------------------------------------------------------
                  energy        change          grad        time
 ---------------------------------------------------------------
   0       -67.695744902                    3.97e+00        0.00
   1       -69.526316897     -1.83e+00      1.96e+00        0.00
   2       -73.672823797     -4.15e+00      1.44e+00        0.00
   3       -74.713233347     -1.04e+00      5.02e-01        0.00
   4       -74.803168827     -8.99e-02      1.58e-01        0.00
   5       -74.812133389     -8.96e-03      4.64e-02        0.00
   6       -74.812911609     -7.78e-04      1.38e-02        0.00
   7       -74.812981342     -6.97e-05      4.83e-04        0.00
   8       -74.812981750     -4.07e-07      3.18e-04        0.00
   9       -74.812981814     -6.41e-08      5.55e-05        0.00
  10       -74.812981816     -2.45e-09      9.15e-06        0.00

 SCF converged in 10 iterations.

 Dipole moment (in Debye):               0.000000      -0.000000       0.000000

 Quadrupole moment (in Debye-Angstrom):
                  1            2            3
 1        -5.359737    -0.093029    -0.630174
 2        -0.093029    -4.623731    -0.078419
 3        -0.630174    -0.078419    -5.143360

 Spin-squared expectation <S^2>:         2.009
 Total spin quantum number S:            1.003
 TOTAL ENERGY:                         -74.812981816
 Saving results in set 'HF'

 --------------------------------------------------------------------------------
                                command: unsoldw12                               
 --------------------------------------------------------------------------------
 Number of AO basis functions:          46

 DF basis set:                           def2-qzvppd-ri
 Number of DF basis functions:         157


 --------------------------
  Virtual UW12 Correlation 
 --------------------------
 Unrestricted MP2 calculation:           
 Core spatial orbitals:                  1
 Correlated alpha orbitals:              4
 Correlated beta orbitals:               2
 Virtual alpha orbitals:                41
 Virtual beta orbitals:                 43

 Opposite spin energy:                  -0.017825355

 Reference energy:                     -74.812981816
 UW12 correlation energy:               -0.017825355
 Total UW12 energy:                    -74.830807171

 --------------------------------------------------------------------------------

 End time:                               Thu Jun 10 17:14:16 2021
 Total wall-clock time:                  0.322 seconds
==================================================================================
