
================================================================================
          _____________ ________ _______________ ________     _________         
         / ___________// ______ \\_____   _____// ______ \   / ________)        
        / /_________  / /      \ \     | |     / /      \ \ | (_______          
       |  __________|| |        | |    | |    | |        | | \________ \        
        \ \_________ | |        | |    | |     \ \______/ /___________) |       
         \__________||_|        |_|    |_|      \________//____________/        
                                                                                
====================================[ Qcore ]===================================

 Git hash:   6a88d58d269bf0d2ccfae91583c23a2b072b7633
 Git date:   Tue, 25 May 2021 10:36:49 +0100
 Compiler:   GNU 9.1.0
 Build type: Release
 Version:    1.3.0

 Start time: Thu Jun 10 17:15:03 2021

 Data directory: /newhome/zw18965/.local/qcore/share/entos/1.3.0/data
 Number of threads: 16
 Number of threads was determined by: number of physical cores

 --------------------------------------------------------------------------------
                                   command: hf                                   
 --------------------------------------------------------------------------------
 AO basis set:                           aug-cc-pvtz-merged
 Number of AO basis functions:          93

 Formula:                                Co
 Nuclear charge:                        27.000000000
 Total charge:                           0.000000000
 Number of electrons:                   27.000000000

 Number of alpha electrons:             15
 Number of beta electrons:              12
 Number of unpaired electrons:           3
 Spin:                                   3
 Multiplicity:                           quartet

 Theory:                                 hf
 Method for Coulomb:                     incore_df
 Method for exact exchange:              pre_transformed_df
 Integral threshold:                     1.00e-12
 DF basis set:                           def2-universal-jkfit
 Number of DF basis functions:         264
 Schwarz screening threshold:            1.00e-10
 Coulomb fitting method:                 Cholesky
 Method for AO orthogonalization:        symmetric
 Threshold for linear dependence:        1.00e-08

 -------------------------------------
  Running unrestricted open-shell SCF 
 -------------------------------------
 Max number of iterations:             128
 Conv. threshold (gradient):             1.00e-05
 Conv. threshold (energy):               1.00e-06
 Interpolation scheme:                   adiis+cdiis
 Initial guess:                          H0

 ---------------------------------------------------------------
                  energy        change          grad        time
 ---------------------------------------------------------------
   0     -1312.762812669                    9.26e+00        0.02
   1     -1276.770233107      3.60e+01      1.08e+01        0.02
   2     -1355.571400120     -7.88e+01      5.83e+00        0.02
   3     -1377.683775016     -2.21e+01      2.65e+00        0.02
   4     -1377.750769063     -6.70e-02      3.43e+00        0.02
   5     -1381.358476566     -3.61e+00      2.70e-01        0.02
   6     -1381.382747977     -2.43e-02      2.55e-01        0.02
   7     -1381.400237780     -1.75e-02      1.26e-01        0.02
   8     -1381.405130343     -4.89e-03      9.34e-02        0.02
   9     -1381.407501448     -2.37e-03      4.55e-02        0.02
  10     -1381.408824928     -1.32e-03      7.87e-03        0.02
  11     -1381.408934419     -1.09e-04      3.63e-03        0.01
  12     -1381.408952784     -1.84e-05      2.54e-03        0.03
  13     -1381.408958843     -6.06e-06      2.57e-03        0.02
  14     -1381.408950147      8.70e-06      2.37e-03        0.02
  15     -1381.408922690      2.75e-05      8.07e-04        0.01
  16     -1381.408921795      8.96e-07      4.04e-04        0.02
  17     -1381.408921927     -1.32e-07      3.02e-04        0.02
  18     -1381.408922112     -1.85e-07      2.04e-04        0.02
  19     -1381.408922229     -1.17e-07      1.43e-04        0.01
  20     -1381.408922281     -5.29e-08      3.61e-05        0.01
  21     -1381.408922284     -2.27e-09      5.08e-06        0.02

 SCF converged in 21 iterations.

 Dipole moment (in Debye):               0.000000      -0.000000      -0.000000

 Quadrupole moment (in Debye-Angstrom):
                  1            2            3
 1       -17.600964     0.005891    -0.001858
 2         0.005891   -17.819909     0.069021
 3        -0.001858     0.069021   -17.622527

 Spin-squared expectation <S^2>:         3.760
 Total spin quantum number S:            1.503
 TOTAL ENERGY:                       -1381.408922284
 Saving results in set 'HF'

 --------------------------------------------------------------------------------
                                command: unsoldw12                               
 --------------------------------------------------------------------------------
 Number of AO basis functions:          93

 DF basis set:                           def2-qzvppd-ri
 Number of DF basis functions:         309


 --------------------------
  Virtual UW12 Correlation 
 --------------------------
 Unrestricted MP2 calculation:           
 Core spatial orbitals:                  5
 Correlated alpha orbitals:             10
 Correlated beta orbitals:               7
 Virtual alpha orbitals:                78
 Virtual beta orbitals:                 81

 Opposite spin energy:                  -0.068707478

 Reference energy:                   -1381.408922284
 UW12 correlation energy:               -0.068707478
 Total UW12 energy:                  -1381.477629761

 --------------------------------------------------------------------------------

 End time:                               Thu Jun 10 17:15:11 2021
 Total wall-clock time:                  7.814 seconds
==================================================================================
