
================================================================================
          _____________ ________ _______________ ________     _________         
         / ___________// ______ \\_____   _____// ______ \   / ________)        
        / /_________  / /      \ \     | |     / /      \ \ | (_______          
       |  __________|| |        | |    | |    | |        | | \________ \        
        \ \_________ | |        | |    | |     \ \______/ /___________) |       
         \__________||_|        |_|    |_|      \________//____________/        
                                                                                
====================================[ Qcore ]===================================

 Git hash:   6a88d58d269bf0d2ccfae91583c23a2b072b7633
 Git date:   Tue, 25 May 2021 10:36:49 +0100
 Compiler:   GNU 9.1.0
 Build type: Release
 Version:    1.3.0

 Start time: Thu Jun 10 17:15:27 2021

 Data directory: /newhome/zw18965/.local/qcore/share/entos/1.3.0/data
 Number of threads: 16
 Number of threads was determined by: number of physical cores

 --------------------------------------------------------------------------------
                                   command: hf                                   
 --------------------------------------------------------------------------------
 AO basis set:                           aug-cc-pvtz-merged
 Number of AO basis functions:          93

 Formula:                                Zn
 Nuclear charge:                        30.000000000
 Total charge:                           0.000000000
 Number of electrons:                   30.000000000

 Number of alpha electrons:             15
 Number of beta electrons:              15
 Number of unpaired electrons:           0
 Spin:                                   0
 Multiplicity:                           singlet

 Theory:                                 hf
 Method for Coulomb:                     incore_df
 Method for exact exchange:              pre_transformed_df
 Integral threshold:                     1.00e-12
 DF basis set:                           def2-universal-jkfit
 Number of DF basis functions:         264
 Schwarz screening threshold:            1.00e-10
 Coulomb fitting method:                 Cholesky
 Method for AO orthogonalization:        symmetric
 Threshold for linear dependence:        1.00e-08

 -------------------------------------
  Running restricted closed-shell SCF 
 -------------------------------------
 Max number of iterations:             128
 Conv. threshold (gradient):             1.00e-05
 Conv. threshold (energy):               1.00e-06
 Interpolation scheme:                   adiis+cdiis
 Initial guess:                          H0

 ---------------------------------------------------------------
                  energy        change          grad        time
 ---------------------------------------------------------------
   0     -1659.861184905                    2.30e+01        0.01
   1     -1613.859193863      4.60e+01      3.05e+01        0.01
   2     -1734.182424716     -1.20e+02      1.38e+01        0.01
   3     -1773.681288414     -3.95e+01      4.91e+00        0.01
   4     -1774.420952415     -7.40e-01      5.03e+00        0.01
   5     -1777.818725528     -3.40e+00      3.10e-01        0.01
   6     -1777.826552309     -7.83e-03      3.55e-01        0.01
   7     -1777.843882604     -1.73e-02      1.25e-01        0.01
   8     -1777.844058672     -1.76e-04      1.31e-01        0.01
   9     -1777.846621953     -2.56e-03      1.02e-02        0.01
  10     -1777.846646294     -2.43e-05      9.54e-03        0.01
  11     -1777.846664394     -1.81e-05      8.50e-05        0.01
  12     -1777.846664398     -4.26e-09      7.73e-06        0.01

 SCF converged in 12 iterations.

 Dipole moment (in Debye):               0.000000      -0.000000       0.000000

 Quadrupole moment (in Debye-Angstrom):
                  1            2            3
 1       -15.684133     0.000000    -0.000000
 2         0.000000   -15.684133     0.000000
 3        -0.000000     0.000000   -15.684133

 Spin-squared expectation <S^2>:         0.000
 Total spin quantum number S:            0.000
 TOTAL ENERGY:                       -1777.846664398
 Saving results in set 'HF'

 --------------------------------------------------------------------------------
                                command: unsoldw12                               
 --------------------------------------------------------------------------------
 Number of AO basis functions:          93

 DF basis set:                           def2-qzvppd-ri
 Number of DF basis functions:         316


 --------------------------
  Virtual UW12 Correlation 
 --------------------------
 Restricted Virtual UW12 calculation:    
 Core orbitals:                          5
 Correlated orbitals:                   10
 Virtual orbitals:                      78

 Opposite spin energy:                  -0.087519900

 Reference energy:                   -1777.846664398
 UW12 correlation energy:               -0.087519900
 Total UW12 energy:                  -1777.934184298

 --------------------------------------------------------------------------------

 End time:                               Thu Jun 10 17:15:36 2021
 Total wall-clock time:                  8.803 seconds
==================================================================================
