
================================================================================
          _____________ ________ _______________ ________     _________         
         / ___________// ______ \\_____   _____// ______ \   / ________)        
        / /_________  / /      \ \     | |     / /      \ \ | (_______          
       |  __________|| |        | |    | |    | |        | | \________ \        
        \ \_________ | |        | |    | |     \ \______/ /___________) |       
         \__________||_|        |_|    |_|      \________//____________/        
                                                                                
====================================[ Qcore ]===================================

 Git hash:   6a88d58d269bf0d2ccfae91583c23a2b072b7633
 Git date:   Tue, 25 May 2021 10:36:49 +0100
 Compiler:   GNU 9.1.0
 Build type: Release
 Version:    1.3.0

 Start time: Thu Jun 17 17:35:31 2021

 Data directory: /newhome/zw18965/.local/qcore/share/entos/1.3.0/data
 Number of threads: 16
 Number of threads was determined by: number of physical cores

 --------------------------------------------------------------------------------
                                   command: hf                                   
 --------------------------------------------------------------------------------
 AO basis set:                           cc-pwcvqz-pp-merged
 Number of AO basis functions:         149

 Formula:                                Zn
 Nuclear charge:                        30.000000000
 Total charge:                           0.000000000
 Number of electrons:                   30.000000000

 Number of alpha electrons:             15
 Number of beta electrons:              15
 Number of unpaired electrons:           0
 Spin:                                   0
 Multiplicity:                           singlet

 Theory:                                 hf
 Method for Coulomb:                     incore_df
 Method for exact exchange:              pre_transformed_df
 Integral threshold:                     1.00e-12
 DF basis set:                           def2-universal-jkfit
 Number of DF basis functions:         264
 Schwarz screening threshold:            1.00e-10
 Coulomb fitting method:                 Cholesky
 Method for AO orthogonalization:        symmetric
 Threshold for linear dependence:        1.00e-08

 -------------------------------------
  Running restricted closed-shell SCF 
 -------------------------------------
 Max number of iterations:             128
 Conv. threshold (gradient):             1.00e-05
 Conv. threshold (energy):               1.00e-06
 Interpolation scheme:                   adiis+cdiis
 Initial guess:                          H0

 ---------------------------------------------------------------
                  energy        change          grad        time
 ---------------------------------------------------------------
   0     -1536.154776871                    7.70e+01        0.01
   1     -1604.264412859     -6.81e+01      3.97e+01        0.01
   2     -1720.205063058     -1.16e+02      2.68e+01        0.01
   3     -1774.051151961     -5.38e+01      7.09e+00        0.01
   4     -1774.763018654     -7.12e-01      5.24e+00        0.01
   5     -1777.800981315     -3.04e+00      4.82e-01        0.01
   6     -1777.799543649      1.44e-03      6.23e-01        0.02
   7     -1777.847275760     -4.77e-02      3.30e-02        0.02
   8     -1777.847730729     -4.55e-04      3.78e-02        0.02
   9     -1777.847937055     -2.06e-04      7.04e-04        0.02
  10     -1777.847937370     -3.16e-07      1.08e-04        0.01
  11     -1777.847937376     -5.62e-09      1.15e-05        0.01
  12     -1777.847937376     -8.34e-11      5.15e-07        0.01

 SCF converged in 12 iterations.

 Dipole moment (in Debye):               0.000000      -0.000000       0.000000

 Quadrupole moment (in Debye-Angstrom):
                  1            2            3
 1       -15.681065    -0.000000     0.000000
 2        -0.000000   -15.681065    -0.000000
 3         0.000000    -0.000000   -15.681065

 Spin-squared expectation <S^2>:         0.000
 Total spin quantum number S:            0.000
 TOTAL ENERGY:                       -1777.847937376
 Saving results in set 'HF'

 --------------------------------------------------------------------------------
                                command: unsoldw12                               
 --------------------------------------------------------------------------------
 Number of AO basis functions:         149

 DF basis set:                           def2-qzvppd-ri
 Number of DF basis functions:         316

 Restricted UW12 calculation:            
 Core Orbitals:                          0
 Correlated Orbitals:                   15

 ------------------
  UW12 Correlation 
 ------------------
 Factor for UW12 correlation:            1.000000000
 Same spin scale factor:                 0.000000000
 Calculate indirect contribution:        false
 Method for three electron term:         df_ri
 Auxiliary RI basis set:                 def2-QZVPPD-ri
 Number of RI basis functions:         316
 Gaussians in geminal expansion:         4
 UW12 screening threshold:               1.00e-10
 Method for density-fitting:             w(r)


 Reference energy:                   -1777.847937376
 UW12 correlation energy:               -0.109814625
 Total UW12 energy:                  -1777.957752001

 --------------------------------------------------------------------------------

 End time:                               Thu Jun 17 17:35:48 2021
 Total wall-clock time:                 16.282 seconds
==================================================================================
