
================================================================================
          _____________ ________ _______________ ________     _________         
         / ___________// ______ \\_____   _____// ______ \   / ________)        
        / /_________  / /      \ \     | |     / /      \ \ | (_______          
       |  __________|| |        | |    | |    | |        | | \________ \        
        \ \_________ | |        | |    | |     \ \______/ /___________) |       
         \__________||_|        |_|    |_|      \________//____________/        
                                                                                
====================================[ Qcore ]===================================

 Git hash:   6a88d58d269bf0d2ccfae91583c23a2b072b7633
 Git date:   Tue, 25 May 2021 10:36:49 +0100
 Compiler:   GNU 9.1.0
 Build type: Release
 Version:    1.3.0

 Start time: Thu Jun 17 17:36:50 2021

 Data directory: /newhome/zw18965/.local/qcore/share/entos/1.3.0/data
 Number of threads: 16
 Number of threads was determined by: number of physical cores

 --------------------------------------------------------------------------------
                                   command: hf                                   
 --------------------------------------------------------------------------------
 AO basis set:                           cc-pwcvqz-pp-merged
 Number of AO basis functions:         145

 Formula:                                Kr
 Nuclear charge:                        36.000000000
 Total charge:                           0.000000000
 Number of electrons:                   36.000000000

 Number of alpha electrons:             18
 Number of beta electrons:              18
 Number of unpaired electrons:           0
 Spin:                                   0
 Multiplicity:                           singlet

 Theory:                                 hf
 Method for Coulomb:                     incore_df
 Method for exact exchange:              pre_transformed_df
 Integral threshold:                     1.00e-12
 DF basis set:                           def2-universal-jkfit
 Number of DF basis functions:         266
 Schwarz screening threshold:            1.00e-10
 Coulomb fitting method:                 Cholesky
 Method for AO orthogonalization:        symmetric
 Threshold for linear dependence:        1.00e-08

 -------------------------------------
  Running restricted closed-shell SCF 
 -------------------------------------
 Max number of iterations:             128
 Conv. threshold (gradient):             1.00e-05
 Conv. threshold (energy):               1.00e-06
 Interpolation scheme:                   adiis+cdiis
 Initial guess:                          H0

 ---------------------------------------------------------------
                  energy        change          grad        time
 ---------------------------------------------------------------
   0     -2370.448452616                    1.06e+02        0.01
   1     -2446.223560301     -7.58e+01      6.07e+01        0.01
   2     -2658.651280102     -2.12e+02      4.24e+01        0.01
   3     -2746.830119494     -8.82e+01      1.01e+01        0.01
   4     -2750.291975771     -3.46e+00      5.74e+00        0.01
   5     -2751.775620105     -1.48e+00      1.90e+00        0.01
   6     -2751.956273811     -1.81e-01      1.22e+00        0.01
   7     -2752.043448266     -8.72e-02      3.96e-01        0.01
   8     -2752.050662316     -7.21e-03      2.42e-01        0.01
   9     -2752.054252173     -3.59e-03      7.99e-02        0.01
  10     -2752.054549522     -2.97e-04      4.66e-02        0.02
  11     -2752.054701291     -1.52e-04      1.19e-05        0.02
  12     -2752.054701291     -3.00e-11      9.91e-07        0.01

 SCF converged in 12 iterations.

 Dipole moment (in Debye):               0.000000      -0.000000      -0.000000

 Quadrupole moment (in Debye-Angstrom):
                  1            2            3
 1       -17.721886    -0.000000     0.000000
 2        -0.000000   -17.721885     0.000000
 3         0.000000     0.000000   -17.721886

 Spin-squared expectation <S^2>:         0.000
 Total spin quantum number S:            0.000
 TOTAL ENERGY:                       -2752.054701291
 Saving results in set 'HF'

 --------------------------------------------------------------------------------
                                command: unsoldw12                               
 --------------------------------------------------------------------------------
 Number of AO basis functions:         145

 DF basis set:                           def2-qzvppd-ri
 Number of DF basis functions:         314

 Restricted UW12 calculation:            
 Core Orbitals:                          0
 Correlated Orbitals:                   18

 ------------------
  UW12 Correlation 
 ------------------
 Factor for UW12 correlation:            1.000000000
 Same spin scale factor:                 0.000000000
 Calculate indirect contribution:        false
 Method for three electron term:         df_ri
 Auxiliary RI basis set:                 def2-QZVPPD-ri
 Number of RI basis functions:         314
 Gaussians in geminal expansion:         4
 UW12 screening threshold:               1.00e-10
 Method for density-fitting:             w(r)


 Reference energy:                   -2752.054701291
 UW12 correlation energy:               -0.126081620
 Total UW12 energy:                  -2752.180782911

 --------------------------------------------------------------------------------

 End time:                               Thu Jun 17 17:37:02 2021
 Total wall-clock time:                 12.096 seconds
==================================================================================
