
================================================================================
          _____________ ________ _______________ ________     _________         
         / ___________// ______ \\_____   _____// ______ \   / ________)        
        / /_________  / /      \ \     | |     / /      \ \ | (_______          
       |  __________|| |        | |    | |    | |        | | \________ \        
        \ \_________ | |        | |    | |     \ \______/ /___________) |       
         \__________||_|        |_|    |_|      \________//____________/        
                                                                                
====================================[ Qcore ]===================================

 Git hash:   6a88d58d269bf0d2ccfae91583c23a2b072b7633
 Git date:   Tue, 25 May 2021 10:36:49 +0100
 Compiler:   GNU 9.1.0
 Build type: Release
 Version:    1.3.0

 Start time: Thu Jun 17 17:37:47 2021

 Data directory: /newhome/zw18965/.local/qcore/share/entos/1.3.0/data
 Number of threads: 16
 Number of threads was determined by: number of physical cores

 --------------------------------------------------------------------------------
                                   command: hf                                   
 --------------------------------------------------------------------------------
 AO basis set:                           cc-pwcvqz-pp-merged
 Number of AO basis functions:         144
 ECP on atom 1 (Rh):                     28 electrons

 Formula:                                Rh
 Nuclear charge:                        45.000000000
 Total charge:                           0.000000000
 Number of core electrons:              28
 Number of treated electrons:           17

 Number of alpha electrons:             10
 Number of beta electrons:               7
 Number of unpaired electrons:           3
 Spin:                                   3
 Multiplicity:                           quartet

 Theory:                                 hf
 Method for Coulomb:                     incore_df
 Method for exact exchange:              pre_transformed_df
 Integral threshold:                     1.00e-12
 DF basis set:                           def2-universal-jkfit
 Number of DF basis functions:         255
 Schwarz screening threshold:            1.00e-10
 Coulomb fitting method:                 Cholesky
 Method for AO orthogonalization:        symmetric
 Threshold for linear dependence:        1.00e-08

 -------------------------------------
  Running unrestricted open-shell SCF 
 -------------------------------------
 Max number of iterations:             128
 Conv. threshold (gradient):             1.00e-05
 Conv. threshold (energy):               1.00e-06
 Interpolation scheme:                   adiis+cdiis
 Initial guess:                          H0

 ---------------------------------------------------------------
                  energy        change          grad        time
 ---------------------------------------------------------------
   0       -91.466887548                    5.35e+00        0.01
   1       -87.657415184      3.81e+00      4.62e+00        0.01
   2      -102.696665360     -1.50e+01      3.21e+00        0.01
   3      -109.218477275     -6.52e+00      5.13e-01        0.01
   4      -109.320492863     -1.02e-01      2.25e-01        0.01
   5      -109.341048387     -2.06e-02      1.63e-01        0.02
   6      -109.355944539     -1.49e-02      8.33e-02        0.02
   7      -109.359472173     -3.53e-03      7.50e-02        0.02
   8      -109.362022258     -2.55e-03      4.54e-02        0.02
   9      -109.362066642     -4.44e-05      4.54e-02        0.01
  10      -109.345683823      1.64e-02      6.27e-02        0.02
  11      -109.345931516     -2.48e-04      5.86e-02        0.02
  12      -109.347455769     -1.52e-03      2.87e-02        0.02
  13      -109.347307368      1.48e-04      3.19e-02        0.02
  14      -109.347692120     -3.85e-04      3.25e-02        0.02
  15      -109.346976195      7.16e-04      3.41e-02        0.02
  16      -109.346133115      8.43e-04      2.35e-02        0.02
  17      -109.345862274      2.71e-04      1.40e-02        0.02
  18      -109.345738482      1.24e-04      5.58e-03        0.02
  19      -109.345734584      3.90e-06      2.36e-03        0.02
  20      -109.345736414     -1.83e-06      1.75e-03        0.02
  21      -109.345738701     -2.29e-06      1.66e-03        0.02
  22      -109.345739546     -8.45e-07      1.71e-03        0.02
  23      -109.345731460      8.09e-06      9.85e-04        0.02
  24      -109.345729758      1.70e-06      4.22e-04        0.02
  25      -109.345729900     -1.42e-07      3.41e-04        0.02
  26      -109.345730026     -1.27e-07      3.00e-04        0.02
  27      -109.345730003      2.32e-08      3.05e-04        0.02
  28      -109.345729905      9.81e-08      2.96e-04        0.02
  29      -109.345729849      5.63e-08      2.51e-04        0.02
  30      -109.345729830      1.88e-08      1.83e-04        0.02
  31      -109.345729831     -8.85e-10      1.61e-04        0.02
  32      -109.345729833     -1.77e-09      1.65e-04        0.02
  33      -109.345729829      3.34e-09      1.57e-04        0.02
  34      -109.345729820      9.14e-09      1.34e-04        0.02
  35      -109.345729820      3.09e-10      1.27e-04        0.02
  36      -109.345729820     -1.84e-10      1.04e-04        0.02
  37      -109.345729811      9.43e-09      8.59e-05        0.02
  38      -109.345729806      5.07e-09      8.01e-05        0.02
  39      -109.345729807     -1.86e-09      8.41e-05        0.02
  40      -109.345729805      2.58e-09      8.47e-05        0.02
  41      -109.345729801      3.42e-09      7.86e-05        0.02
  42      -109.345729788      1.31e-08      6.72e-05        0.02
  43      -109.345729783      5.22e-09      4.06e-05        0.02
  44      -109.345729781      1.96e-09      1.60e-05        0.02
  45      -109.345729781      1.02e-10      1.72e-05        0.02
  46      -109.345729781      1.36e-10      1.09e-05        0.02
  47      -109.345729781      2.96e-11      1.02e-05        0.02
  48      -109.345729781      8.95e-13      9.95e-06        0.02

 SCF converged in 48 iterations.

 Dipole moment (in Debye):              -0.000000      -0.000000      -0.000000

 Quadrupole moment (in Debye-Angstrom):
                  1            2            3
 1       -21.345377    -0.635033     0.008473
 2        -0.635033   -23.059801     0.025914
 3         0.008473     0.025914   -21.136108

 Spin-squared expectation <S^2>:         3.755
 Total spin quantum number S:            1.501
 TOTAL ENERGY:                        -109.345729781
 Saving results in set 'HF'

 --------------------------------------------------------------------------------
                                command: unsoldw12                               
 --------------------------------------------------------------------------------
 Number of AO basis functions:         144

 DF basis set:                           def2-qzvppd-ri
 Number of DF basis functions:         252

 Unrestricted UW12 calculation:          
 Core spatial orbitals:                  0
 Correlated alpha orbitals:             10
 Correlated beta orbitals:               7

 ------------------
  UW12 Correlation 
 ------------------
 Factor for UW12 correlation:            1.000000000
 Same spin scale factor:                 0.000000000
 Calculate indirect contribution:        false
 Method for three electron term:         df_ri
 Auxiliary RI basis set:                 def2-QZVPPD-ri
 Number of RI basis functions:         252
 Gaussians in geminal expansion:         4
 UW12 screening threshold:               1.00e-10
 Method for density-fitting:             w(r)


 Reference energy:                    -109.345729781
 UW12 correlation energy:               -0.095613054
 Total UW12 energy:                   -109.441342835

 --------------------------------------------------------------------------------

 End time:                               Thu Jun 17 17:37:58 2021
 Total wall-clock time:                 11.001 seconds
==================================================================================
