
================================================================================
          _____________ ________ _______________ ________     _________         
         / ___________// ______ \\_____   _____// ______ \   / ________)        
        / /_________  / /      \ \     | |     / /      \ \ | (_______          
       |  __________|| |        | |    | |    | |        | | \________ \        
        \ \_________ | |        | |    | |     \ \______/ /___________) |       
         \__________||_|        |_|    |_|      \________//____________/        
                                                                                
====================================[ Qcore ]===================================

 Git hash:   6a88d58d269bf0d2ccfae91583c23a2b072b7633
 Git date:   Tue, 25 May 2021 10:36:49 +0100
 Compiler:   GNU 9.1.0
 Build type: Release
 Version:    1.3.0

 Start time: Thu Jun 17 17:38:37 2021

 Data directory: /newhome/zw18965/.local/qcore/share/entos/1.3.0/data
 Number of threads: 16
 Number of threads was determined by: number of physical cores

 --------------------------------------------------------------------------------
                                   command: hf                                   
 --------------------------------------------------------------------------------
 AO basis set:                           cc-pwcvqz-pp-merged
 Number of AO basis functions:         144
 ECP on atom 1 (In):                     28 electrons

 Formula:                                In
 Nuclear charge:                        49.000000000
 Total charge:                           0.000000000
 Number of core electrons:              28
 Number of treated electrons:           21

 Number of alpha electrons:             11
 Number of beta electrons:              10
 Number of unpaired electrons:           1
 Spin:                                   1
 Multiplicity:                           doublet

 Theory:                                 hf
 Method for Coulomb:                     incore_df
 Method for exact exchange:              pre_transformed_df
 Integral threshold:                     1.00e-12
 DF basis set:                           def2-universal-jkfit
 Number of DF basis functions:         218
 Schwarz screening threshold:            1.00e-10
 Coulomb fitting method:                 Cholesky
 Method for AO orthogonalization:        symmetric
 Threshold for linear dependence:        1.00e-08

 -------------------------------------
  Running unrestricted open-shell SCF 
 -------------------------------------
 Max number of iterations:             128
 Conv. threshold (gradient):             1.00e-05
 Conv. threshold (energy):               1.00e-06
 Interpolation scheme:                   adiis+cdiis
 Initial guess:                          H0

 ---------------------------------------------------------------
                  energy        change          grad        time
 ---------------------------------------------------------------
   0      -151.101180731                    6.88e+00        0.01
   1      -131.690296486      1.94e+01      6.03e+00        0.01
   2      -163.718021453     -3.20e+01      5.91e+00        0.01
   3      -188.783708853     -2.51e+01      1.12e+00        0.01
   4      -189.126811372     -3.43e-01      3.87e-01        0.02
   5      -189.182165242     -5.54e-02      1.90e-01        0.02
   6      -189.205655963     -2.35e-02      9.18e-02        0.02
   7      -189.209067199     -3.41e-03      4.87e-02        0.02
   8      -189.210731222     -1.66e-03      1.85e-03        0.02
   9      -189.210739531     -8.31e-06      6.38e-04        0.02
  10      -189.210740174     -6.43e-07      7.41e-05        0.02
  11      -189.210740179     -5.44e-09      1.96e-05        0.02
  12      -189.210740180     -2.18e-10      2.50e-06        0.02

 SCF converged in 12 iterations.

 Dipole moment (in Debye):               0.000000      -0.000000       0.000000

 Quadrupole moment (in Debye-Angstrom):
                  1            2            3
 1       -31.468847     1.342781    -0.008090
 2         1.342781   -22.813196     0.001226
 3        -0.008090     0.001226   -22.609679

 Spin-squared expectation <S^2>:         0.763
 Total spin quantum number S:            0.507
 TOTAL ENERGY:                        -189.210740180
 Saving results in set 'HF'

 --------------------------------------------------------------------------------
                                command: unsoldw12                               
 --------------------------------------------------------------------------------
 Number of AO basis functions:         144

 DF basis set:                           def2-qzvppd-ri
 Number of DF basis functions:         292

 Unrestricted UW12 calculation:          
 Core spatial orbitals:                  0
 Correlated alpha orbitals:             11
 Correlated beta orbitals:              10

 ------------------
  UW12 Correlation 
 ------------------
 Factor for UW12 correlation:            1.000000000
 Same spin scale factor:                 0.000000000
 Calculate indirect contribution:        false
 Method for three electron term:         df_ri
 Auxiliary RI basis set:                 def2-QZVPPD-ri
 Number of RI basis functions:         292
 Gaussians in geminal expansion:         4
 UW12 screening threshold:               1.00e-10
 Method for density-fitting:             w(r)


 Reference energy:                    -189.210740180
 UW12 correlation energy:               -0.119436458
 Total UW12 energy:                   -189.330176638

 --------------------------------------------------------------------------------

 End time:                               Thu Jun 17 17:38:51 2021
 Total wall-clock time:                 14.799 seconds
==================================================================================
