
================================================================================
          _____________ ________ _______________ ________     _________         
         / ___________// ______ \\_____   _____// ______ \   / ________)        
        / /_________  / /      \ \     | |     / /      \ \ | (_______          
       |  __________|| |        | |    | |    | |        | | \________ \        
        \ \_________ | |        | |    | |     \ \______/ /___________) |       
         \__________||_|        |_|    |_|      \________//____________/        
                                                                                
====================================[ Qcore ]===================================

 Git hash:   6a88d58d269bf0d2ccfae91583c23a2b072b7633
 Git date:   Tue, 25 May 2021 10:36:49 +0100
 Compiler:   GNU 9.1.0
 Build type: Release
 Version:    1.3.0

 Start time: Thu Jun 17 17:40:06 2021

 Data directory: /newhome/zw18965/.local/qcore/share/entos/1.3.0/data
 Number of threads: 16
 Number of threads was determined by: number of physical cores

 --------------------------------------------------------------------------------
                                   command: dft                                  
 --------------------------------------------------------------------------------
 AO basis set:                           cc-pwcvqz-pp-merged
 Number of AO basis functions:         144
 ECP on atom 1 (Hf):                     60 electrons

 Formula:                                Hf
 Nuclear charge:                        72.000000000
 Total charge:                           0.000000000
 Number of core electrons:              60
 Number of treated electrons:           12

 Number of alpha electrons:              7
 Number of beta electrons:               5
 Number of unpaired electrons:           2
 Spin:                                   2
 Multiplicity:                           triplet

 Theory:                                 dft
 Exchange-correlation functional:        pbe
 Method for Coulomb:                     incore_df
 Integral threshold:                     1.00e-12
 DF basis set:                           def2-universal-jkfit
 Number of DF basis functions:         227
 Schwarz screening threshold:            1.00e-10
 Coulomb fitting method:                 Cholesky
 Total number of grid points:         8784
 Method for AO orthogonalization:        symmetric
 Threshold for linear dependence:        1.00e-08

 -------------------------------------
  Running unrestricted open-shell SCF 
 -------------------------------------
 Max number of iterations:             128
 Conv. threshold (gradient):             1.00e-05
 Conv. threshold (energy):               1.00e-06
 Interpolation scheme:                   adiis+cdiis
 Initial guess:                          H0

 ---------------------------------------------------------------
                  energy        change          grad        time
 ---------------------------------------------------------------
   0       -43.334730065                    2.53e+00        0.03
   1       -43.548256413     -2.14e-01      2.24e+00        0.04
   2       -46.122860527     -2.57e+00      1.72e+00        0.03
   3       -48.363480903     -2.24e+00      5.75e-01        0.03
   4       -48.328889162      3.46e-02      5.02e-01        0.03
   5       -48.446384318     -1.17e-01      1.53e-01        0.04
   6       -48.421321683      2.51e-02      2.85e-01        0.03
   7       -48.457653291     -3.63e-02      7.37e-02        0.04
   8       -48.458528471     -8.75e-04      2.60e-02        0.04
   9       -48.458961432     -4.33e-04      1.18e-02        0.03
  10       -48.459097342     -1.36e-04      6.35e-03        0.03
  11       -48.459297330     -2.00e-04      4.84e-03        0.04
  12       -48.459397754     -1.00e-04      4.07e-03        0.03
  13       -48.459450657     -5.29e-05      3.25e-03        0.03
  14       -48.459474660     -2.40e-05      1.47e-03        0.03
  15       -48.459477525     -2.87e-06      3.33e-04        0.03
  16       -48.459477560     -3.49e-08      2.00e-04        0.03
  17       -48.459477609     -4.84e-08      1.94e-04        0.03
  18       -48.459477681     -7.27e-08      1.59e-04        0.04
  19       -48.459477742     -6.12e-08      1.56e-04        0.03
  20       -48.459477864     -1.22e-07      1.08e-04        0.03
  21       -48.459477935     -7.12e-08      1.00e-04        0.03
  22       -48.459478022     -8.63e-08      7.94e-05        0.03
  23       -48.459478059     -3.72e-08      7.76e-05        0.04
  24       -48.459478265     -2.07e-07      8.38e-05        0.03
  25       -48.459478648     -3.83e-07      9.10e-05        0.04
  26       -48.459479073     -4.24e-07      7.62e-05        0.03
  27       -48.459479013      5.92e-08      8.37e-05        0.03
  28       -48.459478938      7.50e-08      7.10e-05        0.04
  29       -48.459479623     -6.85e-07      3.02e-04        0.03
  30       -48.459479552      7.10e-08      1.15e-04        0.03
  31       -48.459479461      9.09e-08      3.04e-04        0.03
  32       -48.459479647     -1.86e-07      1.17e-04        0.03
  33       -48.459479725     -7.83e-08      2.96e-05        0.03
  34       -48.459479729     -4.09e-09      4.37e-05        0.03
  35       -48.459479732     -2.55e-09      3.76e-05        0.03
  36       -48.459479733     -8.79e-10      3.94e-05        0.04
  37       -48.459479734     -1.54e-09      1.05e-05        0.03
  38       -48.459479735     -2.05e-10      1.55e-05        0.03
  39       -48.459479735     -2.51e-10      8.58e-06        0.03

 SCF converged in 39 iterations.

 Dipole moment (in Debye):              -0.000007       0.000003       0.000000

 Quadrupole moment (in Debye-Angstrom):
                  1            2            3
 1       -26.398862     0.000962     0.000162
 2         0.000962   -26.399672     0.000510
 3         0.000162     0.000510   -26.400706

 Spin-squared expectation <S^2>:         2.004
 Total spin quantum number S:            1.001
 TOTAL ENERGY:                         -48.459479735
 Saving results in set 'guess'

 --------------------------------------------------------------------------------
                                   command: hf                                   
 --------------------------------------------------------------------------------
 AO basis set:                           cc-pwcvqz-pp-merged
 Number of AO basis functions:         144
 ECP on atom 1 (Hf):                     60 electrons

 Formula:                                Hf
 Nuclear charge:                        72.000000000
 Total charge:                           0.000000000
 Number of core electrons:              60
 Number of treated electrons:           12

 Number of alpha electrons:              7
 Number of beta electrons:               5
 Number of unpaired electrons:           2
 Spin:                                   2
 Multiplicity:                           triplet

 Theory:                                 hf
 Method for Coulomb:                     incore_df
 Method for exact exchange:              pre_transformed_df
 Integral threshold:                     1.00e-12
 DF basis set:                           def2-universal-jkfit
 Number of DF basis functions:         227
 Schwarz screening threshold:            1.00e-10
 Coulomb fitting method:                 Cholesky
 Method for AO orthogonalization:        symmetric
 Threshold for linear dependence:        1.00e-08

 -------------------------------------
  Running unrestricted open-shell SCF 
 -------------------------------------
 Max number of iterations:             128
 Conv. threshold (gradient):             1.00e-05
 Conv. threshold (energy):               1.00e-06
 Interpolation scheme:                   adiis+cdiis

 ---------------------------------------------------------------
                  energy        change          grad        time
 ---------------------------------------------------------------
   0       -47.939916703                    2.60e-01        0.01
   1       -47.947805877     -7.89e-03      3.88e-02        0.01
   2       -47.949037664     -1.23e-03      1.61e-02        0.01
   3       -47.949419561     -3.82e-04      6.07e-03        0.01
   4       -47.949470857     -5.13e-05      1.24e-03        0.01
   5       -47.949474355     -3.50e-06      2.62e-04        0.01
   6       -47.949474553     -1.98e-07      8.77e-05        0.01
   7       -47.949474574     -2.10e-08      6.37e-05        0.01
   8       -47.949474581     -6.78e-09      5.85e-05        0.01
   9       -47.949474602     -2.08e-08      3.84e-05        0.01
  10       -47.949474617     -1.54e-08      4.08e-06        0.02

 SCF converged in 10 iterations.

 Dipole moment (in Debye):               0.000004      -0.000001      -0.000000

 Quadrupole moment (in Debye-Angstrom):
                  1            2            3
 1       -27.334563    -0.000004    -0.000015
 2        -0.000004   -27.334567     0.000005
 3        -0.000015     0.000005   -27.334573

 Spin-squared expectation <S^2>:         2.017
 Total spin quantum number S:            1.006
 TOTAL ENERGY:                         -47.949474617
 Saving results in set 'HF'

 --------------------------------------------------------------------------------
                                command: unsoldw12                               
 --------------------------------------------------------------------------------
 Number of AO basis functions:         144

 DF basis set:                           def2-qzvppd-ri
 Number of DF basis functions:         261

 Unrestricted UW12 calculation:          
 Core spatial orbitals:                  0
 Correlated alpha orbitals:              7
 Correlated beta orbitals:               5

 ------------------
  UW12 Correlation 
 ------------------
 Factor for UW12 correlation:            1.000000000
 Same spin scale factor:                 0.000000000
 Calculate indirect contribution:        false
 Method for three electron term:         df_ri
 Auxiliary RI basis set:                 def2-QZVPPD-ri
 Number of RI basis functions:         261
 Gaussians in geminal expansion:         4
 UW12 screening threshold:               1.00e-10
 Method for density-fitting:             w(r)


 Reference energy:                     -47.949474617
 UW12 correlation energy:               -0.062927499
 Total UW12 energy:                    -48.012402117

 --------------------------------------------------------------------------------

 End time:                               Thu Jun 17 17:40:20 2021
 Total wall-clock time:                 13.868 seconds
==================================================================================
