
================================================================================
          _____________ ________ _______________ ________     _________         
         / ___________// ______ \\_____   _____// ______ \   / ________)        
        / /_________  / /      \ \     | |     / /      \ \ | (_______          
       |  __________|| |        | |    | |    | |        | | \________ \        
        \ \_________ | |        | |    | |     \ \______/ /___________) |       
         \__________||_|        |_|    |_|      \________//____________/        
                                                                                
====================================[ Qcore ]===================================

 Git hash:   6a88d58d269bf0d2ccfae91583c23a2b072b7633
 Git date:   Tue, 25 May 2021 10:36:49 +0100
 Compiler:   GNU 9.1.0
 Build type: Release
 Version:    1.3.0

 Start time: Thu Jun 17 17:42:24 2021

 Data directory: /newhome/zw18965/.local/qcore/share/entos/1.3.0/data
 Number of threads: 16
 Number of threads was determined by: number of physical cores

 --------------------------------------------------------------------------------
                                   command: hf                                   
 --------------------------------------------------------------------------------
 AO basis set:                           cc-pwcvqz-pp-merged
 Number of AO basis functions:         144
 ECP on atom 1 (Po):                     60 electrons

 Formula:                                Po
 Nuclear charge:                        84.000000000
 Total charge:                           0.000000000
 Number of core electrons:              60
 Number of treated electrons:           24

 Number of alpha electrons:             13
 Number of beta electrons:              11
 Number of unpaired electrons:           2
 Spin:                                   2
 Multiplicity:                           triplet

 Theory:                                 hf
 Method for Coulomb:                     incore_df
 Method for exact exchange:              pre_transformed_df
 Integral threshold:                     1.00e-12
 DF basis set:                           def2-universal-jkfit
 Number of DF basis functions:         251
 Schwarz screening threshold:            1.00e-10
 Coulomb fitting method:                 Cholesky
 Method for AO orthogonalization:        symmetric
 Threshold for linear dependence:        1.00e-08

 -------------------------------------
  Running unrestricted open-shell SCF 
 -------------------------------------
 Max number of iterations:             128
 Conv. threshold (gradient):             1.00e-05
 Conv. threshold (energy):               1.00e-06
 Interpolation scheme:                   adiis+cdiis
 Initial guess:                          H0

 ---------------------------------------------------------------
                  energy        change          grad        time
 ---------------------------------------------------------------
   0      -192.535415088                    8.97e+00        0.01
   1      -178.046812049      1.45e+01      5.04e+00        0.02
   2      -214.460817991     -3.64e+01      6.40e+00        0.02
   3      -236.236945887     -2.18e+01      1.07e+00        0.02
   4      -236.643912545     -4.07e-01      4.46e-01        0.02
   5      -236.710218979     -6.63e-02      1.51e-01        0.02
   6      -236.723808740     -1.36e-02      7.85e-02        0.02
   7      -236.726418227     -2.61e-03      3.11e-02        0.02
   8      -236.727066948     -6.49e-04      8.01e-04        0.02
   9      -236.727067581     -6.33e-07      1.62e-04        0.02
  10      -236.727067599     -1.79e-08      3.81e-05        0.02
  11      -236.727067600     -1.13e-09      1.20e-05        0.02
  12      -236.727067600     -1.11e-10      1.60e-06        0.02

 SCF converged in 12 iterations.

 Dipole moment (in Debye):               0.000000       0.000000       0.000000

 Quadrupole moment (in Debye-Angstrom):
                  1            2            3
 1       -33.532441    -1.759137    -0.553475
 2        -1.759137   -30.372208    -0.246821
 3        -0.553475    -0.246821   -29.665382

 Spin-squared expectation <S^2>:         2.012
 Total spin quantum number S:            1.004
 TOTAL ENERGY:                        -236.727067600
 Saving results in set 'HF'

 --------------------------------------------------------------------------------
                                command: unsoldw12                               
 --------------------------------------------------------------------------------
 Number of AO basis functions:         144

 DF basis set:                           def2-qzvppd-ri
 Number of DF basis functions:         281

 Unrestricted UW12 calculation:          
 Core spatial orbitals:                  0
 Correlated alpha orbitals:             13
 Correlated beta orbitals:              11

 ------------------
  UW12 Correlation 
 ------------------
 Factor for UW12 correlation:            1.000000000
 Same spin scale factor:                 0.000000000
 Calculate indirect contribution:        false
 Method for three electron term:         df_ri
 Auxiliary RI basis set:                 def2-QZVPPD-ri
 Number of RI basis functions:         281
 Gaussians in geminal expansion:         4
 UW12 screening threshold:               1.00e-10
 Method for density-fitting:             w(r)


 Reference energy:                    -236.727067600
 UW12 correlation energy:               -0.155556121
 Total UW12 energy:                   -236.882623721

 --------------------------------------------------------------------------------

 End time:                               Thu Jun 17 17:42:35 2021
 Total wall-clock time:                 10.668 seconds
==================================================================================
