
================================================================================
          _____________ ________ _______________ ________     _________         
         / ___________// ______ \\_____   _____// ______ \   / ________)        
        / /_________  / /      \ \     | |     / /      \ \ | (_______          
       |  __________|| |        | |    | |    | |        | | \________ \        
        \ \_________ | |        | |    | |     \ \______/ /___________) |       
         \__________||_|        |_|    |_|      \________//____________/        
                                                                                
====================================[ Qcore ]===================================

 Git hash:   6a88d58d269bf0d2ccfae91583c23a2b072b7633
 Git date:   Tue, 25 May 2021 10:36:49 +0100
 Compiler:   GNU 9.1.0
 Build type: Release
 Version:    1.3.0

 Start time: Thu Jun 10 15:26:35 2021

 Data directory: /newhome/zw18965/.local/qcore/share/entos/1.3.0/data
 Number of threads: 16
 Number of threads was determined by: number of physical cores

 --------------------------------------------------------------------------------
                                   command: hf                                   
 --------------------------------------------------------------------------------
 AO basis set:                           def2-tzvp
 Number of AO basis functions:          45

 Formula:                                Cu
 Nuclear charge:                        29.000000000
 Total charge:                           0.000000000
 Number of electrons:                   29.000000000

 Number of alpha electrons:             15
 Number of beta electrons:              14
 Number of unpaired electrons:           1
 Spin:                                   1
 Multiplicity:                           doublet

 Theory:                                 hf
 Method for Coulomb:                     incore_df
 Method for exact exchange:              pre_transformed_df
 Integral threshold:                     1.00e-12
 DF basis set:                           def2-universal-jkfit
 Number of DF basis functions:         264
 Schwarz screening threshold:            1.00e-10
 Coulomb fitting method:                 Cholesky
 Method for AO orthogonalization:        symmetric
 Threshold for linear dependence:        1.00e-08

 -------------------------------------
  Running unrestricted open-shell SCF 
 -------------------------------------
 Max number of iterations:             128
 Conv. threshold (gradient):             1.00e-05
 Conv. threshold (energy):               1.00e-06
 Interpolation scheme:                   adiis+cdiis
 Initial guess:                          H0

 ---------------------------------------------------------------
                  energy        change          grad        time
 ---------------------------------------------------------------
   0     -1601.357714268                    4.89e+00        0.00
   1     -1555.068887294      4.63e+01      8.67e+00        0.00
   2     -1615.155360064     -6.01e+01      3.59e+00        0.00
   3     -1637.776601158     -2.26e+01      1.27e+00        0.00
   4     -1637.611670101      1.65e-01      1.13e+00        0.00
   5     -1638.916328164     -1.30e+00      6.89e-02        0.00
   6     -1638.920639154     -4.31e-03      3.73e-02        0.00
   7     -1638.922648693     -2.01e-03      1.37e-02        0.00
   8     -1638.923007713     -3.59e-04      2.07e-03        0.00
   9     -1638.923021349     -1.36e-05      6.89e-04        0.00
  10     -1638.923021740     -3.91e-07      1.88e-04        0.00
  11     -1638.923021833     -9.28e-08      8.86e-05        0.00
  12     -1638.923021839     -5.68e-09      3.21e-05        0.00
  13     -1638.923021842     -2.76e-09      9.10e-06        0.00

 SCF converged in 13 iterations.

 Dipole moment (in Debye):               0.000000      -0.000000      -0.000000

 Quadrupole moment (in Debye-Angstrom):
                  1            2            3
 1       -14.375515     0.000000    -0.000000
 2         0.000000   -14.375515    -0.000000
 3        -0.000000    -0.000000   -14.375517

 Spin-squared expectation <S^2>:         0.752
 Total spin quantum number S:            0.501
 TOTAL ENERGY:                       -1638.923021842
 Saving results in set 'HF'

 --------------------------------------------------------------------------------
                                command: unsoldw12                               
 --------------------------------------------------------------------------------
 Number of AO basis functions:          45

 DF basis set:                           def2-qzvppd-ri
 Number of DF basis functions:         316


 --------------------------
  Virtual UW12 Correlation 
 --------------------------
 Unrestricted MP2 calculation:           
 Core spatial orbitals:                  5
 Correlated alpha orbitals:             10
 Correlated beta orbitals:               9
 Virtual alpha orbitals:                30
 Virtual beta orbitals:                 31

 Opposite spin energy:                  -0.063996818

 Reference energy:                   -1638.923021842
 UW12 correlation energy:               -0.063996818
 Total UW12 energy:                  -1638.987018660

 --------------------------------------------------------------------------------

 End time:                               Thu Jun 10 15:26:36 2021
 Total wall-clock time:                  0.370 seconds
==================================================================================
