
================================================================================
          _____________ ________ _______________ ________     _________         
         / ___________// ______ \\_____   _____// ______ \   / ________)        
        / /_________  / /      \ \     | |     / /      \ \ | (_______          
       |  __________|| |        | |    | |    | |        | | \________ \        
        \ \_________ | |        | |    | |     \ \______/ /___________) |       
         \__________||_|        |_|    |_|      \________//____________/        
                                                                                
====================================[ Qcore ]===================================

 Git hash:   6a88d58d269bf0d2ccfae91583c23a2b072b7633
 Git date:   Tue, 25 May 2021 10:36:49 +0100
 Compiler:   GNU 9.1.0
 Build type: Release
 Version:    1.3.0

 Start time: Thu Jun 10 15:26:38 2021

 Data directory: /newhome/zw18965/.local/qcore/share/entos/1.3.0/data
 Number of threads: 16
 Number of threads was determined by: number of physical cores

 --------------------------------------------------------------------------------
                                   command: hf                                   
 --------------------------------------------------------------------------------
 AO basis set:                           def2-tzvp
 Number of AO basis functions:          48

 Formula:                                Kr
 Nuclear charge:                        36.000000000
 Total charge:                           0.000000000
 Number of electrons:                   36.000000000

 Number of alpha electrons:             18
 Number of beta electrons:              18
 Number of unpaired electrons:           0
 Spin:                                   0
 Multiplicity:                           singlet

 Theory:                                 hf
 Method for Coulomb:                     incore_df
 Method for exact exchange:              pre_transformed_df
 Integral threshold:                     1.00e-12
 DF basis set:                           def2-universal-jkfit
 Number of DF basis functions:         266
 Schwarz screening threshold:            1.00e-10
 Coulomb fitting method:                 Cholesky
 Method for AO orthogonalization:        symmetric
 Threshold for linear dependence:        1.00e-08

 -------------------------------------
  Running restricted closed-shell SCF 
 -------------------------------------
 Max number of iterations:             128
 Conv. threshold (gradient):             1.00e-05
 Conv. threshold (energy):               1.00e-06
 Interpolation scheme:                   adiis+cdiis
 Initial guess:                          H0

 ---------------------------------------------------------------
                  energy        change          grad        time
 ---------------------------------------------------------------
   0     -2700.764487410                    1.36e+01        0.00
   1     -2662.705144160      3.81e+01      2.01e+01        0.00
   2     -2736.010849255     -7.33e+01      1.25e+01        0.00
   3     -2749.987170410     -1.40e+01      3.15e+00        0.00
   4     -2751.572618060     -1.59e+00      1.86e+00        0.00
   5     -2751.905680706     -3.33e-01      7.84e-01        0.00
   6     -2751.982865491     -7.72e-02      3.81e-01        0.00
   7     -2751.998493203     -1.56e-02      1.71e-01        0.00
   8     -2752.001820202     -3.33e-03      8.02e-02        0.00
   9     -2752.002518097     -6.98e-04      3.63e-02        0.00
  10     -2752.002705016     -1.87e-04      5.03e-06        0.00
  11     -2752.002705016     -9.09e-12      1.62e-07        0.00

 SCF converged in 11 iterations.

 Dipole moment (in Debye):               0.000000      -0.000000      -0.000000

 Quadrupole moment (in Debye-Angstrom):
                  1            2            3
 1       -17.693877    -0.000000    -0.000000
 2        -0.000000   -17.693877     0.000000
 3        -0.000000     0.000000   -17.693877

 Spin-squared expectation <S^2>:         0.000
 Total spin quantum number S:            0.000
 TOTAL ENERGY:                       -2752.002705016
 Saving results in set 'HF'

 --------------------------------------------------------------------------------
                                command: unsoldw12                               
 --------------------------------------------------------------------------------
 Number of AO basis functions:          48

 DF basis set:                           def2-qzvppd-ri
 Number of DF basis functions:         314


 --------------------------
  Virtual UW12 Correlation 
 --------------------------
 Restricted Virtual UW12 calculation:    
 Core orbitals:                          9
 Correlated orbitals:                    9
 Virtual orbitals:                      30

 Opposite spin energy:                  -0.042882356

 Reference energy:                   -2752.002705016
 UW12 correlation energy:               -0.042882356
 Total UW12 energy:                  -2752.045587372

 --------------------------------------------------------------------------------

 End time:                               Thu Jun 10 15:26:39 2021
 Total wall-clock time:                  0.432 seconds
==================================================================================
