
================================================================================
          _____________ ________ _______________ ________     _________         
         / ___________// ______ \\_____   _____// ______ \   / ________)        
        / /_________  / /      \ \     | |     / /      \ \ | (_______          
       |  __________|| |        | |    | |    | |        | | \________ \        
        \ \_________ | |        | |    | |     \ \______/ /___________) |       
         \__________||_|        |_|    |_|      \________//____________/        
                                                                                
====================================[ Qcore ]===================================

 Git hash:   6a88d58d269bf0d2ccfae91583c23a2b072b7633
 Git date:   Tue, 25 May 2021 10:36:49 +0100
 Compiler:   GNU 9.1.0
 Build type: Release
 Version:    1.3.0

 Start time: Thu Jun 10 15:26:40 2021

 Data directory: /newhome/zw18965/.local/qcore/share/entos/1.3.0/data
 Number of threads: 16
 Number of threads was determined by: number of physical cores

 --------------------------------------------------------------------------------
                                   command: hf                                   
 --------------------------------------------------------------------------------
 AO basis set:                           def2-tzvp
 Number of AO basis functions:          40
 ECP on atom 1 (Mo):                     28 electrons

 Formula:                                Mo
 Nuclear charge:                        42.000000000
 Total charge:                           0.000000000
 Number of core electrons:              28
 Number of treated electrons:           14

 Number of alpha electrons:             10
 Number of beta electrons:               4
 Number of unpaired electrons:           6
 Spin:                                   6
 Multiplicity:                           octet

 Theory:                                 hf
 Method for Coulomb:                     incore_df
 Method for exact exchange:              pre_transformed_df
 Integral threshold:                     1.00e-12
 DF basis set:                           def2-universal-jkfit
 Number of DF basis functions:         255
 Schwarz screening threshold:            1.00e-10
 Coulomb fitting method:                 Cholesky
 Method for AO orthogonalization:        symmetric
 Threshold for linear dependence:        1.00e-08

 -------------------------------------
  Running unrestricted open-shell SCF 
 -------------------------------------
 Max number of iterations:             128
 Conv. threshold (gradient):             1.00e-05
 Conv. threshold (energy):               1.00e-06
 Interpolation scheme:                   adiis+cdiis
 Initial guess:                          H0

 ---------------------------------------------------------------
                  energy        change          grad        time
 ---------------------------------------------------------------
   0       -61.991720120                    2.05e+00        0.00
   1       -63.505685678     -1.51e+00      1.29e+00        0.00
   2       -66.324268203     -2.82e+00      1.11e+00        0.00
   3       -67.532958768     -1.21e+00      1.99e-01        0.00
   4       -67.562090228     -2.91e-02      6.12e-02        0.00
   5       -67.565964681     -3.87e-03      2.31e-02        0.00
   6       -67.566613005     -6.48e-04      2.62e-03        0.00
   7       -67.566630887     -1.79e-05      6.84e-04        0.00
   8       -67.566632065     -1.18e-06      8.38e-05        0.00
   9       -67.566632090     -2.46e-08      1.09e-05        0.00
  10       -67.566632090     -2.43e-10      1.86e-06        0.00

 SCF converged in 10 iterations.

 Dipole moment (in Debye):              -0.000000      -0.000000      -0.000000

 Quadrupole moment (in Debye-Angstrom):
                  1            2            3
 1       -23.001855     0.000000    -0.000000
 2         0.000000   -23.001855    -0.000000
 3        -0.000000    -0.000000   -23.001859

 Spin-squared expectation <S^2>:        12.003
 Total spin quantum number S:            3.000
 TOTAL ENERGY:                         -67.566632090
 Saving results in set 'HF'

 --------------------------------------------------------------------------------
                                command: unsoldw12                               
 --------------------------------------------------------------------------------
 Number of AO basis functions:          40

 DF basis set:                           def2-qzvppd-ri
 Number of DF basis functions:         252


 --------------------------
  Virtual UW12 Correlation 
 --------------------------
 Unrestricted MP2 calculation:           
 Core spatial orbitals:                  0
 Correlated alpha orbitals:             10
 Correlated beta orbitals:               4
 Virtual alpha orbitals:                30
 Virtual beta orbitals:                 36

 Opposite spin energy:                  -0.050355871

 Reference energy:                     -67.566632090
 UW12 correlation energy:               -0.050355871
 Total UW12 energy:                    -67.616987962

 --------------------------------------------------------------------------------

 End time:                               Thu Jun 10 15:26:41 2021
 Total wall-clock time:                  0.266 seconds
==================================================================================
