
================================================================================
          _____________ ________ _______________ ________     _________         
         / ___________// ______ \\_____   _____// ______ \   / ________)        
        / /_________  / /      \ \     | |     / /      \ \ | (_______          
       |  __________|| |        | |    | |    | |        | | \________ \        
        \ \_________ | |        | |    | |     \ \______/ /___________) |       
         \__________||_|        |_|    |_|      \________//____________/        
                                                                                
====================================[ Qcore ]===================================

 Git hash:   6a88d58d269bf0d2ccfae91583c23a2b072b7633
 Git date:   Tue, 25 May 2021 10:36:49 +0100
 Compiler:   GNU 9.1.0
 Build type: Release
 Version:    1.3.0

 Start time: Thu Jun 10 15:26:42 2021

 Data directory: /newhome/zw18965/.local/qcore/share/entos/1.3.0/data
 Number of threads: 16
 Number of threads was determined by: number of physical cores

 --------------------------------------------------------------------------------
                                   command: hf                                   
 --------------------------------------------------------------------------------
 AO basis set:                           def2-tzvp
 Number of AO basis functions:          40
 ECP on atom 1 (Ag):                     28 electrons

 Formula:                                Ag
 Nuclear charge:                        47.000000000
 Total charge:                           0.000000000
 Number of core electrons:              28
 Number of treated electrons:           19

 Number of alpha electrons:             10
 Number of beta electrons:               9
 Number of unpaired electrons:           1
 Spin:                                   1
 Multiplicity:                           doublet

 Theory:                                 hf
 Method for Coulomb:                     incore_df
 Method for exact exchange:              pre_transformed_df
 Integral threshold:                     1.00e-12
 DF basis set:                           def2-universal-jkfit
 Number of DF basis functions:         255
 Schwarz screening threshold:            1.00e-10
 Coulomb fitting method:                 Cholesky
 Method for AO orthogonalization:        symmetric
 Threshold for linear dependence:        1.00e-08

 -------------------------------------
  Running unrestricted open-shell SCF 
 -------------------------------------
 Max number of iterations:             128
 Conv. threshold (gradient):             1.00e-05
 Conv. threshold (energy):               1.00e-06
 Interpolation scheme:                   adiis+cdiis
 Initial guess:                          H0

 ---------------------------------------------------------------
                  energy        change          grad        time
 ---------------------------------------------------------------
   0      -133.711682991                    3.12e+00        0.00
   1      -122.996110708      1.07e+01      2.88e+00        0.00
   2      -139.039456442     -1.60e+01      2.59e+00        0.00
   3      -146.040820157     -7.00e+00      3.42e-01        0.00
   4      -146.102888856     -6.21e-02      1.13e-01        0.00
   5      -146.111160484     -8.27e-03      5.13e-02        0.00
   6      -146.114791276     -3.63e-03      4.13e-02        0.00
   7      -146.116931106     -2.14e-03      2.42e-03        0.00
   8      -146.116945403     -1.43e-05      6.91e-04        0.00
   9      -146.116946106     -7.03e-07      2.18e-04        0.00
  10      -146.116946178     -7.23e-08      9.14e-05        0.00
  11      -146.116946190     -1.17e-08      2.91e-05        0.00
  12      -146.116946191     -1.20e-09      1.59e-06        0.00

 SCF converged in 12 iterations.

 Dipole moment (in Debye):              -0.000000       0.000000      -0.000000

 Quadrupole moment (in Debye-Angstrom):
                  1            2            3
 1       -20.707100    -0.000000    -0.000000
 2        -0.000000   -20.707100    -0.000000
 3        -0.000000    -0.000000   -20.707100

 Spin-squared expectation <S^2>:         0.752
 Total spin quantum number S:            0.501
 TOTAL ENERGY:                        -146.116946191
 Saving results in set 'HF'

 --------------------------------------------------------------------------------
                                command: unsoldw12                               
 --------------------------------------------------------------------------------
 Number of AO basis functions:          40

 DF basis set:                           def2-qzvppd-ri
 Number of DF basis functions:         252


 --------------------------
  Virtual UW12 Correlation 
 --------------------------
 Unrestricted MP2 calculation:           
 Core spatial orbitals:                  0
 Correlated alpha orbitals:             10
 Correlated beta orbitals:               9
 Virtual alpha orbitals:                30
 Virtual beta orbitals:                 31

 Opposite spin energy:                  -0.086357980

 Reference energy:                    -146.116946191
 UW12 correlation energy:               -0.086357980
 Total UW12 energy:                   -146.203304171

 --------------------------------------------------------------------------------

 End time:                               Thu Jun 10 15:26:43 2021
 Total wall-clock time:                  0.323 seconds
==================================================================================
