
================================================================================
          _____________ ________ _______________ ________     _________         
         / ___________// ______ \\_____   _____// ______ \   / ________)        
        / /_________  / /      \ \     | |     / /      \ \ | (_______          
       |  __________|| |        | |    | |    | |        | | \________ \        
        \ \_________ | |        | |    | |     \ \______/ /___________) |       
         \__________||_|        |_|    |_|      \________//____________/        
                                                                                
====================================[ Qcore ]===================================

 Git hash:   6a88d58d269bf0d2ccfae91583c23a2b072b7633
 Git date:   Tue, 25 May 2021 10:36:49 +0100
 Compiler:   GNU 9.1.0
 Build type: Release
 Version:    1.3.0

 Start time: Thu Jun 10 15:26:51 2021

 Data directory: /newhome/zw18965/.local/qcore/share/entos/1.3.0/data
 Number of threads: 16
 Number of threads was determined by: number of physical cores

 --------------------------------------------------------------------------------
                                   command: hf                                   
 --------------------------------------------------------------------------------
 AO basis set:                           def2-tzvp
 Number of AO basis functions:          40
 ECP on atom 1 (Ir):                     60 electrons

 Formula:                                Ir
 Nuclear charge:                        77.000000000
 Total charge:                           0.000000000
 Number of core electrons:              60
 Number of treated electrons:           17

 Number of alpha electrons:             10
 Number of beta electrons:               7
 Number of unpaired electrons:           3
 Spin:                                   3
 Multiplicity:                           quartet

 Theory:                                 hf
 Method for Coulomb:                     incore_df
 Method for exact exchange:              pre_transformed_df
 Integral threshold:                     1.00e-12
 DF basis set:                           def2-universal-jkfit
 Number of DF basis functions:         227
 Schwarz screening threshold:            1.00e-10
 Coulomb fitting method:                 Cholesky
 Method for AO orthogonalization:        symmetric
 Threshold for linear dependence:        1.00e-08

 -------------------------------------
  Running unrestricted open-shell SCF 
 -------------------------------------
 Max number of iterations:             128
 Conv. threshold (gradient):             1.00e-05
 Conv. threshold (energy):               1.00e-06
 Interpolation scheme:                   adiis+cdiis
 Initial guess:                          H0

 ---------------------------------------------------------------
                  energy        change          grad        time
 ---------------------------------------------------------------
   0       -96.323264378                    2.49e+00        0.00
   1       -94.238663842      2.08e+00      2.07e+00        0.00
   2      -100.586456543     -6.35e+00      1.82e+00        0.00
   3      -103.382427828     -2.80e+00      1.87e-01        0.00
   4      -103.400713197     -1.83e-02      7.03e-02        0.00
   5      -103.404909765     -4.20e-03      5.85e-02        0.00
   6      -103.407136297     -2.23e-03      3.39e-02        0.00
   7      -103.409063087     -1.93e-03      3.54e-02        0.00
   8      -103.404390321      4.67e-03      3.49e-02        0.00
   9      -103.395943744      8.45e-03      4.12e-02        0.00
  10      -103.395504459      4.39e-04      4.57e-02        0.00
  11      -103.396695651     -1.19e-03      2.04e-02        0.00
  12      -103.396496491      1.99e-04      2.25e-02        0.00
  13      -103.396179823      3.17e-04      2.41e-02        0.00
  14      -103.395423083      7.57e-04      2.41e-02        0.00
  15      -103.395163066      2.60e-04      1.99e-02        0.00
  16      -103.395060082      1.03e-04      8.98e-03        0.00
  17      -103.395076637     -1.66e-05      7.71e-03        0.00
  18      -103.395158996     -8.24e-05      7.93e-03        0.00
  19      -103.394932395      2.27e-04      7.35e-03        0.00
  20      -103.394486607      4.46e-04      5.06e-03        0.00
  21      -103.394497713     -1.11e-05      4.52e-03        0.00
  22      -103.394355917      1.42e-04      3.36e-03        0.00
  23      -103.394372570     -1.67e-05      1.52e-03        0.00
  24      -103.394374724     -2.15e-06      1.29e-03        0.00
  25      -103.394373790      9.34e-07      1.27e-03        0.00
  26      -103.394373683      1.07e-07      1.24e-03        0.00
  27      -103.394373424      2.59e-07      1.25e-03        0.00
  28      -103.394372130      1.29e-06      1.25e-03        0.00
  29      -103.394369800      2.33e-06      1.11e-03        0.00
  30      -103.394367720      2.08e-06      1.09e-03        0.00
  31      -103.394364441      3.28e-06      1.18e-03        0.00
  32      -103.394364643     -2.02e-07      1.18e-03        0.00
  33      -103.394370921     -6.28e-06      1.04e-03        0.00
  34      -103.394384221     -1.33e-05      9.14e-04        0.00
  35      -103.394384403     -1.82e-07      9.20e-04        0.00
  36      -103.394386350     -1.95e-06      8.99e-04        0.00
  37      -103.394395018     -8.67e-06      8.88e-04        0.00
  38      -103.394396935     -1.92e-06      8.77e-04        0.00
  39      -103.394396941     -6.07e-09      9.12e-04        0.00
  40      -103.394396817      1.24e-07      8.96e-04        0.00
  41      -103.394400364     -3.55e-06      6.90e-04        0.00
  42      -103.394406737     -6.37e-06      3.43e-04        0.00
  43      -103.394406928     -1.91e-07      2.74e-04        0.00
  44      -103.394407378     -4.50e-07      1.62e-04        0.00
  45      -103.394407409     -3.01e-08      1.27e-04        0.00
  46      -103.394407399      9.83e-09      1.06e-04        0.00
  47      -103.394407390      8.57e-09      9.53e-05        0.00
  48      -103.394407381      9.17e-09      7.91e-05        0.00
  49      -103.394407369      1.24e-08      8.10e-05        0.00
  50      -103.394407367      1.44e-09      8.41e-05        0.00
  51      -103.394407371     -4.15e-09      8.04e-05        0.00
  52      -103.394407361      1.02e-08      7.34e-05        0.00
  53      -103.394407352      8.91e-09      6.37e-05        0.00
  54      -103.394407353     -8.08e-10      6.43e-05        0.00
  55      -103.394407337      1.58e-08      5.63e-05        0.00
  56      -103.394407315      2.17e-08      5.09e-05        0.00
  57      -103.394407337     -2.14e-08      3.75e-05        0.00
  58      -103.394407348     -1.09e-08      2.10e-05        0.00
  59      -103.394407349     -1.19e-09      1.87e-05        0.00
  60      -103.394407350     -7.49e-10      1.87e-05        0.00
  61      -103.394407353     -3.02e-09      1.81e-05        0.00
  62      -103.394407355     -2.30e-09      1.74e-05        0.00
  63      -103.394407358     -2.45e-09      1.56e-05        0.00
  64      -103.394407358     -3.78e-10      1.54e-05        0.00
  65      -103.394407357      6.00e-10      1.51e-05        0.00
  66      -103.394407357      1.31e-12      1.50e-05        0.00
  67      -103.394407358     -2.49e-10      1.45e-05        0.00
  68      -103.394407360     -2.12e-09      9.15e-06        0.00

 SCF converged in 68 iterations.

 Dipole moment (in Debye):               0.000003       0.000001      -0.000002

 Quadrupole moment (in Debye-Angstrom):
                  1            2            3
 1       -24.583027     0.236175    -0.461884
 2         0.236175   -23.203090     0.076826
 3        -0.461884     0.076826   -23.314008

 Spin-squared expectation <S^2>:         3.754
 Total spin quantum number S:            1.501
 TOTAL ENERGY:                        -103.394407360
 Saving results in set 'HF'

 --------------------------------------------------------------------------------
                                command: unsoldw12                               
 --------------------------------------------------------------------------------
 Number of AO basis functions:          40

 DF basis set:                           def2-qzvppd-ri
 Number of DF basis functions:         252


 --------------------------
  Virtual UW12 Correlation 
 --------------------------
 Unrestricted MP2 calculation:           
 Core spatial orbitals:                  0
 Correlated alpha orbitals:             10
 Correlated beta orbitals:               7
 Virtual alpha orbitals:                30
 Virtual beta orbitals:                 33

 Opposite spin energy:                  -0.088607571

 Reference energy:                    -103.394407360
 UW12 correlation energy:               -0.088607571
 Total UW12 energy:                   -103.483014931

 --------------------------------------------------------------------------------

 End time:                               Thu Jun 10 15:26:51 2021
 Total wall-clock time:                  0.401 seconds
==================================================================================
