
================================================================================
          _____________ ________ _______________ ________     _________         
         / ___________// ______ \\_____   _____// ______ \   / ________)        
        / /_________  / /      \ \     | |     / /      \ \ | (_______          
       |  __________|| |        | |    | |    | |        | | \________ \        
        \ \_________ | |        | |    | |     \ \______/ /___________) |       
         \__________||_|        |_|    |_|      \________//____________/        
                                                                                
====================================[ Qcore ]===================================

 Git hash:   6a88d58d269bf0d2ccfae91583c23a2b072b7633
 Git date:   Tue, 25 May 2021 10:36:49 +0100
 Compiler:   GNU 9.1.0
 Build type: Release
 Version:    1.3.0

 Start time: Thu Jun 10 15:26:56 2021

 Data directory: /newhome/zw18965/.local/qcore/share/entos/1.3.0/data
 Number of threads: 16
 Number of threads was determined by: number of physical cores

 --------------------------------------------------------------------------------
                                   command: hf                                   
 --------------------------------------------------------------------------------
 AO basis set:                           def2-tzvp
 Number of AO basis functions:          50
 ECP on atom 1 (Rn):                     60 electrons

 Formula:                                Rn
 Nuclear charge:                        86.000000000
 Total charge:                           0.000000000
 Number of core electrons:              60
 Number of treated electrons:           26

 Number of alpha electrons:             13
 Number of beta electrons:              13
 Number of unpaired electrons:           0
 Spin:                                   0
 Multiplicity:                           singlet

 Theory:                                 hf
 Method for Coulomb:                     incore_df
 Method for exact exchange:              pre_transformed_df
 Integral threshold:                     1.00e-12
 DF basis set:                           def2-universal-jkfit
 Number of DF basis functions:         251
 Schwarz screening threshold:            1.00e-10
 Coulomb fitting method:                 Cholesky
 Method for AO orthogonalization:        symmetric
 Threshold for linear dependence:        1.00e-08

 -------------------------------------
  Running restricted closed-shell SCF 
 -------------------------------------
 Max number of iterations:             128
 Conv. threshold (gradient):             1.00e-05
 Conv. threshold (energy):               1.00e-06
 Interpolation scheme:                   adiis+cdiis
 Initial guess:                          H0

 ---------------------------------------------------------------
                  energy        change          grad        time
 ---------------------------------------------------------------
   0      -252.487136986                    1.05e+01        0.00
   1      -238.390694725      1.41e+01      8.33e+00        0.00
   2      -261.847910137     -2.35e+01      8.83e+00        0.00
   3      -287.172720415     -2.53e+01      1.58e+00        0.00
   4      -287.488349229     -3.16e-01      5.26e-01        0.00
   5      -287.533922323     -4.56e-02      1.66e-01        0.00
   6      -287.541513471     -7.59e-03      7.57e-02        0.00
   7      -287.542689708     -1.18e-03      2.73e-02        0.00
   8      -287.542916621     -2.27e-04      2.12e-04        0.00
   9      -287.542916632     -1.18e-08      2.61e-05        0.00
  10      -287.542916633     -2.14e-10      1.56e-06        0.00

 SCF converged in 10 iterations.

 Dipole moment (in Debye):              -0.000000       0.000000      -0.000000

 Quadrupole moment (in Debye-Angstrom):
                  1            2            3
 1       -31.349039    -0.000000     0.000000
 2        -0.000000   -31.349039     0.000000
 3         0.000000     0.000000   -31.349039

 Spin-squared expectation <S^2>:         0.000
 Total spin quantum number S:            0.000
 TOTAL ENERGY:                        -287.542916633
 Saving results in set 'HF'

 --------------------------------------------------------------------------------
                                command: unsoldw12                               
 --------------------------------------------------------------------------------
 Number of AO basis functions:          50

 DF basis set:                           def2-qzvppd-ri
 Number of DF basis functions:         281


 --------------------------
  Virtual UW12 Correlation 
 --------------------------
 Restricted Virtual UW12 calculation:    
 Core orbitals:                          4
 Correlated orbitals:                    9
 Virtual orbitals:                      37

 Opposite spin energy:                  -0.138985908

 Reference energy:                    -287.542916633
 UW12 correlation energy:               -0.138985908
 Total UW12 energy:                   -287.681902541

 --------------------------------------------------------------------------------

 End time:                               Thu Jun 10 15:26:57 2021
 Total wall-clock time:                  0.740 seconds
==================================================================================
