
================================================================================
          _____________ ________ _______________ ________     _________         
         / ___________// ______ \\_____   _____// ______ \   / ________)        
        / /_________  / /      \ \     | |     / /      \ \ | (_______          
       |  __________|| |        | |    | |    | |        | | \________ \        
        \ \_________ | |        | |    | |     \ \______/ /___________) |       
         \__________||_|        |_|    |_|      \________//____________/        
                                                                                
====================================[ Qcore ]===================================

 Git hash:   6a88d58d269bf0d2ccfae91583c23a2b072b7633
 Git date:   Tue, 25 May 2021 10:36:49 +0100
 Compiler:   GNU 9.1.0
 Build type: Release
 Version:    1.3.0

 Start time: Thu Jun 17 16:55:00 2021

 Data directory: /newhome/zw18965/.local/qcore/share/entos/1.3.0/data
 Number of threads: 16
 Number of threads was determined by: number of physical cores

 --------------------------------------------------------------------------------
                                   command: hf                                   
 --------------------------------------------------------------------------------
 AO basis set:                           cc-pwcvdz-pp-merged
 Number of AO basis functions:          39
 ECP on atom 1 (Sb):                     28 electrons

 Formula:                                Sb
 Nuclear charge:                        51.000000000
 Total charge:                           0.000000000
 Number of core electrons:              28
 Number of treated electrons:           23

 Number of alpha electrons:             13
 Number of beta electrons:              10
 Number of unpaired electrons:           3
 Spin:                                   3
 Multiplicity:                           quartet

 Theory:                                 hf
 Method for Coulomb:                     incore_df
 Method for exact exchange:              pre_transformed_df
 Integral threshold:                     1.00e-12
 DF basis set:                           def2-universal-jkfit
 Number of DF basis functions:         218
 Schwarz screening threshold:            1.00e-10
 Coulomb fitting method:                 Cholesky
 Method for AO orthogonalization:        symmetric
 Threshold for linear dependence:        1.00e-08

 -------------------------------------
  Running unrestricted open-shell SCF 
 -------------------------------------
 Max number of iterations:             128
 Conv. threshold (gradient):             1.00e-05
 Conv. threshold (energy):               1.00e-06
 Interpolation scheme:                   adiis+cdiis
 Initial guess:                          H0

 ---------------------------------------------------------------
                  energy        change          grad        time
 ---------------------------------------------------------------
   0      -214.549164974                    4.68e+00        0.00
   1      -203.612972296      1.09e+01      4.44e+00        0.00
   2      -230.027928423     -2.64e+01      3.68e+00        0.00
   3      -238.775058640     -8.75e+00      6.29e-01        0.00
   4      -239.169807367     -3.95e-01      3.93e-01        0.00
   5      -239.251187634     -8.14e-02      1.39e-01        0.00
   6      -239.268682984     -1.75e-02      6.97e-02        0.00
   7      -239.272100851     -3.42e-03      3.03e-02        0.00
   8      -239.272968466     -8.68e-04      4.17e-04        0.00
   9      -239.272968755     -2.89e-07      2.66e-05        0.01
  10      -239.272968755     -7.17e-10      4.70e-06        0.00

 SCF converged in 10 iterations.

 Dipole moment (in Debye):              -0.000000      -0.000000      -0.000000

 Quadrupole moment (in Debye-Angstrom):
                  1            2            3
 1       -26.441472    -0.000001     0.000000
 2        -0.000001   -26.441471    -0.000000
 3         0.000000    -0.000000   -26.441471

 Spin-squared expectation <S^2>:         3.752
 Total spin quantum number S:            1.501
 TOTAL ENERGY:                        -239.272968756
 Saving results in set 'HF'

 --------------------------------------------------------------------------------
                                command: unsoldw12                               
 --------------------------------------------------------------------------------
 Number of AO basis functions:          39

 DF basis set:                           def2-qzvppd-ri
 Number of DF basis functions:         292


 --------------------------
  Virtual UW12 Correlation 
 --------------------------
 Unrestricted MP2 calculation:           
 Core spatial orbitals:                  4
 Correlated alpha orbitals:              9
 Correlated beta orbitals:               6
 Virtual alpha orbitals:                26
 Virtual beta orbitals:                 29

 Opposite spin energy:                  -0.088638195

 Reference energy:                    -239.272968756
 UW12 correlation energy:               -0.088638195
 Total UW12 energy:                   -239.361606951

 --------------------------------------------------------------------------------

 End time:                               Thu Jun 17 16:55:01 2021
 Total wall-clock time:                  0.625 seconds
==================================================================================
