
================================================================================
          _____________ ________ _______________ ________     _________         
         / ___________// ______ \\_____   _____// ______ \   / ________)        
        / /_________  / /      \ \     | |     / /      \ \ | (_______          
       |  __________|| |        | |    | |    | |        | | \________ \        
        \ \_________ | |        | |    | |     \ \______/ /___________) |       
         \__________||_|        |_|    |_|      \________//____________/        
                                                                                
====================================[ Qcore ]===================================

 Git hash:   6a88d58d269bf0d2ccfae91583c23a2b072b7633
 Git date:   Tue, 25 May 2021 10:36:49 +0100
 Compiler:   GNU 9.1.0
 Build type: Release
 Version:    1.3.0

 Start time: Thu Jun 17 16:55:11 2021

 Data directory: /newhome/zw18965/.local/qcore/share/entos/1.3.0/data
 Number of threads: 16
 Number of threads was determined by: number of physical cores

 --------------------------------------------------------------------------------
                                   command: hf                                   
 --------------------------------------------------------------------------------
 AO basis set:                           cc-pwcvdz-pp-merged
 Number of AO basis functions:          39
 ECP on atom 1 (At):                     60 electrons

 Formula:                                At
 Nuclear charge:                        85.000000000
 Total charge:                           0.000000000
 Number of core electrons:              60
 Number of treated electrons:           25

 Number of alpha electrons:             13
 Number of beta electrons:              12
 Number of unpaired electrons:           1
 Spin:                                   1
 Multiplicity:                           doublet

 Theory:                                 hf
 Method for Coulomb:                     incore_df
 Method for exact exchange:              pre_transformed_df
 Integral threshold:                     1.00e-12
 DF basis set:                           def2-universal-jkfit
 Number of DF basis functions:         251
 Schwarz screening threshold:            1.00e-10
 Coulomb fitting method:                 Cholesky
 Method for AO orthogonalization:        symmetric
 Threshold for linear dependence:        1.00e-08

 -------------------------------------
  Running unrestricted open-shell SCF 
 -------------------------------------
 Max number of iterations:             128
 Conv. threshold (gradient):             1.00e-05
 Conv. threshold (energy):               1.00e-06
 Interpolation scheme:                   adiis+cdiis
 Initial guess:                          H0

 ---------------------------------------------------------------
                  energy        change          grad        time
 ---------------------------------------------------------------
   0      -234.081285934                    4.60e+00        0.00
   1      -237.142386242     -3.06e+00      4.11e+00        0.00
   2      -256.053865272     -1.89e+01      3.06e+00        0.00
   3      -260.536222840     -4.48e+00      7.37e-01        0.00
   4      -261.212265242     -6.76e-01      4.77e-01        0.00
   5      -261.328901860     -1.17e-01      1.57e-01        0.00
   6      -261.349901885     -2.10e-02      7.49e-02        0.00
   7      -261.353347495     -3.45e-03      2.85e-02        0.00
   8      -261.354057193     -7.10e-04      1.96e-04        0.00
   9      -261.354057289     -9.59e-08      1.47e-05        0.00
  10      -261.354057290     -3.97e-10      2.69e-06        0.00

 SCF converged in 10 iterations.

 Dipole moment (in Debye):               0.000000      -0.000000       0.000000

 Quadrupole moment (in Debye-Angstrom):
                  1            2            3
 1       -32.712631    -0.052384    -0.185772
 2        -0.052384   -32.398596     1.143851
 3        -0.185772     1.143851   -28.664638

 Spin-squared expectation <S^2>:         0.754
 Total spin quantum number S:            0.502
 TOTAL ENERGY:                        -261.354057290
 Saving results in set 'HF'

 --------------------------------------------------------------------------------
                                command: unsoldw12                               
 --------------------------------------------------------------------------------
 Number of AO basis functions:          39

 DF basis set:                           def2-qzvppd-ri
 Number of DF basis functions:         281


 --------------------------
  Virtual UW12 Correlation 
 --------------------------
 Unrestricted MP2 calculation:           
 Core spatial orbitals:                  4
 Correlated alpha orbitals:              9
 Correlated beta orbitals:               8
 Virtual alpha orbitals:                26
 Virtual beta orbitals:                 27

 Opposite spin energy:                  -0.122691251

 Reference energy:                    -261.354057290
 UW12 correlation energy:               -0.122691251
 Total UW12 energy:                   -261.476748541

 --------------------------------------------------------------------------------

 End time:                               Thu Jun 17 16:55:12 2021
 Total wall-clock time:                  0.641 seconds
==================================================================================
