
================================================================================
          _____________ ________ _______________ ________     _________         
         / ___________// ______ \\_____   _____// ______ \   / ________)        
        / /_________  / /      \ \     | |     / /      \ \ | (_______          
       |  __________|| |        | |    | |    | |        | | \________ \        
        \ \_________ | |        | |    | |     \ \______/ /___________) |       
         \__________||_|        |_|    |_|      \________//____________/        
                                                                                
====================================[ Qcore ]===================================

 Git hash:   6a88d58d269bf0d2ccfae91583c23a2b072b7633
 Git date:   Tue, 25 May 2021 10:36:49 +0100
 Compiler:   GNU 9.1.0
 Build type: Release
 Version:    1.3.0

 Start time: Thu Jun 17 17:31:30 2021

 Data directory: /newhome/zw18965/.local/qcore/share/entos/1.3.0/data
 Number of threads: 16
 Number of threads was determined by: number of physical cores

 --------------------------------------------------------------------------------
                                   command: hf                                   
 --------------------------------------------------------------------------------
 AO basis set:                           cc-pwcvqz-pp-merged
 Number of AO basis functions:          84

 Formula:                                B
 Nuclear charge:                         5.000000000
 Total charge:                           0.000000000
 Number of electrons:                    5.000000000

 Number of alpha electrons:              3
 Number of beta electrons:               2
 Number of unpaired electrons:           1
 Spin:                                   1
 Multiplicity:                           doublet

 Theory:                                 hf
 Method for Coulomb:                     incore_df
 Method for exact exchange:              pre_transformed_df
 Integral threshold:                     1.00e-12
 DF basis set:                           def2-universal-jkfit
 Number of DF basis functions:          75
 Schwarz screening threshold:            1.00e-10
 Coulomb fitting method:                 Cholesky
 Method for AO orthogonalization:        symmetric
 Threshold for linear dependence:        1.00e-08

 -------------------------------------
  Running unrestricted open-shell SCF 
 -------------------------------------
 Max number of iterations:             128
 Conv. threshold (gradient):             1.00e-05
 Conv. threshold (energy):               1.00e-06
 Interpolation scheme:                   adiis+cdiis
 Initial guess:                          H0

 ---------------------------------------------------------------
                  energy        change          grad        time
 ---------------------------------------------------------------
   0       -21.553090752                    2.99e+00        0.00
   1       -23.864461602     -2.31e+00      8.47e-01        0.00
   2       -24.520941889     -6.56e-01      1.78e-01        0.00
   3       -24.532140793     -1.12e-02      4.44e-02        0.01
   4       -24.532892273     -7.51e-04      1.39e-02        0.01
   5       -24.532980150     -8.79e-05      9.22e-04        0.01
   6       -24.532981080     -9.30e-07      2.47e-04        0.01
   7       -24.532981129     -4.89e-08      6.47e-05        0.01
   8       -24.532981135     -5.96e-09      1.80e-05        0.01
   9       -24.532981135     -3.49e-10      1.15e-06        0.01

 SCF converged in 9 iterations.

 Dipole moment (in Debye):               0.000000      -0.000000       0.000000

 Quadrupole moment (in Debye-Angstrom):
                  1            2            3
 1        -5.959755    -0.136988    -0.024464
 2        -0.136988    -9.172631    -0.574801
 3        -0.024464    -0.574801    -6.056574

 Spin-squared expectation <S^2>:         0.761
 Total spin quantum number S:            0.506
 TOTAL ENERGY:                         -24.532981135
 Saving results in set 'HF'

 --------------------------------------------------------------------------------
                                command: unsoldw12                               
 --------------------------------------------------------------------------------
 Number of AO basis functions:          84

 DF basis set:                           def2-qzvppd-ri
 Number of DF basis functions:         157


 --------------------------
  Virtual UW12 Correlation 
 --------------------------
 Unrestricted MP2 calculation:           
 Core spatial orbitals:                  0
 Correlated alpha orbitals:              3
 Correlated beta orbitals:               2
 Virtual alpha orbitals:                81
 Virtual beta orbitals:                 82

 Opposite spin energy:                  -0.012894644

 Reference energy:                     -24.532981135
 UW12 correlation energy:               -0.012894644
 Total UW12 energy:                    -24.545875779

 --------------------------------------------------------------------------------

 End time:                               Thu Jun 17 17:31:30 2021
 Total wall-clock time:                  0.345 seconds
==================================================================================
