
================================================================================
          _____________ ________ _______________ ________     _________         
         / ___________// ______ \\_____   _____// ______ \   / ________)        
        / /_________  / /      \ \     | |     / /      \ \ | (_______          
       |  __________|| |        | |    | |    | |        | | \________ \        
        \ \_________ | |        | |    | |     \ \______/ /___________) |       
         \__________||_|        |_|    |_|      \________//____________/        
                                                                                
====================================[ Qcore ]===================================

 Git hash:   6a88d58d269bf0d2ccfae91583c23a2b072b7633
 Git date:   Tue, 25 May 2021 10:36:49 +0100
 Compiler:   GNU 9.1.0
 Build type: Release
 Version:    1.3.0

 Start time: Thu Jun 17 17:31:40 2021

 Data directory: /newhome/zw18965/.local/qcore/share/entos/1.3.0/data
 Number of threads: 16
 Number of threads was determined by: number of physical cores

 --------------------------------------------------------------------------------
                                   command: hf                                   
 --------------------------------------------------------------------------------
 AO basis set:                           cc-pwcvqz-pp-merged
 Number of AO basis functions:         118

 Formula:                                Ca
 Nuclear charge:                        20.000000000
 Total charge:                           0.000000000
 Number of electrons:                   20.000000000

 Number of alpha electrons:             10
 Number of beta electrons:              10
 Number of unpaired electrons:           0
 Spin:                                   0
 Multiplicity:                           singlet

 Theory:                                 hf
 Method for Coulomb:                     incore_df
 Method for exact exchange:              pre_transformed_df
 Integral threshold:                     1.00e-12
 DF basis set:                           def2-universal-jkfit
 Number of DF basis functions:         160
 Schwarz screening threshold:            1.00e-10
 Coulomb fitting method:                 Cholesky
 Method for AO orthogonalization:        symmetric
 Threshold for linear dependence:        1.00e-08

 -------------------------------------
  Running restricted closed-shell SCF 
 -------------------------------------
 Max number of iterations:             128
 Conv. threshold (gradient):             1.00e-05
 Conv. threshold (energy):               1.00e-06
 Interpolation scheme:                   adiis+cdiis
 Initial guess:                          H0

 ---------------------------------------------------------------
                  energy        change          grad        time
 ---------------------------------------------------------------
   0      -595.475017946                    4.12e+01        0.00
   1      -640.045044295     -4.46e+01      1.90e+01        0.01
   2      -667.658468174     -2.76e+01      8.51e+00        0.01
   3      -675.774099987     -8.12e+00      2.89e+00        0.01
   4      -676.690902814     -9.17e-01      1.05e+00        0.01
   5      -676.754384084     -6.35e-02      2.49e-01        0.01
   6      -676.757970154     -3.59e-03      6.13e-02        0.01
   7      -676.758163633     -1.93e-04      1.46e-02        0.01
   8      -676.758177688     -1.41e-05      1.04e-03        0.01
   9      -676.758178128     -4.41e-07      4.76e-04        0.01
  10      -676.758178249     -1.21e-07      7.41e-05        0.01
  11      -676.758178251     -2.49e-09      9.07e-06        0.01

 SCF converged in 11 iterations.

 Dipole moment (in Debye):               0.000000      -0.000000      -0.000000

 Quadrupole moment (in Debye-Angstrom):
                  1            2            3
 1       -25.364731    -0.000001    -0.000001
 2        -0.000001   -25.364760     0.000011
 3        -0.000001     0.000011   -25.364718

 Spin-squared expectation <S^2>:         0.000
 Total spin quantum number S:            0.000
 TOTAL ENERGY:                        -676.758178252
 Saving results in set 'HF'

 --------------------------------------------------------------------------------
                                command: unsoldw12                               
 --------------------------------------------------------------------------------
 Number of AO basis functions:         118

 DF basis set:                           def2-qzvppd-ri
 Number of DF basis functions:         199


 --------------------------
  Virtual UW12 Correlation 
 --------------------------
 Restricted Virtual UW12 calculation:    
 Core orbitals:                          0
 Correlated orbitals:                   10
 Virtual orbitals:                     108

 Opposite spin energy:                  -0.059850283

 Reference energy:                    -676.758178252
 UW12 correlation energy:               -0.059850283
 Total UW12 energy:                   -676.818028535

 --------------------------------------------------------------------------------

 End time:                               Thu Jun 17 17:31:49 2021
 Total wall-clock time:                  9.017 seconds
==================================================================================
