
================================================================================
          _____________ ________ _______________ ________     _________         
         / ___________// ______ \\_____   _____// ______ \   / ________)        
        / /_________  / /      \ \     | |     / /      \ \ | (_______          
       |  __________|| |        | |    | |    | |        | | \________ \        
        \ \_________ | |        | |    | |     \ \______/ /___________) |       
         \__________||_|        |_|    |_|      \________//____________/        
                                                                                
====================================[ Qcore ]===================================

 Git hash:   6a88d58d269bf0d2ccfae91583c23a2b072b7633
 Git date:   Tue, 25 May 2021 10:36:49 +0100
 Compiler:   GNU 9.1.0
 Build type: Release
 Version:    1.3.0

 Start time: Thu Jun 17 17:37:44 2021

 Data directory: /newhome/zw18965/.local/qcore/share/entos/1.3.0/data
 Number of threads: 16
 Number of threads was determined by: number of physical cores

 --------------------------------------------------------------------------------
                                   command: hf                                   
 --------------------------------------------------------------------------------
 AO basis set:                           cc-pwcvqz-pp-merged
 Number of AO basis functions:         149

 Formula:                                Cu
 Nuclear charge:                        29.000000000
 Total charge:                           0.000000000
 Number of electrons:                   29.000000000

 Number of alpha electrons:             15
 Number of beta electrons:              14
 Number of unpaired electrons:           1
 Spin:                                   1
 Multiplicity:                           doublet

 Theory:                                 hf
 Method for Coulomb:                     incore_df
 Method for exact exchange:              pre_transformed_df
 Integral threshold:                     1.00e-12
 DF basis set:                           def2-universal-jkfit
 Number of DF basis functions:         264
 Schwarz screening threshold:            1.00e-10
 Coulomb fitting method:                 Cholesky
 Method for AO orthogonalization:        symmetric
 Threshold for linear dependence:        1.00e-08

 -------------------------------------
  Running unrestricted open-shell SCF 
 -------------------------------------
 Max number of iterations:             128
 Conv. threshold (gradient):             1.00e-05
 Conv. threshold (energy):               1.00e-06
 Interpolation scheme:                   adiis+cdiis
 Initial guess:                          H0

 ---------------------------------------------------------------
                  energy        change          grad        time
 ---------------------------------------------------------------
   0     -1412.312292681                    5.64e+01        0.02
   1     -1483.651836705     -7.13e+01      2.02e+01        0.04
   2     -1585.336135005     -1.02e+02      1.29e+01        0.04
   3     -1635.624497772     -5.03e+01      3.36e+00        0.03
   4     -1635.627414819     -2.92e-03      2.81e+00        0.04
   5     -1638.940295469     -3.31e+00      1.55e-01        0.04
   6     -1638.935934266      4.36e-03      2.21e-01        0.04
   7     -1638.962689003     -2.68e-02      2.70e-02        0.04
   8     -1638.963441088     -7.52e-04      2.65e-02        0.04
   9     -1638.964043378     -6.02e-04      2.40e-03        0.04
  10     -1638.964053946     -1.06e-05      1.44e-03        0.04
  11     -1638.964056596     -2.65e-06      6.18e-04        0.04
  12     -1638.964057184     -5.88e-07      1.63e-04        0.04
  13     -1638.964057232     -4.78e-08      7.77e-05        0.04
  14     -1638.964057238     -5.77e-09      6.39e-06        0.04

 SCF converged in 14 iterations.

 Dipole moment (in Debye):               0.000000      -0.000000      -0.000000

 Quadrupole moment (in Debye-Angstrom):
                  1            2            3
 1       -14.362365     0.000000    -0.000001
 2         0.000000   -14.362366    -0.000000
 3        -0.000001    -0.000000   -14.362365

 Spin-squared expectation <S^2>:         0.752
 Total spin quantum number S:            0.501
 TOTAL ENERGY:                       -1638.964057238
 Saving results in set 'HF'

 --------------------------------------------------------------------------------
                                command: unsoldw12                               
 --------------------------------------------------------------------------------
 Number of AO basis functions:         149

 DF basis set:                           def2-qzvppd-ri
 Number of DF basis functions:         316


 --------------------------
  Virtual UW12 Correlation 
 --------------------------
 Unrestricted MP2 calculation:           
 Core spatial orbitals:                  0
 Correlated alpha orbitals:             15
 Correlated beta orbitals:              14
 Virtual alpha orbitals:               134
 Virtual beta orbitals:                135

 Opposite spin energy:                  -0.102655112

 Reference energy:                   -1638.964057238
 UW12 correlation energy:               -0.102655112
 Total UW12 energy:                  -1639.066712350

 --------------------------------------------------------------------------------

 End time:                               Thu Jun 17 17:38:24 2021
 Total wall-clock time:                 40.680 seconds
==================================================================================
