
================================================================================
          _____________ ________ _______________ ________     _________         
         / ___________// ______ \\_____   _____// ______ \   / ________)        
        / /_________  / /      \ \     | |     / /      \ \ | (_______          
       |  __________|| |        | |    | |    | |        | | \________ \        
        \ \_________ | |        | |    | |     \ \______/ /___________) |       
         \__________||_|        |_|    |_|      \________//____________/        
                                                                                
====================================[ Qcore ]===================================

 Git hash:   6a88d58d269bf0d2ccfae91583c23a2b072b7633
 Git date:   Tue, 25 May 2021 10:36:49 +0100
 Compiler:   GNU 9.1.0
 Build type: Release
 Version:    1.3.0

 Start time: Thu Jun 17 17:38:58 2021

 Data directory: /newhome/zw18965/.local/qcore/share/entos/1.3.0/data
 Number of threads: 16
 Number of threads was determined by: number of physical cores

 --------------------------------------------------------------------------------
                                   command: hf                                   
 --------------------------------------------------------------------------------
 AO basis set:                           cc-pwcvqz-pp-merged
 Number of AO basis functions:         145

 Formula:                                Ga
 Nuclear charge:                        31.000000000
 Total charge:                           0.000000000
 Number of electrons:                   31.000000000

 Number of alpha electrons:             16
 Number of beta electrons:              15
 Number of unpaired electrons:           1
 Spin:                                   1
 Multiplicity:                           doublet

 Theory:                                 hf
 Method for Coulomb:                     incore_df
 Method for exact exchange:              pre_transformed_df
 Integral threshold:                     1.00e-12
 DF basis set:                           def2-universal-jkfit
 Number of DF basis functions:         266
 Schwarz screening threshold:            1.00e-10
 Coulomb fitting method:                 Cholesky
 Method for AO orthogonalization:        symmetric
 Threshold for linear dependence:        1.00e-08

 -------------------------------------
  Running unrestricted open-shell SCF 
 -------------------------------------
 Max number of iterations:             128
 Conv. threshold (gradient):             1.00e-05
 Conv. threshold (energy):               1.00e-06
 Interpolation scheme:                   adiis+cdiis
 Initial guess:                          H0

 ---------------------------------------------------------------
                  energy        change          grad        time
 ---------------------------------------------------------------
   0     -1664.910731596                    4.40e+01        0.02
   1     -1717.065124119     -5.22e+01      1.91e+01        0.03
   2     -1860.642135462     -1.44e+02      2.07e+01        0.03
   3     -1918.224376065     -5.76e+01      3.99e+00        0.03
   4     -1919.894994075     -1.67e+00      3.35e+00        0.03
   5     -1923.174911102     -3.28e+00      3.94e-01        0.03
   6     -1923.193328579     -1.84e-02      4.16e-01        0.03
   7     -1923.262836507     -6.95e-02      4.21e-02        0.03
   8     -1923.263434999     -5.98e-04      4.25e-02        0.04
   9     -1923.264241388     -8.06e-04      2.17e-03        0.04
  10     -1923.264251004     -9.62e-06      5.05e-04        0.04
  11     -1923.264251338     -3.34e-07      9.13e-05        0.04
  12     -1923.264251346     -7.65e-09      2.14e-05        0.04
  13     -1923.264251346     -2.70e-10      2.85e-06        0.04

 SCF converged in 13 iterations.

 Dipole moment (in Debye):              -0.000000      -0.000000      -0.000000

 Quadrupole moment (in Debye-Angstrom):
                  1            2            3
 1       -18.123239     3.433129     0.826010
 2         3.433129   -20.617682    -1.178911
 3         0.826010    -1.178911   -16.001445

 Spin-squared expectation <S^2>:         0.763
 Total spin quantum number S:            0.507
 TOTAL ENERGY:                       -1923.264251346
 Saving results in set 'HF'

 --------------------------------------------------------------------------------
                                command: unsoldw12                               
 --------------------------------------------------------------------------------
 Number of AO basis functions:         145

 DF basis set:                           def2-qzvppd-ri
 Number of DF basis functions:         314


 --------------------------
  Virtual UW12 Correlation 
 --------------------------
 Unrestricted MP2 calculation:           
 Core spatial orbitals:                  0
 Correlated alpha orbitals:             16
 Correlated beta orbitals:              15
 Virtual alpha orbitals:               129
 Virtual beta orbitals:                130

 Opposite spin energy:                  -0.103111936

 Reference energy:                   -1923.264251346
 UW12 correlation energy:               -0.103111936
 Total UW12 energy:                  -1923.367363282

 --------------------------------------------------------------------------------

 End time:                               Thu Jun 17 17:39:08 2021
 Total wall-clock time:                  9.736 seconds
==================================================================================
