
================================================================================
          _____________ ________ _______________ ________     _________         
         / ___________// ______ \\_____   _____// ______ \   / ________)        
        / /_________  / /      \ \     | |     / /      \ \ | (_______          
       |  __________|| |        | |    | |    | |        | | \________ \        
        \ \_________ | |        | |    | |     \ \______/ /___________) |       
         \__________||_|        |_|    |_|      \________//____________/        
                                                                                
====================================[ Qcore ]===================================

 Git hash:   6a88d58d269bf0d2ccfae91583c23a2b072b7633
 Git date:   Tue, 25 May 2021 10:36:49 +0100
 Compiler:   GNU 9.1.0
 Build type: Release
 Version:    1.3.0

 Start time: Thu Jun 17 17:40:02 2021

 Data directory: /newhome/zw18965/.local/qcore/share/entos/1.3.0/data
 Number of threads: 16
 Number of threads was determined by: number of physical cores

 --------------------------------------------------------------------------------
                                   command: hf                                   
 --------------------------------------------------------------------------------
 AO basis set:                           cc-pwcvqz-pp-merged
 Number of AO basis functions:         144
 ECP on atom 1 (Zr):                     28 electrons

 Formula:                                Zr
 Nuclear charge:                        40.000000000
 Total charge:                           0.000000000
 Number of core electrons:              28
 Number of treated electrons:           12

 Number of alpha electrons:              7
 Number of beta electrons:               5
 Number of unpaired electrons:           2
 Spin:                                   2
 Multiplicity:                           triplet

 Theory:                                 hf
 Method for Coulomb:                     incore_df
 Method for exact exchange:              pre_transformed_df
 Integral threshold:                     1.00e-12
 DF basis set:                           def2-universal-jkfit
 Number of DF basis functions:         255
 Schwarz screening threshold:            1.00e-10
 Coulomb fitting method:                 Cholesky
 Method for AO orthogonalization:        symmetric
 Threshold for linear dependence:        1.00e-08

 -------------------------------------
  Running unrestricted open-shell SCF 
 -------------------------------------
 Max number of iterations:             128
 Conv. threshold (gradient):             1.00e-05
 Conv. threshold (energy):               1.00e-06
 Interpolation scheme:                   adiis+cdiis
 Initial guess:                          H0

 ---------------------------------------------------------------
                  energy        change          grad        time
 ---------------------------------------------------------------
   0       -40.381420455                    2.69e+00        0.02
   1       -43.355046924     -2.97e+00      1.57e+00        0.02
   2       -45.072219808     -1.72e+00      1.15e+00        0.02
   3       -46.197225781     -1.13e+00      3.16e-01        0.02
   4       -46.254968435     -5.77e-02      1.13e-01        0.02
   5       -46.263548653     -8.58e-03      4.87e-02        0.03
   6       -46.266102915     -2.55e-03      3.12e-02        0.02
   7       -46.268806964     -2.70e-03      3.06e-02        0.02
   8       -46.270971298     -2.16e-03      3.21e-02        0.02
   9       -46.268981847      1.99e-03      3.09e-02        0.02
  10       -46.266278141      2.70e-03      2.86e-02        0.03
  11       -46.265733598      5.45e-04      2.61e-02        0.02
  12       -46.266809534     -1.08e-03      2.00e-02        0.02
  13       -46.267638436     -8.29e-04      1.52e-02        0.02
  14       -46.268290767     -6.52e-04      1.20e-02        0.02
  15       -46.268713435     -4.23e-04      1.32e-02        0.02
  16       -46.268618711      9.47e-05      1.28e-02        0.03
  17       -46.268018499      6.00e-04      9.32e-03        0.03
  18       -46.267745116      2.73e-04      9.01e-03        0.02
  19       -46.267742593      2.52e-06      7.43e-03        0.02
  20       -46.267741239      1.35e-06      4.78e-03        0.02
  21       -46.267788678     -4.74e-05      4.07e-03        0.03
  22       -46.267816102     -2.74e-05      3.69e-03        0.02
  23       -46.267837350     -2.12e-05      3.58e-03        0.02
  24       -46.267855665     -1.83e-05      3.55e-03        0.02
  25       -46.267854719      9.46e-07      3.55e-03        0.02
  26       -46.267851938      2.78e-06      3.76e-03        0.02
  27       -46.267852443     -5.05e-07      3.83e-03        0.03
  28       -46.267852298      1.45e-07      3.68e-03        0.03
  29       -46.267855364     -3.07e-06      3.79e-03        0.02
  30       -46.267849569      5.80e-06      3.66e-03        0.02
  31       -46.267837524      1.20e-05      3.09e-03        0.02
  32       -46.267816936      2.06e-05      1.75e-03        0.03
  33       -46.267814111      2.82e-06      1.46e-03        0.02
  34       -46.267815057     -9.45e-07      1.21e-03        0.03
  35       -46.267816952     -1.90e-06      1.06e-03        0.02
  36       -46.267820422     -3.47e-06      7.32e-04        0.02
  37       -46.267821940     -1.52e-06      3.86e-04        0.02
  38       -46.267822046     -1.06e-07      3.47e-04        0.03
  39       -46.267822020      2.58e-08      3.40e-04        0.03
  40       -46.267822095     -7.48e-08      3.32e-04        0.03
  41       -46.267822349     -2.54e-07      3.10e-04        0.02
  42       -46.267822460     -1.10e-07      3.12e-04        0.03
  43       -46.267821993      4.66e-07      2.53e-04        0.02
  44       -46.267821770      2.24e-07      1.05e-04        0.02
  45       -46.267821796     -2.61e-08      7.19e-05        0.02
  46       -46.267821807     -1.18e-08      6.97e-05        0.03
  47       -46.267821806      9.34e-10      6.94e-05        0.02
  48       -46.267821807     -7.84e-10      7.01e-05        0.03
  49       -46.267821806      1.29e-09      6.88e-05        0.02
  50       -46.267821802      3.97e-09      5.71e-05        0.02
  51       -46.267821792      1.05e-08      3.58e-05        0.02
  52       -46.267821789      2.95e-09      2.39e-05        0.02
  53       -46.267821788      7.18e-10      1.89e-05        0.02
  54       -46.267821788      3.01e-10      1.52e-05        0.03
  55       -46.267821787      1.83e-10      1.30e-05        0.03
  56       -46.267821787     -1.03e-11      1.28e-05        0.03
  57       -46.267821787     -6.10e-11      1.30e-05        0.03
  58       -46.267821787     -2.85e-11      1.37e-05        0.03
  59       -46.267821787      4.19e-10      1.04e-05        0.03
  60       -46.267821787      4.45e-11      1.02e-05        0.02
  61       -46.267821787     -5.12e-11      1.03e-05        0.02
  62       -46.267821787      1.21e-10      1.05e-05        0.02
  63       -46.267821787      6.28e-11      9.56e-06        0.02

 SCF converged in 63 iterations.

 Dipole moment (in Debye):              -0.000000       0.000001       0.000001

 Quadrupole moment (in Debye-Angstrom):
                  1            2            3
 1       -27.026716    -0.000287    -0.000122
 2        -0.000287   -27.026826    -0.000275
 3        -0.000122    -0.000275   -27.026198

 Spin-squared expectation <S^2>:         3.005
 Total spin quantum number S:            1.304
 TOTAL ENERGY:                         -46.267821787
 Saving results in set 'HF'

 --------------------------------------------------------------------------------
                                command: unsoldw12                               
 --------------------------------------------------------------------------------
 Number of AO basis functions:         144

 DF basis set:                           def2-qzvppd-ri
 Number of DF basis functions:         252


 --------------------------
  Virtual UW12 Correlation 
 --------------------------
 Unrestricted MP2 calculation:           
 Core spatial orbitals:                  0
 Correlated alpha orbitals:              7
 Correlated beta orbitals:               5
 Virtual alpha orbitals:               137
 Virtual beta orbitals:                139

 Opposite spin energy:                  -0.055674254

 Reference energy:                     -46.267821787
 UW12 correlation energy:               -0.055674254
 Total UW12 energy:                    -46.323496041

 --------------------------------------------------------------------------------

 End time:                               Thu Jun 17 17:40:12 2021
 Total wall-clock time:                  9.434 seconds
==================================================================================
