
================================================================================
          _____________ ________ _______________ ________     _________         
         / ___________// ______ \\_____   _____// ______ \   / ________)        
        / /_________  / /      \ \     | |     / /      \ \ | (_______          
       |  __________|| |        | |    | |    | |        | | \________ \        
        \ \_________ | |        | |    | |     \ \______/ /___________) |       
         \__________||_|        |_|    |_|      \________//____________/        
                                                                                
====================================[ Qcore ]===================================

 Git hash:   6a88d58d269bf0d2ccfae91583c23a2b072b7633
 Git date:   Tue, 25 May 2021 10:36:49 +0100
 Compiler:   GNU 9.1.0
 Build type: Release
 Version:    1.3.0

 Start time: Thu Jun 17 17:40:12 2021

 Data directory: /newhome/zw18965/.local/qcore/share/entos/1.3.0/data
 Number of threads: 16
 Number of threads was determined by: number of physical cores

 --------------------------------------------------------------------------------
                                   command: hf                                   
 --------------------------------------------------------------------------------
 AO basis set:                           cc-pwcvqz-pp-merged
 Number of AO basis functions:         144
 ECP on atom 1 (Nb):                     28 electrons

 Formula:                                Nb
 Nuclear charge:                        41.000000000
 Total charge:                           0.000000000
 Number of core electrons:              28
 Number of treated electrons:           13

 Number of alpha electrons:              9
 Number of beta electrons:               4
 Number of unpaired electrons:           5
 Spin:                                   5
 Multiplicity:                           septet

 Theory:                                 hf
 Method for Coulomb:                     incore_df
 Method for exact exchange:              pre_transformed_df
 Integral threshold:                     1.00e-12
 DF basis set:                           def2-universal-jkfit
 Number of DF basis functions:         255
 Schwarz screening threshold:            1.00e-10
 Coulomb fitting method:                 Cholesky
 Method for AO orthogonalization:        symmetric
 Threshold for linear dependence:        1.00e-08

 -------------------------------------
  Running unrestricted open-shell SCF 
 -------------------------------------
 Max number of iterations:             128
 Conv. threshold (gradient):             1.00e-05
 Conv. threshold (energy):               1.00e-06
 Interpolation scheme:                   adiis+cdiis
 Initial guess:                          H0

 ---------------------------------------------------------------
                  energy        change          grad        time
 ---------------------------------------------------------------
   0       -48.951266503                    2.06e+00        0.01
   1       -50.145650862     -1.19e+00      2.03e+00        0.03
   2       -54.125850841     -3.98e+00      1.10e+00        0.03
   3       -56.039402030     -1.91e+00      2.59e-01        0.03
   4       -56.081973496     -4.26e-02      5.12e-02        0.03
   5       -56.087158915     -5.19e-03      3.81e-02        0.03
   6       -56.088108636     -9.50e-04      3.29e-03        0.03
   7       -56.088132485     -2.38e-05      2.99e-03        0.03
   8       -56.088148544     -1.61e-05      2.67e-03        0.03
   9       -56.088130507      1.80e-05      1.98e-03        0.03
  10       -56.088110731      1.98e-05      4.72e-04        0.03
  11       -56.088110336      3.95e-07      1.06e-04        0.03
  12       -56.088110344     -7.74e-09      2.07e-05        0.03
  13       -56.088110344     -6.98e-10      7.18e-06        0.03

 SCF converged in 13 iterations.

 Dipole moment (in Debye):              -0.000000       0.000000      -0.000000

 Quadrupole moment (in Debye-Angstrom):
                  1            2            3
 1       -21.491262     0.000000    -0.000000
 2         0.000000   -21.491262     0.000000
 3        -0.000000     0.000000   -21.491212

 Spin-squared expectation <S^2>:         8.754
 Total spin quantum number S:            2.501
 TOTAL ENERGY:                         -56.088110344
 Saving results in set 'HF'

 --------------------------------------------------------------------------------
                                command: unsoldw12                               
 --------------------------------------------------------------------------------
 Number of AO basis functions:         144

 DF basis set:                           def2-qzvppd-ri
 Number of DF basis functions:         252


 --------------------------
  Virtual UW12 Correlation 
 --------------------------
 Unrestricted MP2 calculation:           
 Core spatial orbitals:                  0
 Correlated alpha orbitals:              9
 Correlated beta orbitals:               4
 Virtual alpha orbitals:               135
 Virtual beta orbitals:                140

 Opposite spin energy:                  -0.055088018

 Reference energy:                     -56.088110344
 UW12 correlation energy:               -0.055088018
 Total UW12 energy:                    -56.143198362

 --------------------------------------------------------------------------------

 End time:                               Thu Jun 17 17:40:22 2021
 Total wall-clock time:                 10.445 seconds
==================================================================================
