
================================================================================
          _____________ ________ _______________ ________     _________         
         / ___________// ______ \\_____   _____// ______ \   / ________)        
        / /_________  / /      \ \     | |     / /      \ \ | (_______          
       |  __________|| |        | |    | |    | |        | | \________ \        
        \ \_________ | |        | |    | |     \ \______/ /___________) |       
         \__________||_|        |_|    |_|      \________//____________/        
                                                                                
====================================[ Qcore ]===================================

 Git hash:   6a88d58d269bf0d2ccfae91583c23a2b072b7633
 Git date:   Tue, 25 May 2021 10:36:49 +0100
 Compiler:   GNU 9.1.0
 Build type: Release
 Version:    1.3.0

 Start time: Fri Jun 18 09:47:37 2021

 Data directory: /newhome/zw18965/.local/qcore/share/entos/1.3.0/data
 Number of threads: 16
 Number of threads was determined by: number of physical cores

 --------------------------------------------------------------------------------
                                   command: hf                                   
 --------------------------------------------------------------------------------
 AO basis set:                           cc-pwcvqz-pp-merged
 Number of AO basis functions:         144
 ECP on atom 1 (Tc):                     28 electrons

 Formula:                                Tc
 Nuclear charge:                        43.000000000
 Total charge:                           0.000000000
 Number of core electrons:              28
 Number of treated electrons:           15

 Number of alpha electrons:             10
 Number of beta electrons:               5
 Number of unpaired electrons:           5
 Spin:                                   5
 Multiplicity:                           septet

 Theory:                                 hf
 Method for Coulomb:                     incore_df
 Method for exact exchange:              pre_transformed_df
 Integral threshold:                     1.00e-12
 DF basis set:                           def2-universal-jkfit
 Number of DF basis functions:         255
 Schwarz screening threshold:            1.00e-10
 Coulomb fitting method:                 Cholesky
 Method for AO orthogonalization:        symmetric
 Threshold for linear dependence:        1.00e-08

 -------------------------------------
  Running unrestricted open-shell SCF 
 -------------------------------------
 Max number of iterations:             128
 Conv. threshold (gradient):             1.00e-05
 Conv. threshold (energy):               1.00e-06
 Interpolation scheme:                   adiis+cdiis
 Initial guess:                          SAD

 ---------------------------------------------------------------
                  energy        change          grad        time
 ---------------------------------------------------------------
   0       -78.973921782                    6.29e-02        0.03
   1       -79.790011692     -8.16e-01      1.91e-01        0.04
   2       -79.840991142     -5.10e-02      1.04e-01        0.04
   3       -79.848197372     -7.21e-03      2.65e-02        0.04
   4       -79.849349969     -1.15e-03      1.86e-02        0.04
   5       -79.849598263     -2.48e-04      2.69e-03        0.04
   6       -79.849615829     -1.76e-05      6.45e-04        0.04
   7       -79.849616560     -7.31e-07      7.57e-05        0.04
   8       -79.849616569     -8.76e-09      9.45e-06        0.04

 SCF converged in 8 iterations.

 Dipole moment (in Debye):              -0.000000      -0.000000      -0.000000

 Quadrupole moment (in Debye-Angstrom):
                  1            2            3
 1       -26.256935    -0.000000    -0.000000
 2        -0.000000   -26.256935    -0.000000
 3        -0.000000    -0.000000   -26.256935

 Spin-squared expectation <S^2>:         8.792
 Total spin quantum number S:            2.507
 TOTAL ENERGY:                         -79.849616569
 Saving results in set 'HF'

 --------------------------------------------------------------------------------
                                command: unsoldw12                               
 --------------------------------------------------------------------------------
 Number of AO basis functions:         144

 DF basis set:                           def2-qzvppd-ri
 Number of DF basis functions:         252


 --------------------------
  Virtual UW12 Correlation 
 --------------------------
 Unrestricted MP2 calculation:           
 Core spatial orbitals:                  0
 Correlated alpha orbitals:             10
 Correlated beta orbitals:               5
 Virtual alpha orbitals:               134
 Virtual beta orbitals:                139

 Opposite spin energy:                  -0.072305852

 Reference energy:                     -79.849616569
 UW12 correlation energy:               -0.072305852
 Total UW12 energy:                    -79.921922420

 --------------------------------------------------------------------------------

 End time:                               Fri Jun 18 09:47:50 2021
 Total wall-clock time:                 13.632 seconds
==================================================================================
