
================================================================================
          _____________ ________ _______________ ________     _________         
         / ___________// ______ \\_____   _____// ______ \   / ________)        
        / /_________  / /      \ \     | |     / /      \ \ | (_______          
       |  __________|| |        | |    | |    | |        | | \________ \        
        \ \_________ | |        | |    | |     \ \______/ /___________) |       
         \__________||_|        |_|    |_|      \________//____________/        
                                                                                
====================================[ Qcore ]===================================

 Git hash:   6a88d58d269bf0d2ccfae91583c23a2b072b7633
 Git date:   Tue, 25 May 2021 10:36:49 +0100
 Compiler:   GNU 9.1.0
 Build type: Release
 Version:    1.3.0

 Start time: Thu Jun 17 17:41:05 2021

 Data directory: /newhome/zw18965/.local/qcore/share/entos/1.3.0/data
 Number of threads: 16
 Number of threads was determined by: number of physical cores

 --------------------------------------------------------------------------------
                                   command: hf                                   
 --------------------------------------------------------------------------------
 AO basis set:                           cc-pwcvqz-pp-merged
 Number of AO basis functions:         144
 ECP on atom 1 (Ag):                     28 electrons

 Formula:                                Ag
 Nuclear charge:                        47.000000000
 Total charge:                           0.000000000
 Number of core electrons:              28
 Number of treated electrons:           19

 Number of alpha electrons:             10
 Number of beta electrons:               9
 Number of unpaired electrons:           1
 Spin:                                   1
 Multiplicity:                           doublet

 Theory:                                 hf
 Method for Coulomb:                     incore_df
 Method for exact exchange:              pre_transformed_df
 Integral threshold:                     1.00e-12
 DF basis set:                           def2-universal-jkfit
 Number of DF basis functions:         255
 Schwarz screening threshold:            1.00e-10
 Coulomb fitting method:                 Cholesky
 Method for AO orthogonalization:        symmetric
 Threshold for linear dependence:        1.00e-08

 -------------------------------------
  Running unrestricted open-shell SCF 
 -------------------------------------
 Max number of iterations:             128
 Conv. threshold (gradient):             1.00e-05
 Conv. threshold (energy):               1.00e-06
 Interpolation scheme:                   adiis+cdiis
 Initial guess:                          H0

 ---------------------------------------------------------------
                  energy        change          grad        time
 ---------------------------------------------------------------
   0      -122.120181797                    6.13e+00        0.02
   1      -112.183491651      9.94e+00      5.72e+00        0.03
   2      -135.786810076     -2.36e+01      3.55e+00        0.03
   3      -145.836206168     -1.00e+01      5.71e-01        0.03
   4      -145.987922718     -1.52e-01      2.42e-01        0.03
   5      -146.015461108     -2.75e-02      1.79e-01        0.03
   6      -146.053612998     -3.82e-02      4.79e-02        0.03
   7      -146.054752811     -1.14e-03      2.76e-02        0.03
   8      -146.055744332     -9.92e-04      1.52e-03        0.03
   9      -146.055748745     -4.41e-06      3.42e-04        0.03
  10      -146.055748966     -2.21e-07      1.48e-04        0.03
  11      -146.055748984     -1.79e-08      6.80e-05        0.03
  12      -146.055748987     -2.77e-09      2.96e-05        0.03
  13      -146.055748988     -6.39e-10      2.43e-06        0.03

 SCF converged in 13 iterations.

 Dipole moment (in Debye):              -0.000000      -0.000000       0.000000

 Quadrupole moment (in Debye-Angstrom):
                  1            2            3
 1       -20.786452     0.000000    -0.000000
 2         0.000000   -20.786452    -0.000000
 3        -0.000000    -0.000000   -20.786452

 Spin-squared expectation <S^2>:         0.752
 Total spin quantum number S:            0.501
 TOTAL ENERGY:                        -146.055748988
 Saving results in set 'HF'

 --------------------------------------------------------------------------------
                                command: unsoldw12                               
 --------------------------------------------------------------------------------
 Number of AO basis functions:         144

 DF basis set:                           def2-qzvppd-ri
 Number of DF basis functions:         252


 --------------------------
  Virtual UW12 Correlation 
 --------------------------
 Unrestricted MP2 calculation:           
 Core spatial orbitals:                  0
 Correlated alpha orbitals:             10
 Correlated beta orbitals:               9
 Virtual alpha orbitals:               134
 Virtual beta orbitals:                135

 Opposite spin energy:                  -0.110316430

 Reference energy:                    -146.055748988
 UW12 correlation energy:               -0.110316430
 Total UW12 energy:                   -146.166065418

 --------------------------------------------------------------------------------

 End time:                               Thu Jun 17 17:41:22 2021
 Total wall-clock time:                 16.389 seconds
==================================================================================
