
================================================================================
          _____________ ________ _______________ ________     _________         
         / ___________// ______ \\_____   _____// ______ \   / ________)        
        / /_________  / /      \ \     | |     / /      \ \ | (_______          
       |  __________|| |        | |    | |    | |        | | \________ \        
        \ \_________ | |        | |    | |     \ \______/ /___________) |       
         \__________||_|        |_|    |_|      \________//____________/        
                                                                                
====================================[ Qcore ]===================================

 Git hash:   6a88d58d269bf0d2ccfae91583c23a2b072b7633
 Git date:   Tue, 25 May 2021 10:36:49 +0100
 Compiler:   GNU 9.1.0
 Build type: Release
 Version:    1.3.0

 Start time: Thu Jun 17 17:42:08 2021

 Data directory: /newhome/zw18965/.local/qcore/share/entos/1.3.0/data
 Number of threads: 16
 Number of threads was determined by: number of physical cores

 --------------------------------------------------------------------------------
                                   command: hf                                   
 --------------------------------------------------------------------------------
 AO basis set:                           cc-pwcvqz-pp-merged
 Number of AO basis functions:         144
 ECP on atom 1 (Te):                     28 electrons

 Formula:                                Te
 Nuclear charge:                        52.000000000
 Total charge:                           0.000000000
 Number of core electrons:              28
 Number of treated electrons:           24

 Number of alpha electrons:             13
 Number of beta electrons:              11
 Number of unpaired electrons:           2
 Spin:                                   2
 Multiplicity:                           triplet

 Theory:                                 hf
 Method for Coulomb:                     incore_df
 Method for exact exchange:              pre_transformed_df
 Integral threshold:                     1.00e-12
 DF basis set:                           def2-universal-jkfit
 Number of DF basis functions:         218
 Schwarz screening threshold:            1.00e-10
 Coulomb fitting method:                 Cholesky
 Method for AO orthogonalization:        symmetric
 Threshold for linear dependence:        1.00e-08

 -------------------------------------
  Running unrestricted open-shell SCF 
 -------------------------------------
 Max number of iterations:             128
 Conv. threshold (gradient):             1.00e-05
 Conv. threshold (energy):               1.00e-06
 Interpolation scheme:                   adiis+cdiis
 Initial guess:                          H0

 ---------------------------------------------------------------
                  energy        change          grad        time
 ---------------------------------------------------------------
   0      -202.917207686                    1.01e+01        0.02
   1      -170.091385846      3.28e+01      1.17e+01        0.03
   2      -216.962661969     -4.69e+01      9.75e+00        0.02
   3      -265.994939558     -4.90e+01      1.83e+00        0.02
   4      -266.860673557     -8.66e-01      6.03e-01        0.03
   5      -266.974125575     -1.13e-01      2.60e-01        0.03
   6      -267.000060506     -2.59e-02      1.25e-01        0.03
   7      -267.005567915     -5.51e-03      5.75e-02        0.03
   8      -267.006783068     -1.22e-03      2.73e-02        0.03
   9      -267.007123759     -3.41e-04      2.59e-04        0.03
  10      -267.007123836     -7.71e-08      7.40e-05        0.03
  11      -267.007123840     -4.58e-09      1.52e-05        0.03
  12      -267.007123840     -2.66e-10      2.41e-06        0.03

 SCF converged in 12 iterations.

 Dipole moment (in Debye):               0.000000       0.000000      -0.000000

 Quadrupole moment (in Debye-Angstrom):
                  1            2            3
 1       -25.453370     0.057804     0.160918
 2         0.057804   -25.954817    -1.414278
 3         0.160918    -1.414278   -29.383972

 Spin-squared expectation <S^2>:         2.013
 Total spin quantum number S:            1.004
 TOTAL ENERGY:                        -267.007123840
 Saving results in set 'HF'

 --------------------------------------------------------------------------------
                                command: unsoldw12                               
 --------------------------------------------------------------------------------
 Number of AO basis functions:         144

 DF basis set:                           def2-qzvppd-ri
 Number of DF basis functions:         292


 --------------------------
  Virtual UW12 Correlation 
 --------------------------
 Unrestricted MP2 calculation:           
 Core spatial orbitals:                  0
 Correlated alpha orbitals:             13
 Correlated beta orbitals:              11
 Virtual alpha orbitals:               131
 Virtual beta orbitals:                133

 Opposite spin energy:                  -0.126251585

 Reference energy:                    -267.007123840
 UW12 correlation energy:               -0.126251585
 Total UW12 energy:                   -267.133375426

 --------------------------------------------------------------------------------

 End time:                               Thu Jun 17 17:42:19 2021
 Total wall-clock time:                 10.852 seconds
==================================================================================
