
================================================================================
          _____________ ________ _______________ ________     _________         
         / ___________// ______ \\_____   _____// ______ \   / ________)        
        / /_________  / /      \ \     | |     / /      \ \ | (_______          
       |  __________|| |        | |    | |    | |        | | \________ \        
        \ \_________ | |        | |    | |     \ \______/ /___________) |       
         \__________||_|        |_|    |_|      \________//____________/        
                                                                                
====================================[ Qcore ]===================================

 Git hash:   6a88d58d269bf0d2ccfae91583c23a2b072b7633
 Git date:   Tue, 25 May 2021 10:36:49 +0100
 Compiler:   GNU 9.1.0
 Build type: Release
 Version:    1.3.0

 Start time: Wed Jun 16 15:35:22 2021

 Data directory: /newhome/zw18965/.local/qcore/share/entos/1.3.0/data
 Number of threads: 16
 Number of threads was determined by: number of physical cores

 --------------------------------------------------------------------------------
                                   command: hf                                   
 --------------------------------------------------------------------------------
 AO basis set:                           aug-pc-3
 Number of AO basis functions:         128

 Formula:                                V
 Nuclear charge:                        23.000000000
 Total charge:                           0.000000000
 Number of electrons:                   23.000000000

 Number of alpha electrons:             13
 Number of beta electrons:              10
 Number of unpaired electrons:           3
 Spin:                                   3
 Multiplicity:                           quartet

 Theory:                                 hf
 Method for Coulomb:                     incore_df
 Method for exact exchange:              pre_transformed_df
 Integral threshold:                     1.00e-12
 DF basis set:                           def2-universal-jkfit
 Number of DF basis functions:         264
 Schwarz screening threshold:            1.00e-10
 Coulomb fitting method:                 Cholesky
 Method for AO orthogonalization:        symmetric
 Threshold for linear dependence:        1.00e-08

 -------------------------------------
  Running unrestricted open-shell SCF 
 -------------------------------------
 Max number of iterations:             128
 Conv. threshold (gradient):             1.00e-05
 Conv. threshold (energy):               1.00e-06
 Interpolation scheme:                   adiis+cdiis
 Initial guess:                          H0

 ---------------------------------------------------------------
                  energy        change          grad        time
 ---------------------------------------------------------------
   0      -919.886710943                    4.43e+00        0.02
   1      -901.670832419      1.82e+01      6.03e+00        0.03
   2      -933.357759746     -3.17e+01      2.96e+00        0.03
   3      -939.672116667     -6.31e+00      2.02e+00        0.02
   4      -941.320491558     -1.65e+00      1.43e+00        0.03
   5      -942.744297492     -1.42e+00      5.78e-01        0.02
   6      -942.854408002     -1.10e-01      2.45e-01        0.03
   7      -942.874500262     -2.01e-02      1.10e-01        0.03
   8      -942.879319439     -4.82e-03      4.46e-02        0.03
   9      -942.880557490     -1.24e-03      3.50e-02        0.03
  10      -942.881814996     -1.26e-03      1.75e-02        0.03
  11      -942.882187798     -3.73e-04      1.36e-02        0.03
  12      -942.882866539     -6.79e-04      6.89e-03        0.03
  13      -942.882947670     -8.11e-05      3.68e-03        0.03
  14      -942.882982647     -3.50e-05      1.95e-03        0.03
  15      -942.882990818     -8.17e-06      1.27e-03        0.02
  16      -942.882994972     -4.15e-06      7.16e-04        0.03
  17      -942.882996608     -1.64e-06      3.96e-04        0.03
  18      -942.882996900     -2.92e-07      3.41e-04        0.03
  19      -942.882997141     -2.41e-07      2.46e-04        0.02
  20      -942.882997391     -2.50e-07      6.53e-05        0.03
  21      -942.882997415     -2.38e-08      2.90e-05        0.02
  22      -942.882997416     -1.46e-09      1.50e-05        0.03
  23      -942.882997417     -6.03e-10      4.87e-06        0.03

 SCF converged in 23 iterations.

 Dipole moment (in Debye):              -0.000000      -0.000000       0.000000

 Quadrupole moment (in Debye-Angstrom):
                  1            2            3
 1       -21.384273     0.000004     0.000003
 2         0.000004   -21.384285     0.000001
 3         0.000003     0.000001   -21.384306

 Spin-squared expectation <S^2>:         3.763
 Total spin quantum number S:            1.503
 TOTAL ENERGY:                        -942.882997417
 Saving results in set 'HF'

 --------------------------------------------------------------------------------
                                command: unsoldw12                               
 --------------------------------------------------------------------------------
 Number of AO basis functions:         128

 DF basis set:                           def2-qzvppd-ri
 Number of DF basis functions:         309

 Unrestricted UW12 calculation:          
 Core spatial orbitals:                  5
 Correlated alpha orbitals:              8
 Correlated beta orbitals:               5

 ------------------
  UW12 Correlation 
 ------------------
 Factor for UW12 correlation:            1.000000000
 Same spin scale factor:                 0.000000000
 Calculate indirect contribution:        false
 Method for three electron term:         df_ri
 Auxiliary RI basis set:                 def2-QZVPPD-ri
 Number of RI basis functions:         309
 Gaussians in geminal expansion:         4
 UW12 screening threshold:               1.00e-10
 Method for density-fitting:             w(r)
 Number of core spatial orbitals:        5


 Reference energy:                    -942.882997417
 UW12 correlation energy:               -0.054124339
 Total UW12 energy:                   -942.937121755

 --------------------------------------------------------------------------------

 End time:                               Wed Jun 16 15:35:34 2021
 Total wall-clock time:                 11.285 seconds
==================================================================================
