
================================================================================
          _____________ ________ _______________ ________     _________         
         / ___________// ______ \\_____   _____// ______ \   / ________)        
        / /_________  / /      \ \     | |     / /      \ \ | (_______          
       |  __________|| |        | |    | |    | |        | | \________ \        
        \ \_________ | |        | |    | |     \ \______/ /___________) |       
         \__________||_|        |_|    |_|      \________//____________/        
                                                                                
====================================[ Qcore ]===================================

 Git hash:   6a88d58d269bf0d2ccfae91583c23a2b072b7633
 Git date:   Tue, 25 May 2021 10:36:49 +0100
 Compiler:   GNU 9.1.0
 Build type: Release
 Version:    1.3.0

 Start time: Thu Jun 17 16:44:14 2021

 Data directory: /newhome/zw18965/.local/qcore/share/entos/1.3.0/data
 Number of threads: 16
 Number of threads was determined by: number of physical cores

 --------------------------------------------------------------------------------
                                   command: hf                                   
 --------------------------------------------------------------------------------
 AO basis set:                           cc-pwcvdz-pp-merged
 Number of AO basis functions:          54
 ECP on atom 1 (Hg):                     60 electrons

 Formula:                                Hg
 Nuclear charge:                        80.000000000
 Total charge:                           0.000000000
 Number of core electrons:              60
 Number of treated electrons:           20

 Number of alpha electrons:             10
 Number of beta electrons:              10
 Number of unpaired electrons:           0
 Spin:                                   0
 Multiplicity:                           singlet

 Theory:                                 hf
 Method for Coulomb:                     incore_df
 Method for exact exchange:              pre_transformed_df
 Integral threshold:                     1.00e-12
 DF basis set:                           def2-universal-jkfit
 Number of DF basis functions:         247
 Schwarz screening threshold:            1.00e-10
 Coulomb fitting method:                 Cholesky
 Method for AO orthogonalization:        symmetric
 Threshold for linear dependence:        1.00e-08

 -------------------------------------
  Running restricted closed-shell SCF 
 -------------------------------------
 Max number of iterations:             128
 Conv. threshold (gradient):             1.00e-05
 Conv. threshold (energy):               1.00e-06
 Interpolation scheme:                   adiis+cdiis
 Initial guess:                          H0

 ---------------------------------------------------------------
                  energy        change          grad        time
 ---------------------------------------------------------------
   0      -136.728229694                    5.72e+00        0.00
   1      -129.041474607      7.69e+00      5.39e+00        0.00
   2      -145.543598621     -1.65e+01      5.52e+00        0.00
   3      -152.409243851     -6.87e+00      7.29e-01        0.00
   4      -152.504485511     -9.52e-02      3.48e-01        0.00
   5      -152.526920711     -2.24e-02      1.67e-01        0.00
   6      -152.538031121     -1.11e-02      7.91e-02        0.01
   7      -152.539219204     -1.19e-03      3.69e-02        0.00
   8      -152.539859352     -6.40e-04      5.47e-04        0.00
   9      -152.539859419     -6.73e-08      5.15e-05        0.00
  10      -152.539859420     -9.84e-10      3.23e-06        0.00

 SCF converged in 10 iterations.

 Dipole moment (in Debye):               0.000000      -0.000000      -0.000000

 Quadrupole moment (in Debye-Angstrom):
                  1            2            3
 1       -24.225688    -0.000000     0.000000
 2        -0.000000   -24.225688     0.000000
 3         0.000000     0.000000   -24.225688

 Spin-squared expectation <S^2>:         0.000
 Total spin quantum number S:            0.000
 TOTAL ENERGY:                        -152.539859420
 Saving results in set 'HF'

 --------------------------------------------------------------------------------
                                command: unsoldw12                               
 --------------------------------------------------------------------------------
 Number of AO basis functions:          54

 DF basis set:                           def2-qzvppd-ri
 Number of DF basis functions:         252

 Restricted UW12 calculation:            
 Core Orbitals:                          0
 Correlated Orbitals:                   10

 ------------------
  UW12 Correlation 
 ------------------
 Factor for UW12 correlation:            1.000000000
 Same spin scale factor:                 0.000000000
 Calculate indirect contribution:        false
 Method for three electron term:         df_ri
 Auxiliary RI basis set:                 def2-QZVPPD-ri
 Number of RI basis functions:         252
 Gaussians in geminal expansion:         4
 UW12 screening threshold:               1.00e-10
 Method for density-fitting:             w(r)


 Reference energy:                    -152.539859420
 UW12 correlation energy:               -0.147008173
 Total UW12 energy:                   -152.686867593

 --------------------------------------------------------------------------------

 End time:                               Thu Jun 17 16:44:18 2021
 Total wall-clock time:                  3.784 seconds
==================================================================================
