
================================================================================
          _____________ ________ _______________ ________     _________         
         / ___________// ______ \\_____   _____// ______ \   / ________)        
        / /_________  / /      \ \     | |     / /      \ \ | (_______          
       |  __________|| |        | |    | |    | |        | | \________ \        
        \ \_________ | |        | |    | |     \ \______/ /___________) |       
         \__________||_|        |_|    |_|      \________//____________/        
                                                                                
====================================[ Qcore ]===================================

 Git hash:   6a88d58d269bf0d2ccfae91583c23a2b072b7633
 Git date:   Tue, 25 May 2021 10:36:49 +0100
 Compiler:   GNU 9.1.0
 Build type: Release
 Version:    1.3.0

 Start time: Wed Jun 16 09:13:39 2021

 Data directory: /newhome/zw18965/.local/qcore/share/entos/1.3.0/data
 Number of threads: 16
 Number of threads was determined by: number of physical cores

 --------------------------------------------------------------------------------
                                   command: hf                                   
 --------------------------------------------------------------------------------
 AO basis set:                           def2-svp
 Number of AO basis functions:          24

 Formula:                                K
 Nuclear charge:                        19.000000000
 Total charge:                           0.000000000
 Number of electrons:                   19.000000000

 Number of alpha electrons:             10
 Number of beta electrons:               9
 Number of unpaired electrons:           1
 Spin:                                   1
 Multiplicity:                           doublet

 Theory:                                 hf
 Method for Coulomb:                     incore_df
 Method for exact exchange:              pre_transformed_df
 Integral threshold:                     1.00e-12
 DF basis set:                           def2-universal-jkfit
 Number of DF basis functions:         160
 Schwarz screening threshold:            1.00e-10
 Coulomb fitting method:                 Cholesky
 Method for AO orthogonalization:        symmetric
 Threshold for linear dependence:        1.00e-08

 -------------------------------------
  Running unrestricted open-shell SCF 
 -------------------------------------
 Max number of iterations:             128
 Conv. threshold (gradient):             1.00e-05
 Conv. threshold (energy):               1.00e-06
 Interpolation scheme:                   adiis+cdiis
 Initial guess:                          H0

 ---------------------------------------------------------------
                  energy        change          grad        time
 ---------------------------------------------------------------
   0      -598.357326717                    4.10e-01        0.00
   1      -599.035605960     -6.78e-01      5.63e-02        0.00
   2      -599.064002074     -2.84e-02      3.87e-02        0.00
   3      -599.075967739     -1.20e-02      1.38e-02        0.00
   4      -599.077426367     -1.46e-03      3.30e-04        0.00
   5      -599.077426483     -1.16e-07      3.01e-05        0.00
   6      -599.077426484     -8.24e-10      4.33e-06        0.00

 SCF converged in 6 iterations.

 Dipole moment (in Debye):               0.000000      -0.000000       0.000000

 Quadrupole moment (in Debye-Angstrom):
                  1            2            3
 1       -23.214967     0.000000    -0.000000
 2         0.000000   -23.215082     0.000000
 3        -0.000000     0.000000   -23.215082

 Spin-squared expectation <S^2>:         0.750
 Total spin quantum number S:            0.500
 TOTAL ENERGY:                        -599.077426484
 Saving results in set 'HF'

 --------------------------------------------------------------------------------
                                command: unsoldw12                               
 --------------------------------------------------------------------------------
 Number of AO basis functions:          24

 DF basis set:                           def2-qzvppd-ri
 Number of DF basis functions:         199

 Unrestricted UW12 calculation:          
 Core spatial orbitals:                  0
 Correlated alpha orbitals:             10
 Correlated beta orbitals:               9

 ------------------
  UW12 Correlation 
 ------------------
 Factor for UW12 correlation:            1.000000000
 Same spin scale factor:                 0.000000000
 Calculate indirect contribution:        false
 Method for three electron term:         df_ri
 Auxiliary RI basis set:                 def2-QZVPPD-ri
 Number of RI basis functions:         199
 Gaussians in geminal expansion:         4
 UW12 screening threshold:               1.00e-10
 Method for density-fitting:             w(r)


 Reference energy:                    -599.077426484
 UW12 correlation energy:               -0.059943569
 Total UW12 energy:                   -599.137370053

 --------------------------------------------------------------------------------

 End time:                               Wed Jun 16 09:13:40 2021
 Total wall-clock time:                  0.335 seconds
==================================================================================
