
================================================================================
          _____________ ________ _______________ ________     _________         
         / ___________// ______ \\_____   _____// ______ \   / ________)        
        / /_________  / /      \ \     | |     / /      \ \ | (_______          
       |  __________|| |        | |    | |    | |        | | \________ \        
        \ \_________ | |        | |    | |     \ \______/ /___________) |       
         \__________||_|        |_|    |_|      \________//____________/        
                                                                                
====================================[ Qcore ]===================================

 Git hash:   6a88d58d269bf0d2ccfae91583c23a2b072b7633
 Git date:   Tue, 25 May 2021 10:36:49 +0100
 Compiler:   GNU 9.1.0
 Build type: Release
 Version:    1.3.0

 Start time: Wed Jun 16 09:13:48 2021

 Data directory: /newhome/zw18965/.local/qcore/share/entos/1.3.0/data
 Number of threads: 16
 Number of threads was determined by: number of physical cores

 --------------------------------------------------------------------------------
                                   command: hf                                   
 --------------------------------------------------------------------------------
 AO basis set:                           def2-svp
 Number of AO basis functions:          31

 Formula:                                Fe
 Nuclear charge:                        26.000000000
 Total charge:                           0.000000000
 Number of electrons:                   26.000000000

 Number of alpha electrons:             15
 Number of beta electrons:              11
 Number of unpaired electrons:           4
 Spin:                                   4
 Multiplicity:                           quintet

 Theory:                                 hf
 Method for Coulomb:                     incore_df
 Method for exact exchange:              pre_transformed_df
 Integral threshold:                     1.00e-12
 DF basis set:                           def2-universal-jkfit
 Number of DF basis functions:         264
 Schwarz screening threshold:            1.00e-10
 Coulomb fitting method:                 Cholesky
 Method for AO orthogonalization:        symmetric
 Threshold for linear dependence:        1.00e-08

 -------------------------------------
  Running unrestricted open-shell SCF 
 -------------------------------------
 Max number of iterations:             128
 Conv. threshold (gradient):             1.00e-05
 Conv. threshold (energy):               1.00e-06
 Interpolation scheme:                   adiis+cdiis
 Initial guess:                          H0

 ---------------------------------------------------------------
                  energy        change          grad        time
 ---------------------------------------------------------------
   0     -1252.716800980                    1.07e+00        0.00
   1     -1253.648864358     -9.32e-01      2.16e+00        0.01
   2     -1259.763633266     -6.11e+00      8.74e-01        0.00
   3     -1262.136651305     -2.37e+00      2.55e-01        0.00
   4     -1262.241529563     -1.05e-01      1.10e-01        0.00
   5     -1262.256922470     -1.54e-02      3.44e-02        0.00
   6     -1262.259718343     -2.80e-03      1.74e-02        0.00
   7     -1262.260551177     -8.33e-04      1.12e-03        0.00
   8     -1262.260556962     -5.78e-06      3.63e-04        0.00
   9     -1262.260557143     -1.81e-07      7.92e-05        0.00
  10     -1262.260557149     -6.08e-09      3.95e-05        0.01
  11     -1262.260557151     -1.95e-09      1.43e-05        0.00
  12     -1262.260557152     -2.43e-10      1.48e-06        0.00

 SCF converged in 12 iterations.

 Dipole moment (in Debye):               0.000000      -0.000000       0.000000

 Quadrupole moment (in Debye-Angstrom):
                  1            2            3
 1       -18.334053    -0.001456     0.170373
 2        -0.001456   -18.823027    -0.060038
 3         0.170373    -0.060038   -18.576609

 Spin-squared expectation <S^2>:         6.015
 Total spin quantum number S:            2.003
 TOTAL ENERGY:                       -1262.260557152
 Saving results in set 'HF'

 --------------------------------------------------------------------------------
                                command: unsoldw12                               
 --------------------------------------------------------------------------------
 Number of AO basis functions:          31

 DF basis set:                           def2-qzvppd-ri
 Number of DF basis functions:         309

 Unrestricted UW12 calculation:          
 Core spatial orbitals:                  0
 Correlated alpha orbitals:             15
 Correlated beta orbitals:              11

 ------------------
  UW12 Correlation 
 ------------------
 Factor for UW12 correlation:            1.000000000
 Same spin scale factor:                 0.000000000
 Calculate indirect contribution:        false
 Method for three electron term:         df_ri
 Auxiliary RI basis set:                 def2-QZVPPD-ri
 Number of RI basis functions:         309
 Gaussians in geminal expansion:         4
 UW12 screening threshold:               1.00e-10
 Method for density-fitting:             w(r)


 Reference energy:                   -1262.260557152
 UW12 correlation energy:               -0.086886831
 Total UW12 energy:                  -1262.347443983

 --------------------------------------------------------------------------------

 End time:                               Wed Jun 16 09:13:49 2021
 Total wall-clock time:                  1.218 seconds
==================================================================================
