
================================================================================
          _____________ ________ _______________ ________     _________         
         / ___________// ______ \\_____   _____// ______ \   / ________)        
        / /_________  / /      \ \     | |     / /      \ \ | (_______          
       |  __________|| |        | |    | |    | |        | | \________ \        
        \ \_________ | |        | |    | |     \ \______/ /___________) |       
         \__________||_|        |_|    |_|      \________//____________/        
                                                                                
====================================[ Qcore ]===================================

 Git hash:   6a88d58d269bf0d2ccfae91583c23a2b072b7633
 Git date:   Tue, 25 May 2021 10:36:49 +0100
 Compiler:   GNU 9.1.0
 Build type: Release
 Version:    1.3.0

 Start time: Wed Jun 16 09:13:49 2021

 Data directory: /newhome/zw18965/.local/qcore/share/entos/1.3.0/data
 Number of threads: 16
 Number of threads was determined by: number of physical cores

 --------------------------------------------------------------------------------
                                   command: hf                                   
 --------------------------------------------------------------------------------
 AO basis set:                           def2-svp
 Number of AO basis functions:          31

 Formula:                                Co
 Nuclear charge:                        27.000000000
 Total charge:                           0.000000000
 Number of electrons:                   27.000000000

 Number of alpha electrons:             15
 Number of beta electrons:              12
 Number of unpaired electrons:           3
 Spin:                                   3
 Multiplicity:                           quartet

 Theory:                                 hf
 Method for Coulomb:                     incore_df
 Method for exact exchange:              pre_transformed_df
 Integral threshold:                     1.00e-12
 DF basis set:                           def2-universal-jkfit
 Number of DF basis functions:         264
 Schwarz screening threshold:            1.00e-10
 Coulomb fitting method:                 Cholesky
 Method for AO orthogonalization:        symmetric
 Threshold for linear dependence:        1.00e-08

 -------------------------------------
  Running unrestricted open-shell SCF 
 -------------------------------------
 Max number of iterations:             128
 Conv. threshold (gradient):             1.00e-05
 Conv. threshold (energy):               1.00e-06
 Interpolation scheme:                   adiis+cdiis
 Initial guess:                          H0

 ---------------------------------------------------------------
                  energy        change          grad        time
 ---------------------------------------------------------------
   0     -1369.732954437                    1.15e+00        0.00
   1     -1369.075555764      6.57e-01      2.65e+00        0.00
   2     -1377.922711527     -8.85e+00      1.08e+00        0.00
   3     -1381.048723655     -3.13e+00      1.25e-01        0.00
   4     -1381.072263179     -2.35e-02      5.12e-02        0.00
   5     -1381.078450149     -6.19e-03      4.89e-02        0.00
   6     -1381.083141168     -4.69e-03      5.16e-02        0.00
   7     -1381.082521575      6.20e-04      5.13e-02        0.00
   8     -1381.067080883      1.54e-02      4.44e-02        0.00
   9     -1381.066977907      1.03e-04      4.62e-02        0.00
  10     -1381.065572211      1.41e-03      2.97e-02        0.00
  11     -1381.065271900      3.00e-04      2.76e-02        0.00
  12     -1381.065228358      4.35e-05      2.84e-02        0.00
  13     -1381.065505398     -2.77e-04      1.96e-02        0.00
  14     -1381.065529835     -2.44e-05      9.85e-03        0.00
  15     -1381.065383364      1.46e-04      7.25e-03        0.00
  16     -1381.065208564      1.75e-04      3.14e-03        0.00
  17     -1381.065212941     -4.38e-06      3.27e-03        0.00
  18     -1381.065220717     -7.78e-06      3.57e-03        0.00
  19     -1381.065174514      4.62e-05      1.90e-03        0.00
  20     -1381.065159493      1.50e-05      8.36e-04        0.00
  21     -1381.065159728     -2.35e-07      8.70e-04        0.00
  22     -1381.065160355     -6.27e-07      9.44e-04        0.00
  23     -1381.065157163      3.19e-06      5.44e-04        0.00
  24     -1381.065155963      1.20e-06      3.66e-04        0.00
  25     -1381.065155697      2.67e-07      2.64e-04        0.00
  26     -1381.065155641      5.58e-08      1.75e-04        0.00
  27     -1381.065155685     -4.44e-08      1.67e-04        0.00
  28     -1381.065155721     -3.58e-08      1.65e-04        0.00
  29     -1381.065155781     -6.02e-08      1.57e-04        0.01
  30     -1381.065155865     -8.38e-08      1.48e-04        0.00
  31     -1381.065155917     -5.22e-08      1.43e-04        0.00
  32     -1381.065155910      7.92e-09      1.43e-04        0.00
  33     -1381.065156120     -2.10e-07      1.15e-04        0.00
  34     -1381.065156258     -1.38e-07      9.85e-05        0.00
  35     -1381.065156282     -2.46e-08      9.74e-05        0.00
  36     -1381.065156277      5.07e-09      9.82e-05        0.00
  37     -1381.065156350     -7.26e-08      7.25e-05        0.00
  38     -1381.065156396     -4.63e-08      5.84e-05        0.00
  39     -1381.065156455     -5.86e-08      4.14e-05        0.00
  40     -1381.065156457     -2.29e-09      4.09e-05        0.00
  41     -1381.065156456      9.07e-10      4.20e-05        0.00
  42     -1381.065156458     -2.13e-09      4.39e-05        0.00
  43     -1381.065156452      6.00e-09      3.57e-05        0.00
  44     -1381.065156455     -2.20e-09      3.57e-05        0.00
  45     -1381.065156457     -2.52e-09      2.77e-05        0.00
  46     -1381.065156456      1.47e-09      1.33e-05        0.00
  47     -1381.065156455      8.10e-10      1.44e-05        0.00
  48     -1381.065156455     -2.98e-10      1.25e-05        0.00
  49     -1381.065156455      7.96e-11      8.90e-06        0.00

 SCF converged in 49 iterations.

 Dipole moment (in Debye):              -0.000000      -0.000000      -0.000000

 Quadrupole moment (in Debye-Angstrom):
                  1            2            3
 1       -15.832321     0.415306     0.311384
 2         0.415306   -15.169407    -0.149867
 3         0.311384    -0.149867   -15.081879

 Spin-squared expectation <S^2>:         3.752
 Total spin quantum number S:            1.500
 TOTAL ENERGY:                       -1381.065156455
 Saving results in set 'HF'

 --------------------------------------------------------------------------------
                                command: unsoldw12                               
 --------------------------------------------------------------------------------
 Number of AO basis functions:          31

 DF basis set:                           def2-qzvppd-ri
 Number of DF basis functions:         309

 Unrestricted UW12 calculation:          
 Core spatial orbitals:                  0
 Correlated alpha orbitals:             15
 Correlated beta orbitals:              12

 ------------------
  UW12 Correlation 
 ------------------
 Factor for UW12 correlation:            1.000000000
 Same spin scale factor:                 0.000000000
 Calculate indirect contribution:        false
 Method for three electron term:         df_ri
 Auxiliary RI basis set:                 def2-QZVPPD-ri
 Number of RI basis functions:         309
 Gaussians in geminal expansion:         4
 UW12 screening threshold:               1.00e-10
 Method for density-fitting:             w(r)


 Reference energy:                   -1381.065156455
 UW12 correlation energy:               -0.093282550
 Total UW12 energy:                  -1381.158439005

 --------------------------------------------------------------------------------

 End time:                               Wed Jun 16 09:13:50 2021
 Total wall-clock time:                  1.406 seconds
==================================================================================
