
================================================================================
          _____________ ________ _______________ ________     _________         
         / ___________// ______ \\_____   _____// ______ \   / ________)        
        / /_________  / /      \ \     | |     / /      \ \ | (_______          
       |  __________|| |        | |    | |    | |        | | \________ \        
        \ \_________ | |        | |    | |     \ \______/ /___________) |       
         \__________||_|        |_|    |_|      \________//____________/        
                                                                                
====================================[ Qcore ]===================================

 Git hash:   6a88d58d269bf0d2ccfae91583c23a2b072b7633
 Git date:   Tue, 25 May 2021 10:36:49 +0100
 Compiler:   GNU 9.1.0
 Build type: Release
 Version:    1.3.0

 Start time: Wed Jun 16 09:26:44 2021

 Data directory: /newhome/zw18965/.local/qcore/share/entos/1.3.0/data
 Number of threads: 16
 Number of threads was determined by: number of physical cores

 --------------------------------------------------------------------------------
                                   command: dft                                  
 --------------------------------------------------------------------------------
 AO basis set:                           def2-svp
 Number of AO basis functions:          32
 ECP on atom 1 (La):                     46 electrons

 Formula:                                La
 Nuclear charge:                        57.000000000
 Total charge:                           0.000000000
 Number of core electrons:              46
 Number of treated electrons:           11

 Number of alpha electrons:              6
 Number of beta electrons:               5
 Number of unpaired electrons:           1
 Spin:                                   1
 Multiplicity:                           doublet

 Theory:                                 dft
 Exchange-correlation functional:        blyp
 Method for Coulomb:                     incore_df
 Integral threshold:                     1.00e-12
 DF basis set:                           def2-universal-jkfit
 Number of DF basis functions:         227
 Schwarz screening threshold:            1.00e-10
 Coulomb fitting method:                 Cholesky
 Total number of grid points:         8976
 Method for AO orthogonalization:        symmetric
 Threshold for linear dependence:        1.00e-08

 -------------------------------------
  Running unrestricted open-shell SCF 
 -------------------------------------
 Max number of iterations:             128
 Conv. threshold (gradient):             1.00e-05
 Conv. threshold (energy):               1.00e-06
 Interpolation scheme:                   adiis+cdiis
 Initial guess:                          SAD

 ---------------------------------------------------------------
                  energy        change          grad        time
 ---------------------------------------------------------------
   0       -31.435797068                    2.50e-04        0.02
   1       -31.443238742     -7.44e-03      3.65e-02        0.02
   2       -31.444653298     -1.41e-03      3.00e-02        0.01
   3       -31.447957603     -3.30e-03      7.20e-03        0.02
   4       -31.449241479     -1.28e-03      5.32e-03        0.01
   5       -31.449598164     -3.57e-04      4.32e-03        0.02
   6       -31.449840135     -2.42e-04      1.12e-03        0.02
   7       -31.449843852     -3.72e-06      3.20e-04        0.02
   8       -31.449844119     -2.67e-07      8.50e-05        0.02
   9       -31.449844200     -8.09e-08      3.11e-05        0.01
  10       -31.449844208     -8.53e-09      1.04e-05        0.01
  11       -31.449844209     -7.53e-10      2.73e-06        0.02

 SCF converged in 11 iterations.

 Dipole moment (in Debye):               0.000004       0.000004      -0.000002

 Quadrupole moment (in Debye-Angstrom):
                  1            2            3
 1       -36.495609     0.000000     0.000000
 2         0.000000   -36.495609     0.000000
 3         0.000000     0.000000   -36.779300

 Spin-squared expectation <S^2>:         1.241
 Total spin quantum number S:            0.721
 TOTAL ENERGY:                         -31.449844209
 Saving results in set 'guess'

 --------------------------------------------------------------------------------
                                   command: hf                                   
 --------------------------------------------------------------------------------
 AO basis set:                           def2-svp
 Number of AO basis functions:          32
 ECP on atom 1 (La):                     46 electrons

 Formula:                                La
 Nuclear charge:                        57.000000000
 Total charge:                           0.000000000
 Number of core electrons:              46
 Number of treated electrons:           11

 Number of alpha electrons:              6
 Number of beta electrons:               5
 Number of unpaired electrons:           1
 Spin:                                   1
 Multiplicity:                           doublet

 Theory:                                 hf
 Method for Coulomb:                     incore_df
 Method for exact exchange:              pre_transformed_df
 Integral threshold:                     1.00e-12
 DF basis set:                           def2-universal-jkfit
 Number of DF basis functions:         227
 Schwarz screening threshold:            1.00e-10
 Coulomb fitting method:                 Cholesky
 Method for AO orthogonalization:        symmetric
 Threshold for linear dependence:        1.00e-08

 -------------------------------------
  Running unrestricted open-shell SCF 
 -------------------------------------
 Max number of iterations:             128
 Conv. threshold (gradient):             1.00e-05
 Conv. threshold (energy):               1.00e-06
 Interpolation scheme:                   adiis+cdiis

 ---------------------------------------------------------------
                  energy        change          grad        time
 ---------------------------------------------------------------
   0       -31.077080400                    1.05e-01        0.00
   1       -31.082388284     -5.31e-03      9.07e-03        0.00
   2       -31.082978959     -5.91e-04      5.15e-03        0.00
   3       -31.083221022     -2.42e-04      3.47e-03        0.00
   4       -31.083323896     -1.03e-04      2.32e-03        0.00
   5       -31.083383742     -5.98e-05      1.59e-03        0.00
   6       -31.083422387     -3.86e-05      5.91e-04        0.00
   7       -31.083423868     -1.48e-06      3.97e-04        0.00
   8       -31.083425145     -1.28e-06      1.79e-04        0.00
   9       -31.083425552     -4.07e-07      2.19e-05        0.00
  10       -31.083425554     -2.58e-09      5.31e-06        0.00

 SCF converged in 10 iterations.

 Dipole moment (in Debye):              -0.000001      -0.000001       0.000002

 Quadrupole moment (in Debye-Angstrom):
                  1            2            3
 1       -37.333061     0.000000     0.000000
 2         0.000000   -37.333061     0.000000
 3         0.000000     0.000000   -38.318434

 Spin-squared expectation <S^2>:         1.405
 Total spin quantum number S:            0.787
 TOTAL ENERGY:                         -31.083425554
 Saving results in set 'HF'

 --------------------------------------------------------------------------------
                                command: unsoldw12                               
 --------------------------------------------------------------------------------
 Number of AO basis functions:          32

 DF basis set:                           def2-qzvppd-ri
 Number of DF basis functions:         252

 Unrestricted UW12 calculation:          
 Core spatial orbitals:                  0
 Correlated alpha orbitals:              6
 Correlated beta orbitals:               5

 ------------------
  UW12 Correlation 
 ------------------
 Factor for UW12 correlation:            1.000000000
 Same spin scale factor:                 0.000000000
 Calculate indirect contribution:        false
 Method for three electron term:         df_ri
 Auxiliary RI basis set:                 def2-QZVPPD-ri
 Number of RI basis functions:         252
 Gaussians in geminal expansion:         4
 UW12 screening threshold:               1.00e-10
 Method for density-fitting:             w(r)


 Reference energy:                     -31.083425554
 UW12 correlation energy:               -0.055654514
 Total UW12 energy:                    -31.139080069

 --------------------------------------------------------------------------------

 End time:                               Wed Jun 16 09:26:46 2021
 Total wall-clock time:                  2.186 seconds
==================================================================================
