
================================================================================
          _____________ ________ _______________ ________     _________         
         / ___________// ______ \\_____   _____// ______ \   / ________)        
        / /_________  / /      \ \     | |     / /      \ \ | (_______          
       |  __________|| |        | |    | |    | |        | | \________ \        
        \ \_________ | |        | |    | |     \ \______/ /___________) |       
         \__________||_|        |_|    |_|      \________//____________/        
                                                                                
====================================[ Qcore ]===================================

 Git hash:   6a88d58d269bf0d2ccfae91583c23a2b072b7633
 Git date:   Tue, 25 May 2021 10:36:49 +0100
 Compiler:   GNU 9.1.0
 Build type: Release
 Version:    1.3.0

 Start time: Wed Jun 16 09:26:59 2021

 Data directory: /newhome/zw18965/.local/qcore/share/entos/1.3.0/data
 Number of threads: 16
 Number of threads was determined by: number of physical cores

 --------------------------------------------------------------------------------
                                   command: hf                                   
 --------------------------------------------------------------------------------
 AO basis set:                           def2-svp
 Number of AO basis functions:          32
 ECP on atom 1 (Au):                     60 electrons

 Formula:                                Au
 Nuclear charge:                        79.000000000
 Total charge:                           0.000000000
 Number of core electrons:              60
 Number of treated electrons:           19

 Number of alpha electrons:             10
 Number of beta electrons:               9
 Number of unpaired electrons:           1
 Spin:                                   1
 Multiplicity:                           doublet

 Theory:                                 hf
 Method for Coulomb:                     incore_df
 Method for exact exchange:              pre_transformed_df
 Integral threshold:                     1.00e-12
 DF basis set:                           def2-universal-jkfit
 Number of DF basis functions:         247
 Schwarz screening threshold:            1.00e-10
 Coulomb fitting method:                 Cholesky
 Method for AO orthogonalization:        symmetric
 Threshold for linear dependence:        1.00e-08

 -------------------------------------
  Running unrestricted open-shell SCF 
 -------------------------------------
 Max number of iterations:             128
 Conv. threshold (gradient):             1.00e-05
 Conv. threshold (energy):               1.00e-06
 Interpolation scheme:                   adiis+cdiis
 Initial guess:                          H0

 ---------------------------------------------------------------
                  energy        change          grad        time
 ---------------------------------------------------------------
   0      -130.488220504                    2.33e+00        0.00
   1      -123.905275450      6.58e+00      1.51e+00        0.00
   2      -132.867729702     -8.96e+00      1.63e+00        0.00
   3      -134.714474188     -1.85e+00      1.87e-01        0.00
   4      -134.764774132     -5.03e-02      1.40e-01        0.00
   5      -134.780144555     -1.54e-02      4.43e-02        0.00
   6      -134.783759991     -3.62e-03      3.29e-02        0.00
   7      -134.785138037     -1.38e-03      2.09e-03        0.00
   8      -134.785144996     -6.96e-06      1.44e-03        0.00
   9      -134.785152030     -7.03e-06      1.49e-04        0.00
  10      -134.785152112     -8.20e-08      2.21e-05        0.00
  11      -134.785152113     -1.01e-09      3.73e-06        0.00

 SCF converged in 11 iterations.

 Dipole moment (in Debye):               0.000000       0.000000       0.000000

 Quadrupole moment (in Debye-Angstrom):
                  1            2            3
 1       -22.968895    -0.000000    -0.000000
 2        -0.000000   -22.968896     0.000000
 3        -0.000000     0.000000   -22.968900

 Spin-squared expectation <S^2>:         0.753
 Total spin quantum number S:            0.501
 TOTAL ENERGY:                        -134.785152113
 Saving results in set 'HF'

 --------------------------------------------------------------------------------
                                command: unsoldw12                               
 --------------------------------------------------------------------------------
 Number of AO basis functions:          32

 DF basis set:                           def2-qzvppd-ri
 Number of DF basis functions:         252

 Unrestricted UW12 calculation:          
 Core spatial orbitals:                  0
 Correlated alpha orbitals:             10
 Correlated beta orbitals:               9

 ------------------
  UW12 Correlation 
 ------------------
 Factor for UW12 correlation:            1.000000000
 Same spin scale factor:                 0.000000000
 Calculate indirect contribution:        false
 Method for three electron term:         df_ri
 Auxiliary RI basis set:                 def2-QZVPPD-ri
 Number of RI basis functions:         252
 Gaussians in geminal expansion:         4
 UW12 screening threshold:               1.00e-10
 Method for density-fitting:             w(r)


 Reference energy:                    -134.785152113
 UW12 correlation energy:               -0.133285633
 Total UW12 energy:                   -134.918437746

 --------------------------------------------------------------------------------

 End time:                               Wed Jun 16 09:27:01 2021
 Total wall-clock time:                  1.463 seconds
==================================================================================
