
================================================================================
          _____________ ________ _______________ ________     _________         
         / ___________// ______ \\_____   _____// ______ \   / ________)        
        / /_________  / /      \ \     | |     / /      \ \ | (_______          
       |  __________|| |        | |    | |    | |        | | \________ \        
        \ \_________ | |        | |    | |     \ \______/ /___________) |       
         \__________||_|        |_|    |_|      \________//____________/        
                                                                                
====================================[ Qcore ]===================================

 Git hash:   6a88d58d269bf0d2ccfae91583c23a2b072b7633
 Git date:   Tue, 25 May 2021 10:36:49 +0100
 Compiler:   GNU 9.1.0
 Build type: Release
 Version:    1.3.0

 Start time: Wed Jun 16 09:27:04 2021

 Data directory: /newhome/zw18965/.local/qcore/share/entos/1.3.0/data
 Number of threads: 16
 Number of threads was determined by: number of physical cores

 --------------------------------------------------------------------------------
                                   command: hf                                   
 --------------------------------------------------------------------------------
 AO basis set:                           def2-svp
 Number of AO basis functions:          26
 ECP on atom 1 (Pb):                     60 electrons

 Formula:                                Pb
 Nuclear charge:                        82.000000000
 Total charge:                           0.000000000
 Number of core electrons:              60
 Number of treated electrons:           22

 Number of alpha electrons:             12
 Number of beta electrons:              10
 Number of unpaired electrons:           2
 Spin:                                   2
 Multiplicity:                           triplet

 Theory:                                 hf
 Method for Coulomb:                     incore_df
 Method for exact exchange:              pre_transformed_df
 Integral threshold:                     1.00e-12
 DF basis set:                           def2-universal-jkfit
 Number of DF basis functions:         251
 Schwarz screening threshold:            1.00e-10
 Coulomb fitting method:                 Cholesky
 Method for AO orthogonalization:        symmetric
 Threshold for linear dependence:        1.00e-08

 -------------------------------------
  Running unrestricted open-shell SCF 
 -------------------------------------
 Max number of iterations:             128
 Conv. threshold (gradient):             1.00e-05
 Conv. threshold (energy):               1.00e-06
 Interpolation scheme:                   adiis+cdiis
 Initial guess:                          H0

 ---------------------------------------------------------------
                  energy        change          grad        time
 ---------------------------------------------------------------
   0      -188.814502029                    3.94e+00        0.00
   1      -191.715791530     -2.90e+00      2.47e-01        0.00
   2      -191.824297848     -1.09e-01      8.06e-02        0.00
   3      -191.832620648     -8.32e-03      1.73e-02        0.00
   4      -191.833321630     -7.01e-04      3.85e-03        0.00
   5      -191.833349111     -2.75e-05      7.38e-04        0.00
   6      -191.833349829     -7.18e-07      1.11e-04        0.00
   7      -191.833349840     -1.13e-08      8.96e-06        0.00

 SCF converged in 7 iterations.

 Dipole moment (in Debye):              -0.000000       0.000000      -0.000000

 Quadrupole moment (in Debye-Angstrom):
                  1            2            3
 1       -32.076490    -0.114502     0.005063
 2        -0.114502   -25.206956    -0.303840
 3         0.005063    -0.303840   -32.064963

 Spin-squared expectation <S^2>:         2.010
 Total spin quantum number S:            1.003
 TOTAL ENERGY:                        -191.833349840
 Saving results in set 'HF'

 --------------------------------------------------------------------------------
                                command: unsoldw12                               
 --------------------------------------------------------------------------------
 Number of AO basis functions:          26

 DF basis set:                           def2-qzvppd-ri
 Number of DF basis functions:         281

 Unrestricted UW12 calculation:          
 Core spatial orbitals:                  0
 Correlated alpha orbitals:             12
 Correlated beta orbitals:              10

 ------------------
  UW12 Correlation 
 ------------------
 Factor for UW12 correlation:            1.000000000
 Same spin scale factor:                 0.000000000
 Calculate indirect contribution:        false
 Method for three electron term:         df_ri
 Auxiliary RI basis set:                 def2-QZVPPD-ri
 Number of RI basis functions:         281
 Gaussians in geminal expansion:         4
 UW12 screening threshold:               1.00e-10
 Method for density-fitting:             w(r)


 Reference energy:                    -191.833349840
 UW12 correlation energy:               -0.147438172
 Total UW12 energy:                   -191.980788012

 --------------------------------------------------------------------------------

 End time:                               Wed Jun 16 09:27:07 2021
 Total wall-clock time:                  2.225 seconds
==================================================================================
