
================================================================================
          _____________ ________ _______________ ________     _________         
         / ___________// ______ \\_____   _____// ______ \   / ________)        
        / /_________  / /      \ \     | |     / /      \ \ | (_______          
       |  __________|| |        | |    | |    | |        | | \________ \        
        \ \_________ | |        | |    | |     \ \______/ /___________) |       
         \__________||_|        |_|    |_|      \________//____________/        
                                                                                
====================================[ Qcore ]===================================

 Git hash:   6a88d58d269bf0d2ccfae91583c23a2b072b7633
 Git date:   Tue, 25 May 2021 10:36:49 +0100
 Compiler:   GNU 9.1.0
 Build type: Release
 Version:    1.3.0

 Start time: Wed Jun 16 09:32:24 2021

 Data directory: /newhome/zw18965/.local/qcore/share/entos/1.3.0/data
 Number of threads: 16
 Number of threads was determined by: number of physical cores

 --------------------------------------------------------------------------------
                                   command: hf                                   
 --------------------------------------------------------------------------------
 AO basis set:                           def2-tzvp
 Number of AO basis functions:          50
 ECP on atom 1 (Sb):                     28 electrons

 Formula:                                Sb
 Nuclear charge:                        51.000000000
 Total charge:                           0.000000000
 Number of core electrons:              28
 Number of treated electrons:           23

 Number of alpha electrons:             13
 Number of beta electrons:              10
 Number of unpaired electrons:           3
 Spin:                                   3
 Multiplicity:                           quartet

 Theory:                                 hf
 Method for Coulomb:                     incore_df
 Method for exact exchange:              pre_transformed_df
 Integral threshold:                     1.00e-12
 DF basis set:                           def2-universal-jkfit
 Number of DF basis functions:         218
 Schwarz screening threshold:            1.00e-10
 Coulomb fitting method:                 Cholesky
 Method for AO orthogonalization:        symmetric
 Threshold for linear dependence:        1.00e-08

 -------------------------------------
  Running unrestricted open-shell SCF 
 -------------------------------------
 Max number of iterations:             128
 Conv. threshold (gradient):             1.00e-05
 Conv. threshold (energy):               1.00e-06
 Interpolation scheme:                   adiis+cdiis
 Initial guess:                          H0

 ---------------------------------------------------------------
                  energy        change          grad        time
 ---------------------------------------------------------------
   0      -220.940428669                    4.72e+00        0.00
   1      -205.984766141      1.50e+01      4.89e+00        0.01
   2      -233.737652551     -2.78e+01      3.46e+00        0.01
   3      -238.689078979     -4.95e+00      6.44e-01        0.01
   4      -239.188469529     -4.99e-01      3.86e-01        0.01
   5      -239.263881285     -7.54e-02      1.11e-01        0.01
   6      -239.275395843     -1.15e-02      5.01e-02        0.01
   7      -239.276998125     -1.60e-03      1.79e-02        0.01
   8      -239.277270815     -2.73e-04      3.63e-04        0.01
   9      -239.277270956     -1.42e-07      2.52e-05        0.01
  10      -239.277270958     -1.49e-09      3.38e-06        0.01

 SCF converged in 10 iterations.

 Dipole moment (in Debye):              -0.000000       0.000000      -0.000000

 Quadrupole moment (in Debye-Angstrom):
                  1            2            3
 1       -26.579827    -0.000001     0.000002
 2        -0.000001   -26.579823    -0.000002
 3         0.000002    -0.000002   -26.579819

 Spin-squared expectation <S^2>:         3.752
 Total spin quantum number S:            1.501
 TOTAL ENERGY:                        -239.277270958
 Saving results in set 'HF'

 --------------------------------------------------------------------------------
                                command: unsoldw12                               
 --------------------------------------------------------------------------------
 Number of AO basis functions:          50

 DF basis set:                           def2-qzvppd-ri
 Number of DF basis functions:         292


 --------------------------
  Virtual UW12 Correlation 
 --------------------------
 Unrestricted MP2 calculation:           
 Core spatial orbitals:                  0
 Correlated alpha orbitals:             13
 Correlated beta orbitals:              10
 Virtual alpha orbitals:                37
 Virtual beta orbitals:                 40

 Opposite spin energy:                  -0.084551520

 Reference energy:                    -239.277270958
 UW12 correlation energy:               -0.084551520
 Total UW12 energy:                   -239.361822478

 --------------------------------------------------------------------------------

 End time:                               Wed Jun 16 09:32:26 2021
 Total wall-clock time:                  1.478 seconds
==================================================================================
