
================================================================================
          _____________ ________ _______________ ________     _________         
         / ___________// ______ \\_____   _____// ______ \   / ________)        
        / /_________  / /      \ \     | |     / /      \ \ | (_______          
       |  __________|| |        | |    | |    | |        | | \________ \        
        \ \_________ | |        | |    | |     \ \______/ /___________) |       
         \__________||_|        |_|    |_|      \________//____________/        
                                                                                
====================================[ Qcore ]===================================

 Git hash:   6a88d58d269bf0d2ccfae91583c23a2b072b7633
 Git date:   Tue, 25 May 2021 10:36:49 +0100
 Compiler:   GNU 9.1.0
 Build type: Release
 Version:    1.3.0

 Start time: Wed Jun 16 09:32:36 2021

 Data directory: /newhome/zw18965/.local/qcore/share/entos/1.3.0/data
 Number of threads: 16
 Number of threads was determined by: number of physical cores

 --------------------------------------------------------------------------------
                                   command: hf                                   
 --------------------------------------------------------------------------------
 AO basis set:                           def2-tzvp
 Number of AO basis functions:          40
 ECP on atom 1 (Pt):                     60 electrons

 Formula:                                Pt
 Nuclear charge:                        78.000000000
 Total charge:                           0.000000000
 Number of core electrons:              60
 Number of treated electrons:           18

 Number of alpha electrons:             10
 Number of beta electrons:               8
 Number of unpaired electrons:           2
 Spin:                                   2
 Multiplicity:                           triplet

 Theory:                                 hf
 Method for Coulomb:                     incore_df
 Method for exact exchange:              pre_transformed_df
 Integral threshold:                     1.00e-12
 DF basis set:                           def2-universal-jkfit
 Number of DF basis functions:         227
 Schwarz screening threshold:            1.00e-10
 Coulomb fitting method:                 Cholesky
 Method for AO orthogonalization:        symmetric
 Threshold for linear dependence:        1.00e-08

 -------------------------------------
  Running unrestricted open-shell SCF 
 -------------------------------------
 Max number of iterations:             128
 Conv. threshold (gradient):             1.00e-05
 Conv. threshold (energy):               1.00e-06
 Interpolation scheme:                   adiis+cdiis
 Initial guess:                          H0

 ---------------------------------------------------------------
                  energy        change          grad        time
 ---------------------------------------------------------------
   0      -110.748840495                    2.57e+00        0.00
   1      -105.567733607      5.18e+00      2.11e+00        0.00
   2      -114.761062412     -9.19e+00      2.03e+00        0.00
   3      -118.370098638     -3.61e+00      2.07e-01        0.00
   4      -118.391510723     -2.14e-02      7.52e-02        0.00
   5      -118.395523268     -4.01e-03      3.66e-02        0.00
   6      -118.397505211     -1.98e-03      6.62e-03        0.00
   7      -118.397558965     -5.38e-05      1.56e-03        0.00
   8      -118.397561970     -3.01e-06      9.95e-04        0.00
   9      -118.397563216     -1.25e-06      7.87e-04        0.00
  10      -118.397565199     -1.98e-06      3.46e-04        0.00
  11      -118.397565807     -6.08e-07      3.11e-04        0.00
  12      -118.397565904     -9.71e-08      3.11e-04        0.00
  13      -118.397565990     -8.57e-08      3.09e-04        0.00
  14      -118.397566981     -9.91e-07      3.04e-04        0.00
  15      -118.397578372     -1.14e-05      6.13e-04        0.00
  16      -118.397576204      2.17e-06      3.70e-04        0.00
  17      -118.397575150      1.05e-06      3.02e-04        0.00
  18      -118.397581523     -6.37e-06      1.13e-03        0.00
  19      -118.397581562     -3.88e-08      9.63e-04        0.00
  20      -118.397582950     -1.39e-06      5.83e-04        0.00
  21      -118.397583628     -6.78e-07      4.41e-04        0.00
  22      -118.397583717     -8.89e-08      3.44e-04        0.00
  23      -118.397583809     -9.21e-08      1.16e-04        0.00
  24      -118.397583818     -9.32e-09      5.03e-05        0.00
  25      -118.397583820     -1.55e-09      1.82e-05        0.00
  26      -118.397583820     -4.53e-10      7.63e-06        0.00

 SCF converged in 26 iterations.

 Dipole moment (in Debye):              -0.000000       0.000000       0.000000

 Quadrupole moment (in Debye-Angstrom):
                  1            2            3
 1       -23.027445     0.519067     0.096766
 2         0.519067   -24.092503    -0.237920
 3         0.096766    -0.237920   -22.860679

 Spin-squared expectation <S^2>:         2.003
 Total spin quantum number S:            1.001
 TOTAL ENERGY:                        -118.397583820
 Saving results in set 'HF'

 --------------------------------------------------------------------------------
                                command: unsoldw12                               
 --------------------------------------------------------------------------------
 Number of AO basis functions:          40

 DF basis set:                           def2-qzvppd-ri
 Number of DF basis functions:         252


 --------------------------
  Virtual UW12 Correlation 
 --------------------------
 Unrestricted MP2 calculation:           
 Core spatial orbitals:                  0
 Correlated alpha orbitals:             10
 Correlated beta orbitals:               8
 Virtual alpha orbitals:                30
 Virtual beta orbitals:                 32

 Opposite spin energy:                  -0.097140811

 Reference energy:                    -118.397583820
 UW12 correlation energy:               -0.097140811
 Total UW12 energy:                   -118.494724631

 --------------------------------------------------------------------------------

 End time:                               Wed Jun 16 09:32:37 2021
 Total wall-clock time:                  0.524 seconds
==================================================================================
