
================================================================================
          _____________ ________ _______________ ________     _________         
         / ___________// ______ \\_____   _____// ______ \   / ________)        
        / /_________  / /      \ \     | |     / /      \ \ | (_______          
       |  __________|| |        | |    | |    | |        | | \________ \        
        \ \_________ | |        | |    | |     \ \______/ /___________) |       
         \__________||_|        |_|    |_|      \________//____________/        
                                                                                
====================================[ Qcore ]===================================

 Git hash:   6a88d58d269bf0d2ccfae91583c23a2b072b7633
 Git date:   Tue, 25 May 2021 10:36:49 +0100
 Compiler:   GNU 9.1.0
 Build type: Release
 Version:    1.3.0

 Start time: Wed Jun 16 09:32:41 2021

 Data directory: /newhome/zw18965/.local/qcore/share/entos/1.3.0/data
 Number of threads: 16
 Number of threads was determined by: number of physical cores

 --------------------------------------------------------------------------------
                                   command: hf                                   
 --------------------------------------------------------------------------------
 AO basis set:                           def2-tzvp
 Number of AO basis functions:          50
 ECP on atom 1 (Bi):                     60 electrons

 Formula:                                Bi
 Nuclear charge:                        83.000000000
 Total charge:                           0.000000000
 Number of core electrons:              60
 Number of treated electrons:           23

 Number of alpha electrons:             13
 Number of beta electrons:              10
 Number of unpaired electrons:           3
 Spin:                                   3
 Multiplicity:                           quartet

 Theory:                                 hf
 Method for Coulomb:                     incore_df
 Method for exact exchange:              pre_transformed_df
 Integral threshold:                     1.00e-12
 DF basis set:                           def2-universal-jkfit
 Number of DF basis functions:         251
 Schwarz screening threshold:            1.00e-10
 Coulomb fitting method:                 Cholesky
 Method for AO orthogonalization:        symmetric
 Threshold for linear dependence:        1.00e-08

 -------------------------------------
  Running unrestricted open-shell SCF 
 -------------------------------------
 Max number of iterations:             128
 Conv. threshold (gradient):             1.00e-05
 Conv. threshold (energy):               1.00e-06
 Interpolation scheme:                   adiis+cdiis
 Initial guess:                          H0

 ---------------------------------------------------------------
                  energy        change          grad        time
 ---------------------------------------------------------------
   0      -198.036556452                    3.84e+00        0.01
   1      -190.493054571      7.54e+00      3.76e+00        0.01
   2      -209.518303148     -1.90e+01      2.48e+00        0.01
   3      -213.123356030     -3.61e+00      5.35e-01        0.01
   4      -213.522871057     -4.00e-01      3.08e-01        0.01
   5      -213.583206089     -6.03e-02      9.20e-02        0.01
   6      -213.592295708     -9.09e-03      4.06e-02        0.01
   7      -213.593745453     -1.45e-03      1.30e-03        0.01
   8      -213.593747027     -1.57e-06      1.85e-04        0.01
   9      -213.593747064     -3.73e-08      1.48e-05        0.01
  10      -213.593747064     -2.20e-10      3.44e-06        0.01

 SCF converged in 10 iterations.

 Dipole moment (in Debye):              -0.000000       0.000000      -0.000000

 Quadrupole moment (in Debye-Angstrom):
                  1            2            3
 1       -30.402192    -0.000002    -0.000002
 2        -0.000002   -30.402194     0.000003
 3        -0.000002     0.000003   -30.402184

 Spin-squared expectation <S^2>:         3.756
 Total spin quantum number S:            1.502
 TOTAL ENERGY:                        -213.593747064
 Saving results in set 'HF'

 --------------------------------------------------------------------------------
                                command: unsoldw12                               
 --------------------------------------------------------------------------------
 Number of AO basis functions:          50

 DF basis set:                           def2-qzvppd-ri
 Number of DF basis functions:         281


 --------------------------
  Virtual UW12 Correlation 
 --------------------------
 Unrestricted MP2 calculation:           
 Core spatial orbitals:                  0
 Correlated alpha orbitals:             13
 Correlated beta orbitals:              10
 Virtual alpha orbitals:                37
 Virtual beta orbitals:                 40

 Opposite spin energy:                  -0.119468058

 Reference energy:                    -213.593747064
 UW12 correlation energy:               -0.119468058
 Total UW12 energy:                   -213.713215123

 --------------------------------------------------------------------------------

 End time:                               Wed Jun 16 09:32:44 2021
 Total wall-clock time:                  2.086 seconds
==================================================================================
