
================================================================================
          _____________ ________ _______________ ________     _________         
         / ___________// ______ \\_____   _____// ______ \   / ________)        
        / /_________  / /      \ \     | |     / /      \ \ | (_______          
       |  __________|| |        | |    | |    | |        | | \________ \        
        \ \_________ | |        | |    | |     \ \______/ /___________) |       
         \__________||_|        |_|    |_|      \________//____________/        
                                                                                
====================================[ Qcore ]===================================

 Git hash:   6a88d58d269bf0d2ccfae91583c23a2b072b7633
 Git date:   Tue, 25 May 2021 10:36:49 +0100
 Compiler:   GNU 9.1.0
 Build type: Release
 Version:    1.3.0

 Start time: Wed Jun 16 09:32:44 2021

 Data directory: /newhome/zw18965/.local/qcore/share/entos/1.3.0/data
 Number of threads: 16
 Number of threads was determined by: number of physical cores

 --------------------------------------------------------------------------------
                                   command: hf                                   
 --------------------------------------------------------------------------------
 AO basis set:                           def2-tzvp
 Number of AO basis functions:          50
 ECP on atom 1 (Po):                     60 electrons

 Formula:                                Po
 Nuclear charge:                        84.000000000
 Total charge:                           0.000000000
 Number of core electrons:              60
 Number of treated electrons:           24

 Number of alpha electrons:             13
 Number of beta electrons:              11
 Number of unpaired electrons:           2
 Spin:                                   2
 Multiplicity:                           triplet

 Theory:                                 hf
 Method for Coulomb:                     incore_df
 Method for exact exchange:              pre_transformed_df
 Integral threshold:                     1.00e-12
 DF basis set:                           def2-universal-jkfit
 Number of DF basis functions:         251
 Schwarz screening threshold:            1.00e-10
 Coulomb fitting method:                 Cholesky
 Method for AO orthogonalization:        symmetric
 Threshold for linear dependence:        1.00e-08

 -------------------------------------
  Running unrestricted open-shell SCF 
 -------------------------------------
 Max number of iterations:             128
 Conv. threshold (gradient):             1.00e-05
 Conv. threshold (energy):               1.00e-06
 Interpolation scheme:                   adiis+cdiis
 Initial guess:                          H0

 ---------------------------------------------------------------
                  energy        change          grad        time
 ---------------------------------------------------------------
   0      -216.219267782                    4.25e+00        0.01
   1      -204.176954920      1.20e+01      3.97e+00        0.01
   2      -229.288192220     -2.51e+01      2.98e+00        0.01
   3      -236.067701053     -6.78e+00      7.28e-01        0.01
   4      -236.626274389     -5.59e-01      3.71e-01        0.01
   5      -236.711092877     -8.48e-02      1.09e-01        0.01
   6      -236.723691961     -1.26e-02      4.98e-02        0.01
   7      -236.725422565     -1.73e-03      1.61e-02        0.01
   8      -236.725715390     -2.93e-04      7.65e-04        0.01
   9      -236.725716374     -9.83e-07      1.68e-04        0.01
  10      -236.725716414     -4.05e-08      4.23e-05        0.01
  11      -236.725716417     -2.85e-09      6.66e-06        0.01

 SCF converged in 11 iterations.

 Dipole moment (in Debye):              -0.000000      -0.000000       0.000000

 Quadrupole moment (in Debye-Angstrom):
                  1            2            3
 1       -29.487883     0.001516     0.018662
 2         0.001516   -29.520834    -0.406592
 3         0.018662    -0.406592   -34.494024

 Spin-squared expectation <S^2>:         2.010
 Total spin quantum number S:            1.003
 TOTAL ENERGY:                        -236.725716417
 Saving results in set 'HF'

 --------------------------------------------------------------------------------
                                command: unsoldw12                               
 --------------------------------------------------------------------------------
 Number of AO basis functions:          50

 DF basis set:                           def2-qzvppd-ri
 Number of DF basis functions:         281


 --------------------------
  Virtual UW12 Correlation 
 --------------------------
 Unrestricted MP2 calculation:           
 Core spatial orbitals:                  0
 Correlated alpha orbitals:             13
 Correlated beta orbitals:              11
 Virtual alpha orbitals:                37
 Virtual beta orbitals:                 39

 Opposite spin energy:                  -0.133559247

 Reference energy:                    -236.725716417
 UW12 correlation energy:               -0.133559247
 Total UW12 energy:                   -236.859275664

 --------------------------------------------------------------------------------

 End time:                               Wed Jun 16 09:32:45 2021
 Total wall-clock time:                  1.384 seconds
==================================================================================
