
================================================================================
          _____________ ________ _______________ ________     _________         
         / ___________// ______ \\_____   _____// ______ \   / ________)        
        / /_________  / /      \ \     | |     / /      \ \ | (_______          
       |  __________|| |        | |    | |    | |        | | \________ \        
        \ \_________ | |        | |    | |     \ \______/ /___________) |       
         \__________||_|        |_|    |_|      \________//____________/        
                                                                                
====================================[ Qcore ]===================================

 Git hash:   6a88d58d269bf0d2ccfae91583c23a2b072b7633
 Git date:   Tue, 25 May 2021 10:36:49 +0100
 Compiler:   GNU 9.1.0
 Build type: Release
 Version:    1.3.0

 Start time: Wed Jun 16 15:50:20 2021

 Data directory: /newhome/zw18965/.local/qcore/share/entos/1.3.0/data
 Number of threads: 16
 Number of threads was determined by: number of physical cores

 --------------------------------------------------------------------------------
                                   command: hf                                   
 --------------------------------------------------------------------------------
 AO basis set:                           aug-pc-4
 Number of AO basis functions:         145

 Formula:                                N
 Nuclear charge:                         7.000000000
 Total charge:                           0.000000000
 Number of electrons:                    7.000000000

 Number of alpha electrons:              5
 Number of beta electrons:               2
 Number of unpaired electrons:           3
 Spin:                                   3
 Multiplicity:                           quartet

 Theory:                                 hf
 Method for Coulomb:                     incore_df
 Method for exact exchange:              pre_transformed_df
 Integral threshold:                     1.00e-12
 DF basis set:                           def2-universal-jkfit
 Number of DF basis functions:          77
 Schwarz screening threshold:            1.00e-10
 Coulomb fitting method:                 Cholesky
 Method for AO orthogonalization:        symmetric
 Threshold for linear dependence:        1.00e-08

 -------------------------------------
  Running unrestricted open-shell SCF 
 -------------------------------------
 Max number of iterations:             128
 Conv. threshold (gradient):             1.00e-05
 Conv. threshold (energy):               1.00e-06
 Interpolation scheme:                   adiis+cdiis
 Initial guess:                          H0

 ---------------------------------------------------------------
                  energy        change          grad        time
 ---------------------------------------------------------------
   0       -49.154775003                    4.93e+00        0.01
   1       -50.980912653     -1.83e+00      1.72e+00        0.02
   2       -53.886055406     -2.91e+00      8.62e-01        0.02
   3       -54.391195756     -5.05e-01      2.46e-01        0.02
   4       -54.403852395     -1.27e-02      2.92e-02        0.02
   5       -54.404427293     -5.75e-04      1.31e-02        0.03
   6       -54.404506602     -7.93e-05      9.22e-04        0.03
   7       -54.404508253     -1.65e-06      1.29e-04        0.03
   8       -54.404508288     -3.48e-08      4.08e-05        0.03
   9       -54.404508288     -7.46e-10      5.82e-06        0.02

 SCF converged in 9 iterations.

 Dipole moment (in Debye):              -0.000000      -0.000000       0.000000

 Quadrupole moment (in Debye-Angstrom):
                  1            2            3
 1        -5.414526     0.000000    -0.000000
 2         0.000000    -5.414526     0.000000
 3        -0.000000     0.000000    -5.414526

 Spin-squared expectation <S^2>:         3.758
 Total spin quantum number S:            1.502
 TOTAL ENERGY:                         -54.404508288
 Saving results in set 'HF'

 --------------------------------------------------------------------------------
                                command: unsoldw12                               
 --------------------------------------------------------------------------------
 Number of AO basis functions:         145

 DF basis set:                           def2-qzvppd-ri
 Number of DF basis functions:         157

 Unrestricted UW12 calculation:          
 Core spatial orbitals:                  1
 Correlated alpha orbitals:              4
 Correlated beta orbitals:               1

 ------------------
  UW12 Correlation 
 ------------------
 Factor for UW12 correlation:            1.000000000
 Same spin scale factor:                 0.000000000
 Calculate indirect contribution:        false
 Method for three electron term:         df_ri
 Auxiliary RI basis set:                 def2-QZVPPD-ri
 Number of RI basis functions:         157
 Gaussians in geminal expansion:         4
 UW12 screening threshold:               1.00e-10
 Method for density-fitting:             w(r)
 Number of core spatial orbitals:        1


 Reference energy:                     -54.404508288
 UW12 correlation energy:               -0.013486680
 Total UW12 energy:                    -54.417994969

 --------------------------------------------------------------------------------

 End time:                               Wed Jun 16 15:50:22 2021
 Total wall-clock time:                  1.971 seconds
==================================================================================
