
================================================================================
          _____________ ________ _______________ ________     _________         
         / ___________// ______ \\_____   _____// ______ \   / ________)        
        / /_________  / /      \ \     | |     / /      \ \ | (_______          
       |  __________|| |        | |    | |    | |        | | \________ \        
        \ \_________ | |        | |    | |     \ \______/ /___________) |       
         \__________||_|        |_|    |_|      \________//____________/        
                                                                                
====================================[ Qcore ]===================================

 Git hash:   6a88d58d269bf0d2ccfae91583c23a2b072b7633
 Git date:   Tue, 25 May 2021 10:36:49 +0100
 Compiler:   GNU 9.1.0
 Build type: Release
 Version:    1.3.0

 Start time: Wed Jun 16 15:51:02 2021

 Data directory: /newhome/zw18965/.local/qcore/share/entos/1.3.0/data
 Number of threads: 16
 Number of threads was determined by: number of physical cores

 --------------------------------------------------------------------------------
                                   command: hf                                   
 --------------------------------------------------------------------------------
 AO basis set:                           aug-pc-4
 Number of AO basis functions:         197

 Formula:                                Sc
 Nuclear charge:                        21.000000000
 Total charge:                           0.000000000
 Number of electrons:                   21.000000000

 Number of alpha electrons:             11
 Number of beta electrons:              10
 Number of unpaired electrons:           1
 Spin:                                   1
 Multiplicity:                           doublet

 Theory:                                 hf
 Method for Coulomb:                     incore_df
 Method for exact exchange:              pre_transformed_df
 Integral threshold:                     1.00e-12
 DF basis set:                           def2-universal-jkfit
 Number of DF basis functions:         264
 Schwarz screening threshold:            1.00e-10
 Coulomb fitting method:                 Cholesky
 Method for AO orthogonalization:        symmetric
 Threshold for linear dependence:        1.00e-08

 -------------------------------------
  Running unrestricted open-shell SCF 
 -------------------------------------
 Max number of iterations:             128
 Conv. threshold (gradient):             1.00e-05
 Conv. threshold (energy):               1.00e-06
 Interpolation scheme:                   adiis+cdiis
 Initial guess:                          H0

 ---------------------------------------------------------------
                  energy        change          grad        time
 ---------------------------------------------------------------
   0      -736.007842208                    6.12e+00        0.04
   1      -732.263853516      3.74e+00      4.73e+00        0.05
   2      -753.169360870     -2.09e+01      3.22e+00        0.05
   3      -758.848440930     -5.68e+00      1.50e+00        0.05
   4      -758.526688700      3.22e-01      1.31e+00        0.05
   5      -759.719289669     -1.19e+00      1.68e-01        0.05
   6      -759.731709988     -1.24e-02      6.89e-02        0.06
   7      -759.732760664     -1.05e-03      1.60e-02        0.06
   8      -759.732962016     -2.01e-04      6.98e-03        0.06
   9      -759.733041587     -7.96e-05      4.58e-03        0.05
  10      -759.733094106     -5.25e-05      2.78e-03        0.06
  11      -759.733137905     -4.38e-05      1.25e-03        0.05
  12      -759.733145268     -7.36e-06      4.47e-04        0.05
  13      -759.733145750     -4.81e-07      1.99e-04        0.05
  14      -759.733145827     -7.74e-08      1.47e-04        0.05
  15      -759.733145864     -3.72e-08      1.32e-04        0.05
  16      -759.733145905     -4.02e-08      1.28e-04        0.05
  17      -759.733145948     -4.31e-08      1.29e-04        0.05
  18      -759.733146033     -8.53e-08      1.28e-04        0.05
  19      -759.733146396     -3.63e-07      1.22e-04        0.06
  20      -759.733147159     -7.62e-07      1.13e-04        0.05
  21      -759.733147777     -6.18e-07      1.00e-04        0.05
  22      -759.733148995     -1.22e-06      1.21e-04        0.05
  23      -759.733149091     -9.63e-08      2.63e-04        0.06
  24      -759.733149343     -2.52e-07      2.61e-04        0.05
  25      -759.733149359     -1.60e-08      9.02e-05        0.05
  26      -759.733149368     -8.59e-09      3.44e-05        0.05
  27      -759.733149368     -4.30e-10      1.95e-06        0.05

 SCF converged in 27 iterations.

 Dipole moment (in Debye):              -0.000000      -0.000000      -0.000000

 Quadrupole moment (in Debye-Angstrom):
                  1            2            3
 1       -23.884886     0.012364     0.077537
 2         0.012364   -23.904980     0.036910
 3         0.077537     0.036910   -23.679351

 Spin-squared expectation <S^2>:         0.762
 Total spin quantum number S:            0.506
 TOTAL ENERGY:                        -759.733149368
 Saving results in set 'HF'

 --------------------------------------------------------------------------------
                                command: unsoldw12                               
 --------------------------------------------------------------------------------
 Number of AO basis functions:         197

 DF basis set:                           def2-qzvppd-ri
 Number of DF basis functions:         309

 Unrestricted UW12 calculation:          
 Core spatial orbitals:                  5
 Correlated alpha orbitals:              6
 Correlated beta orbitals:               5

 ------------------
  UW12 Correlation 
 ------------------
 Factor for UW12 correlation:            1.000000000
 Same spin scale factor:                 0.000000000
 Calculate indirect contribution:        false
 Method for three electron term:         df_ri
 Auxiliary RI basis set:                 def2-QZVPPD-ri
 Number of RI basis functions:         309
 Gaussians in geminal expansion:         4
 UW12 screening threshold:               1.00e-10
 Method for density-fitting:             w(r)
 Number of core spatial orbitals:        5


 Reference energy:                    -759.733149368
 UW12 correlation energy:               -0.047135177
 Total UW12 energy:                   -759.780284545

 --------------------------------------------------------------------------------

 End time:                               Wed Jun 16 15:51:39 2021
 Total wall-clock time:                 36.860 seconds
==================================================================================
