
================================================================================
          _____________ ________ _______________ ________     _________         
         / ___________// ______ \\_____   _____// ______ \   / ________)        
        / /_________  / /      \ \     | |     / /      \ \ | (_______          
       |  __________|| |        | |    | |    | |        | | \________ \        
        \ \_________ | |        | |    | |     \ \______/ /___________) |       
         \__________||_|        |_|    |_|      \________//____________/        
                                                                                
====================================[ Qcore ]===================================

 Git hash:   6a88d58d269bf0d2ccfae91583c23a2b072b7633
 Git date:   Tue, 25 May 2021 10:36:49 +0100
 Compiler:   GNU 9.1.0
 Build type: Release
 Version:    1.3.0

 Start time: Wed Jun 16 15:56:20 2021

 Data directory: /newhome/zw18965/.local/qcore/share/entos/1.3.0/data
 Number of threads: 16
 Number of threads was determined by: number of physical cores

 --------------------------------------------------------------------------------
                                   command: hf                                   
 --------------------------------------------------------------------------------
 AO basis set:                           aug-pc-4
 Number of AO basis functions:         197

 Formula:                                Fe
 Nuclear charge:                        26.000000000
 Total charge:                           0.000000000
 Number of electrons:                   26.000000000

 Number of alpha electrons:             15
 Number of beta electrons:              11
 Number of unpaired electrons:           4
 Spin:                                   4
 Multiplicity:                           quintet

 Theory:                                 hf
 Method for Coulomb:                     incore_df
 Method for exact exchange:              pre_transformed_df
 Integral threshold:                     1.00e-12
 DF basis set:                           def2-universal-jkfit
 Number of DF basis functions:         264
 Schwarz screening threshold:            1.00e-10
 Coulomb fitting method:                 Cholesky
 Method for AO orthogonalization:        symmetric
 Threshold for linear dependence:        1.00e-08

 -------------------------------------
  Running unrestricted open-shell SCF 
 -------------------------------------
 Max number of iterations:             128
 Conv. threshold (gradient):             1.00e-05
 Conv. threshold (energy):               1.00e-06
 Interpolation scheme:                   adiis+cdiis
 Initial guess:                          H0

 ---------------------------------------------------------------
                  energy        change          grad        time
 ---------------------------------------------------------------
   0     -1201.967859055                    1.86e+01        0.37
   1     -1176.105647231      2.59e+01      1.03e+01        0.24
   2     -1243.103962264     -6.70e+01      6.04e+00        0.06
   3     -1258.660187873     -1.56e+01      3.43e+00        0.06
   4     -1259.642415147     -9.82e-01      2.33e+00        0.06
   5     -1262.341052858     -2.70e+00      2.92e-01        0.06
   6     -1262.375603784     -3.46e-02      1.49e-01        0.06
   7     -1262.395117251     -1.95e-02      1.54e-01        0.14
   8     -1262.411753604     -1.66e-02      1.08e-01        0.07
   9     -1262.425155520     -1.34e-02      1.03e-01        0.07
  10     -1262.434136777     -8.98e-03      7.49e-02        0.07
  11     -1262.439346048     -5.21e-03      5.83e-02        0.08
  12     -1262.444337853     -4.99e-03      2.96e-02        0.06
  13     -1262.445070140     -7.32e-04      3.05e-03        0.06
  14     -1262.445074645     -4.51e-06      2.85e-03        0.06
  15     -1262.445078681     -4.04e-06      6.94e-04        0.06
  16     -1262.445079043     -3.62e-07      2.93e-04        0.06
  17     -1262.445079127     -8.42e-08      9.38e-05        0.06
  18     -1262.445079134     -7.67e-09      4.83e-05        0.06
  19     -1262.445079136     -1.07e-09      2.79e-05        0.06
  20     -1262.445079136     -4.46e-10      2.26e-05        0.06
  21     -1262.445079136     -2.68e-10      2.05e-05        0.06
  22     -1262.445079137     -3.72e-10      2.08e-05        0.06
  23     -1262.445079137     -3.55e-10      2.05e-05        0.06
  24     -1262.445079137     -8.78e-11      2.05e-05        0.06
  25     -1262.445079138     -1.00e-09      2.05e-05        0.06
  26     -1262.445079139     -9.47e-10      2.05e-05        0.06
  27     -1262.445079140     -5.77e-10      2.05e-05        0.06
  28     -1262.445079140     -6.34e-10      2.05e-05        0.06
  29     -1262.445079141     -9.67e-10      2.05e-05        0.06
  30     -1262.445079143     -1.63e-09      2.05e-05        0.06
  31     -1262.445079148     -5.02e-09      2.05e-05        0.06
  32     -1262.445079160     -1.22e-08      2.04e-05        0.06
  33     -1262.445079189     -2.88e-08      2.04e-05        0.07
  34     -1262.445079181      7.90e-09      2.04e-05        0.06
  35     -1262.445079401     -2.20e-07      7.79e-05        0.06
  36     -1262.445079329      7.23e-08      4.71e-05        0.06
  37     -1262.445079281      4.79e-08      2.75e-05        0.06
  38     -1262.445079699     -4.17e-07      3.73e-04        0.06
  39     -1262.445079680      1.87e-08      3.54e-04        0.06
  40     -1262.445079674      6.24e-09      3.37e-04        0.06
  41     -1262.445079688     -1.46e-08      3.20e-04        0.06
  42     -1262.445079913     -2.24e-07      6.21e-04        0.06
  43     -1262.445079801      1.11e-07      1.27e-04        0.06
  44     -1262.445080123     -3.22e-07      5.09e-04        0.06
  45     -1262.445080231     -1.08e-07      7.41e-04        0.06
  46     -1262.445080097      1.35e-07      3.63e-04        0.06
  47     -1262.445079769      3.27e-07      2.33e-03        0.06
  48     -1262.445080272     -5.02e-07      1.46e-04        0.06
  49     -1262.445078523      1.75e-06      3.91e-03        0.06
  50     -1262.445076488      2.04e-06      5.38e-03        0.06
  51     -1262.445077200     -7.12e-07      4.93e-03        0.06
  52     -1262.445079371     -2.17e-06      3.15e-03        0.06
  53     -1262.445080018     -6.47e-07      2.40e-03        0.06
  54     -1262.445080796     -7.79e-07      2.55e-04        0.06
  55     -1262.445079604      1.19e-06      3.08e-03        0.07
  56     -1262.445079694     -8.99e-08      2.98e-03        0.06
  57     -1262.445079741     -4.70e-08      2.93e-03        0.06
  58     -1262.445080652     -9.11e-07      1.59e-03        0.06
  59     -1262.445081001     -3.48e-07      1.44e-04        0.06
  60     -1262.445080986      1.43e-08      7.60e-04        0.06
  61     -1262.445081076     -8.96e-08      1.54e-04        0.06
  62     -1262.445081082     -6.16e-09      9.84e-05        0.06
  63     -1262.445081085     -2.99e-09      1.63e-05        0.05
  64     -1262.445081085     -9.53e-11      1.54e-05        0.06
  65     -1262.445081085     -3.37e-11      4.87e-06        0.06

 SCF converged in 65 iterations.

 Dipole moment (in Debye):              -0.000000      -0.000000      -0.000000

 Quadrupole moment (in Debye-Angstrom):
                  1            2            3
 1       -18.601268     0.010246     0.034169
 2         0.010246   -18.581849     0.080737
 3         0.034169     0.080737   -18.336759

 Spin-squared expectation <S^2>:         6.016
 Total spin quantum number S:            2.003
 TOTAL ENERGY:                       -1262.445081085
 Saving results in set 'HF'

 --------------------------------------------------------------------------------
                                command: unsoldw12                               
 --------------------------------------------------------------------------------
 Number of AO basis functions:         197

 DF basis set:                           def2-qzvppd-ri
 Number of DF basis functions:         309

 Unrestricted UW12 calculation:          
 Core spatial orbitals:                  5
 Correlated alpha orbitals:             10
 Correlated beta orbitals:               6

 ------------------
  UW12 Correlation 
 ------------------
 Factor for UW12 correlation:            1.000000000
 Same spin scale factor:                 0.000000000
 Calculate indirect contribution:        false
 Method for three electron term:         df_ri
 Auxiliary RI basis set:                 def2-QZVPPD-ri
 Number of RI basis functions:         309
 Gaussians in geminal expansion:         4
 UW12 screening threshold:               1.00e-10
 Method for density-fitting:             w(r)
 Number of core spatial orbitals:        5


 Reference energy:                   -1262.445081085
 UW12 correlation energy:               -0.069047672
 Total UW12 energy:                  -1262.514128758

 --------------------------------------------------------------------------------

 End time:                               Wed Jun 16 15:57:33 2021
 Total wall-clock time:                 73.021 seconds
==================================================================================
