
================================================================================
          _____________ ________ _______________ ________     _________         
         / ___________// ______ \\_____   _____// ______ \   / ________)        
        / /_________  / /      \ \     | |     / /      \ \ | (_______          
       |  __________|| |        | |    | |    | |        | | \________ \        
        \ \_________ | |        | |    | |     \ \______/ /___________) |       
         \__________||_|        |_|    |_|      \________//____________/        
                                                                                
====================================[ Qcore ]===================================

 Git hash:   6a88d58d269bf0d2ccfae91583c23a2b072b7633
 Git date:   Tue, 25 May 2021 10:36:49 +0100
 Compiler:   GNU 9.1.0
 Build type: Release
 Version:    1.3.0

 Start time: Wed Jun 16 15:57:34 2021

 Data directory: /newhome/zw18965/.local/qcore/share/entos/1.3.0/data
 Number of threads: 16
 Number of threads was determined by: number of physical cores

 --------------------------------------------------------------------------------
                                   command: hf                                   
 --------------------------------------------------------------------------------
 AO basis set:                           aug-pc-4
 Number of AO basis functions:         197

 Formula:                                Co
 Nuclear charge:                        27.000000000
 Total charge:                           0.000000000
 Number of electrons:                   27.000000000

 Number of alpha electrons:             15
 Number of beta electrons:              12
 Number of unpaired electrons:           3
 Spin:                                   3
 Multiplicity:                           quartet

 Theory:                                 hf
 Method for Coulomb:                     incore_df
 Method for exact exchange:              pre_transformed_df
 Integral threshold:                     1.00e-12
 DF basis set:                           def2-universal-jkfit
 Number of DF basis functions:         264
 Schwarz screening threshold:            1.00e-10
 Coulomb fitting method:                 Cholesky
 Method for AO orthogonalization:        symmetric
 Threshold for linear dependence:        1.00e-08

 -------------------------------------
  Running unrestricted open-shell SCF 
 -------------------------------------
 Max number of iterations:             128
 Conv. threshold (gradient):             1.00e-05
 Conv. threshold (energy):               1.00e-06
 Interpolation scheme:                   adiis+cdiis
 Initial guess:                          H0

 ---------------------------------------------------------------
                  energy        change          grad        time
 ---------------------------------------------------------------
   0     -1311.327112416                    1.36e+01        0.06
   1     -1276.548211168      3.48e+01      1.15e+01        0.06
   2     -1357.055810066     -8.05e+01      6.92e+00        0.06
   3     -1377.453670905     -2.04e+01      3.37e+00        0.06
   4     -1377.824845803     -3.71e-01      2.78e+00        0.06
   5     -1381.350031915     -3.53e+00      3.95e-01        0.07
   6     -1381.385478569     -3.54e-02      3.29e-01        0.06
   7     -1381.404361470     -1.89e-02      1.70e-01        0.07
   8     -1381.411713105     -7.35e-03      1.12e-01        0.07
   9     -1381.413725766     -2.01e-03      7.63e-02        0.07
  10     -1381.414937893     -1.21e-03      4.80e-02        0.08
  11     -1381.416100505     -1.16e-03      1.95e-02        0.07
  12     -1381.416570386     -4.70e-04      1.30e-02        0.06
  13     -1381.416987177     -4.17e-04      4.49e-03        0.06
  14     -1381.417011393     -2.42e-05      2.36e-03        0.07
  15     -1381.417026560     -1.52e-05      1.02e-03        0.06
  16     -1381.417027556     -9.95e-07      5.92e-04        0.06
  17     -1381.417027818     -2.62e-07      4.97e-04        0.06
  18     -1381.417028297     -4.79e-07      3.23e-04        0.06
  19     -1381.417028603     -3.05e-07      6.56e-05        0.06
  20     -1381.417028614     -1.14e-08      2.34e-05        0.06
  21     -1381.417028614     -3.83e-10      1.10e-05        0.06
  22     -1381.417028614     -1.02e-10      4.70e-06        0.07

 SCF converged in 22 iterations.

 Dipole moment (in Debye):               0.000000      -0.000000      -0.000000

 Quadrupole moment (in Debye-Angstrom):
                  1            2            3
 1       -17.694183     0.000002     0.000000
 2         0.000002   -17.694177     0.000001
 3         0.000000     0.000001   -17.694172

 Spin-squared expectation <S^2>:         3.760
 Total spin quantum number S:            1.503
 TOTAL ENERGY:                       -1381.417028614
 Saving results in set 'HF'

 --------------------------------------------------------------------------------
                                command: unsoldw12                               
 --------------------------------------------------------------------------------
 Number of AO basis functions:         197

 DF basis set:                           def2-qzvppd-ri
 Number of DF basis functions:         309

 Unrestricted UW12 calculation:          
 Core spatial orbitals:                  5
 Correlated alpha orbitals:             10
 Correlated beta orbitals:               7

 ------------------
  UW12 Correlation 
 ------------------
 Factor for UW12 correlation:            1.000000000
 Same spin scale factor:                 0.000000000
 Calculate indirect contribution:        false
 Method for three electron term:         df_ri
 Auxiliary RI basis set:                 def2-QZVPPD-ri
 Number of RI basis functions:         309
 Gaussians in geminal expansion:         4
 UW12 screening threshold:               1.00e-10
 Method for density-fitting:             w(r)
 Number of core spatial orbitals:        5


 Reference energy:                   -1381.417028614
 UW12 correlation energy:               -0.075810908
 Total UW12 energy:                  -1381.492839523

 --------------------------------------------------------------------------------

 End time:                               Wed Jun 16 15:58:33 2021
 Total wall-clock time:                 59.927 seconds
==================================================================================
