
================================================================================
          _____________ ________ _______________ ________     _________         
         / ___________// ______ \\_____   _____// ______ \   / ________)        
        / /_________  / /      \ \     | |     / /      \ \ | (_______          
       |  __________|| |        | |    | |    | |        | | \________ \        
        \ \_________ | |        | |    | |     \ \______/ /___________) |       
         \__________||_|        |_|    |_|      \________//____________/        
                                                                                
====================================[ Qcore ]===================================

 Git hash:   6a88d58d269bf0d2ccfae91583c23a2b072b7633
 Git date:   Tue, 25 May 2021 10:36:49 +0100
 Compiler:   GNU 9.1.0
 Build type: Release
 Version:    1.3.0

 Start time: Fri May 28 11:03:20 2021

 Data directory: /newhome/zw18965/.local/qcore/share/entos/1.3.0/data
 Number of threads: 16
 Number of threads was determined by: number of physical cores

 --------------------------------------------------------------------------------
                                   command: hf                                   
 --------------------------------------------------------------------------------
 AO basis set:                           aug-cc-pvqz-combined-pp
 Number of AO basis functions:          80

 Formula:                                Li
 Nuclear charge:                         3.000000000
 Total charge:                           0.000000000
 Number of electrons:                    3.000000000

 Number of alpha electrons:              2
 Number of beta electrons:               1
 Number of unpaired electrons:           1
 Spin:                                   1
 Multiplicity:                           doublet

 Theory:                                 hf
 Method for Coulomb:                     incore_df
 Method for exact exchange:              pre_transformed_df
 Integral threshold:                     1.00e-12
 DF basis set:                           def2-universal-jkfit
 Number of DF basis functions:          51
 Schwarz screening threshold:            1.00e-10
 Coulomb fitting method:                 Cholesky
 Method for AO orthogonalization:        symmetric
 Threshold for linear dependence:        1.00e-08

 -------------------------------------
  Running unrestricted open-shell SCF 
 -------------------------------------
 Max number of iterations:             128
 Conv. threshold (gradient):             1.00e-05
 Conv. threshold (energy):               1.00e-06
 Interpolation scheme:                   adiis+cdiis
 Initial guess:                          H0

 ---------------------------------------------------------------
                  energy        change          grad        time
 ---------------------------------------------------------------
   0        -6.885569013                    1.11e+00        0.00
   1        -7.340917055     -4.55e-01      1.89e-01        0.00
   2        -7.361513496     -2.06e-02      6.39e-02        0.00
   3        -7.364429096     -2.92e-03      2.47e-02        0.00
   4        -7.365040883     -6.12e-04      1.19e-03        0.00
   5        -7.365043601     -2.72e-06      1.74e-04        0.00
   6        -7.365043658     -5.68e-08      4.47e-05        0.00
   7        -7.365043663     -5.15e-09      1.25e-05        0.00
   8        -7.365043664     -6.66e-10      1.35e-06        0.01

 SCF converged in 8 iterations.

 Dipole moment (in Debye):               0.000000      -0.000000      -0.000000

 Quadrupole moment (in Debye-Angstrom):
                  1            2            3
 1        -8.107869     0.127442     1.805445
 2         0.127442    -7.958863    -1.035859
 3         1.805445    -1.035859   -22.560531

 Spin-squared expectation <S^2>:         0.750
 Total spin quantum number S:            0.500
 TOTAL ENERGY:                          -7.365043664
 Saving results in set 'HF'

 --------------------------------------------------------------------------------
                                command: unsoldw12                               
 --------------------------------------------------------------------------------
 Number of AO basis functions:          80

 DF basis set:                           def2-qzvppd-ri
 Number of DF basis functions:         101

 Unrestricted UW12 calculation:          
 Core spatial orbitals:                  1
 Correlated alpha orbitals:              1
 Correlated beta orbitals:               0

 ------------------
  UW12 Correlation 
 ------------------
 Factor for UW12 correlation:            1.000000000
 Same spin scale factor:                 0.000000000
 Calculate indirect contribution:        false
 Method for three electron term:         df_ri
 Auxiliary RI basis set:                 def2-QZVPPD-ri
 Number of RI basis functions:         101
 Gaussians in geminal expansion:         4
 UW12 screening threshold:               1.00e-10
 Method for density-fitting:             w(r)
 Number of core spatial orbitals:        1


 Reference energy:                      -7.365043664
 UW12 correlation energy:                0.000000000
 Total UW12 energy:                     -7.365043664

 --------------------------------------------------------------------------------

 End time:                               Fri May 28 11:03:21 2021
 Total wall-clock time:                  0.355 seconds
==================================================================================
