
================================================================================
          _____________ ________ _______________ ________     _________         
         / ___________// ______ \\_____   _____// ______ \   / ________)        
        / /_________  / /      \ \     | |     / /      \ \ | (_______          
       |  __________|| |        | |    | |    | |        | | \________ \        
        \ \_________ | |        | |    | |     \ \______/ /___________) |       
         \__________||_|        |_|    |_|      \________//____________/        
                                                                                
====================================[ Qcore ]===================================

 Git hash:   6a88d58d269bf0d2ccfae91583c23a2b072b7633
 Git date:   Tue, 25 May 2021 10:36:49 +0100
 Compiler:   GNU 9.1.0
 Build type: Release
 Version:    1.3.0

 Start time: Fri May 28 11:06:21 2021

 Data directory: /newhome/zw18965/.local/qcore/share/entos/1.3.0/data
 Number of threads: 16
 Number of threads was determined by: number of physical cores

 --------------------------------------------------------------------------------
                                   command: hf                                   
 --------------------------------------------------------------------------------
 AO basis set:                           aug-cc-pvqz-combined-pp
 Number of AO basis functions:         140

 Formula:                                Co
 Nuclear charge:                        27.000000000
 Total charge:                           0.000000000
 Number of electrons:                   27.000000000

 Number of alpha electrons:             15
 Number of beta electrons:              12
 Number of unpaired electrons:           3
 Spin:                                   3
 Multiplicity:                           quartet

 Theory:                                 hf
 Method for Coulomb:                     incore_df
 Method for exact exchange:              pre_transformed_df
 Integral threshold:                     1.00e-12
 DF basis set:                           def2-universal-jkfit
 Number of DF basis functions:         264
 Schwarz screening threshold:            1.00e-10
 Coulomb fitting method:                 Cholesky
 Method for AO orthogonalization:        symmetric
 Threshold for linear dependence:        1.00e-08

 -------------------------------------
  Running unrestricted open-shell SCF 
 -------------------------------------
 Max number of iterations:             128
 Conv. threshold (gradient):             1.00e-05
 Conv. threshold (energy):               1.00e-06
 Interpolation scheme:                   adiis+cdiis
 Initial guess:                          H0

 ---------------------------------------------------------------
                  energy        change          grad        time
 ---------------------------------------------------------------
   0     -1275.149745799                    1.48e+01        0.01
   1     -1260.540657227      1.46e+01      1.02e+01        0.01
   2     -1348.613686879     -8.81e+01      8.71e+00        0.01
   3     -1377.311249340     -2.87e+01      3.04e+00        0.02
   4     -1377.443183527     -1.32e-01      3.59e+00        0.02
   5     -1381.348992545     -3.91e+00      3.58e-01        0.02
   6     -1381.376386830     -2.74e-02      3.21e-01        0.02
   7     -1381.406359385     -3.00e-02      9.14e-02        0.02
   8     -1381.408206577     -1.85e-03      8.73e-02        0.02
   9     -1381.410752682     -2.55e-03      6.07e-03        0.02
  10     -1381.410800967     -4.83e-05      2.56e-03        0.02
  11     -1381.410808744     -7.78e-06      2.47e-03        0.02
  12     -1381.410808996     -2.52e-07      2.47e-03        0.02
  13     -1381.410773549      3.54e-05      1.23e-03        0.02
  14     -1381.410768474      5.08e-06      5.66e-04        0.02
  15     -1381.410768653     -1.79e-07      3.32e-04        0.02
  16     -1381.410768799     -1.47e-07      2.43e-04        0.02
  17     -1381.410768895     -9.56e-08      1.84e-04        0.02
  18     -1381.410768991     -9.60e-08      8.38e-05        0.02
  19     -1381.410769006     -1.52e-08      2.11e-05        0.02
  20     -1381.410769007     -8.73e-10      6.90e-06        0.02

 SCF converged in 20 iterations.

 Dipole moment (in Debye):               0.000000      -0.000000       0.000000

 Quadrupole moment (in Debye-Angstrom):
                  1            2            3
 1       -17.614846    -0.000293    -0.053153
 2        -0.000293   -17.602171    -0.001096
 3        -0.053153    -0.001096   -17.825723

 Spin-squared expectation <S^2>:         3.760
 Total spin quantum number S:            1.503
 TOTAL ENERGY:                       -1381.410769007
 Saving results in set 'HF'

 --------------------------------------------------------------------------------
                                command: unsoldw12                               
 --------------------------------------------------------------------------------
 Number of AO basis functions:         140

 DF basis set:                           def2-qzvppd-ri
 Number of DF basis functions:         309

 Unrestricted UW12 calculation:          
 Core spatial orbitals:                  5
 Correlated alpha orbitals:             10
 Correlated beta orbitals:               7

 ------------------
  UW12 Correlation 
 ------------------
 Factor for UW12 correlation:            1.000000000
 Same spin scale factor:                 0.000000000
 Calculate indirect contribution:        false
 Method for three electron term:         df_ri
 Auxiliary RI basis set:                 def2-QZVPPD-ri
 Number of RI basis functions:         309
 Gaussians in geminal expansion:         4
 UW12 screening threshold:               1.00e-10
 Method for density-fitting:             w(r)
 Number of core spatial orbitals:        5


 Reference energy:                   -1381.410769007
 UW12 correlation energy:               -0.076054850
 Total UW12 energy:                  -1381.486823856

 --------------------------------------------------------------------------------

 End time:                               Fri May 28 11:06:53 2021
 Total wall-clock time:                 32.436 seconds
==================================================================================
