
================================================================================
          _____________ ________ _______________ ________     _________         
         / ___________// ______ \\_____   _____// ______ \   / ________)        
        / /_________  / /      \ \     | |     / /      \ \ | (_______          
       |  __________|| |        | |    | |    | |        | | \________ \        
        \ \_________ | |        | |    | |     \ \______/ /___________) |       
         \__________||_|        |_|    |_|      \________//____________/        
                                                                                
====================================[ Qcore ]===================================

 Git hash:   6a88d58d269bf0d2ccfae91583c23a2b072b7633
 Git date:   Tue, 25 May 2021 10:36:49 +0100
 Compiler:   GNU 9.1.0
 Build type: Release
 Version:    1.3.0

 Start time: Fri May 28 11:12:39 2021

 Data directory: /newhome/zw18965/.local/qcore/share/entos/1.3.0/data
 Number of threads: 16
 Number of threads was determined by: number of physical cores

 --------------------------------------------------------------------------------
                                   command: hf                                   
 --------------------------------------------------------------------------------
 AO basis set:                           aug-cc-pvqz-combined-pp
 Number of AO basis functions:          92
 ECP on atom 1 (Xe):                     28 electrons

 Formula:                                Xe
 Nuclear charge:                        54.000000000
 Total charge:                           0.000000000
 Number of core electrons:              28
 Number of treated electrons:           26

 Number of alpha electrons:             13
 Number of beta electrons:              13
 Number of unpaired electrons:           0
 Spin:                                   0
 Multiplicity:                           singlet

 Theory:                                 hf
 Method for Coulomb:                     incore_df
 Method for exact exchange:              pre_transformed_df
 Integral threshold:                     1.00e-12
 DF basis set:                           def2-universal-jkfit
 Number of DF basis functions:         218
 Schwarz screening threshold:            1.00e-10
 Coulomb fitting method:                 Cholesky
 Method for AO orthogonalization:        symmetric
 Threshold for linear dependence:        1.00e-08

 -------------------------------------
  Running restricted closed-shell SCF 
 -------------------------------------
 Max number of iterations:             128
 Conv. threshold (gradient):             1.00e-05
 Conv. threshold (energy):               1.00e-06
 Interpolation scheme:                   adiis+cdiis
 Initial guess:                          H0

 ---------------------------------------------------------------
                  energy        change          grad        time
 ---------------------------------------------------------------
   0      -301.852645072                    1.24e+01        0.00
   1      -238.181394816      6.37e+01      1.25e+01        0.00
   2      -310.818084445     -7.26e+01      1.05e+01        0.00
   3      -327.272675776     -1.65e+01      1.93e+00        0.00
   4      -328.107152667     -8.34e-01      1.25e+00        0.00
   5      -328.264517922     -1.57e-01      3.82e-01        0.00
   6      -328.293372114     -2.89e-02      1.93e-01        0.00
   7      -328.298131621     -4.76e-03      7.14e-02        0.00
   8      -328.298948585     -8.17e-04      3.15e-02        0.00
   9      -328.299113261     -1.65e-04      1.62e-05        0.00
  10      -328.299113262     -1.35e-10      1.08e-06        0.00

 SCF converged in 10 iterations.

 Dipole moment (in Debye):              -0.000000       0.000000       0.000000

 Quadrupole moment (in Debye-Angstrom):
                  1            2            3
 1       -26.526719     0.000000     0.000000
 2         0.000000   -26.526719     0.000000
 3         0.000000     0.000000   -26.526719

 Spin-squared expectation <S^2>:         0.000
 Total spin quantum number S:            0.000
 TOTAL ENERGY:                        -328.299113262
 Saving results in set 'HF'

 --------------------------------------------------------------------------------
                                command: unsoldw12                               
 --------------------------------------------------------------------------------
 Number of AO basis functions:          92

 DF basis set:                           def2-qzvppd-ri
 Number of DF basis functions:         292

 Restricted UW12 calculation:            
 Core Orbitals:                          4
 Correlated Orbitals:                    9

 ------------------
  UW12 Correlation 
 ------------------
 Factor for UW12 correlation:            1.000000000
 Same spin scale factor:                 0.000000000
 Calculate indirect contribution:        false
 Method for three electron term:         df_ri
 Auxiliary RI basis set:                 def2-QZVPPD-ri
 Number of RI basis functions:         292
 Gaussians in geminal expansion:         4
 UW12 screening threshold:               1.00e-10
 Method for density-fitting:             w(r)
 Number of core spatial orbitals:        4


 Reference energy:                    -328.299113262
 UW12 correlation energy:               -0.129557060
 Total UW12 energy:                   -328.428670322

 --------------------------------------------------------------------------------

 End time:                               Fri May 28 11:12:53 2021
 Total wall-clock time:                 14.655 seconds
==================================================================================
