
================================================================================
          _____________ ________ _______________ ________     _________         
         / ___________// ______ \\_____   _____// ______ \   / ________)        
        / /_________  / /      \ \     | |     / /      \ \ | (_______          
       |  __________|| |        | |    | |    | |        | | \________ \        
        \ \_________ | |        | |    | |     \ \______/ /___________) |       
         \__________||_|        |_|    |_|      \________//____________/        
                                                                                
====================================[ Qcore ]===================================

 Git hash:   6a88d58d269bf0d2ccfae91583c23a2b072b7633
 Git date:   Tue, 25 May 2021 10:36:49 +0100
 Compiler:   GNU 9.1.0
 Build type: Release
 Version:    1.3.0

 Start time: Fri May 28 11:13:17 2021

 Data directory: /newhome/zw18965/.local/qcore/share/entos/1.3.0/data
 Number of threads: 16
 Number of threads was determined by: number of physical cores

 --------------------------------------------------------------------------------
                                   command: hf                                   
 --------------------------------------------------------------------------------
 AO basis set:                           aug-cc-pvqz-combined-pp
 Number of AO basis functions:         135
 ECP on atom 1 (W):                      60 electrons

 Formula:                                W
 Nuclear charge:                        74.000000000
 Total charge:                           0.000000000
 Number of core electrons:              60
 Number of treated electrons:           14

 Number of alpha electrons:              9
 Number of beta electrons:               5
 Number of unpaired electrons:           4
 Spin:                                   4
 Multiplicity:                           quintet

 Theory:                                 hf
 Method for Coulomb:                     incore_df
 Method for exact exchange:              pre_transformed_df
 Integral threshold:                     1.00e-12
 DF basis set:                           def2-universal-jkfit
 Number of DF basis functions:         227
 Schwarz screening threshold:            1.00e-10
 Coulomb fitting method:                 Cholesky
 Method for AO orthogonalization:        symmetric
 Threshold for linear dependence:        1.00e-08

 -------------------------------------
  Running unrestricted open-shell SCF 
 -------------------------------------
 Max number of iterations:             128
 Conv. threshold (gradient):             1.00e-05
 Conv. threshold (energy):               1.00e-06
 Interpolation scheme:                   adiis+cdiis
 Initial guess:                          H0

 ---------------------------------------------------------------
                  energy        change          grad        time
 ---------------------------------------------------------------
   0       -59.367159714                    3.03e+00        0.01
   1       -60.409073493     -1.04e+00      2.00e+00        0.01
   2       -64.784164681     -4.38e+00      1.50e+00        0.01
   3       -66.582486192     -1.80e+00      4.67e-01        0.01
   4       -66.634464253     -5.20e-02      9.05e-02        0.01
   5       -66.640959647     -6.50e-03      4.17e-02        0.01
   6       -66.642184765     -1.23e-03      1.30e-02        0.01
   7       -66.642466645     -2.82e-04      8.90e-03        0.01
   8       -66.642629477     -1.63e-04      8.59e-03        0.01
   9       -66.642638925     -9.45e-06      8.68e-03        0.01
  10       -66.642290261      3.49e-04      2.61e-03        0.01
  11       -66.642275265      1.50e-05      1.45e-03        0.01
  12       -66.642274201      1.06e-06      5.24e-04        0.01
  13       -66.642274719     -5.18e-07      5.60e-04        0.01
  14       -66.642274289      4.30e-07      4.90e-04        0.01
  15       -66.642273110      1.18e-06      6.34e-05        0.01
  16       -66.642273103      6.93e-09      1.65e-05        0.01
  17       -66.642273104     -2.85e-10      5.50e-06        0.02

 SCF converged in 17 iterations.

 Dipole moment (in Debye):              -0.000000      -0.000000      -0.000000

 Quadrupole moment (in Debye-Angstrom):
                  1            2            3
 1       -25.776689    -0.000012     0.000004
 2        -0.000012   -25.776794    -0.000000
 3         0.000004    -0.000000   -25.776797

 Spin-squared expectation <S^2>:         7.004
 Total spin quantum number S:            2.193
 TOTAL ENERGY:                         -66.642273104
 Saving results in set 'HF'

 --------------------------------------------------------------------------------
                                command: unsoldw12                               
 --------------------------------------------------------------------------------
 Number of AO basis functions:         135

 DF basis set:                           def2-qzvppd-ri
 Number of DF basis functions:         261

 Unrestricted UW12 calculation:          
 Core spatial orbitals:                  0
 Correlated alpha orbitals:              9
 Correlated beta orbitals:               5

 ------------------
  UW12 Correlation 
 ------------------
 Factor for UW12 correlation:            1.000000000
 Same spin scale factor:                 0.000000000
 Calculate indirect contribution:        false
 Method for three electron term:         df_ri
 Auxiliary RI basis set:                 def2-QZVPPD-ri
 Number of RI basis functions:         261
 Gaussians in geminal expansion:         4
 UW12 screening threshold:               1.00e-10
 Method for density-fitting:             w(r)


 Reference energy:                     -66.642273104
 UW12 correlation energy:               -0.072208361
 Total UW12 energy:                    -66.714481464

 --------------------------------------------------------------------------------

 End time:                               Fri May 28 11:13:27 2021
 Total wall-clock time:                 10.276 seconds
==================================================================================
