
================================================================================
          _____________ ________ _______________ ________     _________         
         / ___________// ______ \\_____   _____// ______ \   / ________)        
        / /_________  / /      \ \     | |     / /      \ \ | (_______          
       |  __________|| |        | |    | |    | |        | | \________ \        
        \ \_________ | |        | |    | |     \ \______/ /___________) |       
         \__________||_|        |_|    |_|      \________//____________/        
                                                                                
====================================[ Qcore ]===================================

 Git hash:   6a88d58d269bf0d2ccfae91583c23a2b072b7633
 Git date:   Tue, 25 May 2021 10:36:49 +0100
 Compiler:   GNU 9.1.0
 Build type: Release
 Version:    1.3.0

 Start time: Fri May 28 11:14:01 2021

 Data directory: /newhome/zw18965/.local/qcore/share/entos/1.3.0/data
 Number of threads: 16
 Number of threads was determined by: number of physical cores

 --------------------------------------------------------------------------------
                                   command: hf                                   
 --------------------------------------------------------------------------------
 AO basis set:                           aug-cc-pvqz-combined-pp
 Number of AO basis functions:         135
 ECP on atom 1 (Pt):                     60 electrons

 Formula:                                Pt
 Nuclear charge:                        78.000000000
 Total charge:                           0.000000000
 Number of core electrons:              60
 Number of treated electrons:           18

 Number of alpha electrons:             10
 Number of beta electrons:               8
 Number of unpaired electrons:           2
 Spin:                                   2
 Multiplicity:                           triplet

 Theory:                                 hf
 Method for Coulomb:                     incore_df
 Method for exact exchange:              pre_transformed_df
 Integral threshold:                     1.00e-12
 DF basis set:                           def2-universal-jkfit
 Number of DF basis functions:         227
 Schwarz screening threshold:            1.00e-10
 Coulomb fitting method:                 Cholesky
 Method for AO orthogonalization:        symmetric
 Threshold for linear dependence:        1.00e-08

 -------------------------------------
  Running unrestricted open-shell SCF 
 -------------------------------------
 Max number of iterations:             128
 Conv. threshold (gradient):             1.00e-05
 Conv. threshold (energy):               1.00e-06
 Interpolation scheme:                   adiis+cdiis
 Initial guess:                          H0

 ---------------------------------------------------------------
                  energy        change          grad        time
 ---------------------------------------------------------------
   0      -104.170714241                    4.46e+00        0.01
   1       -96.652711627      7.52e+00      3.16e+00        0.01
   2      -113.110880625     -1.65e+01      2.75e+00        0.01
   3      -118.391180491     -5.28e+00      5.32e-01        0.01
   4      -118.483461620     -9.23e-02      2.12e-01        0.01
   5      -118.502460544     -1.90e-02      1.34e-01        0.01
   6      -118.514267650     -1.18e-02      4.72e-02        0.01
   7      -118.515289469     -1.02e-03      3.05e-02        0.02
   8      -118.515938669     -6.49e-04      2.57e-03        0.01
   9      -118.515948971     -1.03e-05      2.15e-03        0.01
  10      -118.515974561     -2.56e-05      1.17e-03        0.01
  11      -118.515980282     -5.72e-06      8.85e-04        0.01
  12      -118.515981156     -8.74e-07      7.47e-04        0.01
  13      -118.515982001     -8.45e-07      7.31e-04        0.01
  14      -118.515980469      1.53e-06      7.33e-04        0.01
  15      -118.515961219      1.92e-05      8.28e-04        0.01
  16      -118.515946388      1.48e-05      1.11e-03        0.01
  17      -118.515923537      2.29e-05      4.12e-03        0.01
  18      -118.515924406     -8.69e-07      2.88e-03        0.01
  19      -118.515910524      1.39e-05      5.19e-03        0.01
  20      -118.515908269      2.25e-06      6.39e-03        0.01
  21      -118.515914546     -6.28e-06      1.65e-03        0.01
  22      -118.515914942     -3.96e-07      6.49e-04        0.01
  23      -118.515914995     -5.33e-08      2.99e-04        0.01
  24      -118.515915007     -1.17e-08      2.93e-05        0.02
  25      -118.515915007      6.11e-11      2.86e-05        0.01
  26      -118.515915007      8.63e-12      3.02e-05        0.02
  27      -118.515915007     -1.33e-10      6.73e-06        0.02

 SCF converged in 27 iterations.

 Dipole moment (in Debye):               0.000000      -0.000000      -0.000000

 Quadrupole moment (in Debye-Angstrom):
                  1            2            3
 1       -23.672709     0.089697     0.181890
 2         0.089697   -23.494154     0.437666
 3         0.181890     0.437666   -22.822485

 Spin-squared expectation <S^2>:         2.003
 Total spin quantum number S:            1.001
 TOTAL ENERGY:                        -118.515915007
 Saving results in set 'HF'

 --------------------------------------------------------------------------------
                                command: unsoldw12                               
 --------------------------------------------------------------------------------
 Number of AO basis functions:         135

 DF basis set:                           def2-qzvppd-ri
 Number of DF basis functions:         252

 Unrestricted UW12 calculation:          
 Core spatial orbitals:                  0
 Correlated alpha orbitals:             10
 Correlated beta orbitals:               8

 ------------------
  UW12 Correlation 
 ------------------
 Factor for UW12 correlation:            1.000000000
 Same spin scale factor:                 0.000000000
 Calculate indirect contribution:        false
 Method for three electron term:         df_ri
 Auxiliary RI basis set:                 def2-QZVPPD-ri
 Number of RI basis functions:         252
 Gaussians in geminal expansion:         4
 UW12 screening threshold:               1.00e-10
 Method for density-fitting:             w(r)


 Reference energy:                    -118.515915007
 UW12 correlation energy:               -0.121643985
 Total UW12 energy:                   -118.637558992

 --------------------------------------------------------------------------------

 End time:                               Fri May 28 11:14:12 2021
 Total wall-clock time:                 10.786 seconds
==================================================================================
