
================================================================================
          _____________ ________ _______________ ________     _________         
         / ___________// ______ \\_____   _____// ______ \   / ________)        
        / /_________  / /      \ \     | |     / /      \ \ | (_______          
       |  __________|| |        | |    | |    | |        | | \________ \        
        \ \_________ | |        | |    | |     \ \______/ /___________) |       
         \__________||_|        |_|    |_|      \________//____________/        
                                                                                
====================================[ Qcore ]===================================

 Git hash:   6a88d58d269bf0d2ccfae91583c23a2b072b7633
 Git date:   Tue, 25 May 2021 10:36:49 +0100
 Compiler:   GNU 9.1.0
 Build type: Release
 Version:    1.3.0

 Start time: Fri May 28 11:14:52 2021

 Data directory: /newhome/zw18965/.local/qcore/share/entos/1.3.0/data
 Number of threads: 16
 Number of threads was determined by: number of physical cores

 --------------------------------------------------------------------------------
                                   command: hf                                   
 --------------------------------------------------------------------------------
 AO basis set:                           aug-cc-pvqz-combined-pp
 Number of AO basis functions:          92
 ECP on atom 1 (Pb):                     60 electrons

 Formula:                                Pb
 Nuclear charge:                        82.000000000
 Total charge:                           0.000000000
 Number of core electrons:              60
 Number of treated electrons:           22

 Number of alpha electrons:             12
 Number of beta electrons:              10
 Number of unpaired electrons:           2
 Spin:                                   2
 Multiplicity:                           triplet

 Theory:                                 hf
 Method for Coulomb:                     incore_df
 Method for exact exchange:              pre_transformed_df
 Integral threshold:                     1.00e-12
 DF basis set:                           def2-universal-jkfit
 Number of DF basis functions:         251
 Schwarz screening threshold:            1.00e-10
 Coulomb fitting method:                 Cholesky
 Method for AO orthogonalization:        symmetric
 Threshold for linear dependence:        1.00e-08

 -------------------------------------
  Running unrestricted open-shell SCF 
 -------------------------------------
 Max number of iterations:             128
 Conv. threshold (gradient):             1.00e-05
 Conv. threshold (energy):               1.00e-06
 Interpolation scheme:                   adiis+cdiis
 Initial guess:                          H0

 ---------------------------------------------------------------
                  energy        change          grad        time
 ---------------------------------------------------------------
   0      -181.144962434                    3.10e+00        0.01
   1      -147.998902417      3.31e+01      3.78e+00        0.01
   2      -185.262914658     -3.73e+01      2.79e+00        0.01
   3      -191.453179968     -6.19e+00      5.84e-01        0.01
   4      -191.758236029     -3.05e-01      3.79e-01        0.01
   5      -191.820766606     -6.25e-02      1.22e-01        0.01
   6      -191.833338625     -1.26e-02      6.52e-02        0.01
   7      -191.835619869     -2.28e-03      2.52e-02        0.01
   8      -191.836146852     -5.27e-04      1.42e-03        0.01
   9      -191.836147906     -1.05e-06      1.61e-04        0.01
  10      -191.836147920     -1.35e-08      1.75e-05        0.01
  11      -191.836147920     -2.69e-10      2.73e-06        0.01

 SCF converged in 11 iterations.

 Dipole moment (in Debye):               0.000000      -0.000000      -0.000000

 Quadrupole moment (in Debye-Angstrom):
                  1            2            3
 1       -31.610592    -0.085705     2.020721
 2        -0.085705   -32.235210    -0.272235
 3         2.020721    -0.272235   -25.828130

 Spin-squared expectation <S^2>:         2.011
 Total spin quantum number S:            1.004
 TOTAL ENERGY:                        -191.836147920
 Saving results in set 'HF'

 --------------------------------------------------------------------------------
                                command: unsoldw12                               
 --------------------------------------------------------------------------------
 Number of AO basis functions:          92

 DF basis set:                           def2-qzvppd-ri
 Number of DF basis functions:         281

 Unrestricted UW12 calculation:          
 Core spatial orbitals:                  4
 Correlated alpha orbitals:              8
 Correlated beta orbitals:               6

 ------------------
  UW12 Correlation 
 ------------------
 Factor for UW12 correlation:            1.000000000
 Same spin scale factor:                 0.000000000
 Calculate indirect contribution:        false
 Method for three electron term:         df_ri
 Auxiliary RI basis set:                 def2-QZVPPD-ri
 Number of RI basis functions:         281
 Gaussians in geminal expansion:         4
 UW12 screening threshold:               1.00e-10
 Method for density-fitting:             w(r)
 Number of core spatial orbitals:        4


 Reference energy:                    -191.836147920
 UW12 correlation energy:               -0.123104768
 Total UW12 energy:                   -191.959252688

 --------------------------------------------------------------------------------

 End time:                               Fri May 28 11:15:01 2021
 Total wall-clock time:                  8.905 seconds
==================================================================================
