
================================================================================
          _____________ ________ _______________ ________     _________         
         / ___________// ______ \\_____   _____// ______ \   / ________)        
        / /_________  / /      \ \     | |     / /      \ \ | (_______          
       |  __________|| |        | |    | |    | |        | | \________ \        
        \ \_________ | |        | |    | |     \ \______/ /___________) |       
         \__________||_|        |_|    |_|      \________//____________/        
                                                                                
====================================[ Qcore ]===================================

 Git hash:   6a88d58d269bf0d2ccfae91583c23a2b072b7633
 Git date:   Tue, 25 May 2021 10:36:49 +0100
 Compiler:   GNU 9.1.0
 Build type: Release
 Version:    1.3.0

 Start time: Wed Jun 16 15:26:44 2021

 Data directory: /newhome/zw18965/.local/qcore/share/entos/1.3.0/data
 Number of threads: 16
 Number of threads was determined by: number of physical cores

 --------------------------------------------------------------------------------
                                   command: hf                                   
 --------------------------------------------------------------------------------
 AO basis set:                           aug-pc-1
 Number of AO basis functions:          13

 Formula:                                Be
 Nuclear charge:                         4.000000000
 Total charge:                           0.000000000
 Number of electrons:                    4.000000000

 Number of alpha electrons:              2
 Number of beta electrons:               2
 Number of unpaired electrons:           0
 Spin:                                   0
 Multiplicity:                           singlet

 Theory:                                 hf
 Method for Coulomb:                     incore_df
 Method for exact exchange:              pre_transformed_df
 Integral threshold:                     1.00e-12
 DF basis set:                           def2-universal-jkfit
 Number of DF basis functions:          51
 Schwarz screening threshold:            1.00e-10
 Coulomb fitting method:                 Cholesky
 Method for AO orthogonalization:        symmetric
 Threshold for linear dependence:        1.00e-08

 -------------------------------------
  Running restricted closed-shell SCF 
 -------------------------------------
 Max number of iterations:             128
 Conv. threshold (gradient):             1.00e-05
 Conv. threshold (energy):               1.00e-06
 Interpolation scheme:                   adiis+cdiis
 Initial guess:                          H0

 ---------------------------------------------------------------
                  energy        change          grad        time
 ---------------------------------------------------------------
   0       -13.170515239                    1.74e+00        0.00
   1       -14.122246294     -9.52e-01      4.56e-01        0.00
   2       -14.558515855     -4.36e-01      1.04e-01        0.00
   3       -14.564634522     -6.12e-03      2.68e-02        0.00
   4       -14.565118436     -4.84e-04      6.99e-03        0.00
   5       -14.565165810     -4.74e-05      8.25e-05        0.00
   6       -14.565165813     -2.87e-09      6.33e-06        0.00

 SCF converged in 6 iterations.

 Dipole moment (in Debye):               0.000000       0.000000      -0.000000

 Quadrupole moment (in Debye-Angstrom):
                  1            2            3
 1        -7.788693     0.000000     0.000000
 2         0.000000    -7.788693    -0.000000
 3         0.000000    -0.000000    -7.788693

 Spin-squared expectation <S^2>:         0.000
 Total spin quantum number S:            0.000
 TOTAL ENERGY:                         -14.565165813
 Saving results in set 'HF'

 --------------------------------------------------------------------------------
                                command: unsoldw12                               
 --------------------------------------------------------------------------------
 Number of AO basis functions:          13

 DF basis set:                           def2-qzvppd-ri
 Number of DF basis functions:         101


 --------------------------
  Virtual UW12 Correlation 
 --------------------------
 Restricted Virtual UW12 calculation:    
 Core orbitals:                          1
 Correlated orbitals:                    1
 Virtual orbitals:                      11

 Opposite spin energy:                  -0.004564518

 Reference energy:                     -14.565165813
 UW12 correlation energy:               -0.004564518
 Total UW12 energy:                    -14.569730331

 --------------------------------------------------------------------------------

 End time:                               Wed Jun 16 15:26:44 2021
 Total wall-clock time:                  0.128 seconds
==================================================================================
