
================================================================================
          _____________ ________ _______________ ________     _________         
         / ___________// ______ \\_____   _____// ______ \   / ________)        
        / /_________  / /      \ \     | |     / /      \ \ | (_______          
       |  __________|| |        | |    | |    | |        | | \________ \        
        \ \_________ | |        | |    | |     \ \______/ /___________) |       
         \__________||_|        |_|    |_|      \________//____________/        
                                                                                
====================================[ Qcore ]===================================

 Git hash:   6a88d58d269bf0d2ccfae91583c23a2b072b7633
 Git date:   Tue, 25 May 2021 10:36:49 +0100
 Compiler:   GNU 9.1.0
 Build type: Release
 Version:    1.3.0

 Start time: Wed Jun 16 15:26:46 2021

 Data directory: /newhome/zw18965/.local/qcore/share/entos/1.3.0/data
 Number of threads: 16
 Number of threads was determined by: number of physical cores

 --------------------------------------------------------------------------------
                                   command: hf                                   
 --------------------------------------------------------------------------------
 AO basis set:                           aug-pc-1
 Number of AO basis functions:          27

 Formula:                                P
 Nuclear charge:                        15.000000000
 Total charge:                           0.000000000
 Number of electrons:                   15.000000000

 Number of alpha electrons:              9
 Number of beta electrons:               6
 Number of unpaired electrons:           3
 Spin:                                   3
 Multiplicity:                           quartet

 Theory:                                 hf
 Method for Coulomb:                     incore_df
 Method for exact exchange:              pre_transformed_df
 Integral threshold:                     1.00e-12
 DF basis set:                           def2-universal-jkfit
 Number of DF basis functions:         128
 Schwarz screening threshold:            1.00e-10
 Coulomb fitting method:                 Cholesky
 Method for AO orthogonalization:        symmetric
 Threshold for linear dependence:        1.00e-08

 -------------------------------------
  Running unrestricted open-shell SCF 
 -------------------------------------
 Max number of iterations:             128
 Conv. threshold (gradient):             1.00e-05
 Conv. threshold (energy):               1.00e-06
 Interpolation scheme:                   adiis+cdiis
 Initial guess:                          H0

 ---------------------------------------------------------------
                  energy        change          grad        time
 ---------------------------------------------------------------
   0      -338.561741421                    9.52e-01        0.00
   1      -340.653766240     -2.09e+00      1.76e-01        0.00
   2      -340.691589900     -3.78e-02      5.42e-02        0.00
   3      -340.694984071     -3.39e-03      1.64e-02        0.00
   4      -340.695452354     -4.68e-04      3.89e-03        0.00
   5      -340.695465983     -1.36e-05      4.76e-04        0.00
   6      -340.695466538     -5.55e-07      5.36e-05        0.00
   7      -340.695466542     -3.70e-09      5.32e-06        0.00

 SCF converged in 7 iterations.

 Dipole moment (in Debye):              -0.000000       0.000000       0.000000

 Quadrupole moment (in Debye-Angstrom):
                  1            2            3
 1       -13.740905     0.000000    -0.000000
 2         0.000000   -13.740905     0.000000
 3        -0.000000     0.000000   -13.740905

 Spin-squared expectation <S^2>:         3.750
 Total spin quantum number S:            1.500
 TOTAL ENERGY:                        -340.695466542
 Saving results in set 'HF'

 --------------------------------------------------------------------------------
                                command: unsoldw12                               
 --------------------------------------------------------------------------------
 Number of AO basis functions:          27

 DF basis set:                           def2-qzvppd-ri
 Number of DF basis functions:         183


 --------------------------
  Virtual UW12 Correlation 
 --------------------------
 Unrestricted MP2 calculation:           
 Core spatial orbitals:                  5
 Correlated alpha orbitals:              4
 Correlated beta orbitals:               1
 Virtual alpha orbitals:                18
 Virtual beta orbitals:                 21

 Opposite spin energy:                  -0.012369671

 Reference energy:                    -340.695466542
 UW12 correlation energy:               -0.012369671
 Total UW12 energy:                   -340.707836213

 --------------------------------------------------------------------------------

 End time:                               Wed Jun 16 15:26:46 2021
 Total wall-clock time:                  0.241 seconds
==================================================================================
