
================================================================================
          _____________ ________ _______________ ________     _________         
         / ___________// ______ \\_____   _____// ______ \   / ________)        
        / /_________  / /      \ \     | |     / /      \ \ | (_______          
       |  __________|| |        | |    | |    | |        | | \________ \        
        \ \_________ | |        | |    | |     \ \______/ /___________) |       
         \__________||_|        |_|    |_|      \________//____________/        
                                                                                
====================================[ Qcore ]===================================

 Git hash:   6a88d58d269bf0d2ccfae91583c23a2b072b7633
 Git date:   Tue, 25 May 2021 10:36:49 +0100
 Compiler:   GNU 9.1.0
 Build type: Release
 Version:    1.3.0

 Start time: Wed Jun 16 15:26:47 2021

 Data directory: /newhome/zw18965/.local/qcore/share/entos/1.3.0/data
 Number of threads: 16
 Number of threads was determined by: number of physical cores

 --------------------------------------------------------------------------------
                                   command: hf                                   
 --------------------------------------------------------------------------------
 AO basis set:                           aug-pc-1
 Number of AO basis functions:          27

 Formula:                                Ar
 Nuclear charge:                        18.000000000
 Total charge:                           0.000000000
 Number of electrons:                   18.000000000

 Number of alpha electrons:              9
 Number of beta electrons:               9
 Number of unpaired electrons:           0
 Spin:                                   0
 Multiplicity:                           singlet

 Theory:                                 hf
 Method for Coulomb:                     incore_df
 Method for exact exchange:              pre_transformed_df
 Integral threshold:                     1.00e-12
 DF basis set:                           def2-universal-jkfit
 Number of DF basis functions:         128
 Schwarz screening threshold:            1.00e-10
 Coulomb fitting method:                 Cholesky
 Method for AO orthogonalization:        symmetric
 Threshold for linear dependence:        1.00e-08

 -------------------------------------
  Running restricted closed-shell SCF 
 -------------------------------------
 Max number of iterations:             128
 Conv. threshold (gradient):             1.00e-05
 Conv. threshold (energy):               1.00e-06
 Interpolation scheme:                   adiis+cdiis
 Initial guess:                          H0

 ---------------------------------------------------------------
                  energy        change          grad        time
 ---------------------------------------------------------------
   0      -522.995843397                    2.83e+00        0.00
   1      -525.972417205     -2.98e+00      1.29e+00        0.00
   2      -526.687008636     -7.15e-01      5.91e-01        0.00
   3      -526.775581578     -8.86e-02      1.19e-01        0.00
   4      -526.781760261     -6.18e-03      4.48e-02        0.00
   5      -526.782188855     -4.29e-04      7.95e-03        0.00
   6      -526.782219375     -3.05e-05      7.43e-05        0.00
   7      -526.782219378     -2.73e-09      1.31e-06        0.00

 SCF converged in 7 iterations.

 Dipole moment (in Debye):              -0.000000      -0.000000       0.000000

 Quadrupole moment (in Debye-Angstrom):
                  1            2            3
 1       -11.787580    -0.000000     0.000000
 2        -0.000000   -11.787580    -0.000000
 3         0.000000    -0.000000   -11.787580

 Spin-squared expectation <S^2>:         0.000
 Total spin quantum number S:            0.000
 TOTAL ENERGY:                        -526.782219378
 Saving results in set 'HF'

 --------------------------------------------------------------------------------
                                command: unsoldw12                               
 --------------------------------------------------------------------------------
 Number of AO basis functions:          27

 DF basis set:                           def2-qzvppd-ri
 Number of DF basis functions:         183


 --------------------------
  Virtual UW12 Correlation 
 --------------------------
 Restricted Virtual UW12 calculation:    
 Core orbitals:                          5
 Correlated orbitals:                    4
 Virtual orbitals:                      18

 Opposite spin energy:                  -0.029484543

 Reference energy:                    -526.782219378
 UW12 correlation energy:               -0.029484543
 Total UW12 energy:                   -526.811703921

 --------------------------------------------------------------------------------

 End time:                               Wed Jun 16 15:26:47 2021
 Total wall-clock time:                  0.225 seconds
==================================================================================
