
================================================================================
          _____________ ________ _______________ ________     _________         
         / ___________// ______ \\_____   _____// ______ \   / ________)        
        / /_________  / /      \ \     | |     / /      \ \ | (_______          
       |  __________|| |        | |    | |    | |        | | \________ \        
        \ \_________ | |        | |    | |     \ \______/ /___________) |       
         \__________||_|        |_|    |_|      \________//____________/        
                                                                                
====================================[ Qcore ]===================================

 Git hash:   6a88d58d269bf0d2ccfae91583c23a2b072b7633
 Git date:   Tue, 25 May 2021 10:36:49 +0100
 Compiler:   GNU 9.1.0
 Build type: Release
 Version:    1.3.0

 Start time: Wed Jun 16 15:26:51 2021

 Data directory: /newhome/zw18965/.local/qcore/share/entos/1.3.0/data
 Number of threads: 16
 Number of threads was determined by: number of physical cores

 --------------------------------------------------------------------------------
                                   command: hf                                   
 --------------------------------------------------------------------------------
 AO basis set:                           aug-pc-1
 Number of AO basis functions:          47

 Formula:                                V
 Nuclear charge:                        23.000000000
 Total charge:                           0.000000000
 Number of electrons:                   23.000000000

 Number of alpha electrons:             13
 Number of beta electrons:              10
 Number of unpaired electrons:           3
 Spin:                                   3
 Multiplicity:                           quartet

 Theory:                                 hf
 Method for Coulomb:                     incore_df
 Method for exact exchange:              pre_transformed_df
 Integral threshold:                     1.00e-12
 DF basis set:                           def2-universal-jkfit
 Number of DF basis functions:         264
 Schwarz screening threshold:            1.00e-10
 Coulomb fitting method:                 Cholesky
 Method for AO orthogonalization:        symmetric
 Threshold for linear dependence:        1.00e-08

 -------------------------------------
  Running unrestricted open-shell SCF 
 -------------------------------------
 Max number of iterations:             128
 Conv. threshold (gradient):             1.00e-05
 Conv. threshold (energy):               1.00e-06
 Interpolation scheme:                   adiis+cdiis
 Initial guess:                          H0

 ---------------------------------------------------------------
                  energy        change          grad        time
 ---------------------------------------------------------------
   0      -940.205715614                    1.03e+00        0.00
   1      -938.449707182      1.76e+00      9.20e-01        0.00
   2      -941.288628720     -2.84e+00      5.48e-01        0.00
   3      -942.729913954     -1.44e+00      1.47e-01        0.00
   4      -942.752240031     -2.23e-02      6.27e-02        0.00
   5      -942.756246022     -4.01e-03      2.84e-02        0.00
   6      -942.757361675     -1.12e-03      1.15e-02        0.00
   7      -942.757582302     -2.21e-04      3.02e-03        0.00
   8      -942.757599179     -1.69e-05      2.56e-03        0.00
   9      -942.757608524     -9.34e-06      2.25e-03        0.00
  10      -942.757620644     -1.21e-05      2.10e-03        0.00
  11      -942.757641957     -2.13e-05      1.89e-03        0.00
  12      -942.757646740     -4.78e-06      1.83e-03        0.00
  13      -942.757626341      2.04e-05      1.75e-03        0.00
  14      -942.757569170      5.72e-05      1.46e-03        0.00
  15      -942.757568648      5.21e-07      1.44e-03        0.00
  16      -942.757554272      1.44e-05      1.13e-03        0.00
  17      -942.757555373     -1.10e-06      7.70e-04        0.00
  18      -942.757555663     -2.89e-07      7.46e-04        0.00
  19      -942.757557413     -1.75e-06      7.41e-04        0.00
  20      -942.757561854     -4.44e-06      7.35e-04        0.00
  21      -942.757565986     -4.13e-06      7.38e-04        0.00
  22      -942.757593626     -2.76e-05      7.75e-04        0.00
  23      -942.757592809      8.17e-07      7.36e-04        0.00
  24      -942.757592443      3.66e-07      7.98e-04        0.00
  25      -942.757590176      2.27e-06      7.20e-04        0.00
  26      -942.757599638     -9.46e-06      6.70e-04        0.00
  27      -942.757626142     -2.65e-05      5.90e-04        0.00
  28      -942.757641208     -1.51e-05      6.87e-04        0.00
  29      -942.757641147      6.12e-08      7.60e-04        0.00
  30      -942.757644553     -3.41e-06      1.21e-03        0.00
  31      -942.757644480      7.37e-08      1.28e-03        0.00
  32      -942.757644247      2.33e-07      6.96e-04        0.00
  33      -942.757644523     -2.76e-07      6.35e-04        0.00
  34      -942.757645518     -9.95e-07      6.39e-04        0.00
  35      -942.757645719     -2.01e-07      8.87e-04        0.00
  36      -942.757645966     -2.47e-07      9.42e-04        0.00
  37      -942.757645793      1.74e-07      6.34e-04        0.00
  38      -942.757645045      7.48e-07      3.31e-04        0.00
  39      -942.757645800     -7.55e-07      2.92e-04        0.00
  40      -942.757647091     -1.29e-06      2.23e-04        0.00
  41      -942.757647209     -1.17e-07      1.96e-04        0.00
  42      -942.757647220     -1.14e-08      1.94e-04        0.00
  43      -942.757647234     -1.46e-08      1.91e-04        0.00
  44      -942.757647143      9.16e-08      1.93e-04        0.00
  45      -942.757647075      6.78e-08      1.78e-04        0.00
  46      -942.757646831      2.45e-07      1.54e-04        0.00
  47      -942.757646654      1.76e-07      1.47e-04        0.00
  48      -942.757646344      3.11e-07      1.16e-04        0.00
  49      -942.757646176      1.68e-07      6.66e-05        0.00
  50      -942.757646125      5.08e-08      4.33e-05        0.00
  51      -942.757646113      1.22e-08      4.08e-05        0.00
  52      -942.757646117     -3.81e-09      3.57e-05        0.00
  53      -942.757646145     -2.78e-08      2.53e-05        0.00
  54      -942.757646177     -3.24e-08      1.81e-05        0.00
  55      -942.757646182     -4.93e-09      1.21e-05        0.00
  56      -942.757646180      1.50e-09      5.71e-06        0.00

 SCF converged in 56 iterations.

 Dipole moment (in Debye):               0.000000      -0.000000       0.000000

 Quadrupole moment (in Debye-Angstrom):
                  1            2            3
 1       -19.833008    -0.200369     0.012869
 2        -0.200369   -19.770183    -0.015018
 3         0.012869    -0.015018   -20.003581

 Spin-squared expectation <S^2>:         4.751
 Total spin quantum number S:            1.736
 TOTAL ENERGY:                        -942.757646180
 Saving results in set 'HF'

 --------------------------------------------------------------------------------
                                command: unsoldw12                               
 --------------------------------------------------------------------------------
 Number of AO basis functions:          47

 DF basis set:                           def2-qzvppd-ri
 Number of DF basis functions:         309


 --------------------------
  Virtual UW12 Correlation 
 --------------------------
 Unrestricted MP2 calculation:           
 Core spatial orbitals:                  5
 Correlated alpha orbitals:              8
 Correlated beta orbitals:               5
 Virtual alpha orbitals:                34
 Virtual beta orbitals:                 37

 Opposite spin energy:                  -0.031591685

 Reference energy:                    -942.757646180
 UW12 correlation energy:               -0.031591685
 Total UW12 energy:                   -942.789237865

 --------------------------------------------------------------------------------

 End time:                               Wed Jun 16 15:26:52 2021
 Total wall-clock time:                  0.806 seconds
==================================================================================
