
================================================================================
          _____________ ________ _______________ ________     _________         
         / ___________// ______ \\_____   _____// ______ \   / ________)        
        / /_________  / /      \ \     | |     / /      \ \ | (_______          
       |  __________|| |        | |    | |    | |        | | \________ \        
        \ \_________ | |        | |    | |     \ \______/ /___________) |       
         \__________||_|        |_|    |_|      \________//____________/        
                                                                                
====================================[ Qcore ]===================================

 Git hash:   6a88d58d269bf0d2ccfae91583c23a2b072b7633
 Git date:   Tue, 25 May 2021 10:36:49 +0100
 Compiler:   GNU 9.1.0
 Build type: Release
 Version:    1.3.0

 Start time: Mon Jun  7 13:15:51 2021

 Data directory: /newhome/zw18965/.local/qcore/share/entos/1.3.0/data
 Number of threads: 16
 Number of threads was determined by: number of physical cores

 --------------------------------------------------------------------------------
                                   command: hf                                   
 --------------------------------------------------------------------------------
 AO basis set:                           aug-cc-pvtz-combined-pp
 Number of AO basis functions:          46

 Formula:                                C
 Nuclear charge:                         6.000000000
 Total charge:                           0.000000000
 Number of electrons:                    6.000000000

 Number of alpha electrons:              3
 Number of beta electrons:               3
 Number of unpaired electrons:           0
 Spin:                                   0
 Multiplicity:                           singlet

 Theory:                                 hf
 Method for Coulomb:                     incore_df
 Method for exact exchange:              pre_transformed_df
 Integral threshold:                     1.00e-12
 DF basis set:                           def2-universal-jkfit
 Number of DF basis functions:          75
 Schwarz screening threshold:            1.00e-10
 Coulomb fitting method:                 Cholesky
 Method for AO orthogonalization:        symmetric
 Threshold for linear dependence:        1.00e-08

 -------------------------------------
  Running restricted closed-shell SCF 
 -------------------------------------
 Max number of iterations:             128
 Conv. threshold (gradient):             1.00e-05
 Conv. threshold (energy):               1.00e-06
 Interpolation scheme:                   adiis+cdiis
 Initial guess:                          H0

 ---------------------------------------------------------------
                  energy        change          grad        time
 ---------------------------------------------------------------
   0       -34.743906750                    4.58e+00        0.00
   1       -36.715913794     -1.97e+00      1.33e+00        0.00
   2       -37.509068579     -7.93e-01      8.90e-01        0.00
   3       -37.601936025     -9.29e-02      1.15e-01        0.00
   4       -37.602999540     -1.06e-03      1.56e-02        0.00
   5       -37.603047260     -4.77e-05      3.68e-03        0.00
   6       -37.603051531     -4.27e-06      2.62e-04        0.00
   7       -37.603051560     -2.94e-08      3.22e-05        0.00
   8       -37.603051560     -1.32e-10      1.10e-05        0.00
   9       -37.603051560     -2.13e-11      3.81e-07        0.00

 SCF converged in 9 iterations.

 Dipole moment (in Debye):               0.000000      -0.000000      -0.000000

 Quadrupole moment (in Debye-Angstrom):
                  1            2            3
 1        -8.101137    -1.161502     1.759122
 2        -1.161502    -5.516942     0.674440
 3         1.759122     0.674440    -6.093082

 Spin-squared expectation <S^2>:         0.000
 Total spin quantum number S:            0.000
 TOTAL ENERGY:                         -37.603051560
 Saving results in set 'HF'

 --------------------------------------------------------------------------------
                                command: unsoldw12                               
 --------------------------------------------------------------------------------
 Number of AO basis functions:          46

 DF basis set:                           def2-qzvppd-ri
 Number of DF basis functions:         157


 --------------------------
  Virtual UW12 Correlation 
 --------------------------
 Restricted Virtual UW12 calculation:    
 Core orbitals:                          1
 Correlated orbitals:                    2
 Virtual orbitals:                      43

 Opposite spin energy:                  -0.015094387

 Reference energy:                     -37.603051560
 UW12 correlation energy:               -0.015094387
 Total UW12 energy:                    -37.618145947

 --------------------------------------------------------------------------------

 End time:                               Mon Jun  7 13:15:52 2021
 Total wall-clock time:                  0.438 seconds
==================================================================================
