
================================================================================
          _____________ ________ _______________ ________     _________         
         / ___________// ______ \\_____   _____// ______ \   / ________)        
        / /_________  / /      \ \     | |     / /      \ \ | (_______          
       |  __________|| |        | |    | |    | |        | | \________ \        
        \ \_________ | |        | |    | |     \ \______/ /___________) |       
         \__________||_|        |_|    |_|      \________//____________/        
                                                                                
====================================[ Qcore ]===================================

 Git hash:   6a88d58d269bf0d2ccfae91583c23a2b072b7633
 Git date:   Tue, 25 May 2021 10:36:49 +0100
 Compiler:   GNU 9.1.0
 Build type: Release
 Version:    1.3.0

 Start time: Mon Jun  7 13:15:53 2021

 Data directory: /newhome/zw18965/.local/qcore/share/entos/1.3.0/data
 Number of threads: 16
 Number of threads was determined by: number of physical cores

 --------------------------------------------------------------------------------
                                   command: hf                                   
 --------------------------------------------------------------------------------
 AO basis set:                           aug-cc-pvtz-combined-pp
 Number of AO basis functions:          50

 Formula:                                Si
 Nuclear charge:                        14.000000000
 Total charge:                           0.000000000
 Number of electrons:                   14.000000000

 Number of alpha electrons:              7
 Number of beta electrons:               7
 Number of unpaired electrons:           0
 Spin:                                   0
 Multiplicity:                           singlet

 Theory:                                 hf
 Method for Coulomb:                     incore_df
 Method for exact exchange:              pre_transformed_df
 Integral threshold:                     1.00e-12
 DF basis set:                           def2-universal-jkfit
 Number of DF basis functions:         128
 Schwarz screening threshold:            1.00e-10
 Coulomb fitting method:                 Cholesky
 Method for AO orthogonalization:        symmetric
 Threshold for linear dependence:        1.00e-08

 -------------------------------------
  Running restricted closed-shell SCF 
 -------------------------------------
 Max number of iterations:             128
 Conv. threshold (gradient):             1.00e-05
 Conv. threshold (energy):               1.00e-06
 Interpolation scheme:                   adiis+cdiis
 Initial guess:                          H0

 ---------------------------------------------------------------
                  energy        change          grad        time
 ---------------------------------------------------------------
   0      -279.237070069                    4.72e+00        0.00
   1      -286.609504218     -7.37e+00      2.79e+00        0.00
   2      -288.545890677     -1.94e+00      1.09e+00        0.00
   3      -288.789266306     -2.43e-01      2.07e-01        0.00
   4      -288.795700177     -6.43e-03      4.66e-02        0.00
   5      -288.795981206     -2.81e-04      9.44e-03        0.00
   6      -288.796000357     -1.92e-05      8.52e-04        0.00
   7      -288.796000705     -3.48e-07      9.64e-05        0.00
   8      -288.796000713     -8.45e-09      2.15e-05        0.00
   9      -288.796000713     -4.00e-10      1.72e-06        0.00

 SCF converged in 9 iterations.

 Dipole moment (in Debye):              -0.000000      -0.000000      -0.000000

 Quadrupole moment (in Debye-Angstrom):
                  1            2            3
 1       -11.808362    -0.002350    -0.053345
 2        -0.002350   -11.827899    -0.449853
 3        -0.053345    -0.449853   -22.020639

 Spin-squared expectation <S^2>:         0.000
 Total spin quantum number S:            0.000
 TOTAL ENERGY:                        -288.796000713
 Saving results in set 'HF'

 --------------------------------------------------------------------------------
                                command: unsoldw12                               
 --------------------------------------------------------------------------------
 Number of AO basis functions:          50

 DF basis set:                           def2-qzvppd-ri
 Number of DF basis functions:         183


 --------------------------
  Virtual UW12 Correlation 
 --------------------------
 Restricted Virtual UW12 calculation:    
 Core orbitals:                          5
 Correlated orbitals:                    2
 Virtual orbitals:                      43

 Opposite spin energy:                  -0.015038574

 Reference energy:                    -288.796000713
 UW12 correlation energy:               -0.015038574
 Total UW12 energy:                   -288.811039288

 --------------------------------------------------------------------------------

 End time:                               Mon Jun  7 13:15:54 2021
 Total wall-clock time:                  0.689 seconds
==================================================================================
