
================================================================================
          _____________ ________ _______________ ________     _________         
         / ___________// ______ \\_____   _____// ______ \   / ________)        
        / /_________  / /      \ \     | |     / /      \ \ | (_______          
       |  __________|| |        | |    | |    | |        | | \________ \        
        \ \_________ | |        | |    | |     \ \______/ /___________) |       
         \__________||_|        |_|    |_|      \________//____________/        
                                                                                
====================================[ Qcore ]===================================

 Git hash:   6a88d58d269bf0d2ccfae91583c23a2b072b7633
 Git date:   Tue, 25 May 2021 10:36:49 +0100
 Compiler:   GNU 9.1.0
 Build type: Release
 Version:    1.3.0

 Start time: Mon Jun  7 13:16:20 2021

 Data directory: /newhome/zw18965/.local/qcore/share/entos/1.3.0/data
 Number of threads: 16
 Number of threads was determined by: number of physical cores

 --------------------------------------------------------------------------------
                                   command: hf                                   
 --------------------------------------------------------------------------------
 AO basis set:                           aug-cc-pvtz-combined-pp
 Number of AO basis functions:          93

 Formula:                                Ni
 Nuclear charge:                        28.000000000
 Total charge:                           0.000000000
 Number of electrons:                   28.000000000

 Number of alpha electrons:             14
 Number of beta electrons:              14
 Number of unpaired electrons:           0
 Spin:                                   0
 Multiplicity:                           singlet

 Theory:                                 hf
 Method for Coulomb:                     incore_df
 Method for exact exchange:              pre_transformed_df
 Integral threshold:                     1.00e-12
 DF basis set:                           def2-universal-jkfit
 Number of DF basis functions:         264
 Schwarz screening threshold:            1.00e-10
 Coulomb fitting method:                 Cholesky
 Method for AO orthogonalization:        symmetric
 Threshold for linear dependence:        1.00e-08

 -------------------------------------
  Running restricted closed-shell SCF 
 -------------------------------------
 Max number of iterations:             128
 Conv. threshold (gradient):             1.00e-05
 Conv. threshold (energy):               1.00e-06
 Interpolation scheme:                   adiis+cdiis
 Initial guess:                          H0

 ---------------------------------------------------------------
                  energy        change          grad        time
 ---------------------------------------------------------------
   0     -1441.885247937                    1.42e+01        0.01
   1     -1385.885334778      5.60e+01      2.41e+01        0.02
   2     -1471.376100534     -8.55e+01      1.13e+01        0.01
   3     -1502.570085315     -3.12e+01      4.79e+00        0.01
   4     -1500.669282621      1.90e+00      5.58e+00        0.01
   5     -1506.686505906     -6.02e+00      5.51e-01        0.01
   6     -1506.708394910     -2.19e-02      4.85e-01        0.01
   7     -1506.740866714     -3.25e-02      1.33e-01        0.01
   8     -1506.741311777     -4.45e-04      1.13e-01        0.01
   9     -1506.743161000     -1.85e-03      1.15e-02        0.01
  10     -1506.743167351     -6.35e-06      8.38e-03        0.02
  11     -1506.743176606     -9.26e-06      2.09e-04        0.01
  12     -1506.743176611     -4.87e-09      2.57e-05        0.01
  13     -1506.743176611     -2.24e-10      3.58e-06        0.01

 SCF converged in 13 iterations.

 Dipole moment (in Debye):               0.000000      -0.000000       0.000000

 Quadrupole moment (in Debye-Angstrom):
                  1            2            3
 1       -16.783338     0.000000     0.000000
 2         0.000000   -16.783338     0.000000
 3         0.000000     0.000000   -17.215277

 Spin-squared expectation <S^2>:         0.000
 Total spin quantum number S:            0.000
 TOTAL ENERGY:                       -1506.743176611
 Saving results in set 'HF'

 --------------------------------------------------------------------------------
                                command: unsoldw12                               
 --------------------------------------------------------------------------------
 Number of AO basis functions:          93

 DF basis set:                           def2-qzvppd-ri
 Number of DF basis functions:         316


 --------------------------
  Virtual UW12 Correlation 
 --------------------------
 Restricted Virtual UW12 calculation:    
 Core orbitals:                          5
 Correlated orbitals:                    9
 Virtual orbitals:                      79

 Opposite spin energy:                  -0.077444938

 Reference energy:                   -1506.743176611
 UW12 correlation energy:               -0.077444938
 Total UW12 energy:                  -1506.820621549

 --------------------------------------------------------------------------------

 End time:                               Mon Jun  7 13:16:28 2021
 Total wall-clock time:                  7.952 seconds
==================================================================================
