
================================================================================
          _____________ ________ _______________ ________     _________         
         / ___________// ______ \\_____   _____// ______ \   / ________)        
        / /_________  / /      \ \     | |     / /      \ \ | (_______          
       |  __________|| |        | |    | |    | |        | | \________ \        
        \ \_________ | |        | |    | |     \ \______/ /___________) |       
         \__________||_|        |_|    |_|      \________//____________/        
                                                                                
====================================[ Qcore ]===================================

 Git hash:   6a88d58d269bf0d2ccfae91583c23a2b072b7633
 Git date:   Tue, 25 May 2021 10:36:49 +0100
 Compiler:   GNU 9.1.0
 Build type: Release
 Version:    1.3.0

 Start time: Mon Jun  7 13:17:29 2021

 Data directory: /newhome/zw18965/.local/qcore/share/entos/1.3.0/data
 Number of threads: 16
 Number of threads was determined by: number of physical cores

 --------------------------------------------------------------------------------
                                   command: hf                                   
 --------------------------------------------------------------------------------
 AO basis set:                           aug-cc-pvtz-combined-pp
 Number of AO basis functions:          55
 ECP on atom 1 (Xe):                     28 electrons

 Formula:                                Xe
 Nuclear charge:                        54.000000000
 Total charge:                           0.000000000
 Number of core electrons:              28
 Number of treated electrons:           26

 Number of alpha electrons:             13
 Number of beta electrons:              13
 Number of unpaired electrons:           0
 Spin:                                   0
 Multiplicity:                           singlet

 Theory:                                 hf
 Method for Coulomb:                     incore_df
 Method for exact exchange:              pre_transformed_df
 Integral threshold:                     1.00e-12
 DF basis set:                           def2-universal-jkfit
 Number of DF basis functions:         218
 Schwarz screening threshold:            1.00e-10
 Coulomb fitting method:                 Cholesky
 Method for AO orthogonalization:        symmetric
 Threshold for linear dependence:        1.00e-08

 -------------------------------------
  Running restricted closed-shell SCF 
 -------------------------------------
 Max number of iterations:             128
 Conv. threshold (gradient):             1.00e-05
 Conv. threshold (energy):               1.00e-06
 Interpolation scheme:                   adiis+cdiis
 Initial guess:                          H0

 ---------------------------------------------------------------
                  energy        change          grad        time
 ---------------------------------------------------------------
   0      -313.492971428                    8.01e+00        0.00
   1      -320.828667709     -7.34e+00      3.85e+00        0.00
   2      -326.687361696     -5.86e+00      2.15e+00        0.00
   3      -328.048851289     -1.36e+00      7.87e-01        0.01
   4      -328.264249449     -2.15e-01      3.97e-01        0.00
   5      -328.294142499     -2.99e-02      1.19e-01        0.01
   6      -328.298082595     -3.94e-03      4.95e-02        0.01
   7      -328.298566109     -4.84e-04      1.58e-02        0.00
   8      -328.298637591     -7.15e-05      1.27e-05        0.00
   9      -328.298637591     -1.56e-10      8.86e-07        0.01

 SCF converged in 9 iterations.

 Dipole moment (in Debye):               0.000000       0.000000       0.000000

 Quadrupole moment (in Debye-Angstrom):
                  1            2            3
 1       -26.529803     0.000000     0.000000
 2         0.000000   -26.529803     0.000000
 3         0.000000     0.000000   -26.529803

 Spin-squared expectation <S^2>:         0.000
 Total spin quantum number S:            0.000
 TOTAL ENERGY:                        -328.298637591
 Saving results in set 'HF'

 --------------------------------------------------------------------------------
                                command: unsoldw12                               
 --------------------------------------------------------------------------------
 Number of AO basis functions:          55

 DF basis set:                           def2-qzvppd-ri
 Number of DF basis functions:         292


 --------------------------
  Virtual UW12 Correlation 
 --------------------------
 Restricted Virtual UW12 calculation:    
 Core orbitals:                          4
 Correlated orbitals:                    9
 Virtual orbitals:                      42

 Opposite spin energy:                  -0.052846076

 Reference energy:                    -328.298637591
 UW12 correlation energy:               -0.052846076
 Total UW12 energy:                   -328.351483667

 --------------------------------------------------------------------------------

 End time:                               Mon Jun  7 13:17:33 2021
 Total wall-clock time:                  4.506 seconds
==================================================================================
