
================================================================================
          _____________ ________ _______________ ________     _________         
         / ___________// ______ \\_____   _____// ______ \   / ________)        
        / /_________  / /      \ \     | |     / /      \ \ | (_______          
       |  __________|| |        | |    | |    | |        | | \________ \        
        \ \_________ | |        | |    | |     \ \______/ /___________) |       
         \__________||_|        |_|    |_|      \________//____________/        
                                                                                
====================================[ Qcore ]===================================

 Git hash:   6a88d58d269bf0d2ccfae91583c23a2b072b7633
 Git date:   Tue, 25 May 2021 10:36:49 +0100
 Compiler:   GNU 9.1.0
 Build type: Release
 Version:    1.3.0

 Start time: Thu Jun 10 16:13:46 2021

 Data directory: /newhome/zw18965/.local/qcore/share/entos/1.3.0/data
 Number of threads: 16
 Number of threads was determined by: number of physical cores

 --------------------------------------------------------------------------------
                                   command: hf                                   
 --------------------------------------------------------------------------------
 AO basis set:                           def2-qzvp
 Number of AO basis functions:          70

 Formula:                                S
 Nuclear charge:                        16.000000000
 Total charge:                           0.000000000
 Number of electrons:                   16.000000000

 Number of alpha electrons:              9
 Number of beta electrons:               7
 Number of unpaired electrons:           2
 Spin:                                   2
 Multiplicity:                           triplet

 Theory:                                 hf
 Method for Coulomb:                     incore_df
 Method for exact exchange:              pre_transformed_df
 Integral threshold:                     1.00e-12
 DF basis set:                           def2-universal-jkfit
 Number of DF basis functions:         128
 Schwarz screening threshold:            1.00e-10
 Coulomb fitting method:                 Cholesky
 Method for AO orthogonalization:        symmetric
 Threshold for linear dependence:        1.00e-08

 -------------------------------------
  Running unrestricted open-shell SCF 
 -------------------------------------
 Max number of iterations:             128
 Conv. threshold (gradient):             1.00e-05
 Conv. threshold (energy):               1.00e-06
 Interpolation scheme:                   adiis+cdiis
 Initial guess:                          H0

 ---------------------------------------------------------------
                  energy        change          grad        time
 ---------------------------------------------------------------
   0      -350.339005843                    1.61e+01        0.00
   1      -385.990856125     -3.57e+01      6.44e+00        0.00
   2      -395.318704304     -9.33e+00      2.74e+00        0.00
   3      -397.307551856     -1.99e+00      8.21e-01        0.00
   4      -397.500814437     -1.93e-01      2.36e-01        0.00
   5      -397.512287095     -1.15e-02      5.97e-02        0.00
   6      -397.512941996     -6.55e-04      1.31e-02        0.00
   7      -397.513000715     -5.87e-05      2.11e-03        0.00
   8      -397.513006672     -5.96e-06      4.98e-04        0.00
   9      -397.513007024     -3.52e-07      9.33e-05        0.00
  10      -397.513007034     -1.02e-08      1.38e-05        0.00
  11      -397.513007034     -7.67e-11      1.73e-06        0.00

 SCF converged in 11 iterations.

 Dipole moment (in Debye):               0.000000       0.000000       0.000000

 Quadrupole moment (in Debye-Angstrom):
                  1            2            3
 1       -12.155255    -0.017514    -0.461044
 2        -0.017514   -12.085359    -0.109058
 3        -0.461044    -0.109058   -14.952147

 Spin-squared expectation <S^2>:         2.013
 Total spin quantum number S:            1.004
 TOTAL ENERGY:                        -397.513007034
 Saving results in set 'HF'

 --------------------------------------------------------------------------------
                                command: unsoldw12                               
 --------------------------------------------------------------------------------
 Number of AO basis functions:          70

 DF basis set:                           def2-qzvppd-ri
 Number of DF basis functions:         183


 --------------------------
  Virtual UW12 Correlation 
 --------------------------
 Unrestricted MP2 calculation:           
 Core spatial orbitals:                  5
 Correlated alpha orbitals:              4
 Correlated beta orbitals:               2
 Virtual alpha orbitals:                61
 Virtual beta orbitals:                 63

 Opposite spin energy:                  -0.022229317

 Reference energy:                    -397.513007034
 UW12 correlation energy:               -0.022229317
 Total UW12 energy:                   -397.535236351

 --------------------------------------------------------------------------------

 End time:                               Thu Jun 10 16:13:46 2021
 Total wall-clock time:                  0.237 seconds
==================================================================================
