
================================================================================
          _____________ ________ _______________ ________     _________         
         / ___________// ______ \\_____   _____// ______ \   / ________)        
        / /_________  / /      \ \     | |     / /      \ \ | (_______          
       |  __________|| |        | |    | |    | |        | | \________ \        
        \ \_________ | |        | |    | |     \ \______/ /___________) |       
         \__________||_|        |_|    |_|      \________//____________/        
                                                                                
====================================[ Qcore ]===================================

 Git hash:   6a88d58d269bf0d2ccfae91583c23a2b072b7633
 Git date:   Tue, 25 May 2021 10:36:49 +0100
 Compiler:   GNU 9.1.0
 Build type: Release
 Version:    1.3.0

 Start time: Thu Jun 10 16:13:49 2021

 Data directory: /newhome/zw18965/.local/qcore/share/entos/1.3.0/data
 Number of threads: 16
 Number of threads was determined by: number of physical cores

 --------------------------------------------------------------------------------
                                   command: hf                                   
 --------------------------------------------------------------------------------
 AO basis set:                           def2-qzvp
 Number of AO basis functions:          84

 Formula:                                Cr
 Nuclear charge:                        24.000000000
 Total charge:                           0.000000000
 Number of electrons:                   24.000000000

 Number of alpha electrons:             15
 Number of beta electrons:               9
 Number of unpaired electrons:           6
 Spin:                                   6
 Multiplicity:                           octet

 Theory:                                 hf
 Method for Coulomb:                     incore_df
 Method for exact exchange:              pre_transformed_df
 Integral threshold:                     1.00e-12
 DF basis set:                           def2-universal-jkfit
 Number of DF basis functions:         264
 Schwarz screening threshold:            1.00e-10
 Coulomb fitting method:                 Cholesky
 Method for AO orthogonalization:        symmetric
 Threshold for linear dependence:        1.00e-08

 -------------------------------------
  Running unrestricted open-shell SCF 
 -------------------------------------
 Max number of iterations:             128
 Conv. threshold (gradient):             1.00e-05
 Conv. threshold (energy):               1.00e-06
 Interpolation scheme:                   adiis+cdiis
 Initial guess:                          H0

 ---------------------------------------------------------------
                  energy        change          grad        time
 ---------------------------------------------------------------
   0      -989.831199086                    2.52e+01        0.01
   1      -988.679011650      1.15e+00      6.31e+00        0.01
   2     -1032.032246973     -4.34e+01      5.11e+00        0.01
   3     -1038.986023164     -6.95e+00      2.05e+00        0.01
   4     -1042.326099469     -3.34e+00      1.27e+00        0.01
   5     -1043.293236135     -9.67e-01      3.68e-01        0.01
   6     -1043.327329608     -3.41e-02      2.20e-01        0.01
   7     -1043.351681646     -2.44e-02      7.80e-02        0.01
   8     -1043.353875468     -2.19e-03      5.69e-02        0.01
   9     -1043.355817915     -1.94e-03      2.55e-03        0.01
  10     -1043.355832105     -1.42e-05      4.28e-04        0.01
  11     -1043.355832472     -3.67e-07      1.01e-04        0.01
  12     -1043.355832477     -5.02e-09      3.32e-05        0.01
  13     -1043.355832478     -8.21e-10      5.76e-06        0.01

 SCF converged in 13 iterations.

 Dipole moment (in Debye):              -0.000000      -0.000000      -0.000000

 Quadrupole moment (in Debye-Angstrom):
                  1            2            3
 1       -16.867301    -0.000000    -0.000001
 2        -0.000000   -16.867302     0.000000
 3        -0.000001     0.000000   -16.867301

 Spin-squared expectation <S^2>:        12.000
 Total spin quantum number S:            3.000
 TOTAL ENERGY:                       -1043.355832478
 Saving results in set 'HF'

 --------------------------------------------------------------------------------
                                command: unsoldw12                               
 --------------------------------------------------------------------------------
 Number of AO basis functions:          84

 DF basis set:                           def2-qzvppd-ri
 Number of DF basis functions:         309


 --------------------------
  Virtual UW12 Correlation 
 --------------------------
 Unrestricted MP2 calculation:           
 Core spatial orbitals:                  5
 Correlated alpha orbitals:             10
 Correlated beta orbitals:               4
 Virtual alpha orbitals:                69
 Virtual beta orbitals:                 75

 Opposite spin energy:                  -0.043223864

 Reference energy:                   -1043.355832478
 UW12 correlation energy:               -0.043223864
 Total UW12 energy:                  -1043.399056342

 --------------------------------------------------------------------------------

 End time:                               Thu Jun 10 16:13:49 2021
 Total wall-clock time:                  0.552 seconds
==================================================================================
