
================================================================================
          _____________ ________ _______________ ________     _________         
         / ___________// ______ \\_____   _____// ______ \   / ________)        
        / /_________  / /      \ \     | |     / /      \ \ | (_______          
       |  __________|| |        | |    | |    | |        | | \________ \        
        \ \_________ | |        | |    | |     \ \______/ /___________) |       
         \__________||_|        |_|    |_|      \________//____________/        
                                                                                
====================================[ Qcore ]===================================

 Git hash:   6a88d58d269bf0d2ccfae91583c23a2b072b7633
 Git date:   Tue, 25 May 2021 10:36:49 +0100
 Compiler:   GNU 9.1.0
 Build type: Release
 Version:    1.3.0

 Start time: Thu Jun 10 16:13:55 2021

 Data directory: /newhome/zw18965/.local/qcore/share/entos/1.3.0/data
 Number of threads: 16
 Number of threads was determined by: number of physical cores

 --------------------------------------------------------------------------------
                                   command: hf                                   
 --------------------------------------------------------------------------------
 AO basis set:                           def2-qzvp
 Number of AO basis functions:          84

 Formula:                                Cu
 Nuclear charge:                        29.000000000
 Total charge:                           0.000000000
 Number of electrons:                   29.000000000

 Number of alpha electrons:             15
 Number of beta electrons:              14
 Number of unpaired electrons:           1
 Spin:                                   1
 Multiplicity:                           doublet

 Theory:                                 hf
 Method for Coulomb:                     incore_df
 Method for exact exchange:              pre_transformed_df
 Integral threshold:                     1.00e-12
 DF basis set:                           def2-universal-jkfit
 Number of DF basis functions:         264
 Schwarz screening threshold:            1.00e-10
 Coulomb fitting method:                 Cholesky
 Method for AO orthogonalization:        symmetric
 Threshold for linear dependence:        1.00e-08

 -------------------------------------
  Running unrestricted open-shell SCF 
 -------------------------------------
 Max number of iterations:             128
 Conv. threshold (gradient):             1.00e-05
 Conv. threshold (energy):               1.00e-06
 Interpolation scheme:                   adiis+cdiis
 Initial guess:                          H0

 ---------------------------------------------------------------
                  energy        change          grad        time
 ---------------------------------------------------------------
   0     -1581.152113200                    3.22e+01        0.00
   1     -1519.054697271      6.21e+01      1.15e+01        0.01
   2     -1613.106934581     -9.41e+01      9.31e+00        0.01
   3     -1634.416193563     -2.13e+01      2.96e+00        0.01
   4     -1635.121797184     -7.06e-01      2.59e+00        0.01
   5     -1638.920424461     -3.80e+00      2.73e-01        0.01
   6     -1638.917454855      2.97e-03      2.72e-01        0.01
   7     -1638.959799763     -4.23e-02      6.81e-02        0.01
   8     -1638.960340084     -5.40e-04      6.51e-02        0.01
   9     -1638.963137886     -2.80e-03      3.99e-03        0.01
  10     -1638.963159852     -2.20e-05      2.17e-03        0.01
  11     -1638.963164267     -4.41e-06      9.87e-04        0.01
  12     -1638.963165863     -1.60e-06      2.59e-04        0.01
  13     -1638.963165962     -9.94e-08      8.48e-05        0.01
  14     -1638.963165973     -1.07e-08      2.83e-05        0.01
  15     -1638.963165974     -7.62e-10      8.87e-07        0.01

 SCF converged in 15 iterations.

 Dipole moment (in Debye):               0.000000      -0.000000      -0.000000

 Quadrupole moment (in Debye-Angstrom):
                  1            2            3
 1       -14.395599    -0.000000     0.000000
 2        -0.000000   -14.395602    -0.000000
 3         0.000000    -0.000000   -14.395602

 Spin-squared expectation <S^2>:         0.752
 Total spin quantum number S:            0.501
 TOTAL ENERGY:                       -1638.963165974
 Saving results in set 'HF'

 --------------------------------------------------------------------------------
                                command: unsoldw12                               
 --------------------------------------------------------------------------------
 Number of AO basis functions:          84

 DF basis set:                           def2-qzvppd-ri
 Number of DF basis functions:         316


 --------------------------
  Virtual UW12 Correlation 
 --------------------------
 Unrestricted MP2 calculation:           
 Core spatial orbitals:                  5
 Correlated alpha orbitals:             10
 Correlated beta orbitals:               9
 Virtual alpha orbitals:                69
 Virtual beta orbitals:                 70

 Opposite spin energy:                  -0.076664225

 Reference energy:                   -1638.963165974
 UW12 correlation energy:               -0.076664225
 Total UW12 energy:                  -1639.039830199

 --------------------------------------------------------------------------------

 End time:                               Thu Jun 10 16:13:56 2021
 Total wall-clock time:                  0.948 seconds
==================================================================================
