
================================================================================
          _____________ ________ _______________ ________     _________         
         / ___________// ______ \\_____   _____// ______ \   / ________)        
        / /_________  / /      \ \     | |     / /      \ \ | (_______          
       |  __________|| |        | |    | |    | |        | | \________ \        
        \ \_________ | |        | |    | |     \ \______/ /___________) |       
         \__________||_|        |_|    |_|      \________//____________/        
                                                                                
====================================[ Qcore ]===================================

 Git hash:   6a88d58d269bf0d2ccfae91583c23a2b072b7633
 Git date:   Tue, 25 May 2021 10:36:49 +0100
 Compiler:   GNU 9.1.0
 Build type: Release
 Version:    1.3.0

 Start time: Thu Jun 10 16:14:08 2021

 Data directory: /newhome/zw18965/.local/qcore/share/entos/1.3.0/data
 Number of threads: 16
 Number of threads was determined by: number of physical cores

 --------------------------------------------------------------------------------
                                   command: hf                                   
 --------------------------------------------------------------------------------
 AO basis set:                           def2-qzvp
 Number of AO basis functions:          72
 ECP on atom 1 (Rh):                     28 electrons

 Formula:                                Rh
 Nuclear charge:                        45.000000000
 Total charge:                           0.000000000
 Number of core electrons:              28
 Number of treated electrons:           17

 Number of alpha electrons:             10
 Number of beta electrons:               7
 Number of unpaired electrons:           3
 Spin:                                   3
 Multiplicity:                           quartet

 Theory:                                 hf
 Method for Coulomb:                     incore_df
 Method for exact exchange:              pre_transformed_df
 Integral threshold:                     1.00e-12
 DF basis set:                           def2-universal-jkfit
 Number of DF basis functions:         255
 Schwarz screening threshold:            1.00e-10
 Coulomb fitting method:                 Cholesky
 Method for AO orthogonalization:        symmetric
 Threshold for linear dependence:        1.00e-08

 -------------------------------------
  Running unrestricted open-shell SCF 
 -------------------------------------
 Max number of iterations:             128
 Conv. threshold (gradient):             1.00e-05
 Conv. threshold (energy):               1.00e-06
 Interpolation scheme:                   adiis+cdiis
 Initial guess:                          H0

 ---------------------------------------------------------------
                  energy        change          grad        time
 ---------------------------------------------------------------
   0       -95.024709532                    3.86e+00        0.00
   1       -91.582481460      3.44e+00      3.45e+00        0.00
   2      -104.380963268     -1.28e+01      2.83e+00        0.00
   3      -109.648938701     -5.27e+00      3.63e-01        0.00
   4      -109.714691818     -6.58e-02      1.58e-01        0.00
   5      -109.726015097     -1.13e-02      1.14e-01        0.00
   6      -109.731291453     -5.28e-03      7.58e-02        0.00
   7      -109.733272781     -1.98e-03      5.86e-02        0.00
   8      -109.735413245     -2.14e-03      2.63e-02        0.00
   9      -109.737984968     -2.57e-03      2.22e-02        0.00
  10      -109.739331689     -1.35e-03      2.12e-02        0.00
  11      -109.740665821     -1.33e-03      2.08e-02        0.00
  12      -109.742063098     -1.40e-03      1.84e-02        0.00
  13      -109.742844661     -7.82e-04      1.88e-02        0.00
  14      -109.744775263     -1.93e-03      1.57e-02        0.00
  15      -109.746173627     -1.40e-03      1.64e-02        0.00
  16      -109.746271983     -9.84e-05      7.62e-03        0.00
  17      -109.746258153      1.38e-05      7.12e-03        0.00
  18      -109.746281223     -2.31e-05      3.40e-03        0.00
  19      -109.746286984     -5.76e-06      1.42e-03        0.00
  20      -109.746289087     -2.10e-06      5.45e-04        0.00
  21      -109.746289445     -3.58e-07      2.61e-04        0.00
  22      -109.746289562     -1.18e-07      1.80e-04        0.00
  23      -109.746289653     -9.10e-08      1.11e-04        0.00
  24      -109.746289697     -4.33e-08      7.41e-05        0.00
  25      -109.746289709     -1.24e-08      4.58e-05        0.00
  26      -109.746289720     -1.13e-08      1.44e-05        0.00
  27      -109.746289722     -1.24e-09      4.32e-06        0.00

 SCF converged in 27 iterations.

 Dipole moment (in Debye):              -0.000000       0.000000       0.000000

 Quadrupole moment (in Debye-Angstrom):
                  1            2            3
 1       -21.694218     0.000003     0.000005
 2         0.000003   -21.694236    -0.000023
 3         0.000005    -0.000023   -21.694227

 Spin-squared expectation <S^2>:         3.754
 Total spin quantum number S:            1.501
 TOTAL ENERGY:                        -109.746289722
 Saving results in set 'HF'

 --------------------------------------------------------------------------------
                                command: unsoldw12                               
 --------------------------------------------------------------------------------
 Number of AO basis functions:          72

 DF basis set:                           def2-qzvppd-ri
 Number of DF basis functions:         252


 --------------------------
  Virtual UW12 Correlation 
 --------------------------
 Unrestricted MP2 calculation:           
 Core spatial orbitals:                  0
 Correlated alpha orbitals:             10
 Correlated beta orbitals:               7
 Virtual alpha orbitals:                62
 Virtual beta orbitals:                 65

 Opposite spin energy:                  -0.087575834

 Reference energy:                    -109.746289722
 UW12 correlation energy:               -0.087575834
 Total UW12 energy:                   -109.833865556

 --------------------------------------------------------------------------------

 End time:                               Thu Jun 10 16:14:08 2021
 Total wall-clock time:                  0.415 seconds
==================================================================================
