
================================================================================
          _____________ ________ _______________ ________     _________         
         / ___________// ______ \\_____   _____// ______ \   / ________)        
        / /_________  / /      \ \     | |     / /      \ \ | (_______          
       |  __________|| |        | |    | |    | |        | | \________ \        
        \ \_________ | |        | |    | |     \ \______/ /___________) |       
         \__________||_|        |_|    |_|      \________//____________/        
                                                                                
====================================[ Qcore ]===================================

 Git hash:   6a88d58d269bf0d2ccfae91583c23a2b072b7633
 Git date:   Tue, 25 May 2021 10:36:49 +0100
 Compiler:   GNU 9.1.0
 Build type: Release
 Version:    1.3.0

 Start time: Thu Jun 10 16:14:23 2021

 Data directory: /newhome/zw18965/.local/qcore/share/entos/1.3.0/data
 Number of threads: 16
 Number of threads was determined by: number of physical cores

 --------------------------------------------------------------------------------
                                   command: hf                                   
 --------------------------------------------------------------------------------
 AO basis set:                           def2-qzvp
 Number of AO basis functions:          72
 ECP on atom 1 (Ta):                     60 electrons

 Formula:                                Ta
 Nuclear charge:                        73.000000000
 Total charge:                           0.000000000
 Number of core electrons:              60
 Number of treated electrons:           13

 Number of alpha electrons:              8
 Number of beta electrons:               5
 Number of unpaired electrons:           3
 Spin:                                   3
 Multiplicity:                           quartet

 Theory:                                 hf
 Method for Coulomb:                     incore_df
 Method for exact exchange:              pre_transformed_df
 Integral threshold:                     1.00e-12
 DF basis set:                           def2-universal-jkfit
 Number of DF basis functions:         227
 Schwarz screening threshold:            1.00e-10
 Coulomb fitting method:                 Cholesky
 Method for AO orthogonalization:        symmetric
 Threshold for linear dependence:        1.00e-08

 -------------------------------------
  Running unrestricted open-shell SCF 
 -------------------------------------
 Max number of iterations:             128
 Conv. threshold (gradient):             1.00e-05
 Conv. threshold (energy):               1.00e-06
 Interpolation scheme:                   adiis+cdiis
 Initial guess:                          H0

 ---------------------------------------------------------------
                  energy        change          grad        time
 ---------------------------------------------------------------
   0       -50.957469443                    2.10e+00        0.00
   1       -53.418580826     -2.46e+00      1.20e+00        0.00
   2       -54.993212724     -1.57e+00      1.02e+00        0.00
   3       -56.162229685     -1.17e+00      2.89e-01        0.00
   4       -56.247299531     -8.51e-02      1.16e-01        0.00
   5       -56.269002735     -2.17e-02      7.57e-02        0.00
   6       -56.279280929     -1.03e-02      5.47e-02        0.00
   7       -56.289514345     -1.02e-02      2.25e-02        0.00
   8       -56.290448394     -9.34e-04      1.06e-02        0.00
   9       -56.290881127     -4.33e-04      6.91e-03        0.00
  10       -56.291351197     -4.70e-04      6.57e-03        0.00
  11       -56.292601182     -1.25e-03      5.80e-03        0.00
  12       -56.292917083     -3.16e-04      4.60e-03        0.00
  13       -56.293204150     -2.87e-04      3.05e-03        0.00
  14       -56.293284463     -8.03e-05      2.39e-03        0.00
  15       -56.293349084     -6.46e-05      1.78e-03        0.00
  16       -56.293365389     -1.63e-05      9.96e-04        0.00
  17       -56.293369303     -3.91e-06      6.31e-04        0.00
  18       -56.293370537     -1.23e-06      5.48e-04        0.00
  19       -56.293371729     -1.19e-06      3.45e-04        0.00
  20       -56.293372353     -6.24e-07      2.85e-04        0.00
  21       -56.293372991     -6.38e-07      1.20e-04        0.00
  22       -56.293373139     -1.47e-07      2.66e-05        0.00
  23       -56.293373144     -5.49e-09      5.39e-06        0.00

 SCF converged in 23 iterations.

 Dipole moment (in Debye):               0.000000      -0.000000      -0.000000

 Quadrupole moment (in Debye-Angstrom):
                  1            2            3
 1       -27.301256     0.000013    -0.000027
 2         0.000013   -27.301232    -0.000008
 3        -0.000027    -0.000008   -27.301333

 Spin-squared expectation <S^2>:         3.778
 Total spin quantum number S:            1.507
 TOTAL ENERGY:                         -56.293373144
 Saving results in set 'HF'

 --------------------------------------------------------------------------------
                                command: unsoldw12                               
 --------------------------------------------------------------------------------
 Number of AO basis functions:          72

 DF basis set:                           def2-qzvppd-ri
 Number of DF basis functions:         261


 --------------------------
  Virtual UW12 Correlation 
 --------------------------
 Unrestricted MP2 calculation:           
 Core spatial orbitals:                  0
 Correlated alpha orbitals:              8
 Correlated beta orbitals:               5
 Virtual alpha orbitals:                64
 Virtual beta orbitals:                 67

 Opposite spin energy:                  -0.065912407

 Reference energy:                     -56.293373144
 UW12 correlation energy:               -0.065912407
 Total UW12 energy:                    -56.359285551

 --------------------------------------------------------------------------------

 End time:                               Thu Jun 10 16:14:23 2021
 Total wall-clock time:                  0.397 seconds
==================================================================================
