
================================================================================
          _____________ ________ _______________ ________     _________         
         / ___________// ______ \\_____   _____// ______ \   / ________)        
        / /_________  / /      \ \     | |     / /      \ \ | (_______          
       |  __________|| |        | |    | |    | |        | | \________ \        
        \ \_________ | |        | |    | |     \ \______/ /___________) |       
         \__________||_|        |_|    |_|      \________//____________/        
                                                                                
====================================[ Qcore ]===================================

 Git hash:   6a88d58d269bf0d2ccfae91583c23a2b072b7633
 Git date:   Tue, 25 May 2021 10:36:49 +0100
 Compiler:   GNU 9.1.0
 Build type: Release
 Version:    1.3.0

 Start time: Thu Jun 10 16:14:23 2021

 Data directory: /newhome/zw18965/.local/qcore/share/entos/1.3.0/data
 Number of threads: 16
 Number of threads was determined by: number of physical cores

 --------------------------------------------------------------------------------
                                   command: hf                                   
 --------------------------------------------------------------------------------
 AO basis set:                           def2-qzvp
 Number of AO basis functions:          72
 ECP on atom 1 (W):                      60 electrons

 Formula:                                W
 Nuclear charge:                        74.000000000
 Total charge:                           0.000000000
 Number of core electrons:              60
 Number of treated electrons:           14

 Number of alpha electrons:              9
 Number of beta electrons:               5
 Number of unpaired electrons:           4
 Spin:                                   4
 Multiplicity:                           quintet

 Theory:                                 hf
 Method for Coulomb:                     incore_df
 Method for exact exchange:              pre_transformed_df
 Integral threshold:                     1.00e-12
 DF basis set:                           def2-universal-jkfit
 Number of DF basis functions:         227
 Schwarz screening threshold:            1.00e-10
 Coulomb fitting method:                 Cholesky
 Method for AO orthogonalization:        symmetric
 Threshold for linear dependence:        1.00e-08

 -------------------------------------
  Running unrestricted open-shell SCF 
 -------------------------------------
 Max number of iterations:             128
 Conv. threshold (gradient):             1.00e-05
 Conv. threshold (energy):               1.00e-06
 Interpolation scheme:                   adiis+cdiis
 Initial guess:                          H0

 ---------------------------------------------------------------
                  energy        change          grad        time
 ---------------------------------------------------------------
   0       -60.045525825                    2.09e+00        0.00
   1       -61.897752918     -1.85e+00      1.37e+00        0.00
   2       -64.614852473     -2.72e+00      1.03e+00        0.00
   3       -66.235081071     -1.62e+00      2.70e-01        0.00
   4       -66.278073631     -4.30e-02      7.86e-02        0.00
   5       -66.283567775     -5.49e-03      3.92e-02        0.00
   6       -66.285128787     -1.56e-03      2.23e-02        0.00
   7       -66.286238879     -1.11e-03      2.35e-02        0.00
   8       -66.284347445      1.89e-03      1.96e-02        0.00
   9       -66.280107898      4.24e-03      1.87e-02        0.00
  10       -66.280129810     -2.19e-05      1.94e-02        0.00
  11       -66.280202708     -7.29e-05      8.06e-03        0.00
  12       -66.280180093      2.26e-05      2.21e-03        0.00
  13       -66.280188554     -8.46e-06      9.21e-04        0.00
  14       -66.280191457     -2.90e-06      8.94e-04        0.00
  15       -66.280191416      4.10e-08      8.93e-04        0.00
  16       -66.280190453      9.63e-07      7.85e-04        0.00
  17       -66.280183572      6.88e-06      3.91e-04        0.00
  18       -66.280182111      1.46e-06      8.10e-05        0.00
  19       -66.280182110      7.37e-10      9.78e-06        0.00

 SCF converged in 19 iterations.

 Dipole moment (in Debye):               0.000000      -0.000000      -0.000000

 Quadrupole moment (in Debye-Angstrom):
                  1            2            3
 1       -25.740085    -0.000003    -0.000075
 2        -0.000003   -25.740143     0.000004
 3        -0.000075     0.000004   -25.740078

 Spin-squared expectation <S^2>:         7.003
 Total spin quantum number S:            2.193
 TOTAL ENERGY:                         -66.280182110
 Saving results in set 'HF'

 --------------------------------------------------------------------------------
                                command: unsoldw12                               
 --------------------------------------------------------------------------------
 Number of AO basis functions:          72

 DF basis set:                           def2-qzvppd-ri
 Number of DF basis functions:         261


 --------------------------
  Virtual UW12 Correlation 
 --------------------------
 Unrestricted MP2 calculation:           
 Core spatial orbitals:                  0
 Correlated alpha orbitals:              9
 Correlated beta orbitals:               5
 Virtual alpha orbitals:                63
 Virtual beta orbitals:                 67

 Opposite spin energy:                  -0.068501488

 Reference energy:                     -66.280182110
 UW12 correlation energy:               -0.068501488
 Total UW12 energy:                    -66.348683598

 --------------------------------------------------------------------------------

 End time:                               Thu Jun 10 16:14:24 2021
 Total wall-clock time:                  0.350 seconds
==================================================================================
