
================================================================================
          _____________ ________ _______________ ________     _________         
         / ___________// ______ \\_____   _____// ______ \   / ________)        
        / /_________  / /      \ \     | |     / /      \ \ | (_______          
       |  __________|| |        | |    | |    | |        | | \________ \        
        \ \_________ | |        | |    | |     \ \______/ /___________) |       
         \__________||_|        |_|    |_|      \________//____________/        
                                                                                
====================================[ Qcore ]===================================

 Git hash:   6a88d58d269bf0d2ccfae91583c23a2b072b7633
 Git date:   Tue, 25 May 2021 10:36:49 +0100
 Compiler:   GNU 9.1.0
 Build type: Release
 Version:    1.3.0

 Start time: Tue Jun 15 17:16:13 2021

 Data directory: /newhome/zw18965/.local/qcore/share/entos/1.3.0/data
 Number of threads: 16
 Number of threads was determined by: number of physical cores

 --------------------------------------------------------------------------------
                                   command: hf                                   
 --------------------------------------------------------------------------------
 AO basis set:                           aug-cc-pvtz-merged
 Number of AO basis functions:          93

 Formula:                                Mn
 Nuclear charge:                        25.000000000
 Total charge:                           0.000000000
 Number of electrons:                   25.000000000

 Number of alpha electrons:             15
 Number of beta electrons:              10
 Number of unpaired electrons:           5
 Spin:                                   5
 Multiplicity:                           septet

 Theory:                                 hf
 Method for Coulomb:                     incore_df
 Method for exact exchange:              pre_transformed_df
 Integral threshold:                     1.00e-12
 DF basis set:                           def2-universal-jkfit
 Number of DF basis functions:         264
 Schwarz screening threshold:            1.00e-10
 Coulomb fitting method:                 Cholesky
 Method for AO orthogonalization:        symmetric
 Threshold for linear dependence:        1.00e-08

 -------------------------------------
  Running unrestricted open-shell SCF 
 -------------------------------------
 Max number of iterations:             128
 Conv. threshold (gradient):             1.00e-05
 Conv. threshold (energy):               1.00e-06
 Interpolation scheme:                   adiis+cdiis
 Initial guess:                          H0

 ---------------------------------------------------------------
                  energy        change          grad        time
 ---------------------------------------------------------------
   0     -1099.240162093                    6.67e+00        0.01
   1     -1078.003953172      2.12e+01      8.46e+00        0.01
   2     -1133.945794703     -5.59e+01      4.51e+00        0.01
   3     -1147.265268630     -1.33e+01      1.93e+00        0.01
   4     -1147.741709190     -4.76e-01      2.27e+00        0.01
   5     -1149.797539970     -2.06e+00      3.44e-01        0.01
   6     -1149.848771906     -5.12e-02      1.89e-01        0.01
   7     -1149.862317435     -1.35e-02      9.80e-02        0.01
   8     -1149.866605485     -4.29e-03      5.80e-02        0.01
   9     -1149.868612803     -2.01e-03      5.30e-03        0.01
  10     -1149.868653514     -4.07e-05      2.10e-03        0.01
  11     -1149.868657535     -4.02e-06      4.68e-04        0.01
  12     -1149.868657805     -2.70e-07      1.88e-04        0.01
  13     -1149.868657853     -4.83e-08      4.55e-05        0.01
  14     -1149.868657856     -2.68e-09      5.50e-06        0.01

 SCF converged in 14 iterations.

 Dipole moment (in Debye):               0.000000      -0.000000      -0.000000

 Quadrupole moment (in Debye-Angstrom):
                  1            2            3
 1       -19.421558    -0.000003     0.000002
 2        -0.000003   -19.421566    -0.000006
 3         0.000002    -0.000006   -19.421560

 Spin-squared expectation <S^2>:         8.771
 Total spin quantum number S:            2.503
 TOTAL ENERGY:                       -1149.868657856
 Saving results in set 'HF'

 --------------------------------------------------------------------------------
                                command: unsoldw12                               
 --------------------------------------------------------------------------------
 Number of AO basis functions:          93

 DF basis set:                           def2-universal-jkfit
 Number of DF basis functions:         264

 Unrestricted UW12 calculation:          
 Core spatial orbitals:                  5
 Correlated alpha orbitals:             10
 Correlated beta orbitals:               5

 ------------------
  UW12 Correlation 
 ------------------
 Factor for UW12 correlation:            1.000000000
 Same spin scale factor:                 0.000000000
 Calculate indirect contribution:        false
 Method for three electron term:         df_ri
 Auxiliary RI basis set:                 def2-QZVPPD-ri
 Number of RI basis functions:         309
 Gaussians in geminal expansion:         4
 UW12 screening threshold:               1.00e-10
 Method for density-fitting:             w(r)
 Number of core spatial orbitals:        5


 Reference energy:                   -1149.868657856
 UW12 correlation energy:               -0.060334091
 Total UW12 energy:                  -1149.928991946

 --------------------------------------------------------------------------------

 End time:                               Tue Jun 15 17:16:30 2021
 Total wall-clock time:                 17.299 seconds
==================================================================================
