
================================================================================
          _____________ ________ _______________ ________     _________         
         / ___________// ______ \\_____   _____// ______ \   / ________)        
        / /_________  / /      \ \     | |     / /      \ \ | (_______          
       |  __________|| |        | |    | |    | |        | | \________ \        
        \ \_________ | |        | |    | |     \ \______/ /___________) |       
         \__________||_|        |_|    |_|      \________//____________/        
                                                                                
====================================[ Qcore ]===================================

 Git hash:   6a88d58d269bf0d2ccfae91583c23a2b072b7633
 Git date:   Tue, 25 May 2021 10:36:49 +0100
 Compiler:   GNU 9.1.0
 Build type: Release
 Version:    1.3.0

 Start time: Thu May 27 17:01:02 2021

 Data directory: /newhome/zw18965/.local/qcore/share/entos/1.3.0/data
 Number of threads: 16
 Number of threads was determined by: number of physical cores

 --------------------------------------------------------------------------------
                                   command: hf                                   
 --------------------------------------------------------------------------------
 AO basis set:                           def2-tzvppd
 Number of AO basis functions:          40

 Formula:                                O
 Nuclear charge:                         8.000000000
 Total charge:                           0.000000000
 Number of electrons:                    8.000000000

 Number of alpha electrons:              5
 Number of beta electrons:               3
 Number of unpaired electrons:           2
 Spin:                                   2
 Multiplicity:                           triplet

 Theory:                                 hf
 Method for Coulomb:                     incore_df
 Method for exact exchange:              pre_transformed_df
 Integral threshold:                     1.00e-12
 DF basis set:                           def2-universal-jkfit
 Number of DF basis functions:          77
 Schwarz screening threshold:            1.00e-10
 Coulomb fitting method:                 Cholesky
 Method for AO orthogonalization:        symmetric
 Threshold for linear dependence:        1.00e-08

 -------------------------------------
  Running unrestricted open-shell SCF 
 -------------------------------------
 Max number of iterations:             128
 Conv. threshold (gradient):             1.00e-05
 Conv. threshold (energy):               1.00e-06
 Interpolation scheme:                   adiis+cdiis
 Initial guess:                          H0

 ---------------------------------------------------------------
                  energy        change          grad        time
 ---------------------------------------------------------------
   0       -69.082722505                    4.85e+00        0.00
   1       -69.707377661     -6.25e-01      1.99e+00        0.00
   2       -73.715616046     -4.01e+00      1.34e+00        0.00
   3       -74.734402514     -1.02e+00      4.39e-01        0.00
   4       -74.808173898     -7.38e-02      1.29e-01        0.00
   5       -74.815291467     -7.12e-03      3.78e-02        0.00
   6       -74.815896743     -6.05e-04      1.09e-02        0.00
   7       -74.815949933     -5.32e-05      4.54e-04        0.00
   8       -74.815950234     -3.01e-07      2.57e-04        0.00
   9       -74.815950276     -4.26e-08      5.26e-05        0.00
  10       -74.815950278     -1.64e-09      6.30e-06        0.00

 SCF converged in 10 iterations.

 Dipole moment (in Debye):               0.000000      -0.000000      -0.000000

 Quadrupole moment (in Debye-Angstrom):
                  1            2            3
 1        -4.592124    -0.000643     0.000031
 2        -0.000643    -5.910322     0.064573
 3         0.000031     0.064573    -4.595287

 Spin-squared expectation <S^2>:         2.009
 Total spin quantum number S:            1.003
 TOTAL ENERGY:                         -74.815950278
 Saving results in set 'HF'

 --------------------------------------------------------------------------------
                                command: unsoldw12                               
 --------------------------------------------------------------------------------
 Number of AO basis functions:          40

 DF basis set:                           def2-qzvppd-ri
 Number of DF basis functions:         157

 Unrestricted UW12 calculation:          
 Core spatial orbitals:                  1
 Correlated alpha orbitals:              4
 Correlated beta orbitals:               2

 ------------------
  UW12 Correlation 
 ------------------
 Factor for UW12 correlation:            1.000000000
 Same spin scale factor:                 0.000000000
 Calculate indirect contribution:        false
 Method for three electron term:         df_ri
 Auxiliary RI basis set:                 def2-QZVPPD-ri
 Number of RI basis functions:         157
 Gaussians in geminal expansion:         4
 UW12 screening threshold:               1.00e-10
 Method for density-fitting:             w(r)
 Number of core spatial orbitals:        1


 Reference energy:                     -74.815950278
 UW12 correlation energy:               -0.018384700
 Total UW12 energy:                    -74.834334978

 --------------------------------------------------------------------------------

 End time:                               Thu May 27 17:01:03 2021
 Total wall-clock time:                  0.602 seconds
==================================================================================
