
================================================================================
          _____________ ________ _______________ ________     _________         
         / ___________// ______ \\_____   _____// ______ \   / ________)        
        / /_________  / /      \ \     | |     / /      \ \ | (_______          
       |  __________|| |        | |    | |    | |        | | \________ \        
        \ \_________ | |        | |    | |     \ \______/ /___________) |       
         \__________||_|        |_|    |_|      \________//____________/        
                                                                                
====================================[ Qcore ]===================================

 Git hash:   6a88d58d269bf0d2ccfae91583c23a2b072b7633
 Git date:   Tue, 25 May 2021 10:36:49 +0100
 Compiler:   GNU 9.1.0
 Build type: Release
 Version:    1.3.0

 Start time: Thu May 27 17:01:29 2021

 Data directory: /newhome/zw18965/.local/qcore/share/entos/1.3.0/data
 Number of threads: 16
 Number of threads was determined by: number of physical cores

 --------------------------------------------------------------------------------
                                   command: hf                                   
 --------------------------------------------------------------------------------
 AO basis set:                           def2-tzvppd
 Number of AO basis functions:          67

 Formula:                                Fe
 Nuclear charge:                        26.000000000
 Total charge:                           0.000000000
 Number of electrons:                   26.000000000

 Number of alpha electrons:             15
 Number of beta electrons:              11
 Number of unpaired electrons:           4
 Spin:                                   4
 Multiplicity:                           quintet

 Theory:                                 hf
 Method for Coulomb:                     incore_df
 Method for exact exchange:              pre_transformed_df
 Integral threshold:                     1.00e-12
 DF basis set:                           def2-universal-jkfit
 Number of DF basis functions:         264
 Schwarz screening threshold:            1.00e-10
 Coulomb fitting method:                 Cholesky
 Method for AO orthogonalization:        symmetric
 Threshold for linear dependence:        1.00e-08

 -------------------------------------
  Running unrestricted open-shell SCF 
 -------------------------------------
 Max number of iterations:             128
 Conv. threshold (gradient):             1.00e-05
 Conv. threshold (energy):               1.00e-06
 Interpolation scheme:                   adiis+cdiis
 Initial guess:                          H0

 ---------------------------------------------------------------
                  energy        change          grad        time
 ---------------------------------------------------------------
   0     -1224.503233087                    4.64e+00        0.01
   1     -1198.171315545      2.63e+01      7.21e+00        0.01
   2     -1245.994173184     -4.78e+01      3.49e+00        0.01
   3     -1259.855952270     -1.39e+01      2.01e+00        0.01
   4     -1259.862115590     -6.16e-03      2.29e+00        0.01
   5     -1262.305216420     -2.44e+00      3.95e-01        0.01
   6     -1262.339892652     -3.47e-02      2.63e-01        0.01
   7     -1262.370387891     -3.05e-02      2.73e-01        0.01
   8     -1262.395740755     -2.54e-02      1.80e-01        0.01
   9     -1262.412485933     -1.67e-02      1.54e-01        0.01
  10     -1262.420823559     -8.34e-03      9.45e-02        0.01
  11     -1262.425228117     -4.40e-03      7.08e-02        0.01
  12     -1262.428913716     -3.69e-03      1.33e-02        0.01
  13     -1262.429033782     -1.20e-04      3.80e-03        0.01
  14     -1262.429045179     -1.14e-05      1.21e-03        0.01
  15     -1262.429045852     -6.73e-07      7.02e-04        0.01
  16     -1262.429046193     -3.41e-07      2.15e-04        0.01
  17     -1262.429046233     -4.05e-08      4.40e-05        0.01
  18     -1262.429046235     -1.61e-09      7.39e-06        0.01

 SCF converged in 18 iterations.

 Dipole moment (in Debye):               0.000000      -0.000000       0.000000

 Quadrupole moment (in Debye-Angstrom):
                  1            2            3
 1       -18.510215    -0.087999     0.036782
 2        -0.087999   -18.326593    -0.114395
 3         0.036782    -0.114395   -18.514541

 Spin-squared expectation <S^2>:         6.016
 Total spin quantum number S:            2.003
 TOTAL ENERGY:                       -1262.429046235
 Saving results in set 'HF'

 --------------------------------------------------------------------------------
                                command: unsoldw12                               
 --------------------------------------------------------------------------------
 Number of AO basis functions:          67

 DF basis set:                           def2-qzvppd-ri
 Number of DF basis functions:         309

 Unrestricted UW12 calculation:          
 Core spatial orbitals:                  5
 Correlated alpha orbitals:             10
 Correlated beta orbitals:               6

 ------------------
  UW12 Correlation 
 ------------------
 Factor for UW12 correlation:            1.000000000
 Same spin scale factor:                 0.000000000
 Calculate indirect contribution:        false
 Method for three electron term:         df_ri
 Auxiliary RI basis set:                 def2-QZVPPD-ri
 Number of RI basis functions:         309
 Gaussians in geminal expansion:         4
 UW12 screening threshold:               1.00e-10
 Method for density-fitting:             w(r)
 Number of core spatial orbitals:        5


 Reference energy:                   -1262.429046235
 UW12 correlation energy:               -0.068997084
 Total UW12 energy:                  -1262.498043318

 --------------------------------------------------------------------------------

 End time:                               Thu May 27 17:01:32 2021
 Total wall-clock time:                  2.998 seconds
==================================================================================
