
================================================================================
          _____________ ________ _______________ ________     _________         
         / ___________// ______ \\_____   _____// ______ \   / ________)        
        / /_________  / /      \ \     | |     / /      \ \ | (_______          
       |  __________|| |        | |    | |    | |        | | \________ \        
        \ \_________ | |        | |    | |     \ \______/ /___________) |       
         \__________||_|        |_|    |_|      \________//____________/        
                                                                                
====================================[ Qcore ]===================================

 Git hash:   6a88d58d269bf0d2ccfae91583c23a2b072b7633
 Git date:   Tue, 25 May 2021 10:36:49 +0100
 Compiler:   GNU 9.1.0
 Build type: Release
 Version:    1.3.0

 Start time: Thu May 27 17:01:32 2021

 Data directory: /newhome/zw18965/.local/qcore/share/entos/1.3.0/data
 Number of threads: 16
 Number of threads was determined by: number of physical cores

 --------------------------------------------------------------------------------
                                   command: hf                                   
 --------------------------------------------------------------------------------
 AO basis set:                           def2-tzvppd
 Number of AO basis functions:          67

 Formula:                                Co
 Nuclear charge:                        27.000000000
 Total charge:                           0.000000000
 Number of electrons:                   27.000000000

 Number of alpha electrons:             15
 Number of beta electrons:              12
 Number of unpaired electrons:           3
 Spin:                                   3
 Multiplicity:                           quartet

 Theory:                                 hf
 Method for Coulomb:                     incore_df
 Method for exact exchange:              pre_transformed_df
 Integral threshold:                     1.00e-12
 DF basis set:                           def2-universal-jkfit
 Number of DF basis functions:         264
 Schwarz screening threshold:            1.00e-10
 Coulomb fitting method:                 Cholesky
 Method for AO orthogonalization:        symmetric
 Threshold for linear dependence:        1.00e-08

 -------------------------------------
  Running unrestricted open-shell SCF 
 -------------------------------------
 Max number of iterations:             128
 Conv. threshold (gradient):             1.00e-05
 Conv. threshold (energy):               1.00e-06
 Interpolation scheme:                   adiis+cdiis
 Initial guess:                          H0

 ---------------------------------------------------------------
                  energy        change          grad        time
 ---------------------------------------------------------------
   0     -1337.035624319                    5.87e+00        0.04
   1     -1303.292940945      3.37e+01      8.04e+00        0.01
   2     -1361.099794327     -5.78e+01      3.41e+00        0.01
   3     -1379.064415940     -1.80e+01      2.37e+00        0.01
   4     -1378.903456059      1.61e-01      2.32e+00        0.01
   5     -1381.350275836     -2.45e+00      2.33e-01        0.01
   6     -1381.367411815     -1.71e-02      1.96e-01        0.01
   7     -1381.376776677     -9.36e-03      1.03e-01        0.01
   8     -1381.380646651     -3.87e-03      7.17e-02        0.01
   9     -1381.381572954     -9.26e-04      4.33e-02        0.01
  10     -1381.382615492     -1.04e-03      2.00e-02        0.01
  11     -1381.382866167     -2.51e-04      1.97e-02        0.01
  12     -1381.381925571      9.41e-04      1.84e-02        0.01
  13     -1381.381237202      6.88e-04      1.27e-02        0.01
  14     -1381.381052427      1.85e-04      6.41e-03        0.01
  15     -1381.381089026     -3.66e-05      4.87e-03        0.02
  16     -1381.381143212     -5.42e-05      2.38e-03        0.01
  17     -1381.381158230     -1.50e-05      7.99e-04        0.01
  18     -1381.381159429     -1.20e-06      3.21e-04        0.01
  19     -1381.381159492     -6.26e-08      2.54e-04        0.01
  20     -1381.381159537     -4.57e-08      6.68e-05        0.01
  21     -1381.381159542     -4.33e-09      2.50e-05        0.01
  22     -1381.381159542     -7.64e-10      2.47e-05        0.01
  23     -1381.381159543     -3.12e-10      2.43e-05        0.01
  24     -1381.381159542      4.92e-10      2.24e-05        0.01
  25     -1381.381159542      2.91e-10      1.98e-05        0.01
  26     -1381.381159542      4.49e-10      1.72e-05        0.01
  27     -1381.381159540      1.19e-09      1.07e-05        0.01
  28     -1381.381159540      4.90e-10      6.01e-06        0.01

 SCF converged in 28 iterations.

 Dipole moment (in Debye):               0.000000      -0.000000       0.000000

 Quadrupole moment (in Debye-Angstrom):
                  1            2            3
 1       -17.572523    -0.063538     0.007365
 2        -0.063538   -17.792311     0.027516
 3         0.007365     0.027516   -17.558714

 Spin-squared expectation <S^2>:         3.760
 Total spin quantum number S:            1.503
 TOTAL ENERGY:                       -1381.381159540
 Saving results in set 'HF'

 --------------------------------------------------------------------------------
                                command: unsoldw12                               
 --------------------------------------------------------------------------------
 Number of AO basis functions:          67

 DF basis set:                           def2-qzvppd-ri
 Number of DF basis functions:         309

 Unrestricted UW12 calculation:          
 Core spatial orbitals:                  5
 Correlated alpha orbitals:             10
 Correlated beta orbitals:               7

 ------------------
  UW12 Correlation 
 ------------------
 Factor for UW12 correlation:            1.000000000
 Same spin scale factor:                 0.000000000
 Calculate indirect contribution:        false
 Method for three electron term:         df_ri
 Auxiliary RI basis set:                 def2-QZVPPD-ri
 Number of RI basis functions:         309
 Gaussians in geminal expansion:         4
 UW12 screening threshold:               1.00e-10
 Method for density-fitting:             w(r)
 Number of core spatial orbitals:        5


 Reference energy:                   -1381.381159540
 UW12 correlation energy:               -0.076170813
 Total UW12 energy:                  -1381.457330353

 --------------------------------------------------------------------------------

 End time:                               Thu May 27 17:01:35 2021
 Total wall-clock time:                  3.155 seconds
==================================================================================
