
================================================================================
          _____________ ________ _______________ ________     _________         
         / ___________// ______ \\_____   _____// ______ \   / ________)        
        / /_________  / /      \ \     | |     / /      \ \ | (_______          
       |  __________|| |        | |    | |    | |        | | \________ \        
        \ \_________ | |        | |    | |     \ \______/ /___________) |       
         \__________||_|        |_|    |_|      \________//____________/        
                                                                                
====================================[ Qcore ]===================================

 Git hash:   6a88d58d269bf0d2ccfae91583c23a2b072b7633
 Git date:   Tue, 25 May 2021 10:36:49 +0100
 Compiler:   GNU 9.1.0
 Build type: Release
 Version:    1.3.0

 Start time: Thu May 27 17:01:35 2021

 Data directory: /newhome/zw18965/.local/qcore/share/entos/1.3.0/data
 Number of threads: 16
 Number of threads was determined by: number of physical cores

 --------------------------------------------------------------------------------
                                   command: hf                                   
 --------------------------------------------------------------------------------
 AO basis set:                           def2-tzvppd
 Number of AO basis functions:          67

 Formula:                                Ni
 Nuclear charge:                        28.000000000
 Total charge:                           0.000000000
 Number of electrons:                   28.000000000

 Number of alpha electrons:             15
 Number of beta electrons:              13
 Number of unpaired electrons:           2
 Spin:                                   2
 Multiplicity:                           triplet

 Theory:                                 hf
 Method for Coulomb:                     incore_df
 Method for exact exchange:              pre_transformed_df
 Integral threshold:                     1.00e-12
 DF basis set:                           def2-universal-jkfit
 Number of DF basis functions:         264
 Schwarz screening threshold:            1.00e-10
 Coulomb fitting method:                 Cholesky
 Method for AO orthogonalization:        symmetric
 Threshold for linear dependence:        1.00e-08

 -------------------------------------
  Running unrestricted open-shell SCF 
 -------------------------------------
 Max number of iterations:             128
 Conv. threshold (gradient):             1.00e-05
 Conv. threshold (energy):               1.00e-06
 Interpolation scheme:                   adiis+cdiis
 Initial guess:                          H0

 ---------------------------------------------------------------
                  energy        change          grad        time
 ---------------------------------------------------------------
   0     -1455.452668042                    7.56e+00        0.01
   1     -1413.497465396      4.20e+01      9.26e+00        0.01
   2     -1482.323467683     -6.88e+01      3.97e+00        0.01
   3     -1504.191933185     -2.19e+01      2.82e+00        0.01
   4     -1503.748915901      4.43e-01      2.47e+00        0.02
   5     -1506.820425567     -3.07e+00      1.99e-01        0.01
   6     -1506.835829839     -1.54e-02      1.52e-01        0.01
   7     -1506.840750701     -4.92e-03      1.22e-01        0.01
   8     -1506.845711283     -4.96e-03      6.59e-02        0.01
   9     -1506.846694478     -9.83e-04      5.20e-02        0.01
  10     -1506.848276497     -1.58e-03      7.12e-03        0.01
  11     -1506.848332647     -5.62e-05      2.45e-03        0.01
  12     -1506.848340126     -7.48e-06      3.91e-04        0.01
  13     -1506.848340386     -2.59e-07      2.04e-04        0.01
  14     -1506.848340410     -2.48e-08      1.21e-04        0.01
  15     -1506.848340423     -1.29e-08      1.02e-04        0.01
  16     -1506.848340457     -3.33e-08      4.47e-05        0.01
  17     -1506.848340463     -6.66e-09      4.45e-06        0.01

 SCF converged in 17 iterations.

 Dipole moment (in Debye):               0.000000      -0.000000       0.000000

 Quadrupole moment (in Debye-Angstrom):
                  1            2            3
 1       -16.916610    -0.000001    -0.000003
 2        -0.000001   -16.916592    -0.000002
 3        -0.000003    -0.000002   -16.916594

 Spin-squared expectation <S^2>:         2.005
 Total spin quantum number S:            1.002
 TOTAL ENERGY:                       -1506.848340463
 Saving results in set 'HF'

 --------------------------------------------------------------------------------
                                command: unsoldw12                               
 --------------------------------------------------------------------------------
 Number of AO basis functions:          67

 DF basis set:                           def2-qzvppd-ri
 Number of DF basis functions:         316

 Unrestricted UW12 calculation:          
 Core spatial orbitals:                  5
 Correlated alpha orbitals:             10
 Correlated beta orbitals:               8

 ------------------
  UW12 Correlation 
 ------------------
 Factor for UW12 correlation:            1.000000000
 Same spin scale factor:                 0.000000000
 Calculate indirect contribution:        false
 Method for three electron term:         df_ri
 Auxiliary RI basis set:                 def2-QZVPPD-ri
 Number of RI basis functions:         316
 Gaussians in geminal expansion:         4
 UW12 screening threshold:               1.00e-10
 Method for density-fitting:             w(r)
 Number of core spatial orbitals:        5


 Reference energy:                   -1506.848340463
 UW12 correlation energy:               -0.082345611
 Total UW12 energy:                  -1506.930686075

 --------------------------------------------------------------------------------

 End time:                               Thu May 27 17:01:38 2021
 Total wall-clock time:                  2.875 seconds
==================================================================================
