
================================================================================
          _____________ ________ _______________ ________     _________         
         / ___________// ______ \\_____   _____// ______ \   / ________)        
        / /_________  / /      \ \     | |     / /      \ \ | (_______          
       |  __________|| |        | |    | |    | |        | | \________ \        
        \ \_________ | |        | |    | |     \ \______/ /___________) |       
         \__________||_|        |_|    |_|      \________//____________/        
                                                                                
====================================[ Qcore ]===================================

 Git hash:   6a88d58d269bf0d2ccfae91583c23a2b072b7633
 Git date:   Tue, 25 May 2021 10:36:49 +0100
 Compiler:   GNU 9.1.0
 Build type: Release
 Version:    1.3.0

 Start time: Thu May 27 17:02:14 2021

 Data directory: /newhome/zw18965/.local/qcore/share/entos/1.3.0/data
 Number of threads: 16
 Number of threads was determined by: number of physical cores

 --------------------------------------------------------------------------------
                                   command: hf                                   
 --------------------------------------------------------------------------------
 AO basis set:                           def2-tzvppd
 Number of AO basis functions:          56
 ECP on atom 1 (Ru):                     28 electrons

 Formula:                                Ru
 Nuclear charge:                        44.000000000
 Total charge:                           0.000000000
 Number of core electrons:              28
 Number of treated electrons:           16

 Number of alpha electrons:             10
 Number of beta electrons:               6
 Number of unpaired electrons:           4
 Spin:                                   4
 Multiplicity:                           quintet

 Theory:                                 hf
 Method for Coulomb:                     incore_df
 Method for exact exchange:              pre_transformed_df
 Integral threshold:                     1.00e-12
 DF basis set:                           def2-universal-jkfit
 Number of DF basis functions:         255
 Schwarz screening threshold:            1.00e-10
 Coulomb fitting method:                 Cholesky
 Method for AO orthogonalization:        symmetric
 Threshold for linear dependence:        1.00e-08

 -------------------------------------
  Running unrestricted open-shell SCF 
 -------------------------------------
 Max number of iterations:             128
 Conv. threshold (gradient):             1.00e-05
 Conv. threshold (energy):               1.00e-06
 Interpolation scheme:                   adiis+cdiis
 Initial guess:                          H0

 ---------------------------------------------------------------
                  energy        change          grad        time
 ---------------------------------------------------------------
   0       -83.761093705                    2.44e+00        0.03
   1       -84.139184818     -3.78e-01      2.53e+00        0.01
   2       -90.928046747     -6.79e+00      2.01e+00        0.01
   3       -94.071169818     -3.14e+00      2.40e-01        0.01
   4       -94.102625703     -3.15e-02      8.83e-02        0.01
   5       -94.108286281     -5.66e-03      5.54e-02        0.01
   6       -94.110530140     -2.24e-03      1.56e-02        0.01
   7       -94.111218175     -6.88e-04      1.29e-02        0.00
   8       -94.111982611     -7.64e-04      1.10e-02        0.01
   9       -94.113015729     -1.03e-03      9.39e-03        0.01
  10       -94.113141768     -1.26e-04      9.08e-03        0.01
  11       -94.113232132     -9.04e-05      9.22e-03        0.01
  12       -94.112488452      7.44e-04      7.25e-03        0.01
  13       -94.112371997      1.16e-04      4.01e-03        0.01
  14       -94.112391285     -1.93e-05      3.07e-03        0.01
  15       -94.112396272     -4.99e-06      2.01e-03        0.01
  16       -94.112402953     -6.68e-06      1.02e-03        0.00
  17       -94.112407479     -4.53e-06      2.63e-04        0.01
  18       -94.112407605     -1.26e-07      7.51e-05        0.01
  19       -94.112407609     -3.72e-09      2.09e-05        0.01
  20       -94.112407609     -2.43e-10      5.73e-06        0.01

 SCF converged in 20 iterations.

 Dipole moment (in Debye):              -0.000000      -0.000000      -0.000000

 Quadrupole moment (in Debye-Angstrom):
                  1            2            3
 1       -21.692818    -0.055747    -0.001544
 2        -0.055747   -22.827633    -0.031524
 3        -0.001544    -0.031524   -21.690961

 Spin-squared expectation <S^2>:         6.004
 Total spin quantum number S:            2.001
 TOTAL ENERGY:                         -94.112407609
 Saving results in set 'HF'

 --------------------------------------------------------------------------------
                                command: unsoldw12                               
 --------------------------------------------------------------------------------
 Number of AO basis functions:          56

 DF basis set:                           def2-qzvppd-ri
 Number of DF basis functions:         252

 Unrestricted UW12 calculation:          
 Core spatial orbitals:                  0
 Correlated alpha orbitals:             10
 Correlated beta orbitals:               6

 ------------------
  UW12 Correlation 
 ------------------
 Factor for UW12 correlation:            1.000000000
 Same spin scale factor:                 0.000000000
 Calculate indirect contribution:        false
 Method for three electron term:         df_ri
 Auxiliary RI basis set:                 def2-QZVPPD-ri
 Number of RI basis functions:         252
 Gaussians in geminal expansion:         4
 UW12 screening threshold:               1.00e-10
 Method for density-fitting:             w(r)


 Reference energy:                     -94.112407609
 UW12 correlation energy:               -0.084445523
 Total UW12 energy:                    -94.196853132

 --------------------------------------------------------------------------------

 End time:                               Thu May 27 17:02:15 2021
 Total wall-clock time:                  1.930 seconds
==================================================================================
