
================================================================================
          _____________ ________ _______________ ________     _________         
         / ___________// ______ \\_____   _____// ______ \   / ________)        
        / /_________  / /      \ \     | |     / /      \ \ | (_______          
       |  __________|| |        | |    | |    | |        | | \________ \        
        \ \_________ | |        | |    | |     \ \______/ /___________) |       
         \__________||_|        |_|    |_|      \________//____________/        
                                                                                
====================================[ Qcore ]===================================

 Git hash:   6a88d58d269bf0d2ccfae91583c23a2b072b7633
 Git date:   Tue, 25 May 2021 10:36:49 +0100
 Compiler:   GNU 9.1.0
 Build type: Release
 Version:    1.3.0

 Start time: Thu May 27 17:02:24 2021

 Data directory: /newhome/zw18965/.local/qcore/share/entos/1.3.0/data
 Number of threads: 16
 Number of threads was determined by: number of physical cores

 --------------------------------------------------------------------------------
                                   command: hf                                   
 --------------------------------------------------------------------------------
 AO basis set:                           def2-tzvppd
 Number of AO basis functions:          56
 ECP on atom 1 (In):                     28 electrons

 Formula:                                In
 Nuclear charge:                        49.000000000
 Total charge:                           0.000000000
 Number of core electrons:              28
 Number of treated electrons:           21

 Number of alpha electrons:             11
 Number of beta electrons:              10
 Number of unpaired electrons:           1
 Spin:                                   1
 Multiplicity:                           doublet

 Theory:                                 hf
 Method for Coulomb:                     incore_df
 Method for exact exchange:              pre_transformed_df
 Integral threshold:                     1.00e-12
 DF basis set:                           def2-universal-jkfit
 Number of DF basis functions:         218
 Schwarz screening threshold:            1.00e-10
 Coulomb fitting method:                 Cholesky
 Method for AO orthogonalization:        symmetric
 Threshold for linear dependence:        1.00e-08

 -------------------------------------
  Running unrestricted open-shell SCF 
 -------------------------------------
 Max number of iterations:             128
 Conv. threshold (gradient):             1.00e-05
 Conv. threshold (energy):               1.00e-06
 Interpolation scheme:                   adiis+cdiis
 Initial guess:                          H0

 ---------------------------------------------------------------
                  energy        change          grad        time
 ---------------------------------------------------------------
   0      -178.302209198                    3.98e+00        0.01
   1      -146.593375350      3.17e+01      2.82e+00        0.01
   2      -183.523741278     -3.69e+01      3.29e+00        0.01
   3      -188.906711729     -5.38e+00      4.78e-01        0.00
   4      -189.147240468     -2.41e-01      3.42e-01        0.01
   5      -189.197244199     -5.00e-02      1.07e-01        0.01
   6      -189.207639441     -1.04e-02      5.96e-02        0.01
   7      -189.209594619     -1.96e-03      2.37e-02        0.01
   8      -189.210078135     -4.84e-04      1.73e-03        0.01
   9      -189.210082496     -4.36e-06      2.63e-04        0.01
  10      -189.210082562     -6.61e-08      5.59e-05        0.01
  11      -189.210082565     -2.88e-09      6.35e-06        0.01

 SCF converged in 11 iterations.

 Dipole moment (in Debye):              -0.000000      -0.000000      -0.000000

 Quadrupole moment (in Debye-Angstrom):
                  1            2            3
 1       -30.428677     2.972269    -1.034143
 2         2.972269   -23.774394     0.394650
 3        -1.034143     0.394650   -22.777428

 Spin-squared expectation <S^2>:         0.763
 Total spin quantum number S:            0.507
 TOTAL ENERGY:                        -189.210082565
 Saving results in set 'HF'

 --------------------------------------------------------------------------------
                                command: unsoldw12                               
 --------------------------------------------------------------------------------
 Number of AO basis functions:          56

 DF basis set:                           def2-qzvppd-ri
 Number of DF basis functions:         292

 Unrestricted UW12 calculation:          
 Core spatial orbitals:                  4
 Correlated alpha orbitals:              7
 Correlated beta orbitals:               6

 ------------------
  UW12 Correlation 
 ------------------
 Factor for UW12 correlation:            1.000000000
 Same spin scale factor:                 0.000000000
 Calculate indirect contribution:        false
 Method for three electron term:         df_ri
 Auxiliary RI basis set:                 def2-QZVPPD-ri
 Number of RI basis functions:         292
 Gaussians in geminal expansion:         4
 UW12 screening threshold:               1.00e-10
 Method for density-fitting:             w(r)
 Number of core spatial orbitals:        4


 Reference energy:                    -189.210082565
 UW12 correlation energy:               -0.099252589
 Total UW12 energy:                   -189.309335154

 --------------------------------------------------------------------------------

 End time:                               Thu May 27 17:02:33 2021
 Total wall-clock time:                  9.282 seconds
==================================================================================
