
================================================================================
          _____________ ________ _______________ ________     _________         
         / ___________// ______ \\_____   _____// ______ \   / ________)        
        / /_________  / /      \ \     | |     / /      \ \ | (_______          
       |  __________|| |        | |    | |    | |        | | \________ \        
        \ \_________ | |        | |    | |     \ \______/ /___________) |       
         \__________||_|        |_|    |_|      \________//____________/        
                                                                                
====================================[ Qcore ]===================================

 Git hash:   6a88d58d269bf0d2ccfae91583c23a2b072b7633
 Git date:   Tue, 25 May 2021 10:36:49 +0100
 Compiler:   GNU 9.1.0
 Build type: Release
 Version:    1.3.0

 Start time: Thu May 27 17:02:34 2021

 Data directory: /newhome/zw18965/.local/qcore/share/entos/1.3.0/data
 Number of threads: 16
 Number of threads was determined by: number of physical cores

 --------------------------------------------------------------------------------
                                   command: hf                                   
 --------------------------------------------------------------------------------
 AO basis set:                           def2-tzvppd
 Number of AO basis functions:          56
 ECP on atom 1 (Sn):                     28 electrons

 Formula:                                Sn
 Nuclear charge:                        50.000000000
 Total charge:                           0.000000000
 Number of core electrons:              28
 Number of treated electrons:           22

 Number of alpha electrons:             12
 Number of beta electrons:              10
 Number of unpaired electrons:           2
 Spin:                                   2
 Multiplicity:                           triplet

 Theory:                                 hf
 Method for Coulomb:                     incore_df
 Method for exact exchange:              pre_transformed_df
 Integral threshold:                     1.00e-12
 DF basis set:                           def2-universal-jkfit
 Number of DF basis functions:         218
 Schwarz screening threshold:            1.00e-10
 Coulomb fitting method:                 Cholesky
 Method for AO orthogonalization:        symmetric
 Threshold for linear dependence:        1.00e-08

 -------------------------------------
  Running unrestricted open-shell SCF 
 -------------------------------------
 Max number of iterations:             128
 Conv. threshold (gradient):             1.00e-05
 Conv. threshold (energy):               1.00e-06
 Interpolation scheme:                   adiis+cdiis
 Initial guess:                          H0

 ---------------------------------------------------------------
                  energy        change          grad        time
 ---------------------------------------------------------------
   0      -198.394332922                    4.57e+00        0.00
   1      -163.164306559      3.52e+01      3.28e+00        0.01
   2      -206.523826242     -4.34e+01      3.80e+00        0.01
   3      -212.880528087     -6.36e+00      6.39e-01        0.01
   4      -213.251479241     -3.71e-01      4.28e-01        0.01
   5      -213.323573978     -7.21e-02      1.33e-01        0.01
   6      -213.337127098     -1.36e-02      6.77e-02        0.01
   7      -213.339425762     -2.30e-03      2.63e-02        0.01
   8      -213.339920153     -4.94e-04      1.28e-03        0.01
   9      -213.339921658     -1.51e-06      1.59e-04        0.01
  10      -213.339921679     -2.02e-08      2.79e-05        0.01
  11      -213.339921680     -9.37e-10      3.01e-06        0.01

 SCF converged in 11 iterations.

 Dipole moment (in Debye):               0.000000       0.000000       0.000000

 Quadrupole moment (in Debye-Angstrom):
                  1            2            3
 1       -25.328079    -0.104886     3.267517
 2        -0.104886   -28.577067    -0.105374
 3         3.267517    -0.105374   -25.297715

 Spin-squared expectation <S^2>:         2.012
 Total spin quantum number S:            1.004
 TOTAL ENERGY:                        -213.339921680
 Saving results in set 'HF'

 --------------------------------------------------------------------------------
                                command: unsoldw12                               
 --------------------------------------------------------------------------------
 Number of AO basis functions:          56

 DF basis set:                           def2-qzvppd-ri
 Number of DF basis functions:         292

 Unrestricted UW12 calculation:          
 Core spatial orbitals:                  4
 Correlated alpha orbitals:              8
 Correlated beta orbitals:               6

 ------------------
  UW12 Correlation 
 ------------------
 Factor for UW12 correlation:            1.000000000
 Same spin scale factor:                 0.000000000
 Calculate indirect contribution:        false
 Method for three electron term:         df_ri
 Auxiliary RI basis set:                 def2-QZVPPD-ri
 Number of RI basis functions:         292
 Gaussians in geminal expansion:         4
 UW12 screening threshold:               1.00e-10
 Method for density-fitting:             w(r)
 Number of core spatial orbitals:        4


 Reference energy:                    -213.339921680
 UW12 correlation energy:               -0.101764128
 Total UW12 energy:                   -213.441685808

 --------------------------------------------------------------------------------

 End time:                               Thu May 27 17:02:39 2021
 Total wall-clock time:                  5.929 seconds
==================================================================================
