
================================================================================
          _____________ ________ _______________ ________     _________         
         / ___________// ______ \\_____   _____// ______ \   / ________)        
        / /_________  / /      \ \     | |     / /      \ \ | (_______          
       |  __________|| |        | |    | |    | |        | | \________ \        
        \ \_________ | |        | |    | |     \ \______/ /___________) |       
         \__________||_|        |_|    |_|      \________//____________/        
                                                                                
====================================[ Qcore ]===================================

 Git hash:   6a88d58d269bf0d2ccfae91583c23a2b072b7633
 Git date:   Tue, 25 May 2021 10:36:49 +0100
 Compiler:   GNU 9.1.0
 Build type: Release
 Version:    1.3.0

 Start time: Tue Jun 15 13:34:50 2021

 Data directory: /newhome/zw18965/.local/qcore/share/entos/1.3.0/data
 Number of threads: 16
 Number of threads was determined by: number of physical cores

 --------------------------------------------------------------------------------
                                   command: dft                                  
 --------------------------------------------------------------------------------
 AO basis set:                           def2-qzvp
 Number of AO basis functions:          57

 Formula:                                B
 Nuclear charge:                         5.000000000
 Total charge:                           0.000000000
 Number of electrons:                    5.000000000

 Number of alpha electrons:              3
 Number of beta electrons:               2
 Number of unpaired electrons:           1
 Spin:                                   1
 Multiplicity:                           doublet

 Theory:                                 hf
 Method for Coulomb:                     incore_df
 Method for exact exchange:              pre_transformed_df
 Integral threshold:                     1.00e-12
 DF basis set:                           def2-universal-jkfit
 Number of DF basis functions:          75
 Schwarz screening threshold:            1.00e-10
 Coulomb fitting method:                 Cholesky
 Method for AO orthogonalization:        symmetric
 Threshold for linear dependence:        1.00e-08

 -------------------------------------
  Running unrestricted open-shell SCF 
 -------------------------------------
 Max number of iterations:             128
 Conv. threshold (gradient):             1.00e-05
 Conv. threshold (energy):               1.00e-06
 Interpolation scheme:                   adiis+cdiis
 Initial guess:                          SAD

 ---------------------------------------------------------------
                  energy        change          grad        time
 ---------------------------------------------------------------
   0       -24.381576385                    4.58e-03        0.00
   1       -24.505946612     -1.24e-01      1.15e-01        0.00
   2       -24.526287258     -2.03e-02      5.35e-02        0.00
   3       -24.531150737     -4.86e-03      2.79e-02        0.00
   4       -24.533047178     -1.90e-03      4.98e-03        0.00
   5       -24.533084057     -3.69e-05      1.81e-03        0.00
   6       -24.533087315     -3.26e-06      2.22e-04        0.00
   7       -24.533087347     -3.17e-08      2.89e-05        0.00
   8       -24.533087347     -6.08e-10      3.10e-06        0.00

 SCF converged in 8 iterations.

 Dipole moment (in Debye):              -0.000000      -0.000000       0.000000

 Quadrupole moment (in Debye-Angstrom):
                  1            2            3
 1        -5.956421     0.000000     0.000000
 2         0.000000    -9.287081     0.000000
 3         0.000000     0.000000    -5.956421

 Spin-squared expectation <S^2>:         0.761
 Total spin quantum number S:            0.506
 TOTAL ENERGY:                         -24.533087347
 Saving results in set 'HF'

 --------------------------------------------------------------------------------
                                   command: dft                                  
 --------------------------------------------------------------------------------
 Projecting orbitals from old basis (57 functions) to new basis (57 functions)

 AO basis set:                           def2-qzvp
 Number of AO basis functions:          57
 Radial threshold:                       1.00e-08

 Formula:                                B
 Nuclear charge:                         5.000000000
 Total charge:                           0.000000000
 Number of electrons:                    5.000000000

 Number of alpha electrons:              3
 Number of beta electrons:               2
 Number of unpaired electrons:           1
 Spin:                                   1
 Multiplicity:                           doublet

 Theory:                                 hf
 Method for Coulomb:                     incore_df
 Method for exact exchange:              pre_transformed_df
 Integral threshold:                     1.00e-12
 DF basis set:                           def2-qzvppd-ri
 Number of DF basis functions:         157
 Schwarz screening threshold:            1.00e-10
 Coulomb fitting method:                 Cholesky
 Time for pre-computing density fitting integrals:       0.044 seconds

 ------------------
  UW12 Correlation 
 ------------------
 Factor for UW12 correlation:            1.000000000
 Same spin scale factor:                 0.000000000
 Calculate indirect contribution:        false
 Method for three electron term:         quadrature
 Gaussians in geminal expansion:         4
 UW12 screening threshold:               1.00e-12
 Method for density-fitting:             w(r)
 Number of core spatial orbitals:        1

 Total number of grid points:         6800
 Total number of batches:              320
 Maximum # of points per batch:        487
 Minimum # of points per batch:          0
 Average # of points per batch:         21
 Maximum batch gyradius:                 2.367371730
 Minimum batch gyradius:                 0.000000000
 Average batch gyradius:                 1.160826912
 Time for building XC grid:                              0.013 seconds
 Method for AO orthogonalization:        symmetric
 Threshold for linear dependence:        1.00e-08

 -------------------------------------
  Running unrestricted open-shell SCF 
 -------------------------------------
 Max number of iterations:               0
 Conv. threshold (gradient):             1.00e-05
 Conv. threshold (energy):               1.00e-06
 Interpolation scheme:                   adiis+cdiis

 ---------------------------------------------------------------
                  energy        change          grad        time
 ---------------------------------------------------------------
 UW12 two electron energy:              -0.149798055
 UW12 three electron energy:             0.269209172
 UW12 four electron energy:             -0.128553293
 Total UW12 energy:                     -0.009142177
 Time for DF-K:                                          0.001 seconds
 Time for DF-J:                                          0.000 seconds
 Dipole moment (in Debye):              -0.000000      -0.000000       0.000000

 Quadrupole moment (in Debye-Angstrom):
                  1            2            3
 1        -5.956421     0.000000     0.000000
 2         0.000000    -9.287081     0.000000
 3         0.000000     0.000000    -5.956421

 Spin-squared expectation <S^2>:         0.761
 Total spin quantum number S:            0.506
 TOTAL ENERGY:                         -24.542232929

 --------------------------------------------------------------------------------

 End time:                               Tue Jun 15 13:34:51 2021
 Total wall-clock time:                  1.487 seconds
==================================================================================
