
================================================================================
          _____________ ________ _______________ ________     _________         
         / ___________// ______ \\_____   _____// ______ \   / ________)        
        / /_________  / /      \ \     | |     / /      \ \ | (_______          
       |  __________|| |        | |    | |    | |        | | \________ \        
        \ \_________ | |        | |    | |     \ \______/ /___________) |       
         \__________||_|        |_|    |_|      \________//____________/        
                                                                                
====================================[ Qcore ]===================================

 Git hash:   6a88d58d269bf0d2ccfae91583c23a2b072b7633
 Git date:   Tue, 25 May 2021 10:36:49 +0100
 Compiler:   GNU 9.1.0
 Build type: Release
 Version:    1.3.0

 Start time: Tue Jun 15 13:34:53 2021

 Data directory: /newhome/zw18965/.local/qcore/share/entos/1.3.0/data
 Number of threads: 16
 Number of threads was determined by: number of physical cores

 --------------------------------------------------------------------------------
                                   command: dft                                  
 --------------------------------------------------------------------------------
 AO basis set:                           def2-qzvp
 Number of AO basis functions:          57

 Formula:                                O
 Nuclear charge:                         8.000000000
 Total charge:                           0.000000000
 Number of electrons:                    8.000000000

 Number of alpha electrons:              5
 Number of beta electrons:               3
 Number of unpaired electrons:           2
 Spin:                                   2
 Multiplicity:                           triplet

 Theory:                                 hf
 Method for Coulomb:                     incore_df
 Method for exact exchange:              pre_transformed_df
 Integral threshold:                     1.00e-12
 DF basis set:                           def2-universal-jkfit
 Number of DF basis functions:          77
 Schwarz screening threshold:            1.00e-10
 Coulomb fitting method:                 Cholesky
 Method for AO orthogonalization:        symmetric
 Threshold for linear dependence:        1.00e-08

 -------------------------------------
  Running unrestricted open-shell SCF 
 -------------------------------------
 Max number of iterations:             128
 Conv. threshold (gradient):             1.00e-05
 Conv. threshold (energy):               1.00e-06
 Interpolation scheme:                   adiis+cdiis
 Initial guess:                          SAD

 ---------------------------------------------------------------
                  energy        change          grad        time
 ---------------------------------------------------------------
   0       -74.255356802                    4.84e-02        0.00
   1       -74.796076667     -5.41e-01      1.64e-01        0.00
   2       -74.815790037     -1.97e-02      1.06e-01        0.00
   3       -74.818109385     -2.32e-03      2.08e-02        0.00
   4       -74.818497754     -3.88e-04      1.31e-02        0.00
   5       -74.818620527     -1.23e-04      2.38e-03        0.00
   6       -74.818626303     -5.78e-06      4.37e-04        0.00
   7       -74.818626525     -2.22e-07      9.13e-05        0.00
   8       -74.818626532     -6.12e-09      7.17e-06        0.00

 SCF converged in 8 iterations.

 Dipole moment (in Debye):               0.000000       0.000000      -0.000000

 Quadrupole moment (in Debye-Angstrom):
                  1            2            3
 1        -4.589820    -0.000000    -0.000000
 2        -0.000000    -5.874579     0.000000
 3        -0.000000     0.000000    -4.589820

 Spin-squared expectation <S^2>:         2.009
 Total spin quantum number S:            1.003
 TOTAL ENERGY:                         -74.818626532
 Saving results in set 'HF'

 --------------------------------------------------------------------------------
                                   command: dft                                  
 --------------------------------------------------------------------------------
 Projecting orbitals from old basis (57 functions) to new basis (57 functions)

 AO basis set:                           def2-qzvp
 Number of AO basis functions:          57
 Radial threshold:                       1.00e-08

 Formula:                                O
 Nuclear charge:                         8.000000000
 Total charge:                           0.000000000
 Number of electrons:                    8.000000000

 Number of alpha electrons:              5
 Number of beta electrons:               3
 Number of unpaired electrons:           2
 Spin:                                   2
 Multiplicity:                           triplet

 Theory:                                 hf
 Method for Coulomb:                     incore_df
 Method for exact exchange:              pre_transformed_df
 Integral threshold:                     1.00e-12
 DF basis set:                           def2-qzvppd-ri
 Number of DF basis functions:         157
 Schwarz screening threshold:            1.00e-10
 Coulomb fitting method:                 Cholesky
 Time for pre-computing density fitting integrals:       0.044 seconds

 ------------------
  UW12 Correlation 
 ------------------
 Factor for UW12 correlation:            1.000000000
 Same spin scale factor:                 0.000000000
 Calculate indirect contribution:        false
 Method for three electron term:         quadrature
 Gaussians in geminal expansion:         4
 UW12 screening threshold:               1.00e-12
 Method for density-fitting:             w(r)
 Number of core spatial orbitals:        1

 Total number of grid points:         6944
 Total number of batches:              183
 Maximum # of points per batch:        483
 Minimum # of points per batch:          0
 Average # of points per batch:         37
 Maximum batch gyradius:                 1.901128182
 Minimum batch gyradius:                 0.000000000
 Average batch gyradius:                 0.899485640
 Time for building XC grid:                              0.013 seconds
 Method for AO orthogonalization:        symmetric
 Threshold for linear dependence:        1.00e-08

 -------------------------------------
  Running unrestricted open-shell SCF 
 -------------------------------------
 Max number of iterations:               0
 Conv. threshold (gradient):             1.00e-05
 Conv. threshold (energy):               1.00e-06
 Interpolation scheme:                   adiis+cdiis

 ---------------------------------------------------------------
                  energy        change          grad        time
 ---------------------------------------------------------------
 UW12 two electron energy:              -1.239709410
 UW12 three electron energy:             2.367675095
 UW12 four electron energy:             -1.146339613
 Total UW12 energy:                     -0.018373928
 Time for DF-K:                                          0.001 seconds
 Time for DF-J:                                          0.000 seconds
 Dipole moment (in Debye):               0.000000       0.000000      -0.000000

 Quadrupole moment (in Debye-Angstrom):
                  1            2            3
 1        -4.589820    -0.000000    -0.000000
 2        -0.000000    -5.874579     0.000000
 3        -0.000000     0.000000    -4.589820

 Spin-squared expectation <S^2>:         2.009
 Total spin quantum number S:            1.003
 TOTAL ENERGY:                         -74.837012586

 --------------------------------------------------------------------------------

 End time:                               Tue Jun 15 13:34:55 2021
 Total wall-clock time:                  1.481 seconds
==================================================================================
