
================================================================================
          _____________ ________ _______________ ________     _________         
         / ___________// ______ \\_____   _____// ______ \   / ________)        
        / /_________  / /      \ \     | |     / /      \ \ | (_______          
       |  __________|| |        | |    | |    | |        | | \________ \        
        \ \_________ | |        | |    | |     \ \______/ /___________) |       
         \__________||_|        |_|    |_|      \________//____________/        
                                                                                
====================================[ Qcore ]===================================

 Git hash:   6a88d58d269bf0d2ccfae91583c23a2b072b7633
 Git date:   Tue, 25 May 2021 10:36:49 +0100
 Compiler:   GNU 9.1.0
 Build type: Release
 Version:    1.3.0

 Start time: Tue Jun 15 13:35:18 2021

 Data directory: /newhome/zw18965/.local/qcore/share/entos/1.3.0/data
 Number of threads: 16
 Number of threads was determined by: number of physical cores

 --------------------------------------------------------------------------------
                                   command: dft                                  
 --------------------------------------------------------------------------------
 AO basis set:                           def2-qzvp
 Number of AO basis functions:          84

 Formula:                                Sc
 Nuclear charge:                        21.000000000
 Total charge:                           0.000000000
 Number of electrons:                   21.000000000

 Number of alpha electrons:             11
 Number of beta electrons:              10
 Number of unpaired electrons:           1
 Spin:                                   1
 Multiplicity:                           doublet

 Theory:                                 hf
 Method for Coulomb:                     incore_df
 Method for exact exchange:              pre_transformed_df
 Integral threshold:                     1.00e-12
 DF basis set:                           def2-universal-jkfit
 Number of DF basis functions:         264
 Schwarz screening threshold:            1.00e-10
 Coulomb fitting method:                 Cholesky
 Method for AO orthogonalization:        symmetric
 Threshold for linear dependence:        1.00e-08

 -------------------------------------
  Running unrestricted open-shell SCF 
 -------------------------------------
 Max number of iterations:             128
 Conv. threshold (gradient):             1.00e-05
 Conv. threshold (energy):               1.00e-06
 Interpolation scheme:                   adiis+cdiis
 Initial guess:                          SAD

 ---------------------------------------------------------------
                  energy        change          grad        time
 ---------------------------------------------------------------
   0      -759.554280243                    2.21e-03        0.01
   1      -759.623369019     -6.91e-02      6.34e-02        0.01
   2      -759.631752339     -8.38e-03      3.73e-02        0.01
   3      -759.637222171     -5.47e-03      3.81e-02        0.01
   4      -759.640077473     -2.86e-03      3.98e-02        0.01
   5      -759.637542529      2.53e-03      3.82e-02        0.01
   6      -759.625186012      1.24e-02      5.85e-02        0.01
   7      -759.625190274     -4.26e-06      5.84e-02        0.01
   8      -759.626560933     -1.37e-03      2.04e-02        0.01
   9      -759.627184213     -6.23e-04      1.48e-02        0.01
  10      -759.627866269     -6.82e-04      1.35e-02        0.01
  11      -759.628752386     -8.86e-04      9.25e-03        0.01
  12      -759.628691412      6.10e-05      5.79e-03        0.01
  13      -759.628805016     -1.14e-04      2.87e-03        0.01
  14      -759.628807449     -2.43e-06      1.35e-03        0.01
  15      -759.628807361      8.72e-08      4.10e-04        0.01
  16      -759.628807655     -2.94e-07      1.57e-04        0.01
  17      -759.628807641      1.38e-08      1.89e-04        0.01
  18      -759.628807600      4.11e-08      1.07e-04        0.01
  19      -759.628807593      7.02e-09      4.39e-05        0.01
  20      -759.628807595     -1.69e-09      2.70e-05        0.01
  21      -759.628807594      1.16e-09      2.40e-05        0.01
  22      -759.628807593      1.11e-09      8.75e-06        0.01

 SCF converged in 22 iterations.

 Dipole moment (in Debye):               0.000077       0.000038       0.000025

 Quadrupole moment (in Debye-Angstrom):
                  1            2            3
 1       -30.607086     7.205363    -2.720909
 2         7.205363   -30.323621     2.667984
 3        -2.720909     2.667984   -24.265959

 Spin-squared expectation <S^2>:         0.848
 Total spin quantum number S:            0.548
 TOTAL ENERGY:                        -759.628807593
 Saving results in set 'HF'

 --------------------------------------------------------------------------------
                                   command: dft                                  
 --------------------------------------------------------------------------------
 Projecting orbitals from old basis (84 functions) to new basis (84 functions)

 AO basis set:                           def2-qzvp
 Number of AO basis functions:          84
 Radial threshold:                       1.00e-08

 Formula:                                Sc
 Nuclear charge:                        21.000000000
 Total charge:                           0.000000000
 Number of electrons:                   21.000000000

 Number of alpha electrons:             11
 Number of beta electrons:              10
 Number of unpaired electrons:           1
 Spin:                                   1
 Multiplicity:                           doublet

 Theory:                                 hf
 Method for Coulomb:                     incore_df
 Method for exact exchange:              pre_transformed_df
 Integral threshold:                     1.00e-12
 DF basis set:                           def2-qzvppd-ri
 Number of DF basis functions:         309
 Schwarz screening threshold:            1.00e-10
 Coulomb fitting method:                 Cholesky
 Time for pre-computing density fitting integrals:       0.123 seconds

 ------------------
  UW12 Correlation 
 ------------------
 Factor for UW12 correlation:            1.000000000
 Same spin scale factor:                 0.000000000
 Calculate indirect contribution:        false
 Method for three electron term:         quadrature
 Gaussians in geminal expansion:         4
 UW12 screening threshold:               1.00e-12
 Method for density-fitting:             w(r)
 Number of core spatial orbitals:        5

 Total number of grid points:         7852
 Total number of batches:              327
 Maximum # of points per batch:        425
 Minimum # of points per batch:          0
 Average # of points per batch:         24
 Maximum batch gyradius:                 2.486666673
 Minimum batch gyradius:                 0.000000000
 Average batch gyradius:                 1.295468669
 Time for building XC grid:                              0.014 seconds
 Method for AO orthogonalization:        symmetric
 Threshold for linear dependence:        1.00e-08

 -------------------------------------
  Running unrestricted open-shell SCF 
 -------------------------------------
 Max number of iterations:               0
 Conv. threshold (gradient):             1.00e-05
 Conv. threshold (energy):               1.00e-06
 Interpolation scheme:                   adiis+cdiis

 ---------------------------------------------------------------
                  energy        change          grad        time
 ---------------------------------------------------------------
 UW12 two electron energy:              -3.234519191
 UW12 three electron energy:             6.198758089
 UW12 four electron energy:             -3.010610093
 Total UW12 energy:                     -0.046371195
 Time for DF-K:                                          0.003 seconds
 Time for DF-J:                                          0.000 seconds
 Dipole moment (in Debye):               0.000077       0.000038       0.000025

 Quadrupole moment (in Debye-Angstrom):
                  1            2            3
 1       -30.607086     7.205363    -2.720909
 2         7.205363   -30.323621     2.667984
 3        -2.720909     2.667984   -24.265959

 Spin-squared expectation <S^2>:         0.848
 Total spin quantum number S:            0.548
 TOTAL ENERGY:                        -759.677202520

 --------------------------------------------------------------------------------

 End time:                               Tue Jun 15 13:35:22 2021
 Total wall-clock time:                  3.668 seconds
==================================================================================
