
================================================================================
          _____________ ________ _______________ ________     _________         
         / ___________// ______ \\_____   _____// ______ \   / ________)        
        / /_________  / /      \ \     | |     / /      \ \ | (_______          
       |  __________|| |        | |    | |    | |        | | \________ \        
        \ \_________ | |        | |    | |     \ \______/ /___________) |       
         \__________||_|        |_|    |_|      \________//____________/        
                                                                                
====================================[ Qcore ]===================================

 Git hash:   6a88d58d269bf0d2ccfae91583c23a2b072b7633
 Git date:   Tue, 25 May 2021 10:36:49 +0100
 Compiler:   GNU 9.1.0
 Build type: Release
 Version:    1.3.0

 Start time: Tue Jun 15 13:36:57 2021

 Data directory: /newhome/zw18965/.local/qcore/share/entos/1.3.0/data
 Number of threads: 16
 Number of threads was determined by: number of physical cores

 --------------------------------------------------------------------------------
                                   command: dft                                  
 --------------------------------------------------------------------------------
 AO basis set:                           def2-qzvp
 Number of AO basis functions:          72
 ECP on atom 1 (Y):                      28 electrons

 Formula:                                Y
 Nuclear charge:                        39.000000000
 Total charge:                           0.000000000
 Number of core electrons:              28
 Number of treated electrons:           11

 Number of alpha electrons:              6
 Number of beta electrons:               5
 Number of unpaired electrons:           1
 Spin:                                   1
 Multiplicity:                           doublet

 Theory:                                 hf
 Method for Coulomb:                     incore_df
 Method for exact exchange:              pre_transformed_df
 Integral threshold:                     1.00e-12
 DF basis set:                           def2-universal-jkfit
 Number of DF basis functions:         255
 Schwarz screening threshold:            1.00e-10
 Coulomb fitting method:                 Cholesky
 Method for AO orthogonalization:        symmetric
 Threshold for linear dependence:        1.00e-08

 -------------------------------------
  Running unrestricted open-shell SCF 
 -------------------------------------
 Max number of iterations:             128
 Conv. threshold (gradient):             1.00e-05
 Conv. threshold (energy):               1.00e-06
 Interpolation scheme:                   adiis+cdiis
 Initial guess:                          SAD

 ---------------------------------------------------------------
                  energy        change          grad        time
 ---------------------------------------------------------------
   0       -37.686237956                    4.46e-04        0.00
   1       -37.754460371     -6.82e-02      7.42e-02        0.00
   2       -37.770041958     -1.56e-02      3.42e-02        0.00
   3       -37.774140023     -4.10e-03      2.16e-02        0.00
   4       -37.777947059     -3.81e-03      2.12e-02        0.00
   5       -37.781042206     -3.10e-03      1.75e-02        0.00
   6       -37.785897674     -4.86e-03      1.11e-02        0.00
   7       -37.785487394      4.10e-04      8.79e-03        0.00
   8       -37.786068600     -5.81e-04      1.31e-03        0.01
   9       -37.786075333     -6.73e-06      1.04e-03        0.00
  10       -37.786079101     -3.77e-06      3.72e-04        0.00
  11       -37.786079983     -8.81e-07      1.44e-04        0.01
  12       -37.786080069     -8.57e-08      5.10e-05        0.00
  13       -37.786080079     -1.04e-08      8.04e-06        0.01

 SCF converged in 13 iterations.

 Dipole moment (in Debye):               0.000000      -0.000000       0.000000

 Quadrupole moment (in Debye-Angstrom):
                  1            2            3
 1       -28.716258     0.000000    -0.000000
 2         0.000000   -45.835176    -0.000000
 3        -0.000000    -0.000000   -28.716258

 Spin-squared expectation <S^2>:         1.278
 Total spin quantum number S:            0.736
 TOTAL ENERGY:                         -37.786080079
 Saving results in set 'HF'

 --------------------------------------------------------------------------------
                                   command: dft                                  
 --------------------------------------------------------------------------------
 Projecting orbitals from old basis (72 functions) to new basis (72 functions)

 AO basis set:                           def2-qzvp
 Number of AO basis functions:          72
 Radial threshold:                       1.00e-08
 ECP on atom 1 (Y):                      28 electrons

 Formula:                                Y
 Nuclear charge:                        39.000000000
 Total charge:                           0.000000000
 Number of core electrons:              28
 Number of treated electrons:           11

 Number of alpha electrons:              6
 Number of beta electrons:               5
 Number of unpaired electrons:           1
 Spin:                                   1
 Multiplicity:                           doublet

 Theory:                                 hf
 Method for Coulomb:                     incore_df
 Method for exact exchange:              pre_transformed_df
 Integral threshold:                     1.00e-12
 DF basis set:                           def2-qzvppd-ri
 Number of DF basis functions:         252
 Schwarz screening threshold:            1.00e-10
 Coulomb fitting method:                 Cholesky
 Time for pre-computing density fitting integrals:       0.058 seconds

 ------------------
  UW12 Correlation 
 ------------------
 Factor for UW12 correlation:            1.000000000
 Same spin scale factor:                 0.000000000
 Calculate indirect contribution:        false
 Method for three electron term:         quadrature
 Gaussians in geminal expansion:         4
 UW12 screening threshold:               1.00e-12
 Method for density-fitting:             w(r)

 Total number of grid points:         8126
 Total number of batches:              176
 Maximum # of points per batch:        483
 Minimum # of points per batch:          0
 Average # of points per batch:         46
 Maximum batch gyradius:                 2.195410709
 Minimum batch gyradius:                 0.000000000
 Average batch gyradius:                 1.104040801
 Time for building XC grid:                              0.013 seconds
 Method for AO orthogonalization:        symmetric
 Threshold for linear dependence:        1.00e-08

 -------------------------------------
  Running unrestricted open-shell SCF 
 -------------------------------------
 Max number of iterations:               0
 Conv. threshold (gradient):             1.00e-05
 Conv. threshold (energy):               1.00e-06
 Interpolation scheme:                   adiis+cdiis

 ---------------------------------------------------------------
                  energy        change          grad        time
 ---------------------------------------------------------------
 UW12 two electron energy:              -2.464897777
 UW12 three electron energy:             4.673144053
 UW12 four electron energy:             -2.257969058
 Total UW12 energy:                     -0.049722782
 Time for DF-K:                                          0.001 seconds
 Time for DF-J:                                          0.000 seconds
 Dipole moment (in Debye):               0.000000      -0.000000       0.000000

 Quadrupole moment (in Debye-Angstrom):
                  1            2            3
 1       -28.716258     0.000000    -0.000000
 2         0.000000   -45.835176    -0.000000
 3        -0.000000    -0.000000   -28.716258

 Spin-squared expectation <S^2>:         1.278
 Total spin quantum number S:            0.736
 TOTAL ENERGY:                         -37.835852532

 --------------------------------------------------------------------------------

 End time:                               Tue Jun 15 13:36:59 2021
 Total wall-clock time:                  1.696 seconds
==================================================================================
