
================================================================================
          _____________ ________ _______________ ________     _________         
         / ___________// ______ \\_____   _____// ______ \   / ________)        
        / /_________  / /      \ \     | |     / /      \ \ | (_______          
       |  __________|| |        | |    | |    | |        | | \________ \        
        \ \_________ | |        | |    | |     \ \______/ /___________) |       
         \__________||_|        |_|    |_|      \________//____________/        
                                                                                
====================================[ Qcore ]===================================

 Git hash:   6a88d58d269bf0d2ccfae91583c23a2b072b7633
 Git date:   Tue, 25 May 2021 10:36:49 +0100
 Compiler:   GNU 9.1.0
 Build type: Release
 Version:    1.3.0

 Start time: Tue Jun 15 13:38:03 2021

 Data directory: /newhome/zw18965/.local/qcore/share/entos/1.3.0/data
 Number of threads: 16
 Number of threads was determined by: number of physical cores

 --------------------------------------------------------------------------------
                                   command: dft                                  
 --------------------------------------------------------------------------------
 AO basis set:                           def2-qzvp
 Number of AO basis functions:          82
 ECP on atom 1 (I):                      28 electrons

 Formula:                                I
 Nuclear charge:                        53.000000000
 Total charge:                           0.000000000
 Number of core electrons:              28
 Number of treated electrons:           25

 Number of alpha electrons:             13
 Number of beta electrons:              12
 Number of unpaired electrons:           1
 Spin:                                   1
 Multiplicity:                           doublet

 Theory:                                 hf
 Method for Coulomb:                     incore_df
 Method for exact exchange:              pre_transformed_df
 Integral threshold:                     1.00e-12
 DF basis set:                           def2-universal-jkfit
 Number of DF basis functions:         218
 Schwarz screening threshold:            1.00e-10
 Coulomb fitting method:                 Cholesky
 Method for AO orthogonalization:        symmetric
 Threshold for linear dependence:        1.00e-08

 -------------------------------------
  Running unrestricted open-shell SCF 
 -------------------------------------
 Max number of iterations:             128
 Conv. threshold (gradient):             1.00e-05
 Conv. threshold (energy):               1.00e-06
 Interpolation scheme:                   adiis+cdiis
 Initial guess:                          SAD

 ---------------------------------------------------------------
                  energy        change          grad        time
 ---------------------------------------------------------------
   0      -296.502467101                    4.03e-03        0.02
   1      -296.652039161     -1.50e-01      7.90e-02        0.01
   2      -296.658741832     -6.70e-03      3.35e-02        0.01
   3      -296.659667245     -9.25e-04      8.64e-03        0.01
   4      -296.659755063     -8.78e-05      2.63e-03        0.01
   5      -296.659763510     -8.45e-06      4.67e-04        0.01
   6      -296.659763773     -2.63e-07      6.25e-05        0.01
   7      -296.659763776     -3.60e-09      8.99e-06        0.01

 SCF converged in 7 iterations.

 Dipole moment (in Debye):               0.000000      -0.000000       0.000000

 Quadrupole moment (in Debye-Angstrom):
                  1            2            3
 1       -24.396794    -0.000000     0.000000
 2        -0.000000   -28.035287     0.000000
 3         0.000000     0.000000   -28.035287

 Spin-squared expectation <S^2>:         0.761
 Total spin quantum number S:            0.506
 TOTAL ENERGY:                        -296.659763776
 Saving results in set 'HF'

 --------------------------------------------------------------------------------
                                   command: dft                                  
 --------------------------------------------------------------------------------
 Projecting orbitals from old basis (82 functions) to new basis (82 functions)

 AO basis set:                           def2-qzvp
 Number of AO basis functions:          82
 Radial threshold:                       1.00e-08
 ECP on atom 1 (I):                      28 electrons

 Formula:                                I
 Nuclear charge:                        53.000000000
 Total charge:                           0.000000000
 Number of core electrons:              28
 Number of treated electrons:           25

 Number of alpha electrons:             13
 Number of beta electrons:              12
 Number of unpaired electrons:           1
 Spin:                                   1
 Multiplicity:                           doublet

 Theory:                                 hf
 Method for Coulomb:                     incore_df
 Method for exact exchange:              pre_transformed_df
 Integral threshold:                     1.00e-12
 DF basis set:                           def2-qzvppd-ri
 Number of DF basis functions:         292
 Schwarz screening threshold:            1.00e-10
 Coulomb fitting method:                 Cholesky
 Time for pre-computing density fitting integrals:       0.817 seconds

 ------------------
  UW12 Correlation 
 ------------------
 Factor for UW12 correlation:            1.000000000
 Same spin scale factor:                 0.000000000
 Calculate indirect contribution:        false
 Method for three electron term:         quadrature
 Gaussians in geminal expansion:         4
 UW12 screening threshold:               1.00e-12
 Method for density-fitting:             w(r)
 Number of core spatial orbitals:        4

 Total number of grid points:         8870
 Total number of batches:              204
 Maximum # of points per batch:        443
 Minimum # of points per batch:          0
 Average # of points per batch:         43
 Maximum batch gyradius:                 2.258501775
 Minimum batch gyradius:                 0.000000000
 Average batch gyradius:                 1.000320935
 Time for building XC grid:                              0.019 seconds
 Method for AO orthogonalization:        symmetric
 Threshold for linear dependence:        1.00e-08

 -------------------------------------
  Running unrestricted open-shell SCF 
 -------------------------------------
 Max number of iterations:               0
 Conv. threshold (gradient):             1.00e-05
 Conv. threshold (energy):               1.00e-06
 Interpolation scheme:                   adiis+cdiis

 ---------------------------------------------------------------
                  energy        change          grad        time
 ---------------------------------------------------------------
 UW12 two electron energy:              -9.025122535
 UW12 three electron energy:            17.352002055
 UW12 four electron energy:             -8.448073942
 Total UW12 energy:                     -0.121194422
 Time for DF-K:                                          0.004 seconds
 Time for DF-J:                                          0.000 seconds
 Dipole moment (in Debye):               0.000000      -0.000000       0.000000

 Quadrupole moment (in Debye-Angstrom):
                  1            2            3
 1       -24.396794    -0.000000     0.000000
 2        -0.000000   -28.035287     0.000000
 3         0.000000     0.000000   -28.035287

 Spin-squared expectation <S^2>:         0.761
 Total spin quantum number S:            0.506
 TOTAL ENERGY:                        -296.780922700

 --------------------------------------------------------------------------------

 End time:                               Tue Jun 15 13:38:11 2021
 Total wall-clock time:                  8.528 seconds
==================================================================================
