
================================================================================
          _____________ ________ _______________ ________     _________         
         / ___________// ______ \\_____   _____// ______ \   / ________)        
        / /_________  / /      \ \     | |     / /      \ \ | (_______          
       |  __________|| |        | |    | |    | |        | | \________ \        
        \ \_________ | |        | |    | |     \ \______/ /___________) |       
         \__________||_|        |_|    |_|      \________//____________/        
                                                                                
====================================[ Qcore ]===================================

 Git hash:   6a88d58d269bf0d2ccfae91583c23a2b072b7633
 Git date:   Tue, 25 May 2021 10:36:49 +0100
 Compiler:   GNU 9.1.0
 Build type: Release
 Version:    1.3.0

 Start time: Tue Jun 15 13:39:15 2021

 Data directory: /newhome/zw18965/.local/qcore/share/entos/1.3.0/data
 Number of threads: 16
 Number of threads was determined by: number of physical cores

 --------------------------------------------------------------------------------
                                   command: dft                                  
 --------------------------------------------------------------------------------
 AO basis set:                           def2-qzvp
 Number of AO basis functions:          82
 ECP on atom 1 (At):                     60 electrons

 Formula:                                At
 Nuclear charge:                        85.000000000
 Total charge:                           0.000000000
 Number of core electrons:              60
 Number of treated electrons:           25

 Number of alpha electrons:             13
 Number of beta electrons:              12
 Number of unpaired electrons:           1
 Spin:                                   1
 Multiplicity:                           doublet

 Theory:                                 hf
 Method for Coulomb:                     incore_df
 Method for exact exchange:              pre_transformed_df
 Integral threshold:                     1.00e-12
 DF basis set:                           def2-universal-jkfit
 Number of DF basis functions:         251
 Schwarz screening threshold:            1.00e-10
 Coulomb fitting method:                 Cholesky
 Method for AO orthogonalization:        symmetric
 Threshold for linear dependence:        1.00e-08

 -------------------------------------
  Running unrestricted open-shell SCF 
 -------------------------------------
 Max number of iterations:             128
 Conv. threshold (gradient):             1.00e-05
 Conv. threshold (energy):               1.00e-06
 Interpolation scheme:                   adiis+cdiis
 Initial guess:                          SAD

 ---------------------------------------------------------------
                  energy        change          grad        time
 ---------------------------------------------------------------
   0      -261.212847357                    3.87e-03        0.01
   1      -261.354154738     -1.41e-01      7.69e-02        0.01
   2      -261.360458168     -6.30e-03      2.74e-02        0.01
   3      -261.361228245     -7.70e-04      7.60e-03        0.01
   4      -261.361306796     -7.86e-05      2.23e-03        0.01
   5      -261.361314468     -7.67e-06      4.71e-04        0.01
   6      -261.361314820     -3.52e-07      5.85e-05        0.01
   7      -261.361314823     -3.33e-09      1.18e-05        0.01
   8      -261.361314823     -1.01e-10      1.25e-06        0.01

 SCF converged in 8 iterations.

 Dipole moment (in Debye):              -0.000000       0.000000      -0.000000

 Quadrupole moment (in Debye-Angstrom):
                  1            2            3
 1       -28.757521    -0.000000    -0.000000
 2        -0.000000   -32.752665    -0.000000
 3        -0.000000    -0.000000   -32.752665

 Spin-squared expectation <S^2>:         0.759
 Total spin quantum number S:            0.505
 TOTAL ENERGY:                        -261.361314823
 Saving results in set 'HF'

 --------------------------------------------------------------------------------
                                   command: dft                                  
 --------------------------------------------------------------------------------
 Projecting orbitals from old basis (82 functions) to new basis (82 functions)

 AO basis set:                           def2-qzvp
 Number of AO basis functions:          82
 Radial threshold:                       1.00e-08
 ECP on atom 1 (At):                     60 electrons

 Formula:                                At
 Nuclear charge:                        85.000000000
 Total charge:                           0.000000000
 Number of core electrons:              60
 Number of treated electrons:           25

 Number of alpha electrons:             13
 Number of beta electrons:              12
 Number of unpaired electrons:           1
 Spin:                                   1
 Multiplicity:                           doublet

 Theory:                                 hf
 Method for Coulomb:                     incore_df
 Method for exact exchange:              pre_transformed_df
 Integral threshold:                     1.00e-12
 DF basis set:                           def2-qzvppd-ri
 Number of DF basis functions:         281
 Schwarz screening threshold:            1.00e-10
 Coulomb fitting method:                 Cholesky
 Time for pre-computing density fitting integrals:       0.344 seconds

 ------------------
  UW12 Correlation 
 ------------------
 Factor for UW12 correlation:            1.000000000
 Same spin scale factor:                 0.000000000
 Calculate indirect contribution:        false
 Method for three electron term:         quadrature
 Gaussians in geminal expansion:         4
 UW12 screening threshold:               1.00e-12
 Method for density-fitting:             w(r)
 Number of core spatial orbitals:        4

 Total number of grid points:         9492
 Total number of batches:              204
 Maximum # of points per batch:        448
 Minimum # of points per batch:          0
 Average # of points per batch:         46
 Maximum batch gyradius:                 2.295332755
 Minimum batch gyradius:                 0.000000000
 Average batch gyradius:                 1.019192534
 Time for building XC grid:                              0.016 seconds
 Method for AO orthogonalization:        symmetric
 Threshold for linear dependence:        1.00e-08

 -------------------------------------
  Running unrestricted open-shell SCF 
 -------------------------------------
 Max number of iterations:               0
 Conv. threshold (gradient):             1.00e-05
 Conv. threshold (energy):               1.00e-06
 Interpolation scheme:                   adiis+cdiis

 ---------------------------------------------------------------
                  energy        change          grad        time
 ---------------------------------------------------------------
 UW12 two electron energy:              -7.545934972
 UW12 three electron energy:            14.366448450
 UW12 four electron energy:             -6.964474860
 Total UW12 energy:                     -0.143961382
 Time for DF-K:                                          0.003 seconds
 Time for DF-J:                                          0.000 seconds
 Dipole moment (in Debye):              -0.000000       0.000000      -0.000000

 Quadrupole moment (in Debye-Angstrom):
                  1            2            3
 1       -28.757521    -0.000000    -0.000000
 2        -0.000000   -32.752665    -0.000000
 3        -0.000000    -0.000000   -32.752665

 Spin-squared expectation <S^2>:         0.759
 Total spin quantum number S:            0.505
 TOTAL ENERGY:                        -261.505460990

 --------------------------------------------------------------------------------

 End time:                               Tue Jun 15 13:39:20 2021
 Total wall-clock time:                  5.022 seconds
==================================================================================
