
================================================================================
          _____________ ________ _______________ ________     _________         
         / ___________// ______ \\_____   _____// ______ \   / ________)        
        / /_________  / /      \ \     | |     / /      \ \ | (_______          
       |  __________|| |        | |    | |    | |        | | \________ \        
        \ \_________ | |        | |    | |     \ \______/ /___________) |       
         \__________||_|        |_|    |_|      \________//____________/        
                                                                                
====================================[ Qcore ]===================================

 Git hash:   6a88d58d269bf0d2ccfae91583c23a2b072b7633
 Git date:   Tue, 25 May 2021 10:36:49 +0100
 Compiler:   GNU 9.1.0
 Build type: Release
 Version:    1.3.0

 Start time: Wed Jun 16 15:33:12 2021

 Data directory: /newhome/zw18965/.local/qcore/share/entos/1.3.0/data
 Number of threads: 16
 Number of threads was determined by: number of physical cores

 --------------------------------------------------------------------------------
                                   command: hf                                   
 --------------------------------------------------------------------------------
 AO basis set:                           aug-pc-2
 Number of AO basis functions:          46

 Formula:                                B
 Nuclear charge:                         5.000000000
 Total charge:                           0.000000000
 Number of electrons:                    5.000000000

 Number of alpha electrons:              3
 Number of beta electrons:               2
 Number of unpaired electrons:           1
 Spin:                                   1
 Multiplicity:                           doublet

 Theory:                                 hf
 Method for Coulomb:                     incore_df
 Method for exact exchange:              pre_transformed_df
 Integral threshold:                     1.00e-12
 DF basis set:                           def2-universal-jkfit
 Number of DF basis functions:          75
 Schwarz screening threshold:            1.00e-10
 Coulomb fitting method:                 Cholesky
 Method for AO orthogonalization:        symmetric
 Threshold for linear dependence:        1.00e-08

 -------------------------------------
  Running unrestricted open-shell SCF 
 -------------------------------------
 Max number of iterations:             128
 Conv. threshold (gradient):             1.00e-05
 Conv. threshold (energy):               1.00e-06
 Interpolation scheme:                   adiis+cdiis
 Initial guess:                          H0

 ---------------------------------------------------------------
                  energy        change          grad        time
 ---------------------------------------------------------------
   0       -22.798962328                    6.68e-01        0.00
   1       -23.496098710     -6.97e-01      6.55e-01        0.00
   2       -24.483410153     -9.87e-01      2.70e-01        0.00
   3       -24.528626369     -4.52e-02      5.25e-02        0.00
   4       -24.530197249     -1.57e-03      1.68e-02        0.00
   5       -24.530394762     -1.98e-04      3.10e-03        0.00
   6       -24.530406887     -1.21e-05      7.95e-04        0.00
   7       -24.530408059     -1.17e-06      9.58e-05        0.00
   8       -24.530408067     -8.05e-09      1.88e-05        0.00
   9       -24.530408068     -4.01e-10      2.73e-06        0.00

 SCF converged in 9 iterations.

 Dipole moment (in Debye):              -0.000000      -0.000000       0.000000

 Quadrupole moment (in Debye-Angstrom):
                  1            2            3
 1        -6.089377     0.553172     0.074339
 2         0.553172    -9.184967    -0.428892
 3         0.074339    -0.428892    -6.051135

 Spin-squared expectation <S^2>:         0.760
 Total spin quantum number S:            0.505
 TOTAL ENERGY:                         -24.530408068
 Saving results in set 'HF'

 --------------------------------------------------------------------------------
                                command: unsoldw12                               
 --------------------------------------------------------------------------------
 Number of AO basis functions:          46

 DF basis set:                           def2-qzvppd-ri
 Number of DF basis functions:         157


 --------------------------
  Virtual UW12 Correlation 
 --------------------------
 Unrestricted MP2 calculation:           
 Core spatial orbitals:                  1
 Correlated alpha orbitals:              2
 Correlated beta orbitals:               1
 Virtual alpha orbitals:                43
 Virtual beta orbitals:                 44

 Opposite spin energy:                  -0.008123464

 Reference energy:                     -24.530408068
 UW12 correlation energy:               -0.008123464
 Total UW12 energy:                    -24.538531532

 --------------------------------------------------------------------------------

 End time:                               Wed Jun 16 15:33:13 2021
 Total wall-clock time:                  0.212 seconds
==================================================================================
