
================================================================================
          _____________ ________ _______________ ________     _________         
         / ___________// ______ \\_____   _____// ______ \   / ________)        
        / /_________  / /      \ \     | |     / /      \ \ | (_______          
       |  __________|| |        | |    | |    | |        | | \________ \        
        \ \_________ | |        | |    | |     \ \______/ /___________) |       
         \__________||_|        |_|    |_|      \________//____________/        
                                                                                
====================================[ Qcore ]===================================

 Git hash:   6a88d58d269bf0d2ccfae91583c23a2b072b7633
 Git date:   Tue, 25 May 2021 10:36:49 +0100
 Compiler:   GNU 9.1.0
 Build type: Release
 Version:    1.3.0

 Start time: Wed Jun 16 15:33:14 2021

 Data directory: /newhome/zw18965/.local/qcore/share/entos/1.3.0/data
 Number of threads: 16
 Number of threads was determined by: number of physical cores

 --------------------------------------------------------------------------------
                                   command: hf                                   
 --------------------------------------------------------------------------------
 AO basis set:                           aug-pc-2
 Number of AO basis functions:          46

 Formula:                                Ne
 Nuclear charge:                        10.000000000
 Total charge:                           0.000000000
 Number of electrons:                   10.000000000

 Number of alpha electrons:              5
 Number of beta electrons:               5
 Number of unpaired electrons:           0
 Spin:                                   0
 Multiplicity:                           singlet

 Theory:                                 hf
 Method for Coulomb:                     incore_df
 Method for exact exchange:              pre_transformed_df
 Integral threshold:                     1.00e-12
 DF basis set:                           def2-universal-jkfit
 Number of DF basis functions:          77
 Schwarz screening threshold:            1.00e-10
 Coulomb fitting method:                 Cholesky
 Method for AO orthogonalization:        symmetric
 Threshold for linear dependence:        1.00e-08

 -------------------------------------
  Running restricted closed-shell SCF 
 -------------------------------------
 Max number of iterations:             128
 Conv. threshold (gradient):             1.00e-05
 Conv. threshold (energy):               1.00e-06
 Interpolation scheme:                   adiis+cdiis
 Initial guess:                          H0

 ---------------------------------------------------------------
                  energy        change          grad        time
 ---------------------------------------------------------------
   0      -118.191672812                    8.96e+00        0.00
   1      -113.381235457      4.81e+00      6.73e+00        0.00
   2      -124.571798889     -1.12e+01      5.17e+00        0.00
   3      -128.413866554     -3.84e+00      1.17e+00        0.00
   4      -128.506492155     -9.26e-02      5.06e-01        0.00
   5      -128.530421551     -2.39e-02      2.43e-01        0.00
   6      -128.536114173     -5.69e-03      1.25e-01        0.00
   7      -128.537557829     -1.44e-03      6.03e-02        0.00
   8      -128.537897140     -3.39e-04      3.08e-02        0.00
   9      -128.538014059     -1.17e-04      9.88e-06        0.00
  10      -128.538014059     -1.62e-11      1.33e-06        0.00

 SCF converged in 10 iterations.

 Dipole moment (in Debye):               0.000000       0.000000       0.000000

 Quadrupole moment (in Debye-Angstrom):
                  1            2            3
 1        -4.217606     0.000000    -0.000000
 2         0.000000    -4.217606     0.000000
 3        -0.000000     0.000000    -4.217606

 Spin-squared expectation <S^2>:         0.000
 Total spin quantum number S:            0.000
 TOTAL ENERGY:                        -128.538014059
 Saving results in set 'HF'

 --------------------------------------------------------------------------------
                                command: unsoldw12                               
 --------------------------------------------------------------------------------
 Number of AO basis functions:          46

 DF basis set:                           def2-qzvppd-ri
 Number of DF basis functions:         157


 --------------------------
  Virtual UW12 Correlation 
 --------------------------
 Restricted Virtual UW12 calculation:    
 Core orbitals:                          1
 Correlated orbitals:                    4
 Virtual orbitals:                      41

 Opposite spin energy:                  -0.023946170

 Reference energy:                    -128.538014059
 UW12 correlation energy:               -0.023946170
 Total UW12 energy:                   -128.561960229

 --------------------------------------------------------------------------------

 End time:                               Wed Jun 16 15:33:14 2021
 Total wall-clock time:                  0.196 seconds
==================================================================================
