
================================================================================
          _____________ ________ _______________ ________     _________         
         / ___________// ______ \\_____   _____// ______ \   / ________)        
        / /_________  / /      \ \     | |     / /      \ \ | (_______          
       |  __________|| |        | |    | |    | |        | | \________ \        
        \ \_________ | |        | |    | |     \ \______/ /___________) |       
         \__________||_|        |_|    |_|      \________//____________/        
                                                                                
====================================[ Qcore ]===================================

 Git hash:   6a88d58d269bf0d2ccfae91583c23a2b072b7633
 Git date:   Tue, 25 May 2021 10:36:49 +0100
 Compiler:   GNU 9.1.0
 Build type: Release
 Version:    1.3.0

 Start time: Wed Jun 16 15:33:22 2021

 Data directory: /newhome/zw18965/.local/qcore/share/entos/1.3.0/data
 Number of threads: 16
 Number of threads was determined by: number of physical cores

 --------------------------------------------------------------------------------
                                   command: hf                                   
 --------------------------------------------------------------------------------
 AO basis set:                           aug-pc-2
 Number of AO basis functions:          81

 Formula:                                V
 Nuclear charge:                        23.000000000
 Total charge:                           0.000000000
 Number of electrons:                   23.000000000

 Number of alpha electrons:             13
 Number of beta electrons:              10
 Number of unpaired electrons:           3
 Spin:                                   3
 Multiplicity:                           quartet

 Theory:                                 hf
 Method for Coulomb:                     incore_df
 Method for exact exchange:              pre_transformed_df
 Integral threshold:                     1.00e-12
 DF basis set:                           def2-universal-jkfit
 Number of DF basis functions:         264
 Schwarz screening threshold:            1.00e-10
 Coulomb fitting method:                 Cholesky
 Method for AO orthogonalization:        symmetric
 Threshold for linear dependence:        1.00e-08

 -------------------------------------
  Running unrestricted open-shell SCF 
 -------------------------------------
 Max number of iterations:             128
 Conv. threshold (gradient):             1.00e-05
 Conv. threshold (energy):               1.00e-06
 Interpolation scheme:                   adiis+cdiis
 Initial guess:                          H0

 ---------------------------------------------------------------
                  energy        change          grad        time
 ---------------------------------------------------------------
   0      -930.927114115                    3.88e+00        0.01
   1      -921.834450763      9.09e+00      4.06e+00        0.01
   2      -937.837466566     -1.60e+01      2.13e+00        0.01
   3      -939.587259338     -1.75e+00      1.53e+00        0.01
   4      -942.091639253     -2.50e+00      8.20e-01        0.01
   5      -942.634272570     -5.43e-01      6.37e-01        0.01
   6      -942.749202257     -1.15e-01      3.33e-01        0.01
   7      -942.818174511     -6.90e-02      1.56e-01        0.01
   8      -942.828375806     -1.02e-02      8.38e-02        0.01
   9      -942.831903869     -3.53e-03      6.55e-02        0.01
  10      -942.834346136     -2.44e-03      1.49e-02        0.01
  11      -942.834770250     -4.24e-04      1.50e-02        0.01
  12      -942.834962449     -1.92e-04      1.53e-02        0.01
  13      -942.834403181      5.59e-04      1.46e-02        0.01
  14      -942.834300105      1.03e-04      1.32e-02        0.01
  15      -942.834690115     -3.90e-04      7.08e-03        0.01
  16      -942.834694481     -4.37e-06      4.88e-03        0.01
  17      -942.834733077     -3.86e-05      2.40e-03        0.02
  18      -942.834739802     -6.72e-06      1.68e-03        0.01
  19      -942.834744642     -4.84e-06      1.71e-03        0.01
  20      -942.834748040     -3.40e-06      1.71e-03        0.01
  21      -942.834762448     -1.44e-05      1.74e-03        0.01
  22      -942.834779327     -1.69e-05      1.80e-03        0.01
  23      -942.834790681     -1.14e-05      1.86e-03        0.01
  24      -942.834803122     -1.24e-05      1.93e-03        0.01
  25      -942.834805920     -2.80e-06      1.95e-03        0.01
  26      -942.834807749     -1.83e-06      1.97e-03        0.01
  27      -942.834802758      4.99e-06      1.93e-03        0.01
  28      -942.834794359      8.40e-06      1.88e-03        0.01
  29      -942.834766065      2.83e-05      1.76e-03        0.01
  30      -942.834749406      1.67e-05      1.66e-03        0.01
  31      -942.834735812      1.36e-05      1.53e-03        0.01
  32      -942.834728228      7.58e-06      1.41e-03        0.01
  33      -942.834730538     -2.31e-06      1.43e-03        0.01
  34      -942.834728547      1.99e-06      1.31e-03        0.01
  35      -942.834728243      3.04e-07      1.14e-03        0.01
  36      -942.834726585      1.66e-06      8.92e-04        0.01
  37      -942.834716598      9.99e-06      1.35e-03        0.01
  38      -942.834719214     -2.62e-06      1.10e-03        0.01
  39      -942.834724800     -5.59e-06      7.83e-04        0.01
  40      -942.834730809     -6.01e-06      8.65e-04        0.01
  41      -942.834730788      2.05e-08      8.13e-04        0.01
  42      -942.834731515     -7.26e-07      8.28e-04        0.01
  43      -942.834731357      1.57e-07      8.25e-04        0.01
  44      -942.834731573     -2.16e-07      8.64e-04        0.01
  45      -942.834732196     -6.22e-07      8.86e-04        0.01
  46      -942.834733426     -1.23e-06      9.01e-04        0.01
  47      -942.834734139     -7.13e-07      9.12e-04        0.01
  48      -942.834728197      5.94e-06      7.93e-04        0.01
  49      -942.834724538      3.66e-06      7.08e-04        0.01
  50      -942.834721314      3.22e-06      6.55e-04        0.01
  51      -942.834716982      4.33e-06      5.64e-04        0.01
  52      -942.834712799      4.18e-06      3.86e-04        0.01
  53      -942.834711133      1.67e-06      3.72e-04        0.01
  54      -942.834710625      5.08e-07      2.73e-04        0.01
  55      -942.834710595      2.98e-08      2.45e-04        0.01
  56      -942.834710631     -3.57e-08      1.72e-04        0.01
  57      -942.834710682     -5.11e-08      1.35e-04        0.01
  58      -942.834710710     -2.75e-08      3.52e-05        0.01
  59      -942.834710712     -2.27e-09      2.16e-05        0.01
  60      -942.834710715     -2.74e-09      1.94e-05        0.01
  61      -942.834710716     -1.48e-09      8.42e-06        0.01

 SCF converged in 61 iterations.

 Dipole moment (in Debye):              -0.000000       0.000000       0.000000

 Quadrupole moment (in Debye-Angstrom):
                  1            2            3
 1       -19.839934     0.159317     0.016185
 2         0.159317   -19.582359     0.033772
 3         0.016185     0.033772   -19.912603

 Spin-squared expectation <S^2>:         4.670
 Total spin quantum number S:            1.718
 TOTAL ENERGY:                        -942.834710717
 Saving results in set 'HF'

 --------------------------------------------------------------------------------
                                command: unsoldw12                               
 --------------------------------------------------------------------------------
 Number of AO basis functions:          81

 DF basis set:                           def2-qzvppd-ri
 Number of DF basis functions:         309


 --------------------------
  Virtual UW12 Correlation 
 --------------------------
 Unrestricted MP2 calculation:           
 Core spatial orbitals:                  5
 Correlated alpha orbitals:              8
 Correlated beta orbitals:               5
 Virtual alpha orbitals:                68
 Virtual beta orbitals:                 71

 Opposite spin energy:                  -0.042947431

 Reference energy:                    -942.834710717
 UW12 correlation energy:               -0.042947431
 Total UW12 energy:                   -942.877658149

 --------------------------------------------------------------------------------

 End time:                               Wed Jun 16 15:33:24 2021
 Total wall-clock time:                  2.151 seconds
==================================================================================
