
================================================================================
          _____________ ________ _______________ ________     _________         
         / ___________// ______ \\_____   _____// ______ \   / ________)        
        / /_________  / /      \ \     | |     / /      \ \ | (_______          
       |  __________|| |        | |    | |    | |        | | \________ \        
        \ \_________ | |        | |    | |     \ \______/ /___________) |       
         \__________||_|        |_|    |_|      \________//____________/        
                                                                                
====================================[ Qcore ]===================================

 Git hash:   6a88d58d269bf0d2ccfae91583c23a2b072b7633
 Git date:   Tue, 25 May 2021 10:36:49 +0100
 Compiler:   GNU 9.1.0
 Build type: Release
 Version:    1.3.0

 Start time: Wed Jun 16 15:33:26 2021

 Data directory: /newhome/zw18965/.local/qcore/share/entos/1.3.0/data
 Number of threads: 16
 Number of threads was determined by: number of physical cores

 --------------------------------------------------------------------------------
                                   command: hf                                   
 --------------------------------------------------------------------------------
 AO basis set:                           aug-pc-2
 Number of AO basis functions:          81

 Formula:                                Mn
 Nuclear charge:                        25.000000000
 Total charge:                           0.000000000
 Number of electrons:                   25.000000000

 Number of alpha electrons:             15
 Number of beta electrons:              10
 Number of unpaired electrons:           5
 Spin:                                   5
 Multiplicity:                           septet

 Theory:                                 hf
 Method for Coulomb:                     incore_df
 Method for exact exchange:              pre_transformed_df
 Integral threshold:                     1.00e-12
 DF basis set:                           def2-universal-jkfit
 Number of DF basis functions:         264
 Schwarz screening threshold:            1.00e-10
 Coulomb fitting method:                 Cholesky
 Method for AO orthogonalization:        symmetric
 Threshold for linear dependence:        1.00e-08

 -------------------------------------
  Running unrestricted open-shell SCF 
 -------------------------------------
 Max number of iterations:             128
 Conv. threshold (gradient):             1.00e-05
 Conv. threshold (energy):               1.00e-06
 Interpolation scheme:                   adiis+cdiis
 Initial guess:                          H0

 ---------------------------------------------------------------
                  energy        change          grad        time
 ---------------------------------------------------------------
   0     -1126.779908804                    4.62e+00        0.01
   1     -1113.805260528      1.30e+01      5.45e+00        0.01
   2     -1142.399522753     -2.86e+01      3.34e+00        0.01
   3     -1148.799172028     -6.40e+00      1.20e+00        0.01
   4     -1148.843086222     -4.39e-02      1.06e+00        0.01
   5     -1149.805727099     -9.63e-01      2.52e-01        0.01
   6     -1149.837489573     -3.18e-02      1.28e-01        0.01
   7     -1149.845515642     -8.03e-03      6.63e-02        0.01
   8     -1149.847916149     -2.40e-03      3.68e-02        0.01
   9     -1149.849026978     -1.11e-03      6.00e-03        0.01
  10     -1149.849066262     -3.93e-05      1.66e-03        0.01
  11     -1149.849068684     -2.42e-06      5.38e-04        0.01
  12     -1149.849068964     -2.80e-07      1.36e-04        0.01
  13     -1149.849068988     -2.35e-08      1.95e-05        0.01
  14     -1149.849068988     -4.32e-10      3.53e-06        0.01

 SCF converged in 14 iterations.

 Dipole moment (in Debye):               0.000000      -0.000000      -0.000000

 Quadrupole moment (in Debye-Angstrom):
                  1            2            3
 1       -19.492342    -0.000000     0.000002
 2        -0.000000   -19.492343    -0.000000
 3         0.000002    -0.000000   -19.492342

 Spin-squared expectation <S^2>:         8.773
 Total spin quantum number S:            2.504
 TOTAL ENERGY:                       -1149.849068988
 Saving results in set 'HF'

 --------------------------------------------------------------------------------
                                command: unsoldw12                               
 --------------------------------------------------------------------------------
 Number of AO basis functions:          81

 DF basis set:                           def2-qzvppd-ri
 Number of DF basis functions:         309


 --------------------------
  Virtual UW12 Correlation 
 --------------------------
 Unrestricted MP2 calculation:           
 Core spatial orbitals:                  5
 Correlated alpha orbitals:             10
 Correlated beta orbitals:               5
 Virtual alpha orbitals:                66
 Virtual beta orbitals:                 71

 Opposite spin energy:                  -0.049147124

 Reference energy:                   -1149.849068988
 UW12 correlation energy:               -0.049147124
 Total UW12 energy:                  -1149.898216112

 --------------------------------------------------------------------------------

 End time:                               Wed Jun 16 15:33:27 2021
 Total wall-clock time:                  1.531 seconds
==================================================================================
