
================================================================================
          _____________ ________ _______________ ________     _________         
         / ___________// ______ \\_____   _____// ______ \   / ________)        
        / /_________  / /      \ \     | |     / /      \ \ | (_______          
       |  __________|| |        | |    | |    | |        | | \________ \        
        \ \_________ | |        | |    | |     \ \______/ /___________) |       
         \__________||_|        |_|    |_|      \________//____________/        
                                                                                
====================================[ Qcore ]===================================

 Git hash:   6a88d58d269bf0d2ccfae91583c23a2b072b7633
 Git date:   Tue, 25 May 2021 10:36:49 +0100
 Compiler:   GNU 9.1.0
 Build type: Release
 Version:    1.3.0

 Start time: Wed Jun 16 15:33:33 2021

 Data directory: /newhome/zw18965/.local/qcore/share/entos/1.3.0/data
 Number of threads: 16
 Number of threads was determined by: number of physical cores

 --------------------------------------------------------------------------------
                                   command: hf                                   
 --------------------------------------------------------------------------------
 AO basis set:                           aug-pc-2
 Number of AO basis functions:          81

 Formula:                                Cu
 Nuclear charge:                        29.000000000
 Total charge:                           0.000000000
 Number of electrons:                   29.000000000

 Number of alpha electrons:             15
 Number of beta electrons:              14
 Number of unpaired electrons:           1
 Spin:                                   1
 Multiplicity:                           doublet

 Theory:                                 hf
 Method for Coulomb:                     incore_df
 Method for exact exchange:              pre_transformed_df
 Integral threshold:                     1.00e-12
 DF basis set:                           def2-universal-jkfit
 Number of DF basis functions:         264
 Schwarz screening threshold:            1.00e-10
 Coulomb fitting method:                 Cholesky
 Method for AO orthogonalization:        symmetric
 Threshold for linear dependence:        1.00e-08

 -------------------------------------
  Running unrestricted open-shell SCF 
 -------------------------------------
 Max number of iterations:             128
 Conv. threshold (gradient):             1.00e-05
 Conv. threshold (energy):               1.00e-06
 Interpolation scheme:                   adiis+cdiis
 Initial guess:                          H0

 ---------------------------------------------------------------
                  energy        change          grad        time
 ---------------------------------------------------------------
   0     -1602.074697354                    6.30e+00        0.01
   1     -1566.799680396      3.53e+01      1.21e+01        0.01
   2     -1623.465265179     -5.67e+01      5.14e+00        0.01
   3     -1637.363242609     -1.39e+01      1.88e+00        0.01
   4     -1636.984186104      3.79e-01      1.67e+00        0.01
   5     -1638.875631271     -1.89e+00      1.97e-01        0.01
   6     -1638.872698238      2.93e-03      2.59e-01        0.01
   7     -1638.897893497     -2.52e-02      4.34e-02        0.01
   8     -1638.899219767     -1.33e-03      5.09e-02        0.01
   9     -1638.901045270     -1.83e-03      3.06e-02        0.01
  10     -1638.900961198      8.41e-05      3.01e-02        0.01
  11     -1638.899056840      1.90e-03      1.02e-02        0.01
  12     -1638.898935922      1.21e-04      1.57e-03        0.01
  13     -1638.898937037     -1.11e-06      7.16e-04        0.01
  14     -1638.898937140     -1.04e-07      5.79e-04        0.01
  15     -1638.898937325     -1.84e-07      5.77e-04        0.01
  16     -1638.898937151      1.74e-07      5.74e-04        0.01
  17     -1638.898932795      4.36e-06      4.54e-04        0.01
  18     -1638.898929326      3.47e-06      2.50e-04        0.01
  19     -1638.898929302      2.38e-08      1.92e-04        0.01
  20     -1638.898928926      3.76e-07      1.62e-04        0.01
  21     -1638.898928930     -4.36e-09      5.24e-05        0.01
  22     -1638.898928930      8.11e-10      2.11e-05        0.01
  23     -1638.898928930      1.18e-10      1.55e-06        0.01

 SCF converged in 23 iterations.

 Dipole moment (in Debye):              -0.000000      -0.000000      -0.000000

 Quadrupole moment (in Debye-Angstrom):
                  1            2            3
 1       -15.037393     0.686223    -0.286851
 2         0.686223   -14.985792    -0.297829
 3        -0.286851    -0.297829   -15.573800

 Spin-squared expectation <S^2>:         0.775
 Total spin quantum number S:            0.512
 TOTAL ENERGY:                       -1638.898928930
 Saving results in set 'HF'

 --------------------------------------------------------------------------------
                                command: unsoldw12                               
 --------------------------------------------------------------------------------
 Number of AO basis functions:          81

 DF basis set:                           def2-qzvppd-ri
 Number of DF basis functions:         316


 --------------------------
  Virtual UW12 Correlation 
 --------------------------
 Unrestricted MP2 calculation:           
 Core spatial orbitals:                  5
 Correlated alpha orbitals:             10
 Correlated beta orbitals:               9
 Virtual alpha orbitals:                66
 Virtual beta orbitals:                 67

 Opposite spin energy:                  -0.077399093

 Reference energy:                   -1638.898928930
 UW12 correlation energy:               -0.077399093
 Total UW12 energy:                  -1638.976328023

 --------------------------------------------------------------------------------

 End time:                               Wed Jun 16 15:33:35 2021
 Total wall-clock time:                  1.776 seconds
==================================================================================
