
================================================================================
          _____________ ________ _______________ ________     _________         
         / ___________// ______ \\_____   _____// ______ \   / ________)        
        / /_________  / /      \ \     | |     / /      \ \ | (_______          
       |  __________|| |        | |    | |    | |        | | \________ \        
        \ \_________ | |        | |    | |     \ \______/ /___________) |       
         \__________||_|        |_|    |_|      \________//____________/        
                                                                                
====================================[ Qcore ]===================================

 Git hash:   6a88d58d269bf0d2ccfae91583c23a2b072b7633
 Git date:   Tue, 25 May 2021 10:36:49 +0100
 Compiler:   GNU 9.1.0
 Build type: Release
 Version:    1.3.0

 Start time: Wed Jun 16 15:33:37 2021

 Data directory: /newhome/zw18965/.local/qcore/share/entos/1.3.0/data
 Number of threads: 16
 Number of threads was determined by: number of physical cores

 --------------------------------------------------------------------------------
                                   command: hf                                   
 --------------------------------------------------------------------------------
 AO basis set:                           aug-pc-2
 Number of AO basis functions:          59

 Formula:                                Ga
 Nuclear charge:                        31.000000000
 Total charge:                           0.000000000
 Number of electrons:                   31.000000000

 Number of alpha electrons:             16
 Number of beta electrons:              15
 Number of unpaired electrons:           1
 Spin:                                   1
 Multiplicity:                           doublet

 Theory:                                 hf
 Method for Coulomb:                     incore_df
 Method for exact exchange:              pre_transformed_df
 Integral threshold:                     1.00e-12
 DF basis set:                           def2-universal-jkfit
 Number of DF basis functions:         266
 Schwarz screening threshold:            1.00e-10
 Coulomb fitting method:                 Cholesky
 Method for AO orthogonalization:        symmetric
 Threshold for linear dependence:        1.00e-08

 -------------------------------------
  Running unrestricted open-shell SCF 
 -------------------------------------
 Max number of iterations:             128
 Conv. threshold (gradient):             1.00e-05
 Conv. threshold (energy):               1.00e-06
 Interpolation scheme:                   adiis+cdiis
 Initial guess:                          H0

 ---------------------------------------------------------------
                  energy        change          grad        time
 ---------------------------------------------------------------
   0     -1907.080732282                    4.93e+00        0.01
   1     -1858.840791711      4.82e+01      5.36e+00        0.01
   2     -1916.505610226     -5.77e+01      4.79e+00        0.01
   3     -1922.971377237     -6.47e+00      4.84e-01        0.01
   4     -1923.177220250     -2.06e-01      3.74e-01        0.01
   5     -1923.221922089     -4.47e-02      1.47e-01        0.01
   6     -1923.232805940     -1.09e-02      8.49e-02        0.01
   7     -1923.235133142     -2.33e-03      3.64e-02        0.01
   8     -1923.235820002     -6.87e-04      2.35e-03        0.01
   9     -1923.235825601     -5.60e-06      3.05e-04        0.01
  10     -1923.235825706     -1.05e-07      6.63e-05        0.01
  11     -1923.235825712     -6.61e-09      1.01e-05        0.01
  12     -1923.235825713     -1.63e-10      1.42e-06        0.01

 SCF converged in 12 iterations.

 Dipole moment (in Debye):              -0.000000       0.000000      -0.000000

 Quadrupole moment (in Debye-Angstrom):
                  1            2            3
 1       -19.783297    -0.000000     3.843248
 2        -0.000000   -15.773160     0.000000
 3         3.843248     0.000000   -19.456465

 Spin-squared expectation <S^2>:         0.763
 Total spin quantum number S:            0.507
 TOTAL ENERGY:                       -1923.235825713
 Saving results in set 'HF'

 --------------------------------------------------------------------------------
                                command: unsoldw12                               
 --------------------------------------------------------------------------------
 Number of AO basis functions:          59

 DF basis set:                           def2-qzvppd-ri
 Number of DF basis functions:         314


 --------------------------
  Virtual UW12 Correlation 
 --------------------------
 Unrestricted MP2 calculation:           
 Core spatial orbitals:                  9
 Correlated alpha orbitals:              7
 Correlated beta orbitals:               6
 Virtual alpha orbitals:                43
 Virtual beta orbitals:                 44

 Opposite spin energy:                  -0.017628502

 Reference energy:                   -1923.235825713
 UW12 correlation energy:               -0.017628502
 Total UW12 energy:                  -1923.253454215

 --------------------------------------------------------------------------------

 End time:                               Wed Jun 16 15:33:39 2021
 Total wall-clock time:                  2.044 seconds
==================================================================================
