
================================================================================
          _____________ ________ _______________ ________     _________         
         / ___________// ______ \\_____   _____// ______ \   / ________)        
        / /_________  / /      \ \     | |     / /      \ \ | (_______          
       |  __________|| |        | |    | |    | |        | | \________ \        
        \ \_________ | |        | |    | |     \ \______/ /___________) |       
         \__________||_|        |_|    |_|      \________//____________/        
                                                                                
====================================[ Qcore ]===================================

 Git hash:   6a88d58d269bf0d2ccfae91583c23a2b072b7633
 Git date:   Tue, 25 May 2021 10:36:49 +0100
 Compiler:   GNU 9.1.0
 Build type: Release
 Version:    1.3.0

 Start time: Wed Jun 16 15:33:41 2021

 Data directory: /newhome/zw18965/.local/qcore/share/entos/1.3.0/data
 Number of threads: 16
 Number of threads was determined by: number of physical cores

 --------------------------------------------------------------------------------
                                   command: hf                                   
 --------------------------------------------------------------------------------
 AO basis set:                           aug-pc-2
 Number of AO basis functions:          59

 Formula:                                As
 Nuclear charge:                        33.000000000
 Total charge:                           0.000000000
 Number of electrons:                   33.000000000

 Number of alpha electrons:             18
 Number of beta electrons:              15
 Number of unpaired electrons:           3
 Spin:                                   3
 Multiplicity:                           quartet

 Theory:                                 hf
 Method for Coulomb:                     incore_df
 Method for exact exchange:              pre_transformed_df
 Integral threshold:                     1.00e-12
 DF basis set:                           def2-universal-jkfit
 Number of DF basis functions:         266
 Schwarz screening threshold:            1.00e-10
 Coulomb fitting method:                 Cholesky
 Method for AO orthogonalization:        symmetric
 Threshold for linear dependence:        1.00e-08

 -------------------------------------
  Running unrestricted open-shell SCF 
 -------------------------------------
 Max number of iterations:             128
 Conv. threshold (gradient):             1.00e-05
 Conv. threshold (energy):               1.00e-06
 Interpolation scheme:                   adiis+cdiis
 Initial guess:                          H0

 ---------------------------------------------------------------
                  energy        change          grad        time
 ---------------------------------------------------------------
   0     -2211.433710212                    7.98e+00        0.01
   1     -2143.897651597      6.75e+01      7.05e+00        0.01
   2     -2225.194823651     -8.13e+01      5.81e+00        0.01
   3     -2233.491097608     -8.30e+00      9.39e-01        0.01
   4     -2234.090789030     -6.00e-01      5.44e-01        0.01
   5     -2234.194191425     -1.03e-01      2.00e-01        0.01
   6     -2234.211088209     -1.69e-02      8.91e-02        0.01
   7     -2234.213575999     -2.49e-03      3.29e-02        0.01
   8     -2234.214027400     -4.51e-04      1.02e-03        0.01
   9     -2234.214027957     -5.57e-07      8.21e-05        0.01
  10     -2234.214027967     -1.00e-08      1.45e-05        0.01
  11     -2234.214027968     -3.44e-10      6.93e-07        0.01

 SCF converged in 11 iterations.

 Dipole moment (in Debye):               0.000000       0.000000      -0.000000

 Quadrupole moment (in Debye-Angstrom):
                  1            2            3
 1       -18.461260     0.000000     0.000000
 2         0.000000   -18.461260    -0.000000
 3         0.000000    -0.000000   -18.461260

 Spin-squared expectation <S^2>:         3.751
 Total spin quantum number S:            1.500
 TOTAL ENERGY:                       -2234.214027968
 Saving results in set 'HF'

 --------------------------------------------------------------------------------
                                command: unsoldw12                               
 --------------------------------------------------------------------------------
 Number of AO basis functions:          59

 DF basis set:                           def2-qzvppd-ri
 Number of DF basis functions:         314


 --------------------------
  Virtual UW12 Correlation 
 --------------------------
 Unrestricted MP2 calculation:           
 Core spatial orbitals:                  9
 Correlated alpha orbitals:              9
 Correlated beta orbitals:               6
 Virtual alpha orbitals:                41
 Virtual beta orbitals:                 44

 Opposite spin energy:                  -0.021810488

 Reference energy:                   -2234.214027968
 UW12 correlation energy:               -0.021810488
 Total UW12 energy:                  -2234.235838456

 --------------------------------------------------------------------------------

 End time:                               Wed Jun 16 15:33:43 2021
 Total wall-clock time:                  2.112 seconds
==================================================================================
