
================================================================================
          _____________ ________ _______________ ________     _________         
         / ___________// ______ \\_____   _____// ______ \   / ________)        
        / /_________  / /      \ \     | |     / /      \ \ | (_______          
       |  __________|| |        | |    | |    | |        | | \________ \        
        \ \_________ | |        | |    | |     \ \______/ /___________) |       
         \__________||_|        |_|    |_|      \________//____________/        
                                                                                
====================================[ Qcore ]===================================

 Git hash:   6a88d58d269bf0d2ccfae91583c23a2b072b7633
 Git date:   Tue, 25 May 2021 10:36:49 +0100
 Compiler:   GNU 9.1.0
 Build type: Release
 Version:    1.3.0

 Start time: Mon Jun  7 15:05:12 2021

 Data directory: /newhome/zw18965/.local/qcore/share/entos/1.3.0/data
 Number of threads: 16
 Number of threads was determined by: number of physical cores

 --------------------------------------------------------------------------------
                                   command: hf                                   
 --------------------------------------------------------------------------------
 AO basis set:                           aug-cc-pv5z-combined-pp
 Number of AO basis functions:         131

 Formula:                                Si
 Nuclear charge:                        14.000000000
 Total charge:                           0.000000000
 Number of electrons:                   14.000000000

 Number of alpha electrons:              7
 Number of beta electrons:               7
 Number of unpaired electrons:           0
 Spin:                                   0
 Multiplicity:                           singlet

 Theory:                                 hf
 Method for Coulomb:                     incore_df
 Method for exact exchange:              pre_transformed_df
 Integral threshold:                     1.00e-12
 DF basis set:                           def2-universal-jkfit
 Number of DF basis functions:         128
 Schwarz screening threshold:            1.00e-10
 Coulomb fitting method:                 Cholesky
 Method for AO orthogonalization:        symmetric
 Threshold for linear dependence:        1.00e-08

 -------------------------------------
  Running restricted closed-shell SCF 
 -------------------------------------
 Max number of iterations:             128
 Conv. threshold (gradient):             1.00e-05
 Conv. threshold (energy):               1.00e-06
 Interpolation scheme:                   adiis+cdiis
 Initial guess:                          H0

 ---------------------------------------------------------------
                  energy        change          grad        time
 ---------------------------------------------------------------
   0      -258.155432260                    2.12e+01        0.00
   1      -277.277947095     -1.91e+01      1.34e+01        0.01
   2      -286.562830393     -9.28e+00      5.14e+00        0.01
   3      -288.457035313     -1.89e+00      1.84e+00        0.01
   4      -288.773395215     -3.16e-01      5.67e-01        0.01
   5      -288.796298017     -2.29e-02      1.49e-01        0.01
   6      -288.797897618     -1.60e-03      3.51e-02        0.01
   7      -288.798051205     -1.54e-04      8.67e-03        0.01
   8      -288.798074482     -2.33e-05      5.92e-04        0.01
   9      -288.798074582     -9.96e-08      5.98e-05        0.01
  10      -288.798074584     -2.14e-09      4.15e-06        0.01

 SCF converged in 10 iterations.

 Dipole moment (in Debye):              -0.000000      -0.000000      -0.000000

 Quadrupole moment (in Debye-Angstrom):
                  1            2            3
 1       -11.816215     0.000000     0.000000
 2         0.000000   -11.816215     0.000000
 3         0.000000     0.000000   -21.961309

 Spin-squared expectation <S^2>:         0.000
 Total spin quantum number S:            0.000
 TOTAL ENERGY:                        -288.798074584
 Saving results in set 'HF'

 --------------------------------------------------------------------------------
                                command: unsoldw12                               
 --------------------------------------------------------------------------------
 Number of AO basis functions:         131

 DF basis set:                           def2-qzvppd-ri
 Number of DF basis functions:         183

 Restricted UW12 calculation:            
 Core Orbitals:                          5
 Correlated Orbitals:                    2

 ------------------
  UW12 Correlation 
 ------------------
 Factor for UW12 correlation:            1.000000000
 Same spin scale factor:                 0.000000000
 Calculate indirect contribution:        false
 Method for three electron term:         df_ri
 Auxiliary RI basis set:                 def2-QZVPPD-ri
 Number of RI basis functions:         183
 Gaussians in geminal expansion:         4
 UW12 screening threshold:               1.00e-10
 Method for density-fitting:             w(r)
 Number of core spatial orbitals:        5


 Reference energy:                    -288.798074584
 UW12 correlation energy:               -0.015822147
 Total UW12 energy:                   -288.813896731

 --------------------------------------------------------------------------------

 End time:                               Mon Jun  7 15:05:14 2021
 Total wall-clock time:                  1.508 seconds
==================================================================================
