
================================================================================
          _____________ ________ _______________ ________     _________         
         / ___________// ______ \\_____   _____// ______ \   / ________)        
        / /_________  / /      \ \     | |     / /      \ \ | (_______          
       |  __________|| |        | |    | |    | |        | | \________ \        
        \ \_________ | |        | |    | |     \ \______/ /___________) |       
         \__________||_|        |_|    |_|      \________//____________/        
                                                                                
====================================[ Qcore ]===================================

 Git hash:   6a88d58d269bf0d2ccfae91583c23a2b072b7633
 Git date:   Tue, 25 May 2021 10:36:49 +0100
 Compiler:   GNU 9.1.0
 Build type: Release
 Version:    1.3.0

 Start time: Mon Jun  7 15:06:26 2021

 Data directory: /newhome/zw18965/.local/qcore/share/entos/1.3.0/data
 Number of threads: 16
 Number of threads was determined by: number of physical cores

 --------------------------------------------------------------------------------
                                   command: hf                                   
 --------------------------------------------------------------------------------
 AO basis set:                           aug-cc-pv5z-combined-pp
 Number of AO basis functions:         202

 Formula:                                Fe
 Nuclear charge:                        26.000000000
 Total charge:                           0.000000000
 Number of electrons:                   26.000000000

 Number of alpha electrons:             13
 Number of beta electrons:              13
 Number of unpaired electrons:           0
 Spin:                                   0
 Multiplicity:                           singlet

 Theory:                                 hf
 Method for Coulomb:                     incore_df
 Method for exact exchange:              pre_transformed_df
 Integral threshold:                     1.00e-12
 DF basis set:                           def2-universal-jkfit
 Number of DF basis functions:         264
 Schwarz screening threshold:            1.00e-10
 Coulomb fitting method:                 Cholesky
 Method for AO orthogonalization:        symmetric
 Threshold for linear dependence:        1.00e-08

 -------------------------------------
  Running restricted closed-shell SCF 
 -------------------------------------
 Max number of iterations:             128
 Conv. threshold (gradient):             1.00e-05
 Conv. threshold (energy):               1.00e-06
 Interpolation scheme:                   adiis+cdiis
 Initial guess:                          H0

 ---------------------------------------------------------------
                  energy        change          grad        time
 ---------------------------------------------------------------
   0     -1138.945057092                    3.47e+01        0.01
   1     -1154.874672218     -1.59e+01      2.28e+01        0.03
   2     -1230.384734332     -7.55e+01      1.83e+01        0.03
   3     -1258.367085550     -2.80e+01      6.17e+00        0.03
   4     -1257.087270496      1.28e+00      7.51e+00        0.03
   5     -1262.205826242     -5.12e+00      7.23e-01        0.03
   6     -1262.241670779     -3.58e-02      5.73e-01        0.03
   7     -1262.266037678     -2.44e-02      2.23e-01        0.03
   8     -1262.267989186     -1.95e-03      1.54e-01        0.03
   9     -1262.270269127     -2.28e-03      3.25e-02        0.03
  10     -1262.270310549     -4.14e-05      2.20e-02        0.03
  11     -1262.270358671     -4.81e-05      1.41e-04        0.03
  12     -1262.270358676     -5.48e-09      5.41e-05        0.03
  13     -1262.270358678     -1.64e-09      3.05e-05        0.03
  14     -1262.270358679     -8.76e-10      1.16e-05        0.03
  15     -1262.270358679     -9.60e-11      7.77e-07        0.03

 SCF converged in 15 iterations.

 Dipole moment (in Debye):               0.000000      -0.000000       0.000000

 Quadrupole moment (in Debye-Angstrom):
                  1            2            3
 1       -18.432514    -0.000000     0.000000
 2        -0.000000   -18.432514     0.000000
 3         0.000000     0.000000   -18.432514

 Spin-squared expectation <S^2>:         0.000
 Total spin quantum number S:            0.000
 TOTAL ENERGY:                       -1262.270358679
 Saving results in set 'HF'

 --------------------------------------------------------------------------------
                                command: unsoldw12                               
 --------------------------------------------------------------------------------
 Number of AO basis functions:         202

 DF basis set:                           def2-qzvppd-ri
 Number of DF basis functions:         309

 Restricted UW12 calculation:            
 Core Orbitals:                          5
 Correlated Orbitals:                    8

 ------------------
  UW12 Correlation 
 ------------------
 Factor for UW12 correlation:            1.000000000
 Same spin scale factor:                 0.000000000
 Calculate indirect contribution:        false
 Method for three electron term:         df_ri
 Auxiliary RI basis set:                 def2-QZVPPD-ri
 Number of RI basis functions:         309
 Gaussians in geminal expansion:         4
 UW12 screening threshold:               1.00e-10
 Method for density-fitting:             w(r)
 Number of core spatial orbitals:        5


 Reference energy:                   -1262.270358679
 UW12 correlation energy:               -0.074352291
 Total UW12 energy:                  -1262.344710970

 --------------------------------------------------------------------------------

 End time:                               Mon Jun  7 15:06:59 2021
 Total wall-clock time:                 33.395 seconds
==================================================================================
