
================================================================================
          _____________ ________ _______________ ________     _________         
         / ___________// ______ \\_____   _____// ______ \   / ________)        
        / /_________  / /      \ \     | |     / /      \ \ | (_______          
       |  __________|| |        | |    | |    | |        | | \________ \        
        \ \_________ | |        | |    | |     \ \______/ /___________) |       
         \__________||_|        |_|    |_|      \________//____________/        
                                                                                
====================================[ Qcore ]===================================

 Git hash:   6a88d58d269bf0d2ccfae91583c23a2b072b7633
 Git date:   Tue, 25 May 2021 10:36:49 +0100
 Compiler:   GNU 9.1.0
 Build type: Release
 Version:    1.3.0

 Start time: Mon Jun  7 15:10:11 2021

 Data directory: /newhome/zw18965/.local/qcore/share/entos/1.3.0/data
 Number of threads: 16
 Number of threads was determined by: number of physical cores

 --------------------------------------------------------------------------------
                                   command: hf                                   
 --------------------------------------------------------------------------------
 AO basis set:                           aug-cc-pv5z-combined-pp
 Number of AO basis functions:         139
 ECP on atom 1 (Sn):                     28 electrons

 Formula:                                Sn
 Nuclear charge:                        50.000000000
 Total charge:                           0.000000000
 Number of core electrons:              28
 Number of treated electrons:           22

 Number of alpha electrons:             11
 Number of beta electrons:              11
 Number of unpaired electrons:           0
 Spin:                                   0
 Multiplicity:                           singlet

 Theory:                                 hf
 Method for Coulomb:                     incore_df
 Method for exact exchange:              pre_transformed_df
 Integral threshold:                     1.00e-12
 DF basis set:                           def2-universal-jkfit
 Number of DF basis functions:         218
 Schwarz screening threshold:            1.00e-10
 Coulomb fitting method:                 Cholesky
 Method for AO orthogonalization:        symmetric
 Threshold for linear dependence:        1.00e-08

 -------------------------------------
  Running restricted closed-shell SCF 
 -------------------------------------
 Max number of iterations:             128
 Conv. threshold (gradient):             1.00e-05
 Conv. threshold (energy):               1.00e-06
 Interpolation scheme:                   adiis+cdiis
 Initial guess:                          H0

 ---------------------------------------------------------------
                  energy        change          grad        time
 ---------------------------------------------------------------
   0      -189.270131350                    1.25e+01        0.00
   1      -153.697628639      3.56e+01      1.07e+01        0.01
   2      -199.613385679     -4.59e+01      1.01e+01        0.01
   3      -212.670516513     -1.31e+01      1.83e+00        0.01
   4      -213.144493438     -4.74e-01      1.08e+00        0.01
   5      -213.246568674     -1.02e-01      4.67e-01        0.01
   6      -213.278167543     -3.16e-02      2.50e-01        0.01
   7      -213.284887579     -6.72e-03      1.21e-01        0.01
   8      -213.286875422     -1.99e-03      5.81e-02        0.01
   9      -213.287269258     -3.94e-04      2.93e-02        0.01
  10      -213.287414854     -1.46e-04      1.87e-05        0.01
  11      -213.287414854     -1.83e-10      3.50e-06        0.01

 SCF converged in 11 iterations.

 Dipole moment (in Debye):              -0.000000       0.000000       0.000000

 Quadrupole moment (in Debye-Angstrom):
                  1            2            3
 1       -24.924733     0.000183     4.735468
 2         0.000183   -22.931661    -0.000434
 3         4.735468    -0.000434   -34.182965

 Spin-squared expectation <S^2>:         0.000
 Total spin quantum number S:            0.000
 TOTAL ENERGY:                        -213.287414854
 Saving results in set 'HF'

 --------------------------------------------------------------------------------
                                command: unsoldw12                               
 --------------------------------------------------------------------------------
 Number of AO basis functions:         139

 DF basis set:                           def2-qzvppd-ri
 Number of DF basis functions:         292

 Restricted UW12 calculation:            
 Core Orbitals:                          4
 Correlated Orbitals:                    7

 ------------------
  UW12 Correlation 
 ------------------
 Factor for UW12 correlation:            1.000000000
 Same spin scale factor:                 0.000000000
 Calculate indirect contribution:        false
 Method for three electron term:         df_ri
 Auxiliary RI basis set:                 def2-QZVPPD-ri
 Number of RI basis functions:         292
 Gaussians in geminal expansion:         4
 UW12 screening threshold:               1.00e-10
 Method for density-fitting:             w(r)
 Number of core spatial orbitals:        4


 Reference energy:                    -213.287414854
 UW12 correlation energy:               -0.105664059
 Total UW12 energy:                   -213.393078913

 --------------------------------------------------------------------------------

 End time:                               Mon Jun  7 15:10:29 2021
 Total wall-clock time:                 18.054 seconds
==================================================================================
