
================================================================================
          _____________ ________ _______________ ________     _________         
         / ___________// ______ \\_____   _____// ______ \   / ________)        
        / /_________  / /      \ \     | |     / /      \ \ | (_______          
       |  __________|| |        | |    | |    | |        | | \________ \        
        \ \_________ | |        | |    | |     \ \______/ /___________) |       
         \__________||_|        |_|    |_|      \________//____________/        
                                                                                
====================================[ Qcore ]===================================

 Git hash:   6a88d58d269bf0d2ccfae91583c23a2b072b7633
 Git date:   Tue, 25 May 2021 10:36:49 +0100
 Compiler:   GNU 9.1.0
 Build type: Release
 Version:    1.3.0

 Start time: Thu May 27 16:58:02 2021

 Data directory: /newhome/zw18965/.local/qcore/share/entos/1.3.0/data
 Number of threads: 16
 Number of threads was determined by: number of physical cores

 --------------------------------------------------------------------------------
                                   command: hf                                   
 --------------------------------------------------------------------------------
 AO basis set:                           def2-tzvppd
 Number of AO basis functions:          35

 Formula:                                Na
 Nuclear charge:                        11.000000000
 Total charge:                           0.000000000
 Number of electrons:                   11.000000000

 Number of alpha electrons:              6
 Number of beta electrons:               5
 Number of unpaired electrons:           1
 Spin:                                   1
 Multiplicity:                           doublet

 Theory:                                 hf
 Method for Coulomb:                     incore_df
 Method for exact exchange:              pre_transformed_df
 Integral threshold:                     1.00e-12
 DF basis set:                           def2-universal-jkfit
 Number of DF basis functions:         112
 Schwarz screening threshold:            1.00e-10
 Coulomb fitting method:                 Cholesky
 Method for AO orthogonalization:        symmetric
 Threshold for linear dependence:        1.00e-08

 -------------------------------------
  Running unrestricted open-shell SCF 
 -------------------------------------
 Max number of iterations:             128
 Conv. threshold (gradient):             1.00e-05
 Conv. threshold (energy):               1.00e-06
 Interpolation scheme:                   adiis+cdiis
 Initial guess:                          H0

 ---------------------------------------------------------------
                  energy        change          grad        time
 ---------------------------------------------------------------
   0      -152.744897121                    4.24e+00        0.00
   1      -142.943809294      9.80e+00      5.44e+00        0.00
   2      -159.093785320     -1.61e+01      1.76e+00        0.00
   3      -161.510294927     -2.42e+00      7.52e-01        0.00
   4      -161.813665747     -3.03e-01      2.48e-01        0.00
   5      -161.846825311     -3.32e-02      7.31e-02        0.00
   6      -161.851043801     -4.22e-03      2.45e-02        0.00
   7      -161.851841837     -7.98e-04      1.84e-03        0.00
   8      -161.851856720     -1.49e-05      4.60e-04        0.00
   9      -161.851857302     -5.82e-07      4.00e-05        0.00
  10      -161.851857305     -3.02e-09      8.79e-06        0.00

 SCF converged in 10 iterations.

 Dipole moment (in Debye):              -0.000000      -0.000000       0.000000

 Quadrupole moment (in Debye-Angstrom):
                  1            2            3
 1       -12.220602    -0.000000    -0.000000
 2        -0.000000   -12.220601    -0.000000
 3        -0.000000    -0.000000   -12.220598

 Spin-squared expectation <S^2>:         0.750
 Total spin quantum number S:            0.500
 TOTAL ENERGY:                        -161.851857305
 Saving results in set 'HF'

 --------------------------------------------------------------------------------
                                command: unsoldw12                               
 --------------------------------------------------------------------------------
 Number of AO basis functions:          35

 DF basis set:                           def2-qzvppd-ri
 Number of DF basis functions:         166


 --------------------------
  Virtual UW12 Correlation 
 --------------------------
 Unrestricted MP2 calculation:           
 Core spatial orbitals:                  5
 Correlated alpha orbitals:              1
 Correlated beta orbitals:               0
 Virtual alpha orbitals:                29
 Virtual beta orbitals:                 30

 Opposite spin energy:                  -0.000000000

 Reference energy:                    -161.851857305
 UW12 correlation energy:               -0.000000000
 Total UW12 energy:                   -161.851857305

 --------------------------------------------------------------------------------

 End time:                               Thu May 27 16:58:02 2021
 Total wall-clock time:                  0.288 seconds
==================================================================================
