
================================================================================
          _____________ ________ _______________ ________     _________         
         / ___________// ______ \\_____   _____// ______ \   / ________)        
        / /_________  / /      \ \     | |     / /      \ \ | (_______          
       |  __________|| |        | |    | |    | |        | | \________ \        
        \ \_________ | |        | |    | |     \ \______/ /___________) |       
         \__________||_|        |_|    |_|      \________//____________/        
                                                                                
====================================[ Qcore ]===================================

 Git hash:   6a88d58d269bf0d2ccfae91583c23a2b072b7633
 Git date:   Tue, 25 May 2021 10:36:49 +0100
 Compiler:   GNU 9.1.0
 Build type: Release
 Version:    1.3.0

 Start time: Thu May 27 16:58:03 2021

 Data directory: /newhome/zw18965/.local/qcore/share/entos/1.3.0/data
 Number of threads: 16
 Number of threads was determined by: number of physical cores

 --------------------------------------------------------------------------------
                                   command: hf                                   
 --------------------------------------------------------------------------------
 AO basis set:                           def2-tzvppd
 Number of AO basis functions:          48

 Formula:                                Si
 Nuclear charge:                        14.000000000
 Total charge:                           0.000000000
 Number of electrons:                   14.000000000

 Number of alpha electrons:              8
 Number of beta electrons:               6
 Number of unpaired electrons:           2
 Spin:                                   2
 Multiplicity:                           triplet

 Theory:                                 hf
 Method for Coulomb:                     incore_df
 Method for exact exchange:              pre_transformed_df
 Integral threshold:                     1.00e-12
 DF basis set:                           def2-universal-jkfit
 Number of DF basis functions:         128
 Schwarz screening threshold:            1.00e-10
 Coulomb fitting method:                 Cholesky
 Method for AO orthogonalization:        symmetric
 Threshold for linear dependence:        1.00e-08

 -------------------------------------
  Running unrestricted open-shell SCF 
 -------------------------------------
 Max number of iterations:             128
 Conv. threshold (gradient):             1.00e-05
 Conv. threshold (energy):               1.00e-06
 Interpolation scheme:                   adiis+cdiis
 Initial guess:                          H0

 ---------------------------------------------------------------
                  energy        change          grad        time
 ---------------------------------------------------------------
   0      -264.299834667                    6.19e+00        0.00
   1      -281.511804165     -1.72e+01      4.72e+00        0.01
   2      -287.828771746     -6.32e+00      1.84e+00        0.00
   3      -288.795599188     -9.67e-01      4.56e-01        0.00
   4      -288.847645314     -5.20e-02      1.11e-01        0.00
   5      -288.850670523     -3.03e-03      2.58e-02        0.00
   6      -288.850894213     -2.24e-04      6.55e-03        0.00
   7      -288.850926832     -3.26e-05      4.59e-04        0.00
   8      -288.850927207     -3.75e-07      1.31e-04        0.00
   9      -288.850927222     -1.51e-08      3.26e-05        0.00
  10      -288.850927223     -6.61e-10      2.90e-06        0.00

 SCF converged in 10 iterations.

 Dipole moment (in Debye):              -0.000000      -0.000000      -0.000000

 Quadrupole moment (in Debye-Angstrom):
                  1            2            3
 1       -15.988284    -0.032127    -0.010982
 2        -0.032127   -11.675799     1.474266
 3        -0.010982     1.474266   -15.484559

 Spin-squared expectation <S^2>:         2.016
 Total spin quantum number S:            1.005
 TOTAL ENERGY:                        -288.850927223
 Saving results in set 'HF'

 --------------------------------------------------------------------------------
                                command: unsoldw12                               
 --------------------------------------------------------------------------------
 Number of AO basis functions:          48

 DF basis set:                           def2-qzvppd-ri
 Number of DF basis functions:         183


 --------------------------
  Virtual UW12 Correlation 
 --------------------------
 Unrestricted MP2 calculation:           
 Core spatial orbitals:                  5
 Correlated alpha orbitals:              3
 Correlated beta orbitals:               1
 Virtual alpha orbitals:                40
 Virtual beta orbitals:                 42

 Opposite spin energy:                  -0.011385882

 Reference energy:                    -288.850927223
 UW12 correlation energy:               -0.011385882
 Total UW12 energy:                   -288.862313104

 --------------------------------------------------------------------------------

 End time:                               Thu May 27 16:58:04 2021
 Total wall-clock time:                  0.408 seconds
==================================================================================
