
================================================================================
          _____________ ________ _______________ ________     _________         
         / ___________// ______ \\_____   _____// ______ \   / ________)        
        / /_________  / /      \ \     | |     / /      \ \ | (_______          
       |  __________|| |        | |    | |    | |        | | \________ \        
        \ \_________ | |        | |    | |     \ \______/ /___________) |       
         \__________||_|        |_|    |_|      \________//____________/        
                                                                                
====================================[ Qcore ]===================================

 Git hash:   6a88d58d269bf0d2ccfae91583c23a2b072b7633
 Git date:   Tue, 25 May 2021 10:36:49 +0100
 Compiler:   GNU 9.1.0
 Build type: Release
 Version:    1.3.0

 Start time: Thu May 27 16:58:04 2021

 Data directory: /newhome/zw18965/.local/qcore/share/entos/1.3.0/data
 Number of threads: 16
 Number of threads was determined by: number of physical cores

 --------------------------------------------------------------------------------
                                   command: hf                                   
 --------------------------------------------------------------------------------
 AO basis set:                           def2-tzvppd
 Number of AO basis functions:          51

 Formula:                                S
 Nuclear charge:                        16.000000000
 Total charge:                           0.000000000
 Number of electrons:                   16.000000000

 Number of alpha electrons:              9
 Number of beta electrons:               7
 Number of unpaired electrons:           2
 Spin:                                   2
 Multiplicity:                           triplet

 Theory:                                 hf
 Method for Coulomb:                     incore_df
 Method for exact exchange:              pre_transformed_df
 Integral threshold:                     1.00e-12
 DF basis set:                           def2-universal-jkfit
 Number of DF basis functions:         128
 Schwarz screening threshold:            1.00e-10
 Coulomb fitting method:                 Cholesky
 Method for AO orthogonalization:        symmetric
 Threshold for linear dependence:        1.00e-08

 -------------------------------------
  Running unrestricted open-shell SCF 
 -------------------------------------
 Max number of iterations:             128
 Conv. threshold (gradient):             1.00e-05
 Conv. threshold (energy):               1.00e-06
 Interpolation scheme:                   adiis+cdiis
 Initial guess:                          H0

 ---------------------------------------------------------------
                  energy        change          grad        time
 ---------------------------------------------------------------
   0      -358.066400190                    8.52e+00        0.00
   1      -385.375013415     -2.73e+01      5.74e+00        0.00
   2      -395.242628144     -9.87e+00      2.30e+00        0.00
   3      -397.231871188     -1.99e+00      7.38e-01        0.01
   4      -397.483680605     -2.52e-01      2.27e-01        0.00
   5      -397.501169710     -1.75e-02      5.44e-02        0.00
   6      -397.502225373     -1.06e-03      1.37e-02        0.01
   7      -397.502354551     -1.29e-04      3.22e-03        0.01
   8      -397.502372562     -1.80e-05      7.63e-04        0.01
   9      -397.502373623     -1.06e-06      1.46e-04        0.01
  10      -397.502373640     -1.70e-08      1.52e-05        0.00
  11      -397.502373640     -2.83e-10      1.48e-06        0.00

 SCF converged in 11 iterations.

 Dipole moment (in Debye):               0.000000      -0.000000      -0.000000

 Quadrupole moment (in Debye-Angstrom):
                  1            2            3
 1       -12.082494     0.066514     0.002500
 2         0.066514   -15.142891    -0.115074
 3         0.002500    -0.115074   -12.085373

 Spin-squared expectation <S^2>:         2.013
 Total spin quantum number S:            1.004
 TOTAL ENERGY:                        -397.502373640
 Saving results in set 'HF'

 --------------------------------------------------------------------------------
                                command: unsoldw12                               
 --------------------------------------------------------------------------------
 Number of AO basis functions:          51

 DF basis set:                           def2-qzvppd-ri
 Number of DF basis functions:         183


 --------------------------
  Virtual UW12 Correlation 
 --------------------------
 Unrestricted MP2 calculation:           
 Core spatial orbitals:                  5
 Correlated alpha orbitals:              4
 Correlated beta orbitals:               2
 Virtual alpha orbitals:                42
 Virtual beta orbitals:                 44

 Opposite spin energy:                  -0.021680890

 Reference energy:                    -397.502373640
 UW12 correlation energy:               -0.021680890
 Total UW12 energy:                   -397.524054530

 --------------------------------------------------------------------------------

 End time:                               Thu May 27 16:58:05 2021
 Total wall-clock time:                  0.421 seconds
==================================================================================
