
================================================================================
          _____________ ________ _______________ ________     _________         
         / ___________// ______ \\_____   _____// ______ \   / ________)        
        / /_________  / /      \ \     | |     / /      \ \ | (_______          
       |  __________|| |        | |    | |    | |        | | \________ \        
        \ \_________ | |        | |    | |     \ \______/ /___________) |       
         \__________||_|        |_|    |_|      \________//____________/        
                                                                                
====================================[ Qcore ]===================================

 Git hash:   6a88d58d269bf0d2ccfae91583c23a2b072b7633
 Git date:   Tue, 25 May 2021 10:36:49 +0100
 Compiler:   GNU 9.1.0
 Build type: Release
 Version:    1.3.0

 Start time: Thu May 27 16:58:17 2021

 Data directory: /newhome/zw18965/.local/qcore/share/entos/1.3.0/data
 Number of threads: 16
 Number of threads was determined by: number of physical cores

 --------------------------------------------------------------------------------
                                   command: hf                                   
 --------------------------------------------------------------------------------
 AO basis set:                           def2-tzvppd
 Number of AO basis functions:          67

 Formula:                                Cu
 Nuclear charge:                        29.000000000
 Total charge:                           0.000000000
 Number of electrons:                   29.000000000

 Number of alpha electrons:             15
 Number of beta electrons:              14
 Number of unpaired electrons:           1
 Spin:                                   1
 Multiplicity:                           doublet

 Theory:                                 hf
 Method for Coulomb:                     incore_df
 Method for exact exchange:              pre_transformed_df
 Integral threshold:                     1.00e-12
 DF basis set:                           def2-universal-jkfit
 Number of DF basis functions:         264
 Schwarz screening threshold:            1.00e-10
 Coulomb fitting method:                 Cholesky
 Method for AO orthogonalization:        symmetric
 Threshold for linear dependence:        1.00e-08

 -------------------------------------
  Running unrestricted open-shell SCF 
 -------------------------------------
 Max number of iterations:             128
 Conv. threshold (gradient):             1.00e-05
 Conv. threshold (energy):               1.00e-06
 Interpolation scheme:                   adiis+cdiis
 Initial guess:                          H0

 ---------------------------------------------------------------
                  energy        change          grad        time
 ---------------------------------------------------------------
   0     -1587.496712358                    8.06e+00        0.01
   1     -1527.204425385      6.03e+01      9.89e+00        0.01
   2     -1613.102539285     -8.59e+01      3.70e+00        0.01
   3     -1634.956086375     -2.19e+01      2.77e+00        0.01
   4     -1634.910505181      4.56e-02      2.13e+00        0.01
   5     -1638.851634156     -3.94e+00      2.87e-01        0.01
   6     -1638.811885073      3.97e-02      3.72e-01        0.01
   7     -1638.921065240     -1.09e-01      2.89e-02        0.01
   8     -1638.922349054     -1.28e-03      2.41e-02        0.01
   9     -1638.923160173     -8.11e-04      2.00e-03        0.01
  10     -1638.923169969     -9.80e-06      6.32e-04        0.01
  11     -1638.923170228     -2.59e-07      4.15e-04        0.01
  12     -1638.923170365     -1.37e-07      1.60e-04        0.01
  13     -1638.923170387     -2.23e-08      3.56e-05        0.01
  14     -1638.923170389     -1.49e-09      8.35e-06        0.01

 SCF converged in 14 iterations.

 Dipole moment (in Debye):               0.000000      -0.000000      -0.000000

 Quadrupole moment (in Debye-Angstrom):
                  1            2            3
 1       -14.376321    -0.000000    -0.000001
 2        -0.000000   -14.376328    -0.000002
 3        -0.000001    -0.000002   -14.376323

 Spin-squared expectation <S^2>:         0.752
 Total spin quantum number S:            0.501
 TOTAL ENERGY:                       -1638.923170389
 Saving results in set 'HF'

 --------------------------------------------------------------------------------
                                command: unsoldw12                               
 --------------------------------------------------------------------------------
 Number of AO basis functions:          67

 DF basis set:                           def2-qzvppd-ri
 Number of DF basis functions:         316


 --------------------------
  Virtual UW12 Correlation 
 --------------------------
 Unrestricted MP2 calculation:           
 Core spatial orbitals:                  5
 Correlated alpha orbitals:             10
 Correlated beta orbitals:               9
 Virtual alpha orbitals:                52
 Virtual beta orbitals:                 53

 Opposite spin energy:                  -0.076228868

 Reference energy:                   -1638.923170389
 UW12 correlation energy:               -0.076228868
 Total UW12 energy:                  -1638.999399257

 --------------------------------------------------------------------------------

 End time:                               Thu May 27 16:58:18 2021
 Total wall-clock time:                  0.995 seconds
==================================================================================
