
================================================================================
          _____________ ________ _______________ ________     _________         
         / ___________// ______ \\_____   _____// ______ \   / ________)        
        / /_________  / /      \ \     | |     / /      \ \ | (_______          
       |  __________|| |        | |    | |    | |        | | \________ \        
        \ \_________ | |        | |    | |     \ \______/ /___________) |       
         \__________||_|        |_|    |_|      \________//____________/        
                                                                                
====================================[ Qcore ]===================================

 Git hash:   6a88d58d269bf0d2ccfae91583c23a2b072b7633
 Git date:   Tue, 25 May 2021 10:36:49 +0100
 Compiler:   GNU 9.1.0
 Build type: Release
 Version:    1.3.0

 Start time: Thu May 27 16:58:52 2021

 Data directory: /newhome/zw18965/.local/qcore/share/entos/1.3.0/data
 Number of threads: 16
 Number of threads was determined by: number of physical cores

 --------------------------------------------------------------------------------
                                   command: hf                                   
 --------------------------------------------------------------------------------
 AO basis set:                           def2-tzvppd
 Number of AO basis functions:          39
 ECP on atom 1 (Cs):                     46 electrons

 Formula:                                Cs
 Nuclear charge:                        55.000000000
 Total charge:                           0.000000000
 Number of core electrons:              46
 Number of treated electrons:            9

 Number of alpha electrons:              5
 Number of beta electrons:               4
 Number of unpaired electrons:           1
 Spin:                                   1
 Multiplicity:                           doublet

 Theory:                                 hf
 Method for Coulomb:                     incore_df
 Method for exact exchange:              pre_transformed_df
 Integral threshold:                     1.00e-12
 DF basis set:                           def2-universal-jkfit
 Number of DF basis functions:         130
 Schwarz screening threshold:            1.00e-10
 Coulomb fitting method:                 Cholesky
 Method for AO orthogonalization:        symmetric
 Threshold for linear dependence:        1.00e-08

 -------------------------------------
  Running unrestricted open-shell SCF 
 -------------------------------------
 Max number of iterations:             128
 Conv. threshold (gradient):             1.00e-05
 Conv. threshold (energy):               1.00e-06
 Interpolation scheme:                   adiis+cdiis
 Initial guess:                          H0

 ---------------------------------------------------------------
                  energy        change          grad        time
 ---------------------------------------------------------------
   0       -18.906935578                    6.26e-01        0.00
   1       -19.807557487     -9.01e-01      1.21e-01        0.00
   2       -19.844609766     -3.71e-02      3.58e-02        0.00
   3       -19.851942026     -7.33e-03      2.17e-02        0.00
   4       -19.854961014     -3.02e-03      6.93e-03        0.00
   5       -19.855204637     -2.44e-04      6.10e-04        0.00
   6       -19.855205266     -6.29e-07      1.95e-04        0.00
   7       -19.855205346     -7.95e-08      9.18e-05        0.00
   8       -19.855205368     -2.26e-08      3.35e-05        0.00
   9       -19.855205372     -3.57e-09      2.44e-06        0.00

 SCF converged in 9 iterations.

 Dipole moment (in Debye):              -0.000000       0.000000      -0.000000

 Quadrupole moment (in Debye-Angstrom):
                  1            2            3
 1       -35.415596     0.000043    -0.000048
 2         0.000043   -35.415608     0.000026
 3        -0.000048     0.000026   -35.415594

 Spin-squared expectation <S^2>:         0.751
 Total spin quantum number S:            0.500
 TOTAL ENERGY:                         -19.855205372
 Saving results in set 'HF'

 --------------------------------------------------------------------------------
                                command: unsoldw12                               
 --------------------------------------------------------------------------------
 Number of AO basis functions:          39

 DF basis set:                           def2-qzvppd-ri
 Number of DF basis functions:         171


 --------------------------
  Virtual UW12 Correlation 
 --------------------------
 Unrestricted MP2 calculation:           
 Core spatial orbitals:                  0
 Correlated alpha orbitals:              5
 Correlated beta orbitals:               4
 Virtual alpha orbitals:                34
 Virtual beta orbitals:                 35

 Opposite spin energy:                  -0.032886292

 Reference energy:                     -19.855205372
 UW12 correlation energy:               -0.032886292
 Total UW12 energy:                    -19.888091664

 --------------------------------------------------------------------------------

 End time:                               Thu May 27 16:58:53 2021
 Total wall-clock time:                  0.372 seconds
==================================================================================
