
================================================================================
          _____________ ________ _______________ ________     _________         
         / ___________// ______ \\_____   _____// ______ \   / ________)        
        / /_________  / /      \ \     | |     / /      \ \ | (_______          
       |  __________|| |        | |    | |    | |        | | \________ \        
        \ \_________ | |        | |    | |     \ \______/ /___________) |       
         \__________||_|        |_|    |_|      \________//____________/        
                                                                                
====================================[ Qcore ]===================================

 Git hash:   6a88d58d269bf0d2ccfae91583c23a2b072b7633
 Git date:   Tue, 25 May 2021 10:36:49 +0100
 Compiler:   GNU 9.1.0
 Build type: Release
 Version:    1.3.0

 Start time: Thu May 27 16:59:01 2021

 Data directory: /newhome/zw18965/.local/qcore/share/entos/1.3.0/data
 Number of threads: 16
 Number of threads was determined by: number of physical cores

 --------------------------------------------------------------------------------
                                   command: hf                                   
 --------------------------------------------------------------------------------
 AO basis set:                           def2-tzvppd
 Number of AO basis functions:          59
 ECP on atom 1 (Pt):                     60 electrons

 Formula:                                Pt
 Nuclear charge:                        78.000000000
 Total charge:                           0.000000000
 Number of core electrons:              60
 Number of treated electrons:           18

 Number of alpha electrons:             10
 Number of beta electrons:               8
 Number of unpaired electrons:           2
 Spin:                                   2
 Multiplicity:                           triplet

 Theory:                                 hf
 Method for Coulomb:                     incore_df
 Method for exact exchange:              pre_transformed_df
 Integral threshold:                     1.00e-12
 DF basis set:                           def2-universal-jkfit
 Number of DF basis functions:         227
 Schwarz screening threshold:            1.00e-10
 Coulomb fitting method:                 Cholesky
 Method for AO orthogonalization:        symmetric
 Threshold for linear dependence:        1.00e-08

 -------------------------------------
  Running unrestricted open-shell SCF 
 -------------------------------------
 Max number of iterations:             128
 Conv. threshold (gradient):             1.00e-05
 Conv. threshold (energy):               1.00e-06
 Interpolation scheme:                   adiis+cdiis
 Initial guess:                          H0

 ---------------------------------------------------------------
                  energy        change          grad        time
 ---------------------------------------------------------------
   0      -110.739013605                    2.55e+00        0.01
   1      -102.045367501      8.69e+00      1.91e+00        0.01
   2      -114.524327438     -1.25e+01      2.03e+00        0.01
   3      -118.355479494     -3.83e+00      2.29e-01        0.01
   4      -118.389835455     -3.44e-02      9.43e-02        0.01
   5      -118.396310696     -6.48e-03      4.20e-02        0.01
   6      -118.399582746     -3.27e-03      9.12e-03        0.01
   7      -118.399718678     -1.36e-04      3.95e-03        0.01
   8      -118.399756996     -3.83e-05      2.58e-03        0.01
   9      -118.399818619     -6.16e-05      1.11e-03        0.01
  10      -118.399831213     -1.26e-05      3.84e-04        0.01
  11      -118.399831673     -4.60e-07      7.30e-05        0.01
  12      -118.399831681     -8.03e-09      1.15e-05        0.01
  13      -118.399831681     -2.02e-10      2.63e-06        0.01

 SCF converged in 13 iterations.

 Dipole moment (in Debye):              -0.000000       0.000000      -0.000000

 Quadrupole moment (in Debye-Angstrom):
                  1            2            3
 1       -22.810222    -0.000000    -0.000000
 2        -0.000000   -22.810222    -0.000000
 3        -0.000000    -0.000000   -24.356896

 Spin-squared expectation <S^2>:         2.004
 Total spin quantum number S:            1.001
 TOTAL ENERGY:                        -118.399831681
 Saving results in set 'HF'

 --------------------------------------------------------------------------------
                                command: unsoldw12                               
 --------------------------------------------------------------------------------
 Number of AO basis functions:          59

 DF basis set:                           def2-qzvppd-ri
 Number of DF basis functions:         252


 --------------------------
  Virtual UW12 Correlation 
 --------------------------
 Unrestricted MP2 calculation:           
 Core spatial orbitals:                  0
 Correlated alpha orbitals:             10
 Correlated beta orbitals:               8
 Virtual alpha orbitals:                49
 Virtual beta orbitals:                 51

 Opposite spin energy:                  -0.112897271

 Reference energy:                    -118.399831681
 UW12 correlation energy:               -0.112897271
 Total UW12 energy:                   -118.512728952

 --------------------------------------------------------------------------------

 End time:                               Thu May 27 16:59:02 2021
 Total wall-clock time:                  0.996 seconds
==================================================================================
