
================================================================================
          _____________ ________ _______________ ________     _________         
         / ___________// ______ \\_____   _____// ______ \   / ________)        
        / /_________  / /      \ \     | |     / /      \ \ | (_______          
       |  __________|| |        | |    | |    | |        | | \________ \        
        \ \_________ | |        | |    | |     \ \______/ /___________) |       
         \__________||_|        |_|    |_|      \________//____________/        
                                                                                
====================================[ Qcore ]===================================

 Git hash:   6a88d58d269bf0d2ccfae91583c23a2b072b7633
 Git date:   Tue, 25 May 2021 10:36:49 +0100
 Compiler:   GNU 9.1.0
 Build type: Release
 Version:    1.3.0

 Start time: Thu May 27 16:59:04 2021

 Data directory: /newhome/zw18965/.local/qcore/share/entos/1.3.0/data
 Number of threads: 16
 Number of threads was determined by: number of physical cores

 --------------------------------------------------------------------------------
                                   command: hf                                   
 --------------------------------------------------------------------------------
 AO basis set:                           def2-tzvppd
 Number of AO basis functions:          56
 ECP on atom 1 (Tl):                     60 electrons

 Formula:                                Tl
 Nuclear charge:                        81.000000000
 Total charge:                           0.000000000
 Number of core electrons:              60
 Number of treated electrons:           21

 Number of alpha electrons:             11
 Number of beta electrons:              10
 Number of unpaired electrons:           1
 Spin:                                   1
 Multiplicity:                           doublet

 Theory:                                 hf
 Method for Coulomb:                     incore_df
 Method for exact exchange:              pre_transformed_df
 Integral threshold:                     1.00e-12
 DF basis set:                           def2-universal-jkfit
 Number of DF basis functions:         251
 Schwarz screening threshold:            1.00e-10
 Coulomb fitting method:                 Cholesky
 Method for AO orthogonalization:        symmetric
 Threshold for linear dependence:        1.00e-08

 -------------------------------------
  Running unrestricted open-shell SCF 
 -------------------------------------
 Max number of iterations:             128
 Conv. threshold (gradient):             1.00e-05
 Conv. threshold (energy):               1.00e-06
 Interpolation scheme:                   adiis+cdiis
 Initial guess:                          H0

 ---------------------------------------------------------------
                  energy        change          grad        time
 ---------------------------------------------------------------
   0      -162.190986349                    3.28e+00        0.01
   1      -136.551988505      2.56e+01      2.25e+00        0.01
   2      -165.485713124     -2.89e+01      2.58e+00        0.01
   3      -171.301517338     -5.82e+00      3.88e-01        0.01
   4      -171.477995743     -1.76e-01      2.39e-01        0.01
   5      -171.508129892     -3.01e-02      6.43e-02        0.01
   6      -171.513744310     -5.61e-03      3.83e-02        0.01
   7      -171.515001618     -1.26e-03      3.04e-03        0.01
   8      -171.515021173     -1.96e-05      4.49e-04        0.01
   9      -171.515021892     -7.18e-07      1.17e-04        0.01
  10      -171.515021913     -2.14e-08      2.53e-05        0.01
  11      -171.515021914     -6.87e-10      3.46e-06        0.01

 SCF converged in 11 iterations.

 Dipole moment (in Debye):              -0.000000      -0.000000      -0.000000

 Quadrupole moment (in Debye-Angstrom):
                  1            2            3
 1       -25.372399     0.001220    -0.337020
 2         0.001220   -25.360447     0.034054
 3        -0.337020     0.034054   -34.766801

 Spin-squared expectation <S^2>:         0.759
 Total spin quantum number S:            0.505
 TOTAL ENERGY:                        -171.515021914
 Saving results in set 'HF'

 --------------------------------------------------------------------------------
                                command: unsoldw12                               
 --------------------------------------------------------------------------------
 Number of AO basis functions:          56

 DF basis set:                           def2-qzvppd-ri
 Number of DF basis functions:         281


 --------------------------
  Virtual UW12 Correlation 
 --------------------------
 Unrestricted MP2 calculation:           
 Core spatial orbitals:                  4
 Correlated alpha orbitals:              7
 Correlated beta orbitals:               6
 Virtual alpha orbitals:                45
 Virtual beta orbitals:                 46

 Opposite spin energy:                  -0.102220753

 Reference energy:                    -171.515021914
 UW12 correlation energy:               -0.102220753
 Total UW12 energy:                   -171.617242667

 --------------------------------------------------------------------------------

 End time:                               Thu May 27 16:59:05 2021
 Total wall-clock time:                  1.562 seconds
==================================================================================
