
================================================================================
          _____________ ________ _______________ ________     _________         
         / ___________// ______ \\_____   _____// ______ \   / ________)        
        / /_________  / /      \ \     | |     / /      \ \ | (_______          
       |  __________|| |        | |    | |    | |        | | \________ \        
        \ \_________ | |        | |    | |     \ \______/ /___________) |       
         \__________||_|        |_|    |_|      \________//____________/        
                                                                                
====================================[ Qcore ]===================================

 Git hash:   6a88d58d269bf0d2ccfae91583c23a2b072b7633
 Git date:   Tue, 25 May 2021 10:36:49 +0100
 Compiler:   GNU 9.1.0
 Build type: Release
 Version:    1.3.0

 Start time: Thu May 27 16:59:11 2021

 Data directory: /newhome/zw18965/.local/qcore/share/entos/1.3.0/data
 Number of threads: 16
 Number of threads was determined by: number of physical cores

 --------------------------------------------------------------------------------
                                   command: hf                                   
 --------------------------------------------------------------------------------
 AO basis set:                           def2-tzvppd
 Number of AO basis functions:          59
 ECP on atom 1 (Po):                     60 electrons

 Formula:                                Po
 Nuclear charge:                        84.000000000
 Total charge:                           0.000000000
 Number of core electrons:              60
 Number of treated electrons:           24

 Number of alpha electrons:             13
 Number of beta electrons:              11
 Number of unpaired electrons:           2
 Spin:                                   2
 Multiplicity:                           triplet

 Theory:                                 hf
 Method for Coulomb:                     incore_df
 Method for exact exchange:              pre_transformed_df
 Integral threshold:                     1.00e-12
 DF basis set:                           def2-universal-jkfit
 Number of DF basis functions:         251
 Schwarz screening threshold:            1.00e-10
 Coulomb fitting method:                 Cholesky
 Method for AO orthogonalization:        symmetric
 Threshold for linear dependence:        1.00e-08

 -------------------------------------
  Running unrestricted open-shell SCF 
 -------------------------------------
 Max number of iterations:             128
 Conv. threshold (gradient):             1.00e-05
 Conv. threshold (energy):               1.00e-06
 Interpolation scheme:                   adiis+cdiis
 Initial guess:                          H0

 ---------------------------------------------------------------
                  energy        change          grad        time
 ---------------------------------------------------------------
   0      -215.984099411                    4.49e+00        0.01
   1      -177.334946171      3.86e+01      3.50e+00        0.01
   2      -220.982024091     -4.36e+01      3.76e+00        0.01
   3      -236.183987188     -1.52e+01      9.24e-01        0.01
   4      -236.651541751     -4.68e-01      3.80e-01        0.01
   5      -236.714874144     -6.33e-02      1.09e-01        0.01
   6      -236.724257801     -9.38e-03      5.01e-02        0.01
   7      -236.725557420     -1.30e-03      1.51e-02        0.01
   8      -236.725778637     -2.21e-04      4.08e-04        0.01
   9      -236.725778919     -2.82e-07      9.77e-05        0.01
  10      -236.725778933     -1.38e-08      3.34e-05        0.01
  11      -236.725778935     -1.63e-09      4.05e-06        0.01

 SCF converged in 11 iterations.

 Dipole moment (in Debye):              -0.000000       0.000000      -0.000000

 Quadrupole moment (in Debye-Angstrom):
                  1            2            3
 1       -31.276320    -2.196741     1.027043
 2        -2.196741   -32.252769     1.280362
 3         1.027043     1.280362   -30.112813

 Spin-squared expectation <S^2>:         2.010
 Total spin quantum number S:            1.003
 TOTAL ENERGY:                        -236.725778935
 Saving results in set 'HF'

 --------------------------------------------------------------------------------
                                command: unsoldw12                               
 --------------------------------------------------------------------------------
 Number of AO basis functions:          59

 DF basis set:                           def2-qzvppd-ri
 Number of DF basis functions:         281


 --------------------------
  Virtual UW12 Correlation 
 --------------------------
 Unrestricted MP2 calculation:           
 Core spatial orbitals:                  4
 Correlated alpha orbitals:              9
 Correlated beta orbitals:               7
 Virtual alpha orbitals:                46
 Virtual beta orbitals:                 48

 Opposite spin energy:                  -0.121452761

 Reference energy:                    -236.725778935
 UW12 correlation energy:               -0.121452761
 Total UW12 energy:                   -236.847231695

 --------------------------------------------------------------------------------

 End time:                               Thu May 27 16:59:14 2021
 Total wall-clock time:                  3.269 seconds
==================================================================================
