
================================================================================
          _____________ ________ _______________ ________     _________         
         / ___________// ______ \\_____   _____// ______ \   / ________)        
        / /_________  / /      \ \     | |     / /      \ \ | (_______          
       |  __________|| |        | |    | |    | |        | | \________ \        
        \ \_________ | |        | |    | |     \ \______/ /___________) |       
         \__________||_|        |_|    |_|      \________//____________/        
                                                                                
====================================[ Qcore ]===================================

 Git hash:   6a88d58d269bf0d2ccfae91583c23a2b072b7633
 Git date:   Tue, 25 May 2021 10:36:49 +0100
 Compiler:   GNU 9.1.0
 Build type: Release
 Version:    1.3.0

 Start time: Tue Jun 15 13:25:22 2021

 Data directory: /newhome/zw18965/.local/qcore/share/entos/1.3.0/data
 Number of threads: 16
 Number of threads was determined by: number of physical cores

 --------------------------------------------------------------------------------
                                   command: dft                                  
 --------------------------------------------------------------------------------
 AO basis set:                           def2-tzvp
 Number of AO basis functions:           6

 Formula:                                H
 Nuclear charge:                         1.000000000
 Total charge:                           0.000000000
 Number of electrons:                    1.000000000

 Number of alpha electrons:              1
 Number of beta electrons:               0
 Number of unpaired electrons:           1
 Spin:                                   1
 Multiplicity:                           doublet

 Theory:                                 hf
 Method for Coulomb:                     incore_df
 Method for exact exchange:              pre_transformed_df
 Integral threshold:                     1.00e-12
 DF basis set:                           def2-universal-jkfit
 Number of DF basis functions:          18
 Schwarz screening threshold:            1.00e-10
 Coulomb fitting method:                 Cholesky
 Method for AO orthogonalization:        symmetric
 Threshold for linear dependence:        1.00e-08

 -------------------------------------
  Running unrestricted open-shell SCF 
 -------------------------------------
 Max number of iterations:             128
 Conv. threshold (gradient):             1.00e-05
 Conv. threshold (energy):               1.00e-06
 Interpolation scheme:                   adiis+cdiis
 Initial guess:                          SAD

 ---------------------------------------------------------------
                  energy        change          grad        time
 ---------------------------------------------------------------
   0        -0.343570050                    5.85e-02        0.00
   1        -0.490298278     -1.47e-01      9.62e-02        0.00
   2        -0.498378363     -8.08e-03      3.77e-02        0.00
   3        -0.499809454     -1.43e-03      6.23e-04        0.00
   4        -0.499809832     -3.78e-07      4.51e-05        0.00
   5        -0.499809832     -5.41e-10      7.66e-08        0.00

 SCF converged in 5 iterations.

 Dipole moment (in Debye):               0.000000       0.000000       0.000000

 Quadrupole moment (in Debye-Angstrom):
                  1            2            3
 1        -1.340787     0.000000     0.000000
 2         0.000000    -1.340787     0.000000
 3         0.000000     0.000000    -1.340787

 Spin-squared expectation <S^2>:         0.750
 Total spin quantum number S:            0.500
 TOTAL ENERGY:                          -0.499809832
 Saving results in set 'HF'

 --------------------------------------------------------------------------------
                                   command: dft                                  
 --------------------------------------------------------------------------------
 Projecting orbitals from old basis (6 functions) to new basis (6 functions)

 AO basis set:                           def2-tzvp
 Number of AO basis functions:           6
 Radial threshold:                       1.00e-08

 Formula:                                H
 Nuclear charge:                         1.000000000
 Total charge:                           0.000000000
 Number of electrons:                    1.000000000

 Number of alpha electrons:              1
 Number of beta electrons:               0
 Number of unpaired electrons:           1
 Spin:                                   1
 Multiplicity:                           doublet

 Theory:                                 hf
 Method for Coulomb:                     incore_df
 Method for exact exchange:              pre_transformed_df
 Integral threshold:                     1.00e-12
 DF basis set:                           def2-qzvppd-ri
 Number of DF basis functions:          65
 Schwarz screening threshold:            1.00e-10
 Coulomb fitting method:                 Cholesky
 Time for pre-computing density fitting integrals:       0.006 seconds

 ------------------
  UW12 Correlation 
 ------------------
 Factor for UW12 correlation:            1.000000000
 Same spin scale factor:                 0.000000000
 Calculate indirect contribution:        false
 Method for three electron term:         quadrature
 Gaussians in geminal expansion:         4
 UW12 screening threshold:               1.00e-12
 Method for density-fitting:             w(r)

 Total number of grid points:         5890
 Total number of batches:              148
 Maximum # of points per batch:        450
 Minimum # of points per batch:          0
 Average # of points per batch:         39
 Maximum batch gyradius:                 1.683646805
 Minimum batch gyradius:                 0.000000000
 Average batch gyradius:                 0.874382488
 Time for building XC grid:                              0.011 seconds
 Method for AO orthogonalization:        symmetric
 Threshold for linear dependence:        1.00e-08

 -------------------------------------
  Running unrestricted open-shell SCF 
 -------------------------------------
 Max number of iterations:               0
 Conv. threshold (gradient):             1.00e-05
 Conv. threshold (energy):               1.00e-06
 Interpolation scheme:                   adiis+cdiis

 ---------------------------------------------------------------
                  energy        change          grad        time
 ---------------------------------------------------------------
 UW12 two electron energy:               0.000000000
 UW12 three electron energy:             0.000000000
 UW12 four electron energy:              0.000000000
 Total UW12 energy:                      0.000000000
 Time for DF-K:                                          0.000 seconds
 Time for DF-J:                                          0.000 seconds
 Dipole moment (in Debye):               0.000000       0.000000       0.000000

 Quadrupole moment (in Debye-Angstrom):
                  1            2            3
 1        -1.340787     0.000000     0.000000
 2         0.000000    -1.340787     0.000000
 3         0.000000     0.000000    -1.340787

 Spin-squared expectation <S^2>:         0.750
 Total spin quantum number S:            0.500
 TOTAL ENERGY:                          -0.499809832

 --------------------------------------------------------------------------------

 End time:                               Tue Jun 15 13:25:22 2021
 Total wall-clock time:                  0.177 seconds
==================================================================================
