
================================================================================
          _____________ ________ _______________ ________     _________         
         / ___________// ______ \\_____   _____// ______ \   / ________)        
        / /_________  / /      \ \     | |     / /      \ \ | (_______          
       |  __________|| |        | |    | |    | |        | | \________ \        
        \ \_________ | |        | |    | |     \ \______/ /___________) |       
         \__________||_|        |_|    |_|      \________//____________/        
                                                                                
====================================[ Qcore ]===================================

 Git hash:   6a88d58d269bf0d2ccfae91583c23a2b072b7633
 Git date:   Tue, 25 May 2021 10:36:49 +0100
 Compiler:   GNU 9.1.0
 Build type: Release
 Version:    1.3.0

 Start time: Tue Jun 15 13:25:28 2021

 Data directory: /newhome/zw18965/.local/qcore/share/entos/1.3.0/data
 Number of threads: 16
 Number of threads was determined by: number of physical cores

 --------------------------------------------------------------------------------
                                   command: dft                                  
 --------------------------------------------------------------------------------
 AO basis set:                           def2-tzvp
 Number of AO basis functions:          37

 Formula:                                Al
 Nuclear charge:                        13.000000000
 Total charge:                           0.000000000
 Number of electrons:                   13.000000000

 Number of alpha electrons:              7
 Number of beta electrons:               6
 Number of unpaired electrons:           1
 Spin:                                   1
 Multiplicity:                           doublet

 Theory:                                 hf
 Method for Coulomb:                     incore_df
 Method for exact exchange:              pre_transformed_df
 Integral threshold:                     1.00e-12
 DF basis set:                           def2-universal-jkfit
 Number of DF basis functions:         128
 Schwarz screening threshold:            1.00e-10
 Coulomb fitting method:                 Cholesky
 Method for AO orthogonalization:        symmetric
 Threshold for linear dependence:        1.00e-08

 -------------------------------------
  Running unrestricted open-shell SCF 
 -------------------------------------
 Max number of iterations:             128
 Conv. threshold (gradient):             1.00e-05
 Conv. threshold (energy):               1.00e-06
 Interpolation scheme:                   adiis+cdiis
 Initial guess:                          SAD

 ---------------------------------------------------------------
                  energy        change          grad        time
 ---------------------------------------------------------------
   0      -241.769355376                    1.94e-03        0.00
   1      -241.865404039     -9.60e-02      5.85e-02        0.00
   2      -241.872223771     -6.82e-03      2.83e-02        0.00
   3      -241.874250110     -2.03e-03      7.15e-03        0.00
   4      -241.874340940     -9.08e-05      2.55e-03        0.00
   5      -241.874349867     -8.93e-06      5.50e-04        0.00
   6      -241.874350663     -7.95e-07      1.34e-04        0.00
   7      -241.874350721     -5.79e-08      2.48e-05        0.00
   8      -241.874350722     -7.82e-10      3.10e-06        0.00

 SCF converged in 8 iterations.

 Dipole moment (in Debye):               0.000000      -0.000000      -0.000000

 Quadrupole moment (in Debye-Angstrom):
                  1            2            3
 1       -12.282947     0.000000     0.000000
 2         0.000000   -19.799105     0.000000
 3         0.000000     0.000000   -12.282947

 Spin-squared expectation <S^2>:         0.770
 Total spin quantum number S:            0.510
 TOTAL ENERGY:                        -241.874350722
 Saving results in set 'HF'

 --------------------------------------------------------------------------------
                                   command: dft                                  
 --------------------------------------------------------------------------------
 Projecting orbitals from old basis (37 functions) to new basis (37 functions)

 AO basis set:                           def2-tzvp
 Number of AO basis functions:          37
 Radial threshold:                       1.00e-08

 Formula:                                Al
 Nuclear charge:                        13.000000000
 Total charge:                           0.000000000
 Number of electrons:                   13.000000000

 Number of alpha electrons:              7
 Number of beta electrons:               6
 Number of unpaired electrons:           1
 Spin:                                   1
 Multiplicity:                           doublet

 Theory:                                 hf
 Method for Coulomb:                     incore_df
 Method for exact exchange:              pre_transformed_df
 Integral threshold:                     1.00e-12
 DF basis set:                           def2-qzvppd-ri
 Number of DF basis functions:         183
 Schwarz screening threshold:            1.00e-10
 Coulomb fitting method:                 Cholesky
 Time for pre-computing density fitting integrals:       0.026 seconds

 ------------------
  UW12 Correlation 
 ------------------
 Factor for UW12 correlation:            1.000000000
 Same spin scale factor:                 0.000000000
 Calculate indirect contribution:        false
 Method for three electron term:         quadrature
 Gaussians in geminal expansion:         4
 UW12 screening threshold:               1.00e-12
 Method for density-fitting:             w(r)
 Number of core spatial orbitals:        5

 Total number of grid points:         7350
 Total number of batches:              327
 Maximum # of points per batch:        473
 Minimum # of points per batch:          0
 Average # of points per batch:         22
 Maximum batch gyradius:                 2.430005996
 Minimum batch gyradius:                 0.000000000
 Average batch gyradius:                 1.185968167
 Time for building XC grid:                              0.014 seconds
 Method for AO orthogonalization:        symmetric
 Threshold for linear dependence:        1.00e-08

 -------------------------------------
  Running unrestricted open-shell SCF 
 -------------------------------------
 Max number of iterations:               0
 Conv. threshold (gradient):             1.00e-05
 Conv. threshold (energy):               1.00e-06
 Interpolation scheme:                   adiis+cdiis

 ---------------------------------------------------------------
                  energy        change          grad        time
 ---------------------------------------------------------------
 UW12 two electron energy:              -0.090467122
 UW12 three electron energy:             0.157071506
 UW12 four electron energy:             -0.074862828
 Total UW12 energy:                     -0.008258445
 Time for DF-K:                                          0.001 seconds
 Time for DF-J:                                          0.000 seconds
 Dipole moment (in Debye):               0.000000      -0.000000      -0.000000

 Quadrupole moment (in Debye-Angstrom):
                  1            2            3
 1       -12.282947     0.000000     0.000000
 2         0.000000   -19.799105     0.000000
 3         0.000000     0.000000   -12.282947

 Spin-squared expectation <S^2>:         0.770
 Total spin quantum number S:            0.510
 TOTAL ENERGY:                        -241.883314685

 --------------------------------------------------------------------------------

 End time:                               Tue Jun 15 13:25:29 2021
 Total wall-clock time:                  1.017 seconds
==================================================================================
