
================================================================================
          _____________ ________ _______________ ________     _________         
         / ___________// ______ \\_____   _____// ______ \   / ________)        
        / /_________  / /      \ \     | |     / /      \ \ | (_______          
       |  __________|| |        | |    | |    | |        | | \________ \        
        \ \_________ | |        | |    | |     \ \______/ /___________) |       
         \__________||_|        |_|    |_|      \________//____________/        
                                                                                
====================================[ Qcore ]===================================

 Git hash:   6a88d58d269bf0d2ccfae91583c23a2b072b7633
 Git date:   Tue, 25 May 2021 10:36:49 +0100
 Compiler:   GNU 9.1.0
 Build type: Release
 Version:    1.3.0

 Start time: Tue Jun 15 13:25:40 2021

 Data directory: /newhome/zw18965/.local/qcore/share/entos/1.3.0/data
 Number of threads: 16
 Number of threads was determined by: number of physical cores

 --------------------------------------------------------------------------------
                                   command: dft                                  
 --------------------------------------------------------------------------------
 AO basis set:                           def2-tzvp
 Number of AO basis functions:          45

 Formula:                                V
 Nuclear charge:                        23.000000000
 Total charge:                           0.000000000
 Number of electrons:                   23.000000000

 Number of alpha electrons:             13
 Number of beta electrons:              10
 Number of unpaired electrons:           3
 Spin:                                   3
 Multiplicity:                           quartet

 Theory:                                 hf
 Method for Coulomb:                     incore_df
 Method for exact exchange:              pre_transformed_df
 Integral threshold:                     1.00e-12
 DF basis set:                           def2-universal-jkfit
 Number of DF basis functions:         264
 Schwarz screening threshold:            1.00e-10
 Coulomb fitting method:                 Cholesky
 Method for AO orthogonalization:        symmetric
 Threshold for linear dependence:        1.00e-08

 -------------------------------------
  Running unrestricted open-shell SCF 
 -------------------------------------
 Max number of iterations:             128
 Conv. threshold (gradient):             1.00e-05
 Conv. threshold (energy):               1.00e-06
 Interpolation scheme:                   adiis+cdiis
 Initial guess:                          SAD

 ---------------------------------------------------------------
                  energy        change          grad        time
 ---------------------------------------------------------------
   0      -941.973024056                    5.59e-02        0.00
   1      -942.361938163     -3.89e-01      5.99e-01        0.00
   2      -942.686684088     -3.25e-01      4.46e-01        0.00
   3      -942.803868704     -1.17e-01      2.36e-01        0.00
   4      -942.845219031     -4.14e-02      1.12e-01        0.00
   5      -942.856478422     -1.13e-02      6.75e-02        0.01
   6      -942.860955386     -4.48e-03      3.74e-02        0.01
   7      -942.865825284     -4.87e-03      2.60e-02        0.00
   8      -942.868174768     -2.35e-03      2.42e-02        0.00
   9      -942.870637116     -2.46e-03      1.83e-02        0.01
  10      -942.871663808     -1.03e-03      9.94e-03        0.01
  11      -942.872134303     -4.70e-04      6.09e-03        0.00
  12      -942.872223668     -8.94e-05      4.17e-03        0.01
  13      -942.872283754     -6.01e-05      3.08e-03        0.01
  14      -942.872316303     -3.25e-05      8.50e-04        0.00
  15      -942.872320116     -3.81e-06      4.60e-04        0.00
  16      -942.872320645     -5.28e-07      1.84e-04        0.00
  17      -942.872320701     -5.58e-08      6.13e-05        0.00
  18      -942.872320707     -6.22e-09      1.36e-05        0.00
  19      -942.872320707     -4.21e-10      3.76e-06        0.00

 SCF converged in 19 iterations.

 Dipole moment (in Debye):              -0.000000       0.000000       0.000000

 Quadrupole moment (in Debye-Angstrom):
                  1            2            3
 1       -21.323036    -0.000000     0.000000
 2        -0.000000   -21.323055     0.000000
 3         0.000000     0.000000   -21.323049

 Spin-squared expectation <S^2>:         3.762
 Total spin quantum number S:            1.503
 TOTAL ENERGY:                        -942.872320707
 Saving results in set 'HF'

 --------------------------------------------------------------------------------
                                   command: dft                                  
 --------------------------------------------------------------------------------
 Projecting orbitals from old basis (45 functions) to new basis (45 functions)

 AO basis set:                           def2-tzvp
 Number of AO basis functions:          45
 Radial threshold:                       1.00e-08

 Formula:                                V
 Nuclear charge:                        23.000000000
 Total charge:                           0.000000000
 Number of electrons:                   23.000000000

 Number of alpha electrons:             13
 Number of beta electrons:              10
 Number of unpaired electrons:           3
 Spin:                                   3
 Multiplicity:                           quartet

 Theory:                                 hf
 Method for Coulomb:                     incore_df
 Method for exact exchange:              pre_transformed_df
 Integral threshold:                     1.00e-12
 DF basis set:                           def2-qzvppd-ri
 Number of DF basis functions:         309
 Schwarz screening threshold:            1.00e-10
 Coulomb fitting method:                 Cholesky
 Time for pre-computing density fitting integrals:       0.092 seconds

 ------------------
  UW12 Correlation 
 ------------------
 Factor for UW12 correlation:            1.000000000
 Same spin scale factor:                 0.000000000
 Calculate indirect contribution:        false
 Method for three electron term:         quadrature
 Gaussians in geminal expansion:         4
 UW12 screening threshold:               1.00e-12
 Method for density-fitting:             w(r)
 Number of core spatial orbitals:        5

 Total number of grid points:         7852
 Total number of batches:              327
 Maximum # of points per batch:        425
 Minimum # of points per batch:          0
 Average # of points per batch:         24
 Maximum batch gyradius:                 2.295384621
 Minimum batch gyradius:                 0.000000000
 Average batch gyradius:                 1.195817233
 Time for building XC grid:                              0.016 seconds
 Method for AO orthogonalization:        symmetric
 Threshold for linear dependence:        1.00e-08

 -------------------------------------
  Running unrestricted open-shell SCF 
 -------------------------------------
 Max number of iterations:               0
 Conv. threshold (gradient):             1.00e-05
 Conv. threshold (energy):               1.00e-06
 Interpolation scheme:                   adiis+cdiis

 ---------------------------------------------------------------
                  energy        change          grad        time
 ---------------------------------------------------------------
 UW12 two electron energy:              -5.479218660
 UW12 three electron energy:            10.577615751
 UW12 four electron energy:             -5.152650501
 Total UW12 energy:                     -0.054253410
 Time for DF-K:                                          0.003 seconds
 Time for DF-J:                                          0.000 seconds
 Dipole moment (in Debye):              -0.000000       0.000000       0.000000

 Quadrupole moment (in Debye-Angstrom):
                  1            2            3
 1       -21.323036    -0.000000     0.000000
 2        -0.000000   -21.323055     0.000000
 3         0.000000     0.000000   -21.323049

 Spin-squared expectation <S^2>:         3.762
 Total spin quantum number S:            1.503
 TOTAL ENERGY:                        -942.929311120

 --------------------------------------------------------------------------------

 End time:                               Tue Jun 15 13:25:42 2021
 Total wall-clock time:                  2.059 seconds
==================================================================================
