
================================================================================
          _____________ ________ _______________ ________     _________         
         / ___________// ______ \\_____   _____// ______ \   / ________)        
        / /_________  / /      \ \     | |     / /      \ \ | (_______          
       |  __________|| |        | |    | |    | |        | | \________ \        
        \ \_________ | |        | |    | |     \ \______/ /___________) |       
         \__________||_|        |_|    |_|      \________//____________/        
                                                                                
====================================[ Qcore ]===================================

 Git hash:   6a88d58d269bf0d2ccfae91583c23a2b072b7633
 Git date:   Tue, 25 May 2021 10:36:49 +0100
 Compiler:   GNU 9.1.0
 Build type: Release
 Version:    1.3.0

 Start time: Tue Jun 15 13:25:46 2021

 Data directory: /newhome/zw18965/.local/qcore/share/entos/1.3.0/data
 Number of threads: 16
 Number of threads was determined by: number of physical cores

 --------------------------------------------------------------------------------
                                   command: dft                                  
 --------------------------------------------------------------------------------
 AO basis set:                           def2-tzvp
 Number of AO basis functions:          45

 Formula:                                Fe
 Nuclear charge:                        26.000000000
 Total charge:                           0.000000000
 Number of electrons:                   26.000000000

 Number of alpha electrons:             15
 Number of beta electrons:              11
 Number of unpaired electrons:           4
 Spin:                                   4
 Multiplicity:                           quintet

 Theory:                                 hf
 Method for Coulomb:                     incore_df
 Method for exact exchange:              pre_transformed_df
 Integral threshold:                     1.00e-12
 DF basis set:                           def2-universal-jkfit
 Number of DF basis functions:         264
 Schwarz screening threshold:            1.00e-10
 Coulomb fitting method:                 Cholesky
 Method for AO orthogonalization:        symmetric
 Threshold for linear dependence:        1.00e-08

 -------------------------------------
  Running unrestricted open-shell SCF 
 -------------------------------------
 Max number of iterations:             128
 Conv. threshold (gradient):             1.00e-05
 Conv. threshold (energy):               1.00e-06
 Interpolation scheme:                   adiis+cdiis
 Initial guess:                          SAD

 ---------------------------------------------------------------
                  energy        change          grad        time
 ---------------------------------------------------------------
   0     -1261.181493421                    7.23e-02        0.00
   1     -1262.294985264     -1.11e+00      2.98e-01        0.00
   2     -1262.300966130     -5.98e-03      2.39e-01        0.00
   3     -1262.343824082     -4.29e-02      4.13e-02        0.00
   4     -1262.344586169     -7.62e-04      3.88e-02        0.00
   5     -1262.345806436     -1.22e-03      3.71e-03        0.00
   6     -1262.345836071     -2.96e-05      8.72e-04        0.00
   7     -1262.345839370     -3.30e-06      2.10e-04        0.00
   8     -1262.345839575     -2.05e-07      5.04e-05        0.00
   9     -1262.345839576     -1.73e-09      1.33e-05        0.00
  10     -1262.345839576     -1.05e-10      1.54e-06        0.00

 SCF converged in 10 iterations.

 Dipole moment (in Debye):               0.000000      -0.000000       0.000000

 Quadrupole moment (in Debye-Angstrom):
                  1            2            3
 1       -15.621490     0.000000    -0.000000
 2         0.000000   -16.274570     0.000000
 3        -0.000000     0.000000   -15.621490

 Spin-squared expectation <S^2>:         6.006
 Total spin quantum number S:            2.001
 TOTAL ENERGY:                       -1262.345839576
 Saving results in set 'HF'

 --------------------------------------------------------------------------------
                                   command: dft                                  
 --------------------------------------------------------------------------------
 Projecting orbitals from old basis (45 functions) to new basis (45 functions)

 AO basis set:                           def2-tzvp
 Number of AO basis functions:          45
 Radial threshold:                       1.00e-08

 Formula:                                Fe
 Nuclear charge:                        26.000000000
 Total charge:                           0.000000000
 Number of electrons:                   26.000000000

 Number of alpha electrons:             15
 Number of beta electrons:              11
 Number of unpaired electrons:           4
 Spin:                                   4
 Multiplicity:                           quintet

 Theory:                                 hf
 Method for Coulomb:                     incore_df
 Method for exact exchange:              pre_transformed_df
 Integral threshold:                     1.00e-12
 DF basis set:                           def2-qzvppd-ri
 Number of DF basis functions:         309
 Schwarz screening threshold:            1.00e-10
 Coulomb fitting method:                 Cholesky
 Time for pre-computing density fitting integrals:       0.058 seconds

 ------------------
  UW12 Correlation 
 ------------------
 Factor for UW12 correlation:            1.000000000
 Same spin scale factor:                 0.000000000
 Calculate indirect contribution:        false
 Method for three electron term:         quadrature
 Gaussians in geminal expansion:         4
 UW12 screening threshold:               1.00e-12
 Method for density-fitting:             w(r)
 Number of core spatial orbitals:        5

 Total number of grid points:         7936
 Total number of batches:              327
 Maximum # of points per batch:        444
 Minimum # of points per batch:          0
 Average # of points per batch:         24
 Maximum batch gyradius:                 2.295384621
 Minimum batch gyradius:                 0.000000000
 Average batch gyradius:                 1.196901538
 Time for building XC grid:                              0.014 seconds
 Method for AO orthogonalization:        symmetric
 Threshold for linear dependence:        1.00e-08

 -------------------------------------
  Running unrestricted open-shell SCF 
 -------------------------------------
 Max number of iterations:               0
 Conv. threshold (gradient):             1.00e-05
 Conv. threshold (energy):               1.00e-06
 Interpolation scheme:                   adiis+cdiis

 ---------------------------------------------------------------
                  energy        change          grad        time
 ---------------------------------------------------------------
 UW12 two electron energy:             -10.881085726
 UW12 three electron energy:            21.103299978
 UW12 four electron energy:            -10.292414504
 Total UW12 energy:                     -0.070200252
 Time for DF-K:                                          0.001 seconds
 Time for DF-J:                                          0.000 seconds
 Dipole moment (in Debye):               0.000000      -0.000000       0.000000

 Quadrupole moment (in Debye-Angstrom):
                  1            2            3
 1       -15.621490     0.000000    -0.000000
 2         0.000000   -16.274570     0.000000
 3        -0.000000     0.000000   -15.621490

 Spin-squared expectation <S^2>:         6.006
 Total spin quantum number S:            2.001
 TOTAL ENERGY:                       -1262.413401960

 --------------------------------------------------------------------------------

 End time:                               Tue Jun 15 13:25:47 2021
 Total wall-clock time:                  1.208 seconds
==================================================================================
