
================================================================================
          _____________ ________ _______________ ________     _________         
         / ___________// ______ \\_____   _____// ______ \   / ________)        
        / /_________  / /      \ \     | |     / /      \ \ | (_______          
       |  __________|| |        | |    | |    | |        | | \________ \        
        \ \_________ | |        | |    | |     \ \______/ /___________) |       
         \__________||_|        |_|    |_|      \________//____________/        
                                                                                
====================================[ Qcore ]===================================

 Git hash:   6a88d58d269bf0d2ccfae91583c23a2b072b7633
 Git date:   Tue, 25 May 2021 10:36:49 +0100
 Compiler:   GNU 9.1.0
 Build type: Release
 Version:    1.3.0

 Start time: Tue Jun 15 13:25:55 2021

 Data directory: /newhome/zw18965/.local/qcore/share/entos/1.3.0/data
 Number of threads: 16
 Number of threads was determined by: number of physical cores

 --------------------------------------------------------------------------------
                                   command: dft                                  
 --------------------------------------------------------------------------------
 AO basis set:                           def2-tzvp
 Number of AO basis functions:          48

 Formula:                                Ga
 Nuclear charge:                        31.000000000
 Total charge:                           0.000000000
 Number of electrons:                   31.000000000

 Number of alpha electrons:             16
 Number of beta electrons:              15
 Number of unpaired electrons:           1
 Spin:                                   1
 Multiplicity:                           doublet

 Theory:                                 hf
 Method for Coulomb:                     incore_df
 Method for exact exchange:              pre_transformed_df
 Integral threshold:                     1.00e-12
 DF basis set:                           def2-universal-jkfit
 Number of DF basis functions:         266
 Schwarz screening threshold:            1.00e-10
 Coulomb fitting method:                 Cholesky
 Method for AO orthogonalization:        symmetric
 Threshold for linear dependence:        1.00e-08

 -------------------------------------
  Running unrestricted open-shell SCF 
 -------------------------------------
 Max number of iterations:             128
 Conv. threshold (gradient):             1.00e-05
 Conv. threshold (energy):               1.00e-06
 Interpolation scheme:                   adiis+cdiis
 Initial guess:                          SAD

 ---------------------------------------------------------------
                  energy        change          grad        time
 ---------------------------------------------------------------
   0     -1923.117373336                    1.75e-03        0.01
   1     -1923.215831588     -9.85e-02      5.68e-02        0.01
   2     -1923.221912277     -6.08e-03      3.38e-02        0.01
   3     -1923.223348920     -1.44e-03      6.75e-03        0.01
   4     -1923.223421982     -7.31e-05      3.70e-03        0.01
   5     -1923.223434496     -1.25e-05      8.71e-04        0.01
   6     -1923.223435539     -1.04e-06      1.67e-04        0.01
   7     -1923.223435597     -5.73e-08      2.13e-05        0.01
   8     -1923.223435597     -7.19e-10      3.37e-06        0.01

 SCF converged in 8 iterations.

 Dipole moment (in Debye):              -0.000000      -0.000000       0.000000

 Quadrupole moment (in Debye-Angstrom):
                  1            2            3
 1       -15.626298     0.000000    -0.000000
 2         0.000000   -22.962796    -0.000000
 3        -0.000000    -0.000000   -15.626298

 Spin-squared expectation <S^2>:         0.763
 Total spin quantum number S:            0.506
 TOTAL ENERGY:                       -1923.223435597
 Saving results in set 'HF'

 --------------------------------------------------------------------------------
                                   command: dft                                  
 --------------------------------------------------------------------------------
 Projecting orbitals from old basis (48 functions) to new basis (48 functions)

 AO basis set:                           def2-tzvp
 Number of AO basis functions:          48
 Radial threshold:                       1.00e-08

 Formula:                                Ga
 Nuclear charge:                        31.000000000
 Total charge:                           0.000000000
 Number of electrons:                   31.000000000

 Number of alpha electrons:             16
 Number of beta electrons:              15
 Number of unpaired electrons:           1
 Spin:                                   1
 Multiplicity:                           doublet

 Theory:                                 hf
 Method for Coulomb:                     incore_df
 Method for exact exchange:              pre_transformed_df
 Integral threshold:                     1.00e-12
 DF basis set:                           def2-qzvppd-ri
 Number of DF basis functions:         314
 Schwarz screening threshold:            1.00e-10
 Coulomb fitting method:                 Cholesky
 Time for pre-computing density fitting integrals:       0.126 seconds

 ------------------
  UW12 Correlation 
 ------------------
 Factor for UW12 correlation:            1.000000000
 Same spin scale factor:                 0.000000000
 Calculate indirect contribution:        false
 Method for three electron term:         quadrature
 Gaussians in geminal expansion:         4
 UW12 screening threshold:               1.00e-12
 Method for density-fitting:             w(r)
 Number of core spatial orbitals:        9

 Total number of grid points:         8020
 Total number of batches:              285
 Maximum # of points per batch:        469
 Minimum # of points per batch:          0
 Average # of points per batch:         28
 Maximum batch gyradius:                 2.385303581
 Minimum batch gyradius:                 0.000000000
 Average batch gyradius:                 1.139064424
 Time for building XC grid:                              0.016 seconds
 Method for AO orthogonalization:        symmetric
 Threshold for linear dependence:        1.00e-08

 -------------------------------------
  Running unrestricted open-shell SCF 
 -------------------------------------
 Max number of iterations:               0
 Conv. threshold (gradient):             1.00e-05
 Conv. threshold (energy):               1.00e-06
 Interpolation scheme:                   adiis+cdiis

 ---------------------------------------------------------------
                  energy        change          grad        time
 ---------------------------------------------------------------
 UW12 two electron energy:              -7.660763204
 UW12 three electron energy:            14.855725395
 UW12 four electron energy:             -7.265891023
 Total UW12 energy:                     -0.070928833
 Time for DF-K:                                          0.005 seconds
 Time for DF-J:                                          0.000 seconds
 Dipole moment (in Debye):              -0.000000      -0.000000       0.000000

 Quadrupole moment (in Debye-Angstrom):
                  1            2            3
 1       -15.626298     0.000000    -0.000000
 2         0.000000   -22.962796    -0.000000
 3        -0.000000    -0.000000   -15.626298

 Spin-squared expectation <S^2>:         0.763
 Total spin quantum number S:            0.506
 TOTAL ENERGY:                       -1923.448436355

 --------------------------------------------------------------------------------

 End time:                               Tue Jun 15 13:25:57 2021
 Total wall-clock time:                  2.288 seconds
==================================================================================
