
================================================================================
          _____________ ________ _______________ ________     _________         
         / ___________// ______ \\_____   _____// ______ \   / ________)        
        / /_________  / /      \ \     | |     / /      \ \ | (_______          
       |  __________|| |        | |    | |    | |        | | \________ \        
        \ \_________ | |        | |    | |     \ \______/ /___________) |       
         \__________||_|        |_|    |_|      \________//____________/        
                                                                                
====================================[ Qcore ]===================================

 Git hash:   6a88d58d269bf0d2ccfae91583c23a2b072b7633
 Git date:   Tue, 25 May 2021 10:36:49 +0100
 Compiler:   GNU 9.1.0
 Build type: Release
 Version:    1.3.0

 Start time: Tue Jun 15 13:25:57 2021

 Data directory: /newhome/zw18965/.local/qcore/share/entos/1.3.0/data
 Number of threads: 16
 Number of threads was determined by: number of physical cores

 --------------------------------------------------------------------------------
                                   command: dft                                  
 --------------------------------------------------------------------------------
 AO basis set:                           def2-tzvp
 Number of AO basis functions:          48

 Formula:                                Ge
 Nuclear charge:                        32.000000000
 Total charge:                           0.000000000
 Number of electrons:                   32.000000000

 Number of alpha electrons:             17
 Number of beta electrons:              15
 Number of unpaired electrons:           2
 Spin:                                   2
 Multiplicity:                           triplet

 Theory:                                 hf
 Method for Coulomb:                     incore_df
 Method for exact exchange:              pre_transformed_df
 Integral threshold:                     1.00e-12
 DF basis set:                           def2-universal-jkfit
 Number of DF basis functions:         266
 Schwarz screening threshold:            1.00e-10
 Coulomb fitting method:                 Cholesky
 Method for AO orthogonalization:        symmetric
 Threshold for linear dependence:        1.00e-08

 -------------------------------------
  Running unrestricted open-shell SCF 
 -------------------------------------
 Max number of iterations:             128
 Conv. threshold (gradient):             1.00e-05
 Conv. threshold (energy):               1.00e-06
 Interpolation scheme:                   adiis+cdiis
 Initial guess:                          SAD

 ---------------------------------------------------------------
                  energy        change          grad        time
 ---------------------------------------------------------------
   0     -2075.098398650                    1.01e-02        0.00
   1     -2075.310050916     -2.12e-01      8.34e-02        0.01
   2     -2075.319601129     -9.55e-03      4.06e-02        0.01
   3     -2075.320794270     -1.19e-03      1.18e-02        0.00
   4     -2075.320953412     -1.59e-04      5.60e-03        0.01
   5     -2075.320971799     -1.84e-05      1.21e-03        0.01
   6     -2075.320972751     -9.52e-07      1.44e-04        0.01
   7     -2075.320972777     -2.59e-08      3.44e-05        0.01
   8     -2075.320972777     -8.50e-10      4.59e-06        0.00

 SCF converged in 8 iterations.

 Dipole moment (in Debye):               0.000000       0.000000       0.000000

 Quadrupole moment (in Debye-Angstrom):
                  1            2            3
 1       -14.997566    -0.000000     0.000000
 2        -0.000000   -20.113463     0.000000
 3         0.000000     0.000000   -20.113463

 Spin-squared expectation <S^2>:         2.011
 Total spin quantum number S:            1.004
 TOTAL ENERGY:                       -2075.320972777
 Saving results in set 'HF'

 --------------------------------------------------------------------------------
                                   command: dft                                  
 --------------------------------------------------------------------------------
 Projecting orbitals from old basis (48 functions) to new basis (48 functions)

 AO basis set:                           def2-tzvp
 Number of AO basis functions:          48
 Radial threshold:                       1.00e-08

 Formula:                                Ge
 Nuclear charge:                        32.000000000
 Total charge:                           0.000000000
 Number of electrons:                   32.000000000

 Number of alpha electrons:             17
 Number of beta electrons:              15
 Number of unpaired electrons:           2
 Spin:                                   2
 Multiplicity:                           triplet

 Theory:                                 hf
 Method for Coulomb:                     incore_df
 Method for exact exchange:              pre_transformed_df
 Integral threshold:                     1.00e-12
 DF basis set:                           def2-qzvppd-ri
 Number of DF basis functions:         314
 Schwarz screening threshold:            1.00e-10
 Coulomb fitting method:                 Cholesky
 Time for pre-computing density fitting integrals:       0.126 seconds

 ------------------
  UW12 Correlation 
 ------------------
 Factor for UW12 correlation:            1.000000000
 Same spin scale factor:                 0.000000000
 Calculate indirect contribution:        false
 Method for three electron term:         quadrature
 Gaussians in geminal expansion:         4
 UW12 screening threshold:               1.00e-12
 Method for density-fitting:             w(r)
 Number of core spatial orbitals:        9

 Total number of grid points:         7828
 Total number of batches:              183
 Maximum # of points per batch:        444
 Minimum # of points per batch:          0
 Average # of points per batch:         42
 Maximum batch gyradius:                 2.168457801
 Minimum batch gyradius:                 0.000000000
 Average batch gyradius:                 1.059082065
 Time for building XC grid:                              0.015 seconds
 Method for AO orthogonalization:        symmetric
 Threshold for linear dependence:        1.00e-08

 -------------------------------------
  Running unrestricted open-shell SCF 
 -------------------------------------
 Max number of iterations:               0
 Conv. threshold (gradient):             1.00e-05
 Conv. threshold (energy):               1.00e-06
 Interpolation scheme:                   adiis+cdiis

 ---------------------------------------------------------------
                  energy        change          grad        time
 ---------------------------------------------------------------
 UW12 two electron energy:              -8.925917481
 UW12 three electron energy:            17.352813609
 UW12 four electron energy:             -8.499217892
 Total UW12 energy:                     -0.072321764
 Time for DF-K:                                          0.004 seconds
 Time for DF-J:                                          0.000 seconds
 Dipole moment (in Debye):               0.000000       0.000000       0.000000

 Quadrupole moment (in Debye-Angstrom):
                  1            2            3
 1       -14.997566    -0.000000     0.000000
 2        -0.000000   -20.113463     0.000000
 3         0.000000     0.000000   -20.113463

 Spin-squared expectation <S^2>:         2.011
 Total spin quantum number S:            1.004
 TOTAL ENERGY:                       -2075.567574417

 --------------------------------------------------------------------------------

 End time:                               Tue Jun 15 13:26:00 2021
 Total wall-clock time:                  2.246 seconds
==================================================================================
