
================================================================================
          _____________ ________ _______________ ________     _________         
         / ___________// ______ \\_____   _____// ______ \   / ________)        
        / /_________  / /      \ \     | |     / /      \ \ | (_______          
       |  __________|| |        | |    | |    | |        | | \________ \        
        \ \_________ | |        | |    | |     \ \______/ /___________) |       
         \__________||_|        |_|    |_|      \________//____________/        
                                                                                
====================================[ Qcore ]===================================

 Git hash:   6a88d58d269bf0d2ccfae91583c23a2b072b7633
 Git date:   Tue, 25 May 2021 10:36:49 +0100
 Compiler:   GNU 9.1.0
 Build type: Release
 Version:    1.3.0

 Start time: Tue Jun 15 13:26:04 2021

 Data directory: /newhome/zw18965/.local/qcore/share/entos/1.3.0/data
 Number of threads: 16
 Number of threads was determined by: number of physical cores

 --------------------------------------------------------------------------------
                                   command: dft                                  
 --------------------------------------------------------------------------------
 AO basis set:                           def2-tzvp
 Number of AO basis functions:          48

 Formula:                                Br
 Nuclear charge:                        35.000000000
 Total charge:                           0.000000000
 Number of electrons:                   35.000000000

 Number of alpha electrons:             18
 Number of beta electrons:              17
 Number of unpaired electrons:           1
 Spin:                                   1
 Multiplicity:                           doublet

 Theory:                                 hf
 Method for Coulomb:                     incore_df
 Method for exact exchange:              pre_transformed_df
 Integral threshold:                     1.00e-12
 DF basis set:                           def2-universal-jkfit
 Number of DF basis functions:         266
 Schwarz screening threshold:            1.00e-10
 Coulomb fitting method:                 Cholesky
 Method for AO orthogonalization:        symmetric
 Threshold for linear dependence:        1.00e-08

 -------------------------------------
  Running unrestricted open-shell SCF 
 -------------------------------------
 Max number of iterations:             128
 Conv. threshold (gradient):             1.00e-05
 Conv. threshold (energy):               1.00e-06
 Interpolation scheme:                   adiis+cdiis
 Initial guess:                          SAD

 ---------------------------------------------------------------
                  energy        change          grad        time
 ---------------------------------------------------------------
   0     -2572.217768936                    4.02e-03        0.00
   1     -2572.390596624     -1.73e-01      1.05e-01        0.01
   2     -2572.397195879     -6.60e-03      4.44e-02        0.01
   3     -2572.397945665     -7.50e-04      1.48e-02        0.01
   4     -2572.398069454     -1.24e-04      2.49e-03        0.01
   5     -2572.398074362     -4.91e-06      3.55e-04        0.01
   6     -2572.398074522     -1.60e-07      8.80e-05        0.01
   7     -2572.398074529     -7.28e-09      7.33e-06        0.01

 SCF converged in 7 iterations.

 Dipole moment (in Debye):               0.000000      -0.000000      -0.000000

 Quadrupole moment (in Debye-Angstrom):
                  1            2            3
 1       -16.205191    -0.000000    -0.000000
 2        -0.000000   -19.076981    -0.000000
 3        -0.000000    -0.000000   -19.076981

 Spin-squared expectation <S^2>:         0.759
 Total spin quantum number S:            0.504
 TOTAL ENERGY:                       -2572.398074529
 Saving results in set 'HF'

 --------------------------------------------------------------------------------
                                   command: dft                                  
 --------------------------------------------------------------------------------
 Projecting orbitals from old basis (48 functions) to new basis (48 functions)

 AO basis set:                           def2-tzvp
 Number of AO basis functions:          48
 Radial threshold:                       1.00e-08

 Formula:                                Br
 Nuclear charge:                        35.000000000
 Total charge:                           0.000000000
 Number of electrons:                   35.000000000

 Number of alpha electrons:             18
 Number of beta electrons:              17
 Number of unpaired electrons:           1
 Spin:                                   1
 Multiplicity:                           doublet

 Theory:                                 hf
 Method for Coulomb:                     incore_df
 Method for exact exchange:              pre_transformed_df
 Integral threshold:                     1.00e-12
 DF basis set:                           def2-qzvppd-ri
 Number of DF basis functions:         314
 Schwarz screening threshold:            1.00e-10
 Coulomb fitting method:                 Cholesky
 Time for pre-computing density fitting integrals:       0.132 seconds

 ------------------
  UW12 Correlation 
 ------------------
 Factor for UW12 correlation:            1.000000000
 Same spin scale factor:                 0.000000000
 Calculate indirect contribution:        false
 Method for three electron term:         quadrature
 Gaussians in geminal expansion:         4
 UW12 screening threshold:               1.00e-12
 Method for density-fitting:             w(r)
 Number of core spatial orbitals:        9

 Total number of grid points:         8164
 Total number of batches:              204
 Maximum # of points per batch:        410
 Minimum # of points per batch:          0
 Average # of points per batch:         40
 Maximum batch gyradius:                 1.951612021
 Minimum batch gyradius:                 0.000000000
 Average batch gyradius:                 0.878686334
 Time for building XC grid:                              0.016 seconds
 Method for AO orthogonalization:        symmetric
 Threshold for linear dependence:        1.00e-08

 -------------------------------------
  Running unrestricted open-shell SCF 
 -------------------------------------
 Max number of iterations:               0
 Conv. threshold (gradient):             1.00e-05
 Conv. threshold (energy):               1.00e-06
 Interpolation scheme:                   adiis+cdiis

 ---------------------------------------------------------------
                  energy        change          grad        time
 ---------------------------------------------------------------
 UW12 two electron energy:             -13.772962727
 UW12 three electron energy:            26.860466217
 UW12 four electron energy:            -13.175245279
 Total UW12 energy:                     -0.087741789
 Time for DF-K:                                          0.005 seconds
 Time for DF-J:                                          0.000 seconds
 Dipole moment (in Debye):               0.000000      -0.000000      -0.000000

 Quadrupole moment (in Debye-Angstrom):
                  1            2            3
 1       -16.205191    -0.000000    -0.000000
 2        -0.000000   -19.076981    -0.000000
 3        -0.000000    -0.000000   -19.076981

 Spin-squared expectation <S^2>:         0.759
 Total spin quantum number S:            0.504
 TOTAL ENERGY:                       -2572.747514712

 --------------------------------------------------------------------------------

 End time:                               Tue Jun 15 13:26:06 2021
 Total wall-clock time:                  2.351 seconds
==================================================================================
