
================================================================================
          _____________ ________ _______________ ________     _________         
         / ___________// ______ \\_____   _____// ______ \   / ________)        
        / /_________  / /      \ \     | |     / /      \ \ | (_______          
       |  __________|| |        | |    | |    | |        | | \________ \        
        \ \_________ | |        | |    | |     \ \______/ /___________) |       
         \__________||_|        |_|    |_|      \________//____________/        
                                                                                
====================================[ Qcore ]===================================

 Git hash:   6a88d58d269bf0d2ccfae91583c23a2b072b7633
 Git date:   Tue, 25 May 2021 10:36:49 +0100
 Compiler:   GNU 9.1.0
 Build type: Release
 Version:    1.3.0

 Start time: Tue Jun 15 13:26:27 2021

 Data directory: /newhome/zw18965/.local/qcore/share/entos/1.3.0/data
 Number of threads: 16
 Number of threads was determined by: number of physical cores

 --------------------------------------------------------------------------------
                                   command: dft                                  
 --------------------------------------------------------------------------------
 AO basis set:                           def2-tzvp
 Number of AO basis functions:          50
 ECP on atom 1 (Sn):                     28 electrons

 Formula:                                Sn
 Nuclear charge:                        50.000000000
 Total charge:                           0.000000000
 Number of core electrons:              28
 Number of treated electrons:           22

 Number of alpha electrons:             12
 Number of beta electrons:              10
 Number of unpaired electrons:           2
 Spin:                                   2
 Multiplicity:                           triplet

 Theory:                                 hf
 Method for Coulomb:                     incore_df
 Method for exact exchange:              pre_transformed_df
 Integral threshold:                     1.00e-12
 DF basis set:                           def2-universal-jkfit
 Number of DF basis functions:         218
 Schwarz screening threshold:            1.00e-10
 Coulomb fitting method:                 Cholesky
 Method for AO orthogonalization:        symmetric
 Threshold for linear dependence:        1.00e-08

 -------------------------------------
  Running unrestricted open-shell SCF 
 -------------------------------------
 Max number of iterations:             128
 Conv. threshold (gradient):             1.00e-05
 Conv. threshold (energy):               1.00e-06
 Interpolation scheme:                   adiis+cdiis
 Initial guess:                          SAD

 ---------------------------------------------------------------
                  energy        change          grad        time
 ---------------------------------------------------------------
   0      -213.143470574                    1.15e-02        0.01
   1      -213.325715762     -1.82e-01      6.93e-02        0.01
   2      -213.337729289     -1.20e-02      3.71e-02        0.00
   3      -213.339592607     -1.86e-03      1.00e-02        0.01
   4      -213.339857942     -2.65e-04      4.09e-03        0.01
   5      -213.339875077     -1.71e-05      1.07e-03        0.01
   6      -213.339876139     -1.06e-06      1.24e-04        0.01
   7      -213.339876164     -2.48e-08      1.70e-05        0.01
   8      -213.339876164     -3.81e-10      2.85e-06        0.01

 SCF converged in 8 iterations.

 Dipole moment (in Debye):               0.000000       0.000000      -0.000000

 Quadrupole moment (in Debye-Angstrom):
                  1            2            3
 1       -22.037270    -0.000000    -0.000000
 2        -0.000000   -28.563812    -0.000000
 3        -0.000000    -0.000000   -28.563812

 Spin-squared expectation <S^2>:         2.012
 Total spin quantum number S:            1.004
 TOTAL ENERGY:                        -213.339876164
 Saving results in set 'HF'

 --------------------------------------------------------------------------------
                                   command: dft                                  
 --------------------------------------------------------------------------------
 Projecting orbitals from old basis (50 functions) to new basis (50 functions)

 AO basis set:                           def2-tzvp
 Number of AO basis functions:          50
 Radial threshold:                       1.00e-08
 ECP on atom 1 (Sn):                     28 electrons

 Formula:                                Sn
 Nuclear charge:                        50.000000000
 Total charge:                           0.000000000
 Number of core electrons:              28
 Number of treated electrons:           22

 Number of alpha electrons:             12
 Number of beta electrons:              10
 Number of unpaired electrons:           2
 Spin:                                   2
 Multiplicity:                           triplet

 Theory:                                 hf
 Method for Coulomb:                     incore_df
 Method for exact exchange:              pre_transformed_df
 Integral threshold:                     1.00e-12
 DF basis set:                           def2-qzvppd-ri
 Number of DF basis functions:         292
 Schwarz screening threshold:            1.00e-10
 Coulomb fitting method:                 Cholesky
 Time for pre-computing density fitting integrals:       0.213 seconds

 ------------------
  UW12 Correlation 
 ------------------
 Factor for UW12 correlation:            1.000000000
 Same spin scale factor:                 0.000000000
 Calculate indirect contribution:        false
 Method for three electron term:         quadrature
 Gaussians in geminal expansion:         4
 UW12 screening threshold:               1.00e-12
 Method for density-fitting:             w(r)
 Number of core spatial orbitals:        4

 Total number of grid points:         8642
 Total number of batches:              183
 Maximum # of points per batch:        486
 Minimum # of points per batch:          0
 Average # of points per batch:         47
 Maximum batch gyradius:                 2.258501775
 Minimum batch gyradius:                 0.000000000
 Average batch gyradius:                 1.086196255
 Time for building XC grid:                              0.017 seconds
 Method for AO orthogonalization:        symmetric
 Threshold for linear dependence:        1.00e-08

 -------------------------------------
  Running unrestricted open-shell SCF 
 -------------------------------------
 Max number of iterations:               0
 Conv. threshold (gradient):             1.00e-05
 Conv. threshold (energy):               1.00e-06
 Interpolation scheme:                   adiis+cdiis

 ---------------------------------------------------------------
                  energy        change          grad        time
 ---------------------------------------------------------------
 UW12 two electron energy:              -5.790652618
 UW12 three electron energy:            11.070284210
 UW12 four electron energy:             -5.381397267
 Total UW12 energy:                     -0.101765676
 Time for DF-K:                                          0.003 seconds
 Time for DF-J:                                          0.000 seconds
 Dipole moment (in Debye):               0.000000       0.000000      -0.000000

 Quadrupole moment (in Debye-Angstrom):
                  1            2            3
 1       -22.037270    -0.000000    -0.000000
 2        -0.000000   -28.563812    -0.000000
 3        -0.000000    -0.000000   -28.563812

 Spin-squared expectation <S^2>:         2.012
 Total spin quantum number S:            1.004
 TOTAL ENERGY:                        -213.441692512

 --------------------------------------------------------------------------------

 End time:                               Tue Jun 15 13:26:30 2021
 Total wall-clock time:                  3.040 seconds
==================================================================================
