
================================================================================
          _____________ ________ _______________ ________     _________         
         / ___________// ______ \\_____   _____// ______ \   / ________)        
        / /_________  / /      \ \     | |     / /      \ \ | (_______          
       |  __________|| |        | |    | |    | |        | | \________ \        
        \ \_________ | |        | |    | |     \ \______/ /___________) |       
         \__________||_|        |_|    |_|      \________//____________/        
                                                                                
====================================[ Qcore ]===================================

 Git hash:   6a88d58d269bf0d2ccfae91583c23a2b072b7633
 Git date:   Tue, 25 May 2021 10:36:49 +0100
 Compiler:   GNU 9.1.0
 Build type: Release
 Version:    1.3.0

 Start time: Tue Jun 15 13:26:46 2021

 Data directory: /newhome/zw18965/.local/qcore/share/entos/1.3.0/data
 Number of threads: 16
 Number of threads was determined by: number of physical cores

 --------------------------------------------------------------------------------
                                   command: dft                                  
 --------------------------------------------------------------------------------
 AO basis set:                           def2-tzvp
 Number of AO basis functions:          40
 ECP on atom 1 (Hf):                     60 electrons

 Formula:                                Hf
 Nuclear charge:                        72.000000000
 Total charge:                           0.000000000
 Number of core electrons:              60
 Number of treated electrons:           12

 Number of alpha electrons:              7
 Number of beta electrons:               5
 Number of unpaired electrons:           2
 Spin:                                   2
 Multiplicity:                           triplet

 Theory:                                 hf
 Method for Coulomb:                     incore_df
 Method for exact exchange:              pre_transformed_df
 Integral threshold:                     1.00e-12
 DF basis set:                           def2-universal-jkfit
 Number of DF basis functions:         227
 Schwarz screening threshold:            1.00e-10
 Coulomb fitting method:                 Cholesky
 Method for AO orthogonalization:        symmetric
 Threshold for linear dependence:        1.00e-08

 -------------------------------------
  Running unrestricted open-shell SCF 
 -------------------------------------
 Max number of iterations:             128
 Conv. threshold (gradient):             1.00e-05
 Conv. threshold (energy):               1.00e-06
 Interpolation scheme:                   adiis+cdiis
 Initial guess:                          SAD

 ---------------------------------------------------------------
                  energy        change          grad        time
 ---------------------------------------------------------------
   0       -47.057650503                    5.73e-03        0.00
   1       -47.323195442     -2.66e-01      9.61e-02        0.00
   2       -47.354241382     -3.10e-02      4.95e-02        0.00
   3       -47.359446975     -5.21e-03      2.65e-02        0.00
   4       -47.361427055     -1.98e-03      1.05e-02        0.00
   5       -47.361646118     -2.19e-04      4.48e-03        0.00
   6       -47.361705566     -5.94e-05      2.57e-03        0.00
   7       -47.361749567     -4.40e-05      7.72e-04        0.00
   8       -47.361751828     -2.26e-06      2.49e-04        0.00
   9       -47.361751955     -1.27e-07      2.92e-05        0.00
  10       -47.361751957     -1.83e-09      8.39e-06        0.00

 SCF converged in 10 iterations.

 Dipole moment (in Debye):              -0.000000       0.000000       0.000000

 Quadrupole moment (in Debye-Angstrom):
                  1            2            3
 1       -27.055932    -0.000000    -0.000000
 2        -0.000000   -28.215174    -0.000000
 3        -0.000000    -0.000000   -27.055932

 Spin-squared expectation <S^2>:         2.047
 Total spin quantum number S:            1.016
 TOTAL ENERGY:                         -47.361751957
 Saving results in set 'HF'

 --------------------------------------------------------------------------------
                                   command: dft                                  
 --------------------------------------------------------------------------------
 Projecting orbitals from old basis (40 functions) to new basis (40 functions)

 AO basis set:                           def2-tzvp
 Number of AO basis functions:          40
 Radial threshold:                       1.00e-08
 ECP on atom 1 (Hf):                     60 electrons

 Formula:                                Hf
 Nuclear charge:                        72.000000000
 Total charge:                           0.000000000
 Number of core electrons:              60
 Number of treated electrons:           12

 Number of alpha electrons:              7
 Number of beta electrons:               5
 Number of unpaired electrons:           2
 Spin:                                   2
 Multiplicity:                           triplet

 Theory:                                 hf
 Method for Coulomb:                     incore_df
 Method for exact exchange:              pre_transformed_df
 Integral threshold:                     1.00e-12
 DF basis set:                           def2-qzvppd-ri
 Number of DF basis functions:         261
 Schwarz screening threshold:            1.00e-10
 Coulomb fitting method:                 Cholesky
 Time for pre-computing density fitting integrals:       0.054 seconds

 ------------------
  UW12 Correlation 
 ------------------
 Factor for UW12 correlation:            1.000000000
 Same spin scale factor:                 0.000000000
 Calculate indirect contribution:        false
 Method for three electron term:         quadrature
 Gaussians in geminal expansion:         4
 UW12 screening threshold:               1.00e-12
 Method for density-fitting:             w(r)

 Total number of grid points:         8784
 Total number of batches:              183
 Maximum # of points per batch:        459
 Minimum # of points per batch:          0
 Average # of points per batch:         48
 Maximum batch gyradius:                 2.295229789
 Minimum batch gyradius:                 0.000000000
 Average batch gyradius:                 1.099998560
 Time for building XC grid:                              0.016 seconds
 Method for AO orthogonalization:        symmetric
 Threshold for linear dependence:        1.00e-08

 -------------------------------------
  Running unrestricted open-shell SCF 
 -------------------------------------
 Max number of iterations:               0
 Conv. threshold (gradient):             1.00e-05
 Conv. threshold (energy):               1.00e-06
 Interpolation scheme:                   adiis+cdiis

 ---------------------------------------------------------------
                  energy        change          grad        time
 ---------------------------------------------------------------
 UW12 two electron energy:              -3.242770409
 UW12 three electron energy:             6.149936994
 UW12 four electron energy:             -2.970209580
 Total UW12 energy:                     -0.063042995
 Time for DF-K:                                          0.001 seconds
 Time for DF-J:                                          0.000 seconds
 Dipole moment (in Debye):              -0.000000       0.000000       0.000000

 Quadrupole moment (in Debye-Angstrom):
                  1            2            3
 1       -27.055932    -0.000000    -0.000000
 2        -0.000000   -28.215174    -0.000000
 3        -0.000000    -0.000000   -27.055932

 Spin-squared expectation <S^2>:         2.047
 Total spin quantum number S:            1.016
 TOTAL ENERGY:                         -47.424988992

 --------------------------------------------------------------------------------

 End time:                               Tue Jun 15 13:26:48 2021
 Total wall-clock time:                  1.263 seconds
==================================================================================
