
================================================================================
          _____________ ________ _______________ ________     _________         
         / ___________// ______ \\_____   _____// ______ \   / ________)        
        / /_________  / /      \ \     | |     / /      \ \ | (_______          
       |  __________|| |        | |    | |    | |        | | \________ \        
        \ \_________ | |        | |    | |     \ \______/ /___________) |       
         \__________||_|        |_|    |_|      \________//____________/        
                                                                                
====================================[ Qcore ]===================================

 Git hash:   6a88d58d269bf0d2ccfae91583c23a2b072b7633
 Git date:   Tue, 25 May 2021 10:36:49 +0100
 Compiler:   GNU 9.1.0
 Build type: Release
 Version:    1.3.0

 Start time: Tue Jun 15 13:26:49 2021

 Data directory: /newhome/zw18965/.local/qcore/share/entos/1.3.0/data
 Number of threads: 16
 Number of threads was determined by: number of physical cores

 --------------------------------------------------------------------------------
                                   command: dft                                  
 --------------------------------------------------------------------------------
 AO basis set:                           def2-tzvp
 Number of AO basis functions:          40
 ECP on atom 1 (W):                      60 electrons

 Formula:                                W
 Nuclear charge:                        74.000000000
 Total charge:                           0.000000000
 Number of core electrons:              60
 Number of treated electrons:           14

 Number of alpha electrons:              9
 Number of beta electrons:               5
 Number of unpaired electrons:           4
 Spin:                                   4
 Multiplicity:                           quintet

 Theory:                                 hf
 Method for Coulomb:                     incore_df
 Method for exact exchange:              pre_transformed_df
 Integral threshold:                     1.00e-12
 DF basis set:                           def2-universal-jkfit
 Number of DF basis functions:         227
 Schwarz screening threshold:            1.00e-10
 Coulomb fitting method:                 Cholesky
 Method for AO orthogonalization:        symmetric
 Threshold for linear dependence:        1.00e-08

 -------------------------------------
  Running unrestricted open-shell SCF 
 -------------------------------------
 Max number of iterations:             128
 Conv. threshold (gradient):             1.00e-05
 Conv. threshold (energy):               1.00e-06
 Interpolation scheme:                   adiis+cdiis
 Initial guess:                          SAD

 ---------------------------------------------------------------
                  energy        change          grad        time
 ---------------------------------------------------------------
   0       -65.552118049                    4.73e-02        0.00
   1       -66.163274252     -6.11e-01      2.28e-01        0.00
   2       -66.303096507     -1.40e-01      1.08e-01        0.00
   3       -66.315886808     -1.28e-02      2.84e-02        0.00
   4       -66.317234518     -1.35e-03      1.48e-02        0.00
   5       -66.317513631     -2.79e-04      4.18e-03        0.00
   6       -66.317550966     -3.73e-05      1.48e-03        0.00
   7       -66.317558230     -7.26e-06      5.81e-04        0.00
   8       -66.317559120     -8.90e-07      7.46e-05        0.00
   9       -66.317559131     -1.11e-08      1.15e-05        0.00
  10       -66.317559131     -2.72e-10      1.01e-06        0.00

 SCF converged in 10 iterations.

 Dipole moment (in Debye):               0.000000       0.000000      -0.000000

 Quadrupole moment (in Debye-Angstrom):
                  1            2            3
 1       -26.706388    -0.000000     0.000000
 2        -0.000000   -26.706388     0.000000
 3         0.000000     0.000000   -27.080451

 Spin-squared expectation <S^2>:         6.034
 Total spin quantum number S:            2.007
 TOTAL ENERGY:                         -66.317559131
 Saving results in set 'HF'

 --------------------------------------------------------------------------------
                                   command: dft                                  
 --------------------------------------------------------------------------------
 Projecting orbitals from old basis (40 functions) to new basis (40 functions)

 AO basis set:                           def2-tzvp
 Number of AO basis functions:          40
 Radial threshold:                       1.00e-08
 ECP on atom 1 (W):                      60 electrons

 Formula:                                W
 Nuclear charge:                        74.000000000
 Total charge:                           0.000000000
 Number of core electrons:              60
 Number of treated electrons:           14

 Number of alpha electrons:              9
 Number of beta electrons:               5
 Number of unpaired electrons:           4
 Spin:                                   4
 Multiplicity:                           quintet

 Theory:                                 hf
 Method for Coulomb:                     incore_df
 Method for exact exchange:              pre_transformed_df
 Integral threshold:                     1.00e-12
 DF basis set:                           def2-qzvppd-ri
 Number of DF basis functions:         261
 Schwarz screening threshold:            1.00e-10
 Coulomb fitting method:                 Cholesky
 Time for pre-computing density fitting integrals:       0.068 seconds

 ------------------
  UW12 Correlation 
 ------------------
 Factor for UW12 correlation:            1.000000000
 Same spin scale factor:                 0.000000000
 Calculate indirect contribution:        false
 Method for three electron term:         quadrature
 Gaussians in geminal expansion:         4
 UW12 screening threshold:               1.00e-12
 Method for density-fitting:             w(r)

 Total number of grid points:         8976
 Total number of batches:              183
 Maximum # of points per batch:        470
 Minimum # of points per batch:          0
 Average # of points per batch:         49
 Maximum batch gyradius:                 2.295229789
 Minimum batch gyradius:                 0.000000000
 Average batch gyradius:                 1.099559615
 Time for building XC grid:                              0.017 seconds
 Method for AO orthogonalization:        symmetric
 Threshold for linear dependence:        1.00e-08

 -------------------------------------
  Running unrestricted open-shell SCF 
 -------------------------------------
 Max number of iterations:               0
 Conv. threshold (gradient):             1.00e-05
 Conv. threshold (energy):               1.00e-06
 Interpolation scheme:                   adiis+cdiis

 ---------------------------------------------------------------
                  energy        change          grad        time
 ---------------------------------------------------------------
 UW12 two electron energy:              -4.538659863
 UW12 three electron energy:             8.645554933
 UW12 four electron energy:             -4.182651095
 Total UW12 energy:                     -0.075756025
 Time for DF-K:                                          0.001 seconds
 Time for DF-J:                                          0.000 seconds
 Dipole moment (in Debye):               0.000000       0.000000      -0.000000

 Quadrupole moment (in Debye-Angstrom):
                  1            2            3
 1       -26.706388    -0.000000     0.000000
 2        -0.000000   -26.706388     0.000000
 3         0.000000     0.000000   -27.080451

 Spin-squared expectation <S^2>:         6.034
 Total spin quantum number S:            2.007
 TOTAL ENERGY:                         -66.393439731

 --------------------------------------------------------------------------------

 End time:                               Tue Jun 15 13:26:50 2021
 Total wall-clock time:                  1.409 seconds
==================================================================================
