
================================================================================
          _____________ ________ _______________ ________     _________         
         / ___________// ______ \\_____   _____// ______ \   / ________)        
        / /_________  / /      \ \     | |     / /      \ \ | (_______          
       |  __________|| |        | |    | |    | |        | | \________ \        
        \ \_________ | |        | |    | |     \ \______/ /___________) |       
         \__________||_|        |_|    |_|      \________//____________/        
                                                                                
====================================[ Qcore ]===================================

 Git hash:   6a88d58d269bf0d2ccfae91583c23a2b072b7633
 Git date:   Tue, 25 May 2021 10:36:49 +0100
 Compiler:   GNU 9.1.0
 Build type: Release
 Version:    1.3.0

 Start time: Tue Jun 15 13:27:06 2021

 Data directory: /newhome/zw18965/.local/qcore/share/entos/1.3.0/data
 Number of threads: 16
 Number of threads was determined by: number of physical cores

 --------------------------------------------------------------------------------
                                   command: dft                                  
 --------------------------------------------------------------------------------
 AO basis set:                           def2-tzvp
 Number of AO basis functions:          50
 ECP on atom 1 (Bi):                     60 electrons

 Formula:                                Bi
 Nuclear charge:                        83.000000000
 Total charge:                           0.000000000
 Number of core electrons:              60
 Number of treated electrons:           23

 Number of alpha electrons:             13
 Number of beta electrons:              10
 Number of unpaired electrons:           3
 Spin:                                   3
 Multiplicity:                           quartet

 Theory:                                 hf
 Method for Coulomb:                     incore_df
 Method for exact exchange:              pre_transformed_df
 Integral threshold:                     1.00e-12
 DF basis set:                           def2-universal-jkfit
 Number of DF basis functions:         251
 Schwarz screening threshold:            1.00e-10
 Coulomb fitting method:                 Cholesky
 Method for AO orthogonalization:        symmetric
 Threshold for linear dependence:        1.00e-08

 -------------------------------------
  Running unrestricted open-shell SCF 
 -------------------------------------
 Max number of iterations:             128
 Conv. threshold (gradient):             1.00e-05
 Conv. threshold (energy):               1.00e-06
 Interpolation scheme:                   adiis+cdiis
 Initial guess:                          SAD

 ---------------------------------------------------------------
                  energy        change          grad        time
 ---------------------------------------------------------------
   0      -213.310082912                    2.71e-02        0.02
   1      -213.580230329     -2.70e-01      6.53e-02        0.01
   2      -213.592367161     -1.21e-02      2.63e-02        0.01
   3      -213.593569158     -1.20e-03      6.78e-03        0.01
   4      -213.593743254     -1.74e-04      1.06e-03        0.01
   5      -213.593746861     -3.61e-06      4.49e-04        0.01
   6      -213.593747060     -1.99e-07      4.70e-05        0.01
   7      -213.593747064     -3.93e-09      3.26e-06        0.01

 SCF converged in 7 iterations.

 Dipole moment (in Debye):              -0.000000       0.000000      -0.000000

 Quadrupole moment (in Debye-Angstrom):
                  1            2            3
 1       -30.402192     0.000000    -0.000000
 2         0.000000   -30.402192    -0.000000
 3        -0.000000    -0.000000   -30.402192

 Spin-squared expectation <S^2>:         3.756
 Total spin quantum number S:            1.502
 TOTAL ENERGY:                        -213.593747064
 Saving results in set 'HF'

 --------------------------------------------------------------------------------
                                   command: dft                                  
 --------------------------------------------------------------------------------
 Projecting orbitals from old basis (50 functions) to new basis (50 functions)

 AO basis set:                           def2-tzvp
 Number of AO basis functions:          50
 Radial threshold:                       1.00e-08
 ECP on atom 1 (Bi):                     60 electrons

 Formula:                                Bi
 Nuclear charge:                        83.000000000
 Total charge:                           0.000000000
 Number of core electrons:              60
 Number of treated electrons:           23

 Number of alpha electrons:             13
 Number of beta electrons:              10
 Number of unpaired electrons:           3
 Spin:                                   3
 Multiplicity:                           quartet

 Theory:                                 hf
 Method for Coulomb:                     incore_df
 Method for exact exchange:              pre_transformed_df
 Integral threshold:                     1.00e-12
 DF basis set:                           def2-qzvppd-ri
 Number of DF basis functions:         281
 Schwarz screening threshold:            1.00e-10
 Coulomb fitting method:                 Cholesky
 Time for pre-computing density fitting integrals:       0.211 seconds

 ------------------
  UW12 Correlation 
 ------------------
 Factor for UW12 correlation:            1.000000000
 Same spin scale factor:                 0.000000000
 Calculate indirect contribution:        false
 Method for three electron term:         quadrature
 Gaussians in geminal expansion:         4
 UW12 screening threshold:               1.00e-12
 Method for density-fitting:             w(r)
 Number of core spatial orbitals:        4

 Total number of grid points:         9348
 Total number of batches:              204
 Maximum # of points per batch:        425
 Minimum # of points per batch:          0
 Average # of points per batch:         45
 Maximum batch gyradius:                 2.295332755
 Minimum batch gyradius:                 0.000000000
 Average batch gyradius:                 1.019932152
 Time for building XC grid:                              0.019 seconds
 Method for AO orthogonalization:        symmetric
 Threshold for linear dependence:        1.00e-08

 -------------------------------------
  Running unrestricted open-shell SCF 
 -------------------------------------
 Max number of iterations:               0
 Conv. threshold (gradient):             1.00e-05
 Conv. threshold (energy):               1.00e-06
 Interpolation scheme:                   adiis+cdiis

 ---------------------------------------------------------------
                  energy        change          grad        time
 ---------------------------------------------------------------
 UW12 two electron energy:              -5.605891257
 UW12 three electron energy:            10.628798877
 UW12 four electron energy:             -5.149612269
 Total UW12 energy:                     -0.126704649
 Time for DF-K:                                          0.003 seconds
 Time for DF-J:                                          0.000 seconds
 Dipole moment (in Debye):              -0.000000       0.000000      -0.000000

 Quadrupole moment (in Debye-Angstrom):
                  1            2            3
 1       -30.402192     0.000000    -0.000000
 2         0.000000   -30.402192    -0.000000
 3        -0.000000    -0.000000   -30.402192

 Spin-squared expectation <S^2>:         3.756
 Total spin quantum number S:            1.502
 TOTAL ENERGY:                        -213.720433136

 --------------------------------------------------------------------------------

 End time:                               Tue Jun 15 13:27:09 2021
 Total wall-clock time:                  3.077 seconds
==================================================================================
