
================================================================================
          _____________ ________ _______________ ________     _________         
         / ___________// ______ \\_____   _____// ______ \   / ________)        
        / /_________  / /      \ \     | |     / /      \ \ | (_______          
       |  __________|| |        | |    | |    | |        | | \________ \        
        \ \_________ | |        | |    | |     \ \______/ /___________) |       
         \__________||_|        |_|    |_|      \________//____________/        
                                                                                
====================================[ Qcore ]===================================

 Git hash:   6a88d58d269bf0d2ccfae91583c23a2b072b7633
 Git date:   Tue, 25 May 2021 10:36:49 +0100
 Compiler:   GNU 9.1.0
 Build type: Release
 Version:    1.3.0

 Start time: Fri May 28 10:38:55 2021

 Data directory: /newhome/zw18965/.local/qcore/share/entos/1.3.0/data
 Number of threads: 16
 Number of threads was determined by: number of physical cores

 --------------------------------------------------------------------------------
                                   command: hf                                   
 --------------------------------------------------------------------------------
 AO basis set:                           aug-cc-pvtz-combined-pp
 Number of AO basis functions:          88
 ECP on atom 1 (Y):                      28 electrons

 Formula:                                Y
 Nuclear charge:                        39.000000000
 Total charge:                           0.000000000
 Number of core electrons:              28
 Number of treated electrons:           11

 Number of alpha electrons:              6
 Number of beta electrons:               5
 Number of unpaired electrons:           1
 Spin:                                   1
 Multiplicity:                           doublet

 Theory:                                 hf
 Method for Coulomb:                     incore_df
 Method for exact exchange:              pre_transformed_df
 Integral threshold:                     1.00e-12
 DF basis set:                           def2-universal-jkfit
 Number of DF basis functions:         255
 Schwarz screening threshold:            1.00e-10
 Coulomb fitting method:                 Cholesky
 Method for AO orthogonalization:        symmetric
 Threshold for linear dependence:        1.00e-08

 -------------------------------------
  Running unrestricted open-shell SCF 
 -------------------------------------
 Max number of iterations:             128
 Conv. threshold (gradient):             1.00e-05
 Conv. threshold (energy):               1.00e-06
 Interpolation scheme:                   adiis+cdiis
 Initial guess:                          H0

 ---------------------------------------------------------------
                  energy        change          grad        time
 ---------------------------------------------------------------
   0       -34.330403205                    1.65e+00        0.00
   1       -36.547537265     -2.22e+00      9.10e-01        0.01
   2       -37.067628772     -5.20e-01      6.36e-01        0.01
   3       -37.585637194     -5.18e-01      2.42e-01        0.01
   4       -37.664841549     -7.92e-02      1.08e-01        0.01
   5       -37.687953017     -2.31e-02      8.92e-02        0.01
   6       -37.699447200     -1.15e-02      5.86e-02        0.01
   7       -37.710067210     -1.06e-02      2.30e-02        0.01
   8       -37.710680401     -6.13e-04      1.43e-02        0.01
   9       -37.711050432     -3.70e-04      7.59e-03        0.01
  10       -37.711435917     -3.85e-04      5.60e-03        0.01
  11       -37.711695891     -2.60e-04      3.98e-03        0.01
  12       -37.711740785     -4.49e-05      2.90e-03        0.01
  13       -37.711767356     -2.66e-05      2.65e-03        0.01
  14       -37.711790120     -2.28e-05      2.61e-03        0.01
  15       -37.711835552     -4.54e-05      2.09e-03        0.01
  16       -37.711869570     -3.40e-05      1.85e-03        0.01
  17       -37.711903739     -3.42e-05      1.07e-03        0.01
  18       -37.711916235     -1.25e-05      6.03e-04        0.01
  19       -37.711918175     -1.94e-06      5.36e-04        0.01
  20       -37.711919499     -1.32e-06      1.70e-04        0.01
  21       -37.711919680     -1.81e-07      1.14e-04        0.01
  22       -37.711919739     -5.88e-08      5.73e-05        0.01
  23       -37.711919759     -1.96e-08      2.77e-05        0.01
  24       -37.711919762     -2.69e-09      1.43e-05        0.01
  25       -37.711919762     -3.41e-10      8.83e-06        0.01

 SCF converged in 25 iterations.

 Dipole moment (in Debye):              -0.000000       0.000000      -0.000000

 Quadrupole moment (in Debye-Angstrom):
                  1            2            3
 1       -29.969339    -0.064480    -0.027149
 2        -0.064480   -29.394006     0.245307
 3        -0.027149     0.245307   -29.873248

 Spin-squared expectation <S^2>:         0.865
 Total spin quantum number S:            0.556
 TOTAL ENERGY:                         -37.711919762
 Saving results in set 'HF'

 --------------------------------------------------------------------------------
                                command: unsoldw12                               
 --------------------------------------------------------------------------------
 Number of AO basis functions:          88

 DF basis set:                           def2-qzvppd-ri
 Number of DF basis functions:         252


 --------------------------
  Virtual UW12 Correlation 
 --------------------------
 Unrestricted MP2 calculation:           
 Core spatial orbitals:                  0
 Correlated alpha orbitals:              6
 Correlated beta orbitals:               5
 Virtual alpha orbitals:                82
 Virtual beta orbitals:                 83

 Opposite spin energy:                  -0.049444709

 Reference energy:                     -37.711919762
 UW12 correlation energy:               -0.049444709
 Total UW12 energy:                    -37.761364471

 --------------------------------------------------------------------------------

 End time:                               Fri May 28 10:38:56 2021
 Total wall-clock time:                  1.593 seconds
==================================================================================
