
================================================================================
          _____________ ________ _______________ ________     _________         
         / ___________// ______ \\_____   _____// ______ \   / ________)        
        / /_________  / /      \ \     | |     / /      \ \ | (_______          
       |  __________|| |        | |    | |    | |        | | \________ \        
        \ \_________ | |        | |    | |     \ \______/ /___________) |       
         \__________||_|        |_|    |_|      \________//____________/        
                                                                                
====================================[ Qcore ]===================================

 Git hash:   6a88d58d269bf0d2ccfae91583c23a2b072b7633
 Git date:   Tue, 25 May 2021 10:36:49 +0100
 Compiler:   GNU 9.1.0
 Build type: Release
 Version:    1.3.0

 Start time: Fri May 28 10:39:33 2021

 Data directory: /newhome/zw18965/.local/qcore/share/entos/1.3.0/data
 Number of threads: 16
 Number of threads was determined by: number of physical cores

 --------------------------------------------------------------------------------
                                   command: hf                                   
 --------------------------------------------------------------------------------
 AO basis set:                           aug-cc-pvtz-combined-pp
 Number of AO basis functions:          88
 ECP on atom 1 (Re):                     60 electrons

 Formula:                                Re
 Nuclear charge:                        75.000000000
 Total charge:                           0.000000000
 Number of core electrons:              60
 Number of treated electrons:           15

 Number of alpha electrons:             10
 Number of beta electrons:               5
 Number of unpaired electrons:           5
 Spin:                                   5
 Multiplicity:                           septet

 Theory:                                 hf
 Method for Coulomb:                     incore_df
 Method for exact exchange:              pre_transformed_df
 Integral threshold:                     1.00e-12
 DF basis set:                           def2-universal-jkfit
 Number of DF basis functions:         227
 Schwarz screening threshold:            1.00e-10
 Coulomb fitting method:                 Cholesky
 Method for AO orthogonalization:        symmetric
 Threshold for linear dependence:        1.00e-08

 -------------------------------------
  Running unrestricted open-shell SCF 
 -------------------------------------
 Max number of iterations:             128
 Conv. threshold (gradient):             1.00e-05
 Conv. threshold (energy):               1.00e-06
 Interpolation scheme:                   adiis+cdiis
 Initial guess:                          H0

 ---------------------------------------------------------------
                  energy        change          grad        time
 ---------------------------------------------------------------
   0       -70.299059146                    2.76e+00        0.00
   1       -69.454292746      8.45e-01      1.93e+00        0.01
   2       -75.672134470     -6.22e+00      1.59e+00        0.01
   3       -77.730388033     -2.06e+00      2.90e-01        0.01
   4       -77.765313288     -3.49e-02      6.49e-02        0.01
   5       -77.769168700     -3.86e-03      3.61e-02        0.01
   6       -77.770088046     -9.19e-04      8.18e-03        0.01
   7       -77.770128564     -4.05e-05      3.38e-03        0.01
   8       -77.770151406     -2.28e-05      3.72e-03        0.01
   9       -77.770158543     -7.14e-06      3.82e-03        0.01
  10       -77.770116507      4.20e-05      1.41e-03        0.01
  11       -77.770114713      1.79e-06      2.90e-04        0.01
  12       -77.770114750     -3.68e-08      1.51e-04        0.01
  13       -77.770114773     -2.30e-08      1.41e-04        0.01
  14       -77.770114802     -2.88e-08      1.38e-04        0.01
  15       -77.770114979     -1.77e-07      1.35e-04        0.01
  16       -77.770116600     -1.62e-06      1.11e-04        0.01
  17       -77.770116495      1.05e-07      1.09e-04        0.01
  18       -77.770116637     -1.41e-07      1.11e-04        0.01
  19       -77.770116524      1.13e-07      1.31e-04        0.01
  20       -77.770116919     -3.95e-07      7.60e-05        0.01
  21       -77.770117032     -1.13e-07      4.51e-05        0.01
  22       -77.770117033     -1.13e-09      5.74e-06        0.01

 SCF converged in 22 iterations.

 Dipole moment (in Debye):              -0.000000      -0.000000       0.000000

 Quadrupole moment (in Debye-Angstrom):
                  1            2            3
 1       -24.626327    -0.007266     0.358508
 2        -0.007266   -24.690699    -0.039703
 3         0.358508    -0.039703   -22.719338

 Spin-squared expectation <S^2>:         8.759
 Total spin quantum number S:            2.501
 TOTAL ENERGY:                         -77.770117034
 Saving results in set 'HF'

 --------------------------------------------------------------------------------
                                command: unsoldw12                               
 --------------------------------------------------------------------------------
 Number of AO basis functions:          88

 DF basis set:                           def2-qzvppd-ri
 Number of DF basis functions:         261


 --------------------------
  Virtual UW12 Correlation 
 --------------------------
 Unrestricted MP2 calculation:           
 Core spatial orbitals:                  0
 Correlated alpha orbitals:             10
 Correlated beta orbitals:               5
 Virtual alpha orbitals:                78
 Virtual beta orbitals:                 83

 Opposite spin energy:                  -0.076633696

 Reference energy:                     -77.770117034
 UW12 correlation energy:               -0.076633696
 Total UW12 energy:                    -77.846750730

 --------------------------------------------------------------------------------

 End time:                               Fri May 28 10:39:34 2021
 Total wall-clock time:                  1.631 seconds
==================================================================================
