
================================================================================
          _____________ ________ _______________ ________     _________         
         / ___________// ______ \\_____   _____// ______ \   / ________)        
        / /_________  / /      \ \     | |     / /      \ \ | (_______          
       |  __________|| |        | |    | |    | |        | | \________ \        
        \ \_________ | |        | |    | |     \ \______/ /___________) |       
         \__________||_|        |_|    |_|      \________//____________/        
                                                                                
====================================[ Qcore ]===================================

 Git hash:   6a88d58d269bf0d2ccfae91583c23a2b072b7633
 Git date:   Tue, 25 May 2021 10:36:49 +0100
 Compiler:   GNU 9.1.0
 Build type: Release
 Version:    1.3.0

 Start time: Fri May 28 10:39:35 2021

 Data directory: /newhome/zw18965/.local/qcore/share/entos/1.3.0/data
 Number of threads: 16
 Number of threads was determined by: number of physical cores

 --------------------------------------------------------------------------------
                                   command: hf                                   
 --------------------------------------------------------------------------------
 AO basis set:                           aug-cc-pvtz-combined-pp
 Number of AO basis functions:          88
 ECP on atom 1 (Os):                     60 electrons

 Formula:                                Os
 Nuclear charge:                        76.000000000
 Total charge:                           0.000000000
 Number of core electrons:              60
 Number of treated electrons:           16

 Number of alpha electrons:             10
 Number of beta electrons:               6
 Number of unpaired electrons:           4
 Spin:                                   4
 Multiplicity:                           quintet

 Theory:                                 hf
 Method for Coulomb:                     incore_df
 Method for exact exchange:              pre_transformed_df
 Integral threshold:                     1.00e-12
 DF basis set:                           def2-universal-jkfit
 Number of DF basis functions:         227
 Schwarz screening threshold:            1.00e-10
 Coulomb fitting method:                 Cholesky
 Method for AO orthogonalization:        symmetric
 Threshold for linear dependence:        1.00e-08

 -------------------------------------
  Running unrestricted open-shell SCF 
 -------------------------------------
 Max number of iterations:             128
 Conv. threshold (gradient):             1.00e-05
 Conv. threshold (energy):               1.00e-06
 Interpolation scheme:                   adiis+cdiis
 Initial guess:                          H0

 ---------------------------------------------------------------
                  energy        change          grad        time
 ---------------------------------------------------------------
   0       -80.761206116                    3.07e+00        0.00
   1       -78.234847447      2.53e+00      2.46e+00        0.01
   2       -87.026901945     -8.79e+00      1.96e+00        0.01
   3       -89.973691978     -2.95e+00      3.69e-01        0.01
   4       -90.022442329     -4.88e-02      1.07e-01        0.01
   5       -90.030523014     -8.08e-03      9.24e-02        0.01
   6       -90.033709669     -3.19e-03      4.98e-02        0.01
   7       -90.036164311     -2.45e-03      4.03e-02        0.01
   8       -90.039635645     -3.47e-03      3.34e-02        0.01
   9       -90.042647192     -3.01e-03      2.16e-02        0.01
  10       -90.044816822     -2.17e-03      1.19e-02        0.01
  11       -90.045013664     -1.97e-04      1.08e-02        0.01
  12       -90.045311669     -2.98e-04      5.64e-03        0.01
  13       -90.045439071     -1.27e-04      9.86e-03        0.01
  14       -90.045490904     -5.18e-05      1.00e-02        0.01
  15       -90.045529495     -3.86e-05      6.39e-03        0.01
  16       -90.045544826     -1.53e-05      2.59e-03        0.01
  17       -90.045547391     -2.56e-06      8.33e-04        0.01
  18       -90.045548024     -6.33e-07      6.19e-04        0.01
  19       -90.045549454     -1.43e-06      3.91e-04        0.01
  20       -90.045549848     -3.94e-07      1.46e-04        0.01
  21       -90.045549885     -3.66e-08      7.34e-05        0.01
  22       -90.045549891     -5.96e-09      6.67e-05        0.01
  23       -90.045549897     -6.34e-09      6.61e-05        0.01
  24       -90.045549895      2.12e-09      6.56e-05        0.01
  25       -90.045549896     -1.17e-09      6.55e-05        0.01
  26       -90.045549894      2.37e-09      6.47e-05        0.01
  27       -90.045549887      6.68e-09      6.36e-05        0.01
  28       -90.045549864      2.26e-08      6.34e-05        0.01
  29       -90.045549731      1.33e-07      5.93e-05        0.01
  30       -90.045549190      5.41e-07      5.69e-05        0.01
  31       -90.045549194     -3.49e-09      5.55e-05        0.01
  32       -90.045549176      1.75e-08      5.15e-05        0.01
  33       -90.045549171      4.84e-09      5.06e-05        0.01
  34       -90.045549194     -2.24e-08      4.77e-05        0.01
  35       -90.045549115      7.93e-08      4.20e-05        0.01
  36       -90.045548958      1.57e-07      2.47e-05        0.01
  37       -90.045548913      4.51e-08      1.92e-05        0.01
  38       -90.045548901      1.16e-08      2.54e-05        0.01
  39       -90.045548903     -1.68e-09      1.79e-05        0.01
  40       -90.045548903      8.34e-11      1.30e-05        0.01
  41       -90.045548903     -1.98e-10      1.85e-05        0.01
  42       -90.045548903     -6.42e-11      1.90e-05        0.01
  43       -90.045548903      9.25e-11      1.97e-05        0.01
  44       -90.045548903      1.00e-10      1.95e-05        0.01
  45       -90.045548903     -1.94e-10      1.43e-05        0.01
  46       -90.045548904     -9.97e-10      1.09e-05        0.01
  47       -90.045548906     -2.09e-09      1.09e-05        0.01
  48       -90.045548910     -4.29e-09      1.12e-05        0.01
  49       -90.045548912     -2.06e-09      1.13e-05        0.01
  50       -90.045548915     -2.66e-09      1.11e-05        0.01
  51       -90.045548923     -7.97e-09      1.07e-05        0.01
  52       -90.045548942     -1.88e-08      9.35e-06        0.01

 SCF converged in 52 iterations.

 Dipole moment (in Debye):              -0.000001       0.000001       0.000000

 Quadrupole moment (in Debye-Angstrom):
                  1            2            3
 1       -23.744259     0.045588    -0.001493
 2         0.045588   -23.875215     0.024387
 3        -0.001493     0.024387   -23.735796

 Spin-squared expectation <S^2>:         6.006
 Total spin quantum number S:            2.001
 TOTAL ENERGY:                         -90.045548947
 Saving results in set 'HF'

 --------------------------------------------------------------------------------
                                command: unsoldw12                               
 --------------------------------------------------------------------------------
 Number of AO basis functions:          88

 DF basis set:                           def2-qzvppd-ri
 Number of DF basis functions:         252


 --------------------------
  Virtual UW12 Correlation 
 --------------------------
 Unrestricted MP2 calculation:           
 Core spatial orbitals:                  0
 Correlated alpha orbitals:             10
 Correlated beta orbitals:               6
 Virtual alpha orbitals:                78
 Virtual beta orbitals:                 82

 Opposite spin energy:                  -0.090756335

 Reference energy:                     -90.045548947
 UW12 correlation energy:               -0.090756335
 Total UW12 energy:                    -90.136305283

 --------------------------------------------------------------------------------

 End time:                               Fri May 28 10:39:36 2021
 Total wall-clock time:                  1.876 seconds
==================================================================================
