
================================================================================
          _____________ ________ _______________ ________     _________         
         / ___________// ______ \\_____   _____// ______ \   / ________)        
        / /_________  / /      \ \     | |     / /      \ \ | (_______          
       |  __________|| |        | |    | |    | |        | | \________ \        
        \ \_________ | |        | |    | |     \ \______/ /___________) |       
         \__________||_|        |_|    |_|      \________//____________/        
                                                                                
====================================[ Qcore ]===================================

 Git hash:   6a88d58d269bf0d2ccfae91583c23a2b072b7633
 Git date:   Tue, 25 May 2021 10:36:49 +0100
 Compiler:   GNU 9.1.0
 Build type: Release
 Version:    1.3.0

 Start time: Fri May 28 10:39:45 2021

 Data directory: /newhome/zw18965/.local/qcore/share/entos/1.3.0/data
 Number of threads: 16
 Number of threads was determined by: number of physical cores

 --------------------------------------------------------------------------------
                                   command: hf                                   
 --------------------------------------------------------------------------------
 AO basis set:                           aug-cc-pvtz-combined-pp
 Number of AO basis functions:          55
 ECP on atom 1 (Tl):                     60 electrons

 Formula:                                Tl
 Nuclear charge:                        81.000000000
 Total charge:                           0.000000000
 Number of core electrons:              60
 Number of treated electrons:           21

 Number of alpha electrons:             11
 Number of beta electrons:              10
 Number of unpaired electrons:           1
 Spin:                                   1
 Multiplicity:                           doublet

 Theory:                                 hf
 Method for Coulomb:                     incore_df
 Method for exact exchange:              pre_transformed_df
 Integral threshold:                     1.00e-12
 DF basis set:                           def2-universal-jkfit
 Number of DF basis functions:         251
 Schwarz screening threshold:            1.00e-10
 Coulomb fitting method:                 Cholesky
 Method for AO orthogonalization:        symmetric
 Threshold for linear dependence:        1.00e-08

 -------------------------------------
  Running unrestricted open-shell SCF 
 -------------------------------------
 Max number of iterations:             128
 Conv. threshold (gradient):             1.00e-05
 Conv. threshold (energy):               1.00e-06
 Interpolation scheme:                   adiis+cdiis
 Initial guess:                          H0

 ---------------------------------------------------------------
                  energy        change          grad        time
 ---------------------------------------------------------------
   0      -166.487363360                    1.77e+00        0.00
   1      -142.548678375      2.39e+01      4.53e+00        0.00
   2      -168.360828616     -2.58e+01      1.37e+00        0.00
   3      -171.304371649     -2.94e+00      3.33e-01        0.00
   4      -171.479737945     -1.75e-01      2.05e-01        0.00
   5      -171.508954820     -2.92e-02      5.93e-02        0.00
   6      -171.514143863     -5.19e-03      3.32e-02        0.00
   7      -171.515162390     -1.02e-03      1.68e-03        0.00
   8      -171.515166736     -4.35e-06      5.29e-04        0.00
   9      -171.515167022     -2.86e-07      7.88e-05        0.00
  10      -171.515167033     -1.04e-08      1.90e-05        0.00
  11      -171.515167033     -4.00e-10      2.47e-06        0.00

 SCF converged in 11 iterations.

 Dipole moment (in Debye):               0.000000      -0.000000      -0.000000

 Quadrupole moment (in Debye-Angstrom):
                  1            2            3
 1       -27.124753     1.599410     3.357401
 2         1.599410   -26.776031    -3.011282
 3         3.357401    -3.011282   -31.662637

 Spin-squared expectation <S^2>:         0.759
 Total spin quantum number S:            0.505
 TOTAL ENERGY:                        -171.515167033
 Saving results in set 'HF'

 --------------------------------------------------------------------------------
                                command: unsoldw12                               
 --------------------------------------------------------------------------------
 Number of AO basis functions:          55

 DF basis set:                           def2-qzvppd-ri
 Number of DF basis functions:         281


 --------------------------
  Virtual UW12 Correlation 
 --------------------------
 Unrestricted MP2 calculation:           
 Core spatial orbitals:                  4
 Correlated alpha orbitals:              7
 Correlated beta orbitals:               6
 Virtual alpha orbitals:                44
 Virtual beta orbitals:                 45

 Opposite spin energy:                  -0.040191804

 Reference energy:                    -171.515167033
 UW12 correlation energy:               -0.040191804
 Total UW12 energy:                   -171.555358837

 --------------------------------------------------------------------------------

 End time:                               Fri May 28 10:39:47 2021
 Total wall-clock time:                  1.760 seconds
==================================================================================
