
================================================================================
          _____________ ________ _______________ ________     _________         
         / ___________// ______ \\_____   _____// ______ \   / ________)        
        / /_________  / /      \ \     | |     / /      \ \ | (_______          
       |  __________|| |        | |    | |    | |        | | \________ \        
        \ \_________ | |        | |    | |     \ \______/ /___________) |       
         \__________||_|        |_|    |_|      \________//____________/        
                                                                                
====================================[ Qcore ]===================================

 Git hash:   6a88d58d269bf0d2ccfae91583c23a2b072b7633
 Git date:   Tue, 25 May 2021 10:36:49 +0100
 Compiler:   GNU 9.1.0
 Build type: Release
 Version:    1.3.0

 Start time: Fri May 28 10:53:29 2021

 Data directory: /newhome/zw18965/.local/qcore/share/entos/1.3.0/data
 Number of threads: 16
 Number of threads was determined by: number of physical cores

 --------------------------------------------------------------------------------
                                   command: hf                                   
 --------------------------------------------------------------------------------
 AO basis set:                           aug-cc-pvqz-combined-pp
 Number of AO basis functions:          84

 Formula:                                Cl
 Nuclear charge:                        17.000000000
 Total charge:                           0.000000000
 Number of electrons:                   17.000000000

 Number of alpha electrons:              9
 Number of beta electrons:               8
 Number of unpaired electrons:           1
 Spin:                                   1
 Multiplicity:                           doublet

 Theory:                                 hf
 Method for Coulomb:                     incore_df
 Method for exact exchange:              pre_transformed_df
 Integral threshold:                     1.00e-12
 DF basis set:                           def2-universal-jkfit
 Number of DF basis functions:         128
 Schwarz screening threshold:            1.00e-10
 Coulomb fitting method:                 Cholesky
 Method for AO orthogonalization:        symmetric
 Threshold for linear dependence:        1.00e-08

 -------------------------------------
  Running unrestricted open-shell SCF 
 -------------------------------------
 Max number of iterations:             128
 Conv. threshold (gradient):             1.00e-05
 Conv. threshold (energy):               1.00e-06
 Interpolation scheme:                   adiis+cdiis
 Initial guess:                          H0

 ---------------------------------------------------------------
                  energy        change          grad        time
 ---------------------------------------------------------------
   0      -438.137658730                    1.03e+01        0.00
   1      -450.840775424     -1.27e+01      2.60e+00        0.01
   2      -457.813288241     -6.97e+00      1.52e+00        0.00
   3      -459.309454047     -1.50e+00      4.85e-01        0.00
   4      -459.476084949     -1.67e-01      1.74e-01        0.01
   5      -459.488409076     -1.23e-02      3.50e-02        0.01
   6      -459.489125622     -7.17e-04      1.14e-02        0.01
   7      -459.489174640     -4.90e-05      9.71e-04        0.01
   8      -459.489176221     -1.58e-06      2.15e-04        0.01
   9      -459.489176347     -1.26e-07      4.88e-05        0.01
  10      -459.489176351     -3.96e-09      5.22e-06        0.01

 SCF converged in 10 iterations.

 Dipole moment (in Debye):               0.000000       0.000000      -0.000000

 Quadrupole moment (in Debye-Angstrom):
                  1            2            3
 1       -13.119587    -0.004370     0.079379
 2        -0.004370   -13.115839    -0.120400
 3         0.079379    -0.120400   -10.935680

 Spin-squared expectation <S^2>:         0.760
 Total spin quantum number S:            0.505
 TOTAL ENERGY:                        -459.489176351
 Saving results in set 'HF'

 --------------------------------------------------------------------------------
                                command: unsoldw12                               
 --------------------------------------------------------------------------------
 Number of AO basis functions:          84

 DF basis set:                           def2-qzvppd-ri
 Number of DF basis functions:         183


 --------------------------
  Virtual UW12 Correlation 
 --------------------------
 Unrestricted MP2 calculation:           
 Core spatial orbitals:                  5
 Correlated alpha orbitals:              4
 Correlated beta orbitals:               3
 Virtual alpha orbitals:                75
 Virtual beta orbitals:                 76

 Opposite spin energy:                  -0.028922421

 Reference energy:                    -459.489176351
 UW12 correlation energy:               -0.028922421
 Total UW12 energy:                   -459.518098772

 --------------------------------------------------------------------------------

 End time:                               Fri May 28 10:53:30 2021
 Total wall-clock time:                  0.484 seconds
==================================================================================
