
================================================================================
          _____________ ________ _______________ ________     _________         
         / ___________// ______ \\_____   _____// ______ \   / ________)        
        / /_________  / /      \ \     | |     / /      \ \ | (_______          
       |  __________|| |        | |    | |    | |        | | \________ \        
        \ \_________ | |        | |    | |     \ \______/ /___________) |       
         \__________||_|        |_|    |_|      \________//____________/        
                                                                                
====================================[ Qcore ]===================================

 Git hash:   6a88d58d269bf0d2ccfae91583c23a2b072b7633
 Git date:   Tue, 25 May 2021 10:36:49 +0100
 Compiler:   GNU 9.1.0
 Build type: Release
 Version:    1.3.0

 Start time: Fri May 28 10:56:59 2021

 Data directory: /newhome/zw18965/.local/qcore/share/entos/1.3.0/data
 Number of threads: 16
 Number of threads was determined by: number of physical cores

 --------------------------------------------------------------------------------
                                   command: dft                                  
 --------------------------------------------------------------------------------
 AO basis set:                           aug-cc-pvqz-combined-pp
 Number of AO basis functions:         135
 ECP on atom 1 (Zr):                     28 electrons

 Formula:                                Zr
 Nuclear charge:                        40.000000000
 Total charge:                           0.000000000
 Number of core electrons:              28
 Number of treated electrons:           12

 Number of alpha electrons:              7
 Number of beta electrons:               5
 Number of unpaired electrons:           2
 Spin:                                   2
 Multiplicity:                           triplet

 Theory:                                 dft
 Exchange-correlation functional:        blyp
 Method for Coulomb:                     incore_df
 Integral threshold:                     1.00e-12
 DF basis set:                           def2-universal-jkfit
 Number of DF basis functions:         255
 Schwarz screening threshold:            1.00e-10
 Coulomb fitting method:                 Cholesky
 Total number of grid points:         8186
 Method for AO orthogonalization:        symmetric
 Threshold for linear dependence:        1.00e-08

 -------------------------------------
  Running unrestricted open-shell SCF 
 -------------------------------------
 Max number of iterations:             128
 Conv. threshold (gradient):             1.00e-05
 Conv. threshold (energy):               1.00e-06
 Interpolation scheme:                   adiis+cdiis
 Initial guess:                          H0

 ---------------------------------------------------------------
                  energy        change          grad        time
 ---------------------------------------------------------------
   0       -41.137396446                    2.14e+00        0.03
   1       -35.530052245      5.61e+00      3.38e+00        0.03
   2       -42.773999463     -7.24e+00      1.86e+00        0.03
   3       -46.417932086     -3.64e+00      8.54e-01        0.03
   4       -45.997946451      4.20e-01      1.02e+00        0.03
   5       -46.698277407     -7.00e-01      1.98e-01        0.03
   6       -46.665443402      3.28e-02      3.70e-01        0.03
   7       -46.716431500     -5.10e-02      1.53e-01        0.03
   8       -46.716018988      4.13e-04      1.12e-01        0.03
   9       -46.723426017     -7.41e-03      3.70e-02        0.03
  10       -46.724160244     -7.34e-04      4.24e-02        0.04
  11       -46.724987217     -8.27e-04      2.28e-02        0.03
  12       -46.725758892     -7.72e-04      1.89e-02        0.03
  13       -46.726192960     -4.34e-04      1.21e-02        0.03
  14       -46.726226991     -3.40e-05      6.34e-03        0.03
  15       -46.726258824     -3.18e-05      3.57e-03        0.03
  16       -46.726285377     -2.66e-05      1.26e-03        0.03
  17       -46.726292970     -7.59e-06      9.50e-04        0.03
  18       -46.726298755     -5.78e-06      1.41e-03        0.03
  19       -46.726304660     -5.91e-06      4.21e-04        0.03
  20       -46.726306058     -1.40e-06      4.20e-04        0.03
  21       -46.726306220     -1.62e-07      1.48e-04        0.03
  22       -46.726306235     -1.51e-08      1.34e-04        0.03
  23       -46.726306246     -1.14e-08      6.84e-05        0.03
  24       -46.726306274     -2.77e-08      6.11e-05        0.03
  25       -46.726306289     -1.56e-08      5.03e-05        0.03
  26       -46.726306331     -4.12e-08      2.67e-05        0.03
  27       -46.726306335     -4.27e-09      1.59e-05        0.03
  28       -46.726306335     -4.04e-10      1.16e-05        0.03
  29       -46.726306336     -1.95e-10      9.34e-06        0.03

 SCF converged in 29 iterations.

 Dipole moment (in Debye):               0.000000       0.000001      -0.000002

 Quadrupole moment (in Debye-Angstrom):
                  1            2            3
 1       -27.589270     0.000175    -0.000132
 2         0.000175   -27.590624     0.000040
 3        -0.000132     0.000040   -27.589910

 Spin-squared expectation <S^2>:         2.004
 Total spin quantum number S:            1.001
 TOTAL ENERGY:                         -46.726306336
 Saving results in set 'guess'

 --------------------------------------------------------------------------------
                                   command: hf                                   
 --------------------------------------------------------------------------------
 AO basis set:                           aug-cc-pvqz-combined-pp
 Number of AO basis functions:         135
 ECP on atom 1 (Zr):                     28 electrons

 Formula:                                Zr
 Nuclear charge:                        40.000000000
 Total charge:                           0.000000000
 Number of core electrons:              28
 Number of treated electrons:           12

 Number of alpha electrons:              7
 Number of beta electrons:               5
 Number of unpaired electrons:           2
 Spin:                                   2
 Multiplicity:                           triplet

 Theory:                                 hf
 Method for Coulomb:                     incore_df
 Method for exact exchange:              pre_transformed_df
 Integral threshold:                     1.00e-12
 DF basis set:                           def2-universal-jkfit
 Number of DF basis functions:         255
 Schwarz screening threshold:            1.00e-10
 Coulomb fitting method:                 Cholesky
 Method for AO orthogonalization:        symmetric
 Threshold for linear dependence:        1.00e-08

 -------------------------------------
  Running unrestricted open-shell SCF 
 -------------------------------------
 Max number of iterations:             128
 Conv. threshold (gradient):             1.00e-05
 Conv. threshold (energy):               1.00e-06
 Interpolation scheme:                   adiis+cdiis

 ---------------------------------------------------------------
                  energy        change          grad        time
 ---------------------------------------------------------------
   0       -46.295527947                    2.31e-01        0.01
   1       -46.304547056     -9.02e-03      4.45e-02        0.01
   2       -46.306015964     -1.47e-03      1.97e-02        0.01
   3       -46.306419659     -4.04e-04      5.26e-03        0.01
   4       -46.306452703     -3.30e-05      1.20e-03        0.01
   5       -46.306455508     -2.80e-06      2.33e-04        0.01
   6       -46.306455641     -1.33e-07      8.75e-05        0.01
   7       -46.306455658     -1.69e-08      3.48e-05        0.01
   8       -46.306455660     -2.26e-09      3.16e-05        0.01
   9       -46.306455662     -1.88e-09      2.89e-05        0.01
  10       -46.306455670     -8.40e-09      8.26e-06        0.01

 SCF converged in 10 iterations.

 Dipole moment (in Debye):              -0.000000      -0.000001       0.000002

 Quadrupole moment (in Debye-Angstrom):
                  1            2            3
 1       -28.967985    -0.000012     0.000007
 2        -0.000012   -28.967908    -0.000007
 3         0.000007    -0.000007   -28.967950

 Spin-squared expectation <S^2>:         2.017
 Total spin quantum number S:            1.006
 TOTAL ENERGY:                         -46.306455670
 Saving results in set 'HF'

 --------------------------------------------------------------------------------
                                command: unsoldw12                               
 --------------------------------------------------------------------------------
 Number of AO basis functions:         135

 DF basis set:                           def2-qzvppd-ri
 Number of DF basis functions:         252


 --------------------------
  Virtual UW12 Correlation 
 --------------------------
 Unrestricted MP2 calculation:           
 Core spatial orbitals:                  0
 Correlated alpha orbitals:              7
 Correlated beta orbitals:               5
 Virtual alpha orbitals:               128
 Virtual beta orbitals:                130

 Opposite spin energy:                  -0.056849382

 Reference energy:                     -46.306455670
 UW12 correlation energy:               -0.056849382
 Total UW12 energy:                    -46.363305053

 --------------------------------------------------------------------------------

 End time:                               Fri May 28 10:57:10 2021
 Total wall-clock time:                 10.121 seconds
==================================================================================
