
================================================================================
          _____________ ________ _______________ ________     _________         
         / ___________// ______ \\_____   _____// ______ \   / ________)        
        / /_________  / /      \ \     | |     / /      \ \ | (_______          
       |  __________|| |        | |    | |    | |        | | \________ \        
        \ \_________ | |        | |    | |     \ \______/ /___________) |       
         \__________||_|        |_|    |_|      \________//____________/        
                                                                                
====================================[ Qcore ]===================================

 Git hash:   6a88d58d269bf0d2ccfae91583c23a2b072b7633
 Git date:   Tue, 25 May 2021 10:36:49 +0100
 Compiler:   GNU 9.1.0
 Build type: Release
 Version:    1.3.0

 Start time: Fri May 28 11:01:30 2021

 Data directory: /newhome/zw18965/.local/qcore/share/entos/1.3.0/data
 Number of threads: 16
 Number of threads was determined by: number of physical cores

 --------------------------------------------------------------------------------
                                   command: dft                                  
 --------------------------------------------------------------------------------
 AO basis set:                           aug-cc-pvqz-combined-pp
 Number of AO basis functions:         135
 ECP on atom 1 (Tc):                     28 electrons

 Formula:                                Tc
 Nuclear charge:                        43.000000000
 Total charge:                           0.000000000
 Number of core electrons:              28
 Number of treated electrons:           15

 Number of alpha electrons:             10
 Number of beta electrons:               5
 Number of unpaired electrons:           5
 Spin:                                   5
 Multiplicity:                           septet

 Theory:                                 dft
 Exchange-correlation functional:        blyp
 Method for Coulomb:                     incore_df
 Integral threshold:                     1.00e-12
 DF basis set:                           def2-universal-jkfit
 Number of DF basis functions:         255
 Schwarz screening threshold:            1.00e-10
 Coulomb fitting method:                 Cholesky
 Total number of grid points:         8354
 Method for AO orthogonalization:        symmetric
 Threshold for linear dependence:        1.00e-08

 -------------------------------------
  Running unrestricted open-shell SCF 
 -------------------------------------
 Max number of iterations:             128
 Conv. threshold (gradient):             1.00e-05
 Conv. threshold (energy):               1.00e-06
 Interpolation scheme:                   adiis+cdiis
 Initial guess:                          H0

 ---------------------------------------------------------------
                  energy        change          grad        time
 ---------------------------------------------------------------
   0       -68.166554810                    3.93e+00        0.03
   1       -47.207653605      2.10e+01      5.72e+00        0.03
   2       -72.043807284     -2.48e+01      3.29e+00        0.03
   3       -79.318556095     -7.27e+00      1.33e+00        0.03
   4       -79.263269326      5.53e-02      1.37e+00        0.03
   5       -80.379955773     -1.12e+00      2.01e-01        0.03
   6       -80.273386705      1.07e-01      4.19e-01        0.03
   7       -80.368746922     -9.54e-02      2.29e-01        0.04
   8       -80.401864101     -3.31e-02      6.16e-02        0.03
   9       -80.400179261      1.68e-03      7.02e-02        0.04
  10       -80.402638704     -2.46e-03      1.24e-02        0.03
  11       -80.402622419      1.63e-05      1.08e-02        0.03
  12       -80.402631905     -9.49e-06      9.89e-03        0.03
  13       -80.402630172      1.73e-06      9.75e-03        0.03
  14       -80.402667254     -3.71e-05      3.22e-03        0.03
  15       -80.402671985     -4.73e-06      6.32e-04        0.03
  16       -80.402672009     -2.34e-08      5.20e-04        0.03
  17       -80.402672041     -3.21e-08      2.65e-04        0.03
  18       -80.402672067     -2.66e-08      6.87e-05        0.03
  19       -80.402672069     -1.86e-09      4.60e-06        0.04

 SCF converged in 19 iterations.

 Dipole moment (in Debye):               0.000000      -0.000000      -0.000000

 Quadrupole moment (in Debye-Angstrom):
                  1            2            3
 1       -23.455104    -1.252968     0.840910
 2        -1.252968   -24.152150    -0.638842
 3         0.840910    -0.638842   -24.675777

 Spin-squared expectation <S^2>:         8.758
 Total spin quantum number S:            2.501
 TOTAL ENERGY:                         -80.402672069
 Saving results in set 'guess'

 --------------------------------------------------------------------------------
                                   command: hf                                   
 --------------------------------------------------------------------------------
 AO basis set:                           aug-cc-pvqz-combined-pp
 Number of AO basis functions:         135
 ECP on atom 1 (Tc):                     28 electrons

 Formula:                                Tc
 Nuclear charge:                        43.000000000
 Total charge:                           0.000000000
 Number of core electrons:              28
 Number of treated electrons:           15

 Number of alpha electrons:             10
 Number of beta electrons:               5
 Number of unpaired electrons:           5
 Spin:                                   5
 Multiplicity:                           septet

 Theory:                                 hf
 Method for Coulomb:                     incore_df
 Method for exact exchange:              pre_transformed_df
 Integral threshold:                     1.00e-12
 DF basis set:                           def2-universal-jkfit
 Number of DF basis functions:         255
 Schwarz screening threshold:            1.00e-10
 Coulomb fitting method:                 Cholesky
 Method for AO orthogonalization:        symmetric
 Threshold for linear dependence:        1.00e-08

 -------------------------------------
  Running unrestricted open-shell SCF 
 -------------------------------------
 Max number of iterations:             128
 Conv. threshold (gradient):             1.00e-05
 Conv. threshold (energy):               1.00e-06
 Interpolation scheme:                   adiis+cdiis

 ---------------------------------------------------------------
                  energy        change          grad        time
 ---------------------------------------------------------------
   0       -79.815835038                    1.43e-01        0.01
   1       -79.827348983     -1.15e-02      4.30e-02        0.02
   2       -79.830581059     -3.23e-03      4.12e-02        0.02
   3       -79.833865064     -3.28e-03      4.05e-02        0.02
   4       -79.839295257     -5.43e-03      3.73e-02        0.02
   5       -79.847522886     -8.23e-03      2.40e-02        0.02
   6       -79.840963984      6.56e-03      4.11e-02        0.02
   7       -79.849095796     -8.13e-03      1.06e-02        0.02
   8       -79.849484792     -3.89e-04      9.65e-03        0.02
   9       -79.849515922     -3.11e-05      5.38e-03        0.02
  10       -79.849529074     -1.32e-05      1.48e-03        0.02
  11       -79.849529939     -8.64e-07      4.01e-04        0.02
  12       -79.849530037     -9.85e-08      1.78e-05        0.02
  13       -79.849530037     -3.34e-10      1.99e-05        0.02
  14       -79.849530038     -2.21e-10      1.33e-06        0.02

 SCF converged in 14 iterations.

 Dipole moment (in Debye):               0.000000      -0.000000      -0.000000

 Quadrupole moment (in Debye-Angstrom):
                  1            2            3
 1       -26.257187     0.000003    -0.000001
 2         0.000003   -26.257186     0.000001
 3        -0.000001     0.000001   -26.257186

 Spin-squared expectation <S^2>:         8.791
 Total spin quantum number S:            2.507
 TOTAL ENERGY:                         -79.849530038
 Saving results in set 'HF'

 --------------------------------------------------------------------------------
                                command: unsoldw12                               
 --------------------------------------------------------------------------------
 Number of AO basis functions:         135

 DF basis set:                           def2-qzvppd-ri
 Number of DF basis functions:         252


 --------------------------
  Virtual UW12 Correlation 
 --------------------------
 Unrestricted MP2 calculation:           
 Core spatial orbitals:                  0
 Correlated alpha orbitals:             10
 Correlated beta orbitals:               5
 Virtual alpha orbitals:               125
 Virtual beta orbitals:                130

 Opposite spin energy:                  -0.071058855

 Reference energy:                     -79.849530038
 UW12 correlation energy:               -0.071058855
 Total UW12 energy:                    -79.920588892

 --------------------------------------------------------------------------------

 End time:                               Fri May 28 11:01:39 2021
 Total wall-clock time:                  9.591 seconds
==================================================================================
