
================================================================================
          _____________ ________ _______________ ________     _________         
         / ___________// ______ \\_____   _____// ______ \   / ________)        
        / /_________  / /      \ \     | |     / /      \ \ | (_______          
       |  __________|| |        | |    | |    | |        | | \________ \        
        \ \_________ | |        | |    | |     \ \______/ /___________) |       
         \__________||_|        |_|    |_|      \________//____________/        
                                                                                
====================================[ Qcore ]===================================

 Git hash:   6a88d58d269bf0d2ccfae91583c23a2b072b7633
 Git date:   Tue, 25 May 2021 10:36:49 +0100
 Compiler:   GNU 9.1.0
 Build type: Release
 Version:    1.3.0

 Start time: Fri May 28 10:57:44 2021

 Data directory: /newhome/zw18965/.local/qcore/share/entos/1.3.0/data
 Number of threads: 16
 Number of threads was determined by: number of physical cores

 --------------------------------------------------------------------------------
                                   command: hf                                   
 --------------------------------------------------------------------------------
 AO basis set:                           aug-cc-pvqz-combined-pp
 Number of AO basis functions:         135
 ECP on atom 1 (Ag):                     28 electrons

 Formula:                                Ag
 Nuclear charge:                        47.000000000
 Total charge:                           0.000000000
 Number of core electrons:              28
 Number of treated electrons:           19

 Number of alpha electrons:             10
 Number of beta electrons:               9
 Number of unpaired electrons:           1
 Spin:                                   1
 Multiplicity:                           doublet

 Theory:                                 hf
 Method for Coulomb:                     incore_df
 Method for exact exchange:              pre_transformed_df
 Integral threshold:                     1.00e-12
 DF basis set:                           def2-universal-jkfit
 Number of DF basis functions:         255
 Schwarz screening threshold:            1.00e-10
 Coulomb fitting method:                 Cholesky
 Method for AO orthogonalization:        symmetric
 Threshold for linear dependence:        1.00e-08

 -------------------------------------
  Running unrestricted open-shell SCF 
 -------------------------------------
 Max number of iterations:             128
 Conv. threshold (gradient):             1.00e-05
 Conv. threshold (energy):               1.00e-06
 Interpolation scheme:                   adiis+cdiis
 Initial guess:                          H0

 ---------------------------------------------------------------
                  energy        change          grad        time
 ---------------------------------------------------------------
   0      -122.448977370                    4.97e+00        0.01
   1      -109.060373470      1.34e+01      5.33e+00        0.01
   2      -135.792634036     -2.67e+01      3.38e+00        0.01
   3      -145.762171472     -9.97e+00      6.57e-01        0.01
   4      -145.946871913     -1.85e-01      2.96e-01        0.01
   5      -146.013336631     -6.65e-02      1.85e-01        0.02
   6      -146.049783113     -3.64e-02      6.87e-02        0.02
   7      -146.052537974     -2.75e-03      5.06e-02        0.02
   8      -146.055745716     -3.21e-03      1.71e-03        0.02
   9      -146.055751493     -5.78e-06      2.62e-04        0.01
  10      -146.055751767     -2.74e-07      8.10e-05        0.02
  11      -146.055751775     -8.04e-09      3.76e-05        0.02
  12      -146.055751776     -1.25e-09      1.78e-05        0.02
  13      -146.055751777     -2.94e-10      4.31e-06        0.02

 SCF converged in 13 iterations.

 Dipole moment (in Debye):              -0.000000       0.000000      -0.000000

 Quadrupole moment (in Debye-Angstrom):
                  1            2            3
 1       -20.804393    -0.000000    -0.000000
 2        -0.000000   -20.804394    -0.000000
 3        -0.000000    -0.000000   -20.804393

 Spin-squared expectation <S^2>:         0.752
 Total spin quantum number S:            0.501
 TOTAL ENERGY:                        -146.055751777
 Saving results in set 'HF'

 --------------------------------------------------------------------------------
                                command: unsoldw12                               
 --------------------------------------------------------------------------------
 Number of AO basis functions:         135

 DF basis set:                           def2-qzvppd-ri
 Number of DF basis functions:         252


 --------------------------
  Virtual UW12 Correlation 
 --------------------------
 Unrestricted MP2 calculation:           
 Core spatial orbitals:                  0
 Correlated alpha orbitals:             10
 Correlated beta orbitals:               9
 Virtual alpha orbitals:               125
 Virtual beta orbitals:                126

 Opposite spin energy:                  -0.109425818

 Reference energy:                    -146.055751777
 UW12 correlation energy:               -0.109425818
 Total UW12 energy:                   -146.165177595

 --------------------------------------------------------------------------------

 End time:                               Fri May 28 10:57:52 2021
 Total wall-clock time:                  8.468 seconds
==================================================================================
