
================================================================================
          _____________ ________ _______________ ________     _________         
         / ___________// ______ \\_____   _____// ______ \   / ________)        
        / /_________  / /      \ \     | |     / /      \ \ | (_______          
       |  __________|| |        | |    | |    | |        | | \________ \        
        \ \_________ | |        | |    | |     \ \______/ /___________) |       
         \__________||_|        |_|    |_|      \________//____________/        
                                                                                
====================================[ Qcore ]===================================

 Git hash:   6a88d58d269bf0d2ccfae91583c23a2b072b7633
 Git date:   Tue, 25 May 2021 10:36:49 +0100
 Compiler:   GNU 9.1.0
 Build type: Release
 Version:    1.3.0

 Start time: Fri May 28 10:58:08 2021

 Data directory: /newhome/zw18965/.local/qcore/share/entos/1.3.0/data
 Number of threads: 16
 Number of threads was determined by: number of physical cores

 --------------------------------------------------------------------------------
                                   command: hf                                   
 --------------------------------------------------------------------------------
 AO basis set:                           aug-cc-pvqz-combined-pp
 Number of AO basis functions:          92
 ECP on atom 1 (Sn):                     28 electrons

 Formula:                                Sn
 Nuclear charge:                        50.000000000
 Total charge:                           0.000000000
 Number of core electrons:              28
 Number of treated electrons:           22

 Number of alpha electrons:             12
 Number of beta electrons:              10
 Number of unpaired electrons:           2
 Spin:                                   2
 Multiplicity:                           triplet

 Theory:                                 hf
 Method for Coulomb:                     incore_df
 Method for exact exchange:              pre_transformed_df
 Integral threshold:                     1.00e-12
 DF basis set:                           def2-universal-jkfit
 Number of DF basis functions:         218
 Schwarz screening threshold:            1.00e-10
 Coulomb fitting method:                 Cholesky
 Method for AO orthogonalization:        symmetric
 Threshold for linear dependence:        1.00e-08

 -------------------------------------
  Running unrestricted open-shell SCF 
 -------------------------------------
 Max number of iterations:             128
 Conv. threshold (gradient):             1.00e-05
 Conv. threshold (energy):               1.00e-06
 Interpolation scheme:                   adiis+cdiis
 Initial guess:                          H0

 ---------------------------------------------------------------
                  energy        change          grad        time
 ---------------------------------------------------------------
   0      -201.590902283                    4.00e+00        0.00
   1      -160.066485044      4.15e+01      4.29e+00        0.01
   2      -205.490082543     -4.54e+01      3.27e+00        0.01
   3      -212.868659967     -7.38e+00      6.79e-01        0.01
   4      -213.239247388     -3.71e-01      4.31e-01        0.01
   5      -213.318749056     -7.95e-02      1.46e-01        0.01
   6      -213.336252148     -1.75e-02      7.91e-02        0.01
   7      -213.339695789     -3.44e-03      3.28e-02        0.01
   8      -213.340580308     -8.85e-04      1.94e-03        0.01
   9      -213.340582788     -2.48e-06      2.63e-04        0.01
  10      -213.340582822     -3.35e-08      3.62e-05        0.01
  11      -213.340582823     -1.23e-09      5.20e-06        0.01

 SCF converged in 11 iterations.

 Dipole moment (in Debye):               0.000000      -0.000000      -0.000000

 Quadrupole moment (in Debye-Angstrom):
                  1            2            3
 1       -28.585969    -0.048733    -0.248940
 2        -0.048733   -28.352598     1.242013
 3        -0.248940     1.242013   -22.251212

 Spin-squared expectation <S^2>:         2.012
 Total spin quantum number S:            1.004
 TOTAL ENERGY:                        -213.340582823
 Saving results in set 'HF'

 --------------------------------------------------------------------------------
                                command: unsoldw12                               
 --------------------------------------------------------------------------------
 Number of AO basis functions:          92

 DF basis set:                           def2-qzvppd-ri
 Number of DF basis functions:         292


 --------------------------
  Virtual UW12 Correlation 
 --------------------------
 Unrestricted MP2 calculation:           
 Core spatial orbitals:                  4
 Correlated alpha orbitals:              8
 Correlated beta orbitals:               6
 Virtual alpha orbitals:                80
 Virtual beta orbitals:                 82

 Opposite spin energy:                  -0.040362058

 Reference energy:                    -213.340582823
 UW12 correlation energy:               -0.040362058
 Total UW12 energy:                   -213.380944881

 --------------------------------------------------------------------------------

 End time:                               Fri May 28 10:58:16 2021
 Total wall-clock time:                  8.172 seconds
==================================================================================
