
================================================================================
          _____________ ________ _______________ ________     _________         
         / ___________// ______ \\_____   _____// ______ \   / ________)        
        / /_________  / /      \ \     | |     / /      \ \ | (_______          
       |  __________|| |        | |    | |    | |        | | \________ \        
        \ \_________ | |        | |    | |     \ \______/ /___________) |       
         \__________||_|        |_|    |_|      \________//____________/        
                                                                                
====================================[ Qcore ]===================================

 Git hash:   6a88d58d269bf0d2ccfae91583c23a2b072b7633
 Git date:   Tue, 25 May 2021 10:36:49 +0100
 Compiler:   GNU 9.1.0
 Build type: Release
 Version:    1.3.0

 Start time: Fri May 28 10:59:29 2021

 Data directory: /newhome/zw18965/.local/qcore/share/entos/1.3.0/data
 Number of threads: 16
 Number of threads was determined by: number of physical cores

 --------------------------------------------------------------------------------
                                   command: hf                                   
 --------------------------------------------------------------------------------
 AO basis set:                           aug-cc-pvqz-combined-pp
 Number of AO basis functions:         135
 ECP on atom 1 (Au):                     60 electrons

 Formula:                                Au
 Nuclear charge:                        79.000000000
 Total charge:                           0.000000000
 Number of core electrons:              60
 Number of treated electrons:           19

 Number of alpha electrons:             10
 Number of beta electrons:               9
 Number of unpaired electrons:           1
 Spin:                                   1
 Multiplicity:                           doublet

 Theory:                                 hf
 Method for Coulomb:                     incore_df
 Method for exact exchange:              pre_transformed_df
 Integral threshold:                     1.00e-12
 DF basis set:                           def2-universal-jkfit
 Number of DF basis functions:         247
 Schwarz screening threshold:            1.00e-10
 Coulomb fitting method:                 Cholesky
 Method for AO orthogonalization:        symmetric
 Threshold for linear dependence:        1.00e-08

 -------------------------------------
  Running unrestricted open-shell SCF 
 -------------------------------------
 Max number of iterations:             128
 Conv. threshold (gradient):             1.00e-05
 Conv. threshold (energy):               1.00e-06
 Interpolation scheme:                   adiis+cdiis
 Initial guess:                          H0

 ---------------------------------------------------------------
                  energy        change          grad        time
 ---------------------------------------------------------------
   0      -118.178968323                    3.96e+00        0.01
   1      -106.719706523      1.15e+01      3.18e+00        0.02
   2      -127.968472100     -2.12e+01      2.41e+00        0.01
   3      -134.599427062     -6.63e+00      5.19e-01        0.01
   4      -134.724802140     -1.25e-01      2.32e-01        0.01
   5      -134.756951691     -3.21e-02      1.30e-01        0.01
   6      -134.779374134     -2.24e-02      4.84e-02        0.02
   7      -134.780759980     -1.39e-03      2.63e-02        0.02
   8      -134.781796773     -1.04e-03      8.83e-04        0.01
   9      -134.781797730     -9.57e-07      2.87e-04        0.01
  10      -134.781797843     -1.13e-07      1.82e-04        0.01
  11      -134.781797910     -6.75e-08      7.48e-05        0.01
  12      -134.781797924     -1.33e-08      1.85e-05        0.01
  13      -134.781797924     -5.47e-10      1.59e-06        0.02

 SCF converged in 13 iterations.

 Dipole moment (in Debye):               0.000000      -0.000000       0.000000

 Quadrupole moment (in Debye-Angstrom):
                  1            2            3
 1       -23.046392    -0.000000    -0.000000
 2        -0.000000   -23.046393     0.000000
 3        -0.000000     0.000000   -23.046393

 Spin-squared expectation <S^2>:         0.753
 Total spin quantum number S:            0.501
 TOTAL ENERGY:                        -134.781797924
 Saving results in set 'HF'

 --------------------------------------------------------------------------------
                                command: unsoldw12                               
 --------------------------------------------------------------------------------
 Number of AO basis functions:         135

 DF basis set:                           def2-qzvppd-ri
 Number of DF basis functions:         252


 --------------------------
  Virtual UW12 Correlation 
 --------------------------
 Unrestricted MP2 calculation:           
 Core spatial orbitals:                  0
 Correlated alpha orbitals:             10
 Correlated beta orbitals:               9
 Virtual alpha orbitals:               125
 Virtual beta orbitals:                126

 Opposite spin energy:                  -0.131041087

 Reference energy:                    -134.781797924
 UW12 correlation energy:               -0.131041087
 Total UW12 energy:                   -134.912839012

 --------------------------------------------------------------------------------

 End time:                               Fri May 28 10:59:37 2021
 Total wall-clock time:                  7.933 seconds
==================================================================================
