
================================================================================
          _____________ ________ _______________ ________     _________         
         / ___________// ______ \\_____   _____// ______ \   / ________)        
        / /_________  / /      \ \     | |     / /      \ \ | (_______          
       |  __________|| |        | |    | |    | |        | | \________ \        
        \ \_________ | |        | |    | |     \ \______/ /___________) |       
         \__________||_|        |_|    |_|      \________//____________/        
                                                                                
====================================[ Qcore ]===================================

 Git hash:   6a88d58d269bf0d2ccfae91583c23a2b072b7633
 Git date:   Tue, 25 May 2021 10:36:49 +0100
 Compiler:   GNU 9.1.0
 Build type: Release
 Version:    1.3.0

 Start time: Fri May 28 11:00:05 2021

 Data directory: /newhome/zw18965/.local/qcore/share/entos/1.3.0/data
 Number of threads: 16
 Number of threads was determined by: number of physical cores

 --------------------------------------------------------------------------------
                                   command: hf                                   
 --------------------------------------------------------------------------------
 AO basis set:                           aug-cc-pvqz-combined-pp
 Number of AO basis functions:          92
 ECP on atom 1 (At):                     60 electrons

 Formula:                                At
 Nuclear charge:                        85.000000000
 Total charge:                           0.000000000
 Number of core electrons:              60
 Number of treated electrons:           25

 Number of alpha electrons:             13
 Number of beta electrons:              12
 Number of unpaired electrons:           1
 Spin:                                   1
 Multiplicity:                           doublet

 Theory:                                 hf
 Method for Coulomb:                     incore_df
 Method for exact exchange:              pre_transformed_df
 Integral threshold:                     1.00e-12
 DF basis set:                           def2-universal-jkfit
 Number of DF basis functions:         251
 Schwarz screening threshold:            1.00e-10
 Coulomb fitting method:                 Cholesky
 Method for AO orthogonalization:        symmetric
 Threshold for linear dependence:        1.00e-08

 -------------------------------------
  Running unrestricted open-shell SCF 
 -------------------------------------
 Max number of iterations:             128
 Conv. threshold (gradient):             1.00e-05
 Conv. threshold (energy):               1.00e-06
 Interpolation scheme:                   adiis+cdiis
 Initial guess:                          H0

 ---------------------------------------------------------------
                  energy        change          grad        time
 ---------------------------------------------------------------
   0      -242.674950399                    4.22e+00        0.01
   1      -197.426084296      4.52e+01      5.48e+00        0.01
   2      -249.923188472     -5.25e+01      3.55e+00        0.01
   3      -260.609075803     -1.07e+01      8.85e-01        0.01
   4      -261.213133827     -6.04e-01      5.53e-01        0.01
   5      -261.333631709     -1.20e-01      1.75e-01        0.01
   6      -261.356502690     -2.29e-02      9.28e-02        0.01
   7      -261.360416013     -3.91e-03      3.35e-02        0.01
   8      -261.361258990     -8.43e-04      7.69e-04        0.01
   9      -261.361259692     -7.02e-07      1.51e-04        0.01
  10      -261.361259726     -3.40e-08      2.66e-05        0.01
  11      -261.361259727     -1.22e-09      4.89e-06        0.01

 SCF converged in 11 iterations.

 Dipole moment (in Debye):              -0.000000      -0.000000      -0.000000

 Quadrupole moment (in Debye-Angstrom):
                  1            2            3
 1       -29.357074    -1.368778    -0.107999
 2        -1.368778   -32.187621     0.043682
 3        -0.107999     0.043682   -32.737797

 Spin-squared expectation <S^2>:         0.759
 Total spin quantum number S:            0.505
 TOTAL ENERGY:                        -261.361259727
 Saving results in set 'HF'

 --------------------------------------------------------------------------------
                                command: unsoldw12                               
 --------------------------------------------------------------------------------
 Number of AO basis functions:          92

 DF basis set:                           def2-qzvppd-ri
 Number of DF basis functions:         281


 --------------------------
  Virtual UW12 Correlation 
 --------------------------
 Unrestricted MP2 calculation:           
 Core spatial orbitals:                  4
 Correlated alpha orbitals:              9
 Correlated beta orbitals:               8
 Virtual alpha orbitals:                79
 Virtual beta orbitals:                 80

 Opposite spin energy:                  -0.080072440

 Reference energy:                    -261.361259727
 UW12 correlation energy:               -0.080072440
 Total UW12 energy:                   -261.441332167

 --------------------------------------------------------------------------------

 End time:                               Fri May 28 11:00:10 2021
 Total wall-clock time:                  5.042 seconds
==================================================================================
