
================================================================================
          _____________ ________ _______________ ________     _________         
         / ___________// ______ \\_____   _____// ______ \   / ________)        
        / /_________  / /      \ \     | |     / /      \ \ | (_______          
       |  __________|| |        | |    | |    | |        | | \________ \        
        \ \_________ | |        | |    | |     \ \______/ /___________) |       
         \__________||_|        |_|    |_|      \________//____________/        
                                                                                
====================================[ Qcore ]===================================

 Git hash:   6a88d58d269bf0d2ccfae91583c23a2b072b7633
 Git date:   Tue, 25 May 2021 10:36:49 +0100
 Compiler:   GNU 9.1.0
 Build type: Release
 Version:    1.3.0

 Start time: Wed Jun 16 16:47:05 2021

 Data directory: /newhome/zw18965/.local/qcore/share/entos/1.3.0/data
 Number of threads: 16
 Number of threads was determined by: number of physical cores

 --------------------------------------------------------------------------------
                                   command: hf                                   
 --------------------------------------------------------------------------------
 AO basis set:                           aug-cc-pvdz-combined-pp
 Number of AO basis functions:           9

 Formula:                                He
 Nuclear charge:                         2.000000000
 Total charge:                           0.000000000
 Number of electrons:                    2.000000000

 Number of alpha electrons:              1
 Number of beta electrons:               1
 Number of unpaired electrons:           0
 Spin:                                   0
 Multiplicity:                           singlet

 Theory:                                 hf
 Method for Coulomb:                     incore_df
 Method for exact exchange:              pre_transformed_df
 Integral threshold:                     1.00e-12
 DF basis set:                           def2-universal-jkfit
 Number of DF basis functions:          23
 Schwarz screening threshold:            1.00e-10
 Coulomb fitting method:                 Cholesky
 Method for AO orthogonalization:        symmetric
 Threshold for linear dependence:        1.00e-08

 -------------------------------------
  Running restricted closed-shell SCF 
 -------------------------------------
 Max number of iterations:             128
 Conv. threshold (gradient):             1.00e-05
 Conv. threshold (energy):               1.00e-06
 Interpolation scheme:                   adiis+cdiis
 Initial guess:                          H0

 ---------------------------------------------------------------
                  energy        change          grad        time
 ---------------------------------------------------------------
   0        -2.742645305                    8.31e-01        0.00
   1        -2.854621852     -1.12e-01      8.16e-02        0.00
   2        -2.855710067     -1.09e-03      8.26e-03        0.00
   3        -2.855733747     -2.37e-05      1.27e-03        0.00
   4        -2.855734254     -5.07e-07      3.96e-06        0.00

 SCF converged in 4 iterations.

 Dipole moment (in Debye):               0.000000       0.000000       0.000000

 Quadrupole moment (in Debye-Angstrom):
                  1            2            3
 1        -1.073577     0.000000     0.000000
 2         0.000000    -1.073577     0.000000
 3         0.000000     0.000000    -1.073577

 Spin-squared expectation <S^2>:         0.000
 Total spin quantum number S:            0.000
 TOTAL ENERGY:                          -2.855734254
 Saving results in set 'HF'

 --------------------------------------------------------------------------------
                                command: unsoldw12                               
 --------------------------------------------------------------------------------
 Number of AO basis functions:           9

 DF basis set:                           def2-qzvppd-ri
 Number of DF basis functions:          56


 --------------------------
  Virtual UW12 Correlation 
 --------------------------
 Restricted Virtual UW12 calculation:    
 Core orbitals:                          0
 Correlated orbitals:                    1
 Virtual orbitals:                       8

 Opposite spin energy:                  -0.004195726

 Reference energy:                      -2.855734254
 UW12 correlation energy:               -0.004195726
 Total UW12 energy:                     -2.859929980

 --------------------------------------------------------------------------------

 End time:                               Wed Jun 16 16:47:05 2021
 Total wall-clock time:                  0.061 seconds
==================================================================================
