
================================================================================
          _____________ ________ _______________ ________     _________         
         / ___________// ______ \\_____   _____// ______ \   / ________)        
        / /_________  / /      \ \     | |     / /      \ \ | (_______          
       |  __________|| |        | |    | |    | |        | | \________ \        
        \ \_________ | |        | |    | |     \ \______/ /___________) |       
         \__________||_|        |_|    |_|      \________//____________/        
                                                                                
====================================[ Qcore ]===================================

 Git hash:   6a88d58d269bf0d2ccfae91583c23a2b072b7633
 Git date:   Tue, 25 May 2021 10:36:49 +0100
 Compiler:   GNU 9.1.0
 Build type: Release
 Version:    1.3.0

 Start time: Wed Jun 16 16:48:06 2021

 Data directory: /newhome/zw18965/.local/qcore/share/entos/1.3.0/data
 Number of threads: 16
 Number of threads was determined by: number of physical cores

 --------------------------------------------------------------------------------
                                   command: hf                                   
 --------------------------------------------------------------------------------
 AO basis set:                           aug-cc-pvdz-combined-pp
 Number of AO basis functions:          59

 Formula:                                Cu
 Nuclear charge:                        29.000000000
 Total charge:                           0.000000000
 Number of electrons:                   29.000000000

 Number of alpha electrons:             15
 Number of beta electrons:              14
 Number of unpaired electrons:           1
 Spin:                                   1
 Multiplicity:                           doublet

 Theory:                                 hf
 Method for Coulomb:                     incore_df
 Method for exact exchange:              pre_transformed_df
 Integral threshold:                     1.00e-12
 DF basis set:                           def2-universal-jkfit
 Number of DF basis functions:         264
 Schwarz screening threshold:            1.00e-10
 Coulomb fitting method:                 Cholesky
 Method for AO orthogonalization:        symmetric
 Threshold for linear dependence:        1.00e-08

 -------------------------------------
  Running unrestricted open-shell SCF 
 -------------------------------------
 Max number of iterations:             128
 Conv. threshold (gradient):             1.00e-05
 Conv. threshold (energy):               1.00e-06
 Interpolation scheme:                   adiis+cdiis
 Initial guess:                          H0

 ---------------------------------------------------------------
                  energy        change          grad        time
 ---------------------------------------------------------------
   0     -1603.417329379                    3.17e+00        0.01
   1     -1544.835702187      5.86e+01      1.49e+01        0.01
   2     -1619.549159132     -7.47e+01      2.62e+00        0.01
   3     -1635.827388874     -1.63e+01      2.32e+00        0.01
   4     -1635.858091893     -3.07e-02      1.39e+00        0.01
   5     -1638.905660947     -3.05e+00      2.53e-01        0.01
   6     -1638.892205696      1.35e-02      2.42e-01        0.01
   7     -1638.959929517     -6.77e-02      5.11e-02        0.01
   8     -1638.961396548     -1.47e-03      2.38e-02        0.01
   9     -1638.962184674     -7.88e-04      1.81e-03        0.01
  10     -1638.962190941     -6.27e-06      2.61e-04        0.01
  11     -1638.962191227     -2.86e-07      1.57e-04        0.01
  12     -1638.962191271     -4.49e-08      8.77e-05        0.01
  13     -1638.962191280     -8.27e-09      3.07e-05        0.01
  14     -1638.962191281     -1.49e-09      1.25e-05        0.01
  15     -1638.962191282     -3.30e-10      1.59e-06        0.01

 SCF converged in 15 iterations.

 Dipole moment (in Debye):               0.000000      -0.000000      -0.000000

 Quadrupole moment (in Debye-Angstrom):
                  1            2            3
 1       -14.416428    -0.000000     0.000000
 2        -0.000000   -14.416427     0.000000
 3         0.000000     0.000000   -14.416427

 Spin-squared expectation <S^2>:         0.752
 Total spin quantum number S:            0.501
 TOTAL ENERGY:                       -1638.962191282
 Saving results in set 'HF'

 --------------------------------------------------------------------------------
                                command: unsoldw12                               
 --------------------------------------------------------------------------------
 Number of AO basis functions:          59

 DF basis set:                           def2-qzvppd-ri
 Number of DF basis functions:         316


 --------------------------
  Virtual UW12 Correlation 
 --------------------------
 Unrestricted MP2 calculation:           
 Core spatial orbitals:                  5
 Correlated alpha orbitals:             10
 Correlated beta orbitals:               9
 Virtual alpha orbitals:                44
 Virtual beta orbitals:                 45

 Opposite spin energy:                  -0.070964786

 Reference energy:                   -1638.962191282
 UW12 correlation energy:               -0.070964786
 Total UW12 energy:                  -1639.033156067

 --------------------------------------------------------------------------------

 End time:                               Wed Jun 16 16:48:09 2021
 Total wall-clock time:                  3.170 seconds
==================================================================================
