
================================================================================
          _____________ ________ _______________ ________     _________         
         / ___________// ______ \\_____   _____// ______ \   / ________)        
        / /_________  / /      \ \     | |     / /      \ \ | (_______          
       |  __________|| |        | |    | |    | |        | | \________ \        
        \ \_________ | |        | |    | |     \ \______/ /___________) |       
         \__________||_|        |_|    |_|      \________//____________/        
                                                                                
====================================[ Qcore ]===================================

 Git hash:   6a88d58d269bf0d2ccfae91583c23a2b072b7633
 Git date:   Tue, 25 May 2021 10:36:49 +0100
 Compiler:   GNU 9.1.0
 Build type: Release
 Version:    1.3.0

 Start time: Wed Jun 16 16:48:17 2021

 Data directory: /newhome/zw18965/.local/qcore/share/entos/1.3.0/data
 Number of threads: 16
 Number of threads was determined by: number of physical cores

 --------------------------------------------------------------------------------
                                   command: hf                                   
 --------------------------------------------------------------------------------
 AO basis set:                           aug-cc-pvdz-combined-pp
 Number of AO basis functions:          36

 Formula:                                Kr
 Nuclear charge:                        36.000000000
 Total charge:                           0.000000000
 Number of electrons:                   36.000000000

 Number of alpha electrons:             18
 Number of beta electrons:              18
 Number of unpaired electrons:           0
 Spin:                                   0
 Multiplicity:                           singlet

 Theory:                                 hf
 Method for Coulomb:                     incore_df
 Method for exact exchange:              pre_transformed_df
 Integral threshold:                     1.00e-12
 DF basis set:                           def2-universal-jkfit
 Number of DF basis functions:         266
 Schwarz screening threshold:            1.00e-10
 Coulomb fitting method:                 Cholesky
 Method for AO orthogonalization:        symmetric
 Threshold for linear dependence:        1.00e-08

 -------------------------------------
  Running restricted closed-shell SCF 
 -------------------------------------
 Max number of iterations:             128
 Conv. threshold (gradient):             1.00e-05
 Conv. threshold (energy):               1.00e-06
 Interpolation scheme:                   adiis+cdiis
 Initial guess:                          H0

 ---------------------------------------------------------------
                  energy        change          grad        time
 ---------------------------------------------------------------
   0     -2746.091372589                    2.29e+00        0.00
   1     -2750.772432592     -4.68e+00      1.56e+00        0.00
   2     -2751.827685587     -1.06e+00      6.27e-01        0.00
   3     -2751.966659092     -1.39e-01      1.51e-01        0.00
   4     -2751.976906640     -1.02e-02      5.08e-02        0.00
   5     -2751.977674089     -7.67e-04      1.11e-02        0.00
   6     -2751.977733564     -5.95e-05      8.97e-05        0.00
   7     -2751.977733572     -8.58e-09      6.82e-06        0.00

 SCF converged in 7 iterations.

 Dipole moment (in Debye):              -0.000000       0.000000       0.000000

 Quadrupole moment (in Debye-Angstrom):
                  1            2            3
 1       -17.769331    -0.000000    -0.000000
 2        -0.000000   -17.769331     0.000000
 3        -0.000000     0.000000   -17.769331

 Spin-squared expectation <S^2>:         0.000
 Total spin quantum number S:            0.000
 TOTAL ENERGY:                       -2751.977733572
 Saving results in set 'HF'

 --------------------------------------------------------------------------------
                                command: unsoldw12                               
 --------------------------------------------------------------------------------
 Number of AO basis functions:          36

 DF basis set:                           def2-qzvppd-ri
 Number of DF basis functions:         314


 --------------------------
  Virtual UW12 Correlation 
 --------------------------
 Restricted Virtual UW12 calculation:    
 Core orbitals:                          9
 Correlated orbitals:                    9
 Virtual orbitals:                      18

 Opposite spin energy:                  -0.031414347

 Reference energy:                   -2751.977733572
 UW12 correlation energy:               -0.031414347
 Total UW12 energy:                  -2752.009147919

 --------------------------------------------------------------------------------

 End time:                               Wed Jun 16 16:48:18 2021
 Total wall-clock time:                  0.716 seconds
==================================================================================
