
================================================================================
          _____________ ________ _______________ ________     _________         
         / ___________// ______ \\_____   _____// ______ \   / ________)        
        / /_________  / /      \ \     | |     / /      \ \ | (_______          
       |  __________|| |        | |    | |    | |        | | \________ \        
        \ \_________ | |        | |    | |     \ \______/ /___________) |       
         \__________||_|        |_|    |_|      \________//____________/        
                                                                                
====================================[ Qcore ]===================================

 Git hash:   6a88d58d269bf0d2ccfae91583c23a2b072b7633
 Git date:   Tue, 25 May 2021 10:36:49 +0100
 Compiler:   GNU 9.1.0
 Build type: Release
 Version:    1.3.0

 Start time: Wed Jun 16 16:48:20 2021

 Data directory: /newhome/zw18965/.local/qcore/share/entos/1.3.0/data
 Number of threads: 16
 Number of threads was determined by: number of physical cores

 --------------------------------------------------------------------------------
                                   command: hf                                   
 --------------------------------------------------------------------------------
 AO basis set:                           aug-cc-pvdz-combined-pp
 Number of AO basis functions:          54
 ECP on atom 1 (Nb):                     28 electrons

 Formula:                                Nb
 Nuclear charge:                        41.000000000
 Total charge:                           0.000000000
 Number of core electrons:              28
 Number of treated electrons:           13

 Number of alpha electrons:              9
 Number of beta electrons:               4
 Number of unpaired electrons:           5
 Spin:                                   5
 Multiplicity:                           septet

 Theory:                                 hf
 Method for Coulomb:                     incore_df
 Method for exact exchange:              pre_transformed_df
 Integral threshold:                     1.00e-12
 DF basis set:                           def2-universal-jkfit
 Number of DF basis functions:         255
 Schwarz screening threshold:            1.00e-10
 Coulomb fitting method:                 Cholesky
 Method for AO orthogonalization:        symmetric
 Threshold for linear dependence:        1.00e-08

 -------------------------------------
  Running unrestricted open-shell SCF 
 -------------------------------------
 Max number of iterations:             128
 Conv. threshold (gradient):             1.00e-05
 Conv. threshold (energy):               1.00e-06
 Interpolation scheme:                   adiis+cdiis
 Initial guess:                          H0

 ---------------------------------------------------------------
                  energy        change          grad        time
 ---------------------------------------------------------------
   0       -52.927295380                    1.22e+00        0.01
   1       -52.288980474      6.38e-01      8.64e-01        0.00
   2       -54.985086889     -2.70e+00      5.29e-01        0.00
   3       -56.065768681     -1.08e+00      1.10e-01        0.00
   4       -56.084847495     -1.91e-02      2.73e-02        0.00
   5       -56.086693640     -1.85e-03      1.17e-02        0.00
   6       -56.086899415     -2.06e-04      2.13e-03        0.00
   7       -56.086911664     -1.22e-05      1.42e-03        0.00
   8       -56.086915314     -3.65e-06      1.46e-03        0.00
   9       -56.086905300      1.00e-05      7.53e-04        0.00
  10       -56.086903568      1.73e-06      1.05e-04        0.00
  11       -56.086903588     -2.00e-08      4.90e-05        0.00
  12       -56.086903594     -5.58e-09      3.60e-06        0.00

 SCF converged in 12 iterations.

 Dipole moment (in Debye):              -0.000000       0.000000      -0.000000

 Quadrupole moment (in Debye-Angstrom):
                  1            2            3
 1       -21.519903     0.000000     0.000000
 2         0.000000   -21.519903    -0.000000
 3         0.000000    -0.000000   -21.520016

 Spin-squared expectation <S^2>:         8.754
 Total spin quantum number S:            2.501
 TOTAL ENERGY:                         -56.086903594
 Saving results in set 'HF'

 --------------------------------------------------------------------------------
                                command: unsoldw12                               
 --------------------------------------------------------------------------------
 Number of AO basis functions:          54

 DF basis set:                           def2-qzvppd-ri
 Number of DF basis functions:         252


 --------------------------
  Virtual UW12 Correlation 
 --------------------------
 Unrestricted MP2 calculation:           
 Core spatial orbitals:                  0
 Correlated alpha orbitals:              9
 Correlated beta orbitals:               4
 Virtual alpha orbitals:                45
 Virtual beta orbitals:                 50

 Opposite spin energy:                  -0.042545281

 Reference energy:                     -56.086903594
 UW12 correlation energy:               -0.042545281
 Total UW12 energy:                    -56.129448875

 --------------------------------------------------------------------------------

 End time:                               Wed Jun 16 16:48:20 2021
 Total wall-clock time:                  0.580 seconds
==================================================================================
