
================================================================================
          _____________ ________ _______________ ________     _________         
         / ___________// ______ \\_____   _____// ______ \   / ________)        
        / /_________  / /      \ \     | |     / /      \ \ | (_______          
       |  __________|| |        | |    | |    | |        | | \________ \        
        \ \_________ | |        | |    | |     \ \______/ /___________) |       
         \__________||_|        |_|    |_|      \________//____________/        
                                                                                
====================================[ Qcore ]===================================

 Git hash:   6a88d58d269bf0d2ccfae91583c23a2b072b7633
 Git date:   Tue, 25 May 2021 10:36:49 +0100
 Compiler:   GNU 9.1.0
 Build type: Release
 Version:    1.3.0

 Start time: Wed Jun 16 16:48:20 2021

 Data directory: /newhome/zw18965/.local/qcore/share/entos/1.3.0/data
 Number of threads: 16
 Number of threads was determined by: number of physical cores

 --------------------------------------------------------------------------------
                                   command: hf                                   
 --------------------------------------------------------------------------------
 AO basis set:                           aug-cc-pvdz-combined-pp
 Number of AO basis functions:          54
 ECP on atom 1 (Mo):                     28 electrons

 Formula:                                Mo
 Nuclear charge:                        42.000000000
 Total charge:                           0.000000000
 Number of core electrons:              28
 Number of treated electrons:           14

 Number of alpha electrons:             10
 Number of beta electrons:               4
 Number of unpaired electrons:           6
 Spin:                                   6
 Multiplicity:                           octet

 Theory:                                 hf
 Method for Coulomb:                     incore_df
 Method for exact exchange:              pre_transformed_df
 Integral threshold:                     1.00e-12
 DF basis set:                           def2-universal-jkfit
 Number of DF basis functions:         255
 Schwarz screening threshold:            1.00e-10
 Coulomb fitting method:                 Cholesky
 Method for AO orthogonalization:        symmetric
 Threshold for linear dependence:        1.00e-08

 -------------------------------------
  Running unrestricted open-shell SCF 
 -------------------------------------
 Max number of iterations:             128
 Conv. threshold (gradient):             1.00e-05
 Conv. threshold (energy):               1.00e-06
 Interpolation scheme:                   adiis+cdiis
 Initial guess:                          H0

 ---------------------------------------------------------------
                  energy        change          grad        time
 ---------------------------------------------------------------
   0       -63.711885653                    2.19e+00        0.00
   1       -62.220210607      1.49e+00      1.00e+00        0.00
   2       -66.121986228     -3.90e+00      8.10e-01        0.01
   3       -67.318909944     -1.20e+00      1.48e-01        0.00
   4       -67.341151572     -2.22e-02      4.95e-02        0.00
   5       -67.343773195     -2.62e-03      1.70e-02        0.01
   6       -67.344191586     -4.18e-04      1.52e-03        0.00
   7       -67.344197350     -5.76e-06      8.44e-04        0.00
   8       -67.344198331     -9.81e-07      2.05e-04        0.00
   9       -67.344198395     -6.42e-08      9.33e-06        0.00

 SCF converged in 9 iterations.

 Dipole moment (in Debye):               0.000000      -0.000000       0.000000

 Quadrupole moment (in Debye-Angstrom):
                  1            2            3
 1       -23.169648     0.000000    -0.000000
 2         0.000000   -23.169648    -0.000000
 3        -0.000000    -0.000000   -23.169649

 Spin-squared expectation <S^2>:        12.003
 Total spin quantum number S:            3.000
 TOTAL ENERGY:                         -67.344198395
 Saving results in set 'HF'

 --------------------------------------------------------------------------------
                                command: unsoldw12                               
 --------------------------------------------------------------------------------
 Number of AO basis functions:          54

 DF basis set:                           def2-qzvppd-ri
 Number of DF basis functions:         252


 --------------------------
  Virtual UW12 Correlation 
 --------------------------
 Unrestricted MP2 calculation:           
 Core spatial orbitals:                  0
 Correlated alpha orbitals:             10
 Correlated beta orbitals:               4
 Virtual alpha orbitals:                44
 Virtual beta orbitals:                 50

 Opposite spin energy:                  -0.046926227

 Reference energy:                     -67.344198395
 UW12 correlation energy:               -0.046926227
 Total UW12 energy:                    -67.391124622

 --------------------------------------------------------------------------------

 End time:                               Wed Jun 16 16:48:21 2021
 Total wall-clock time:                  0.583 seconds
==================================================================================
