
================================================================================
          _____________ ________ _______________ ________     _________         
         / ___________// ______ \\_____   _____// ______ \   / ________)        
        / /_________  / /      \ \     | |     / /      \ \ | (_______          
       |  __________|| |        | |    | |    | |        | | \________ \        
        \ \_________ | |        | |    | |     \ \______/ /___________) |       
         \__________||_|        |_|    |_|      \________//____________/        
                                                                                
====================================[ Qcore ]===================================

 Git hash:   6a88d58d269bf0d2ccfae91583c23a2b072b7633
 Git date:   Tue, 25 May 2021 10:36:49 +0100
 Compiler:   GNU 9.1.0
 Build type: Release
 Version:    1.3.0

 Start time: Wed Jun 16 16:48:21 2021

 Data directory: /newhome/zw18965/.local/qcore/share/entos/1.3.0/data
 Number of threads: 16
 Number of threads was determined by: number of physical cores

 --------------------------------------------------------------------------------
                                   command: hf                                   
 --------------------------------------------------------------------------------
 AO basis set:                           aug-cc-pvdz-combined-pp
 Number of AO basis functions:          54
 ECP on atom 1 (Tc):                     28 electrons

 Formula:                                Tc
 Nuclear charge:                        43.000000000
 Total charge:                           0.000000000
 Number of core electrons:              28
 Number of treated electrons:           15

 Number of alpha electrons:             10
 Number of beta electrons:               5
 Number of unpaired electrons:           5
 Spin:                                   5
 Multiplicity:                           septet

 Theory:                                 hf
 Method for Coulomb:                     incore_df
 Method for exact exchange:              pre_transformed_df
 Integral threshold:                     1.00e-12
 DF basis set:                           def2-universal-jkfit
 Number of DF basis functions:         255
 Schwarz screening threshold:            1.00e-10
 Coulomb fitting method:                 Cholesky
 Method for AO orthogonalization:        symmetric
 Threshold for linear dependence:        1.00e-08

 -------------------------------------
  Running unrestricted open-shell SCF 
 -------------------------------------
 Max number of iterations:             128
 Conv. threshold (gradient):             1.00e-05
 Conv. threshold (energy):               1.00e-06
 Interpolation scheme:                   adiis+cdiis
 Initial guess:                          H0

 ---------------------------------------------------------------
                  energy        change          grad        time
 ---------------------------------------------------------------
   0       -75.229657225                    2.51e+00        0.00
   1       -71.936747154      3.29e+00      1.32e+00        0.00
   2       -77.931687154     -5.99e+00      1.10e+00        0.00
   3       -79.786957072     -1.86e+00      1.69e-01        0.00
   4       -79.813539566     -2.66e-02      7.37e-02        0.00
   5       -79.817494308     -3.95e-03      2.98e-02        0.00
   6       -79.818635915     -1.14e-03      6.30e-03        0.00
   7       -79.818683475     -4.76e-05      2.23e-03        0.00
   8       -79.818694782     -1.13e-05      1.44e-03        0.00
   9       -79.818699939     -5.16e-06      1.39e-03        0.00
  10       -79.818716835     -1.69e-05      1.23e-03        0.00
  11       -79.818738453     -2.16e-05      9.19e-04        0.00
  12       -79.818755851     -1.74e-05      7.26e-04        0.00
  13       -79.818761583     -5.73e-06      6.81e-04        0.00
  14       -79.818762198     -6.16e-07      6.98e-04        0.00
  15       -79.818762614     -4.16e-07      7.02e-04        0.00
  16       -79.818760668      1.95e-06      6.88e-04        0.00
  17       -79.818726825      3.38e-05      8.59e-04        0.00
  18       -79.818726872     -4.74e-08      8.33e-04        0.00
  19       -79.818722237      4.63e-06      7.41e-04        0.00
  20       -79.818711733      1.05e-05      6.81e-04        0.00
  21       -79.818708481      3.25e-06      4.82e-04        0.00
  22       -79.818700767      7.71e-06      1.15e-03        0.01
  23       -79.818698428      2.34e-06      2.30e-03        0.01
  24       -79.818701511     -3.08e-06      2.79e-04        0.00
  25       -79.818701561     -4.98e-08      7.71e-05        0.00
  26       -79.818701566     -5.57e-09      7.54e-05        0.00
  27       -79.818701569     -2.12e-09      4.32e-05        0.00
  28       -79.818701570     -1.94e-09      7.62e-06        0.00

 SCF converged in 28 iterations.

 Dipole moment (in Debye):               0.000000      -0.000000      -0.000000

 Quadrupole moment (in Debye-Angstrom):
                  1            2            3
 1       -21.853385     0.118153    -0.280466
 2         0.118153   -23.312723    -0.022679
 3        -0.280466    -0.022679   -23.268441

 Spin-squared expectation <S^2>:         8.755
 Total spin quantum number S:            2.501
 TOTAL ENERGY:                         -79.818701570
 Saving results in set 'HF'

 --------------------------------------------------------------------------------
                                command: unsoldw12                               
 --------------------------------------------------------------------------------
 Number of AO basis functions:          54

 DF basis set:                           def2-qzvppd-ri
 Number of DF basis functions:         252


 --------------------------
  Virtual UW12 Correlation 
 --------------------------
 Unrestricted MP2 calculation:           
 Core spatial orbitals:                  0
 Correlated alpha orbitals:             10
 Correlated beta orbitals:               5
 Virtual alpha orbitals:                44
 Virtual beta orbitals:                 49

 Opposite spin energy:                  -0.059223016

 Reference energy:                     -79.818701570
 UW12 correlation energy:               -0.059223016
 Total UW12 energy:                    -79.877924586

 --------------------------------------------------------------------------------

 End time:                               Wed Jun 16 16:48:22 2021
 Total wall-clock time:                  0.709 seconds
==================================================================================
