
================================================================================
          _____________ ________ _______________ ________     _________         
         / ___________// ______ \\_____   _____// ______ \   / ________)        
        / /_________  / /      \ \     | |     / /      \ \ | (_______          
       |  __________|| |        | |    | |    | |        | | \________ \        
        \ \_________ | |        | |    | |     \ \______/ /___________) |       
         \__________||_|        |_|    |_|      \________//____________/        
                                                                                
====================================[ Qcore ]===================================

 Git hash:   6a88d58d269bf0d2ccfae91583c23a2b072b7633
 Git date:   Tue, 25 May 2021 10:36:49 +0100
 Compiler:   GNU 9.1.0
 Build type: Release
 Version:    1.3.0

 Start time: Wed Jun 16 16:48:23 2021

 Data directory: /newhome/zw18965/.local/qcore/share/entos/1.3.0/data
 Number of threads: 16
 Number of threads was determined by: number of physical cores

 --------------------------------------------------------------------------------
                                   command: hf                                   
 --------------------------------------------------------------------------------
 AO basis set:                           aug-cc-pvdz-combined-pp
 Number of AO basis functions:          54
 ECP on atom 1 (Pd):                     28 electrons

 Formula:                                Pd
 Nuclear charge:                        46.000000000
 Total charge:                           0.000000000
 Number of core electrons:              28
 Number of treated electrons:           18

 Number of alpha electrons:              9
 Number of beta electrons:               9
 Number of unpaired electrons:           0
 Spin:                                   0
 Multiplicity:                           singlet

 Theory:                                 hf
 Method for Coulomb:                     incore_df
 Method for exact exchange:              pre_transformed_df
 Integral threshold:                     1.00e-12
 DF basis set:                           def2-universal-jkfit
 Number of DF basis functions:         255
 Schwarz screening threshold:            1.00e-10
 Coulomb fitting method:                 Cholesky
 Method for AO orthogonalization:        symmetric
 Threshold for linear dependence:        1.00e-08

 -------------------------------------
  Running restricted closed-shell SCF 
 -------------------------------------
 Max number of iterations:             128
 Conv. threshold (gradient):             1.00e-05
 Conv. threshold (energy):               1.00e-06
 Interpolation scheme:                   adiis+cdiis
 Initial guess:                          H0

 ---------------------------------------------------------------
                  energy        change          grad        time
 ---------------------------------------------------------------
   0      -115.077687446                    4.09e+00        0.00
   1      -102.567262057      1.25e+01      4.85e+00        0.00
   2      -119.918999963     -1.74e+01      2.65e+00        0.00
   3      -126.529661488     -6.61e+00      4.62e-01        0.00
   4      -126.582991598     -5.33e-02      2.09e-01        0.00
   5      -126.585260463     -2.27e-03      2.12e-01        0.00
   6      -126.607842998     -2.26e-02      1.03e-02        0.00
   7      -126.607864368     -2.14e-05      8.20e-03        0.00
   8      -126.607897446     -3.31e-05      9.67e-04        0.01
   9      -126.607898593     -1.15e-06      2.95e-04        0.00
  10      -126.607898730     -1.37e-07      6.84e-05        0.00
  11      -126.607898732     -2.43e-09      2.11e-06        0.00

 SCF converged in 11 iterations.

 Dipole moment (in Debye):               0.000000       0.000000      -0.000000

 Quadrupole moment (in Debye-Angstrom):
                  1            2            3
 1       -18.022325     0.000000     0.000000
 2         0.000000   -18.022323    -0.000000
 3         0.000000    -0.000000   -18.022325

 Spin-squared expectation <S^2>:         0.000
 Total spin quantum number S:            0.000
 TOTAL ENERGY:                        -126.607898732
 Saving results in set 'HF'

 --------------------------------------------------------------------------------
                                command: unsoldw12                               
 --------------------------------------------------------------------------------
 Number of AO basis functions:          54

 DF basis set:                           def2-qzvppd-ri
 Number of DF basis functions:         252


 --------------------------
  Virtual UW12 Correlation 
 --------------------------
 Restricted Virtual UW12 calculation:    
 Core orbitals:                          0
 Correlated orbitals:                    9
 Virtual orbitals:                      45

 Opposite spin energy:                  -0.093844431

 Reference energy:                    -126.607898732
 UW12 correlation energy:               -0.093844431
 Total UW12 energy:                   -126.701743164

 --------------------------------------------------------------------------------

 End time:                               Wed Jun 16 16:48:24 2021
 Total wall-clock time:                  0.567 seconds
==================================================================================
