
================================================================================
          _____________ ________ _______________ ________     _________         
         / ___________// ______ \\_____   _____// ______ \   / ________)        
        / /_________  / /      \ \     | |     / /      \ \ | (_______          
       |  __________|| |        | |    | |    | |        | | \________ \        
        \ \_________ | |        | |    | |     \ \______/ /___________) |       
         \__________||_|        |_|    |_|      \________//____________/        
                                                                                
====================================[ Qcore ]===================================

 Git hash:   6a88d58d269bf0d2ccfae91583c23a2b072b7633
 Git date:   Tue, 25 May 2021 10:36:49 +0100
 Compiler:   GNU 9.1.0
 Build type: Release
 Version:    1.3.0

 Start time: Wed Jun 16 16:48:26 2021

 Data directory: /newhome/zw18965/.local/qcore/share/entos/1.3.0/data
 Number of threads: 16
 Number of threads was determined by: number of physical cores

 --------------------------------------------------------------------------------
                                   command: hf                                   
 --------------------------------------------------------------------------------
 AO basis set:                           aug-cc-pvdz-combined-pp
 Number of AO basis functions:          32
 ECP on atom 1 (In):                     28 electrons

 Formula:                                In
 Nuclear charge:                        49.000000000
 Total charge:                           0.000000000
 Number of core electrons:              28
 Number of treated electrons:           21

 Number of alpha electrons:             11
 Number of beta electrons:              10
 Number of unpaired electrons:           1
 Spin:                                   1
 Multiplicity:                           doublet

 Theory:                                 hf
 Method for Coulomb:                     incore_df
 Method for exact exchange:              pre_transformed_df
 Integral threshold:                     1.00e-12
 DF basis set:                           def2-universal-jkfit
 Number of DF basis functions:         218
 Schwarz screening threshold:            1.00e-10
 Coulomb fitting method:                 Cholesky
 Method for AO orthogonalization:        symmetric
 Threshold for linear dependence:        1.00e-08

 -------------------------------------
  Running unrestricted open-shell SCF 
 -------------------------------------
 Max number of iterations:             128
 Conv. threshold (gradient):             1.00e-05
 Conv. threshold (energy):               1.00e-06
 Interpolation scheme:                   adiis+cdiis
 Initial guess:                          H0

 ---------------------------------------------------------------
                  energy        change          grad        time
 ---------------------------------------------------------------
   0      -187.745782582                    1.23e+00        0.01
   1      -189.171017005     -1.43e+00      1.23e-01        0.00
   2      -189.202638727     -3.16e-02      5.26e-02        0.00
   3      -189.205223559     -2.58e-03      1.18e-02        0.00
   4      -189.205551458     -3.28e-04      2.87e-03        0.00
   5      -189.205573358     -2.19e-05      9.43e-04        0.00
   6      -189.205575371     -2.01e-06      1.17e-04        0.00
   7      -189.205575416     -4.44e-08      3.31e-05        0.00
   8      -189.205575418     -2.55e-09      5.44e-06        0.00

 SCF converged in 8 iterations.

 Dipole moment (in Debye):              -0.000000      -0.000000      -0.000000

 Quadrupole moment (in Debye-Angstrom):
                  1            2            3
 1       -23.094997     1.799818     0.267475
 2         1.799818   -31.323364    -1.278783
 3         0.267475    -1.278783   -22.908583

 Spin-squared expectation <S^2>:         0.763
 Total spin quantum number S:            0.506
 TOTAL ENERGY:                        -189.205575418
 Saving results in set 'HF'

 --------------------------------------------------------------------------------
                                command: unsoldw12                               
 --------------------------------------------------------------------------------
 Number of AO basis functions:          32

 DF basis set:                           def2-qzvppd-ri
 Number of DF basis functions:         292


 --------------------------
  Virtual UW12 Correlation 
 --------------------------
 Unrestricted MP2 calculation:           
 Core spatial orbitals:                  4
 Correlated alpha orbitals:              7
 Correlated beta orbitals:               6
 Virtual alpha orbitals:                21
 Virtual beta orbitals:                 22

 Opposite spin energy:                  -0.010524232

 Reference energy:                    -189.205575418
 UW12 correlation energy:               -0.010524232
 Total UW12 energy:                   -189.216099650

 --------------------------------------------------------------------------------

 End time:                               Wed Jun 16 16:48:27 2021
 Total wall-clock time:                  0.703 seconds
==================================================================================
