
================================================================================
          _____________ ________ _______________ ________     _________         
         / ___________// ______ \\_____   _____// ______ \   / ________)        
        / /_________  / /      \ \     | |     / /      \ \ | (_______          
       |  __________|| |        | |    | |    | |        | | \________ \        
        \ \_________ | |        | |    | |     \ \______/ /___________) |       
         \__________||_|        |_|    |_|      \________//____________/        
                                                                                
====================================[ Qcore ]===================================

 Git hash:   6a88d58d269bf0d2ccfae91583c23a2b072b7633
 Git date:   Tue, 25 May 2021 10:36:49 +0100
 Compiler:   GNU 9.1.0
 Build type: Release
 Version:    1.3.0

 Start time: Wed Jun 16 16:48:28 2021

 Data directory: /newhome/zw18965/.local/qcore/share/entos/1.3.0/data
 Number of threads: 16
 Number of threads was determined by: number of physical cores

 --------------------------------------------------------------------------------
                                   command: hf                                   
 --------------------------------------------------------------------------------
 AO basis set:                           aug-cc-pvdz-combined-pp
 Number of AO basis functions:          32
 ECP on atom 1 (Te):                     28 electrons

 Formula:                                Te
 Nuclear charge:                        52.000000000
 Total charge:                           0.000000000
 Number of core electrons:              28
 Number of treated electrons:           24

 Number of alpha electrons:             13
 Number of beta electrons:              11
 Number of unpaired electrons:           2
 Spin:                                   2
 Multiplicity:                           triplet

 Theory:                                 hf
 Method for Coulomb:                     incore_df
 Method for exact exchange:              pre_transformed_df
 Integral threshold:                     1.00e-12
 DF basis set:                           def2-universal-jkfit
 Number of DF basis functions:         218
 Schwarz screening threshold:            1.00e-10
 Coulomb fitting method:                 Cholesky
 Method for AO orthogonalization:        symmetric
 Threshold for linear dependence:        1.00e-08

 -------------------------------------
  Running unrestricted open-shell SCF 
 -------------------------------------
 Max number of iterations:             128
 Conv. threshold (gradient):             1.00e-05
 Conv. threshold (energy):               1.00e-06
 Interpolation scheme:                   adiis+cdiis
 Initial guess:                          H0

 ---------------------------------------------------------------
                  energy        change          grad        time
 ---------------------------------------------------------------
   0      -263.793379185                    2.62e+00        0.00
   1      -266.757854084     -2.96e+00      3.52e-01        0.00
   2      -266.977529627     -2.20e-01      1.30e-01        0.00
   3      -266.996700914     -1.92e-02      3.80e-02        0.00
   4      -266.998223957     -1.52e-03      1.27e-02        0.00
   5      -266.998466354     -2.42e-04      2.93e-03        0.00
   6      -266.998482155     -1.58e-05      6.26e-04        0.00
   7      -266.998482817     -6.62e-07      1.23e-04        0.00
   8      -266.998482830     -1.32e-08      1.24e-05        0.00
   9      -266.998482830     -2.16e-10      2.28e-06        0.00

 SCF converged in 9 iterations.

 Dipole moment (in Debye):               0.000000       0.000000      -0.000000

 Quadrupole moment (in Debye-Angstrom):
                  1            2            3
 1       -26.129200    -0.353890     1.785244
 2        -0.353890   -25.524879     0.823168
 3         1.785244     0.823168   -29.514281

 Spin-squared expectation <S^2>:         2.009
 Total spin quantum number S:            1.003
 TOTAL ENERGY:                        -266.998482830
 Saving results in set 'HF'

 --------------------------------------------------------------------------------
                                command: unsoldw12                               
 --------------------------------------------------------------------------------
 Number of AO basis functions:          32

 DF basis set:                           def2-qzvppd-ri
 Number of DF basis functions:         292


 --------------------------
  Virtual UW12 Correlation 
 --------------------------
 Unrestricted MP2 calculation:           
 Core spatial orbitals:                  4
 Correlated alpha orbitals:              9
 Correlated beta orbitals:               7
 Virtual alpha orbitals:                19
 Virtual beta orbitals:                 21

 Opposite spin energy:                  -0.019663379

 Reference energy:                    -266.998482830
 UW12 correlation energy:               -0.019663379
 Total UW12 energy:                   -267.018146209

 --------------------------------------------------------------------------------

 End time:                               Wed Jun 16 16:48:29 2021
 Total wall-clock time:                  0.667 seconds
==================================================================================
