
================================================================================
          _____________ ________ _______________ ________     _________         
         / ___________// ______ \\_____   _____// ______ \   / ________)        
        / /_________  / /      \ \     | |     / /      \ \ | (_______          
       |  __________|| |        | |    | |    | |        | | \________ \        
        \ \_________ | |        | |    | |     \ \______/ /___________) |       
         \__________||_|        |_|    |_|      \________//____________/        
                                                                                
====================================[ Qcore ]===================================

 Git hash:   6a88d58d269bf0d2ccfae91583c23a2b072b7633
 Git date:   Tue, 25 May 2021 10:36:49 +0100
 Compiler:   GNU 9.1.0
 Build type: Release
 Version:    1.3.0

 Start time: Thu Jun 17 17:11:04 2021

 Data directory: /newhome/zw18965/.local/qcore/share/entos/1.3.0/data
 Number of threads: 16
 Number of threads was determined by: number of physical cores

 --------------------------------------------------------------------------------
                                   command: hf                                   
 --------------------------------------------------------------------------------
 AO basis set:                           cc-pwcv5z-pp-merged
 Number of AO basis functions:         180

 Formula:                                Mg
 Nuclear charge:                        12.000000000
 Total charge:                           0.000000000
 Number of electrons:                   12.000000000

 Number of alpha electrons:              6
 Number of beta electrons:               6
 Number of unpaired electrons:           0
 Spin:                                   0
 Multiplicity:                           singlet

 Theory:                                 hf
 Method for Coulomb:                     incore_df
 Method for exact exchange:              pre_transformed_df
 Integral threshold:                     1.00e-12
 DF basis set:                           def2-universal-jkfit
 Number of DF basis functions:         112
 Schwarz screening threshold:            1.00e-10
 Coulomb fitting method:                 Cholesky
 Method for AO orthogonalization:        symmetric
 Threshold for linear dependence:        1.00e-08

 -------------------------------------
  Running restricted closed-shell SCF 
 -------------------------------------
 Max number of iterations:             128
 Conv. threshold (gradient):             1.00e-05
 Conv. threshold (energy):               1.00e-06
 Interpolation scheme:                   adiis+cdiis
 Initial guess:                          H0

 ---------------------------------------------------------------
                  energy        change          grad        time
 ---------------------------------------------------------------
   0      -177.233652500                    2.29e+01        0.01
   1      -163.972214796      1.33e+01      1.06e+01        0.02
   2      -192.318883726     -2.83e+01      1.04e+01        0.02
   3      -199.167148740     -6.85e+00      2.44e+00        0.02
   4      -199.563767623     -3.97e-01      8.83e-01        0.02
   5      -199.609129308     -4.54e-02      2.83e-01        0.02
   6      -199.614046803     -4.92e-03      9.28e-02        0.02
   7      -199.614543728     -4.97e-04      2.99e-02        0.02
   8      -199.614603479     -5.98e-05      8.90e-05        0.02
   9      -199.614603483     -3.46e-09      2.79e-05        0.02
  10      -199.614603483     -3.85e-10      3.19e-06        0.02

 SCF converged in 10 iterations.

 Dipole moment (in Debye):               0.000000       0.000000      -0.000000

 Quadrupole moment (in Debye-Angstrom):
                  1            2            3
 1       -13.275323     0.000000     0.000000
 2         0.000000   -13.275323     0.000000
 3         0.000000     0.000000   -13.275323

 Spin-squared expectation <S^2>:         0.000
 Total spin quantum number S:            0.000
 TOTAL ENERGY:                        -199.614603483
 Saving results in set 'HF'

 --------------------------------------------------------------------------------
                                command: unsoldw12                               
 --------------------------------------------------------------------------------
 Number of AO basis functions:         180

 DF basis set:                           def2-qzvppd-ri
 Number of DF basis functions:         154


 --------------------------
  Virtual UW12 Correlation 
 --------------------------
 Restricted Virtual UW12 calculation:    
 Core orbitals:                          5
 Correlated orbitals:                    1
 Virtual orbitals:                     174

 Opposite spin energy:                  -0.004953669

 Reference energy:                    -199.614603483
 UW12 correlation energy:               -0.004953669
 Total UW12 energy:                   -199.619557152

 --------------------------------------------------------------------------------

 End time:                               Thu Jun 17 17:11:06 2021
 Total wall-clock time:                  1.769 seconds
==================================================================================
