
================================================================================
          _____________ ________ _______________ ________     _________         
         / ___________// ______ \\_____   _____// ______ \   / ________)        
        / /_________  / /      \ \     | |     / /      \ \ | (_______          
       |  __________|| |        | |    | |    | |        | | \________ \        
        \ \_________ | |        | |    | |     \ \______/ /___________) |       
         \__________||_|        |_|    |_|      \________//____________/        
                                                                                
====================================[ Qcore ]===================================

 Git hash:   6a88d58d269bf0d2ccfae91583c23a2b072b7633
 Git date:   Tue, 25 May 2021 10:36:49 +0100
 Compiler:   GNU 9.1.0
 Build type: Release
 Version:    1.3.0

 Start time: Thu Jun 17 17:11:07 2021

 Data directory: /newhome/zw18965/.local/qcore/share/entos/1.3.0/data
 Number of threads: 16
 Number of threads was determined by: number of physical cores

 --------------------------------------------------------------------------------
                                   command: hf                                   
 --------------------------------------------------------------------------------
 AO basis set:                           cc-pwcv5z-pp-merged
 Number of AO basis functions:         181

 Formula:                                Si
 Nuclear charge:                        14.000000000
 Total charge:                           0.000000000
 Number of electrons:                   14.000000000

 Number of alpha electrons:              8
 Number of beta electrons:               6
 Number of unpaired electrons:           2
 Spin:                                   2
 Multiplicity:                           triplet

 Theory:                                 hf
 Method for Coulomb:                     incore_df
 Method for exact exchange:              pre_transformed_df
 Integral threshold:                     1.00e-12
 DF basis set:                           def2-universal-jkfit
 Number of DF basis functions:         128
 Schwarz screening threshold:            1.00e-10
 Coulomb fitting method:                 Cholesky
 Method for AO orthogonalization:        symmetric
 Threshold for linear dependence:        1.00e-08

 -------------------------------------
  Running unrestricted open-shell SCF 
 -------------------------------------
 Max number of iterations:             128
 Conv. threshold (gradient):             1.00e-05
 Conv. threshold (energy):               1.00e-06
 Interpolation scheme:                   adiis+cdiis
 Initial guess:                          H0

 ---------------------------------------------------------------
                  energy        change          grad        time
 ---------------------------------------------------------------
   0      -256.942412128                    1.46e+01        0.01
   1      -271.115633176     -1.42e+01      8.04e+00        0.03
   2      -284.974249857     -1.39e+01      3.78e+00        0.04
   3      -288.342006521     -3.37e+00      1.19e+00        0.04
   4      -288.822202959     -4.80e-01      4.30e-01        0.04
   5      -288.856137192     -3.39e-02      1.10e-01        0.04
   6      -288.858615675     -2.48e-03      2.93e-02        0.04
   7      -288.858821782     -2.06e-04      7.18e-03        0.04
   8      -288.858849301     -2.75e-05      6.77e-04        0.04
   9      -288.858849586     -2.85e-07      1.47e-04        0.04
  10      -288.858849599     -1.25e-08      1.73e-05        0.04
  11      -288.858849599     -3.54e-10      5.79e-06        0.04

 SCF converged in 11 iterations.

 Dipole moment (in Debye):              -0.000000       0.000000       0.000000

 Quadrupole moment (in Debye-Angstrom):
                  1            2            3
 1       -11.157944    -0.000000    -0.008810
 2        -0.000000   -16.019263     0.000000
 3        -0.008810     0.000000   -16.019247

 Spin-squared expectation <S^2>:         2.016
 Total spin quantum number S:            1.005
 TOTAL ENERGY:                        -288.858849599
 Saving results in set 'HF'

 --------------------------------------------------------------------------------
                                command: unsoldw12                               
 --------------------------------------------------------------------------------
 Number of AO basis functions:         181

 DF basis set:                           def2-qzvppd-ri
 Number of DF basis functions:         183


 --------------------------
  Virtual UW12 Correlation 
 --------------------------
 Unrestricted MP2 calculation:           
 Core spatial orbitals:                  5
 Correlated alpha orbitals:              3
 Correlated beta orbitals:               1
 Virtual alpha orbitals:               173
 Virtual beta orbitals:                175

 Opposite spin energy:                  -0.011732060

 Reference energy:                    -288.858849599
 UW12 correlation energy:               -0.011732060
 Total UW12 energy:                   -288.870581659

 --------------------------------------------------------------------------------

 End time:                               Thu Jun 17 17:11:08 2021
 Total wall-clock time:                  1.226 seconds
==================================================================================
