
================================================================================
          _____________ ________ _______________ ________     _________         
         / ___________// ______ \\_____   _____// ______ \   / ________)        
        / /_________  / /      \ \     | |     / /      \ \ | (_______          
       |  __________|| |        | |    | |    | |        | | \________ \        
        \ \_________ | |        | |    | |     \ \______/ /___________) |       
         \__________||_|        |_|    |_|      \________//____________/        
                                                                                
====================================[ Qcore ]===================================

 Git hash:   6a88d58d269bf0d2ccfae91583c23a2b072b7633
 Git date:   Tue, 25 May 2021 10:36:49 +0100
 Compiler:   GNU 9.1.0
 Build type: Release
 Version:    1.3.0

 Start time: Thu Jun 17 17:11:11 2021

 Data directory: /newhome/zw18965/.local/qcore/share/entos/1.3.0/data
 Number of threads: 16
 Number of threads was determined by: number of physical cores

 --------------------------------------------------------------------------------
                                   command: hf                                   
 --------------------------------------------------------------------------------
 AO basis set:                           cc-pwcv5z-pp-merged
 Number of AO basis functions:         181

 Formula:                                Cl
 Nuclear charge:                        17.000000000
 Total charge:                           0.000000000
 Number of electrons:                   17.000000000

 Number of alpha electrons:              9
 Number of beta electrons:               8
 Number of unpaired electrons:           1
 Spin:                                   1
 Multiplicity:                           doublet

 Theory:                                 hf
 Method for Coulomb:                     incore_df
 Method for exact exchange:              pre_transformed_df
 Integral threshold:                     1.00e-12
 DF basis set:                           def2-universal-jkfit
 Number of DF basis functions:         128
 Schwarz screening threshold:            1.00e-10
 Coulomb fitting method:                 Cholesky
 Method for AO orthogonalization:        symmetric
 Threshold for linear dependence:        1.00e-08

 -------------------------------------
  Running unrestricted open-shell SCF 
 -------------------------------------
 Max number of iterations:             128
 Conv. threshold (gradient):             1.00e-05
 Conv. threshold (energy):               1.00e-06
 Interpolation scheme:                   adiis+cdiis
 Initial guess:                          H0

 ---------------------------------------------------------------
                  energy        change          grad        time
 ---------------------------------------------------------------
   0      -408.650342569                    1.99e+01        0.01
   1      -443.787188515     -3.51e+01      6.39e+00        0.03
   2      -455.947411150     -1.22e+01      3.53e+00        0.02
   3      -458.865735628     -2.92e+00      1.09e+00        0.02
   4      -459.431344282     -5.66e-01      4.07e-01        0.03
   5      -459.485727962     -5.44e-02      1.20e-01        0.03
   6      -459.489501114     -3.77e-03      3.40e-02        0.03
   7      -459.489750048     -2.49e-04      9.24e-03        0.04
   8      -459.489770959     -2.09e-05      5.15e-04        0.03
   9      -459.489771240     -2.81e-07      1.26e-04        0.03
  10      -459.489771264     -2.41e-08      3.10e-05        0.03
  11      -459.489771265     -1.05e-09      4.61e-06        0.03

 SCF converged in 11 iterations.

 Dipole moment (in Debye):               0.000000      -0.000000      -0.000000

 Quadrupole moment (in Debye-Angstrom):
                  1            2            3
 1       -11.001725    -0.000000    -0.432615
 2        -0.000000   -13.111572     0.000000
 3        -0.432615     0.000000   -13.022866

 Spin-squared expectation <S^2>:         0.761
 Total spin quantum number S:            0.505
 TOTAL ENERGY:                        -459.489771265
 Saving results in set 'HF'

 --------------------------------------------------------------------------------
                                command: unsoldw12                               
 --------------------------------------------------------------------------------
 Number of AO basis functions:         181

 DF basis set:                           def2-qzvppd-ri
 Number of DF basis functions:         183


 --------------------------
  Virtual UW12 Correlation 
 --------------------------
 Unrestricted MP2 calculation:           
 Core spatial orbitals:                  5
 Correlated alpha orbitals:              4
 Correlated beta orbitals:               3
 Virtual alpha orbitals:               172
 Virtual beta orbitals:                173

 Opposite spin energy:                  -0.029396867

 Reference energy:                    -459.489771265
 UW12 correlation energy:               -0.029396867
 Total UW12 energy:                   -459.519168133

 --------------------------------------------------------------------------------

 End time:                               Thu Jun 17 17:11:12 2021
 Total wall-clock time:                  1.175 seconds
==================================================================================
