
================================================================================
          _____________ ________ _______________ ________     _________         
         / ___________// ______ \\_____   _____// ______ \   / ________)        
        / /_________  / /      \ \     | |     / /      \ \ | (_______          
       |  __________|| |        | |    | |    | |        | | \________ \        
        \ \_________ | |        | |    | |     \ \______/ /___________) |       
         \__________||_|        |_|    |_|      \________//____________/        
                                                                                
====================================[ Qcore ]===================================

 Git hash:   6a88d58d269bf0d2ccfae91583c23a2b072b7633
 Git date:   Tue, 25 May 2021 10:36:49 +0100
 Compiler:   GNU 9.1.0
 Build type: Release
 Version:    1.3.0

 Start time: Thu Jun 17 17:15:42 2021

 Data directory: /newhome/zw18965/.local/qcore/share/entos/1.3.0/data
 Number of threads: 16
 Number of threads was determined by: number of physical cores

 --------------------------------------------------------------------------------
                                   command: hf                                   
 --------------------------------------------------------------------------------
 AO basis set:                           cc-pwcv5z-pp-merged
 Number of AO basis functions:         206
 ECP on atom 1 (Zr):                     28 electrons

 Formula:                                Zr
 Nuclear charge:                        40.000000000
 Total charge:                           0.000000000
 Number of core electrons:              28
 Number of treated electrons:           12

 Number of alpha electrons:              7
 Number of beta electrons:               5
 Number of unpaired electrons:           2
 Spin:                                   2
 Multiplicity:                           triplet

 Theory:                                 hf
 Method for Coulomb:                     incore_df
 Method for exact exchange:              pre_transformed_df
 Integral threshold:                     1.00e-12
 DF basis set:                           def2-universal-jkfit
 Number of DF basis functions:         255
 Schwarz screening threshold:            1.00e-10
 Coulomb fitting method:                 Cholesky
 Method for AO orthogonalization:        symmetric
 Threshold for linear dependence:        1.00e-08

 -------------------------------------
  Running unrestricted open-shell SCF 
 -------------------------------------
 Max number of iterations:             128
 Conv. threshold (gradient):             1.00e-05
 Conv. threshold (energy):               1.00e-06
 Interpolation scheme:                   adiis+cdiis
 Initial guess:                          H0

 ---------------------------------------------------------------
                  energy        change          grad        time
 ---------------------------------------------------------------
   0       -40.338963577                    2.36e+00        0.02
   1       -43.209233196     -2.87e+00      1.62e+00        0.03
   2       -45.048110785     -1.84e+00      1.24e+00        0.03
   3       -46.144415586     -1.10e+00      4.59e-01        0.03
   4       -46.292095429     -1.48e-01      1.47e-01        0.03
   5       -46.303482117     -1.14e-02      4.11e-02        0.04
   6       -46.305240760     -1.76e-03      2.08e-02        0.04
   7       -46.306116439     -8.76e-04      1.17e-02        0.04
   8       -46.306481497     -3.65e-04      5.47e-03        0.03
   9       -46.306594176     -1.13e-04      2.82e-03        0.03
  10       -46.306661765     -6.76e-05      2.12e-03        0.03
  11       -46.306710194     -4.84e-05      1.34e-03        0.03
  12       -46.306727603     -1.74e-05      8.71e-04        0.03
  13       -46.306735503     -7.90e-06      8.03e-04        0.03
  14       -46.306748826     -1.33e-05      3.75e-04        0.03
  15       -46.306750651     -1.83e-06      2.05e-04        0.03
  16       -46.306750889     -2.39e-07      9.33e-05        0.03
  17       -46.306750917     -2.76e-08      3.67e-05        0.03
  18       -46.306750921     -3.68e-09      2.11e-05        0.03
  19       -46.306750922     -1.40e-09      8.66e-06        0.03

 SCF converged in 19 iterations.

 Dipole moment (in Debye):              -0.000000       0.000000      -0.000000

 Quadrupole moment (in Debye-Angstrom):
                  1            2            3
 1       -28.970194     0.000003     0.000002
 2         0.000003   -28.970387     0.000127
 3         0.000002     0.000127   -28.970339

 Spin-squared expectation <S^2>:         2.017
 Total spin quantum number S:            1.006
 TOTAL ENERGY:                         -46.306750922
 Saving results in set 'HF'

 --------------------------------------------------------------------------------
                                command: unsoldw12                               
 --------------------------------------------------------------------------------
 Number of AO basis functions:         206

 DF basis set:                           def2-qzvppd-ri
 Number of DF basis functions:         252


 --------------------------
  Virtual UW12 Correlation 
 --------------------------
 Unrestricted MP2 calculation:           
 Core spatial orbitals:                  0
 Correlated alpha orbitals:              7
 Correlated beta orbitals:               5
 Virtual alpha orbitals:               199
 Virtual beta orbitals:                201

 Opposite spin energy:                  -0.058398835

 Reference energy:                     -46.306750922
 UW12 correlation energy:               -0.058398835
 Total UW12 energy:                    -46.365149757

 --------------------------------------------------------------------------------

 End time:                               Thu Jun 17 17:15:50 2021
 Total wall-clock time:                  8.069 seconds
==================================================================================
