
================================================================================
          _____________ ________ _______________ ________     _________         
         / ___________// ______ \\_____   _____// ______ \   / ________)        
        / /_________  / /      \ \     | |     / /      \ \ | (_______          
       |  __________|| |        | |    | |    | |        | | \________ \        
        \ \_________ | |        | |    | |     \ \______/ /___________) |       
         \__________||_|        |_|    |_|      \________//____________/        
                                                                                
====================================[ Qcore ]===================================

 Git hash:   6a88d58d269bf0d2ccfae91583c23a2b072b7633
 Git date:   Tue, 25 May 2021 10:36:49 +0100
 Compiler:   GNU 9.1.0
 Build type: Release
 Version:    1.3.0

 Start time: Thu Jun 17 17:17:15 2021

 Data directory: /newhome/zw18965/.local/qcore/share/entos/1.3.0/data
 Number of threads: 16
 Number of threads was determined by: number of physical cores

 --------------------------------------------------------------------------------
                                   command: hf                                   
 --------------------------------------------------------------------------------
 AO basis set:                           cc-pwcv5z-pp-merged
 Number of AO basis functions:         229
 ECP on atom 1 (Sb):                     28 electrons

 Formula:                                Sb
 Nuclear charge:                        51.000000000
 Total charge:                           0.000000000
 Number of core electrons:              28
 Number of treated electrons:           23

 Number of alpha electrons:             13
 Number of beta electrons:              10
 Number of unpaired electrons:           3
 Spin:                                   3
 Multiplicity:                           quartet

 Theory:                                 hf
 Method for Coulomb:                     incore_df
 Method for exact exchange:              pre_transformed_df
 Integral threshold:                     1.00e-12
 DF basis set:                           def2-universal-jkfit
 Number of DF basis functions:         218
 Schwarz screening threshold:            1.00e-10
 Coulomb fitting method:                 Cholesky
 Method for AO orthogonalization:        symmetric
 Threshold for linear dependence:        1.00e-08

 -------------------------------------
  Running unrestricted open-shell SCF 
 -------------------------------------
 Max number of iterations:             128
 Conv. threshold (gradient):             1.00e-05
 Conv. threshold (energy):               1.00e-06
 Interpolation scheme:                   adiis+cdiis
 Initial guess:                          H0

 ---------------------------------------------------------------
                  energy        change          grad        time
 ---------------------------------------------------------------
   0      -184.600608118                    1.00e+01        0.02
   1      -152.677473514      3.19e+01      1.09e+01        0.04
   2      -197.849675534     -4.52e+01      9.67e+00        0.04
   3      -238.377102433     -4.05e+01      1.39e+00        0.04
   4      -239.119814821     -7.43e-01      4.76e-01        0.04
   5      -239.239014379     -1.19e-01      2.15e-01        0.04
   6      -239.268975884     -3.00e-02      1.09e-01        0.05
   7      -239.275880650     -6.90e-03      5.26e-02        0.05
   8      -239.277533965     -1.65e-03      2.55e-02        0.05
   9      -239.278051371     -5.17e-04      2.37e-04        0.05
  10      -239.278051447     -7.61e-08      2.27e-05        0.06
  11      -239.278051447     -6.11e-10      2.05e-06        0.06

 SCF converged in 11 iterations.

 Dipole moment (in Debye):              -0.000000      -0.000000      -0.000000

 Quadrupole moment (in Debye-Angstrom):
                  1            2            3
 1       -26.584313    -0.000001    -0.000001
 2        -0.000001   -26.584313    -0.000000
 3        -0.000001    -0.000000   -26.584314

 Spin-squared expectation <S^2>:         3.752
 Total spin quantum number S:            1.501
 TOTAL ENERGY:                        -239.278051447
 Saving results in set 'HF'

 --------------------------------------------------------------------------------
                                command: unsoldw12                               
 --------------------------------------------------------------------------------
 Number of AO basis functions:         229

 DF basis set:                           def2-qzvppd-ri
 Number of DF basis functions:         292


 --------------------------
  Virtual UW12 Correlation 
 --------------------------
 Unrestricted MP2 calculation:           
 Core spatial orbitals:                  4
 Correlated alpha orbitals:              9
 Correlated beta orbitals:               6
 Virtual alpha orbitals:               216
 Virtual beta orbitals:                219

 Opposite spin energy:                  -0.105304596

 Reference energy:                    -239.278051447
 UW12 correlation energy:               -0.105304596
 Total UW12 energy:                   -239.383356044

 --------------------------------------------------------------------------------

 End time:                               Thu Jun 17 17:17:28 2021
 Total wall-clock time:                 12.934 seconds
==================================================================================
