
================================================================================
          _____________ ________ _______________ ________     _________         
         / ___________// ______ \\_____   _____// ______ \   / ________)        
        / /_________  / /      \ \     | |     / /      \ \ | (_______          
       |  __________|| |        | |    | |    | |        | | \________ \        
        \ \_________ | |        | |    | |     \ \______/ /___________) |       
         \__________||_|        |_|    |_|      \________//____________/        
                                                                                
====================================[ Qcore ]===================================

 Git hash:   6a88d58d269bf0d2ccfae91583c23a2b072b7633
 Git date:   Tue, 25 May 2021 10:36:49 +0100
 Compiler:   GNU 9.1.0
 Build type: Release
 Version:    1.3.0

 Start time: Thu Jun 17 17:19:22 2021

 Data directory: /newhome/zw18965/.local/qcore/share/entos/1.3.0/data
 Number of threads: 16
 Number of threads was determined by: number of physical cores

 --------------------------------------------------------------------------------
                                   command: hf                                   
 --------------------------------------------------------------------------------
 AO basis set:                           cc-pwcv5z-pp-merged
 Number of AO basis functions:         206
 ECP on atom 1 (Hg):                     60 electrons

 Formula:                                Hg
 Nuclear charge:                        80.000000000
 Total charge:                           0.000000000
 Number of core electrons:              60
 Number of treated electrons:           20

 Number of alpha electrons:             10
 Number of beta electrons:              10
 Number of unpaired electrons:           0
 Spin:                                   0
 Multiplicity:                           singlet

 Theory:                                 hf
 Method for Coulomb:                     incore_df
 Method for exact exchange:              pre_transformed_df
 Integral threshold:                     1.00e-12
 DF basis set:                           def2-universal-jkfit
 Number of DF basis functions:         247
 Schwarz screening threshold:            1.00e-10
 Coulomb fitting method:                 Cholesky
 Method for AO orthogonalization:        symmetric
 Threshold for linear dependence:        1.00e-08

 -------------------------------------
  Running restricted closed-shell SCF 
 -------------------------------------
 Max number of iterations:             128
 Conv. threshold (gradient):             1.00e-05
 Conv. threshold (energy):               1.00e-06
 Interpolation scheme:                   adiis+cdiis
 Initial guess:                          H0

 ---------------------------------------------------------------
                  energy        change          grad        time
 ---------------------------------------------------------------
   0      -133.509660284                    1.00e+01        0.01
   1      -122.244802714      1.13e+01      7.51e+00        0.03
   2      -144.552114675     -2.23e+01      6.08e+00        0.03
   3      -152.347854629     -7.80e+00      1.19e+00        0.03
   4      -152.492019709     -1.44e-01      4.72e-01        0.03
   5      -152.522098884     -3.01e-02      2.66e-01        0.03
   6      -152.538427558     -1.63e-02      1.02e-01        0.03
   7      -152.539945927     -1.52e-03      5.76e-02        0.03
   8      -152.540693114     -7.47e-04      2.17e-02        0.03
   9      -152.540807276     -1.14e-04      1.67e-04        0.03
  10      -152.540807289     -1.26e-08      2.59e-05        0.03
  11      -152.540807289     -1.37e-10      6.58e-07        0.03

 SCF converged in 11 iterations.

 Dipole moment (in Debye):               0.000000      -0.000000      -0.000000

 Quadrupole moment (in Debye-Angstrom):
                  1            2            3
 1       -24.254479     0.000000    -0.000000
 2         0.000000   -24.254478     0.000000
 3        -0.000000     0.000000   -24.254478

 Spin-squared expectation <S^2>:         0.000
 Total spin quantum number S:            0.000
 TOTAL ENERGY:                        -152.540807289
 Saving results in set 'HF'

 --------------------------------------------------------------------------------
                                command: unsoldw12                               
 --------------------------------------------------------------------------------
 Number of AO basis functions:         206

 DF basis set:                           def2-qzvppd-ri
 Number of DF basis functions:         252


 --------------------------
  Virtual UW12 Correlation 
 --------------------------
 Restricted Virtual UW12 calculation:    
 Core orbitals:                          0
 Correlated orbitals:                   10
 Virtual orbitals:                     196

 Opposite spin energy:                  -0.146338254

 Reference energy:                    -152.540807289
 UW12 correlation energy:               -0.146338254
 Total UW12 energy:                   -152.687145543

 --------------------------------------------------------------------------------

 End time:                               Thu Jun 17 17:19:31 2021
 Total wall-clock time:                  8.474 seconds
==================================================================================
