
================================================================================
          _____________ ________ _______________ ________     _________         
         / ___________// ______ \\_____   _____// ______ \   / ________)        
        / /_________  / /      \ \     | |     / /      \ \ | (_______          
       |  __________|| |        | |    | |    | |        | | \________ \        
        \ \_________ | |        | |    | |     \ \______/ /___________) |       
         \__________||_|        |_|    |_|      \________//____________/        
                                                                                
====================================[ Qcore ]===================================

 Git hash:   6a88d58d269bf0d2ccfae91583c23a2b072b7633
 Git date:   Tue, 25 May 2021 10:36:49 +0100
 Compiler:   GNU 9.1.0
 Build type: Release
 Version:    1.3.0

 Start time: Thu Jun 17 17:19:42 2021

 Data directory: /newhome/zw18965/.local/qcore/share/entos/1.3.0/data
 Number of threads: 16
 Number of threads was determined by: number of physical cores

 --------------------------------------------------------------------------------
                                   command: hf                                   
 --------------------------------------------------------------------------------
 AO basis set:                           cc-pwcv5z-pp-merged
 Number of AO basis functions:         229
 ECP on atom 1 (Pb):                     60 electrons

 Formula:                                Pb
 Nuclear charge:                        82.000000000
 Total charge:                           0.000000000
 Number of core electrons:              60
 Number of treated electrons:           22

 Number of alpha electrons:             12
 Number of beta electrons:              10
 Number of unpaired electrons:           2
 Spin:                                   2
 Multiplicity:                           triplet

 Theory:                                 hf
 Method for Coulomb:                     incore_df
 Method for exact exchange:              pre_transformed_df
 Integral threshold:                     1.00e-12
 DF basis set:                           def2-universal-jkfit
 Number of DF basis functions:         251
 Schwarz screening threshold:            1.00e-10
 Coulomb fitting method:                 Cholesky
 Method for AO orthogonalization:        symmetric
 Threshold for linear dependence:        1.00e-08

 -------------------------------------
  Running unrestricted open-shell SCF 
 -------------------------------------
 Max number of iterations:             128
 Conv. threshold (gradient):             1.00e-05
 Conv. threshold (energy):               1.00e-06
 Interpolation scheme:                   adiis+cdiis
 Initial guess:                          H0

 ---------------------------------------------------------------
                  energy        change          grad        time
 ---------------------------------------------------------------
   0      -163.755781964                    6.92e+00        0.02
   1      -146.971930616      1.68e+01      3.85e+00        0.04
   2      -177.854469808     -3.09e+01      5.82e+00        0.04
   3      -191.501369758     -1.36e+01      8.16e-01        0.04
   4      -191.771036637     -2.70e-01      3.21e-01        0.04
   5      -191.820920707     -4.99e-02      1.33e-01        0.05
   6      -191.832883503     -1.20e-02      6.70e-02        0.05
   7      -191.835545403     -2.66e-03      3.08e-02        0.06
   8      -191.836346139     -8.01e-04      5.51e-04        0.05
   9      -191.836346423     -2.84e-07      1.35e-04        0.05
  10      -191.836346440     -1.73e-08      1.89e-05        0.06
  11      -191.836346441     -3.52e-10      4.37e-06        0.06

 SCF converged in 11 iterations.

 Dipole moment (in Debye):              -0.000000      -0.000000      -0.000000

 Quadrupole moment (in Debye-Angstrom):
                  1            2            3
 1       -30.745054     0.679282     2.788883
 2         0.679282   -31.917267     1.277172
 3         2.788883     1.277172   -26.984735

 Spin-squared expectation <S^2>:         2.011
 Total spin quantum number S:            1.004
 TOTAL ENERGY:                        -191.836346441
 Saving results in set 'HF'

 --------------------------------------------------------------------------------
                                command: unsoldw12                               
 --------------------------------------------------------------------------------
 Number of AO basis functions:         229

 DF basis set:                           def2-qzvppd-ri
 Number of DF basis functions:         281


 --------------------------
  Virtual UW12 Correlation 
 --------------------------
 Unrestricted MP2 calculation:           
 Core spatial orbitals:                  4
 Correlated alpha orbitals:              8
 Correlated beta orbitals:               6
 Virtual alpha orbitals:               217
 Virtual beta orbitals:                219

 Opposite spin energy:                  -0.122737981

 Reference energy:                    -191.836346441
 UW12 correlation energy:               -0.122737981
 Total UW12 energy:                   -191.959084421

 --------------------------------------------------------------------------------

 End time:                               Thu Jun 17 17:19:52 2021
 Total wall-clock time:                 10.528 seconds
==================================================================================
