
================================================================================
          _____________ ________ _______________ ________     _________         
         / ___________// ______ \\_____   _____// ______ \   / ________)        
        / /_________  / /      \ \     | |     / /      \ \ | (_______          
       |  __________|| |        | |    | |    | |        | | \________ \        
        \ \_________ | |        | |    | |     \ \______/ /___________) |       
         \__________||_|        |_|    |_|      \________//____________/        
                                                                                
====================================[ Qcore ]===================================

 Git hash:   6a88d58d269bf0d2ccfae91583c23a2b072b7633
 Git date:   Tue, 25 May 2021 10:36:49 +0100
 Compiler:   GNU 9.1.0
 Build type: Release
 Version:    1.3.0

 Start time: Thu Jun 17 17:20:03 2021

 Data directory: /newhome/zw18965/.local/qcore/share/entos/1.3.0/data
 Number of threads: 16
 Number of threads was determined by: number of physical cores

 --------------------------------------------------------------------------------
                                   command: hf                                   
 --------------------------------------------------------------------------------
 AO basis set:                           cc-pwcv5z-pp-merged
 Number of AO basis functions:         229
 ECP on atom 1 (Po):                     60 electrons

 Formula:                                Po
 Nuclear charge:                        84.000000000
 Total charge:                           0.000000000
 Number of core electrons:              60
 Number of treated electrons:           24

 Number of alpha electrons:             13
 Number of beta electrons:              11
 Number of unpaired electrons:           2
 Spin:                                   2
 Multiplicity:                           triplet

 Theory:                                 hf
 Method for Coulomb:                     incore_df
 Method for exact exchange:              pre_transformed_df
 Integral threshold:                     1.00e-12
 DF basis set:                           def2-universal-jkfit
 Number of DF basis functions:         251
 Schwarz screening threshold:            1.00e-10
 Coulomb fitting method:                 Cholesky
 Method for AO orthogonalization:        symmetric
 Threshold for linear dependence:        1.00e-08

 -------------------------------------
  Running unrestricted open-shell SCF 
 -------------------------------------
 Max number of iterations:             128
 Conv. threshold (gradient):             1.00e-05
 Conv. threshold (energy):               1.00e-06
 Interpolation scheme:                   adiis+cdiis
 Initial guess:                          H0

 ---------------------------------------------------------------
                  energy        change          grad        time
 ---------------------------------------------------------------
   0      -192.418337085                    8.15e+00        0.02
   1      -174.876819383      1.75e+01      4.88e+00        0.04
   2      -214.327018114     -3.95e+01      5.98e+00        0.04
   3      -236.188822247     -2.19e+01      1.22e+00        0.04
   4      -236.636835687     -4.48e-01      4.01e-01        0.04
   5      -236.708789695     -7.20e-02      1.57e-01        0.05
   6      -236.723575649     -1.48e-02      7.44e-02        0.05
   7      -236.726417729     -2.84e-03      3.15e-02        0.06
   8      -236.727125025     -7.07e-04      8.95e-04        0.05
   9      -236.727125718     -6.94e-07      1.61e-04        0.05
  10      -236.727125735     -1.70e-08      2.77e-05        0.05
  11      -236.727125736     -7.74e-10      1.17e-05        0.06
  12      -236.727125736     -1.01e-10      1.80e-06        0.07

 SCF converged in 12 iterations.

 Dipole moment (in Debye):               0.000000       0.000000       0.000000

 Quadrupole moment (in Debye-Angstrom):
                  1            2            3
 1       -30.132881    -0.803816     1.256331
 2        -0.803816   -30.842344     1.927660
 3         1.256331     1.927660   -32.621853

 Spin-squared expectation <S^2>:         2.012
 Total spin quantum number S:            1.004
 TOTAL ENERGY:                        -236.727125736
 Saving results in set 'HF'

 --------------------------------------------------------------------------------
                                command: unsoldw12                               
 --------------------------------------------------------------------------------
 Number of AO basis functions:         229

 DF basis set:                           def2-qzvppd-ri
 Number of DF basis functions:         281


 --------------------------
  Virtual UW12 Correlation 
 --------------------------
 Unrestricted MP2 calculation:           
 Core spatial orbitals:                  4
 Correlated alpha orbitals:              9
 Correlated beta orbitals:               7
 Virtual alpha orbitals:               216
 Virtual beta orbitals:                218

 Opposite spin energy:                  -0.134574973

 Reference energy:                    -236.727125736
 UW12 correlation energy:               -0.134574973
 Total UW12 energy:                   -236.861700709

 --------------------------------------------------------------------------------

 End time:                               Thu Jun 17 17:20:13 2021
 Total wall-clock time:                 10.330 seconds
==================================================================================
