
================================================================================
          _____________ ________ _______________ ________     _________         
         / ___________// ______ \\_____   _____// ______ \   / ________)        
        / /_________  / /      \ \     | |     / /      \ \ | (_______          
       |  __________|| |        | |    | |    | |        | | \________ \        
        \ \_________ | |        | |    | |     \ \______/ /___________) |       
         \__________||_|        |_|    |_|      \________//____________/        
                                                                                
====================================[ Qcore ]===================================

 Git hash:   6a88d58d269bf0d2ccfae91583c23a2b072b7633
 Git date:   Tue, 25 May 2021 10:36:49 +0100
 Compiler:   GNU 9.1.0
 Build type: Release
 Version:    1.3.0

 Start time: Thu Jun 17 17:21:55 2021

 Data directory: /newhome/zw18965/.local/qcore/share/entos/1.3.0/data
 Number of threads: 16
 Number of threads was determined by: number of physical cores

 --------------------------------------------------------------------------------
                                   command: hf                                   
 --------------------------------------------------------------------------------
 AO basis set:                           cc-pwcvtz-pp-merged
 Number of AO basis functions:          43

 Formula:                                C
 Nuclear charge:                         6.000000000
 Total charge:                           0.000000000
 Number of electrons:                    6.000000000

 Number of alpha electrons:              4
 Number of beta electrons:               2
 Number of unpaired electrons:           2
 Spin:                                   2
 Multiplicity:                           triplet

 Theory:                                 hf
 Method for Coulomb:                     incore_df
 Method for exact exchange:              pre_transformed_df
 Integral threshold:                     1.00e-12
 DF basis set:                           def2-universal-jkfit
 Number of DF basis functions:          75
 Schwarz screening threshold:            1.00e-10
 Coulomb fitting method:                 Cholesky
 Method for AO orthogonalization:        symmetric
 Threshold for linear dependence:        1.00e-08

 -------------------------------------
  Running unrestricted open-shell SCF 
 -------------------------------------
 Max number of iterations:             128
 Conv. threshold (gradient):             1.00e-05
 Conv. threshold (energy):               1.00e-06
 Interpolation scheme:                   adiis+cdiis
 Initial guess:                          H0

 ---------------------------------------------------------------
                  energy        change          grad        time
 ---------------------------------------------------------------
   0       -34.499552252                    3.50e+00        0.00
   1       -37.507563234     -3.01e+00      5.93e-01        0.00
   2       -37.687384666     -1.80e-01      1.21e-01        0.00
   3       -37.691391062     -4.01e-03      1.95e-02        0.00
   4       -37.691625100     -2.34e-04      6.51e-03        0.00
   5       -37.691659179     -3.41e-05      1.47e-03        0.00
   6       -37.691660703     -1.52e-06      2.56e-04        0.00
   7       -37.691660764     -6.10e-08      2.72e-05        0.00
   8       -37.691660765     -5.94e-10      2.50e-06        0.00

 SCF converged in 8 iterations.

 Dipole moment (in Debye):              -0.000000      -0.000000      -0.000000

 Quadrupole moment (in Debye-Angstrom):
                  1            2            3
 1        -5.661040    -0.002290     0.976925
 2        -0.002290    -6.790369    -0.001981
 3         0.976925    -0.001981    -5.945290

 Spin-squared expectation <S^2>:         2.009
 Total spin quantum number S:            1.003
 TOTAL ENERGY:                         -37.691660765
 Saving results in set 'HF'

 --------------------------------------------------------------------------------
                                command: unsoldw12                               
 --------------------------------------------------------------------------------
 Number of AO basis functions:          43

 DF basis set:                           def2-qzvppd-ri
 Number of DF basis functions:         157


 --------------------------
  Virtual UW12 Correlation 
 --------------------------
 Unrestricted MP2 calculation:           
 Core spatial orbitals:                  0
 Correlated alpha orbitals:              4
 Correlated beta orbitals:               2
 Virtual alpha orbitals:                39
 Virtual beta orbitals:                 41

 Opposite spin energy:                  -0.014960999

 Reference energy:                     -37.691660765
 UW12 correlation energy:               -0.014960999
 Total UW12 energy:                    -37.706621764

 --------------------------------------------------------------------------------

 End time:                               Thu Jun 17 17:21:56 2021
 Total wall-clock time:                  0.335 seconds
==================================================================================
