
================================================================================
          _____________ ________ _______________ ________     _________         
         / ___________// ______ \\_____   _____// ______ \   / ________)        
        / /_________  / /      \ \     | |     / /      \ \ | (_______          
       |  __________|| |        | |    | |    | |        | | \________ \        
        \ \_________ | |        | |    | |     \ \______/ /___________) |       
         \__________||_|        |_|    |_|      \________//____________/        
                                                                                
====================================[ Qcore ]===================================

 Git hash:   6a88d58d269bf0d2ccfae91583c23a2b072b7633
 Git date:   Tue, 25 May 2021 10:36:49 +0100
 Compiler:   GNU 9.1.0
 Build type: Release
 Version:    1.3.0

 Start time: Thu Jun 17 17:21:59 2021

 Data directory: /newhome/zw18965/.local/qcore/share/entos/1.3.0/data
 Number of threads: 16
 Number of threads was determined by: number of physical cores

 --------------------------------------------------------------------------------
                                   command: hf                                   
 --------------------------------------------------------------------------------
 AO basis set:                           cc-pwcvtz-pp-merged
 Number of AO basis functions:          59

 Formula:                                Al
 Nuclear charge:                        13.000000000
 Total charge:                           0.000000000
 Number of electrons:                   13.000000000

 Number of alpha electrons:              7
 Number of beta electrons:               6
 Number of unpaired electrons:           1
 Spin:                                   1
 Multiplicity:                           doublet

 Theory:                                 hf
 Method for Coulomb:                     incore_df
 Method for exact exchange:              pre_transformed_df
 Integral threshold:                     1.00e-12
 DF basis set:                           def2-universal-jkfit
 Number of DF basis functions:         128
 Schwarz screening threshold:            1.00e-10
 Coulomb fitting method:                 Cholesky
 Method for AO orthogonalization:        symmetric
 Threshold for linear dependence:        1.00e-08

 -------------------------------------
  Running unrestricted open-shell SCF 
 -------------------------------------
 Max number of iterations:             128
 Conv. threshold (gradient):             1.00e-05
 Conv. threshold (energy):               1.00e-06
 Interpolation scheme:                   adiis+cdiis
 Initial guess:                          H0

 ---------------------------------------------------------------
                  energy        change          grad        time
 ---------------------------------------------------------------
   0      -215.157418098                    1.17e+01        0.00
   1      -212.727913723      2.43e+00      6.12e+00        0.01
   2      -235.124523092     -2.24e+01      5.23e+00        0.01
   3      -241.237410401     -6.11e+00      1.43e+00        0.01
   4      -241.824753439     -5.87e-01      5.41e-01        0.01
   5      -241.874447898     -4.97e-02      1.45e-01        0.01
   6      -241.878669246     -4.22e-03      4.47e-02        0.01
   7      -241.879058227     -3.89e-04      1.18e-02        0.01
   8      -241.879120962     -6.27e-05      8.89e-04        0.01
   9      -241.879122182     -1.22e-06      1.80e-04        0.01
  10      -241.879122232     -5.03e-08      3.10e-05        0.01
  11      -241.879122234     -1.84e-09      6.18e-06        0.01

 SCF converged in 11 iterations.

 Dipole moment (in Debye):               0.000000      -0.000000      -0.000000

 Quadrupole moment (in Debye-Angstrom):
                  1            2            3
 1       -12.645484     0.000000    -1.612217
 2         0.000000   -12.282552     0.000000
 3        -1.612217     0.000000   -19.444349

 Spin-squared expectation <S^2>:         0.770
 Total spin quantum number S:            0.510
 TOTAL ENERGY:                        -241.879122234
 Saving results in set 'HF'

 --------------------------------------------------------------------------------
                                command: unsoldw12                               
 --------------------------------------------------------------------------------
 Number of AO basis functions:          59

 DF basis set:                           def2-qzvppd-ri
 Number of DF basis functions:         183


 --------------------------
  Virtual UW12 Correlation 
 --------------------------
 Unrestricted MP2 calculation:           
 Core spatial orbitals:                  0
 Correlated alpha orbitals:              7
 Correlated beta orbitals:               6
 Virtual alpha orbitals:                52
 Virtual beta orbitals:                 53

 Opposite spin energy:                  -0.033145217

 Reference energy:                    -241.879122234
 UW12 correlation energy:               -0.033145217
 Total UW12 energy:                   -241.912267451

 --------------------------------------------------------------------------------

 End time:                               Thu Jun 17 17:21:59 2021
 Total wall-clock time:                  0.673 seconds
==================================================================================
