
================================================================================
          _____________ ________ _______________ ________     _________         
         / ___________// ______ \\_____   _____// ______ \   / ________)        
        / /_________  / /      \ \     | |     / /      \ \ | (_______          
       |  __________|| |        | |    | |    | |        | | \________ \        
        \ \_________ | |        | |    | |     \ \______/ /___________) |       
         \__________||_|        |_|    |_|      \________//____________/        
                                                                                
====================================[ Qcore ]===================================

 Git hash:   6a88d58d269bf0d2ccfae91583c23a2b072b7633
 Git date:   Tue, 25 May 2021 10:36:49 +0100
 Compiler:   GNU 9.1.0
 Build type: Release
 Version:    1.3.0

 Start time: Thu Jun 17 17:22:06 2021

 Data directory: /newhome/zw18965/.local/qcore/share/entos/1.3.0/data
 Number of threads: 16
 Number of threads was determined by: number of physical cores

 --------------------------------------------------------------------------------
                                   command: hf                                   
 --------------------------------------------------------------------------------
 AO basis set:                           cc-pwcvtz-pp-merged
 Number of AO basis functions:         102

 Formula:                                Sc
 Nuclear charge:                        21.000000000
 Total charge:                           0.000000000
 Number of electrons:                   21.000000000

 Number of alpha electrons:             11
 Number of beta electrons:              10
 Number of unpaired electrons:           1
 Spin:                                   1
 Multiplicity:                           doublet

 Theory:                                 hf
 Method for Coulomb:                     incore_df
 Method for exact exchange:              pre_transformed_df
 Integral threshold:                     1.00e-12
 DF basis set:                           def2-universal-jkfit
 Number of DF basis functions:         264
 Schwarz screening threshold:            1.00e-10
 Coulomb fitting method:                 Cholesky
 Method for AO orthogonalization:        symmetric
 Threshold for linear dependence:        1.00e-08

 -------------------------------------
  Running unrestricted open-shell SCF 
 -------------------------------------
 Max number of iterations:             128
 Conv. threshold (gradient):             1.00e-05
 Conv. threshold (energy):               1.00e-06
 Interpolation scheme:                   adiis+cdiis
 Initial guess:                          H0

 ---------------------------------------------------------------
                  energy        change          grad        time
 ---------------------------------------------------------------
   0      -676.138177006                    1.74e+01        0.01
   1      -717.639984965     -4.15e+01      8.88e+00        0.02
   2      -748.514399228     -3.09e+01      6.18e+00        0.02
   3      -758.457328689     -9.94e+00      1.59e+00        0.02
   4      -758.314068779      1.43e-01      1.49e+00        0.02
   5      -759.708640796     -1.39e+00      2.12e-01        0.02
   6      -759.737790857     -2.92e-02      8.32e-02        0.02
   7      -759.739943528     -2.15e-03      1.91e-02        0.03
   8      -759.740230714     -2.87e-04      9.70e-03        0.02
   9      -759.740334372     -1.04e-04      6.63e-03        0.02
  10      -759.740401671     -6.73e-05      3.79e-03        0.02
  11      -759.740453467     -5.18e-05      1.70e-03        0.02
  12      -759.740462914     -9.45e-06      7.05e-04        0.02
  13      -759.740464068     -1.15e-06      2.80e-04        0.02
  14      -759.740464252     -1.84e-07      1.62e-04        0.02
  15      -759.740464317     -6.55e-08      1.56e-04        0.02
  16      -759.740464367     -5.02e-08      1.55e-04        0.02
  17      -759.740464411     -4.39e-08      1.52e-04        0.02
  18      -759.740464461     -4.96e-08      1.51e-04        0.02
  19      -759.740464645     -1.84e-07      1.47e-04        0.02
  20      -759.740465172     -5.27e-07      1.40e-04        0.02
  21      -759.740466659     -1.49e-06      1.40e-04        0.02
  22      -759.740466757     -9.83e-08      1.66e-04        0.02
  23      -759.740468072     -1.32e-06      2.65e-04        0.02
  24      -759.740468062      1.03e-08      2.13e-04        0.02
  25      -759.740468106     -4.47e-08      2.06e-04        0.02
  26      -759.740468094      1.20e-08      1.68e-04        0.02
  27      -759.740468175     -8.08e-08      1.89e-04        0.02
  28      -759.740468169      6.58e-09      1.66e-04        0.02
  29      -759.740468227     -5.85e-08      8.86e-05        0.02
  30      -759.740468280     -5.33e-08      6.46e-05        0.02
  31      -759.740468283     -2.08e-09      1.97e-05        0.02
  32      -759.740468283     -1.44e-10      2.62e-05        0.02
  33      -759.740468283     -9.47e-11      3.92e-06        0.02

 SCF converged in 33 iterations.

 Dipole moment (in Debye):               0.000000       0.000000      -0.000000

 Quadrupole moment (in Debye-Angstrom):
                  1            2            3
 1       -23.888164     0.006720    -0.046493
 2         0.006720   -23.891702    -0.035764
 3        -0.046493    -0.035764   -23.648295

 Spin-squared expectation <S^2>:         0.762
 Total spin quantum number S:            0.506
 TOTAL ENERGY:                        -759.740468283
 Saving results in set 'HF'

 --------------------------------------------------------------------------------
                                command: unsoldw12                               
 --------------------------------------------------------------------------------
 Number of AO basis functions:         102

 DF basis set:                           def2-qzvppd-ri
 Number of DF basis functions:         309


 --------------------------
  Virtual UW12 Correlation 
 --------------------------
 Unrestricted MP2 calculation:           
 Core spatial orbitals:                  0
 Correlated alpha orbitals:             11
 Correlated beta orbitals:              10
 Virtual alpha orbitals:                91
 Virtual beta orbitals:                 92

 Opposite spin energy:                  -0.062069608

 Reference energy:                    -759.740468283
 UW12 correlation energy:               -0.062069608
 Total UW12 energy:                   -759.802537890

 --------------------------------------------------------------------------------

 End time:                               Thu Jun 17 17:22:13 2021
 Total wall-clock time:                  6.902 seconds
==================================================================================
