
================================================================================
          _____________ ________ _______________ ________     _________         
         / ___________// ______ \\_____   _____// ______ \   / ________)        
        / /_________  / /      \ \     | |     / /      \ \ | (_______          
       |  __________|| |        | |    | |    | |        | | \________ \        
        \ \_________ | |        | |    | |     \ \______/ /___________) |       
         \__________||_|        |_|    |_|      \________//____________/        
                                                                                
====================================[ Qcore ]===================================

 Git hash:   6a88d58d269bf0d2ccfae91583c23a2b072b7633
 Git date:   Tue, 25 May 2021 10:36:49 +0100
 Compiler:   GNU 9.1.0
 Build type: Release
 Version:    1.3.0

 Start time: Thu Jun 17 17:22:41 2021

 Data directory: /newhome/zw18965/.local/qcore/share/entos/1.3.0/data
 Number of threads: 16
 Number of threads was determined by: number of physical cores

 --------------------------------------------------------------------------------
                                   command: hf                                   
 --------------------------------------------------------------------------------
 AO basis set:                           cc-pwcvtz-pp-merged
 Number of AO basis functions:         102

 Formula:                                Fe
 Nuclear charge:                        26.000000000
 Total charge:                           0.000000000
 Number of electrons:                   26.000000000

 Number of alpha electrons:             15
 Number of beta electrons:              11
 Number of unpaired electrons:           4
 Spin:                                   4
 Multiplicity:                           quintet

 Theory:                                 hf
 Method for Coulomb:                     incore_df
 Method for exact exchange:              pre_transformed_df
 Integral threshold:                     1.00e-12
 DF basis set:                           def2-universal-jkfit
 Number of DF basis functions:         264
 Schwarz screening threshold:            1.00e-10
 Coulomb fitting method:                 Cholesky
 Method for AO orthogonalization:        symmetric
 Threshold for linear dependence:        1.00e-08

 -------------------------------------
  Running unrestricted open-shell SCF 
 -------------------------------------
 Max number of iterations:             128
 Conv. threshold (gradient):             1.00e-05
 Conv. threshold (energy):               1.00e-06
 Interpolation scheme:                   adiis+cdiis
 Initial guess:                          H0

 ---------------------------------------------------------------
                  energy        change          grad        time
 ---------------------------------------------------------------
   0     -1086.296821395                    2.65e+01        0.01
   1     -1165.649653621     -7.94e+01      1.52e+01        0.02
   2     -1231.457442936     -6.58e+01      1.19e+01        0.02
   3     -1259.631776628     -2.82e+01      2.65e+00        0.02
   4     -1259.796729161     -1.65e-01      2.93e+00        0.02
   5     -1262.391980333     -2.60e+00      3.26e-01        0.03
   6     -1262.426459904     -3.45e-02      2.78e-01        0.03
   7     -1262.448510335     -2.21e-02      1.06e-01        0.03
   8     -1262.451351697     -2.84e-03      8.87e-02        0.03
   9     -1262.453721679     -2.37e-03      2.40e-02        0.03
  10     -1262.454120055     -3.98e-04      4.24e-03        0.03
  11     -1262.454130991     -1.09e-05      1.55e-03        0.02
  12     -1262.454132514     -1.52e-06      6.53e-04        0.02
  13     -1262.454132811     -2.96e-07      1.32e-04        0.02
  14     -1262.454132824     -1.35e-08      3.98e-05        0.02
  15     -1262.454132825     -1.10e-09      3.49e-05        0.02
  16     -1262.454132826     -1.09e-09      3.47e-05        0.02
  17     -1262.454132828     -1.24e-09      3.48e-05        0.02
  18     -1262.454132829     -1.20e-09      3.48e-05        0.02
  19     -1262.454132831     -2.13e-09      3.48e-05        0.02
  20     -1262.454132835     -3.60e-09      3.47e-05        0.02
  21     -1262.454132842     -7.88e-09      3.47e-05        0.02
  22     -1262.454132866     -2.33e-08      3.48e-05        0.02
  23     -1262.454133047     -1.81e-07      4.52e-05        0.02
  24     -1262.454133394     -3.47e-07      1.54e-04        0.02
  25     -1262.454133672     -2.78e-07      3.32e-04        0.02
  26     -1262.454133710     -3.72e-08      3.42e-04        0.02
  27     -1262.454133779     -6.95e-08      3.74e-04        0.02
  28     -1262.454133624      1.55e-07      2.41e-04        0.02
  29     -1262.454133906     -2.81e-07      5.96e-04        0.02
  30     -1262.454133895      1.01e-08      6.26e-04        0.03
  31     -1262.454134028     -1.32e-07      6.83e-04        0.02
  32     -1262.454133651      3.77e-07      2.99e-03        0.03
  33     -1262.454134319     -6.68e-07      1.85e-03        0.02
  34     -1262.454134481     -1.62e-07      8.26e-04        0.03
  35     -1262.454134757     -2.76e-07      1.68e-04        0.02
  36     -1262.454134494      2.63e-07      2.69e-03        0.02
  37     -1262.454135207     -7.13e-07      1.81e-03        0.02
  38     -1262.454135635     -4.28e-07      1.17e-03        0.02
  39     -1262.454134588      1.05e-06      2.84e-03        0.02
  40     -1262.454134189      3.98e-07      3.16e-03        0.02
  41     -1262.454134634     -4.44e-07      2.81e-03        0.02
  42     -1262.454135154     -5.20e-07      2.32e-03        0.02
  43     -1262.454135230     -7.64e-08      2.24e-03        0.02
  44     -1262.454136170     -9.40e-07      6.61e-04        0.02
  45     -1262.454136284     -1.14e-07      2.43e-04        0.03
  46     -1262.454136289     -4.93e-09      2.13e-04        0.02
  47     -1262.454136299     -9.99e-09      4.27e-06        0.02

 SCF converged in 47 iterations.

 Dipole moment (in Debye):              -0.000000      -0.000000       0.000000

 Quadrupole moment (in Debye-Angstrom):
                  1            2            3
 1       -18.456150    -0.136196     0.082494
 2        -0.136196   -18.465626    -0.078978
 3         0.082494    -0.078978   -18.549717

 Spin-squared expectation <S^2>:         6.016
 Total spin quantum number S:            2.003
 TOTAL ENERGY:                       -1262.454136299
 Saving results in set 'HF'

 --------------------------------------------------------------------------------
                                command: unsoldw12                               
 --------------------------------------------------------------------------------
 Number of AO basis functions:         102

 DF basis set:                           def2-qzvppd-ri
 Number of DF basis functions:         309


 --------------------------
  Virtual UW12 Correlation 
 --------------------------
 Unrestricted MP2 calculation:           
 Core spatial orbitals:                  0
 Correlated alpha orbitals:             15
 Correlated beta orbitals:              11
 Virtual alpha orbitals:                87
 Virtual beta orbitals:                 91

 Opposite spin energy:                  -0.081647998

 Reference energy:                   -1262.454136299
 UW12 correlation energy:               -0.081647998
 Total UW12 energy:                  -1262.535784297

 --------------------------------------------------------------------------------

 End time:                               Thu Jun 17 17:22:49 2021
 Total wall-clock time:                  7.471 seconds
==================================================================================
