
================================================================================
          _____________ ________ _______________ ________     _________         
         / ___________// ______ \\_____   _____// ______ \   / ________)        
        / /_________  / /      \ \     | |     / /      \ \ | (_______          
       |  __________|| |        | |    | |    | |        | | \________ \        
        \ \_________ | |        | |    | |     \ \______/ /___________) |       
         \__________||_|        |_|    |_|      \________//____________/        
                                                                                
====================================[ Qcore ]===================================

 Git hash:   6a88d58d269bf0d2ccfae91583c23a2b072b7633
 Git date:   Tue, 25 May 2021 10:36:49 +0100
 Compiler:   GNU 9.1.0
 Build type: Release
 Version:    1.3.0

 Start time: Thu Jun 17 17:23:49 2021

 Data directory: /newhome/zw18965/.local/qcore/share/entos/1.3.0/data
 Number of threads: 16
 Number of threads was determined by: number of physical cores

 --------------------------------------------------------------------------------
                                   command: hf                                   
 --------------------------------------------------------------------------------
 AO basis set:                           cc-pwcvtz-pp-merged
 Number of AO basis functions:          97
 ECP on atom 1 (Mo):                     28 electrons

 Formula:                                Mo
 Nuclear charge:                        42.000000000
 Total charge:                           0.000000000
 Number of core electrons:              28
 Number of treated electrons:           14

 Number of alpha electrons:             10
 Number of beta electrons:               4
 Number of unpaired electrons:           6
 Spin:                                   6
 Multiplicity:                           octet

 Theory:                                 hf
 Method for Coulomb:                     incore_df
 Method for exact exchange:              pre_transformed_df
 Integral threshold:                     1.00e-12
 DF basis set:                           def2-universal-jkfit
 Number of DF basis functions:         255
 Schwarz screening threshold:            1.00e-10
 Coulomb fitting method:                 Cholesky
 Method for AO orthogonalization:        symmetric
 Threshold for linear dependence:        1.00e-08

 -------------------------------------
  Running unrestricted open-shell SCF 
 -------------------------------------
 Max number of iterations:             128
 Conv. threshold (gradient):             1.00e-05
 Conv. threshold (energy):               1.00e-06
 Interpolation scheme:                   adiis+cdiis
 Initial guess:                          H0

 ---------------------------------------------------------------
                  energy        change          grad        time
 ---------------------------------------------------------------
   0       -57.118357769                    3.90e+00        0.00
   1       -58.086684144     -9.68e-01      2.72e+00        0.01
   2       -64.683299012     -6.60e+00      1.86e+00        0.01
   3       -67.264226207     -2.58e+00      3.79e-01        0.01
   4       -67.332584380     -6.84e-02      1.06e-01        0.01
   5       -67.343028254     -1.04e-02      5.44e-02        0.01
   6       -67.344842031     -1.81e-03      1.75e-02        0.01
   7       -67.345220549     -3.79e-04      9.05e-04        0.01
   8       -67.345221285     -7.37e-07      2.47e-04        0.01
   9       -67.345221344     -5.85e-08      5.56e-05        0.01
  10       -67.345221348     -4.32e-09      3.93e-06        0.01

 SCF converged in 10 iterations.

 Dipole moment (in Debye):               0.000000      -0.000000       0.000000

 Quadrupole moment (in Debye-Angstrom):
                  1            2            3
 1       -23.149902    -0.000000     0.000001
 2        -0.000000   -23.149904    -0.000001
 3         0.000001    -0.000001   -23.149904

 Spin-squared expectation <S^2>:        12.003
 Total spin quantum number S:            3.000
 TOTAL ENERGY:                         -67.345221348
 Saving results in set 'HF'

 --------------------------------------------------------------------------------
                                command: unsoldw12                               
 --------------------------------------------------------------------------------
 Number of AO basis functions:          97

 DF basis set:                           def2-qzvppd-ri
 Number of DF basis functions:         252


 --------------------------
  Virtual UW12 Correlation 
 --------------------------
 Unrestricted MP2 calculation:           
 Core spatial orbitals:                  0
 Correlated alpha orbitals:             10
 Correlated beta orbitals:               4
 Virtual alpha orbitals:                87
 Virtual beta orbitals:                 93

 Opposite spin energy:                  -0.057642976

 Reference energy:                     -67.345221348
 UW12 correlation energy:               -0.057642976
 Total UW12 energy:                    -67.402864324

 --------------------------------------------------------------------------------

 End time:                               Thu Jun 17 17:23:53 2021
 Total wall-clock time:                  3.036 seconds
==================================================================================
