
================================================================================
          _____________ ________ _______________ ________     _________         
         / ___________// ______ \\_____   _____// ______ \   / ________)        
        / /_________  / /      \ \     | |     / /      \ \ | (_______          
       |  __________|| |        | |    | |    | |        | | \________ \        
        \ \_________ | |        | |    | |     \ \______/ /___________) |       
         \__________||_|        |_|    |_|      \________//____________/        
                                                                                
====================================[ Qcore ]===================================

 Git hash:   6a88d58d269bf0d2ccfae91583c23a2b072b7633
 Git date:   Tue, 25 May 2021 10:36:49 +0100
 Compiler:   GNU 9.1.0
 Build type: Release
 Version:    1.3.0

 Start time: Thu Jun 17 17:24:05 2021

 Data directory: /newhome/zw18965/.local/qcore/share/entos/1.3.0/data
 Number of threads: 16
 Number of threads was determined by: number of physical cores

 --------------------------------------------------------------------------------
                                   command: hf                                   
 --------------------------------------------------------------------------------
 AO basis set:                           cc-pwcvtz-pp-merged
 Number of AO basis functions:          97
 ECP on atom 1 (Ag):                     28 electrons

 Formula:                                Ag
 Nuclear charge:                        47.000000000
 Total charge:                           0.000000000
 Number of core electrons:              28
 Number of treated electrons:           19

 Number of alpha electrons:             10
 Number of beta electrons:               9
 Number of unpaired electrons:           1
 Spin:                                   1
 Multiplicity:                           doublet

 Theory:                                 hf
 Method for Coulomb:                     incore_df
 Method for exact exchange:              pre_transformed_df
 Integral threshold:                     1.00e-12
 DF basis set:                           def2-universal-jkfit
 Number of DF basis functions:         255
 Schwarz screening threshold:            1.00e-10
 Coulomb fitting method:                 Cholesky
 Method for AO orthogonalization:        symmetric
 Threshold for linear dependence:        1.00e-08

 -------------------------------------
  Running unrestricted open-shell SCF 
 -------------------------------------
 Max number of iterations:             128
 Conv. threshold (gradient):             1.00e-05
 Conv. threshold (energy):               1.00e-06
 Interpolation scheme:                   adiis+cdiis
 Initial guess:                          H0

 ---------------------------------------------------------------
                  energy        change          grad        time
 ---------------------------------------------------------------
   0      -122.237506851                    5.94e+00        0.01
   1      -114.522596015      7.71e+00      4.10e+00        0.02
   2      -135.991379043     -2.15e+01      3.35e+00        0.02
   3      -145.880055041     -9.89e+00      4.42e-01        0.02
   4      -146.009220065     -1.29e-01      1.86e-01        0.02
   5      -146.029357384     -2.01e-02      1.32e-01        0.02
   6      -146.053667500     -2.43e-02      4.11e-02        0.02
   7      -146.054670144     -1.00e-03      2.35e-02        0.02
   8      -146.055545140     -8.75e-04      1.08e-03        0.02
   9      -146.055547576     -2.44e-06      2.42e-04        0.02
  10      -146.055547712     -1.36e-07      1.02e-04        0.02
  11      -146.055547722     -9.36e-09      5.03e-05        0.02
  12      -146.055547724     -1.77e-09      2.20e-05        0.02
  13      -146.055547724     -4.24e-10      1.58e-06        0.03

 SCF converged in 13 iterations.

 Dipole moment (in Debye):              -0.000000       0.000000      -0.000000

 Quadrupole moment (in Debye-Angstrom):
                  1            2            3
 1       -20.764106    -0.000000    -0.000000
 2        -0.000000   -20.764107     0.000000
 3        -0.000000     0.000000   -20.764107

 Spin-squared expectation <S^2>:         0.752
 Total spin quantum number S:            0.501
 TOTAL ENERGY:                        -146.055547724
 Saving results in set 'HF'

 --------------------------------------------------------------------------------
                                command: unsoldw12                               
 --------------------------------------------------------------------------------
 Number of AO basis functions:          97

 DF basis set:                           def2-qzvppd-ri
 Number of DF basis functions:         252


 --------------------------
  Virtual UW12 Correlation 
 --------------------------
 Unrestricted MP2 calculation:           
 Core spatial orbitals:                  0
 Correlated alpha orbitals:             10
 Correlated beta orbitals:               9
 Virtual alpha orbitals:                87
 Virtual beta orbitals:                 88

 Opposite spin energy:                  -0.106986282

 Reference energy:                    -146.055547724
 UW12 correlation energy:               -0.106986282
 Total UW12 energy:                   -146.162534006

 --------------------------------------------------------------------------------

 End time:                               Thu Jun 17 17:24:09 2021
 Total wall-clock time:                  4.123 seconds
==================================================================================
