
================================================================================
          _____________ ________ _______________ ________     _________         
         / ___________// ______ \\_____   _____// ______ \   / ________)        
        / /_________  / /      \ \     | |     / /      \ \ | (_______          
       |  __________|| |        | |    | |    | |        | | \________ \        
        \ \_________ | |        | |    | |     \ \______/ /___________) |       
         \__________||_|        |_|    |_|      \________//____________/        
                                                                                
====================================[ Qcore ]===================================

 Git hash:   6a88d58d269bf0d2ccfae91583c23a2b072b7633
 Git date:   Tue, 25 May 2021 10:36:49 +0100
 Compiler:   GNU 9.1.0
 Build type: Release
 Version:    1.3.0

 Start time: Thu Jun 17 17:24:49 2021

 Data directory: /newhome/zw18965/.local/qcore/share/entos/1.3.0/data
 Number of threads: 16
 Number of threads was determined by: number of physical cores

 --------------------------------------------------------------------------------
                                   command: hf                                   
 --------------------------------------------------------------------------------
 AO basis set:                           cc-pwcvtz-pp-merged
 Number of AO basis functions:          97
 ECP on atom 1 (Ta):                     60 electrons

 Formula:                                Ta
 Nuclear charge:                        73.000000000
 Total charge:                           0.000000000
 Number of core electrons:              60
 Number of treated electrons:           13

 Number of alpha electrons:              8
 Number of beta electrons:               5
 Number of unpaired electrons:           3
 Spin:                                   3
 Multiplicity:                           quartet

 Theory:                                 hf
 Method for Coulomb:                     incore_df
 Method for exact exchange:              pre_transformed_df
 Integral threshold:                     1.00e-12
 DF basis set:                           def2-universal-jkfit
 Number of DF basis functions:         227
 Schwarz screening threshold:            1.00e-10
 Coulomb fitting method:                 Cholesky
 Method for AO orthogonalization:        symmetric
 Threshold for linear dependence:        1.00e-08

 -------------------------------------
  Running unrestricted open-shell SCF 
 -------------------------------------
 Max number of iterations:             128
 Conv. threshold (gradient):             1.00e-05
 Conv. threshold (energy):               1.00e-06
 Interpolation scheme:                   adiis+cdiis
 Initial guess:                          H0

 ---------------------------------------------------------------
                  energy        change          grad        time
 ---------------------------------------------------------------
   0       -50.528447326                    2.67e+00        0.01
   1       -53.433349441     -2.90e+00      1.31e+00        0.02
   2       -55.390191835     -1.96e+00      1.12e+00        0.01
   3       -56.619925035     -1.23e+00      2.84e-01        0.02
   4       -56.694616391     -7.47e-02      1.02e-01        0.02
   5       -56.716898480     -2.23e-02      8.47e-02        0.02
   6       -56.729179756     -1.23e-02      6.22e-02        0.02
   7       -56.743009163     -1.38e-02      2.91e-02        0.02
   8       -56.744295345     -1.29e-03      1.77e-02        0.02
   9       -56.744950683     -6.55e-04      9.25e-03        0.02
  10       -56.745275200     -3.25e-04      7.02e-03        0.02
  11       -56.745575002     -3.00e-04      3.14e-03        0.02
  12       -56.745643969     -6.90e-05      1.94e-03        0.02
  13       -56.745653262     -9.29e-06      1.28e-03        0.02
  14       -56.745658897     -5.63e-06      1.07e-03        0.02
  15       -56.745671149     -1.23e-05      6.06e-04        0.02
  16       -56.745675183     -4.03e-06      3.42e-04        0.02
  17       -56.745676048     -8.65e-07      1.23e-04        0.02
  18       -56.745676101     -5.32e-08      6.78e-05        0.02
  19       -56.745676109     -7.41e-09      1.90e-05        0.02
  20       -56.745676110     -1.00e-09      1.38e-05        0.02
  21       -56.745676110     -6.03e-10      1.25e-05        0.02
  22       -56.745676112     -1.31e-09      5.90e-06        0.02

 SCF converged in 22 iterations.

 Dipole moment (in Debye):               0.000000       0.000000       0.000000

 Quadrupole moment (in Debye-Angstrom):
                  1            2            3
 1       -27.122384    -0.000039    -0.000003
 2        -0.000039   -27.122407     0.000008
 3        -0.000003     0.000008   -27.122351

 Spin-squared expectation <S^2>:         3.778
 Total spin quantum number S:            1.507
 TOTAL ENERGY:                         -56.745676112
 Saving results in set 'HF'

 --------------------------------------------------------------------------------
                                command: unsoldw12                               
 --------------------------------------------------------------------------------
 Number of AO basis functions:          97

 DF basis set:                           def2-qzvppd-ri
 Number of DF basis functions:         261


 --------------------------
  Virtual UW12 Correlation 
 --------------------------
 Unrestricted MP2 calculation:           
 Core spatial orbitals:                  0
 Correlated alpha orbitals:              8
 Correlated beta orbitals:               5
 Virtual alpha orbitals:                89
 Virtual beta orbitals:                 92

 Opposite spin energy:                  -0.068008270

 Reference energy:                     -56.745676112
 UW12 correlation energy:               -0.068008270
 Total UW12 energy:                    -56.813684382

 --------------------------------------------------------------------------------

 End time:                               Thu Jun 17 17:24:52 2021
 Total wall-clock time:                  3.524 seconds
==================================================================================
