
================================================================================
          _____________ ________ _______________ ________     _________         
         / ___________// ______ \\_____   _____// ______ \   / ________)        
        / /_________  / /      \ \     | |     / /      \ \ | (_______          
       |  __________|| |        | |    | |    | |        | | \________ \        
        \ \_________ | |        | |    | |     \ \______/ /___________) |       
         \__________||_|        |_|    |_|      \________//____________/        
                                                                                
====================================[ Qcore ]===================================

 Git hash:   6a88d58d269bf0d2ccfae91583c23a2b072b7633
 Git date:   Tue, 25 May 2021 10:36:49 +0100
 Compiler:   GNU 9.1.0
 Build type: Release
 Version:    1.3.0

 Start time: Thu Jun 17 17:25:26 2021

 Data directory: /newhome/zw18965/.local/qcore/share/entos/1.3.0/data
 Number of threads: 16
 Number of threads was determined by: number of physical cores

 --------------------------------------------------------------------------------
                                   command: hf                                   
 --------------------------------------------------------------------------------
 AO basis set:                           cc-pwcvtz-pp-merged
 Number of AO basis functions:          80
 ECP on atom 1 (Bi):                     60 electrons

 Formula:                                Bi
 Nuclear charge:                        83.000000000
 Total charge:                           0.000000000
 Number of core electrons:              60
 Number of treated electrons:           23

 Number of alpha electrons:             13
 Number of beta electrons:              10
 Number of unpaired electrons:           3
 Spin:                                   3
 Multiplicity:                           quartet

 Theory:                                 hf
 Method for Coulomb:                     incore_df
 Method for exact exchange:              pre_transformed_df
 Integral threshold:                     1.00e-12
 DF basis set:                           def2-universal-jkfit
 Number of DF basis functions:         251
 Schwarz screening threshold:            1.00e-10
 Coulomb fitting method:                 Cholesky
 Method for AO orthogonalization:        symmetric
 Threshold for linear dependence:        1.00e-08

 -------------------------------------
  Running unrestricted open-shell SCF 
 -------------------------------------
 Max number of iterations:             128
 Conv. threshold (gradient):             1.00e-05
 Conv. threshold (energy):               1.00e-06
 Interpolation scheme:                   adiis+cdiis
 Initial guess:                          H0

 ---------------------------------------------------------------
                  energy        change          grad        time
 ---------------------------------------------------------------
   0      -180.842444952                    6.17e+00        0.01
   1      -170.388160525      1.05e+01      4.12e+00        0.01
   2      -196.399773064     -2.60e+01      4.43e+00        0.01
   3      -213.306733100     -1.69e+01      6.81e-01        0.01
   4      -213.541879193     -2.35e-01      2.75e-01        0.01
   5      -213.583559388     -4.17e-02      1.07e-01        0.01
   6      -213.592190157     -8.63e-03      5.10e-02        0.01
   7      -213.593885672     -1.70e-03      2.15e-02        0.02
   8      -213.594323065     -4.37e-04      2.88e-04        0.01
   9      -213.594323165     -1.01e-07      5.00e-05        0.01
  10      -213.594323167     -1.90e-09      4.43e-06        0.01

 SCF converged in 10 iterations.

 Dipole moment (in Debye):              -0.000000       0.000000      -0.000000

 Quadrupole moment (in Debye-Angstrom):
                  1            2            3
 1       -30.416850    -0.000001     0.000000
 2        -0.000001   -30.416846    -0.000000
 3         0.000000    -0.000000   -30.416850

 Spin-squared expectation <S^2>:         3.756
 Total spin quantum number S:            1.502
 TOTAL ENERGY:                        -213.594323167
 Saving results in set 'HF'

 --------------------------------------------------------------------------------
                                command: unsoldw12                               
 --------------------------------------------------------------------------------
 Number of AO basis functions:          80

 DF basis set:                           def2-qzvppd-ri
 Number of DF basis functions:         281


 --------------------------
  Virtual UW12 Correlation 
 --------------------------
 Unrestricted MP2 calculation:           
 Core spatial orbitals:                  0
 Correlated alpha orbitals:             13
 Correlated beta orbitals:              10
 Virtual alpha orbitals:                67
 Virtual beta orbitals:                 70

 Opposite spin energy:                  -0.143527808

 Reference energy:                    -213.594323167
 UW12 correlation energy:               -0.143527808
 Total UW12 energy:                   -213.737850975

 --------------------------------------------------------------------------------

 End time:                               Thu Jun 17 17:25:29 2021
 Total wall-clock time:                  3.344 seconds
==================================================================================
