
================================================================================
          _____________ ________ _______________ ________     _________         
         / ___________// ______ \\_____   _____// ______ \   / ________)        
        / /_________  / /      \ \     | |     / /      \ \ | (_______          
       |  __________|| |        | |    | |    | |        | | \________ \        
        \ \_________ | |        | |    | |     \ \______/ /___________) |       
         \__________||_|        |_|    |_|      \________//____________/        
                                                                                
====================================[ Qcore ]===================================

 Git hash:   6a88d58d269bf0d2ccfae91583c23a2b072b7633
 Git date:   Tue, 25 May 2021 10:36:49 +0100
 Compiler:   GNU 9.1.0
 Build type: Release
 Version:    1.3.0

 Start time: Thu Jun 17 16:57:17 2021

 Data directory: /newhome/zw18965/.local/qcore/share/entos/1.3.0/data
 Number of threads: 16
 Number of threads was determined by: number of physical cores

 --------------------------------------------------------------------------------
                                   command: hf                                   
 --------------------------------------------------------------------------------
 AO basis set:                           cc-pwcvtz-pp-merged
 Number of AO basis functions:          59

 Formula:                                S
 Nuclear charge:                        16.000000000
 Total charge:                           0.000000000
 Number of electrons:                   16.000000000

 Number of alpha electrons:              9
 Number of beta electrons:               7
 Number of unpaired electrons:           2
 Spin:                                   2
 Multiplicity:                           triplet

 Theory:                                 hf
 Method for Coulomb:                     incore_df
 Method for exact exchange:              pre_transformed_df
 Integral threshold:                     1.00e-12
 DF basis set:                           def2-universal-jkfit
 Number of DF basis functions:         128
 Schwarz screening threshold:            1.00e-10
 Coulomb fitting method:                 Cholesky
 Method for AO orthogonalization:        symmetric
 Threshold for linear dependence:        1.00e-08

 -------------------------------------
  Running unrestricted open-shell SCF 
 -------------------------------------
 Max number of iterations:             128
 Conv. threshold (gradient):             1.00e-05
 Conv. threshold (energy):               1.00e-06
 Interpolation scheme:                   adiis+cdiis
 Initial guess:                          H0

 ---------------------------------------------------------------
                  energy        change          grad        time
 ---------------------------------------------------------------
   0      -351.749832310                    1.57e+01        0.00
   1      -384.216059071     -3.25e+01      6.14e+00        0.00
   2      -394.900937977     -1.07e+01      3.10e+00        0.00
   3      -397.272712324     -2.37e+00      9.78e-01        0.00
   4      -397.495660099     -2.23e-01      2.94e-01        0.00
   5      -397.508780808     -1.31e-02      7.17e-02        0.00
   6      -397.509523455     -7.43e-04      1.80e-02        0.00
   7      -397.509572247     -4.88e-05      1.39e-03        0.00
   8      -397.509574287     -2.04e-06      2.50e-04        0.00
   9      -397.509574407     -1.20e-07      6.06e-05        0.00
  10      -397.509574413     -6.52e-09      1.26e-05        0.00
  11      -397.509574413     -9.92e-11      1.32e-06        0.00

 SCF converged in 11 iterations.

 Dipole moment (in Debye):               0.000000      -0.000000      -0.000000

 Quadrupole moment (in Debye-Angstrom):
                  1            2            3
 1       -12.025012     0.000000     0.000000
 2         0.000000   -14.970825    -0.000000
 3         0.000000    -0.000000   -12.025012

 Spin-squared expectation <S^2>:         2.012
 Total spin quantum number S:            1.004
 TOTAL ENERGY:                        -397.509574413
 Saving results in set 'HF'

 --------------------------------------------------------------------------------
                                command: unsoldw12                               
 --------------------------------------------------------------------------------
 Number of AO basis functions:          59

 DF basis set:                           def2-qzvppd-ri
 Number of DF basis functions:         183

 Unrestricted UW12 calculation:          
 Core spatial orbitals:                  5
 Correlated alpha orbitals:              4
 Correlated beta orbitals:               2

 ------------------
  UW12 Correlation 
 ------------------
 Factor for UW12 correlation:            1.000000000
 Same spin scale factor:                 0.000000000
 Calculate indirect contribution:        false
 Method for three electron term:         df_ri
 Auxiliary RI basis set:                 def2-QZVPPD-ri
 Number of RI basis functions:         183
 Gaussians in geminal expansion:         4
 UW12 screening threshold:               1.00e-10
 Method for density-fitting:             w(r)
 Number of core spatial orbitals:        5


 Reference energy:                    -397.509574413
 UW12 correlation energy:               -0.022483295
 Total UW12 energy:                   -397.532057708

 --------------------------------------------------------------------------------

 End time:                               Thu Jun 17 16:57:18 2021
 Total wall-clock time:                  0.666 seconds
==================================================================================
