
================================================================================
          _____________ ________ _______________ ________     _________         
         / ___________// ______ \\_____   _____// ______ \   / ________)        
        / /_________  / /      \ \     | |     / /      \ \ | (_______          
       |  __________|| |        | |    | |    | |        | | \________ \        
        \ \_________ | |        | |    | |     \ \______/ /___________) |       
         \__________||_|        |_|    |_|      \________//____________/        
                                                                                
====================================[ Qcore ]===================================

 Git hash:   6a88d58d269bf0d2ccfae91583c23a2b072b7633
 Git date:   Tue, 25 May 2021 10:36:49 +0100
 Compiler:   GNU 9.1.0
 Build type: Release
 Version:    1.3.0

 Start time: Thu Jun 17 16:58:29 2021

 Data directory: /newhome/zw18965/.local/qcore/share/entos/1.3.0/data
 Number of threads: 16
 Number of threads was determined by: number of physical cores

 --------------------------------------------------------------------------------
                                   command: dft                                  
 --------------------------------------------------------------------------------
 AO basis set:                           cc-pwcvtz-pp-merged
 Number of AO basis functions:         102

 Formula:                                Ni
 Nuclear charge:                        28.000000000
 Total charge:                           0.000000000
 Number of electrons:                   28.000000000

 Number of alpha electrons:             15
 Number of beta electrons:              13
 Number of unpaired electrons:           2
 Spin:                                   2
 Multiplicity:                           triplet

 Theory:                                 dft
 Exchange-correlation functional:        b3lyp
 Method for Coulomb:                     incore_df
 Method for exact exchange:              pre_transformed_df
 Integral threshold:                     1.00e-12
 DF basis set:                           def2-universal-jkfit
 Number of DF basis functions:         264
 Schwarz screening threshold:            1.00e-10
 Coulomb fitting method:                 Cholesky
 Total number of grid points:         7936
 Method for AO orthogonalization:        symmetric
 Threshold for linear dependence:        1.00e-08

 -------------------------------------
  Running unrestricted open-shell SCF 
 -------------------------------------
 Max number of iterations:             128
 Conv. threshold (gradient):             1.00e-05
 Conv. threshold (energy):               1.00e-06
 Interpolation scheme:                   adiis+cdiis
 Initial guess:                          SAD

 ---------------------------------------------------------------
                  energy        change          grad        time
 ---------------------------------------------------------------
   0     -1508.146338799                    8.32e-03        0.02
   1     -1508.252161756     -1.06e-01      1.20e-01        0.03
   2     -1508.254856193     -2.69e-03      5.24e-02        0.03
   3     -1508.247234487      7.62e-03      1.02e-01        0.03
   4     -1508.256114879     -8.88e-03      2.36e-03        0.03
   5     -1508.256132969     -1.81e-05      1.50e-03        0.03
   6     -1508.256150323     -1.74e-05      1.44e-03        0.03
   7     -1508.256188708     -3.84e-05      1.30e-03        0.03
   8     -1508.256225600     -3.69e-05      1.73e-03        0.04
   9     -1508.256224948      6.51e-07      1.10e-03        0.04
  10     -1508.256226378     -1.43e-06      4.42e-03        0.03
  11     -1508.256235318     -8.94e-06      1.22e-03        0.03
  12     -1508.256236021     -7.03e-07      5.28e-04        0.03
  13     -1508.256236160     -1.39e-07      2.26e-05        0.03
  14     -1508.256236160     -3.27e-10      2.48e-06        0.03

 SCF converged in 14 iterations.

 Dipole moment (in Debye):               0.000000       0.000000       0.000000

 Quadrupole moment (in Debye-Angstrom):
                  1            2            3
 1       -14.502944    -0.000000    -0.000000
 2        -0.000000   -14.502944    -0.000000
 3        -0.000000    -0.000000   -14.599678

 Spin-squared expectation <S^2>:         2.000
 Total spin quantum number S:            1.000
 TOTAL ENERGY:                       -1508.256236160
 Saving results in set 'guess'

 --------------------------------------------------------------------------------
                                   command: hf                                   
 --------------------------------------------------------------------------------
 AO basis set:                           cc-pwcvtz-pp-merged
 Number of AO basis functions:         102

 Formula:                                Ni
 Nuclear charge:                        28.000000000
 Total charge:                           0.000000000
 Number of electrons:                   28.000000000

 Number of alpha electrons:             15
 Number of beta electrons:              13
 Number of unpaired electrons:           2
 Spin:                                   2
 Multiplicity:                           triplet

 Theory:                                 hf
 Method for Coulomb:                     incore_df
 Method for exact exchange:              pre_transformed_df
 Integral threshold:                     1.00e-12
 DF basis set:                           def2-universal-jkfit
 Number of DF basis functions:         264
 Schwarz screening threshold:            1.00e-10
 Coulomb fitting method:                 Cholesky
 Method for AO orthogonalization:        symmetric
 Threshold for linear dependence:        1.00e-08

 -------------------------------------
  Running unrestricted open-shell SCF 
 -------------------------------------
 Max number of iterations:             128
 Conv. threshold (gradient):             1.00e-05
 Conv. threshold (energy):               1.00e-06
 Interpolation scheme:                   adiis+cdiis

 ---------------------------------------------------------------
                  energy        change          grad        time
 ---------------------------------------------------------------
   0     -1506.796673789                    5.92e-01        0.01
   1     -1506.823069296     -2.64e-02      6.85e-02        0.01
   2     -1506.822993900      7.54e-05      8.57e-02        0.01
   3     -1506.827352150     -4.36e-03      1.42e-02        0.01
   4     -1506.827736189     -3.84e-04      1.13e-02        0.01
   5     -1506.828011083     -2.75e-04      8.46e-03        0.01
   6     -1506.828212186     -2.01e-04      4.85e-03        0.01
   7     -1506.828312035     -9.98e-05      1.11e-03        0.01
   8     -1506.828313704     -1.67e-06      7.17e-04        0.01
   9     -1506.828314092     -3.88e-07      1.83e-04        0.02
  10     -1506.828314118     -2.54e-08      4.40e-05        0.01
  11     -1506.828314119     -1.11e-09      1.04e-05        0.01
  12     -1506.828314119     -7.64e-11      1.37e-06        0.01

 SCF converged in 12 iterations.

 Dipole moment (in Debye):              -0.000000      -0.000000      -0.000000

 Quadrupole moment (in Debye-Angstrom):
                  1            2            3
 1       -14.682456     0.000000    -0.000000
 2         0.000000   -14.682456    -0.000000
 3        -0.000000    -0.000000   -15.184926

 Spin-squared expectation <S^2>:         2.001
 Total spin quantum number S:            1.000
 TOTAL ENERGY:                       -1506.828314119
 Saving results in set 'HF'

 --------------------------------------------------------------------------------
                                command: unsoldw12                               
 --------------------------------------------------------------------------------
 Number of AO basis functions:         102

 DF basis set:                           def2-qzvppd-ri
 Number of DF basis functions:         316

 Unrestricted UW12 calculation:          
 Core spatial orbitals:                  5
 Correlated alpha orbitals:             10
 Correlated beta orbitals:               8

 ------------------
  UW12 Correlation 
 ------------------
 Factor for UW12 correlation:            1.000000000
 Same spin scale factor:                 0.000000000
 Calculate indirect contribution:        false
 Method for three electron term:         df_ri
 Auxiliary RI basis set:                 def2-QZVPPD-ri
 Number of RI basis functions:         316
 Gaussians in geminal expansion:         4
 UW12 screening threshold:               1.00e-10
 Method for density-fitting:             w(r)
 Number of core spatial orbitals:        5


 Reference energy:                   -1506.828314119
 UW12 correlation energy:               -0.084118083
 Total UW12 energy:                  -1506.912432202

 --------------------------------------------------------------------------------

 End time:                               Thu Jun 17 16:58:43 2021
 Total wall-clock time:                 13.601 seconds
==================================================================================
