
================================================================================
          _____________ ________ _______________ ________     _________         
         / ___________// ______ \\_____   _____// ______ \   / ________)        
        / /_________  / /      \ \     | |     / /      \ \ | (_______          
       |  __________|| |        | |    | |    | |        | | \________ \        
        \ \_________ | |        | |    | |     \ \______/ /___________) |       
         \__________||_|        |_|    |_|      \________//____________/        
                                                                                
====================================[ Qcore ]===================================

 Git hash:   6a88d58d269bf0d2ccfae91583c23a2b072b7633
 Git date:   Tue, 25 May 2021 10:36:49 +0100
 Compiler:   GNU 9.1.0
 Build type: Release
 Version:    1.3.0

 Start time: Thu Jun 17 16:58:43 2021

 Data directory: /newhome/zw18965/.local/qcore/share/entos/1.3.0/data
 Number of threads: 16
 Number of threads was determined by: number of physical cores

 --------------------------------------------------------------------------------
                                   command: hf                                   
 --------------------------------------------------------------------------------
 AO basis set:                           cc-pwcvtz-pp-merged
 Number of AO basis functions:         102

 Formula:                                Cu
 Nuclear charge:                        29.000000000
 Total charge:                           0.000000000
 Number of electrons:                   29.000000000

 Number of alpha electrons:             15
 Number of beta electrons:              14
 Number of unpaired electrons:           1
 Spin:                                   1
 Multiplicity:                           doublet

 Theory:                                 hf
 Method for Coulomb:                     incore_df
 Method for exact exchange:              pre_transformed_df
 Integral threshold:                     1.00e-12
 DF basis set:                           def2-universal-jkfit
 Number of DF basis functions:         264
 Schwarz screening threshold:            1.00e-10
 Coulomb fitting method:                 Cholesky
 Method for AO orthogonalization:        symmetric
 Threshold for linear dependence:        1.00e-08

 -------------------------------------
  Running unrestricted open-shell SCF 
 -------------------------------------
 Max number of iterations:             128
 Conv. threshold (gradient):             1.00e-05
 Conv. threshold (energy):               1.00e-06
 Interpolation scheme:                   adiis+cdiis
 Initial guess:                          H0

 ---------------------------------------------------------------
                  energy        change          grad        time
 ---------------------------------------------------------------
   0     -1414.469661383                    3.83e+01        0.01
   1     -1491.105084316     -7.66e+01      1.89e+01        0.01
   2     -1585.841736927     -9.47e+01      1.27e+01        0.01
   3     -1636.115556134     -5.03e+01      2.89e+00        0.01
   4     -1636.139843425     -2.43e-02      2.35e+00        0.01
   5     -1638.934078064     -2.79e+00      1.66e-01        0.01
   6     -1638.924955222      9.12e-03      2.40e-01        0.01
   7     -1638.961174615     -3.62e-02      2.98e-02        0.01
   8     -1638.962064824     -8.90e-04      1.44e-02        0.01
   9     -1638.962346173     -2.81e-04      3.39e-03        0.01
  10     -1638.962359112     -1.29e-05      1.99e-03        0.01
  11     -1638.962363205     -4.09e-06      6.92e-04        0.01
  12     -1638.962363778     -5.73e-07      2.13e-04        0.01
  13     -1638.962363844     -6.59e-08      6.96e-05        0.01
  14     -1638.962363848     -4.55e-09      5.07e-06        0.01

 SCF converged in 14 iterations.

 Dipole moment (in Debye):               0.000000      -0.000000      -0.000000

 Quadrupole moment (in Debye-Angstrom):
                  1            2            3
 1       -14.327091    -0.000000     0.000000
 2        -0.000000   -14.327091     0.000000
 3         0.000000     0.000000   -14.327091

 Spin-squared expectation <S^2>:         0.752
 Total spin quantum number S:            0.501
 TOTAL ENERGY:                       -1638.962363848
 Saving results in set 'HF'

 --------------------------------------------------------------------------------
                                command: unsoldw12                               
 --------------------------------------------------------------------------------
 Number of AO basis functions:         102

 DF basis set:                           def2-qzvppd-ri
 Number of DF basis functions:         316

 Unrestricted UW12 calculation:          
 Core spatial orbitals:                  5
 Correlated alpha orbitals:             10
 Correlated beta orbitals:               9

 ------------------
  UW12 Correlation 
 ------------------
 Factor for UW12 correlation:            1.000000000
 Same spin scale factor:                 0.000000000
 Calculate indirect contribution:        false
 Method for three electron term:         df_ri
 Auxiliary RI basis set:                 def2-QZVPPD-ri
 Number of RI basis functions:         316
 Gaussians in geminal expansion:         4
 UW12 screening threshold:               1.00e-10
 Method for density-fitting:             w(r)
 Number of core spatial orbitals:        5


 Reference energy:                   -1638.962363848
 UW12 correlation energy:               -0.089937358
 Total UW12 energy:                  -1639.052301206

 --------------------------------------------------------------------------------

 End time:                               Thu Jun 17 16:58:53 2021
 Total wall-clock time:                  9.821 seconds
==================================================================================
