
================================================================================
          _____________ ________ _______________ ________     _________         
         / ___________// ______ \\_____   _____// ______ \   / ________)        
        / /_________  / /      \ \     | |     / /      \ \ | (_______          
       |  __________|| |        | |    | |    | |        | | \________ \        
        \ \_________ | |        | |    | |     \ \______/ /___________) |       
         \__________||_|        |_|    |_|      \________//____________/        
                                                                                
====================================[ Qcore ]===================================

 Git hash:   6a88d58d269bf0d2ccfae91583c23a2b072b7633
 Git date:   Tue, 25 May 2021 10:36:49 +0100
 Compiler:   GNU 9.1.0
 Build type: Release
 Version:    1.3.0

 Start time: Thu Jun 17 17:02:51 2021

 Data directory: /newhome/zw18965/.local/qcore/share/entos/1.3.0/data
 Number of threads: 16
 Number of threads was determined by: number of physical cores

 --------------------------------------------------------------------------------
                                   command: hf                                   
 --------------------------------------------------------------------------------
 AO basis set:                           cc-pwcvtz-pp-merged
 Number of AO basis functions:          97
 ECP on atom 1 (W):                      60 electrons

 Formula:                                W
 Nuclear charge:                        74.000000000
 Total charge:                           0.000000000
 Number of core electrons:              60
 Number of treated electrons:           14

 Number of alpha electrons:              9
 Number of beta electrons:               5
 Number of unpaired electrons:           4
 Spin:                                   4
 Multiplicity:                           quintet

 Theory:                                 hf
 Method for Coulomb:                     incore_df
 Method for exact exchange:              pre_transformed_df
 Integral threshold:                     1.00e-12
 DF basis set:                           def2-universal-jkfit
 Number of DF basis functions:         227
 Schwarz screening threshold:            1.00e-10
 Coulomb fitting method:                 Cholesky
 Method for AO orthogonalization:        symmetric
 Threshold for linear dependence:        1.00e-08

 -------------------------------------
  Running unrestricted open-shell SCF 
 -------------------------------------
 Max number of iterations:             128
 Conv. threshold (gradient):             1.00e-05
 Conv. threshold (energy):               1.00e-06
 Interpolation scheme:                   adiis+cdiis
 Initial guess:                          H0

 ---------------------------------------------------------------
                  energy        change          grad        time
 ---------------------------------------------------------------
   0       -59.292479267                    3.20e+00        0.01
   1       -61.378011814     -2.09e+00      1.68e+00        0.02
   2       -64.798096708     -3.42e+00      1.44e+00        0.02
   3       -66.595596802     -1.80e+00      3.86e-01        0.02
   4       -66.637022939     -4.14e-02      7.63e-02        0.02
   5       -66.641633659     -4.61e-03      3.17e-02        0.02
   6       -66.642281431     -6.48e-04      6.32e-03        0.02
   7       -66.642351060     -6.96e-05      6.63e-03        0.02
   8       -66.642415390     -6.43e-05      7.64e-03        0.02
   9       -66.642298567      1.17e-04      5.84e-03        0.02
  10       -66.642142791      1.56e-04      1.29e-03        0.02
  11       -66.642143003     -2.12e-07      7.16e-04        0.02
  12       -66.642143158     -1.55e-07      1.65e-04        0.02
  13       -66.642143217     -5.83e-08      1.20e-04        0.02
  14       -66.642143239     -2.20e-08      1.27e-04        0.02
  15       -66.642143164      7.42e-08      8.14e-05        0.02
  16       -66.642143135      2.97e-08      2.00e-05        0.02
  17       -66.642143134      8.87e-10      4.07e-06        0.02

 SCF converged in 17 iterations.

 Dipole moment (in Debye):               0.000000       0.000000       0.000000

 Quadrupole moment (in Debye-Angstrom):
                  1            2            3
 1       -25.624709     0.000008     0.000010
 2         0.000008   -25.624694    -0.000010
 3         0.000010    -0.000010   -25.624709

 Spin-squared expectation <S^2>:         7.004
 Total spin quantum number S:            2.193
 TOTAL ENERGY:                         -66.642143134
 Saving results in set 'HF'

 --------------------------------------------------------------------------------
                                command: unsoldw12                               
 --------------------------------------------------------------------------------
 Number of AO basis functions:          97

 DF basis set:                           def2-qzvppd-ri
 Number of DF basis functions:         261

 Unrestricted UW12 calculation:          
 Core spatial orbitals:                  0
 Correlated alpha orbitals:              9
 Correlated beta orbitals:               5

 ------------------
  UW12 Correlation 
 ------------------
 Factor for UW12 correlation:            1.000000000
 Same spin scale factor:                 0.000000000
 Calculate indirect contribution:        false
 Method for three electron term:         df_ri
 Auxiliary RI basis set:                 def2-QZVPPD-ri
 Number of RI basis functions:         261
 Gaussians in geminal expansion:         4
 UW12 screening threshold:               1.00e-10
 Method for density-fitting:             w(r)


 Reference energy:                     -66.642143134
 UW12 correlation energy:               -0.072253948
 Total UW12 energy:                    -66.714397082

 --------------------------------------------------------------------------------

 End time:                               Thu Jun 17 17:02:59 2021
 Total wall-clock time:                  8.094 seconds
==================================================================================
