
================================================================================
          _____________ ________ _______________ ________     _________         
         / ___________// ______ \\_____   _____// ______ \   / ________)        
        / /_________  / /      \ \     | |     / /      \ \ | (_______          
       |  __________|| |        | |    | |    | |        | | \________ \        
        \ \_________ | |        | |    | |     \ \______/ /___________) |       
         \__________||_|        |_|    |_|      \________//____________/        
                                                                                
====================================[ Qcore ]===================================

 Git hash:   6a88d58d269bf0d2ccfae91583c23a2b072b7633
 Git date:   Tue, 25 May 2021 10:36:49 +0100
 Compiler:   GNU 9.1.0
 Build type: Release
 Version:    1.3.0

 Start time: Thu Jun 17 17:03:16 2021

 Data directory: /newhome/zw18965/.local/qcore/share/entos/1.3.0/data
 Number of threads: 16
 Number of threads was determined by: number of physical cores

 --------------------------------------------------------------------------------
                                   command: hf                                   
 --------------------------------------------------------------------------------
 AO basis set:                           cc-pwcvtz-pp-merged
 Number of AO basis functions:          97
 ECP on atom 1 (Ir):                     60 electrons

 Formula:                                Ir
 Nuclear charge:                        77.000000000
 Total charge:                           0.000000000
 Number of core electrons:              60
 Number of treated electrons:           17

 Number of alpha electrons:             10
 Number of beta electrons:               7
 Number of unpaired electrons:           3
 Spin:                                   3
 Multiplicity:                           quartet

 Theory:                                 hf
 Method for Coulomb:                     incore_df
 Method for exact exchange:              pre_transformed_df
 Integral threshold:                     1.00e-12
 DF basis set:                           def2-universal-jkfit
 Number of DF basis functions:         227
 Schwarz screening threshold:            1.00e-10
 Coulomb fitting method:                 Cholesky
 Method for AO orthogonalization:        symmetric
 Threshold for linear dependence:        1.00e-08

 -------------------------------------
  Running unrestricted open-shell SCF 
 -------------------------------------
 Max number of iterations:             128
 Conv. threshold (gradient):             1.00e-05
 Conv. threshold (energy):               1.00e-06
 Interpolation scheme:                   adiis+cdiis
 Initial guess:                          H0

 ---------------------------------------------------------------
                  energy        change          grad        time
 ---------------------------------------------------------------
   0       -91.309313709                    3.48e+00        0.01
   1       -89.484057988      1.83e+00      2.10e+00        0.02
   2       -99.480247125     -1.00e+01      2.24e+00        0.02
   3      -103.518222636     -4.04e+00      3.14e-01        0.02
   4      -103.568189864     -5.00e-02      1.12e-01        0.02
   5      -103.575253119     -7.06e-03      6.85e-02        0.02
   6      -103.578378139     -3.13e-03      3.68e-02        0.02
   7      -103.579656741     -1.28e-03      2.04e-02        0.02
   8      -103.579966313     -3.10e-04      2.07e-02        0.02
   9      -103.577522286      2.44e-03      1.58e-02        0.02
  10      -103.577214503      3.08e-04      1.33e-02        0.02
  11      -103.577175685      3.88e-05      9.95e-03        0.02
  12      -103.577329885     -1.54e-04      9.48e-03        0.02
  13      -103.576775086      5.55e-04      6.73e-03        0.02
  14      -103.576508064      2.67e-04      4.84e-03        0.02
  15      -103.576493901      1.42e-05      3.73e-03        0.02
  16      -103.576506099     -1.22e-05      3.71e-03        0.02
  17      -103.576488414      1.77e-05      3.22e-03        0.02
  18      -103.576424780      6.36e-05      2.92e-03        0.02
  19      -103.576427615     -2.83e-06      3.94e-04        0.02
  20      -103.576427364      2.50e-07      1.13e-04        0.02
  21      -103.576427373     -9.07e-09      6.37e-05        0.02
  22      -103.576427372      1.51e-09      4.39e-05        0.02
  23      -103.576427375     -3.26e-09      4.30e-05        0.02
  24      -103.576427382     -7.24e-09      4.44e-05        0.02
  25      -103.576427404     -2.16e-08      4.54e-05        0.02
  26      -103.576427423     -1.92e-08      4.46e-05        0.02
  27      -103.576427442     -1.89e-08      4.21e-05        0.02
  28      -103.576427467     -2.44e-08      4.36e-05        0.02
  29      -103.576427466      9.17e-10      4.40e-05        0.02
  30      -103.576427466     -8.16e-10      4.32e-05        0.02
  31      -103.576427466      3.19e-11      4.35e-05        0.02
  32      -103.576427466      7.80e-10      4.33e-05        0.02
  33      -103.576427464      1.70e-09      4.40e-05        0.02
  34      -103.576427485     -2.07e-08      3.93e-05        0.02
  35      -103.576427552     -6.73e-08      1.55e-05        0.02
  36      -103.576427558     -5.75e-09      8.17e-06        0.02

 SCF converged in 36 iterations.

 Dipole moment (in Debye):              -0.000000       0.000000       0.000000

 Quadrupole moment (in Debye-Angstrom):
                  1            2            3
 1       -23.404291    -0.001887     0.036159
 2        -0.001887   -23.405911     0.056693
 3         0.036159     0.056693   -24.537724

 Spin-squared expectation <S^2>:         3.755
 Total spin quantum number S:            1.501
 TOTAL ENERGY:                        -103.576427559
 Saving results in set 'HF'

 --------------------------------------------------------------------------------
                                command: unsoldw12                               
 --------------------------------------------------------------------------------
 Number of AO basis functions:          97

 DF basis set:                           def2-qzvppd-ri
 Number of DF basis functions:         252

 Unrestricted UW12 calculation:          
 Core spatial orbitals:                  0
 Correlated alpha orbitals:             10
 Correlated beta orbitals:               7

 ------------------
  UW12 Correlation 
 ------------------
 Factor for UW12 correlation:            1.000000000
 Same spin scale factor:                 0.000000000
 Calculate indirect contribution:        false
 Method for three electron term:         df_ri
 Auxiliary RI basis set:                 def2-QZVPPD-ri
 Number of RI basis functions:         252
 Gaussians in geminal expansion:         4
 UW12 screening threshold:               1.00e-10
 Method for density-fitting:             w(r)


 Reference energy:                    -103.576427559
 UW12 correlation energy:               -0.111426630
 Total UW12 energy:                   -103.687854189

 --------------------------------------------------------------------------------

 End time:                               Thu Jun 17 17:03:25 2021
 Total wall-clock time:                  8.620 seconds
==================================================================================
