
================================================================================
          _____________ ________ _______________ ________     _________         
         / ___________// ______ \\_____   _____// ______ \   / ________)        
        / /_________  / /      \ \     | |     / /      \ \ | (_______          
       |  __________|| |        | |    | |    | |        | | \________ \        
        \ \_________ | |        | |    | |     \ \______/ /___________) |       
         \__________||_|        |_|    |_|      \________//____________/        
                                                                                
====================================[ Qcore ]===================================

 Git hash:   6a88d58d269bf0d2ccfae91583c23a2b072b7633
 Git date:   Tue, 25 May 2021 10:36:49 +0100
 Compiler:   GNU 9.1.0
 Build type: Release
 Version:    1.3.0

 Start time: Thu Jun 17 17:04:08 2021

 Data directory: /newhome/zw18965/.local/qcore/share/entos/1.3.0/data
 Number of threads: 16
 Number of threads was determined by: number of physical cores

 --------------------------------------------------------------------------------
                                   command: hf                                   
 --------------------------------------------------------------------------------
 AO basis set:                           cc-pwcvtz-pp-merged
 Number of AO basis functions:          80
 ECP on atom 1 (Po):                     60 electrons

 Formula:                                Po
 Nuclear charge:                        84.000000000
 Total charge:                           0.000000000
 Number of core electrons:              60
 Number of treated electrons:           24

 Number of alpha electrons:             13
 Number of beta electrons:              11
 Number of unpaired electrons:           2
 Spin:                                   2
 Multiplicity:                           triplet

 Theory:                                 hf
 Method for Coulomb:                     incore_df
 Method for exact exchange:              pre_transformed_df
 Integral threshold:                     1.00e-12
 DF basis set:                           def2-universal-jkfit
 Number of DF basis functions:         251
 Schwarz screening threshold:            1.00e-10
 Coulomb fitting method:                 Cholesky
 Method for AO orthogonalization:        symmetric
 Threshold for linear dependence:        1.00e-08

 -------------------------------------
  Running unrestricted open-shell SCF 
 -------------------------------------
 Max number of iterations:             128
 Conv. threshold (gradient):             1.00e-05
 Conv. threshold (energy):               1.00e-06
 Interpolation scheme:                   adiis+cdiis
 Initial guess:                          H0

 ---------------------------------------------------------------
                  energy        change          grad        time
 ---------------------------------------------------------------
   0      -198.465105513                    5.98e+00        0.00
   1      -187.142029295      1.13e+01      4.49e+00        0.01
   2      -215.419476875     -2.83e+01      5.34e+00        0.01
   3      -236.351727091     -2.09e+01      9.23e-01        0.01
   4      -236.662219930     -3.10e-01      3.31e-01        0.01
   5      -236.713481024     -5.13e-02      1.32e-01        0.01
   6      -236.723786994     -1.03e-02      6.12e-02        0.01
   7      -236.725742392     -1.96e-03      2.63e-02        0.01
   8      -236.726222917     -4.81e-04      4.33e-04        0.01
   9      -236.726223140     -2.23e-07      7.10e-05        0.01
  10      -236.726223145     -5.56e-09      2.10e-05        0.01
  11      -236.726223146     -5.05e-10      3.36e-06        0.01

 SCF converged in 11 iterations.

 Dipole moment (in Debye):               0.000000      -0.000000      -0.000000

 Quadrupole moment (in Debye-Angstrom):
                  1            2            3
 1       -31.538267     1.134030     2.114646
 2         1.134030   -30.186512    -1.201414
 3         2.114646    -1.201414   -31.782521

 Spin-squared expectation <S^2>:         2.010
 Total spin quantum number S:            1.003
 TOTAL ENERGY:                        -236.726223146
 Saving results in set 'HF'

 --------------------------------------------------------------------------------
                                command: unsoldw12                               
 --------------------------------------------------------------------------------
 Number of AO basis functions:          80

 DF basis set:                           def2-qzvppd-ri
 Number of DF basis functions:         281

 Unrestricted UW12 calculation:          
 Core spatial orbitals:                  4
 Correlated alpha orbitals:              9
 Correlated beta orbitals:               7

 ------------------
  UW12 Correlation 
 ------------------
 Factor for UW12 correlation:            1.000000000
 Same spin scale factor:                 0.000000000
 Calculate indirect contribution:        false
 Method for three electron term:         df_ri
 Auxiliary RI basis set:                 def2-QZVPPD-ri
 Number of RI basis functions:         281
 Gaussians in geminal expansion:         4
 UW12 screening threshold:               1.00e-10
 Method for density-fitting:             w(r)
 Number of core spatial orbitals:        4


 Reference energy:                    -236.726223146
 UW12 correlation energy:               -0.135097067
 Total UW12 energy:                   -236.861320213

 --------------------------------------------------------------------------------

 End time:                               Thu Jun 17 17:04:12 2021
 Total wall-clock time:                  4.641 seconds
==================================================================================
