
================================================================================
          _____________ ________ _______________ ________     _________         
         / ___________// ______ \\_____   _____// ______ \   / ________)        
        / /_________  / /      \ \     | |     / /      \ \ | (_______          
       |  __________|| |        | |    | |    | |        | | \________ \        
        \ \_________ | |        | |    | |     \ \______/ /___________) |       
         \__________||_|        |_|    |_|      \________//____________/        
                                                                                
====================================[ Qcore ]===================================

 Git hash:   6a88d58d269bf0d2ccfae91583c23a2b072b7633
 Git date:   Tue, 25 May 2021 10:36:49 +0100
 Compiler:   GNU 9.1.0
 Build type: Release
 Version:    1.3.0

 Start time: Wed Jun 16 16:50:01 2021

 Data directory: /newhome/zw18965/.local/qcore/share/entos/1.3.0/data
 Number of threads: 16
 Number of threads was determined by: number of physical cores

 --------------------------------------------------------------------------------
                                   command: dft                                  
 --------------------------------------------------------------------------------
 AO basis set:                           aug-cc-pvdz-combined-pp
 Number of AO basis functions:          54
 ECP on atom 1 (Zr):                     28 electrons

 Formula:                                Zr
 Nuclear charge:                        40.000000000
 Total charge:                           0.000000000
 Number of core electrons:              28
 Number of treated electrons:           12

 Number of alpha electrons:              7
 Number of beta electrons:               5
 Number of unpaired electrons:           2
 Spin:                                   2
 Multiplicity:                           triplet

 Theory:                                 dft
 Exchange-correlation functional:        blyp
 Method for Coulomb:                     incore_df
 Integral threshold:                     1.00e-12
 DF basis set:                           def2-universal-jkfit
 Number of DF basis functions:         255
 Schwarz screening threshold:            1.00e-10
 Coulomb fitting method:                 Cholesky
 Total number of grid points:         8186
 Method for AO orthogonalization:        symmetric
 Threshold for linear dependence:        1.00e-08

 -------------------------------------
  Running unrestricted open-shell SCF 
 -------------------------------------
 Max number of iterations:             128
 Conv. threshold (gradient):             1.00e-05
 Conv. threshold (energy):               1.00e-06
 Interpolation scheme:                   adiis+cdiis
 Initial guess:                          H0

 ---------------------------------------------------------------
                  energy        change          grad        time
 ---------------------------------------------------------------
   0       -44.223085134                    1.05e+00        0.06
   1       -43.167501986      1.06e+00      1.73e+00        0.03
   2       -45.144920801     -1.98e+00      6.40e-01        0.02
   3       -46.638723589     -1.49e+00      4.39e-01        0.02
   4       -46.362141452      2.77e-01      4.60e-01        0.02
   5       -46.681273402     -3.19e-01      2.08e-01        0.02
   6       -46.681917109     -6.44e-04      1.98e-01        0.02
   7       -46.713626570     -3.17e-02      8.58e-02        0.02
   8       -46.714157872     -5.31e-04      9.49e-02        0.02
   9       -46.723411661     -9.25e-03      1.16e-02        0.02
  10       -46.723860436     -4.49e-04      1.10e-02        0.02
  11       -46.723984085     -1.24e-04      6.17e-03        0.02
  12       -46.724025981     -4.19e-05      2.92e-03        0.02
  13       -46.724037474     -1.15e-05      1.72e-03        0.02
  14       -46.724052380     -1.49e-05      8.30e-04        0.02
  15       -46.724069656     -1.73e-05      8.28e-04        0.02
  16       -46.724071839     -2.18e-06      6.53e-04        0.02
  17       -46.724081144     -9.31e-06      6.70e-04        0.02
  18       -46.724085231     -4.09e-06      3.88e-04        0.02
  19       -46.724085446     -2.15e-07      2.39e-04        0.02
  20       -46.724086145     -6.98e-07      1.61e-04        0.02
  21       -46.724086427     -2.82e-07      1.29e-04        0.02
  22       -46.724086530     -1.03e-07      8.92e-05        0.02
  23       -46.724086719     -1.89e-07      4.73e-05        0.02
  24       -46.724086728     -9.06e-09      1.32e-05        0.02
  25       -46.724086731     -2.67e-09      1.20e-05        0.02
  26       -46.724086735     -4.31e-09      1.10e-05        0.02
  27       -46.724086740     -4.39e-09      1.10e-05        0.02
  28       -46.724086767     -2.75e-08      1.08e-05        0.02
  29       -46.724086791     -2.37e-08      1.06e-05        0.01
  30       -46.724086814     -2.31e-08      1.06e-05        0.02
  31       -46.724086826     -1.15e-08      1.08e-05        0.02
  32       -46.724087260     -4.34e-07      6.93e-05        0.02
  33       -46.724087291     -3.13e-08      8.68e-05        0.02
  34       -46.724087180      1.11e-07      4.73e-05        0.01
  35       -46.724086922      2.57e-07      1.11e-05        0.02
  36       -46.724086962     -3.96e-08      1.52e-05        0.02
  37       -46.724087156     -1.94e-07      1.47e-05        0.02
  38       -46.724087367     -2.11e-07      3.22e-05        0.02
  39       -46.724087491     -1.24e-07      4.91e-05        0.02
  40       -46.724087517     -2.61e-08      1.22e-05        0.02
  41       -46.724087596     -7.90e-08      6.43e-05        0.02
  42       -46.724087595      8.93e-10      4.54e-05        0.02
  43       -46.724087594      1.02e-09      3.48e-05        0.02
  44       -46.724087595     -4.13e-10      1.03e-05        0.02
  45       -46.724087601     -6.00e-09      2.06e-05        0.02
  46       -46.724087598      2.65e-09      1.96e-05        0.02
  47       -46.724087605     -7.46e-09      6.29e-06        0.03

 SCF converged in 47 iterations.

 Dipole moment (in Debye):               0.000000      -0.000003      -0.000001

 Quadrupole moment (in Debye-Angstrom):
                  1            2            3
 1       -27.630514     0.000461    -0.000006
 2         0.000461   -27.630597    -0.000214
 3        -0.000006    -0.000214   -27.629556

 Spin-squared expectation <S^2>:         2.002
 Total spin quantum number S:            1.001
 TOTAL ENERGY:                         -46.724087607
 Saving results in set 'guess'

 --------------------------------------------------------------------------------
                                   command: hf                                   
 --------------------------------------------------------------------------------
 AO basis set:                           aug-cc-pvdz-combined-pp
 Number of AO basis functions:          54
 ECP on atom 1 (Zr):                     28 electrons

 Formula:                                Zr
 Nuclear charge:                        40.000000000
 Total charge:                           0.000000000
 Number of core electrons:              28
 Number of treated electrons:           12

 Number of alpha electrons:              7
 Number of beta electrons:               5
 Number of unpaired electrons:           2
 Spin:                                   2
 Multiplicity:                           triplet

 Theory:                                 hf
 Method for Coulomb:                     incore_df
 Method for exact exchange:              pre_transformed_df
 Integral threshold:                     1.00e-12
 DF basis set:                           def2-universal-jkfit
 Number of DF basis functions:         255
 Schwarz screening threshold:            1.00e-10
 Coulomb fitting method:                 Cholesky
 Method for AO orthogonalization:        symmetric
 Threshold for linear dependence:        1.00e-08

 -------------------------------------
  Running unrestricted open-shell SCF 
 -------------------------------------
 Max number of iterations:             128
 Conv. threshold (gradient):             1.00e-05
 Conv. threshold (energy):               1.00e-06
 Interpolation scheme:                   adiis+cdiis

 ---------------------------------------------------------------
                  energy        change          grad        time
 ---------------------------------------------------------------
   0       -46.293471056                    1.21e-01        0.00
   1       -46.300788414     -7.32e-03      2.31e-02        0.01
   2       -46.301867425     -1.08e-03      9.87e-03        0.01
   3       -46.302143867     -2.76e-04      2.56e-03        0.01
   4       -46.302158847     -1.50e-05      5.34e-04        0.01
   5       -46.302159801     -9.54e-07      1.03e-04        0.00
   6       -46.302159848     -4.68e-08      3.72e-05        0.01
   7       -46.302159856     -7.84e-09      3.25e-05        0.01
   8       -46.302159858     -2.46e-09      2.96e-05        0.01
   9       -46.302159872     -1.38e-08      1.72e-05        0.01
  10       -46.302159877     -5.12e-09      4.26e-06        0.01

 SCF converged in 10 iterations.

 Dipole moment (in Debye):              -0.000000       0.000003       0.000001

 Quadrupole moment (in Debye-Angstrom):
                  1            2            3
 1       -29.004256    -0.000047     0.000001
 2        -0.000047   -29.004257     0.000019
 3         0.000001     0.000019   -29.004346

 Spin-squared expectation <S^2>:         2.012
 Total spin quantum number S:            1.004
 TOTAL ENERGY:                         -46.302159877
 Saving results in set 'HF'

 --------------------------------------------------------------------------------
                                command: unsoldw12                               
 --------------------------------------------------------------------------------
 Number of AO basis functions:          54

 DF basis set:                           def2-qzvppd-ri
 Number of DF basis functions:         252

 Unrestricted UW12 calculation:          
 Core spatial orbitals:                  0
 Correlated alpha orbitals:              7
 Correlated beta orbitals:               5

 ------------------
  UW12 Correlation 
 ------------------
 Factor for UW12 correlation:            1.000000000
 Same spin scale factor:                 0.000000000
 Calculate indirect contribution:        false
 Method for three electron term:         df_ri
 Auxiliary RI basis set:                 def2-QZVPPD-ri
 Number of RI basis functions:         252
 Gaussians in geminal expansion:         4
 UW12 screening threshold:               1.00e-10
 Method for density-fitting:             w(r)


 Reference energy:                     -46.302159877
 UW12 correlation energy:               -0.059260846
 Total UW12 energy:                    -46.361420724

 --------------------------------------------------------------------------------

 End time:                               Wed Jun 16 16:50:05 2021
 Total wall-clock time:                  3.931 seconds
==================================================================================
