
================================================================================
          _____________ ________ _______________ ________     _________         
         / ___________// ______ \\_____   _____// ______ \   / ________)        
        / /_________  / /      \ \     | |     / /      \ \ | (_______          
       |  __________|| |        | |    | |    | |        | | \________ \        
        \ \_________ | |        | |    | |     \ \______/ /___________) |       
         \__________||_|        |_|    |_|      \________//____________/        
                                                                                
====================================[ Qcore ]===================================

 Git hash:   6a88d58d269bf0d2ccfae91583c23a2b072b7633
 Git date:   Tue, 25 May 2021 10:36:49 +0100
 Compiler:   GNU 9.1.0
 Build type: Release
 Version:    1.3.0

 Start time: Wed Jun 16 16:50:17 2021

 Data directory: /newhome/zw18965/.local/qcore/share/entos/1.3.0/data
 Number of threads: 16
 Number of threads was determined by: number of physical cores

 --------------------------------------------------------------------------------
                                   command: hf                                   
 --------------------------------------------------------------------------------
 AO basis set:                           aug-cc-pvdz-combined-pp
 Number of AO basis functions:          54
 ECP on atom 1 (Rh):                     28 electrons

 Formula:                                Rh
 Nuclear charge:                        45.000000000
 Total charge:                           0.000000000
 Number of core electrons:              28
 Number of treated electrons:           17

 Number of alpha electrons:             10
 Number of beta electrons:               7
 Number of unpaired electrons:           3
 Spin:                                   3
 Multiplicity:                           quartet

 Theory:                                 hf
 Method for Coulomb:                     incore_df
 Method for exact exchange:              pre_transformed_df
 Integral threshold:                     1.00e-12
 DF basis set:                           def2-universal-jkfit
 Number of DF basis functions:         255
 Schwarz screening threshold:            1.00e-10
 Coulomb fitting method:                 Cholesky
 Method for AO orthogonalization:        symmetric
 Threshold for linear dependence:        1.00e-08

 -------------------------------------
  Running unrestricted open-shell SCF 
 -------------------------------------
 Max number of iterations:             128
 Conv. threshold (gradient):             1.00e-05
 Conv. threshold (energy):               1.00e-06
 Interpolation scheme:                   adiis+cdiis
 Initial guess:                          H0

 ---------------------------------------------------------------
                  energy        change          grad        time
 ---------------------------------------------------------------
   0       -98.684783471                    1.84e+00        0.03
   1       -91.343458218      7.34e+00      2.21e+00        0.02
   2      -104.939851922     -1.36e+01      1.92e+00        0.01
   3      -109.244064895     -4.30e+00      2.85e-01        0.01
   4      -109.313383142     -6.93e-02      1.69e-01        0.01
   5      -109.329187115     -1.58e-02      1.12e-01        0.01
   6      -109.340358739     -1.12e-02      4.27e-02        0.01
   7      -109.341800320     -1.44e-03      3.82e-02        0.01
   8      -109.342389595     -5.89e-04      2.48e-02        0.01
   9      -109.342449123     -5.95e-05      2.47e-02        0.01
  10      -109.342370422      7.87e-05      2.44e-02        0.01
  11      -109.339998877      2.37e-03      9.35e-03        0.01
  12      -109.339848873      1.50e-04      6.21e-03        0.01
  13      -109.339910181     -6.13e-05      5.47e-03        0.01
  14      -109.339971995     -6.18e-05      5.21e-03        0.01
  15      -109.340006371     -3.44e-05      5.43e-03        0.01
  16      -109.339974845      3.15e-05      4.67e-03        0.01
  17      -109.339942598      3.22e-05      1.99e-03        0.01
  18      -109.339937188      5.41e-06      2.41e-04        0.01
  19      -109.339937222     -3.46e-08      8.46e-05        0.01
  20      -109.339937229     -6.42e-09      4.29e-05        0.01
  21      -109.339937232     -2.88e-09      3.56e-05        0.01
  22      -109.339937233     -1.62e-09      3.72e-05        0.01
  23      -109.339937230      2.96e-09      3.02e-05        0.01
  24      -109.339937229      1.34e-09      2.90e-05        0.01
  25      -109.339937230     -9.82e-10      2.49e-05        0.01
  26      -109.339937230     -1.88e-10      2.58e-05        0.01
  27      -109.339937230     -2.02e-11      2.43e-05        0.01
  28      -109.339937230      3.10e-10      2.63e-05        0.01
  29      -109.339937230      3.28e-10      2.37e-05        0.01
  30      -109.339937229      1.03e-09      1.19e-05        0.01
  31      -109.339937228      1.56e-10      7.03e-06        0.01

 SCF converged in 31 iterations.

 Dipole moment (in Debye):              -0.000000       0.000000       0.000000

 Quadrupole moment (in Debye-Angstrom):
                  1            2            3
 1       -23.063253    -0.049863     0.718379
 2        -0.049863   -21.107386     0.018348
 3         0.718379     0.018348   -21.369868

 Spin-squared expectation <S^2>:         3.754
 Total spin quantum number S:            1.501
 TOTAL ENERGY:                        -109.339937228
 Saving results in set 'HF'

 --------------------------------------------------------------------------------
                                command: unsoldw12                               
 --------------------------------------------------------------------------------
 Number of AO basis functions:          54

 DF basis set:                           def2-qzvppd-ri
 Number of DF basis functions:         252

 Unrestricted UW12 calculation:          
 Core spatial orbitals:                  0
 Correlated alpha orbitals:             10
 Correlated beta orbitals:               7

 ------------------
  UW12 Correlation 
 ------------------
 Factor for UW12 correlation:            1.000000000
 Same spin scale factor:                 0.000000000
 Calculate indirect contribution:        false
 Method for three electron term:         df_ri
 Auxiliary RI basis set:                 def2-QZVPPD-ri
 Number of RI basis functions:         252
 Gaussians in geminal expansion:         4
 UW12 screening threshold:               1.00e-10
 Method for density-fitting:             w(r)


 Reference energy:                    -109.339937228
 UW12 correlation energy:               -0.095840403
 Total UW12 energy:                   -109.435777631

 --------------------------------------------------------------------------------

 End time:                               Wed Jun 16 16:50:19 2021
 Total wall-clock time:                  2.728 seconds
==================================================================================
