
================================================================================
          _____________ ________ _______________ ________     _________         
         / ___________// ______ \\_____   _____// ______ \   / ________)        
        / /_________  / /      \ \     | |     / /      \ \ | (_______          
       |  __________|| |        | |    | |    | |        | | \________ \        
        \ \_________ | |        | |    | |     \ \______/ /___________) |       
         \__________||_|        |_|    |_|      \________//____________/        
                                                                                
====================================[ Qcore ]===================================

 Git hash:   6a88d58d269bf0d2ccfae91583c23a2b072b7633
 Git date:   Tue, 25 May 2021 10:36:49 +0100
 Compiler:   GNU 9.1.0
 Build type: Release
 Version:    1.3.0

 Start time: Wed Jun 16 16:51:44 2021

 Data directory: /newhome/zw18965/.local/qcore/share/entos/1.3.0/data
 Number of threads: 16
 Number of threads was determined by: number of physical cores

 --------------------------------------------------------------------------------
                                   command: hf                                   
 --------------------------------------------------------------------------------
 AO basis set:                           aug-cc-pvdz-combined-pp
 Number of AO basis functions:          54
 ECP on atom 1 (Ta):                     60 electrons

 Formula:                                Ta
 Nuclear charge:                        73.000000000
 Total charge:                           0.000000000
 Number of core electrons:              60
 Number of treated electrons:           13

 Number of alpha electrons:              8
 Number of beta electrons:               5
 Number of unpaired electrons:           3
 Spin:                                   3
 Multiplicity:                           quartet

 Theory:                                 hf
 Method for Coulomb:                     incore_df
 Method for exact exchange:              pre_transformed_df
 Integral threshold:                     1.00e-12
 DF basis set:                           def2-universal-jkfit
 Number of DF basis functions:         227
 Schwarz screening threshold:            1.00e-10
 Coulomb fitting method:                 Cholesky
 Method for AO orthogonalization:        symmetric
 Threshold for linear dependence:        1.00e-08

 -------------------------------------
  Running unrestricted open-shell SCF 
 -------------------------------------
 Max number of iterations:             128
 Conv. threshold (gradient):             1.00e-05
 Conv. threshold (energy):               1.00e-06
 Interpolation scheme:                   adiis+cdiis
 Initial guess:                          H0

 ---------------------------------------------------------------
                  energy        change          grad        time
 ---------------------------------------------------------------
   0       -52.994270308                    1.21e+00        0.01
   1       -53.627219195     -6.33e-01      8.34e-01        0.01
   2       -55.589849217     -1.96e+00      6.30e-01        0.01
   3       -56.594961709     -1.01e+00      2.24e-01        0.00
   4       -56.636695757     -4.17e-02      1.22e-01        0.01
   5       -56.653412625     -1.67e-02      8.26e-02        0.01
   6       -56.660701454     -7.29e-03      5.19e-02        0.01
   7       -56.666185735     -5.48e-03      2.20e-02        0.01
   8       -56.667135440     -9.50e-04      2.55e-02        0.01
   9       -56.665620197      1.52e-03      2.01e-02        0.01
  10       -56.664647127      9.73e-04      7.74e-03        0.00
  11       -56.664689274     -4.21e-05      7.50e-03        0.00
  12       -56.664745666     -5.64e-05      7.80e-03        0.01
  13       -56.664501177      2.44e-04      2.92e-03        0.00
  14       -56.664487714      1.35e-05      2.97e-03        0.01
  15       -56.664493485     -5.77e-06      3.13e-03        0.00
  16       -56.664467207      2.63e-05      2.15e-03        0.01
  17       -56.664471408     -4.20e-06      2.19e-03        0.01
  18       -56.664478173     -6.76e-06      2.23e-03        0.01
  19       -56.664473168      5.01e-06      2.20e-03        0.01
  20       -56.664470846      2.32e-06      2.18e-03        0.01
  21       -56.664476470     -5.62e-06      2.19e-03        0.01
  22       -56.664481861     -5.39e-06      2.19e-03        0.01
  23       -56.664501508     -1.96e-05      2.18e-03        0.00
  24       -56.664617711     -1.16e-04      2.00e-03        0.01
  25       -56.664541632      7.61e-05      2.15e-03        0.01
  26       -56.664684975     -1.43e-04      1.64e-03        0.01
  27       -56.664669305      1.57e-05      1.77e-03        0.01
  28       -56.664663573      5.73e-06      1.70e-03        0.01
  29       -56.664690748     -2.72e-05      1.63e-03        0.01
  30       -56.664743327     -5.26e-05      1.22e-03        0.01
  31       -56.664778591     -3.53e-05      7.49e-04        0.00
  32       -56.664778659     -6.80e-08      8.42e-04        0.01
  33       -56.664773037      5.62e-06      1.21e-03        0.01
  34       -56.664727338      4.57e-05      3.93e-03        0.01
  35       -56.664785240     -5.79e-05      4.74e-04        0.01
  36       -56.664786121     -8.81e-07      9.59e-04        0.00
  37       -56.664789549     -3.43e-06      3.30e-04        0.01
  38       -56.664789782     -2.34e-07      6.78e-05        0.01
  39       -56.664789765      1.74e-08      6.49e-05        0.01
  40       -56.664789777     -1.21e-08      7.13e-05        0.00
  41       -56.664789770      7.19e-09      6.40e-05        0.00
  42       -56.664789776     -6.42e-09      6.39e-05        0.01
  43       -56.664789770      6.52e-09      6.43e-05        0.01
  44       -56.664789764      5.31e-09      2.31e-05        0.01
  45       -56.664789768     -3.64e-09      6.25e-06        0.00

 SCF converged in 45 iterations.

 Dipole moment (in Debye):              -0.000000      -0.000000       0.000000

 Quadrupole moment (in Debye-Angstrom):
                  1            2            3
 1       -25.879130    -0.210808     0.035659
 2        -0.210808   -25.853221    -0.037911
 3         0.035659    -0.037911   -26.071104

 Spin-squared expectation <S^2>:         4.753
 Total spin quantum number S:            1.737
 TOTAL ENERGY:                         -56.664789769
 Saving results in set 'HF'

 --------------------------------------------------------------------------------
                                command: unsoldw12                               
 --------------------------------------------------------------------------------
 Number of AO basis functions:          54

 DF basis set:                           def2-qzvppd-ri
 Number of DF basis functions:         261

 Unrestricted UW12 calculation:          
 Core spatial orbitals:                  0
 Correlated alpha orbitals:              8
 Correlated beta orbitals:               5

 ------------------
  UW12 Correlation 
 ------------------
 Factor for UW12 correlation:            1.000000000
 Same spin scale factor:                 0.000000000
 Calculate indirect contribution:        false
 Method for three electron term:         df_ri
 Auxiliary RI basis set:                 def2-QZVPPD-ri
 Number of RI basis functions:         261
 Gaussians in geminal expansion:         4
 UW12 screening threshold:               1.00e-10
 Method for density-fitting:             w(r)


 Reference energy:                     -56.664789769
 UW12 correlation energy:               -0.067322836
 Total UW12 energy:                    -56.732112605

 --------------------------------------------------------------------------------

 End time:                               Wed Jun 16 16:51:47 2021
 Total wall-clock time:                  2.753 seconds
==================================================================================
