
================================================================================
          _____________ ________ _______________ ________     _________         
         / ___________// ______ \\_____   _____// ______ \   / ________)        
        / /_________  / /      \ \     | |     / /      \ \ | (_______          
       |  __________|| |        | |    | |    | |        | | \________ \        
        \ \_________ | |        | |    | |     \ \______/ /___________) |       
         \__________||_|        |_|    |_|      \________//____________/        
                                                                                
====================================[ Qcore ]===================================

 Git hash:   6a88d58d269bf0d2ccfae91583c23a2b072b7633
 Git date:   Tue, 25 May 2021 10:36:49 +0100
 Compiler:   GNU 9.1.0
 Build type: Release
 Version:    1.3.0

 Start time: Wed Jun 16 16:51:53 2021

 Data directory: /newhome/zw18965/.local/qcore/share/entos/1.3.0/data
 Number of threads: 16
 Number of threads was determined by: number of physical cores

 --------------------------------------------------------------------------------
                                   command: hf                                   
 --------------------------------------------------------------------------------
 AO basis set:                           aug-cc-pvdz-combined-pp
 Number of AO basis functions:          54
 ECP on atom 1 (Os):                     60 electrons

 Formula:                                Os
 Nuclear charge:                        76.000000000
 Total charge:                           0.000000000
 Number of core electrons:              60
 Number of treated electrons:           16

 Number of alpha electrons:             10
 Number of beta electrons:               6
 Number of unpaired electrons:           4
 Spin:                                   4
 Multiplicity:                           quintet

 Theory:                                 hf
 Method for Coulomb:                     incore_df
 Method for exact exchange:              pre_transformed_df
 Integral threshold:                     1.00e-12
 DF basis set:                           def2-universal-jkfit
 Number of DF basis functions:         227
 Schwarz screening threshold:            1.00e-10
 Coulomb fitting method:                 Cholesky
 Method for AO orthogonalization:        symmetric
 Threshold for linear dependence:        1.00e-08

 -------------------------------------
  Running unrestricted open-shell SCF 
 -------------------------------------
 Max number of iterations:             128
 Conv. threshold (gradient):             1.00e-05
 Conv. threshold (energy):               1.00e-06
 Interpolation scheme:                   adiis+cdiis
 Initial guess:                          H0

 ---------------------------------------------------------------
                  energy        change          grad        time
 ---------------------------------------------------------------
   0       -84.671610215                    2.42e+00        0.00
   1       -80.588601798      4.08e+00      1.50e+00        0.01
   2       -87.758305828     -7.17e+00      1.11e+00        0.01
   3       -89.991702424     -2.23e+00      1.80e-01        0.01
   4       -90.018295053     -2.66e-02      6.83e-02        0.01
   5       -90.023338416     -5.04e-03      4.99e-02        0.01
   6       -90.025834834     -2.50e-03      3.71e-02        0.01
   7       -90.028356100     -2.52e-03      3.67e-02        0.01
   8       -90.034927654     -6.57e-03      3.05e-02        0.01
   9       -90.035178918     -2.51e-04      2.94e-02        0.01
  10       -90.040328180     -5.15e-03      2.25e-02        0.01
  11       -90.040622779     -2.95e-04      1.84e-02        0.01
  12       -90.041447247     -8.24e-04      1.59e-02        0.01
  13       -90.041733753     -2.87e-04      1.34e-02        0.01
  14       -90.042010537     -2.77e-04      9.55e-03        0.01
  15       -90.042056946     -4.64e-05      7.50e-03        0.01
  16       -90.042100182     -4.32e-05      3.06e-03        0.01
  17       -90.042116113     -1.59e-05      2.43e-03        0.01
  18       -90.042136318     -2.02e-05      1.50e-03        0.01
  19       -90.042149549     -1.32e-05      4.12e-04        0.01
  20       -90.042150315     -7.66e-07      1.89e-04        0.01
  21       -90.042150385     -7.00e-08      1.00e-04        0.01
  22       -90.042150398     -1.27e-08      6.70e-05        0.01
  23       -90.042150409     -1.13e-08      6.03e-05        0.01
  24       -90.042150425     -1.57e-08      5.88e-05        0.01
  25       -90.042150447     -2.19e-08      5.84e-05        0.01
  26       -90.042150475     -2.83e-08      5.79e-05        0.01
  27       -90.042150785     -3.10e-07      5.39e-05        0.01
  28       -90.042151388     -6.03e-07      5.85e-05        0.01
  29       -90.042151417     -2.86e-08      6.09e-05        0.01
  30       -90.042151585     -1.68e-07      5.99e-05        0.01
  31       -90.042151565      1.96e-08      5.93e-05        0.01
  32       -90.042151580     -1.47e-08      6.00e-05        0.01
  33       -90.042151579      2.62e-10      5.94e-05        0.00
  34       -90.042151603     -2.34e-08      4.54e-05        0.01
  35       -90.042151779     -1.76e-07      8.44e-05        0.01
  36       -90.042151781     -1.65e-09      2.11e-05        0.00
  37       -90.042151787     -6.22e-09      2.16e-05        0.01
  38       -90.042151788     -7.21e-10      9.78e-06        0.01

 SCF converged in 38 iterations.

 Dipole moment (in Debye):              -0.000000       0.000001       0.000000

 Quadrupole moment (in Debye-Angstrom):
                  1            2            3
 1       -23.813629    -0.004026    -0.001384
 2        -0.004026   -23.815658    -0.001402
 3        -0.001384    -0.001402   -23.813606

 Spin-squared expectation <S^2>:         6.005
 Total spin quantum number S:            2.001
 TOTAL ENERGY:                         -90.042151788
 Saving results in set 'HF'

 --------------------------------------------------------------------------------
                                command: unsoldw12                               
 --------------------------------------------------------------------------------
 Number of AO basis functions:          54

 DF basis set:                           def2-qzvppd-ri
 Number of DF basis functions:         252

 Unrestricted UW12 calculation:          
 Core spatial orbitals:                  0
 Correlated alpha orbitals:             10
 Correlated beta orbitals:               6

 ------------------
  UW12 Correlation 
 ------------------
 Factor for UW12 correlation:            1.000000000
 Same spin scale factor:                 0.000000000
 Calculate indirect contribution:        false
 Method for three electron term:         df_ri
 Auxiliary RI basis set:                 def2-QZVPPD-ri
 Number of RI basis functions:         252
 Gaussians in geminal expansion:         4
 UW12 screening threshold:               1.00e-10
 Method for density-fitting:             w(r)


 Reference energy:                     -90.042151788
 UW12 correlation energy:               -0.094693541
 Total UW12 energy:                    -90.136845329

 --------------------------------------------------------------------------------

 End time:                               Wed Jun 16 16:51:56 2021
 Total wall-clock time:                  2.876 seconds
==================================================================================
