
================================================================================
          _____________ ________ _______________ ________     _________         
         / ___________// ______ \\_____   _____// ______ \   / ________)        
        / /_________  / /      \ \     | |     / /      \ \ | (_______          
       |  __________|| |        | |    | |    | |        | | \________ \        
        \ \_________ | |        | |    | |     \ \______/ /___________) |       
         \__________||_|        |_|    |_|      \________//____________/        
                                                                                
====================================[ Qcore ]===================================

 Git hash:   6a88d58d269bf0d2ccfae91583c23a2b072b7633
 Git date:   Tue, 25 May 2021 10:36:49 +0100
 Compiler:   GNU 9.1.0
 Build type: Release
 Version:    1.3.0

 Start time: Wed Jun 16 16:51:59 2021

 Data directory: /newhome/zw18965/.local/qcore/share/entos/1.3.0/data
 Number of threads: 16
 Number of threads was determined by: number of physical cores

 --------------------------------------------------------------------------------
                                   command: hf                                   
 --------------------------------------------------------------------------------
 AO basis set:                           aug-cc-pvdz-combined-pp
 Number of AO basis functions:          54
 ECP on atom 1 (Pt):                     60 electrons

 Formula:                                Pt
 Nuclear charge:                        78.000000000
 Total charge:                           0.000000000
 Number of core electrons:              60
 Number of treated electrons:           18

 Number of alpha electrons:             10
 Number of beta electrons:               8
 Number of unpaired electrons:           2
 Spin:                                   2
 Multiplicity:                           triplet

 Theory:                                 hf
 Method for Coulomb:                     incore_df
 Method for exact exchange:              pre_transformed_df
 Integral threshold:                     1.00e-12
 DF basis set:                           def2-universal-jkfit
 Number of DF basis functions:         227
 Schwarz screening threshold:            1.00e-10
 Coulomb fitting method:                 Cholesky
 Method for AO orthogonalization:        symmetric
 Threshold for linear dependence:        1.00e-08

 -------------------------------------
  Running unrestricted open-shell SCF 
 -------------------------------------
 Max number of iterations:             128
 Conv. threshold (gradient):             1.00e-05
 Conv. threshold (energy):               1.00e-06
 Interpolation scheme:                   adiis+cdiis
 Initial guess:                          H0

 ---------------------------------------------------------------
                  energy        change          grad        time
 ---------------------------------------------------------------
   0      -110.500679119                    2.89e+00        0.01
   1      -100.619315338      9.88e+00      2.24e+00        0.01
   2      -114.418073701     -1.38e+01      1.55e+00        0.01
   3      -118.440744638     -4.02e+00      2.64e-01        0.01
   4      -118.494143171     -5.34e-02      1.32e-01        0.01
   5      -118.505382949     -1.12e-02      8.86e-02        0.01
   6      -118.511623287     -6.24e-03      2.98e-02        0.00
   7      -118.512612349     -9.89e-04      3.66e-03        0.01
   8      -118.512629325     -1.70e-05      2.61e-03        0.00
   9      -118.512650026     -2.07e-05      1.83e-03        0.01
  10      -118.512664916     -1.49e-05      7.13e-04        0.01
  11      -118.512665604     -6.88e-07      4.03e-04        0.01
  12      -118.512665789     -1.85e-07      3.81e-04        0.01
  13      -118.512665916     -1.27e-07      3.81e-04        0.01
  14      -118.512666058     -1.43e-07      3.81e-04        0.01
  15      -118.512669161     -3.10e-06      3.73e-04        0.01
  16      -118.512670716     -1.55e-06      3.70e-04        0.01
  17      -118.512691659     -2.09e-05      1.65e-03        0.01
  18      -118.512693129     -1.47e-06      4.83e-03        0.01
  19      -118.512689921      3.21e-06      6.16e-03        0.01
  20      -118.512692412     -2.49e-06      4.94e-03        0.01
  21      -118.512683536      8.88e-06      8.02e-03        0.01
  22      -118.512658766      2.48e-05      1.20e-02        0.01
  23      -118.512664685     -5.92e-06      1.12e-02        0.01
  24      -118.512667097     -2.41e-06      1.08e-02        0.01
  25      -118.512697893     -3.08e-05      4.11e-03        0.01
  26      -118.512703869     -5.98e-06      1.21e-04        0.01
  27      -118.512705233     -1.36e-06      8.23e-04        0.00
  28      -118.512705485     -2.52e-07      2.69e-05        0.00
  29      -118.512705515     -2.96e-08      2.12e-05        0.01
  30      -118.512705518     -3.40e-09      8.44e-06        0.01

 SCF converged in 30 iterations.

 Dipole moment (in Debye):              -0.000000      -0.000000      -0.000000

 Quadrupole moment (in Debye-Angstrom):
                  1            2            3
 1       -23.705211    -0.229183    -0.739393
 2        -0.229183   -22.890347    -0.193858
 3        -0.739393    -0.193858   -23.453500

 Spin-squared expectation <S^2>:         2.003
 Total spin quantum number S:            1.001
 TOTAL ENERGY:                        -118.512705518
 Saving results in set 'HF'

 --------------------------------------------------------------------------------
                                command: unsoldw12                               
 --------------------------------------------------------------------------------
 Number of AO basis functions:          54

 DF basis set:                           def2-qzvppd-ri
 Number of DF basis functions:         252

 Unrestricted UW12 calculation:          
 Core spatial orbitals:                  0
 Correlated alpha orbitals:             10
 Correlated beta orbitals:               8

 ------------------
  UW12 Correlation 
 ------------------
 Factor for UW12 correlation:            1.000000000
 Same spin scale factor:                 0.000000000
 Calculate indirect contribution:        false
 Method for three electron term:         df_ri
 Auxiliary RI basis set:                 def2-QZVPPD-ri
 Number of RI basis functions:         252
 Gaussians in geminal expansion:         4
 UW12 screening threshold:               1.00e-10
 Method for density-fitting:             w(r)


 Reference energy:                    -118.512705518
 UW12 correlation energy:               -0.121787492
 Total UW12 energy:                   -118.634493010

 --------------------------------------------------------------------------------

 End time:                               Wed Jun 16 16:52:02 2021
 Total wall-clock time:                  2.756 seconds
==================================================================================
