
================================================================================
          _____________ ________ _______________ ________     _________         
         / ___________// ______ \\_____   _____// ______ \   / ________)        
        / /_________  / /      \ \     | |     / /      \ \ | (_______          
       |  __________|| |        | |    | |    | |        | | \________ \        
        \ \_________ | |        | |    | |     \ \______/ /___________) |       
         \__________||_|        |_|    |_|      \________//____________/        
                                                                                
====================================[ Qcore ]===================================

 Git hash:   6a88d58d269bf0d2ccfae91583c23a2b072b7633
 Git date:   Tue, 25 May 2021 10:36:49 +0100
 Compiler:   GNU 9.1.0
 Build type: Release
 Version:    1.3.0

 Start time: Tue Jun 15 14:36:00 2021

 Data directory: /newhome/zw18965/.local/qcore/share/entos/1.3.0/data
 Number of threads: 16
 Number of threads was determined by: number of physical cores

 --------------------------------------------------------------------------------
                                   command: dft                                  
 --------------------------------------------------------------------------------
 AO basis set:                           aug-cc-pv5z-combined-pp
 Number of AO basis functions:         127

 Formula:                                N
 Nuclear charge:                         7.000000000
 Total charge:                           0.000000000
 Number of electrons:                    7.000000000

 Number of alpha electrons:              5
 Number of beta electrons:               2
 Number of unpaired electrons:           3
 Spin:                                   3
 Multiplicity:                           quartet

 Theory:                                 hf
 Method for Coulomb:                     incore_df
 Method for exact exchange:              pre_transformed_df
 Integral threshold:                     1.00e-12
 DF basis set:                           def2-universal-jkfit
 Number of DF basis functions:          77
 Schwarz screening threshold:            1.00e-10
 Coulomb fitting method:                 Cholesky
 Method for AO orthogonalization:        symmetric
 Threshold for linear dependence:        1.00e-08

 -------------------------------------
  Running unrestricted open-shell SCF 
 -------------------------------------
 Max number of iterations:             128
 Conv. threshold (gradient):             1.00e-05
 Conv. threshold (energy):               1.00e-06
 Interpolation scheme:                   adiis+cdiis
 Initial guess:                          SAD

 ---------------------------------------------------------------
                  energy        change          grad        time
 ---------------------------------------------------------------
   0       -53.812101173                    9.05e-02        0.00
   1       -54.346063107     -5.34e-01      2.20e-01        0.01
   2       -54.399373132     -5.33e-02      1.02e-01        0.01
   3       -54.403678331     -4.31e-03      2.48e-02        0.01
   4       -54.404306275     -6.28e-04      1.44e-02        0.02
   5       -54.404464273     -1.58e-04      8.05e-04        0.01
   6       -54.404464858     -5.85e-07      6.14e-05        0.01
   7       -54.404464863     -4.92e-09      5.51e-06        0.01

 SCF converged in 7 iterations.

 Dipole moment (in Debye):               0.000000       0.000000       0.000000

 Quadrupole moment (in Debye-Angstrom):
                  1            2            3
 1        -5.415232    -0.000000    -0.000000
 2        -0.000000    -5.415232     0.000000
 3        -0.000000     0.000000    -5.415232

 Spin-squared expectation <S^2>:         3.758
 Total spin quantum number S:            1.502
 TOTAL ENERGY:                         -54.404464863
 Saving results in set 'HF'

 --------------------------------------------------------------------------------
                                   command: dft                                  
 --------------------------------------------------------------------------------
 Projecting orbitals from old basis (127 functions) to new basis (127 functions)

 AO basis set:                           aug-cc-pv5z-combined-pp
 Number of AO basis functions:         127
 Radial threshold:                       1.00e-08

 Formula:                                N
 Nuclear charge:                         7.000000000
 Total charge:                           0.000000000
 Number of electrons:                    7.000000000

 Number of alpha electrons:              5
 Number of beta electrons:               2
 Number of unpaired electrons:           3
 Spin:                                   3
 Multiplicity:                           quartet

 Theory:                                 hf
 Method for Coulomb:                     incore_df
 Method for exact exchange:              pre_transformed_df
 Integral threshold:                     1.00e-12
 DF basis set:                           def2-qzvppd-ri
 Number of DF basis functions:         157
 Schwarz screening threshold:            1.00e-10
 Coulomb fitting method:                 Cholesky
 Time for pre-computing density fitting integrals:       0.143 seconds

 ------------------
  UW12 Correlation 
 ------------------
 Factor for UW12 correlation:            1.000000000
 Same spin scale factor:                 0.000000000
 Calculate indirect contribution:        false
 Method for three electron term:         quadrature
 Gaussians in geminal expansion:         4
 UW12 screening threshold:               1.00e-12
 Method for density-fitting:             w(r)
 Number of core spatial orbitals:        1

 Total number of grid points:         6800
 Total number of batches:              176
 Maximum # of points per batch:        496
 Minimum # of points per batch:          0
 Average # of points per batch:         38
 Maximum batch gyradius:                 1.901128182
 Minimum batch gyradius:                 0.000000000
 Average batch gyradius:                 0.918177868
 Time for building XC grid:                              0.012 seconds
 Method for AO orthogonalization:        symmetric
 Threshold for linear dependence:        1.00e-08

 -------------------------------------
  Running unrestricted open-shell SCF 
 -------------------------------------
 Max number of iterations:               0
 Conv. threshold (gradient):             1.00e-05
 Conv. threshold (energy):               1.00e-06
 Interpolation scheme:                   adiis+cdiis

 ---------------------------------------------------------------
                  energy        change          grad        time
 ---------------------------------------------------------------
 UW12 two electron energy:              -0.518017403
 UW12 three electron energy:             0.974297252
 UW12 four electron energy:             -0.469765231
 Total UW12 energy:                     -0.013485382
 Time for DF-K:                                          0.003 seconds
 Time for DF-J:                                          0.000 seconds
 Dipole moment (in Debye):               0.000000       0.000000       0.000000

 Quadrupole moment (in Debye-Angstrom):
                  1            2            3
 1        -5.415232    -0.000000    -0.000000
 2        -0.000000    -5.415232     0.000000
 3        -0.000000     0.000000    -5.415232

 Spin-squared expectation <S^2>:         3.758
 Total spin quantum number S:            1.502
 TOTAL ENERGY:                         -54.417968684

 --------------------------------------------------------------------------------

 End time:                               Tue Jun 15 14:36:04 2021
 Total wall-clock time:                  4.290 seconds
==================================================================================
