
================================================================================
          _____________ ________ _______________ ________     _________         
         / ___________// ______ \\_____   _____// ______ \   / ________)        
        / /_________  / /      \ \     | |     / /      \ \ | (_______          
       |  __________|| |        | |    | |    | |        | | \________ \        
        \ \_________ | |        | |    | |     \ \______/ /___________) |       
         \__________||_|        |_|    |_|      \________//____________/        
                                                                                
====================================[ Qcore ]===================================

 Git hash:   6a88d58d269bf0d2ccfae91583c23a2b072b7633
 Git date:   Tue, 25 May 2021 10:36:49 +0100
 Compiler:   GNU 9.1.0
 Build type: Release
 Version:    1.3.0

 Start time: Tue Jun 15 14:37:38 2021

 Data directory: /newhome/zw18965/.local/qcore/share/entos/1.3.0/data
 Number of threads: 16
 Number of threads was determined by: number of physical cores

 --------------------------------------------------------------------------------
                                   command: dft                                  
 --------------------------------------------------------------------------------
 AO basis set:                           aug-cc-pv5z-combined-pp
 Number of AO basis functions:         202

 Formula:                                Sc
 Nuclear charge:                        21.000000000
 Total charge:                           0.000000000
 Number of electrons:                   21.000000000

 Number of alpha electrons:             11
 Number of beta electrons:              10
 Number of unpaired electrons:           1
 Spin:                                   1
 Multiplicity:                           doublet

 Theory:                                 hf
 Method for Coulomb:                     incore_df
 Method for exact exchange:              pre_transformed_df
 Integral threshold:                     1.00e-12
 DF basis set:                           def2-universal-jkfit
 Number of DF basis functions:         264
 Schwarz screening threshold:            1.00e-10
 Coulomb fitting method:                 Cholesky
 Method for AO orthogonalization:        symmetric
 Threshold for linear dependence:        1.00e-08

 -------------------------------------
  Running unrestricted open-shell SCF 
 -------------------------------------
 Max number of iterations:             128
 Conv. threshold (gradient):             1.00e-05
 Conv. threshold (energy):               1.00e-06
 Interpolation scheme:                   adiis+cdiis
 Initial guess:                          SAD

 ---------------------------------------------------------------
                  energy        change          grad        time
 ---------------------------------------------------------------
   0       -16.922551010                    7.77e-01        0.05
   1      -719.164704029     -7.02e+02      1.16e+01        0.07
   2      -719.881621571     -7.17e-01      5.95e+00        0.07
   3      -758.726765179     -3.88e+01      1.04e+00        0.07
   4      -758.402366798      3.24e-01      1.42e+00        0.08
   5      -759.646595553     -1.24e+00      3.51e-01        0.08
   6      -759.700979705     -5.44e-02      1.83e-01        0.09
   7      -759.720906337     -1.99e-02      1.06e-01        0.08
   8      -759.731177342     -1.03e-02      7.08e-02        0.08
   9      -759.736092910     -4.92e-03      4.69e-02        0.09
  10      -759.740486089     -4.39e-03      1.21e-02        0.08
  11      -759.740640290     -1.54e-04      9.91e-03        0.08
  12      -759.740750564     -1.10e-04      3.92e-03        0.08
  13      -759.740804567     -5.40e-05      1.51e-03        0.07
  14      -759.740814382     -9.82e-06      7.01e-04        0.08
  15      -759.740815913     -1.53e-06      5.50e-04        0.07
  16      -759.740817163     -1.25e-06      4.39e-04        0.07
  17      -759.740817560     -3.98e-07      3.21e-04        0.07
  18      -759.740817728     -1.68e-07      2.78e-04        0.07
  19      -759.740817850     -1.21e-07      2.67e-04        0.08
  20      -759.740818049     -2.00e-07      2.65e-04        0.08
  21      -759.740818717     -6.68e-07      2.61e-04        0.06
  22      -759.740822467     -3.75e-06      2.69e-04        0.07
  23      -759.740822352      1.15e-07      2.56e-04        0.08
  24      -759.740828113     -5.76e-06      5.86e-04        0.08
  25      -759.740827366      7.47e-07      4.13e-04        0.09
  26      -759.740827770     -4.04e-07      4.17e-04        0.07
  27      -759.740827531      2.40e-07      3.01e-04        0.07
  28      -759.740830226     -2.70e-06      4.17e-04        0.07
  29      -759.740830275     -4.89e-08      4.87e-04        0.07
  30      -759.740832303     -2.03e-06      9.77e-04        0.09
  31      -759.740832177      1.26e-07      4.19e-04        0.08
  32      -759.740832832     -6.55e-07      4.31e-04        0.07
  33      -759.740832930     -9.82e-08      2.62e-04        0.07
  34      -759.740832960     -3.01e-08      1.75e-04        0.06
  35      -759.740832967     -7.24e-09      1.23e-05        0.07
  36      -759.740832967      6.99e-11      2.65e-06        0.07

 SCF converged in 36 iterations.

 Dipole moment (in Debye):              -0.000000       0.000000       0.000000

 Quadrupole moment (in Debye-Angstrom):
                  1            2            3
 1       -23.898211     0.026547     0.012960
 2         0.026547   -23.688989     0.102987
 3         0.012960     0.102987   -23.851448

 Spin-squared expectation <S^2>:         0.762
 Total spin quantum number S:            0.506
 TOTAL ENERGY:                        -759.740832967
 Saving results in set 'HF'

 --------------------------------------------------------------------------------
                                   command: dft                                  
 --------------------------------------------------------------------------------
 Projecting orbitals from old basis (202 functions) to new basis (202 functions)

 AO basis set:                           aug-cc-pv5z-combined-pp
 Number of AO basis functions:         202
 Radial threshold:                       1.00e-08

 Formula:                                Sc
 Nuclear charge:                        21.000000000
 Total charge:                           0.000000000
 Number of electrons:                   21.000000000

 Number of alpha electrons:             11
 Number of beta electrons:              10
 Number of unpaired electrons:           1
 Spin:                                   1
 Multiplicity:                           doublet

 Theory:                                 hf
 Method for Coulomb:                     incore_df
 Method for exact exchange:              pre_transformed_df
 Integral threshold:                     1.00e-12
 DF basis set:                           def2-qzvppd-ri
 Number of DF basis functions:         309
 Schwarz screening threshold:            1.00e-10
 Coulomb fitting method:                 Cholesky
 Time for pre-computing density fitting integrals:      19.770 seconds

 ------------------
  UW12 Correlation 
 ------------------
 Factor for UW12 correlation:            1.000000000
 Same spin scale factor:                 0.000000000
 Calculate indirect contribution:        false
 Method for three electron term:         quadrature
 Gaussians in geminal expansion:         4
 UW12 screening threshold:               1.00e-12
 Method for density-fitting:             w(r)
 Number of core spatial orbitals:        5

 Total number of grid points:         7852
 Total number of batches:              327
 Maximum # of points per batch:        425
 Minimum # of points per batch:          0
 Average # of points per batch:         24
 Maximum batch gyradius:                 2.486666673
 Minimum batch gyradius:                 0.000000000
 Average batch gyradius:                 1.295468669
 Time for building XC grid:                              0.015 seconds
 Method for AO orthogonalization:        symmetric
 Threshold for linear dependence:        1.00e-08

 -------------------------------------
  Running unrestricted open-shell SCF 
 -------------------------------------
 Max number of iterations:               0
 Conv. threshold (gradient):             1.00e-05
 Conv. threshold (energy):               1.00e-06
 Interpolation scheme:                   adiis+cdiis

 ---------------------------------------------------------------
                  energy        change          grad        time
 ---------------------------------------------------------------
 UW12 two electron energy:              -3.456658791
 UW12 three electron energy:             6.629063454
 UW12 four electron energy:             -3.219487568
 Total UW12 energy:                     -0.047082906
 Time for DF-K:                                          0.031 seconds
 Time for DF-J:                                          0.003 seconds
 Dipole moment (in Debye):              -0.000000       0.000000       0.000000

 Quadrupole moment (in Debye-Angstrom):
                  1            2            3
 1       -23.898211     0.026547     0.012960
 2         0.026547   -23.688989     0.102987
 3         0.012960     0.102987   -23.851448

 Spin-squared expectation <S^2>:         0.762
 Total spin quantum number S:            0.506
 TOTAL ENERGY:                        -759.789954389

 --------------------------------------------------------------------------------

 End time:                               Tue Jun 15 14:40:57 2021
 Total wall-clock time:                198.669 seconds
==================================================================================
