
================================================================================
          _____________ ________ _______________ ________     _________         
         / ___________// ______ \\_____   _____// ______ \   / ________)        
        / /_________  / /      \ \     | |     / /      \ \ | (_______          
       |  __________|| |        | |    | |    | |        | | \________ \        
        \ \_________ | |        | |    | |     \ \______/ /___________) |       
         \__________||_|        |_|    |_|      \________//____________/        
                                                                                
====================================[ Qcore ]===================================

 Git hash:   6a88d58d269bf0d2ccfae91583c23a2b072b7633
 Git date:   Tue, 25 May 2021 10:36:49 +0100
 Compiler:   GNU 9.1.0
 Build type: Release
 Version:    1.3.0

 Start time: Tue Jun 15 14:40:57 2021

 Data directory: /newhome/zw18965/.local/qcore/share/entos/1.3.0/data
 Number of threads: 16
 Number of threads was determined by: number of physical cores

 --------------------------------------------------------------------------------
                                   command: dft                                  
 --------------------------------------------------------------------------------
 AO basis set:                           aug-cc-pv5z-combined-pp
 Number of AO basis functions:         202

 Formula:                                Ti
 Nuclear charge:                        22.000000000
 Total charge:                           0.000000000
 Number of electrons:                   22.000000000

 Number of alpha electrons:             12
 Number of beta electrons:              10
 Number of unpaired electrons:           2
 Spin:                                   2
 Multiplicity:                           triplet

 Theory:                                 hf
 Method for Coulomb:                     incore_df
 Method for exact exchange:              pre_transformed_df
 Integral threshold:                     1.00e-12
 DF basis set:                           def2-universal-jkfit
 Number of DF basis functions:         264
 Schwarz screening threshold:            1.00e-10
 Coulomb fitting method:                 Cholesky
 Method for AO orthogonalization:        symmetric
 Threshold for linear dependence:        1.00e-08

 -------------------------------------
  Running unrestricted open-shell SCF 
 -------------------------------------
 Max number of iterations:             128
 Conv. threshold (gradient):             1.00e-05
 Conv. threshold (energy):               1.00e-06
 Interpolation scheme:                   adiis+cdiis
 Initial guess:                          SAD

 ---------------------------------------------------------------
                  energy        change          grad        time
 ---------------------------------------------------------------
   0      -847.925454244                    1.18e-02        0.07
   1      -848.255821354     -3.30e-01      5.27e-01        0.08
   2      -848.356980671     -1.01e-01      2.76e-01        0.07
   3      -848.376168922     -1.92e-02      1.41e-01        0.07
   4      -848.380756846     -4.59e-03      5.33e-02        0.07
   5      -848.382848597     -2.09e-03      5.17e-02        0.07
   6      -848.385110997     -2.26e-03      4.68e-02        0.06
   7      -848.382842223      2.27e-03      4.50e-02        0.06
   8      -848.366567346      1.63e-02      1.73e-01        0.05
   9      -848.366247450      3.20e-04      1.84e-01        0.06
  10      -848.367491956     -1.24e-03      1.40e-01        0.08
  11      -848.367396149      9.58e-05      1.22e-01        0.07
  12      -848.367695450     -2.99e-04      1.12e-01        0.07
  13      -848.368281444     -5.86e-04      1.03e-01        0.06
  14      -848.368275882      5.56e-06      9.64e-02        0.07
  15      -848.369183104     -9.07e-04      2.89e-02        0.06
  16      -848.368713950      4.69e-04      1.20e-02        0.07
  17      -848.368720807     -6.86e-06      5.96e-03        0.07
  18      -848.368740405     -1.96e-05      2.89e-03        0.06
  19      -848.368750617     -1.02e-05      3.02e-03        0.06
  20      -848.368717175      3.34e-05      2.70e-03        0.07
  21      -848.368722019     -4.84e-06      2.18e-03        0.09
  22      -848.368746241     -2.42e-05      1.54e-03        0.08
  23      -848.368750765     -4.52e-06      7.39e-04        0.08
  24      -848.368750716      4.81e-08      4.44e-04        0.07
  25      -848.368750611      1.06e-07      3.81e-04        0.07
  26      -848.368750692     -8.12e-08      3.85e-04        0.08
  27      -848.368750742     -5.04e-08      3.88e-04        0.07
  28      -848.368750540      2.02e-07      3.58e-04        0.08
  29      -848.368750171      3.69e-07      1.88e-04        0.07
  30      -848.368750091      7.95e-08      8.89e-05        0.08
  31      -848.368750108     -1.67e-08      7.20e-05        0.09
  32      -848.368750120     -1.25e-08      5.30e-05        0.08
  33      -848.368750127     -6.85e-09      3.77e-05        0.08
  34      -848.368750130     -2.29e-09      3.18e-05        0.08
  35      -848.368750130     -4.53e-10      3.17e-05        0.09
  36      -848.368750128      1.79e-09      2.38e-05        0.07
  37      -848.368750128      4.91e-10      1.41e-05        0.09
  38      -848.368750128     -2.42e-10      1.11e-05        0.07
  39      -848.368750128     -3.30e-11      4.76e-06        0.08

 SCF converged in 39 iterations.

 Dipole moment (in Debye):               0.000002       0.000002      -0.000002

 Quadrupole moment (in Debye-Angstrom):
                  1            2            3
 1       -22.487928     0.069363    -0.072933
 2         0.069363   -22.341834    -0.182684
 3        -0.072933    -0.182684   -22.323580

 Spin-squared expectation <S^2>:         2.047
 Total spin quantum number S:            1.016
 TOTAL ENERGY:                        -848.368750128
 Saving results in set 'HF'

 --------------------------------------------------------------------------------
                                   command: dft                                  
 --------------------------------------------------------------------------------
 Projecting orbitals from old basis (202 functions) to new basis (202 functions)

 AO basis set:                           aug-cc-pv5z-combined-pp
 Number of AO basis functions:         202
 Radial threshold:                       1.00e-08

 Formula:                                Ti
 Nuclear charge:                        22.000000000
 Total charge:                           0.000000000
 Number of electrons:                   22.000000000

 Number of alpha electrons:             12
 Number of beta electrons:              10
 Number of unpaired electrons:           2
 Spin:                                   2
 Multiplicity:                           triplet

 Theory:                                 hf
 Method for Coulomb:                     incore_df
 Method for exact exchange:              pre_transformed_df
 Integral threshold:                     1.00e-12
 DF basis set:                           def2-qzvppd-ri
 Number of DF basis functions:         309
 Schwarz screening threshold:            1.00e-10
 Coulomb fitting method:                 Cholesky
 Time for pre-computing density fitting integrals:      11.523 seconds

 ------------------
  UW12 Correlation 
 ------------------
 Factor for UW12 correlation:            1.000000000
 Same spin scale factor:                 0.000000000
 Calculate indirect contribution:        false
 Method for three electron term:         quadrature
 Gaussians in geminal expansion:         4
 UW12 screening threshold:               1.00e-12
 Method for density-fitting:             w(r)
 Number of core spatial orbitals:        5

 Total number of grid points:         7792
 Total number of batches:              327
 Maximum # of points per batch:        417
 Minimum # of points per batch:          0
 Average # of points per batch:         23
 Maximum batch gyradius:                 2.295384621
 Minimum batch gyradius:                 0.000000000
 Average batch gyradius:                 1.195884771
 Time for building XC grid:                              0.015 seconds
 Method for AO orthogonalization:        symmetric
 Threshold for linear dependence:        1.00e-08

 -------------------------------------
  Running unrestricted open-shell SCF 
 -------------------------------------
 Max number of iterations:               0
 Conv. threshold (gradient):             1.00e-05
 Conv. threshold (energy):               1.00e-06
 Interpolation scheme:                   adiis+cdiis

 ---------------------------------------------------------------
                  energy        change          grad        time
 ---------------------------------------------------------------
 UW12 two electron energy:              -4.403234662
 UW12 three electron energy:             8.468166403
 UW12 four electron energy:             -4.116635400
 Total UW12 energy:                     -0.051703660
 Time for DF-K:                                          0.052 seconds
 Time for DF-J:                                          0.003 seconds
 Dipole moment (in Debye):               0.000002       0.000002      -0.000002

 Quadrupole moment (in Debye-Angstrom):
                  1            2            3
 1       -22.487928     0.069363    -0.072933
 2         0.069363   -22.341834    -0.182684
 3        -0.072933    -0.182684   -22.323580

 Spin-squared expectation <S^2>:         2.047
 Total spin quantum number S:            1.016
 TOTAL ENERGY:                        -848.423374225

 --------------------------------------------------------------------------------

 End time:                               Tue Jun 15 14:43:07 2021
 Total wall-clock time:                130.041 seconds
==================================================================================
