
================================================================================
          _____________ ________ _______________ ________     _________         
         / ___________// ______ \\_____   _____// ______ \   / ________)        
        / /_________  / /      \ \     | |     / /      \ \ | (_______          
       |  __________|| |        | |    | |    | |        | | \________ \        
        \ \_________ | |        | |    | |     \ \______/ /___________) |       
         \__________||_|        |_|    |_|      \________//____________/        
                                                                                
====================================[ Qcore ]===================================

 Git hash:   6a88d58d269bf0d2ccfae91583c23a2b072b7633
 Git date:   Tue, 25 May 2021 10:36:49 +0100
 Compiler:   GNU 9.1.0
 Build type: Release
 Version:    1.3.0

 Start time: Tue Jun 15 14:48:19 2021

 Data directory: /newhome/zw18965/.local/qcore/share/entos/1.3.0/data
 Number of threads: 16
 Number of threads was determined by: number of physical cores

 --------------------------------------------------------------------------------
                                   command: dft                                  
 --------------------------------------------------------------------------------
 AO basis set:                           aug-cc-pv5z-combined-pp
 Number of AO basis functions:         202

 Formula:                                Fe
 Nuclear charge:                        26.000000000
 Total charge:                           0.000000000
 Number of electrons:                   26.000000000

 Number of alpha electrons:             15
 Number of beta electrons:              11
 Number of unpaired electrons:           4
 Spin:                                   4
 Multiplicity:                           quintet

 Theory:                                 hf
 Method for Coulomb:                     incore_df
 Method for exact exchange:              pre_transformed_df
 Integral threshold:                     1.00e-12
 DF basis set:                           def2-universal-jkfit
 Number of DF basis functions:         264
 Schwarz screening threshold:            1.00e-10
 Coulomb fitting method:                 Cholesky
 Method for AO orthogonalization:        symmetric
 Threshold for linear dependence:        1.00e-08

 -------------------------------------
  Running unrestricted open-shell SCF 
 -------------------------------------
 Max number of iterations:             128
 Conv. threshold (gradient):             1.00e-05
 Conv. threshold (energy):               1.00e-06
 Interpolation scheme:                   adiis+cdiis
 Initial guess:                          SAD

 ---------------------------------------------------------------
                  energy        change          grad        time
 ---------------------------------------------------------------
   0     -1260.684746887                    1.11e-01        0.05
   1     -1262.146126818     -1.46e+00      1.02e+00        0.09
   2     -1262.072458201      7.37e-02      9.34e-01        0.07
   3     -1262.372708868     -3.00e-01      7.00e-02        0.08
   4     -1262.375868698     -3.16e-03      4.75e-02        0.07
   5     -1262.377805675     -1.94e-03      3.79e-02        0.08
   6     -1262.379278652     -1.47e-03      3.23e-02        0.08
   7     -1262.382235372     -2.96e-03      2.78e-02        0.08
   8     -1262.385004167     -2.77e-03      2.37e-02        0.08
   9     -1262.384975116      2.91e-05      2.57e-02        0.07
  10     -1262.386899467     -1.92e-03      1.31e-02        0.07
  11     -1262.387540297     -6.41e-04      1.84e-02        0.08
  12     -1262.387770836     -2.31e-04      1.52e-02        0.07
  13     -1262.387845845     -7.50e-05      1.19e-02        0.08
  14     -1262.387883697     -3.79e-05      9.02e-03        0.07
  15     -1262.387900463     -1.68e-05      3.70e-03        0.08
  16     -1262.387904538     -4.07e-06      1.89e-03        0.07
  17     -1262.387906497     -1.96e-06      1.03e-03        0.07
  18     -1262.387908644     -2.15e-06      7.79e-04        0.08
  19     -1262.387911206     -2.56e-06      5.16e-04        0.08
  20     -1262.387911898     -6.92e-07      1.80e-04        0.08
  21     -1262.387911940     -4.21e-08      8.82e-05        0.06
  22     -1262.387911954     -1.41e-08      3.23e-05        0.06
  23     -1262.387911956     -1.86e-09      1.91e-05        0.06
  24     -1262.387911957     -7.62e-10      8.34e-06        0.05

 SCF converged in 24 iterations.

 Dipole moment (in Debye):               0.000000       0.000001      -0.000000

 Quadrupole moment (in Debye-Angstrom):
                  1            2            3
 1       -15.895355     0.000097     0.000063
 2         0.000097   -15.895355    -0.000033
 3         0.000063    -0.000033   -15.895363

 Spin-squared expectation <S^2>:         6.005
 Total spin quantum number S:            2.001
 TOTAL ENERGY:                       -1262.387911957
 Saving results in set 'HF'

 --------------------------------------------------------------------------------
                                   command: dft                                  
 --------------------------------------------------------------------------------
 Projecting orbitals from old basis (202 functions) to new basis (202 functions)

 AO basis set:                           aug-cc-pv5z-combined-pp
 Number of AO basis functions:         202
 Radial threshold:                       1.00e-08

 Formula:                                Fe
 Nuclear charge:                        26.000000000
 Total charge:                           0.000000000
 Number of electrons:                   26.000000000

 Number of alpha electrons:             15
 Number of beta electrons:              11
 Number of unpaired electrons:           4
 Spin:                                   4
 Multiplicity:                           quintet

 Theory:                                 hf
 Method for Coulomb:                     incore_df
 Method for exact exchange:              pre_transformed_df
 Integral threshold:                     1.00e-12
 DF basis set:                           def2-qzvppd-ri
 Number of DF basis functions:         309
 Schwarz screening threshold:            1.00e-10
 Coulomb fitting method:                 Cholesky
 Time for pre-computing density fitting integrals:      11.889 seconds

 ------------------
  UW12 Correlation 
 ------------------
 Factor for UW12 correlation:            1.000000000
 Same spin scale factor:                 0.000000000
 Calculate indirect contribution:        false
 Method for three electron term:         quadrature
 Gaussians in geminal expansion:         4
 UW12 screening threshold:               1.00e-12
 Method for density-fitting:             w(r)
 Number of core spatial orbitals:        5

 Total number of grid points:         7936
 Total number of batches:              327
 Maximum # of points per batch:        444
 Minimum # of points per batch:          0
 Average # of points per batch:         24
 Maximum batch gyradius:                 2.295384621
 Minimum batch gyradius:                 0.000000000
 Average batch gyradius:                 1.196901538
 Time for building XC grid:                              0.015 seconds
 Method for AO orthogonalization:        symmetric
 Threshold for linear dependence:        1.00e-08

 -------------------------------------
  Running unrestricted open-shell SCF 
 -------------------------------------
 Max number of iterations:               0
 Conv. threshold (gradient):             1.00e-05
 Conv. threshold (energy):               1.00e-06
 Interpolation scheme:                   adiis+cdiis

 ---------------------------------------------------------------
                  energy        change          grad        time
 ---------------------------------------------------------------
 UW12 two electron energy:             -10.896254541
 UW12 three electron energy:            21.138232532
 UW12 four electron energy:            -10.311349063
 Total UW12 energy:                     -0.069371072
 Time for DF-K:                                          0.045 seconds
 Time for DF-J:                                          0.004 seconds
 Dipole moment (in Debye):               0.000000       0.000001      -0.000000

 Quadrupole moment (in Debye-Angstrom):
                  1            2            3
 1       -15.895355     0.000097     0.000063
 2         0.000097   -15.895355    -0.000033
 3         0.000063    -0.000033   -15.895363

 Spin-squared expectation <S^2>:         6.005
 Total spin quantum number S:            2.001
 TOTAL ENERGY:                       -1262.454649413

 --------------------------------------------------------------------------------

 End time:                               Tue Jun 15 14:50:27 2021
 Total wall-clock time:                128.004 seconds
==================================================================================
