
================================================================================
          _____________ ________ _______________ ________     _________         
         / ___________// ______ \\_____   _____// ______ \   / ________)        
        / /_________  / /      \ \     | |     / /      \ \ | (_______          
       |  __________|| |        | |    | |    | |        | | \________ \        
        \ \_________ | |        | |    | |     \ \______/ /___________) |       
         \__________||_|        |_|    |_|      \________//____________/        
                                                                                
====================================[ Qcore ]===================================

 Git hash:   6a88d58d269bf0d2ccfae91583c23a2b072b7633
 Git date:   Tue, 25 May 2021 10:36:49 +0100
 Compiler:   GNU 9.1.0
 Build type: Release
 Version:    1.3.0

 Start time: Tue Jun 15 14:50:27 2021

 Data directory: /newhome/zw18965/.local/qcore/share/entos/1.3.0/data
 Number of threads: 16
 Number of threads was determined by: number of physical cores

 --------------------------------------------------------------------------------
                                   command: dft                                  
 --------------------------------------------------------------------------------
 AO basis set:                           aug-cc-pv5z-combined-pp
 Number of AO basis functions:         202

 Formula:                                Co
 Nuclear charge:                        27.000000000
 Total charge:                           0.000000000
 Number of electrons:                   27.000000000

 Number of alpha electrons:             15
 Number of beta electrons:              12
 Number of unpaired electrons:           3
 Spin:                                   3
 Multiplicity:                           quartet

 Theory:                                 hf
 Method for Coulomb:                     incore_df
 Method for exact exchange:              pre_transformed_df
 Integral threshold:                     1.00e-12
 DF basis set:                           def2-universal-jkfit
 Number of DF basis functions:         264
 Schwarz screening threshold:            1.00e-10
 Coulomb fitting method:                 Cholesky
 Method for AO orthogonalization:        symmetric
 Threshold for linear dependence:        1.00e-08

 -------------------------------------
  Running unrestricted open-shell SCF 
 -------------------------------------
 Max number of iterations:             128
 Conv. threshold (gradient):             1.00e-05
 Conv. threshold (energy):               1.00e-06
 Interpolation scheme:                   adiis+cdiis
 Initial guess:                          SAD

 ---------------------------------------------------------------
                  energy        change          grad        time
 ---------------------------------------------------------------
   0     -1380.322097525                    5.47e-02        0.07
   1     -1381.279579369     -9.57e-01      8.48e-01        0.10
   2     -1381.254210122      2.54e-02      4.86e-01        0.08
   3     -1381.363478442     -1.09e-01      5.79e-02        0.08
   4     -1381.364604216     -1.13e-03      2.86e-02        0.08
   5     -1381.365311620     -7.07e-04      2.12e-02        0.07
   6     -1381.365920342     -6.09e-04      1.77e-02        0.07
   7     -1381.366910278     -9.90e-04      1.07e-02        0.07
   8     -1381.367330734     -4.20e-04      4.58e-03        0.07
   9     -1381.367355793     -2.51e-05      2.06e-03        0.07
  10     -1381.367358142     -2.35e-06      1.22e-03        0.07
  11     -1381.367359184     -1.04e-06      9.12e-04        0.09
  12     -1381.367360374     -1.19e-06      7.01e-04        0.09
  13     -1381.367361960     -1.59e-06      3.57e-04        0.09
  14     -1381.367362155     -1.95e-07      2.11e-04        0.08
  15     -1381.367362195     -3.95e-08      1.06e-04        0.06
  16     -1381.367362225     -3.04e-08      6.84e-05        0.07
  17     -1381.367362234     -9.19e-09      1.33e-05        0.07
  18     -1381.367362234     -2.72e-10      3.07e-06        0.07

 SCF converged in 18 iterations.

 Dipole moment (in Debye):               0.000000      -0.000000      -0.000000

 Quadrupole moment (in Debye-Angstrom):
                  1            2            3
 1       -15.371768     0.000008    -0.000000
 2         0.000008   -15.371763    -0.000001
 3        -0.000000    -0.000001   -15.371764

 Spin-squared expectation <S^2>:         3.753
 Total spin quantum number S:            1.501
 TOTAL ENERGY:                       -1381.367362234
 Saving results in set 'HF'

 --------------------------------------------------------------------------------
                                   command: dft                                  
 --------------------------------------------------------------------------------
 Projecting orbitals from old basis (202 functions) to new basis (202 functions)

 AO basis set:                           aug-cc-pv5z-combined-pp
 Number of AO basis functions:         202
 Radial threshold:                       1.00e-08

 Formula:                                Co
 Nuclear charge:                        27.000000000
 Total charge:                           0.000000000
 Number of electrons:                   27.000000000

 Number of alpha electrons:             15
 Number of beta electrons:              12
 Number of unpaired electrons:           3
 Spin:                                   3
 Multiplicity:                           quartet

 Theory:                                 hf
 Method for Coulomb:                     incore_df
 Method for exact exchange:              pre_transformed_df
 Integral threshold:                     1.00e-12
 DF basis set:                           def2-qzvppd-ri
 Number of DF basis functions:         309
 Schwarz screening threshold:            1.00e-10
 Coulomb fitting method:                 Cholesky
 Time for pre-computing density fitting integrals:      17.037 seconds

 ------------------
  UW12 Correlation 
 ------------------
 Factor for UW12 correlation:            1.000000000
 Same spin scale factor:                 0.000000000
 Calculate indirect contribution:        false
 Method for three electron term:         quadrature
 Gaussians in geminal expansion:         4
 UW12 screening threshold:               1.00e-12
 Method for density-fitting:             w(r)
 Number of core spatial orbitals:        5

 Total number of grid points:         7936
 Total number of batches:              327
 Maximum # of points per batch:        444
 Minimum # of points per batch:          0
 Average # of points per batch:         24
 Maximum batch gyradius:                 2.295384621
 Minimum batch gyradius:                 0.000000000
 Average batch gyradius:                 1.196901538
 Time for building XC grid:                              0.015 seconds
 Method for AO orthogonalization:        symmetric
 Threshold for linear dependence:        1.00e-08

 -------------------------------------
  Running unrestricted open-shell SCF 
 -------------------------------------
 Max number of iterations:               0
 Conv. threshold (gradient):             1.00e-05
 Conv. threshold (energy):               1.00e-06
 Interpolation scheme:                   adiis+cdiis

 ---------------------------------------------------------------
                  energy        change          grad        time
 ---------------------------------------------------------------
 UW12 two electron energy:             -13.410252973
 UW12 three electron energy:            26.062075398
 UW12 four electron energy:            -12.728752048
 Total UW12 energy:                     -0.076929622
 Time for DF-K:                                          0.041 seconds
 Time for DF-J:                                          0.004 seconds
 Dipole moment (in Debye):               0.000000      -0.000000      -0.000000

 Quadrupole moment (in Debye-Angstrom):
                  1            2            3
 1       -15.371768     0.000008    -0.000000
 2         0.000008   -15.371763    -0.000001
 3        -0.000000    -0.000001   -15.371764

 Spin-squared expectation <S^2>:         3.753
 Total spin quantum number S:            1.501
 TOTAL ENERGY:                       -1381.435976554

 --------------------------------------------------------------------------------

 End time:                               Tue Jun 15 14:52:38 2021
 Total wall-clock time:                131.317 seconds
==================================================================================
