
================================================================================
          _____________ ________ _______________ ________     _________         
         / ___________// ______ \\_____   _____// ______ \   / ________)        
        / /_________  / /      \ \     | |     / /      \ \ | (_______          
       |  __________|| |        | |    | |    | |        | | \________ \        
        \ \_________ | |        | |    | |     \ \______/ /___________) |       
         \__________||_|        |_|    |_|      \________//____________/        
                                                                                
====================================[ Qcore ]===================================

 Git hash:   6a88d58d269bf0d2ccfae91583c23a2b072b7633
 Git date:   Tue, 25 May 2021 10:36:49 +0100
 Compiler:   GNU 9.1.0
 Build type: Release
 Version:    1.3.0

 Start time: Tue Jun 15 14:52:38 2021

 Data directory: /newhome/zw18965/.local/qcore/share/entos/1.3.0/data
 Number of threads: 16
 Number of threads was determined by: number of physical cores

 --------------------------------------------------------------------------------
                                   command: dft                                  
 --------------------------------------------------------------------------------
 AO basis set:                           aug-cc-pv5z-combined-pp
 Number of AO basis functions:         202

 Formula:                                Ni
 Nuclear charge:                        28.000000000
 Total charge:                           0.000000000
 Number of electrons:                   28.000000000

 Number of alpha electrons:             15
 Number of beta electrons:              13
 Number of unpaired electrons:           2
 Spin:                                   2
 Multiplicity:                           triplet

 Theory:                                 hf
 Method for Coulomb:                     incore_df
 Method for exact exchange:              pre_transformed_df
 Integral threshold:                     1.00e-12
 DF basis set:                           def2-universal-jkfit
 Number of DF basis functions:         264
 Schwarz screening threshold:            1.00e-10
 Coulomb fitting method:                 Cholesky
 Method for AO orthogonalization:        symmetric
 Threshold for linear dependence:        1.00e-08

 -------------------------------------
  Running unrestricted open-shell SCF 
 -------------------------------------
 Max number of iterations:             128
 Conv. threshold (gradient):             1.00e-05
 Conv. threshold (energy):               1.00e-06
 Interpolation scheme:                   adiis+cdiis
 Initial guess:                          SAD

 ---------------------------------------------------------------
                  energy        change          grad        time
 ---------------------------------------------------------------
   0     -1506.349601474                    2.38e-02        0.06
   1     -1506.820108255     -4.71e-01      3.59e-01        0.10
   2     -1506.828148203     -8.04e-03      1.32e-01        0.07
   3     -1506.827580473      5.68e-04      8.10e-02        0.07
   4     -1506.830411528     -2.83e-03      1.05e-02        0.07
   5     -1506.830477250     -6.57e-05      2.63e-03        0.07
   6     -1506.830484316     -7.07e-06      3.18e-04        0.08
   7     -1506.830484443     -1.27e-07      1.07e-04        0.08
   8     -1506.830484454     -1.10e-08      6.36e-05        0.08
   9     -1506.830484457     -3.31e-09      5.02e-05        0.08
  10     -1506.830484461     -3.81e-09      3.01e-05        0.07
  11     -1506.830484462     -1.28e-09      1.83e-05        0.09
  12     -1506.830484462     -4.76e-10      1.75e-05        0.07
  13     -1506.830484463     -3.72e-10      1.75e-05        0.09
  14     -1506.830484463     -3.38e-10      1.75e-05        0.07
  15     -1506.830484463     -1.81e-10      1.75e-05        0.08
  16     -1506.830484464     -3.65e-10      1.75e-05        0.07
  17     -1506.830484464     -5.61e-10      1.75e-05        0.07
  18     -1506.830484465     -6.98e-10      1.75e-05        0.09
  19     -1506.830484466     -1.48e-09      1.74e-05        0.07
  20     -1506.830484491     -2.41e-08      1.72e-05        0.07
  21     -1506.830484533     -4.23e-08      1.81e-05        0.08
  22     -1506.830484551     -1.84e-08      2.05e-05        0.07
  23     -1506.830484895     -3.44e-07      2.77e-04        0.09
  24     -1506.830484852      4.33e-08      2.03e-04        0.09
  25     -1506.830484784      6.75e-08      1.43e-04        0.07
  26     -1506.830484790     -5.28e-09      1.22e-04        0.08
  27     -1506.830485075     -2.85e-07      5.74e-04        0.10
  28     -1506.830485092     -1.76e-08      6.46e-04        0.09
  29     -1506.830485093     -1.02e-09      6.73e-04        0.09
  30     -1506.830485059      3.41e-08      5.91e-04        0.09
  31     -1506.830485070     -1.13e-08      1.01e-03        0.09
  32     -1506.830485080     -9.40e-09      4.61e-04        0.08
  33     -1506.830485031      4.91e-08      3.87e-05        0.10
  34     -1506.830485145     -1.14e-07      1.18e-03        0.09
  35     -1506.830485283     -1.38e-07      5.46e-04        0.09
  36     -1506.830485391     -1.08e-07      3.70e-04        0.08
  37     -1506.830485458     -6.69e-08      3.28e-04        0.08
  38     -1506.830485475     -1.74e-08      1.68e-04        0.07
  39     -1506.830485482     -6.72e-09      2.17e-05        0.07
  40     -1506.830485482     -2.29e-10      2.42e-06        0.09

 SCF converged in 40 iterations.

 Dipole moment (in Debye):              -0.000000       0.000000      -0.000000

 Quadrupole moment (in Debye-Angstrom):
                  1            2            3
 1       -15.015514     0.016322     0.000011
 2         0.016322   -14.600393     0.000318
 3         0.000011     0.000318   -15.016360

 Spin-squared expectation <S^2>:         2.001
 Total spin quantum number S:            1.000
 TOTAL ENERGY:                       -1506.830485482
 Saving results in set 'HF'

 --------------------------------------------------------------------------------
                                   command: dft                                  
 --------------------------------------------------------------------------------
 Projecting orbitals from old basis (202 functions) to new basis (202 functions)

 AO basis set:                           aug-cc-pv5z-combined-pp
 Number of AO basis functions:         202
 Radial threshold:                       1.00e-08

 Formula:                                Ni
 Nuclear charge:                        28.000000000
 Total charge:                           0.000000000
 Number of electrons:                   28.000000000

 Number of alpha electrons:             15
 Number of beta electrons:              13
 Number of unpaired electrons:           2
 Spin:                                   2
 Multiplicity:                           triplet

 Theory:                                 hf
 Method for Coulomb:                     incore_df
 Method for exact exchange:              pre_transformed_df
 Integral threshold:                     1.00e-12
 DF basis set:                           def2-qzvppd-ri
 Number of DF basis functions:         316
 Schwarz screening threshold:            1.00e-10
 Coulomb fitting method:                 Cholesky
 Time for pre-computing density fitting integrals:       9.946 seconds

 ------------------
  UW12 Correlation 
 ------------------
 Factor for UW12 correlation:            1.000000000
 Same spin scale factor:                 0.000000000
 Calculate indirect contribution:        false
 Method for three electron term:         quadrature
 Gaussians in geminal expansion:         4
 UW12 screening threshold:               1.00e-12
 Method for density-fitting:             w(r)
 Number of core spatial orbitals:        5

 Total number of grid points:         7936
 Total number of batches:              285
 Maximum # of points per batch:        444
 Minimum # of points per batch:          0
 Average # of points per batch:         27
 Maximum batch gyradius:                 2.385303581
 Minimum batch gyradius:                 0.000000000
 Average batch gyradius:                 1.139302837
 Time for building XC grid:                              0.015 seconds
 Method for AO orthogonalization:        symmetric
 Threshold for linear dependence:        1.00e-08

 -------------------------------------
  Running unrestricted open-shell SCF 
 -------------------------------------
 Max number of iterations:               0
 Conv. threshold (gradient):             1.00e-05
 Conv. threshold (energy):               1.00e-06
 Interpolation scheme:                   adiis+cdiis

 ---------------------------------------------------------------
                  energy        change          grad        time
 ---------------------------------------------------------------
 UW12 two electron energy:             -16.150906201
 UW12 three electron energy:            31.440556343
 UW12 four electron energy:            -15.373716816
 Total UW12 energy:                     -0.084066674
 Time for DF-K:                                          0.054 seconds
 Time for DF-J:                                          0.004 seconds
 Dipole moment (in Debye):              -0.000000       0.000000      -0.000000

 Quadrupole moment (in Debye-Angstrom):
                  1            2            3
 1       -15.015514     0.016322     0.000011
 2         0.016322   -14.600393     0.000318
 3         0.000011     0.000318   -15.016360

 Spin-squared expectation <S^2>:         2.001
 Total spin quantum number S:            1.000
 TOTAL ENERGY:                       -1506.909699420

 --------------------------------------------------------------------------------

 End time:                               Tue Jun 15 14:54:37 2021
 Total wall-clock time:                118.752 seconds
==================================================================================
