
================================================================================
          _____________ ________ _______________ ________     _________         
         / ___________// ______ \\_____   _____// ______ \   / ________)        
        / /_________  / /      \ \     | |     / /      \ \ | (_______          
       |  __________|| |        | |    | |    | |        | | \________ \        
        \ \_________ | |        | |    | |     \ \______/ /___________) |       
         \__________||_|        |_|    |_|      \________//____________/        
                                                                                
====================================[ Qcore ]===================================

 Git hash:   6a88d58d269bf0d2ccfae91583c23a2b072b7633
 Git date:   Tue, 25 May 2021 10:36:49 +0100
 Compiler:   GNU 9.1.0
 Build type: Release
 Version:    1.3.0

 Start time: Tue Jun 15 15:31:29 2021

 Data directory: /newhome/zw18965/.local/qcore/share/entos/1.3.0/data
 Number of threads: 16
 Number of threads was determined by: number of physical cores

 --------------------------------------------------------------------------------
                                   command: dft                                  
 --------------------------------------------------------------------------------
 AO basis set:                           aug-cc-pv5z-combined-pp
 Number of AO basis functions:         197
 ECP on atom 1 (Zr):                     28 electrons

 Formula:                                Zr
 Nuclear charge:                        40.000000000
 Total charge:                           0.000000000
 Number of core electrons:              28
 Number of treated electrons:           12

 Number of alpha electrons:              7
 Number of beta electrons:               5
 Number of unpaired electrons:           2
 Spin:                                   2
 Multiplicity:                           triplet

 Theory:                                 hf
 Method for Coulomb:                     incore_df
 Method for exact exchange:              pre_transformed_df
 Integral threshold:                     1.00e-12
 DF basis set:                           def2-universal-jkfit
 Number of DF basis functions:         255
 Schwarz screening threshold:            1.00e-10
 Coulomb fitting method:                 Cholesky
 Method for AO orthogonalization:        symmetric
 Threshold for linear dependence:        1.00e-08

 -------------------------------------
  Running unrestricted open-shell SCF 
 -------------------------------------
 Max number of iterations:             128
 Conv. threshold (gradient):             1.00e-05
 Conv. threshold (energy):               1.00e-06
 Interpolation scheme:                   adiis+cdiis
 Initial guess:                          SAD

 ---------------------------------------------------------------
                  energy        change          grad        time
 ---------------------------------------------------------------
   0       -45.800172264                    2.32e-02        0.07
   1       -46.105221138     -3.05e-01      3.78e-01        0.07
   2       -46.277332076     -1.72e-01      2.55e-01        0.07
   3       -46.295813040     -1.85e-02      4.44e-02        0.07
   4       -46.298055939     -2.24e-03      2.32e-02        0.07
   5       -46.298675312     -6.19e-04      6.24e-03        0.08
   6       -46.298802152     -1.27e-04      4.24e-03        0.08
   7       -46.298891204     -8.91e-05      2.77e-03        0.08
   8       -46.298961670     -7.05e-05      9.46e-04        0.09
   9       -46.298966027     -4.36e-06      3.48e-04        0.10
  10       -46.298966379     -3.52e-07      1.24e-04        0.08
  11       -46.298966423     -4.44e-08      4.39e-05        0.08
  12       -46.298966429     -5.54e-09      1.69e-05        0.08
  13       -46.298966430     -1.24e-09      3.12e-06        0.09

 SCF converged in 13 iterations.

 Dipole moment (in Debye):               0.000005       0.000002      -0.000005

 Quadrupole moment (in Debye-Angstrom):
                  1            2            3
 1       -28.636644    -0.000000     0.000000
 2        -0.000000   -29.120758     0.000000
 3         0.000000     0.000000   -28.636644

 Spin-squared expectation <S^2>:         2.071
 Total spin quantum number S:            1.023
 TOTAL ENERGY:                         -46.298966430
 Saving results in set 'HF'

 --------------------------------------------------------------------------------
                                   command: dft                                  
 --------------------------------------------------------------------------------
 Projecting orbitals from old basis (197 functions) to new basis (197 functions)

 AO basis set:                           aug-cc-pv5z-combined-pp
 Number of AO basis functions:         197
 Radial threshold:                       1.00e-08
 ECP on atom 1 (Zr):                     28 electrons

 Formula:                                Zr
 Nuclear charge:                        40.000000000
 Total charge:                           0.000000000
 Number of core electrons:              28
 Number of treated electrons:           12

 Number of alpha electrons:              7
 Number of beta electrons:               5
 Number of unpaired electrons:           2
 Spin:                                   2
 Multiplicity:                           triplet

 Theory:                                 hf
 Method for Coulomb:                     incore_df
 Method for exact exchange:              pre_transformed_df
 Integral threshold:                     1.00e-12
 DF basis set:                           def2-qzvppd-ri
 Number of DF basis functions:         252
 Schwarz screening threshold:            1.00e-10
 Coulomb fitting method:                 Cholesky
 Time for pre-computing density fitting integrals:       4.759 seconds

 ------------------
  UW12 Correlation 
 ------------------
 Factor for UW12 correlation:            1.000000000
 Same spin scale factor:                 0.000000000
 Calculate indirect contribution:        false
 Method for three electron term:         quadrature
 Gaussians in geminal expansion:         4
 UW12 screening threshold:               1.00e-12
 Method for density-fitting:             w(r)

 Total number of grid points:         8186
 Total number of batches:              176
 Maximum # of points per batch:        489
 Minimum # of points per batch:          0
 Average # of points per batch:         46
 Maximum batch gyradius:                 2.195410709
 Minimum batch gyradius:                 0.000000000
 Average batch gyradius:                 1.103906753
 Time for building XC grid:                              0.015 seconds
 Method for AO orthogonalization:        symmetric
 Threshold for linear dependence:        1.00e-08

 -------------------------------------
  Running unrestricted open-shell SCF 
 -------------------------------------
 Max number of iterations:               0
 Conv. threshold (gradient):             1.00e-05
 Conv. threshold (energy):               1.00e-06
 Interpolation scheme:                   adiis+cdiis

 ---------------------------------------------------------------
                  energy        change          grad        time
 ---------------------------------------------------------------
 UW12 two electron energy:              -3.218753444
 UW12 three electron energy:             6.110557038
 UW12 four electron energy:             -2.950761496
 Total UW12 energy:                     -0.058957902
 Time for DF-K:                                          0.022 seconds
 Time for DF-J:                                          0.004 seconds
 Dipole moment (in Debye):               0.000005       0.000002      -0.000005

 Quadrupole moment (in Debye-Angstrom):
                  1            2            3
 1       -28.636644    -0.000000     0.000000
 2        -0.000000   -29.120758     0.000000
 3         0.000000     0.000000   -28.636644

 Spin-squared expectation <S^2>:         2.071
 Total spin quantum number S:            1.023
 TOTAL ENERGY:                         -46.357959989

 --------------------------------------------------------------------------------

 End time:                               Tue Jun 15 15:32:19 2021
 Total wall-clock time:                 49.474 seconds
==================================================================================
