
================================================================================
          _____________ ________ _______________ ________     _________         
         / ___________// ______ \\_____   _____// ______ \   / ________)        
        / /_________  / /      \ \     | |     / /      \ \ | (_______          
       |  __________|| |        | |    | |    | |        | | \________ \        
        \ \_________ | |        | |    | |     \ \______/ /___________) |       
         \__________||_|        |_|    |_|      \________//____________/        
                                                                                
====================================[ Qcore ]===================================

 Git hash:   6a88d58d269bf0d2ccfae91583c23a2b072b7633
 Git date:   Tue, 25 May 2021 10:36:49 +0100
 Compiler:   GNU 9.1.0
 Build type: Release
 Version:    1.3.0

 Start time: Tue Jun 15 15:37:17 2021

 Data directory: /newhome/zw18965/.local/qcore/share/entos/1.3.0/data
 Number of threads: 16
 Number of threads was determined by: number of physical cores

 --------------------------------------------------------------------------------
                                   command: dft                                  
 --------------------------------------------------------------------------------
 AO basis set:                           aug-cc-pv5z-combined-pp
 Number of AO basis functions:         197
 ECP on atom 1 (Ag):                     28 electrons

 Formula:                                Ag
 Nuclear charge:                        47.000000000
 Total charge:                           0.000000000
 Number of core electrons:              28
 Number of treated electrons:           19

 Number of alpha electrons:             10
 Number of beta electrons:               9
 Number of unpaired electrons:           1
 Spin:                                   1
 Multiplicity:                           doublet

 Theory:                                 hf
 Method for Coulomb:                     incore_df
 Method for exact exchange:              pre_transformed_df
 Integral threshold:                     1.00e-12
 DF basis set:                           def2-universal-jkfit
 Number of DF basis functions:         255
 Schwarz screening threshold:            1.00e-10
 Coulomb fitting method:                 Cholesky
 Method for AO orthogonalization:        symmetric
 Threshold for linear dependence:        1.00e-08

 -------------------------------------
  Running unrestricted open-shell SCF 
 -------------------------------------
 Max number of iterations:             128
 Conv. threshold (gradient):             1.00e-05
 Conv. threshold (energy):               1.00e-06
 Interpolation scheme:                   adiis+cdiis
 Initial guess:                          SAD

 ---------------------------------------------------------------
                  energy        change          grad        time
 ---------------------------------------------------------------
   0      -145.988178515                    2.21e-02        0.08
   1      -146.053074247     -6.49e-02      3.23e-02        0.10
   2      -146.055082564     -2.01e-03      1.33e-02        0.10
   3      -146.055516302     -4.34e-04      9.90e-03        0.10
   4      -146.055748590     -2.32e-04      2.70e-03        0.08
   5      -146.055764332     -1.57e-05      1.96e-04        0.10
   6      -146.055764446     -1.15e-07      8.28e-05        0.10
   7      -146.055764460     -1.41e-08      1.45e-05        0.08
   8      -146.055764461     -3.83e-10      1.43e-06        0.08

 SCF converged in 8 iterations.

 Dipole moment (in Debye):              -0.000000       0.000000      -0.000000

 Quadrupole moment (in Debye-Angstrom):
                  1            2            3
 1       -20.803068    -0.000000     0.000000
 2        -0.000000   -20.803068    -0.000000
 3         0.000000    -0.000000   -20.803068

 Spin-squared expectation <S^2>:         0.752
 Total spin quantum number S:            0.501
 TOTAL ENERGY:                        -146.055764461
 Saving results in set 'HF'

 --------------------------------------------------------------------------------
                                   command: dft                                  
 --------------------------------------------------------------------------------
 Projecting orbitals from old basis (197 functions) to new basis (197 functions)

 AO basis set:                           aug-cc-pv5z-combined-pp
 Number of AO basis functions:         197
 Radial threshold:                       1.00e-08
 ECP on atom 1 (Ag):                     28 electrons

 Formula:                                Ag
 Nuclear charge:                        47.000000000
 Total charge:                           0.000000000
 Number of core electrons:              28
 Number of treated electrons:           19

 Number of alpha electrons:             10
 Number of beta electrons:               9
 Number of unpaired electrons:           1
 Spin:                                   1
 Multiplicity:                           doublet

 Theory:                                 hf
 Method for Coulomb:                     incore_df
 Method for exact exchange:              pre_transformed_df
 Integral threshold:                     1.00e-12
 DF basis set:                           def2-qzvppd-ri
 Number of DF basis functions:         252
 Schwarz screening threshold:            1.00e-10
 Coulomb fitting method:                 Cholesky
 Time for pre-computing density fitting integrals:       4.320 seconds

 ------------------
  UW12 Correlation 
 ------------------
 Factor for UW12 correlation:            1.000000000
 Same spin scale factor:                 0.000000000
 Calculate indirect contribution:        false
 Method for three electron term:         quadrature
 Gaussians in geminal expansion:         4
 UW12 screening threshold:               1.00e-12
 Method for density-fitting:             w(r)

 Total number of grid points:         8498
 Total number of batches:              183
 Maximum # of points per batch:        458
 Minimum # of points per batch:          0
 Average # of points per batch:         46
 Maximum batch gyradius:                 2.258501775
 Minimum batch gyradius:                 0.000000000
 Average batch gyradius:                 1.082779410
 Time for building XC grid:                              0.016 seconds
 Method for AO orthogonalization:        symmetric
 Threshold for linear dependence:        1.00e-08

 -------------------------------------
  Running unrestricted open-shell SCF 
 -------------------------------------
 Max number of iterations:               0
 Conv. threshold (gradient):             1.00e-05
 Conv. threshold (energy):               1.00e-06
 Interpolation scheme:                   adiis+cdiis

 ---------------------------------------------------------------
                  energy        change          grad        time
 ---------------------------------------------------------------
 UW12 two electron energy:             -12.870316676
 UW12 three electron energy:            24.874542970
 UW12 four electron energy:            -12.116006017
 Total UW12 energy:                     -0.111779722
 Time for DF-K:                                          0.038 seconds
 Time for DF-J:                                          0.004 seconds
 Dipole moment (in Debye):              -0.000000       0.000000      -0.000000

 Quadrupole moment (in Debye-Angstrom):
                  1            2            3
 1       -20.803068    -0.000000     0.000000
 2        -0.000000   -20.803068    -0.000000
 3         0.000000    -0.000000   -20.803068

 Spin-squared expectation <S^2>:         0.752
 Total spin quantum number S:            0.501
 TOTAL ENERGY:                        -146.167509545

 --------------------------------------------------------------------------------

 End time:                               Tue Jun 15 15:38:12 2021
 Total wall-clock time:                 55.366 seconds
==================================================================================
