
================================================================================
          _____________ ________ _______________ ________     _________         
         / ___________// ______ \\_____   _____// ______ \   / ________)        
        / /_________  / /      \ \     | |     / /      \ \ | (_______          
       |  __________|| |        | |    | |    | |        | | \________ \        
        \ \_________ | |        | |    | |     \ \______/ /___________) |       
         \__________||_|        |_|    |_|      \________//____________/        
                                                                                
====================================[ Qcore ]===================================

 Git hash:   6a88d58d269bf0d2ccfae91583c23a2b072b7633
 Git date:   Tue, 25 May 2021 10:36:49 +0100
 Compiler:   GNU 9.1.0
 Build type: Release
 Version:    1.3.0

 Start time: Tue Jun 15 15:01:25 2021

 Data directory: /newhome/zw18965/.local/qcore/share/entos/1.3.0/data
 Number of threads: 16
 Number of threads was determined by: number of physical cores

 --------------------------------------------------------------------------------
                                   command: dft                                  
 --------------------------------------------------------------------------------
 AO basis set:                           aug-cc-pv5z-combined-pp
 Number of AO basis functions:         139
 ECP on atom 1 (Sn):                     28 electrons

 Formula:                                Sn
 Nuclear charge:                        50.000000000
 Total charge:                           0.000000000
 Number of core electrons:              28
 Number of treated electrons:           22

 Number of alpha electrons:             12
 Number of beta electrons:              10
 Number of unpaired electrons:           2
 Spin:                                   2
 Multiplicity:                           triplet

 Theory:                                 hf
 Method for Coulomb:                     incore_df
 Method for exact exchange:              pre_transformed_df
 Integral threshold:                     1.00e-12
 DF basis set:                           def2-universal-jkfit
 Number of DF basis functions:         218
 Schwarz screening threshold:            1.00e-10
 Coulomb fitting method:                 Cholesky
 Method for AO orthogonalization:        symmetric
 Threshold for linear dependence:        1.00e-08

 -------------------------------------
  Running unrestricted open-shell SCF 
 -------------------------------------
 Max number of iterations:             128
 Conv. threshold (gradient):             1.00e-05
 Conv. threshold (energy):               1.00e-06
 Interpolation scheme:                   adiis+cdiis
 Initial guess:                          SAD

 ---------------------------------------------------------------
                  energy        change          grad        time
 ---------------------------------------------------------------
   0      -213.144304358                    1.13e-02        0.04
   1      -213.323840856     -1.80e-01      7.77e-02        0.04
   2      -213.338023578     -1.42e-02      4.53e-02        0.04
   3      -213.340245918     -2.22e-03      1.54e-02        0.03
   4      -213.340646950     -4.01e-04      5.59e-03        0.04
   5      -213.340684219     -3.73e-05      1.78e-03        0.04
   6      -213.340686514     -2.29e-06      2.11e-04        0.03
   7      -213.340686582     -6.82e-08      2.87e-05        0.03
   8      -213.340686583     -9.09e-10      4.69e-06        0.03

 SCF converged in 8 iterations.

 Dipole moment (in Debye):              -0.000000       0.000000      -0.000000

 Quadrupole moment (in Debye-Angstrom):
                  1            2            3
 1       -21.997534    -0.000000    -0.000000
 2        -0.000000   -28.590781     0.000000
 3        -0.000000     0.000000   -28.590781

 Spin-squared expectation <S^2>:         2.012
 Total spin quantum number S:            1.004
 TOTAL ENERGY:                        -213.340686583
 Saving results in set 'HF'

 --------------------------------------------------------------------------------
                                   command: dft                                  
 --------------------------------------------------------------------------------
 Projecting orbitals from old basis (139 functions) to new basis (139 functions)

 AO basis set:                           aug-cc-pv5z-combined-pp
 Number of AO basis functions:         139
 Radial threshold:                       1.00e-08
 ECP on atom 1 (Sn):                     28 electrons

 Formula:                                Sn
 Nuclear charge:                        50.000000000
 Total charge:                           0.000000000
 Number of core electrons:              28
 Number of treated electrons:           22

 Number of alpha electrons:             12
 Number of beta electrons:              10
 Number of unpaired electrons:           2
 Spin:                                   2
 Multiplicity:                           triplet

 Theory:                                 hf
 Method for Coulomb:                     incore_df
 Method for exact exchange:              pre_transformed_df
 Integral threshold:                     1.00e-12
 DF basis set:                           def2-qzvppd-ri
 Number of DF basis functions:         292
 Schwarz screening threshold:            1.00e-10
 Coulomb fitting method:                 Cholesky
 Time for pre-computing density fitting integrals:       4.099 seconds

 ------------------
  UW12 Correlation 
 ------------------
 Factor for UW12 correlation:            1.000000000
 Same spin scale factor:                 0.000000000
 Calculate indirect contribution:        false
 Method for three electron term:         quadrature
 Gaussians in geminal expansion:         4
 UW12 screening threshold:               1.00e-12
 Method for density-fitting:             w(r)
 Number of core spatial orbitals:        4

 Total number of grid points:         8642
 Total number of batches:              183
 Maximum # of points per batch:        486
 Minimum # of points per batch:          0
 Average # of points per batch:         47
 Maximum batch gyradius:                 2.258501775
 Minimum batch gyradius:                 0.000000000
 Average batch gyradius:                 1.086196255
 Time for building XC grid:                              0.018 seconds
 Method for AO orthogonalization:        symmetric
 Threshold for linear dependence:        1.00e-08

 -------------------------------------
  Running unrestricted open-shell SCF 
 -------------------------------------
 Max number of iterations:               0
 Conv. threshold (gradient):             1.00e-05
 Conv. threshold (energy):               1.00e-06
 Interpolation scheme:                   adiis+cdiis

 ---------------------------------------------------------------
                  energy        change          grad        time
 ---------------------------------------------------------------
 UW12 two electron energy:              -5.790727042
 UW12 three electron energy:            11.070371737
 UW12 four electron energy:             -5.381381622
 Total UW12 energy:                     -0.101736927
 Time for DF-K:                                          0.022 seconds
 Time for DF-J:                                          0.002 seconds
 Dipole moment (in Debye):              -0.000000       0.000000      -0.000000

 Quadrupole moment (in Debye-Angstrom):
                  1            2            3
 1       -21.997534    -0.000000    -0.000000
 2        -0.000000   -28.590781     0.000000
 3        -0.000000     0.000000   -28.590781

 Spin-squared expectation <S^2>:         2.012
 Total spin quantum number S:            1.004
 TOTAL ENERGY:                        -213.442474252

 --------------------------------------------------------------------------------

 End time:                               Tue Jun 15 15:02:03 2021
 Total wall-clock time:                 37.887 seconds
==================================================================================
