
================================================================================
          _____________ ________ _______________ ________     _________         
         / ___________// ______ \\_____   _____// ______ \   / ________)        
        / /_________  / /      \ \     | |     / /      \ \ | (_______          
       |  __________|| |        | |    | |    | |        | | \________ \        
        \ \_________ | |        | |    | |     \ \______/ /___________) |       
         \__________||_|        |_|    |_|      \________//____________/        
                                                                                
====================================[ Qcore ]===================================

 Git hash:   6a88d58d269bf0d2ccfae91583c23a2b072b7633
 Git date:   Tue, 25 May 2021 10:36:49 +0100
 Compiler:   GNU 9.1.0
 Build type: Release
 Version:    1.3.0

 Start time: Tue Jun 15 15:43:25 2021

 Data directory: /newhome/zw18965/.local/qcore/share/entos/1.3.0/data
 Number of threads: 16
 Number of threads was determined by: number of physical cores

 --------------------------------------------------------------------------------
                                   command: dft                                  
 --------------------------------------------------------------------------------
 AO basis set:                           aug-cc-pv5z-combined-pp
 Number of AO basis functions:         197
 ECP on atom 1 (Ta):                     60 electrons

 Formula:                                Ta
 Nuclear charge:                        73.000000000
 Total charge:                           0.000000000
 Number of core electrons:              60
 Number of treated electrons:           13

 Number of alpha electrons:              8
 Number of beta electrons:               5
 Number of unpaired electrons:           3
 Spin:                                   3
 Multiplicity:                           quartet

 Theory:                                 hf
 Method for Coulomb:                     incore_df
 Method for exact exchange:              pre_transformed_df
 Integral threshold:                     1.00e-12
 DF basis set:                           def2-universal-jkfit
 Number of DF basis functions:         227
 Schwarz screening threshold:            1.00e-10
 Coulomb fitting method:                 Cholesky
 Method for AO orthogonalization:        symmetric
 Threshold for linear dependence:        1.00e-08

 -------------------------------------
  Running unrestricted open-shell SCF 
 -------------------------------------
 Max number of iterations:             128
 Conv. threshold (gradient):             1.00e-05
 Conv. threshold (energy):               1.00e-06
 Interpolation scheme:                   adiis+cdiis
 Initial guess:                          SAD

 ---------------------------------------------------------------
                  energy        change          grad        time
 ---------------------------------------------------------------
   0       -56.085089162                    3.87e-02        0.07
   1       -56.562845939     -4.78e-01      3.58e-01        0.08
   2       -56.721764413     -1.59e-01      2.20e-01        0.06
   3       -56.738501429     -1.67e-02      5.94e-02        0.05
   4       -56.740954594     -2.45e-03      2.65e-02        0.05
   5       -56.742128830     -1.17e-03      1.96e-02        0.05
   6       -56.743162772     -1.03e-03      1.43e-02        0.06
   7       -56.744196236     -1.03e-03      1.01e-02        0.06
   8       -56.744772130     -5.76e-04      9.44e-03        0.07
   9       -56.745432253     -6.60e-04      8.43e-03        0.06
  10       -56.745978111     -5.46e-04      5.54e-03        0.06
  11       -56.746050692     -7.26e-05      3.47e-03        0.07
  12       -56.746100837     -5.01e-05      1.69e-03        0.05
  13       -56.746103336     -2.50e-06      1.13e-03        0.06
  14       -56.746106080     -2.74e-06      5.94e-04        0.05
  15       -56.746106914     -8.34e-07      3.44e-04        0.06
  16       -56.746107116     -2.02e-07      1.61e-04        0.07
  17       -56.746107189     -7.30e-08      3.08e-05        0.06
  18       -56.746107192     -3.15e-09      2.01e-05        0.07
  19       -56.746107192     -2.08e-10      6.97e-06        0.06

 SCF converged in 19 iterations.

 Dipole moment (in Debye):               0.000000      -0.000000       0.000000

 Quadrupole moment (in Debye-Angstrom):
                  1            2            3
 1       -27.152864     0.000000     0.000000
 2         0.000000   -27.152869    -0.000000
 3         0.000000    -0.000000   -27.152896

 Spin-squared expectation <S^2>:         3.779
 Total spin quantum number S:            1.507
 TOTAL ENERGY:                         -56.746107193
 Saving results in set 'HF'

 --------------------------------------------------------------------------------
                                   command: dft                                  
 --------------------------------------------------------------------------------
 Projecting orbitals from old basis (197 functions) to new basis (197 functions)

 AO basis set:                           aug-cc-pv5z-combined-pp
 Number of AO basis functions:         197
 Radial threshold:                       1.00e-08
 ECP on atom 1 (Ta):                     60 electrons

 Formula:                                Ta
 Nuclear charge:                        73.000000000
 Total charge:                           0.000000000
 Number of core electrons:              60
 Number of treated electrons:           13

 Number of alpha electrons:              8
 Number of beta electrons:               5
 Number of unpaired electrons:           3
 Spin:                                   3
 Multiplicity:                           quartet

 Theory:                                 hf
 Method for Coulomb:                     incore_df
 Method for exact exchange:              pre_transformed_df
 Integral threshold:                     1.00e-12
 DF basis set:                           def2-qzvppd-ri
 Number of DF basis functions:         261
 Schwarz screening threshold:            1.00e-10
 Coulomb fitting method:                 Cholesky
 Time for pre-computing density fitting integrals:       5.424 seconds

 ------------------
  UW12 Correlation 
 ------------------
 Factor for UW12 correlation:            1.000000000
 Same spin scale factor:                 0.000000000
 Calculate indirect contribution:        false
 Method for three electron term:         quadrature
 Gaussians in geminal expansion:         4
 UW12 screening threshold:               1.00e-12
 Method for density-fitting:             w(r)

 Total number of grid points:         8976
 Total number of batches:              183
 Maximum # of points per batch:        470
 Minimum # of points per batch:          0
 Average # of points per batch:         49
 Maximum batch gyradius:                 2.295229789
 Minimum batch gyradius:                 0.000000000
 Average batch gyradius:                 1.099559615
 Time for building XC grid:                              0.018 seconds
 Method for AO orthogonalization:        symmetric
 Threshold for linear dependence:        1.00e-08

 -------------------------------------
  Running unrestricted open-shell SCF 
 -------------------------------------
 Max number of iterations:               0
 Conv. threshold (gradient):             1.00e-05
 Conv. threshold (energy):               1.00e-06
 Interpolation scheme:                   adiis+cdiis

 ---------------------------------------------------------------
                  energy        change          grad        time
 ---------------------------------------------------------------
 UW12 two electron energy:              -3.884736100
 UW12 three electron energy:             7.387275037
 UW12 four electron energy:             -3.571830352
 Total UW12 energy:                     -0.069291415
 Time for DF-K:                                          0.024 seconds
 Time for DF-J:                                          0.004 seconds
 Dipole moment (in Debye):               0.000000      -0.000000       0.000000

 Quadrupole moment (in Debye-Angstrom):
                  1            2            3
 1       -27.152864     0.000000     0.000000
 2         0.000000   -27.152869    -0.000000
 3         0.000000    -0.000000   -27.152896

 Spin-squared expectation <S^2>:         3.779
 Total spin quantum number S:            1.507
 TOTAL ENERGY:                         -56.815507368

 --------------------------------------------------------------------------------

 End time:                               Tue Jun 15 15:44:23 2021
 Total wall-clock time:                 57.741 seconds
==================================================================================
