
================================================================================
          _____________ ________ _______________ ________     _________         
         / ___________// ______ \\_____   _____// ______ \   / ________)        
        / /_________  / /      \ \     | |     / /      \ \ | (_______          
       |  __________|| |        | |    | |    | |        | | \________ \        
        \ \_________ | |        | |    | |     \ \______/ /___________) |       
         \__________||_|        |_|    |_|      \________//____________/        
                                                                                
====================================[ Qcore ]===================================

 Git hash:   6a88d58d269bf0d2ccfae91583c23a2b072b7633
 Git date:   Tue, 25 May 2021 10:36:49 +0100
 Compiler:   GNU 9.1.0
 Build type: Release
 Version:    1.3.0

 Start time: Fri Jun 18 09:24:21 2021

 Data directory: /newhome/zw18965/.local/qcore/share/entos/1.3.0/data
 Number of threads: 16
 Number of threads was determined by: number of physical cores

 --------------------------------------------------------------------------------
                                   command: hf                                   
 --------------------------------------------------------------------------------
 AO basis set:                           cc-pwcv5z-pp-merged
 Number of AO basis functions:         211

 Formula:                                Ni
 Nuclear charge:                        28.000000000
 Total charge:                           0.000000000
 Number of electrons:                   28.000000000

 Number of alpha electrons:             15
 Number of beta electrons:              13
 Number of unpaired electrons:           2
 Spin:                                   2
 Multiplicity:                           triplet

 Theory:                                 hf
 Method for Coulomb:                     incore_df
 Method for exact exchange:              pre_transformed_df
 Integral threshold:                     1.00e-12
 DF basis set:                           def2-universal-jkfit
 Number of DF basis functions:         264
 Schwarz screening threshold:            1.00e-10
 Coulomb fitting method:                 Cholesky
 Method for AO orthogonalization:        symmetric
 Threshold for linear dependence:        1.00e-08

 -------------------------------------
  Running unrestricted open-shell SCF 
 -------------------------------------
 Max number of iterations:             128
 Conv. threshold (gradient):             1.00e-05
 Conv. threshold (energy):               1.00e-06
 Interpolation scheme:                   adiis+cdiis
 Initial guess:                          SAD

 ---------------------------------------------------------------
                  energy        change          grad        time
 ---------------------------------------------------------------
   0     -1506.349596299                    2.15e-02        0.10
   1     -1506.820164918     -4.71e-01      2.25e-01        0.21
   2     -1506.828165843     -8.00e-03      1.05e-01        0.18
   3     -1506.827581725      5.84e-04      8.12e-02        0.18
   4     -1506.830402725     -2.82e-03      6.85e-03        0.18
   5     -1506.830464423     -6.17e-05      2.05e-03        0.18
   6     -1506.830471569     -7.15e-06      3.62e-04        0.17
   7     -1506.830471784     -2.15e-07      1.84e-04        0.10
   8     -1506.830471829     -4.53e-08      1.31e-04        0.11
   9     -1506.830471860     -3.08e-08      8.66e-05        0.11
  10     -1506.830471882     -2.19e-08      1.51e-05        0.11
  11     -1506.830471882     -5.33e-10      2.59e-06        0.10

 SCF converged in 11 iterations.

 Dipole moment (in Debye):               0.000000      -0.000000       0.000000

 Quadrupole moment (in Debye-Angstrom):
                  1            2            3
 1       -14.724997    -0.000000     0.000000
 2        -0.000000   -14.724997     0.000000
 3         0.000000     0.000000   -15.176332

 Spin-squared expectation <S^2>:         2.001
 Total spin quantum number S:            1.000
 TOTAL ENERGY:                       -1506.830471882
 Saving results in set 'HF'

 --------------------------------------------------------------------------------
                                command: unsoldw12                               
 --------------------------------------------------------------------------------
 Number of AO basis functions:         211

 DF basis set:                           def2-qzvppd-ri
 Number of DF basis functions:         316


 --------------------------
  Virtual UW12 Correlation 
 --------------------------
 Unrestricted MP2 calculation:           
 Core spatial orbitals:                  0
 Correlated alpha orbitals:             15
 Correlated beta orbitals:              13
 Virtual alpha orbitals:               196
 Virtual beta orbitals:                198

 Opposite spin energy:                  -0.098868941

 Reference energy:                   -1506.830471882
 UW12 correlation energy:               -0.098868941
 Total UW12 energy:                  -1506.929340823

 --------------------------------------------------------------------------------

 End time:                               Fri Jun 18 09:25:21 2021
 Total wall-clock time:                 59.977 seconds
==================================================================================
