
================================================================================
          _____________ ________ _______________ ________     _________         
         / ___________// ______ \\_____   _____// ______ \   / ________)        
        / /_________  / /      \ \     | |     / /      \ \ | (_______          
       |  __________|| |        | |    | |    | |        | | \________ \        
        \ \_________ | |        | |    | |     \ \______/ /___________) |       
         \__________||_|        |_|    |_|      \________//____________/        
                                                                                
====================================[ Qcore ]===================================

 Git hash:   6a88d58d269bf0d2ccfae91583c23a2b072b7633
 Git date:   Tue, 25 May 2021 10:36:49 +0100
 Compiler:   GNU 9.1.0
 Build type: Release
 Version:    1.3.0

 Start time: Fri Jun 18 09:31:21 2021

 Data directory: /newhome/zw18965/.local/qcore/share/entos/1.3.0/data
 Number of threads: 16
 Number of threads was determined by: number of physical cores

 --------------------------------------------------------------------------------
                                   command: hf                                   
 --------------------------------------------------------------------------------
 AO basis set:                           cc-pwcv5z-pp-merged
 Number of AO basis functions:         206
 ECP on atom 1 (Nb):                     28 electrons

 Formula:                                Nb
 Nuclear charge:                        41.000000000
 Total charge:                           0.000000000
 Number of core electrons:              28
 Number of treated electrons:           13

 Number of alpha electrons:              9
 Number of beta electrons:               4
 Number of unpaired electrons:           5
 Spin:                                   5
 Multiplicity:                           septet

 Theory:                                 hf
 Method for Coulomb:                     incore_df
 Method for exact exchange:              pre_transformed_df
 Integral threshold:                     1.00e-12
 DF basis set:                           def2-universal-jkfit
 Number of DF basis functions:         255
 Schwarz screening threshold:            1.00e-10
 Coulomb fitting method:                 Cholesky
 Method for AO orthogonalization:        symmetric
 Threshold for linear dependence:        1.00e-08

 -------------------------------------
  Running unrestricted open-shell SCF 
 -------------------------------------
 Max number of iterations:             128
 Conv. threshold (gradient):             1.00e-05
 Conv. threshold (energy):               1.00e-06
 Interpolation scheme:                   adiis+cdiis
 Initial guess:                          H0

 ---------------------------------------------------------------
                  energy        change          grad        time
 ---------------------------------------------------------------
   0       -48.939277074                    2.43e+00        0.07
   1       -49.906662245     -9.67e-01      2.18e+00        0.16
   2       -54.116948079     -4.21e+00      1.29e+00        0.14
   3       -56.037814719     -1.92e+00      3.24e-01        0.16
   4       -56.081461065     -4.36e-02      6.36e-02        0.16
   5       -56.087022691     -5.56e-03      4.68e-02        0.14
   6       -56.088114401     -1.09e-03      3.17e-03        0.10
   7       -56.088133224     -1.88e-05      2.84e-03        0.08
   8       -56.088145359     -1.21e-05      2.45e-03        0.10
   9       -56.088133769      1.16e-05      1.92e-03        0.09
  10       -56.088117956      1.58e-05      4.80e-04        0.09
  11       -56.088117551      4.05e-07      1.18e-04        0.09
  12       -56.088117557     -6.24e-09      2.09e-05        0.09
  13       -56.088117557     -5.23e-10      7.13e-06        0.09

 SCF converged in 13 iterations.

 Dipole moment (in Debye):               0.000000       0.000000      -0.000000

 Quadrupole moment (in Debye-Angstrom):
                  1            2            3
 1       -21.491437     0.000000    -0.000000
 2         0.000000   -21.491437    -0.000000
 3        -0.000000    -0.000000   -21.491397

 Spin-squared expectation <S^2>:         8.754
 Total spin quantum number S:            2.501
 TOTAL ENERGY:                         -56.088117558
 Saving results in set 'HF'

 --------------------------------------------------------------------------------
                                command: unsoldw12                               
 --------------------------------------------------------------------------------
 Number of AO basis functions:         206

 DF basis set:                           def2-qzvppd-ri
 Number of DF basis functions:         252


 --------------------------
  Virtual UW12 Correlation 
 --------------------------
 Unrestricted MP2 calculation:           
 Core spatial orbitals:                  0
 Correlated alpha orbitals:              9
 Correlated beta orbitals:               4
 Virtual alpha orbitals:               197
 Virtual beta orbitals:                202

 Opposite spin energy:                  -0.055284613

 Reference energy:                     -56.088117558
 UW12 correlation energy:               -0.055284613
 Total UW12 energy:                    -56.143402171

 --------------------------------------------------------------------------------

 End time:                               Fri Jun 18 09:31:47 2021
 Total wall-clock time:                 26.530 seconds
==================================================================================
