
================================================================================
          _____________ ________ _______________ ________     _________         
         / ___________// ______ \\_____   _____// ______ \   / ________)        
        / /_________  / /      \ \     | |     / /      \ \ | (_______          
       |  __________|| |        | |    | |    | |        | | \________ \        
        \ \_________ | |        | |    | |     \ \______/ /___________) |       
         \__________||_|        |_|    |_|      \________//____________/        
                                                                                
====================================[ Qcore ]===================================

 Git hash:   6a88d58d269bf0d2ccfae91583c23a2b072b7633
 Git date:   Tue, 25 May 2021 10:36:49 +0100
 Compiler:   GNU 9.1.0
 Build type: Release
 Version:    1.3.0

 Start time: Fri Jun 18 09:45:45 2021

 Data directory: /newhome/zw18965/.local/qcore/share/entos/1.3.0/data
 Number of threads: 16
 Number of threads was determined by: number of physical cores

 --------------------------------------------------------------------------------
                                   command: hf                                   
 --------------------------------------------------------------------------------
 AO basis set:                           cc-pwcv5z-pp-merged
 Number of AO basis functions:         206
 ECP on atom 1 (Tc):                     28 electrons

 Formula:                                Tc
 Nuclear charge:                        43.000000000
 Total charge:                           0.000000000
 Number of core electrons:              28
 Number of treated electrons:           15

 Number of alpha electrons:             10
 Number of beta electrons:               5
 Number of unpaired electrons:           5
 Spin:                                   5
 Multiplicity:                           septet

 Theory:                                 hf
 Method for Coulomb:                     incore_df
 Method for exact exchange:              pre_transformed_df
 Integral threshold:                     1.00e-12
 DF basis set:                           def2-universal-jkfit
 Number of DF basis functions:         255
 Schwarz screening threshold:            1.00e-10
 Coulomb fitting method:                 Cholesky
 Method for AO orthogonalization:        symmetric
 Threshold for linear dependence:        1.00e-08

 -------------------------------------
  Running unrestricted open-shell SCF 
 -------------------------------------
 Max number of iterations:             128
 Conv. threshold (gradient):             1.00e-05
 Conv. threshold (energy):               1.00e-06
 Interpolation scheme:                   adiis+cdiis
 Initial guess:                          SAD

 ---------------------------------------------------------------
                  energy        change          grad        time
 ---------------------------------------------------------------
   0       -78.973897723                    6.55e-02        0.07
   1       -79.790026095     -8.16e-01      2.06e-01        0.10
   2       -79.841007437     -5.10e-02      1.08e-01        0.09
   3       -79.848214829     -7.21e-03      3.22e-02        0.10
   4       -79.849368398     -1.15e-03      1.90e-02        0.09
   5       -79.849617469     -2.49e-04      2.76e-03        0.09
   6       -79.849635482     -1.80e-05      6.64e-04        0.09
   7       -79.849636263     -7.81e-07      7.77e-05        0.09
   8       -79.849636272     -8.75e-09      9.98e-06        0.09

 SCF converged in 8 iterations.

 Dipole moment (in Debye):              -0.000000      -0.000000      -0.000000

 Quadrupole moment (in Debye-Angstrom):
                  1            2            3
 1       -26.275149    -0.000000    -0.000000
 2        -0.000000   -26.275149    -0.000000
 3        -0.000000    -0.000000   -26.275149

 Spin-squared expectation <S^2>:         8.792
 Total spin quantum number S:            2.507
 TOTAL ENERGY:                         -79.849636272
 Saving results in set 'HF'

 --------------------------------------------------------------------------------
                                command: unsoldw12                               
 --------------------------------------------------------------------------------
 Number of AO basis functions:         206

 DF basis set:                           def2-qzvppd-ri
 Number of DF basis functions:         252


 --------------------------
  Virtual UW12 Correlation 
 --------------------------
 Unrestricted MP2 calculation:           
 Core spatial orbitals:                  0
 Correlated alpha orbitals:             10
 Correlated beta orbitals:               5
 Virtual alpha orbitals:               196
 Virtual beta orbitals:                201

 Opposite spin energy:                  -0.072678111

 Reference energy:                     -79.849636272
 UW12 correlation energy:               -0.072678111
 Total UW12 energy:                    -79.922314383

 --------------------------------------------------------------------------------

 End time:                               Fri Jun 18 09:46:11 2021
 Total wall-clock time:                 25.380 seconds
==================================================================================
