
================================================================================
          _____________ ________ _______________ ________     _________         
         / ___________// ______ \\_____   _____// ______ \   / ________)        
        / /_________  / /      \ \     | |     / /      \ \ | (_______          
       |  __________|| |        | |    | |    | |        | | \________ \        
        \ \_________ | |        | |    | |     \ \______/ /___________) |       
         \__________||_|        |_|    |_|      \________//____________/        
                                                                                
====================================[ Qcore ]===================================

 Git hash:   6a88d58d269bf0d2ccfae91583c23a2b072b7633
 Git date:   Tue, 25 May 2021 10:36:49 +0100
 Compiler:   GNU 9.1.0
 Build type: Release
 Version:    1.3.0

 Start time: Fri Jun 18 09:33:35 2021

 Data directory: /newhome/zw18965/.local/qcore/share/entos/1.3.0/data
 Number of threads: 16
 Number of threads was determined by: number of physical cores

 --------------------------------------------------------------------------------
                                   command: hf                                   
 --------------------------------------------------------------------------------
 AO basis set:                           cc-pwcv5z-pp-merged
 Number of AO basis functions:         206
 ECP on atom 1 (Ag):                     28 electrons

 Formula:                                Ag
 Nuclear charge:                        47.000000000
 Total charge:                           0.000000000
 Number of core electrons:              28
 Number of treated electrons:           19

 Number of alpha electrons:             10
 Number of beta electrons:               9
 Number of unpaired electrons:           1
 Spin:                                   1
 Multiplicity:                           doublet

 Theory:                                 hf
 Method for Coulomb:                     incore_df
 Method for exact exchange:              pre_transformed_df
 Integral threshold:                     1.00e-12
 DF basis set:                           def2-universal-jkfit
 Number of DF basis functions:         255
 Schwarz screening threshold:            1.00e-10
 Coulomb fitting method:                 Cholesky
 Method for AO orthogonalization:        symmetric
 Threshold for linear dependence:        1.00e-08

 -------------------------------------
  Running unrestricted open-shell SCF 
 -------------------------------------
 Max number of iterations:             128
 Conv. threshold (gradient):             1.00e-05
 Conv. threshold (energy):               1.00e-06
 Interpolation scheme:                   adiis+cdiis
 Initial guess:                          H0

 ---------------------------------------------------------------
                  energy        change          grad        time
 ---------------------------------------------------------------
   0      -122.067850705                    6.58e+00        0.08
   1      -112.223009503      9.84e+00      6.34e+00        0.12
   2      -135.814933544     -2.36e+01      3.63e+00        0.12
   3      -145.845629065     -1.00e+01      6.00e-01        0.08
   4      -145.991559941     -1.46e-01      2.44e-01        0.10
   5      -146.017771802     -2.62e-02      1.85e-01        0.14
   6      -146.053720904     -3.59e-02      4.64e-02        0.15
   7      -146.054811403     -1.09e-03      2.78e-02        0.17
   8      -146.055759955     -9.49e-04      1.41e-03        0.14
   9      -146.055764089     -4.13e-06      2.63e-04        0.15
  10      -146.055764264     -1.76e-07      8.64e-05        0.16
  11      -146.055764273     -8.28e-09      4.43e-05        0.16
  12      -146.055764274     -1.14e-09      2.14e-05        0.16
  13      -146.055764274     -3.24e-10      3.38e-06        0.16

 SCF converged in 13 iterations.

 Dipole moment (in Debye):              -0.000000      -0.000000      -0.000000

 Quadrupole moment (in Debye-Angstrom):
                  1            2            3
 1       -20.800614     0.000000     0.000000
 2         0.000000   -20.800614     0.000000
 3         0.000000     0.000000   -20.800614

 Spin-squared expectation <S^2>:         0.752
 Total spin quantum number S:            0.501
 TOTAL ENERGY:                        -146.055764274
 Saving results in set 'HF'

 --------------------------------------------------------------------------------
                                command: unsoldw12                               
 --------------------------------------------------------------------------------
 Number of AO basis functions:         206

 DF basis set:                           def2-qzvppd-ri
 Number of DF basis functions:         252


 --------------------------
  Virtual UW12 Correlation 
 --------------------------
 Unrestricted MP2 calculation:           
 Core spatial orbitals:                  0
 Correlated alpha orbitals:             10
 Correlated beta orbitals:               9
 Virtual alpha orbitals:               196
 Virtual beta orbitals:                197

 Opposite spin energy:                  -0.111230708

 Reference energy:                    -146.055764274
 UW12 correlation energy:               -0.111230708
 Total UW12 energy:                   -146.166994982

 --------------------------------------------------------------------------------

 End time:                               Fri Jun 18 09:34:03 2021
 Total wall-clock time:                 27.859 seconds
==================================================================================
