
================================================================================
          _____________ ________ _______________ ________     _________         
         / ___________// ______ \\_____   _____// ______ \   / ________)        
        / /_________  / /      \ \     | |     / /      \ \ | (_______          
       |  __________|| |        | |    | |    | |        | | \________ \        
        \ \_________ | |        | |    | |     \ \______/ /___________) |       
         \__________||_|        |_|    |_|      \________//____________/        
                                                                                
====================================[ Qcore ]===================================

 Git hash:   6a88d58d269bf0d2ccfae91583c23a2b072b7633
 Git date:   Tue, 25 May 2021 10:36:49 +0100
 Compiler:   GNU 9.1.0
 Build type: Release
 Version:    1.3.0

 Start time: Fri Jun 18 09:45:46 2021

 Data directory: /newhome/zw18965/.local/qcore/share/entos/1.3.0/data
 Number of threads: 16
 Number of threads was determined by: number of physical cores

 --------------------------------------------------------------------------------
                                   command: hf                                   
 --------------------------------------------------------------------------------
 AO basis set:                           cc-pwcv5z-pp-merged
 Number of AO basis functions:         229
 ECP on atom 1 (Bi):                     60 electrons

 Formula:                                Bi
 Nuclear charge:                        83.000000000
 Total charge:                           0.000000000
 Number of core electrons:              60
 Number of treated electrons:           23

 Number of alpha electrons:             13
 Number of beta electrons:              10
 Number of unpaired electrons:           3
 Spin:                                   3
 Multiplicity:                           quartet

 Theory:                                 hf
 Method for Coulomb:                     incore_df
 Method for exact exchange:              pre_transformed_df
 Integral threshold:                     1.00e-12
 DF basis set:                           def2-universal-jkfit
 Number of DF basis functions:         251
 Schwarz screening threshold:            1.00e-10
 Coulomb fitting method:                 Cholesky
 Method for AO orthogonalization:        symmetric
 Threshold for linear dependence:        1.00e-08

 -------------------------------------
  Running unrestricted open-shell SCF 
 -------------------------------------
 Max number of iterations:             128
 Conv. threshold (gradient):             1.00e-05
 Conv. threshold (energy):               1.00e-06
 Interpolation scheme:                   adiis+cdiis
 Initial guess:                          H0

 ---------------------------------------------------------------
                  energy        change          grad        time
 ---------------------------------------------------------------
   0      -180.199044828                    6.75e+00        0.09
   1      -160.841012668      1.94e+01      4.13e+00        0.10
   2      -195.690406348     -3.48e+01      4.87e+00        0.09
   3      -213.168987809     -1.75e+01      8.90e-01        0.11
   4      -213.515923002     -3.47e-01      3.40e-01        0.11
   5      -213.577958421     -6.20e-02      1.26e-01        0.11
   6      -213.591207525     -1.32e-02      6.29e-02        0.12
   7      -213.593846077     -2.64e-03      2.67e-02        0.11
   8      -213.594535021     -6.89e-04      4.35e-04        0.11
   9      -213.594535191     -1.70e-07      1.10e-04        0.11
  10      -213.594535200     -9.59e-09      1.40e-05        0.12
  11      -213.594535200     -1.67e-10      2.14e-06        0.12

 SCF converged in 11 iterations.

 Dipole moment (in Debye):               0.000000       0.000000      -0.000000

 Quadrupole moment (in Debye-Angstrom):
                  1            2            3
 1       -30.408016     0.000001     0.000001
 2         0.000001   -30.408016     0.000001
 3         0.000001     0.000001   -30.408022

 Spin-squared expectation <S^2>:         3.756
 Total spin quantum number S:            1.502
 TOTAL ENERGY:                        -213.594535200
 Saving results in set 'HF'

 --------------------------------------------------------------------------------
                                command: unsoldw12                               
 --------------------------------------------------------------------------------
 Number of AO basis functions:         229

 DF basis set:                           def2-qzvppd-ri
 Number of DF basis functions:         281


 --------------------------
  Virtual UW12 Correlation 
 --------------------------
 Unrestricted MP2 calculation:           
 Core spatial orbitals:                  0
 Correlated alpha orbitals:             13
 Correlated beta orbitals:              10
 Virtual alpha orbitals:               216
 Virtual beta orbitals:                219

 Opposite spin energy:                  -0.148012208

 Reference energy:                    -213.594535200
 UW12 correlation energy:               -0.148012208
 Total UW12 energy:                   -213.742547408

 --------------------------------------------------------------------------------

 End time:                               Fri Jun 18 09:46:34 2021
 Total wall-clock time:                 48.479 seconds
==================================================================================
