
================================================================================
          _____________ ________ _______________ ________     _________         
         / ___________// ______ \\_____   _____// ______ \   / ________)        
        / /_________  / /      \ \     | |     / /      \ \ | (_______          
       |  __________|| |        | |    | |    | |        | | \________ \        
        \ \_________ | |        | |    | |     \ \______/ /___________) |       
         \__________||_|        |_|    |_|      \________//____________/        
                                                                                
====================================[ Qcore ]===================================

 Git hash:   6a88d58d269bf0d2ccfae91583c23a2b072b7633
 Git date:   Tue, 25 May 2021 10:36:49 +0100
 Compiler:   GNU 9.1.0
 Build type: Release
 Version:    1.3.0

 Start time: Fri Jun 18 09:48:15 2021

 Data directory: /newhome/zw18965/.local/qcore/share/entos/1.3.0/data
 Number of threads: 16
 Number of threads was determined by: number of physical cores

 --------------------------------------------------------------------------------
                                   command: hf                                   
 --------------------------------------------------------------------------------
 AO basis set:                           cc-pwcv5z-pp-merged
 Number of AO basis functions:         229
 ECP on atom 1 (Rn):                     60 electrons

 Formula:                                Rn
 Nuclear charge:                        86.000000000
 Total charge:                           0.000000000
 Number of core electrons:              60
 Number of treated electrons:           26

 Number of alpha electrons:             13
 Number of beta electrons:              13
 Number of unpaired electrons:           0
 Spin:                                   0
 Multiplicity:                           singlet

 Theory:                                 hf
 Method for Coulomb:                     incore_df
 Method for exact exchange:              pre_transformed_df
 Integral threshold:                     1.00e-12
 DF basis set:                           def2-universal-jkfit
 Number of DF basis functions:         251
 Schwarz screening threshold:            1.00e-10
 Coulomb fitting method:                 Cholesky
 Method for AO orthogonalization:        symmetric
 Threshold for linear dependence:        1.00e-08

 -------------------------------------
  Running restricted closed-shell SCF 
 -------------------------------------
 Max number of iterations:             128
 Conv. threshold (gradient):             1.00e-05
 Conv. threshold (energy):               1.00e-06
 Interpolation scheme:                   adiis+cdiis
 Initial guess:                          H0

 ---------------------------------------------------------------
                  energy        change          grad        time
 ---------------------------------------------------------------
   0      -230.256136384                    1.63e+01        0.07
   1      -207.006277416      2.32e+01      1.13e+01        0.08
   2      -255.386107209     -4.84e+01      1.36e+01        0.08
   3      -286.721634694     -3.13e+01      2.75e+00        0.09
   4      -287.402909319     -6.81e-01      9.54e-01        0.10
   5      -287.514259714     -1.11e-01      3.43e-01        0.09
   6      -287.537733037     -2.35e-02      1.66e-01        0.09
   7      -287.542310306     -4.58e-03      7.01e-02        0.10
   8      -287.543237175     -9.27e-04      3.25e-02        0.10
   9      -287.543468553     -2.31e-04      1.39e-04        0.10
  10      -287.543468556     -3.31e-09      1.84e-05        0.11
  11      -287.543468556     -9.96e-11      2.28e-06        0.12

 SCF converged in 11 iterations.

 Dipole moment (in Debye):              -0.000000      -0.000000      -0.000000

 Quadrupole moment (in Debye-Angstrom):
                  1            2            3
 1       -31.366823     0.000000     0.000000
 2         0.000000   -31.366823    -0.000000
 3         0.000000    -0.000000   -31.366823

 Spin-squared expectation <S^2>:         0.000
 Total spin quantum number S:            0.000
 TOTAL ENERGY:                        -287.543468556
 Saving results in set 'HF'

 --------------------------------------------------------------------------------
                                command: unsoldw12                               
 --------------------------------------------------------------------------------
 Number of AO basis functions:         229

 DF basis set:                           def2-qzvppd-ri
 Number of DF basis functions:         281


 --------------------------
  Virtual UW12 Correlation 
 --------------------------
 Restricted Virtual UW12 calculation:    
 Core orbitals:                          0
 Correlated orbitals:                   13
 Virtual orbitals:                     216

 Opposite spin energy:                  -0.169880654

 Reference energy:                    -287.543468556
 UW12 correlation energy:               -0.169880654
 Total UW12 energy:                   -287.713349209

 --------------------------------------------------------------------------------

 End time:                               Fri Jun 18 09:49:01 2021
 Total wall-clock time:                 46.224 seconds
==================================================================================
