
================================================================================
          _____________ ________ _______________ ________     _________         
         / ___________// ______ \\_____   _____// ______ \   / ________)        
        / /_________  / /      \ \     | |     / /      \ \ | (_______          
       |  __________|| |        | |    | |    | |        | | \________ \        
        \ \_________ | |        | |    | |     \ \______/ /___________) |       
         \__________||_|        |_|    |_|      \________//____________/        
                                                                                
====================================[ Qcore ]===================================

 Git hash:   6a88d58d269bf0d2ccfae91583c23a2b072b7633
 Git date:   Tue, 25 May 2021 10:36:49 +0100
 Compiler:   GNU 9.1.0
 Build type: Release
 Version:    1.3.0

 Start time: Thu Jun 10 17:32:23 2021

 Data directory: /newhome/zw18965/.local/qcore/share/entos/1.3.0/data
 Number of threads: 16
 Number of threads was determined by: number of physical cores

 --------------------------------------------------------------------------------
                                   command: hf                                   
 --------------------------------------------------------------------------------
 AO basis set:                           aug-cc-pv5z-merged
 Number of AO basis functions:         127

 Formula:                                O
 Nuclear charge:                         8.000000000
 Total charge:                           0.000000000
 Number of electrons:                    8.000000000

 Number of alpha electrons:              5
 Number of beta electrons:               3
 Number of unpaired electrons:           2
 Spin:                                   2
 Multiplicity:                           triplet

 Theory:                                 hf
 Method for Coulomb:                     incore_df
 Method for exact exchange:              pre_transformed_df
 Integral threshold:                     1.00e-12
 DF basis set:                           def2-universal-jkfit
 Number of DF basis functions:          77
 Schwarz screening threshold:            1.00e-10
 Coulomb fitting method:                 Cholesky
 Method for AO orthogonalization:        symmetric
 Threshold for linear dependence:        1.00e-08

 -------------------------------------
  Running unrestricted open-shell SCF 
 -------------------------------------
 Max number of iterations:             128
 Conv. threshold (gradient):             1.00e-05
 Conv. threshold (energy):               1.00e-06
 Interpolation scheme:                   adiis+cdiis
 Initial guess:                          H0

 ---------------------------------------------------------------
                  energy        change          grad        time
 ---------------------------------------------------------------
   0       -65.341704818                    5.70e+00        0.01
   1       -67.051832156     -1.71e+00      2.22e+00        0.02
   2       -73.227253547     -6.18e+00      1.83e+00        0.02
   3       -74.709248087     -1.48e+00      5.29e-01        0.02
   4       -74.807799979     -9.86e-02      1.70e-01        0.02
   5       -74.817868840     -1.01e-02      5.16e-02        0.02
   6       -74.818752049     -8.83e-04      1.47e-02        0.03
   7       -74.818834171     -8.21e-05      8.95e-04        0.02
   8       -74.818835254     -1.08e-06      4.83e-04        0.02
   9       -74.818835399     -1.45e-07      7.05e-05        0.02
  10       -74.818835402     -3.19e-09      1.59e-05        0.02
  11       -74.818835403     -1.38e-10      2.21e-06        0.02

 SCF converged in 11 iterations.

 Dipole moment (in Debye):               0.000000      -0.000000      -0.000000

 Quadrupole moment (in Debye-Angstrom):
                  1            2            3
 1        -4.600519     0.000000     0.000000
 2         0.000000    -5.881186     0.000000
 3         0.000000     0.000000    -4.600519

 Spin-squared expectation <S^2>:         2.009
 Total spin quantum number S:            1.003
 TOTAL ENERGY:                         -74.818835403
 Saving results in set 'HF'

 --------------------------------------------------------------------------------
                                command: unsoldw12                               
 --------------------------------------------------------------------------------
 Number of AO basis functions:         127

 DF basis set:                           def2-qzvppd-ri
 Number of DF basis functions:         157

 Unrestricted UW12 calculation:          
 Core spatial orbitals:                  1
 Correlated alpha orbitals:              4
 Correlated beta orbitals:               2

 ------------------
  UW12 Correlation 
 ------------------
 Factor for UW12 correlation:            1.000000000
 Same spin scale factor:                 0.000000000
 Calculate indirect contribution:        false
 Method for three electron term:         df_ri
 Auxiliary RI basis set:                 def2-QZVPPD-ri
 Number of RI basis functions:         157
 Gaussians in geminal expansion:         4
 UW12 screening threshold:               1.00e-10
 Method for density-fitting:             w(r)
 Number of core spatial orbitals:        1


 Reference energy:                     -74.818835403
 UW12 correlation energy:               -0.018367902
 Total UW12 energy:                    -74.837203305

 --------------------------------------------------------------------------------

 End time:                               Thu Jun 10 17:32:26 2021
 Total wall-clock time:                  2.914 seconds
==================================================================================
