
================================================================================
          _____________ ________ _______________ ________     _________         
         / ___________// ______ \\_____   _____// ______ \   / ________)        
        / /_________  / /      \ \     | |     / /      \ \ | (_______          
       |  __________|| |        | |    | |    | |        | | \________ \        
        \ \_________ | |        | |    | |     \ \______/ /___________) |       
         \__________||_|        |_|    |_|      \________//____________/        
                                                                                
====================================[ Qcore ]===================================

 Git hash:   6a88d58d269bf0d2ccfae91583c23a2b072b7633
 Git date:   Tue, 25 May 2021 10:36:49 +0100
 Compiler:   GNU 9.1.0
 Build type: Release
 Version:    1.3.0

 Start time: Thu Jun 10 17:37:14 2021

 Data directory: /newhome/zw18965/.local/qcore/share/entos/1.3.0/data
 Number of threads: 16
 Number of threads was determined by: number of physical cores

 --------------------------------------------------------------------------------
                                   command: hf                                   
 --------------------------------------------------------------------------------
 AO basis set:                           aug-cc-pv5z-merged
 Number of AO basis functions:         202

 Formula:                                Mn
 Nuclear charge:                        25.000000000
 Total charge:                           0.000000000
 Number of electrons:                   25.000000000

 Number of alpha electrons:             15
 Number of beta electrons:              10
 Number of unpaired electrons:           5
 Spin:                                   5
 Multiplicity:                           septet

 Theory:                                 hf
 Method for Coulomb:                     incore_df
 Method for exact exchange:              pre_transformed_df
 Integral threshold:                     1.00e-12
 DF basis set:                           def2-universal-jkfit
 Number of DF basis functions:         264
 Schwarz screening threshold:            1.00e-10
 Coulomb fitting method:                 Cholesky
 Method for AO orthogonalization:        symmetric
 Threshold for linear dependence:        1.00e-08

 -------------------------------------
  Running unrestricted open-shell SCF 
 -------------------------------------
 Max number of iterations:             128
 Conv. threshold (gradient):             1.00e-05
 Conv. threshold (energy):               1.00e-06
 Interpolation scheme:                   adiis+cdiis
 Initial guess:                          H0

 ---------------------------------------------------------------
                  energy        change          grad        time
 ---------------------------------------------------------------
   0     -1034.732933956                    1.71e+01        0.06
   1     -1059.354872491     -2.46e+01      1.03e+01        0.07
   2     -1126.864344955     -6.75e+01      8.58e+00        0.07
   3     -1146.874798639     -2.00e+01      2.91e+00        0.06
   4     -1147.462071326     -5.87e-01      2.98e+00        0.07
   5     -1149.779474593     -2.32e+00      5.32e-01        0.06
   6     -1149.842503343     -6.30e-02      3.07e-01        0.07
   7     -1149.860348429     -1.78e-02      1.50e-01        0.08
   8     -1149.867656117     -7.31e-03      7.62e-02        0.09
   9     -1149.869017071     -1.36e-03      4.12e-02        0.08
  10     -1149.869760597     -7.44e-04      1.58e-03        0.08
  11     -1149.869765239     -4.64e-06      4.26e-04        0.08
  12     -1149.869765412     -1.73e-07      1.34e-04        0.09
  13     -1149.869765432     -1.98e-08      6.21e-05        0.07
  14     -1149.869765437     -4.96e-09      8.99e-06        0.09

 SCF converged in 14 iterations.

 Dipole moment (in Debye):               0.000000      -0.000000      -0.000000

 Quadrupole moment (in Debye-Angstrom):
                  1            2            3
 1       -19.420187    -0.000001     0.000002
 2        -0.000001   -19.420187     0.000001
 3         0.000002     0.000001   -19.420187

 Spin-squared expectation <S^2>:         8.771
 Total spin quantum number S:            2.503
 TOTAL ENERGY:                       -1149.869765437
 Saving results in set 'HF'

 --------------------------------------------------------------------------------
                                command: unsoldw12                               
 --------------------------------------------------------------------------------
 Number of AO basis functions:         202

 DF basis set:                           def2-qzvppd-ri
 Number of DF basis functions:         309

 Unrestricted UW12 calculation:          
 Core spatial orbitals:                  5
 Correlated alpha orbitals:             10
 Correlated beta orbitals:               5

 ------------------
  UW12 Correlation 
 ------------------
 Factor for UW12 correlation:            1.000000000
 Same spin scale factor:                 0.000000000
 Calculate indirect contribution:        false
 Method for three electron term:         df_ri
 Auxiliary RI basis set:                 def2-QZVPPD-ri
 Number of RI basis functions:         309
 Gaussians in geminal expansion:         4
 UW12 screening threshold:               1.00e-10
 Method for density-fitting:             w(r)
 Number of core spatial orbitals:        5


 Reference energy:                   -1149.869765437
 UW12 correlation energy:               -0.060324673
 Total UW12 energy:                  -1149.930090110

 --------------------------------------------------------------------------------

 End time:                               Thu Jun 10 17:38:36 2021
 Total wall-clock time:                 81.847 seconds
==================================================================================
