
================================================================================
          _____________ ________ _______________ ________     _________         
         / ___________// ______ \\_____   _____// ______ \   / ________)        
        / /_________  / /      \ \     | |     / /      \ \ | (_______          
       |  __________|| |        | |    | |    | |        | | \________ \        
        \ \_________ | |        | |    | |     \ \______/ /___________) |       
         \__________||_|        |_|    |_|      \________//____________/        
                                                                                
====================================[ Qcore ]===================================

 Git hash:   6a88d58d269bf0d2ccfae91583c23a2b072b7633
 Git date:   Tue, 25 May 2021 10:36:49 +0100
 Compiler:   GNU 9.1.0
 Build type: Release
 Version:    1.3.0

 Start time: Thu Jun 10 17:39:48 2021

 Data directory: /newhome/zw18965/.local/qcore/share/entos/1.3.0/data
 Number of threads: 16
 Number of threads was determined by: number of physical cores

 --------------------------------------------------------------------------------
                                   command: hf                                   
 --------------------------------------------------------------------------------
 AO basis set:                           aug-cc-pv5z-merged
 Number of AO basis functions:         202

 Formula:                                Co
 Nuclear charge:                        27.000000000
 Total charge:                           0.000000000
 Number of electrons:                   27.000000000

 Number of alpha electrons:             15
 Number of beta electrons:              12
 Number of unpaired electrons:           3
 Spin:                                   3
 Multiplicity:                           quartet

 Theory:                                 hf
 Method for Coulomb:                     incore_df
 Method for exact exchange:              pre_transformed_df
 Integral threshold:                     1.00e-12
 DF basis set:                           def2-universal-jkfit
 Number of DF basis functions:         264
 Schwarz screening threshold:            1.00e-10
 Coulomb fitting method:                 Cholesky
 Method for AO orthogonalization:        symmetric
 Threshold for linear dependence:        1.00e-08

 -------------------------------------
  Running unrestricted open-shell SCF 
 -------------------------------------
 Max number of iterations:             128
 Conv. threshold (gradient):             1.00e-05
 Conv. threshold (energy):               1.00e-06
 Interpolation scheme:                   adiis+cdiis
 Initial guess:                          H0

 ---------------------------------------------------------------
                  energy        change          grad        time
 ---------------------------------------------------------------
   0     -1237.150818888                    2.43e+01        0.06
   1     -1255.105193874     -1.80e+01      1.28e+01        0.08
   2     -1346.314445835     -9.12e+01      1.07e+01        0.09
   3     -1377.093912137     -3.08e+01      3.55e+00        0.08
   4     -1377.271895782     -1.78e-01      4.57e+00        0.08
   5     -1381.344778179     -4.07e+00      4.64e-01        0.07
   6     -1381.373703050     -2.89e-02      3.70e-01        0.08
   7     -1381.406726001     -3.30e-02      1.10e-01        0.09
   8     -1381.408777064     -2.05e-03      9.74e-02        0.09
   9     -1381.410882180     -2.11e-03      3.11e-02        0.11
  10     -1381.411354358     -4.72e-04      7.52e-03        0.08
  11     -1381.411402315     -4.80e-05      7.39e-03        0.08
  12     -1381.411318851      8.35e-05      6.62e-03        0.07
  13     -1381.411108744      2.10e-04      2.70e-03        0.07
  14     -1381.411105118      3.63e-06      1.68e-03        0.08
  15     -1381.411106022     -9.04e-07      9.21e-04        0.08
  16     -1381.411106950     -9.28e-07      4.37e-04        0.09
  17     -1381.411107125     -1.76e-07      3.08e-04        0.08
  18     -1381.411107295     -1.70e-07      2.16e-04        0.08
  19     -1381.411107407     -1.11e-07      9.26e-05        0.09
  20     -1381.411107428     -2.15e-08      2.69e-05        0.08
  21     -1381.411107429     -1.13e-09      1.09e-05        0.08
  22     -1381.411107429     -1.74e-10      4.48e-06        0.09

 SCF converged in 22 iterations.

 Dipole moment (in Debye):               0.000000      -0.000000       0.000000

 Quadrupole moment (in Debye-Angstrom):
                  1            2            3
 1       -17.828036     0.024007    -0.036040
 2         0.024007   -17.604457     0.003824
 3        -0.036040     0.003824   -17.607665

 Spin-squared expectation <S^2>:         3.760
 Total spin quantum number S:            1.503
 TOTAL ENERGY:                       -1381.411107429
 Saving results in set 'HF'

 --------------------------------------------------------------------------------
                                command: unsoldw12                               
 --------------------------------------------------------------------------------
 Number of AO basis functions:         202

 DF basis set:                           def2-qzvppd-ri
 Number of DF basis functions:         309

 Unrestricted UW12 calculation:          
 Core spatial orbitals:                  5
 Correlated alpha orbitals:             10
 Correlated beta orbitals:               7

 ------------------
  UW12 Correlation 
 ------------------
 Factor for UW12 correlation:            1.000000000
 Same spin scale factor:                 0.000000000
 Calculate indirect contribution:        false
 Method for three electron term:         df_ri
 Auxiliary RI basis set:                 def2-QZVPPD-ri
 Number of RI basis functions:         309
 Gaussians in geminal expansion:         4
 UW12 screening threshold:               1.00e-10
 Method for density-fitting:             w(r)
 Number of core spatial orbitals:        5


 Reference energy:                   -1381.411107429
 UW12 correlation energy:               -0.076048155
 Total UW12 energy:                  -1381.487155584

 --------------------------------------------------------------------------------

 End time:                               Thu Jun 10 17:41:18 2021
 Total wall-clock time:                 90.216 seconds
==================================================================================
