
================================================================================
          _____________ ________ _______________ ________     _________         
         / ___________// ______ \\_____   _____// ______ \   / ________)        
        / /_________  / /      \ \     | |     / /      \ \ | (_______          
       |  __________|| |        | |    | |    | |        | | \________ \        
        \ \_________ | |        | |    | |     \ \______/ /___________) |       
         \__________||_|        |_|    |_|      \________//____________/        
                                                                                
====================================[ Qcore ]===================================

 Git hash:   6a88d58d269bf0d2ccfae91583c23a2b072b7633
 Git date:   Tue, 25 May 2021 10:36:49 +0100
 Compiler:   GNU 9.1.0
 Build type: Release
 Version:    1.3.0

 Start time: Thu Jun 10 17:41:18 2021

 Data directory: /newhome/zw18965/.local/qcore/share/entos/1.3.0/data
 Number of threads: 16
 Number of threads was determined by: number of physical cores

 --------------------------------------------------------------------------------
                                   command: hf                                   
 --------------------------------------------------------------------------------
 AO basis set:                           aug-cc-pv5z-merged
 Number of AO basis functions:         202

 Formula:                                Ni
 Nuclear charge:                        28.000000000
 Total charge:                           0.000000000
 Number of electrons:                   28.000000000

 Number of alpha electrons:             15
 Number of beta electrons:              13
 Number of unpaired electrons:           2
 Spin:                                   2
 Multiplicity:                           triplet

 Theory:                                 hf
 Method for Coulomb:                     incore_df
 Method for exact exchange:              pre_transformed_df
 Integral threshold:                     1.00e-12
 DF basis set:                           def2-universal-jkfit
 Number of DF basis functions:         264
 Schwarz screening threshold:            1.00e-10
 Coulomb fitting method:                 Cholesky
 Method for AO orthogonalization:        symmetric
 Threshold for linear dependence:        1.00e-08

 -------------------------------------
  Running unrestricted open-shell SCF 
 -------------------------------------
 Max number of iterations:             128
 Conv. threshold (gradient):             1.00e-05
 Conv. threshold (energy):               1.00e-06
 Interpolation scheme:                   adiis+cdiis
 Initial guess:                          H0

 ---------------------------------------------------------------
                  energy        change          grad        time
 ---------------------------------------------------------------
   0     -1347.728754891                    2.33e+01        0.05
   1     -1359.103826189     -1.14e+01      1.36e+01        0.08
   2     -1464.618229473     -1.06e+02      1.03e+01        0.07
   3     -1501.784972887     -3.72e+01      3.82e+00        0.06
   4     -1501.599461086      1.86e-01      3.88e+00        0.07
   5     -1506.824355980     -5.22e+00      4.23e-01        0.08
   6     -1506.844526114     -2.02e-02      3.65e-01        0.07
   7     -1506.877870502     -3.33e-02      8.66e-02        0.07
   8     -1506.879207023     -1.34e-03      8.60e-02        0.08
   9     -1506.881775444     -2.57e-03      5.04e-03        0.08
  10     -1506.881832016     -5.66e-05      1.40e-03        0.08
  11     -1506.881834483     -2.47e-06      5.58e-04        0.08
  12     -1506.881834707     -2.24e-07      4.13e-04        0.07
  13     -1506.881834927     -2.20e-07      2.90e-04        0.08
  14     -1506.881835100     -1.73e-07      2.13e-04        0.07
  15     -1506.881835228     -1.27e-07      1.26e-04        0.08
  16     -1506.881835275     -4.78e-08      1.68e-05        0.07
  17     -1506.881835276     -4.58e-10      2.28e-06        0.07

 SCF converged in 17 iterations.

 Dipole moment (in Debye):               0.000000      -0.000000       0.000000

 Quadrupole moment (in Debye-Angstrom):
                  1            2            3
 1       -16.952504     0.000000     0.000000
 2         0.000000   -16.952504     0.000000
 3         0.000000     0.000000   -16.952505

 Spin-squared expectation <S^2>:         2.005
 Total spin quantum number S:            1.002
 TOTAL ENERGY:                       -1506.881835276
 Saving results in set 'HF'

 --------------------------------------------------------------------------------
                                command: unsoldw12                               
 --------------------------------------------------------------------------------
 Number of AO basis functions:         202

 DF basis set:                           def2-qzvppd-ri
 Number of DF basis functions:         316

 Unrestricted UW12 calculation:          
 Core spatial orbitals:                  5
 Correlated alpha orbitals:             10
 Correlated beta orbitals:               8

 ------------------
  UW12 Correlation 
 ------------------
 Factor for UW12 correlation:            1.000000000
 Same spin scale factor:                 0.000000000
 Calculate indirect contribution:        false
 Method for three electron term:         df_ri
 Auxiliary RI basis set:                 def2-QZVPPD-ri
 Number of RI basis functions:         316
 Gaussians in geminal expansion:         4
 UW12 screening threshold:               1.00e-10
 Method for density-fitting:             w(r)
 Number of core spatial orbitals:        5


 Reference energy:                   -1506.881835276
 UW12 correlation energy:               -0.082218048
 Total UW12 energy:                  -1506.964053324

 --------------------------------------------------------------------------------

 End time:                               Thu Jun 10 17:42:39 2021
 Total wall-clock time:                 80.272 seconds
==================================================================================
