
================================================================================
          _____________ ________ _______________ ________     _________         
         / ___________// ______ \\_____   _____// ______ \   / ________)        
        / /_________  / /      \ \     | |     / /      \ \ | (_______          
       |  __________|| |        | |    | |    | |        | | \________ \        
        \ \_________ | |        | |    | |     \ \______/ /___________) |       
         \__________||_|        |_|    |_|      \________//____________/        
                                                                                
====================================[ Qcore ]===================================

 Git hash:   6a88d58d269bf0d2ccfae91583c23a2b072b7633
 Git date:   Tue, 25 May 2021 10:36:49 +0100
 Compiler:   GNU 9.1.0
 Build type: Release
 Version:    1.3.0

 Start time: Thu Jun 10 17:46:53 2021

 Data directory: /newhome/zw18965/.local/qcore/share/entos/1.3.0/data
 Number of threads: 16
 Number of threads was determined by: number of physical cores

 --------------------------------------------------------------------------------
                                   command: hf                                   
 --------------------------------------------------------------------------------
 AO basis set:                           aug-cc-pv5z-merged
 Number of AO basis functions:         140

 Formula:                                As
 Nuclear charge:                        33.000000000
 Total charge:                           0.000000000
 Number of electrons:                   33.000000000

 Number of alpha electrons:             18
 Number of beta electrons:              15
 Number of unpaired electrons:           3
 Spin:                                   3
 Multiplicity:                           quartet

 Theory:                                 hf
 Method for Coulomb:                     incore_df
 Method for exact exchange:              pre_transformed_df
 Integral threshold:                     1.00e-12
 DF basis set:                           def2-universal-jkfit
 Number of DF basis functions:         266
 Schwarz screening threshold:            1.00e-10
 Coulomb fitting method:                 Cholesky
 Method for AO orthogonalization:        symmetric
 Threshold for linear dependence:        1.00e-08

 -------------------------------------
  Running unrestricted open-shell SCF 
 -------------------------------------
 Max number of iterations:             128
 Conv. threshold (gradient):             1.00e-05
 Conv. threshold (energy):               1.00e-06
 Interpolation scheme:                   adiis+cdiis
 Initial guess:                          H0

 ---------------------------------------------------------------
                  energy        change          grad        time
 ---------------------------------------------------------------
   0     -2152.480655057                    1.58e+01        0.03
   1     -2074.251553992      7.82e+01      2.05e+01        0.05
   2     -2194.729120553     -1.20e+02      1.00e+01        0.04
   3     -2231.888691814     -3.72e+01      2.33e+00        0.05
   4     -2233.315882616     -1.43e+00      1.60e+00        0.05
   5     -2234.098913844     -7.83e-01      5.63e-01        0.04
   6     -2234.176214085     -7.73e-02      4.13e-01        0.05
   7     -2234.235778007     -5.96e-02      9.78e-02        0.05
   8     -2234.237954943     -2.18e-03      7.00e-02        0.06
   9     -2234.239811783     -1.86e-03      4.33e-04        0.06
  10     -2234.239812163     -3.79e-07      1.05e-04        0.05
  11     -2234.239812170     -7.63e-09      1.64e-05        0.05
  12     -2234.239812171     -2.55e-10      1.02e-06        0.05

 SCF converged in 12 iterations.

 Dipole moment (in Debye):               0.000000      -0.000000      -0.000000

 Quadrupole moment (in Debye-Angstrom):
                  1            2            3
 1       -18.408381     0.000000     0.000000
 2         0.000000   -18.408381    -0.000000
 3         0.000000    -0.000000   -18.408383

 Spin-squared expectation <S^2>:         3.751
 Total spin quantum number S:            1.500
 TOTAL ENERGY:                       -2234.239812171
 Saving results in set 'HF'

 --------------------------------------------------------------------------------
                                command: unsoldw12                               
 --------------------------------------------------------------------------------
 Number of AO basis functions:         140

 DF basis set:                           def2-qzvppd-ri
 Number of DF basis functions:         314

 Unrestricted UW12 calculation:          
 Core spatial orbitals:                  9
 Correlated alpha orbitals:              9
 Correlated beta orbitals:               6

 ------------------
  UW12 Correlation 
 ------------------
 Factor for UW12 correlation:            1.000000000
 Same spin scale factor:                 0.000000000
 Calculate indirect contribution:        false
 Method for three electron term:         df_ri
 Auxiliary RI basis set:                 def2-QZVPPD-ri
 Number of RI basis functions:         314
 Gaussians in geminal expansion:         4
 UW12 screening threshold:               1.00e-10
 Method for density-fitting:             w(r)
 Number of core spatial orbitals:        9


 Reference energy:                   -2234.239812171
 UW12 correlation energy:               -0.074488416
 Total UW12 energy:                  -2234.314300586

 --------------------------------------------------------------------------------

 End time:                               Thu Jun 10 17:47:40 2021
 Total wall-clock time:                 47.598 seconds
==================================================================================
